MORE THAN 2 CLASSES!
-- 25/221 [11.3%], loss=0.2183, dgw=0.2183, reg=0.0000, time=23.20s.
-- 50/221 [22.6%], loss=0.2167, dgw=0.2167, reg=0.0000, time=23.51s.
-- 75/221 [33.9%], loss=0.2176, dgw=0.2176, reg=0.0000, time=23.55s.
-- 100/221 [45.2%], loss=0.2153, dgw=0.2153, reg=0.0000, time=18.05s.
-- 125/221 [56.6%], loss=0.2135, dgw=0.2135, reg=0.0000, time=16.62s.
-- 150/221 [67.9%], loss=0.2071, dgw=0.2071, reg=0.0000, time=13.34s.
-- 175/221 [79.2%], loss=0.2056, dgw=0.2056, reg=0.0000, time=23.87s.
-- 200/221 [90.5%], loss=0.2066, dgw=0.2066, reg=0.0000, time=44.07s.
-- 221/221 [100.0%], loss=0.2019, dgw=0.2019, reg=0.0000, time=45.73s.
fit: Epoch 1/15, loss = 0.2116, best loss = 0.2116
results/MSRC_9_Our_Spectral_usl_tsne_fit_1.pdf
-- 25/221 [11.3%], loss=0.2049, dgw=0.2049, reg=0.0000, time=46.72s.
-- 50/221 [22.6%], loss=0.2002, dgw=0.2002, reg=0.0000, time=47.76s.
-- 75/221 [33.9%], loss=0.1963, dgw=0.1963, reg=0.0000, time=52.63s.
-- 100/221 [45.2%], loss=0.1975, dgw=0.1975, reg=0.0000, time=52.85s.
-- 125/221 [56.6%], loss=0.1951, dgw=0.1951, reg=0.0000, time=70.46s.
-- 150/221 [67.9%], loss=0.1896, dgw=0.1896, reg=0.0000, time=54.28s.
-- 175/221 [79.2%], loss=0.1897, dgw=0.1897, reg=0.0000, time=74.93s.
-- 200/221 [90.5%], loss=0.1888, dgw=0.1888, reg=0.0000, time=41.17s.
-- 221/221 [100.0%], loss=0.1894, dgw=0.1894, reg=0.0000, time=38.38s.
fit: Epoch 2/15, loss = 0.1947, best loss = 0.1947
results/MSRC_9_Our_Spectral_usl_tsne_fit_2.pdf
-- 25/221 [11.3%], loss=0.1820, dgw=0.1820, reg=0.0000, time=58.72s.
-- 50/221 [22.6%], loss=0.1836, dgw=0.1836, reg=0.0000, time=57.21s.
-- 75/221 [33.9%], loss=0.1804, dgw=0.1804, reg=0.0000, time=71.97s.
-- 100/221 [45.2%], loss=0.1824, dgw=0.1824, reg=0.0000, time=62.18s.
-- 125/221 [56.6%], loss=0.1811, dgw=0.1811, reg=0.0000, time=52.46s.
-- 150/221 [67.9%], loss=0.1782, dgw=0.1782, reg=0.0000, time=49.50s.
-- 175/221 [79.2%], loss=0.1736, dgw=0.1736, reg=0.0000, time=43.33s.
-- 200/221 [90.5%], loss=0.1737, dgw=0.1737, reg=0.0000, time=64.06s.
-- 221/221 [100.0%], loss=0.1744, dgw=0.1744, reg=0.0000, time=49.96s.
fit: Epoch 3/15, loss = 0.1789, best loss = 0.1789
results/MSRC_9_Our_Spectral_usl_tsne_fit_3.pdf
-- 25/221 [11.3%], loss=0.1715, dgw=0.1715, reg=0.0000, time=79.20s.
-- 50/221 [22.6%], loss=0.1669, dgw=0.1669, reg=0.0000, time=66.67s.
-- 75/221 [33.9%], loss=0.1671, dgw=0.1671, reg=0.0000, time=51.13s.
-- 100/221 [45.2%], loss=0.1677, dgw=0.1677, reg=0.0000, time=63.91s.
-- 125/221 [56.6%], loss=0.1636, dgw=0.1636, reg=0.0000, time=46.62s.
-- 150/221 [67.9%], loss=0.1641, dgw=0.1641, reg=0.0000, time=51.80s.
-- 175/221 [79.2%], loss=0.1632, dgw=0.1632, reg=0.0000, time=63.34s.
-- 200/221 [90.5%], loss=0.1600, dgw=0.1600, reg=0.0000, time=71.23s.
-- 221/221 [100.0%], loss=0.1614, dgw=0.1614, reg=0.0000, time=26.22s.
fit: Epoch 4/15, loss = 0.1651, best loss = 0.1651
results/MSRC_9_Our_Spectral_usl_tsne_fit_4.pdf
-- 25/221 [11.3%], loss=0.1557, dgw=0.1557, reg=0.0000, time=73.37s.
-- 50/221 [22.6%], loss=0.1553, dgw=0.1553, reg=0.0000, time=52.68s.
-- 75/221 [33.9%], loss=0.1591, dgw=0.1591, reg=0.0000, time=60.58s.
-- 100/221 [45.2%], loss=0.1513, dgw=0.1513, reg=0.0000, time=49.73s.
-- 125/221 [56.6%], loss=0.1578, dgw=0.1578, reg=0.0000, time=36.97s.
-- 150/221 [67.9%], loss=0.1541, dgw=0.1541, reg=0.0000, time=55.36s.
-- 175/221 [79.2%], loss=0.1582, dgw=0.1582, reg=0.0000, time=61.01s.
-- 200/221 [90.5%], loss=0.1553, dgw=0.1553, reg=0.0000, time=71.06s.
-- 221/221 [100.0%], loss=0.1545, dgw=0.1545, reg=0.0000, time=57.38s.
fit: Epoch 5/15, loss = 0.1557, best loss = 0.1557
results/MSRC_9_Our_Spectral_usl_tsne_fit_5.pdf
-- 25/221 [11.3%], loss=0.1515, dgw=0.1515, reg=0.0000, time=30.70s.
-- 50/221 [22.6%], loss=0.1425, dgw=0.1425, reg=0.0000, time=45.43s.
-- 75/221 [33.9%], loss=0.1577, dgw=0.1577, reg=0.0000, time=56.06s.
-- 100/221 [45.2%], loss=0.1535, dgw=0.1535, reg=0.0000, time=69.04s.
-- 125/221 [56.6%], loss=0.1987, dgw=0.1987, reg=0.0000, time=52.22s.
-- 150/221 [67.9%], loss=0.2088, dgw=0.2088, reg=0.0000, time=60.64s.
-- 175/221 [79.2%], loss=0.2395, dgw=0.2395, reg=0.0000, time=51.05s.
-- 200/221 [90.5%], loss=0.2604, dgw=0.2604, reg=0.0000, time=57.70s.
-- 221/221 [100.0%], loss=0.2762, dgw=0.2762, reg=0.0000, time=48.15s.
fit: Epoch 6/15, loss = 0.1974, best loss = 0.1557
results/MSRC_9_Our_Spectral_usl_tsne_fit_6.pdf
-- 25/221 [11.3%], loss=0.3141, dgw=0.3141, reg=0.0000, time=56.06s.
-- 50/221 [22.6%], loss=0.3117, dgw=0.3117, reg=0.0000, time=68.02s.
-- 75/221 [33.9%], loss=0.3129, dgw=0.3129, reg=0.0000, time=52.93s.
-- 100/221 [45.2%], loss=0.3143, dgw=0.3143, reg=0.0000, time=41.06s.
-- 125/221 [56.6%], loss=0.3196, dgw=0.3196, reg=0.0000, time=40.81s.
-- 150/221 [67.9%], loss=0.3565, dgw=0.3565, reg=0.0000, time=56.11s.
-- 175/221 [79.2%], loss=0.3229, dgw=0.3229, reg=0.0000, time=58.61s.
-- 200/221 [90.5%], loss=0.3418, dgw=0.3418, reg=0.0000, time=61.79s.
-- 221/221 [100.0%], loss=0.3354, dgw=0.3354, reg=0.0000, time=41.13s.
fit: Epoch 7/15, loss = 0.3253, best loss = 0.1557
results/MSRC_9_Our_Spectral_usl_tsne_fit_7.pdf
-- 25/221 [11.3%], loss=0.3536, dgw=0.3536, reg=0.0000, time=53.82s.
-- 50/221 [22.6%], loss=0.3365, dgw=0.3365, reg=0.0000, time=63.45s.
-- 75/221 [33.9%], loss=0.3684, dgw=0.3684, reg=0.0000, time=54.86s.
-- 100/221 [45.2%], loss=0.3532, dgw=0.3532, reg=0.0000, time=40.73s.
-- 125/221 [56.6%], loss=0.3763, dgw=0.3763, reg=0.0000, time=47.58s.
-- 150/221 [67.9%], loss=0.3629, dgw=0.3629, reg=0.0000, time=64.54s.
-- 175/221 [79.2%], loss=0.3872, dgw=0.3872, reg=0.0000, time=59.09s.
-- 200/221 [90.5%], loss=0.4002, dgw=0.4002, reg=0.0000, time=56.64s.
-- 221/221 [100.0%], loss=0.4035, dgw=0.4035, reg=0.0000, time=53.20s.
fit: Epoch 8/15, loss = 0.3707, best loss = 0.1557
results/MSRC_9_Our_Spectral_usl_tsne_fit_8.pdf
-- 25/221 [11.3%], loss=0.3917, dgw=0.3917, reg=0.0000, time=60.04s.
-- 50/221 [22.6%], loss=0.4004, dgw=0.4004, reg=0.0000, time=32.25s.
-- 75/221 [33.9%], loss=0.3968, dgw=0.3968, reg=0.0000, time=51.00s.
-- 100/221 [45.2%], loss=0.3900, dgw=0.3900, reg=0.0000, time=55.51s.
-- 125/221 [56.6%], loss=0.3849, dgw=0.3849, reg=0.0000, time=59.19s.
-- 150/221 [67.9%], loss=0.3829, dgw=0.3829, reg=0.0000, time=47.86s.
-- 175/221 [79.2%], loss=0.3868, dgw=0.3868, reg=0.0000, time=55.05s.
-- 200/221 [90.5%], loss=0.3923, dgw=0.3923, reg=0.0000, time=59.13s.
-- 221/221 [100.0%], loss=0.3947, dgw=0.3947, reg=0.0000, time=55.00s.
fit: Epoch 9/15, loss = 0.3911, best loss = 0.1557
results/MSRC_9_Our_Spectral_usl_tsne_fit_9.pdf
-- 25/221 [11.3%], loss=0.3958, dgw=0.3958, reg=0.0000, time=54.72s.
-- 50/221 [22.6%], loss=0.3821, dgw=0.3821, reg=0.0000, time=49.27s.
-- 75/221 [33.9%], loss=0.4014, dgw=0.4014, reg=0.0000, time=30.53s.
-- 100/221 [45.2%], loss=0.4001, dgw=0.4001, reg=0.0000, time=56.93s.
-- 125/221 [56.6%], loss=0.4023, dgw=0.4023, reg=0.0000, time=68.13s.
-- 150/221 [67.9%], loss=0.4110, dgw=0.4110, reg=0.0000, time=50.15s.
-- 175/221 [79.2%], loss=0.4471, dgw=0.4471, reg=0.0000, time=50.35s.
-- 200/221 [90.5%], loss=0.4428, dgw=0.4428, reg=0.0000, time=58.06s.
-- 221/221 [100.0%], loss=0.4472, dgw=0.4472, reg=0.0000, time=50.27s.
fit: Epoch 10/15, loss = 0.4138, best loss = 0.1557
results/MSRC_9_Our_Spectral_usl_tsne_fit_10.pdf
-- 25/221 [11.3%], loss=0.4372, dgw=0.4372, reg=0.0000, time=61.22s.
-- 50/221 [22.6%], loss=0.4833, dgw=0.4833, reg=0.0000, time=63.44s.
-- 75/221 [33.9%], loss=0.4748, dgw=0.4748, reg=0.0000, time=66.78s.
-- 100/221 [45.2%], loss=0.4458, dgw=0.4458, reg=0.0000, time=55.46s.
-- 125/221 [56.6%], loss=0.4412, dgw=0.4412, reg=0.0000, time=48.65s.
-- 150/221 [67.9%], loss=0.4541, dgw=0.4541, reg=0.0000, time=55.82s.
-- 175/221 [79.2%], loss=0.4297, dgw=0.4297, reg=0.0000, time=30.81s.
-- 200/221 [90.5%], loss=0.4174, dgw=0.4174, reg=0.0000, time=54.17s.
-- 221/221 [100.0%], loss=0.4092, dgw=0.4092, reg=0.0000, time=42.11s.
fit: Epoch 11/15, loss = 0.4443, best loss = 0.1557
results/MSRC_9_Our_Spectral_usl_tsne_fit_11.pdf
-- 25/221 [11.3%], loss=0.3979, dgw=0.3979, reg=0.0000, time=48.09s.
-- 50/221 [22.6%], loss=0.3812, dgw=0.3812, reg=0.0000, time=57.20s.
-- 75/221 [33.9%], loss=0.3993, dgw=0.3993, reg=0.0000, time=36.44s.
-- 100/221 [45.2%], loss=0.3925, dgw=0.3925, reg=0.0000, time=41.82s.
-- 125/221 [56.6%], loss=0.3731, dgw=0.3731, reg=0.0000, time=54.83s.
-- 150/221 [67.9%], loss=0.3645, dgw=0.3645, reg=0.0000, time=53.94s.
-- 175/221 [79.2%], loss=0.3953, dgw=0.3953, reg=0.0000, time=59.25s.
-- 200/221 [90.5%], loss=0.3825, dgw=0.3825, reg=0.0000, time=65.97s.
-- 221/221 [100.0%], loss=0.3946, dgw=0.3946, reg=0.0000, time=53.72s.
fit: Epoch 12/15, loss = 0.3866, best loss = 0.1557
results/MSRC_9_Our_Spectral_usl_tsne_fit_12.pdf
-- 25/221 [11.3%], loss=0.3899, dgw=0.3899, reg=0.0000, time=47.76s.
-- 50/221 [22.6%], loss=0.3893, dgw=0.3893, reg=0.0000, time=48.30s.
-- 75/221 [33.9%], loss=0.3926, dgw=0.3926, reg=0.0000, time=52.50s.
-- 100/221 [45.2%], loss=0.3862, dgw=0.3862, reg=0.0000, time=47.83s.
-- 125/221 [56.6%], loss=0.3674, dgw=0.3674, reg=0.0000, time=38.02s.
-- 150/221 [67.9%], loss=0.4015, dgw=0.4015, reg=0.0000, time=51.46s.
-- 175/221 [79.2%], loss=0.3619, dgw=0.3619, reg=0.0000, time=63.15s.
-- 200/221 [90.5%], loss=0.3725, dgw=0.3725, reg=0.0000, time=52.81s.
-- 221/221 [100.0%], loss=0.3860, dgw=0.3860, reg=0.0000, time=30.31s.
fit: Epoch 13/15, loss = 0.3830, best loss = 0.1557
results/MSRC_9_Our_Spectral_usl_tsne_fit_13.pdf
-- 25/221 [11.3%], loss=0.3812, dgw=0.3812, reg=0.0000, time=39.05s.
-- 50/221 [22.6%], loss=0.3928, dgw=0.3928, reg=0.0000, time=56.12s.
-- 75/221 [33.9%], loss=0.3871, dgw=0.3871, reg=0.0000, time=50.48s.
-- 100/221 [45.2%], loss=0.3896, dgw=0.3896, reg=0.0000, time=59.11s.
-- 125/221 [56.6%], loss=0.3727, dgw=0.3727, reg=0.0000, time=47.70s.
-- 150/221 [67.9%], loss=0.3671, dgw=0.3671, reg=0.0000, time=56.74s.
-- 175/221 [79.2%], loss=0.3559, dgw=0.3559, reg=0.0000, time=49.53s.
-- 200/221 [90.5%], loss=0.3654, dgw=0.3654, reg=0.0000, time=38.34s.
-- 221/221 [100.0%], loss=0.3619, dgw=0.3619, reg=0.0000, time=33.29s.
fit: Epoch 14/15, loss = 0.3751, best loss = 0.1557
results/MSRC_9_Our_Spectral_usl_tsne_fit_14.pdf
-- 25/221 [11.3%], loss=0.3534, dgw=0.3534, reg=0.0000, time=45.01s.
-- 50/221 [22.6%], loss=0.3513, dgw=0.3513, reg=0.0000, time=59.07s.
-- 75/221 [33.9%], loss=0.3530, dgw=0.3530, reg=0.0000, time=55.47s.
-- 100/221 [45.2%], loss=0.3530, dgw=0.3530, reg=0.0000, time=26.74s.
-- 125/221 [56.6%], loss=0.3302, dgw=0.3302, reg=0.0000, time=48.30s.
-- 150/221 [67.9%], loss=0.3498, dgw=0.3498, reg=0.0000, time=56.88s.
-- 175/221 [79.2%], loss=0.3332, dgw=0.3332, reg=0.0000, time=39.46s.
-- 200/221 [90.5%], loss=0.3431, dgw=0.3431, reg=0.0000, time=49.73s.
-- 221/221 [100.0%], loss=0.3450, dgw=0.3450, reg=0.0000, time=36.03s.
fit: Epoch 15/15, loss = 0.3458, best loss = 0.1557
results/MSRC_9_Our_Spectral_usl_tsne_fit_15.pdf
Rand Score: 0.7756478815302345
Done!
