MORE THAN 2 CLASSES!
-- 25/221 [11.3%], loss=0.2149, dgw=0.2149, reg=0.0000, time=49.62s.
-- 50/221 [22.6%], loss=0.2141, dgw=0.2141, reg=0.0000, time=59.86s.
-- 75/221 [33.9%], loss=0.2180, dgw=0.2180, reg=0.0000, time=52.07s.
-- 100/221 [45.2%], loss=0.2115, dgw=0.2115, reg=0.0000, time=40.21s.
-- 125/221 [56.6%], loss=0.2111, dgw=0.2111, reg=0.0000, time=43.98s.
-- 150/221 [67.9%], loss=0.2108, dgw=0.2108, reg=0.0000, time=57.16s.
-- 175/221 [79.2%], loss=0.2080, dgw=0.2080, reg=0.0000, time=58.21s.
-- 200/221 [90.5%], loss=0.2004, dgw=0.2004, reg=0.0000, time=59.89s.
-- 221/221 [100.0%], loss=0.1998, dgw=0.1998, reg=0.0000, time=63.00s.
fit: Epoch 1/15, loss = 0.2100, best loss = 0.2100
results/MSRC_9_Our_Spectral_usl_tsne_fit_1.pdf
-- 25/221 [11.3%], loss=0.1998, dgw=0.1998, reg=0.0000, time=33.40s.
-- 50/221 [22.6%], loss=0.1950, dgw=0.1950, reg=0.0000, time=57.80s.
-- 75/221 [33.9%], loss=0.1968, dgw=0.1968, reg=0.0000, time=60.43s.
-- 100/221 [45.2%], loss=0.1947, dgw=0.1947, reg=0.0000, time=60.73s.
-- 125/221 [56.6%], loss=0.1928, dgw=0.1928, reg=0.0000, time=70.02s.
-- 150/221 [67.9%], loss=0.1945, dgw=0.1945, reg=0.0000, time=82.08s.
-- 175/221 [79.2%], loss=0.1885, dgw=0.1885, reg=0.0000, time=56.44s.
-- 200/221 [90.5%], loss=0.1885, dgw=0.1885, reg=0.0000, time=55.35s.
-- 221/221 [100.0%], loss=0.1852, dgw=0.1852, reg=0.0000, time=44.15s.
fit: Epoch 2/15, loss = 0.1930, best loss = 0.1930
results/MSRC_9_Our_Spectral_usl_tsne_fit_2.pdf
-- 25/221 [11.3%], loss=0.1843, dgw=0.1843, reg=0.0000, time=52.90s.
-- 50/221 [22.6%], loss=0.1830, dgw=0.1830, reg=0.0000, time=64.92s.
-- 75/221 [33.9%], loss=0.1819, dgw=0.1819, reg=0.0000, time=64.38s.
-- 100/221 [45.2%], loss=0.1778, dgw=0.1778, reg=0.0000, time=66.27s.
-- 125/221 [56.6%], loss=0.1759, dgw=0.1759, reg=0.0000, time=64.73s.
-- 150/221 [67.9%], loss=0.1759, dgw=0.1759, reg=0.0000, time=62.67s.
-- 175/221 [79.2%], loss=0.1726, dgw=0.1726, reg=0.0000, time=48.50s.
-- 200/221 [90.5%], loss=0.1725, dgw=0.1725, reg=0.0000, time=50.29s.
-- 221/221 [100.0%], loss=0.1708, dgw=0.1708, reg=0.0000, time=47.10s.
fit: Epoch 3/15, loss = 0.1773, best loss = 0.1773
results/MSRC_9_Our_Spectral_usl_tsne_fit_3.pdf
-- 25/221 [11.3%], loss=0.1690, dgw=0.1690, reg=0.0000, time=67.01s.
-- 50/221 [22.6%], loss=0.1651, dgw=0.1651, reg=0.0000, time=67.30s.
-- 75/221 [33.9%], loss=0.1651, dgw=0.1651, reg=0.0000, time=71.56s.
-- 100/221 [45.2%], loss=0.1638, dgw=0.1638, reg=0.0000, time=49.95s.
-- 125/221 [56.6%], loss=0.1645, dgw=0.1645, reg=0.0000, time=57.80s.
-- 150/221 [67.9%], loss=0.1613, dgw=0.1613, reg=0.0000, time=50.10s.
-- 175/221 [79.2%], loss=0.1605, dgw=0.1605, reg=0.0000, time=53.86s.
-- 200/221 [90.5%], loss=0.1598, dgw=0.1598, reg=0.0000, time=43.75s.
-- 221/221 [100.0%], loss=0.1547, dgw=0.1547, reg=0.0000, time=38.29s.
fit: Epoch 4/15, loss = 0.1628, best loss = 0.1628
results/MSRC_9_Our_Spectral_usl_tsne_fit_4.pdf
-- 25/221 [11.3%], loss=0.1539, dgw=0.1539, reg=0.0000, time=77.27s.
-- 50/221 [22.6%], loss=0.1529, dgw=0.1529, reg=0.0000, time=30.11s.
-- 75/221 [33.9%], loss=0.1515, dgw=0.1515, reg=0.0000, time=39.38s.
-- 100/221 [45.2%], loss=0.1521, dgw=0.1521, reg=0.0000, time=54.75s.
-- 125/221 [56.6%], loss=0.1510, dgw=0.1510, reg=0.0000, time=40.50s.
-- 150/221 [67.9%], loss=0.1485, dgw=0.1485, reg=0.0000, time=56.77s.
-- 175/221 [79.2%], loss=0.1466, dgw=0.1466, reg=0.0000, time=66.44s.
-- 200/221 [90.5%], loss=0.1454, dgw=0.1454, reg=0.0000, time=46.44s.
-- 221/221 [100.0%], loss=0.1431, dgw=0.1431, reg=0.0000, time=48.43s.
fit: Epoch 5/15, loss = 0.1495, best loss = 0.1495
results/MSRC_9_Our_Spectral_usl_tsne_fit_5.pdf
-- 25/221 [11.3%], loss=0.1427, dgw=0.1427, reg=0.0000, time=54.65s.
-- 50/221 [22.6%], loss=0.1401, dgw=0.1401, reg=0.0000, time=43.71s.
-- 75/221 [33.9%], loss=0.1391, dgw=0.1391, reg=0.0000, time=45.03s.
-- 100/221 [45.2%], loss=0.1396, dgw=0.1396, reg=0.0000, time=58.06s.
-- 125/221 [56.6%], loss=0.1378, dgw=0.1378, reg=0.0000, time=59.22s.
-- 150/221 [67.9%], loss=0.1353, dgw=0.1353, reg=0.0000, time=55.00s.
-- 175/221 [79.2%], loss=0.1342, dgw=0.1342, reg=0.0000, time=35.85s.
-- 200/221 [90.5%], loss=0.1343, dgw=0.1343, reg=0.0000, time=59.72s.
-- 221/221 [100.0%], loss=0.1336, dgw=0.1336, reg=0.0000, time=35.55s.
fit: Epoch 6/15, loss = 0.1375, best loss = 0.1375
results/MSRC_9_Our_Spectral_usl_tsne_fit_6.pdf
-- 25/221 [11.3%], loss=0.1321, dgw=0.1321, reg=0.0000, time=69.37s.
-- 50/221 [22.6%], loss=0.1281, dgw=0.1281, reg=0.0000, time=67.13s.
-- 75/221 [33.9%], loss=0.1291, dgw=0.1291, reg=0.0000, time=56.65s.
-- 100/221 [45.2%], loss=0.1277, dgw=0.1277, reg=0.0000, time=56.58s.
-- 125/221 [56.6%], loss=0.1272, dgw=0.1272, reg=0.0000, time=56.10s.
-- 150/221 [67.9%], loss=0.1268, dgw=0.1268, reg=0.0000, time=51.88s.
-- 175/221 [79.2%], loss=0.1230, dgw=0.1230, reg=0.0000, time=46.77s.
-- 200/221 [90.5%], loss=0.1234, dgw=0.1234, reg=0.0000, time=47.11s.
-- 221/221 [100.0%], loss=0.1241, dgw=0.1241, reg=0.0000, time=48.21s.
fit: Epoch 7/15, loss = 0.1269, best loss = 0.1269
results/MSRC_9_Our_Spectral_usl_tsne_fit_7.pdf
-- 25/221 [11.3%], loss=0.1210, dgw=0.1210, reg=0.0000, time=63.25s.
-- 50/221 [22.6%], loss=0.1206, dgw=0.1206, reg=0.0000, time=64.76s.
-- 75/221 [33.9%], loss=0.1196, dgw=0.1196, reg=0.0000, time=58.69s.
-- 100/221 [45.2%], loss=0.1171, dgw=0.1171, reg=0.0000, time=56.72s.
-- 125/221 [56.6%], loss=0.1144, dgw=0.1144, reg=0.0000, time=47.93s.
-- 150/221 [67.9%], loss=0.1166, dgw=0.1166, reg=0.0000, time=53.50s.
-- 175/221 [79.2%], loss=0.1148, dgw=0.1148, reg=0.0000, time=60.25s.
-- 200/221 [90.5%], loss=0.1139, dgw=0.1139, reg=0.0000, time=58.40s.
-- 221/221 [100.0%], loss=0.1125, dgw=0.1125, reg=0.0000, time=49.08s.
fit: Epoch 8/15, loss = 0.1168, best loss = 0.1168
results/MSRC_9_Our_Spectral_usl_tsne_fit_8.pdf
-- 25/221 [11.3%], loss=0.1131, dgw=0.1131, reg=0.0000, time=54.60s.
-- 50/221 [22.6%], loss=0.1102, dgw=0.1102, reg=0.0000, time=54.79s.
-- 75/221 [33.9%], loss=0.1098, dgw=0.1098, reg=0.0000, time=58.53s.
-- 100/221 [45.2%], loss=0.1113, dgw=0.1113, reg=0.0000, time=49.18s.
-- 125/221 [56.6%], loss=0.1073, dgw=0.1073, reg=0.0000, time=23.25s.
-- 150/221 [67.9%], loss=0.1057, dgw=0.1057, reg=0.0000, time=39.08s.
-- 175/221 [79.2%], loss=0.1036, dgw=0.1036, reg=0.0000, time=56.09s.
-- 200/221 [90.5%], loss=0.1049, dgw=0.1049, reg=0.0000, time=64.75s.
-- 221/221 [100.0%], loss=0.1060, dgw=0.1060, reg=0.0000, time=38.72s.
fit: Epoch 9/15, loss = 0.1080, best loss = 0.1080
results/MSRC_9_Our_Spectral_usl_tsne_fit_9.pdf
-- 25/221 [11.3%], loss=0.1026, dgw=0.1026, reg=0.0000, time=57.37s.
-- 50/221 [22.6%], loss=0.1012, dgw=0.1012, reg=0.0000, time=53.57s.
-- 75/221 [33.9%], loss=0.1016, dgw=0.1016, reg=0.0000, time=54.92s.
-- 100/221 [45.2%], loss=0.1013, dgw=0.1013, reg=0.0000, time=61.83s.
-- 125/221 [56.6%], loss=0.1025, dgw=0.1025, reg=0.0000, time=48.63s.
-- 150/221 [67.9%], loss=0.0998, dgw=0.0998, reg=0.0000, time=59.89s.
-- 175/221 [79.2%], loss=0.0979, dgw=0.0979, reg=0.0000, time=58.75s.
-- 200/221 [90.5%], loss=0.0970, dgw=0.0970, reg=0.0000, time=45.21s.
-- 221/221 [100.0%], loss=0.0964, dgw=0.0964, reg=0.0000, time=40.76s.
fit: Epoch 10/15, loss = 0.1001, best loss = 0.1001
results/MSRC_9_Our_Spectral_usl_tsne_fit_10.pdf
-- 25/221 [11.3%], loss=0.0958, dgw=0.0958, reg=0.0000, time=58.92s.
-- 50/221 [22.6%], loss=0.0972, dgw=0.0972, reg=0.0000, time=44.42s.
-- 75/221 [33.9%], loss=0.0966, dgw=0.0966, reg=0.0000, time=66.05s.
-- 100/221 [45.2%], loss=0.0928, dgw=0.0928, reg=0.0000, time=51.11s.
-- 125/221 [56.6%], loss=0.0921, dgw=0.0921, reg=0.0000, time=58.73s.
-- 150/221 [67.9%], loss=0.1020, dgw=0.1020, reg=0.0000, time=50.39s.
-- 175/221 [79.2%], loss=0.0918, dgw=0.0918, reg=0.0000, time=55.57s.
-- 200/221 [90.5%], loss=0.0943, dgw=0.0943, reg=0.0000, time=60.82s.
-- 221/221 [100.0%], loss=0.0967, dgw=0.0967, reg=0.0000, time=50.02s.
fit: Epoch 11/15, loss = 0.0955, best loss = 0.0955
results/MSRC_9_Our_Spectral_usl_tsne_fit_11.pdf
-- 25/221 [11.3%], loss=0.0997, dgw=0.0997, reg=0.0000, time=46.73s.
-- 50/221 [22.6%], loss=0.0952, dgw=0.0952, reg=0.0000, time=58.81s.
-- 75/221 [33.9%], loss=0.0905, dgw=0.0905, reg=0.0000, time=45.65s.
-- 100/221 [45.2%], loss=0.1037, dgw=0.1037, reg=0.0000, time=36.17s.
-- 125/221 [56.6%], loss=0.0979, dgw=0.0979, reg=0.0000, time=53.54s.
-- 150/221 [67.9%], loss=0.0966, dgw=0.0966, reg=0.0000, time=62.37s.
-- 175/221 [79.2%], loss=0.0899, dgw=0.0899, reg=0.0000, time=54.64s.
-- 200/221 [90.5%], loss=0.0902, dgw=0.0902, reg=0.0000, time=43.44s.
-- 221/221 [100.0%], loss=0.0944, dgw=0.0944, reg=0.0000, time=43.50s.
fit: Epoch 12/15, loss = 0.0954, best loss = 0.0954
results/MSRC_9_Our_Spectral_usl_tsne_fit_12.pdf
-- 25/221 [11.3%], loss=0.1009, dgw=0.1009, reg=0.0000, time=43.99s.
-- 50/221 [22.6%], loss=0.1096, dgw=0.1096, reg=0.0000, time=39.20s.
-- 75/221 [33.9%], loss=0.1020, dgw=0.1020, reg=0.0000, time=61.79s.
-- 100/221 [45.2%], loss=0.1101, dgw=0.1101, reg=0.0000, time=54.54s.
-- 125/221 [56.6%], loss=0.0969, dgw=0.0969, reg=0.0000, time=60.51s.
-- 150/221 [67.9%], loss=0.1024, dgw=0.1024, reg=0.0000, time=42.52s.
-- 175/221 [79.2%], loss=0.0954, dgw=0.0954, reg=0.0000, time=40.48s.
-- 200/221 [90.5%], loss=0.1096, dgw=0.1096, reg=0.0000, time=40.04s.
-- 221/221 [100.0%], loss=0.1144, dgw=0.1144, reg=0.0000, time=43.36s.
fit: Epoch 13/15, loss = 0.1044, best loss = 0.0954
results/MSRC_9_Our_Spectral_usl_tsne_fit_13.pdf
-- 25/221 [11.3%], loss=0.1184, dgw=0.1184, reg=0.0000, time=40.39s.
-- 50/221 [22.6%], loss=0.1219, dgw=0.1219, reg=0.0000, time=47.16s.
-- 75/221 [33.9%], loss=0.1188, dgw=0.1188, reg=0.0000, time=37.41s.
-- 100/221 [45.2%], loss=0.1758, dgw=0.1758, reg=0.0000, time=40.32s.
-- 125/221 [56.6%], loss=0.1502, dgw=0.1502, reg=0.0000, time=48.57s.
-- 150/221 [67.9%], loss=0.1728, dgw=0.1728, reg=0.0000, time=54.81s.
-- 175/221 [79.2%], loss=0.2304, dgw=0.2304, reg=0.0000, time=44.68s.
-- 200/221 [90.5%], loss=0.2428, dgw=0.2428, reg=0.0000, time=48.77s.
-- 221/221 [100.0%], loss=0.2714, dgw=0.2714, reg=0.0000, time=40.65s.
fit: Epoch 14/15, loss = 0.1763, best loss = 0.0954
results/MSRC_9_Our_Spectral_usl_tsne_fit_14.pdf
-- 25/221 [11.3%], loss=0.2909, dgw=0.2909, reg=0.0000, time=46.56s.
-- 50/221 [22.6%], loss=0.2774, dgw=0.2774, reg=0.0000, time=41.98s.
-- 75/221 [33.9%], loss=0.3098, dgw=0.3098, reg=0.0000, time=43.35s.
-- 100/221 [45.2%], loss=0.3007, dgw=0.3007, reg=0.0000, time=56.95s.
-- 125/221 [56.6%], loss=0.3160, dgw=0.3160, reg=0.0000, time=50.65s.
-- 150/221 [67.9%], loss=0.3037, dgw=0.3037, reg=0.0000, time=50.72s.
-- 175/221 [79.2%], loss=0.3355, dgw=0.3355, reg=0.0000, time=40.33s.
-- 200/221 [90.5%], loss=0.3225, dgw=0.3225, reg=0.0000, time=38.56s.
-- 221/221 [100.0%], loss=0.3128, dgw=0.3128, reg=0.0000, time=37.05s.
fit: Epoch 15/15, loss = 0.3076, best loss = 0.0954
results/MSRC_9_Our_Spectral_usl_tsne_fit_15.pdf
Rand Score: 0.781324557795146
Done!
