MORE THAN 2 CLASSES!
-- 25/221 [11.3%], loss=0.2182, dgw=0.2182, reg=0.0000, time=38.94s.
-- 50/221 [22.6%], loss=0.2198, dgw=0.2198, reg=0.0000, time=44.64s.
-- 75/221 [33.9%], loss=0.2139, dgw=0.2139, reg=0.0000, time=48.21s.
-- 100/221 [45.2%], loss=0.2095, dgw=0.2095, reg=0.0000, time=54.57s.
-- 125/221 [56.6%], loss=0.2077, dgw=0.2077, reg=0.0000, time=58.39s.
-- 150/221 [67.9%], loss=0.2105, dgw=0.2105, reg=0.0000, time=60.34s.
-- 175/221 [79.2%], loss=0.2052, dgw=0.2052, reg=0.0000, time=44.37s.
-- 200/221 [90.5%], loss=0.2031, dgw=0.2031, reg=0.0000, time=67.97s.
-- 221/221 [100.0%], loss=0.2035, dgw=0.2035, reg=0.0000, time=61.84s.
fit: Epoch 1/15, loss = 0.2103, best loss = 0.2103
results/MSRC_9_Our_Spectral_usl_tsne_fit_1.pdf
-- 25/221 [11.3%], loss=0.2030, dgw=0.2030, reg=0.0000, time=63.95s.
-- 50/221 [22.6%], loss=0.1950, dgw=0.1950, reg=0.0000, time=43.97s.
-- 75/221 [33.9%], loss=0.1964, dgw=0.1964, reg=0.0000, time=70.02s.
-- 100/221 [45.2%], loss=0.1921, dgw=0.1921, reg=0.0000, time=58.38s.
-- 125/221 [56.6%], loss=0.1929, dgw=0.1929, reg=0.0000, time=61.02s.
-- 150/221 [67.9%], loss=0.1948, dgw=0.1948, reg=0.0000, time=65.13s.
-- 175/221 [79.2%], loss=0.1883, dgw=0.1883, reg=0.0000, time=75.52s.
-- 200/221 [90.5%], loss=0.1867, dgw=0.1867, reg=0.0000, time=61.13s.
-- 221/221 [100.0%], loss=0.1877, dgw=0.1877, reg=0.0000, time=53.63s.
fit: Epoch 2/15, loss = 0.1931, best loss = 0.1931
results/MSRC_9_Our_Spectral_usl_tsne_fit_2.pdf
-- 25/221 [11.3%], loss=0.1827, dgw=0.1827, reg=0.0000, time=49.40s.
-- 50/221 [22.6%], loss=0.1815, dgw=0.1815, reg=0.0000, time=55.65s.
-- 75/221 [33.9%], loss=0.1796, dgw=0.1796, reg=0.0000, time=51.50s.
-- 100/221 [45.2%], loss=0.1807, dgw=0.1807, reg=0.0000, time=65.17s.
-- 125/221 [56.6%], loss=0.1790, dgw=0.1790, reg=0.0000, time=30.59s.
-- 150/221 [67.9%], loss=0.1768, dgw=0.1768, reg=0.0000, time=60.34s.
-- 175/221 [79.2%], loss=0.1719, dgw=0.1719, reg=0.0000, time=60.35s.
-- 200/221 [90.5%], loss=0.1701, dgw=0.1701, reg=0.0000, time=60.48s.
-- 221/221 [100.0%], loss=0.1700, dgw=0.1700, reg=0.0000, time=50.05s.
fit: Epoch 3/15, loss = 0.1771, best loss = 0.1771
results/MSRC_9_Our_Spectral_usl_tsne_fit_3.pdf
-- 25/221 [11.3%], loss=0.1674, dgw=0.1674, reg=0.0000, time=51.12s.
-- 50/221 [22.6%], loss=0.1672, dgw=0.1672, reg=0.0000, time=50.22s.
-- 75/221 [33.9%], loss=0.1649, dgw=0.1649, reg=0.0000, time=55.89s.
-- 100/221 [45.2%], loss=0.1640, dgw=0.1640, reg=0.0000, time=35.63s.
-- 125/221 [56.6%], loss=0.1629, dgw=0.1629, reg=0.0000, time=58.05s.
-- 150/221 [67.9%], loss=0.1598, dgw=0.1598, reg=0.0000, time=62.50s.
-- 175/221 [79.2%], loss=0.1605, dgw=0.1605, reg=0.0000, time=65.07s.
-- 200/221 [90.5%], loss=0.1565, dgw=0.1565, reg=0.0000, time=66.25s.
-- 221/221 [100.0%], loss=0.1577, dgw=0.1577, reg=0.0000, time=48.59s.
fit: Epoch 4/15, loss = 0.1624, best loss = 0.1624
results/MSRC_9_Our_Spectral_usl_tsne_fit_4.pdf
-- 25/221 [11.3%], loss=0.1555, dgw=0.1555, reg=0.0000, time=49.37s.
-- 50/221 [22.6%], loss=0.1515, dgw=0.1515, reg=0.0000, time=72.43s.
-- 75/221 [33.9%], loss=0.1529, dgw=0.1529, reg=0.0000, time=60.31s.
-- 100/221 [45.2%], loss=0.1518, dgw=0.1518, reg=0.0000, time=56.10s.
-- 125/221 [56.6%], loss=0.1477, dgw=0.1477, reg=0.0000, time=35.70s.
-- 150/221 [67.9%], loss=0.1483, dgw=0.1483, reg=0.0000, time=46.98s.
-- 175/221 [79.2%], loss=0.1457, dgw=0.1457, reg=0.0000, time=69.65s.
-- 200/221 [90.5%], loss=0.1443, dgw=0.1443, reg=0.0000, time=62.14s.
-- 221/221 [100.0%], loss=0.1438, dgw=0.1438, reg=0.0000, time=47.37s.
fit: Epoch 5/15, loss = 0.1491, best loss = 0.1491
results/MSRC_9_Our_Spectral_usl_tsne_fit_5.pdf
-- 25/221 [11.3%], loss=0.1432, dgw=0.1432, reg=0.0000, time=41.33s.
-- 50/221 [22.6%], loss=0.1407, dgw=0.1407, reg=0.0000, time=48.05s.
-- 75/221 [33.9%], loss=0.1394, dgw=0.1394, reg=0.0000, time=40.33s.
-- 100/221 [45.2%], loss=0.1373, dgw=0.1373, reg=0.0000, time=64.79s.
-- 125/221 [56.6%], loss=0.1369, dgw=0.1369, reg=0.0000, time=58.38s.
-- 150/221 [67.9%], loss=0.1345, dgw=0.1345, reg=0.0000, time=52.25s.
-- 175/221 [79.2%], loss=0.1363, dgw=0.1363, reg=0.0000, time=54.41s.
-- 200/221 [90.5%], loss=0.1335, dgw=0.1335, reg=0.0000, time=71.19s.
-- 221/221 [100.0%], loss=0.1317, dgw=0.1317, reg=0.0000, time=40.25s.
fit: Epoch 6/15, loss = 0.1372, best loss = 0.1372
results/MSRC_9_Our_Spectral_usl_tsne_fit_6.pdf
-- 25/221 [11.3%], loss=0.1301, dgw=0.1301, reg=0.0000, time=61.70s.
-- 50/221 [22.6%], loss=0.1278, dgw=0.1278, reg=0.0000, time=46.28s.
-- 75/221 [33.9%], loss=0.1313, dgw=0.1313, reg=0.0000, time=63.58s.
-- 100/221 [45.2%], loss=0.1271, dgw=0.1271, reg=0.0000, time=53.24s.
-- 125/221 [56.6%], loss=0.1265, dgw=0.1265, reg=0.0000, time=38.72s.
-- 150/221 [67.9%], loss=0.1256, dgw=0.1256, reg=0.0000, time=71.43s.
-- 175/221 [79.2%], loss=0.1250, dgw=0.1250, reg=0.0000, time=35.05s.
-- 200/221 [90.5%], loss=0.1229, dgw=0.1229, reg=0.0000, time=49.92s.
-- 221/221 [100.0%], loss=0.1203, dgw=0.1203, reg=0.0000, time=60.25s.
fit: Epoch 7/15, loss = 0.1264, best loss = 0.1264
results/MSRC_9_Our_Spectral_usl_tsne_fit_7.pdf
-- 25/221 [11.3%], loss=0.1219, dgw=0.1219, reg=0.0000, time=62.12s.
-- 50/221 [22.6%], loss=0.1195, dgw=0.1195, reg=0.0000, time=48.72s.
-- 75/221 [33.9%], loss=0.1189, dgw=0.1189, reg=0.0000, time=63.04s.
-- 100/221 [45.2%], loss=0.1182, dgw=0.1182, reg=0.0000, time=66.78s.
-- 125/221 [56.6%], loss=0.1177, dgw=0.1177, reg=0.0000, time=63.24s.
-- 150/221 [67.9%], loss=0.1150, dgw=0.1150, reg=0.0000, time=32.77s.
-- 175/221 [79.2%], loss=0.1132, dgw=0.1132, reg=0.0000, time=62.08s.
-- 200/221 [90.5%], loss=0.1130, dgw=0.1130, reg=0.0000, time=70.79s.
-- 221/221 [100.0%], loss=0.1125, dgw=0.1125, reg=0.0000, time=55.37s.
fit: Epoch 8/15, loss = 0.1167, best loss = 0.1167
results/MSRC_9_Our_Spectral_usl_tsne_fit_8.pdf
-- 25/221 [11.3%], loss=0.1117, dgw=0.1117, reg=0.0000, time=50.58s.
-- 50/221 [22.6%], loss=0.1110, dgw=0.1110, reg=0.0000, time=71.77s.
-- 75/221 [33.9%], loss=0.1093, dgw=0.1093, reg=0.0000, time=74.49s.
-- 100/221 [45.2%], loss=0.1074, dgw=0.1074, reg=0.0000, time=53.22s.
-- 125/221 [56.6%], loss=0.1095, dgw=0.1095, reg=0.0000, time=40.25s.
-- 150/221 [67.9%], loss=0.1071, dgw=0.1071, reg=0.0000, time=55.44s.
-- 175/221 [79.2%], loss=0.1068, dgw=0.1068, reg=0.0000, time=58.64s.
-- 200/221 [90.5%], loss=0.1060, dgw=0.1060, reg=0.0000, time=42.00s.
-- 221/221 [100.0%], loss=0.1024, dgw=0.1024, reg=0.0000, time=22.58s.
fit: Epoch 9/15, loss = 0.1080, best loss = 0.1080
results/MSRC_9_Our_Spectral_usl_tsne_fit_9.pdf
-- 25/221 [11.3%], loss=0.1031, dgw=0.1031, reg=0.0000, time=69.90s.
-- 50/221 [22.6%], loss=0.1030, dgw=0.1030, reg=0.0000, time=49.86s.
-- 75/221 [33.9%], loss=0.1010, dgw=0.1010, reg=0.0000, time=49.36s.
-- 100/221 [45.2%], loss=0.1004, dgw=0.1004, reg=0.0000, time=41.51s.
-- 125/221 [56.6%], loss=0.1006, dgw=0.1006, reg=0.0000, time=57.18s.
-- 150/221 [67.9%], loss=0.1007, dgw=0.1007, reg=0.0000, time=70.15s.
-- 175/221 [79.2%], loss=0.0983, dgw=0.0983, reg=0.0000, time=73.04s.
-- 200/221 [90.5%], loss=0.0977, dgw=0.0977, reg=0.0000, time=63.41s.
-- 221/221 [100.0%], loss=0.0971, dgw=0.0971, reg=0.0000, time=54.19s.
fit: Epoch 10/15, loss = 0.1003, best loss = 0.1003
results/MSRC_9_Our_Spectral_usl_tsne_fit_10.pdf
-- 25/221 [11.3%], loss=0.0949, dgw=0.0949, reg=0.0000, time=55.68s.
-- 50/221 [22.6%], loss=0.0945, dgw=0.0945, reg=0.0000, time=49.01s.
-- 75/221 [33.9%], loss=0.0950, dgw=0.0950, reg=0.0000, time=56.12s.
-- 100/221 [45.2%], loss=0.0942, dgw=0.0942, reg=0.0000, time=66.87s.
-- 125/221 [56.6%], loss=0.0931, dgw=0.0931, reg=0.0000, time=68.73s.
-- 150/221 [67.9%], loss=0.0928, dgw=0.0928, reg=0.0000, time=56.63s.
-- 175/221 [79.2%], loss=0.0915, dgw=0.0915, reg=0.0000, time=55.22s.
-- 200/221 [90.5%], loss=0.0911, dgw=0.0911, reg=0.0000, time=58.29s.
-- 221/221 [100.0%], loss=0.0921, dgw=0.0921, reg=0.0000, time=61.46s.
fit: Epoch 11/15, loss = 0.0933, best loss = 0.0933
results/MSRC_9_Our_Spectral_usl_tsne_fit_11.pdf
-- 25/221 [11.3%], loss=0.0902, dgw=0.0902, reg=0.0000, time=34.36s.
-- 50/221 [22.6%], loss=0.0909, dgw=0.0909, reg=0.0000, time=67.93s.
-- 75/221 [33.9%], loss=0.0889, dgw=0.0889, reg=0.0000, time=82.34s.
-- 100/221 [45.2%], loss=0.0868, dgw=0.0868, reg=0.0000, time=53.60s.
-- 125/221 [56.6%], loss=0.0867, dgw=0.0867, reg=0.0000, time=47.11s.
-- 150/221 [67.9%], loss=0.0858, dgw=0.0858, reg=0.0000, time=67.79s.
-- 175/221 [79.2%], loss=0.0859, dgw=0.0859, reg=0.0000, time=54.33s.
-- 200/221 [90.5%], loss=0.0839, dgw=0.0839, reg=0.0000, time=28.86s.
-- 221/221 [100.0%], loss=0.0864, dgw=0.0864, reg=0.0000, time=57.00s.
fit: Epoch 12/15, loss = 0.0873, best loss = 0.0873
results/MSRC_9_Our_Spectral_usl_tsne_fit_12.pdf
-- 25/221 [11.3%], loss=0.0831, dgw=0.0831, reg=0.0000, time=58.77s.
-- 50/221 [22.6%], loss=0.0835, dgw=0.0835, reg=0.0000, time=54.22s.
-- 75/221 [33.9%], loss=0.0826, dgw=0.0826, reg=0.0000, time=44.13s.
-- 100/221 [45.2%], loss=0.0808, dgw=0.0808, reg=0.0000, time=53.94s.
-- 125/221 [56.6%], loss=0.0811, dgw=0.0811, reg=0.0000, time=57.59s.
-- 150/221 [67.9%], loss=0.0812, dgw=0.0812, reg=0.0000, time=62.93s.
-- 175/221 [79.2%], loss=0.0812, dgw=0.0812, reg=0.0000, time=40.34s.
-- 200/221 [90.5%], loss=0.0801, dgw=0.0801, reg=0.0000, time=32.08s.
-- 221/221 [100.0%], loss=0.0784, dgw=0.0784, reg=0.0000, time=40.81s.
fit: Epoch 13/15, loss = 0.0814, best loss = 0.0814
results/MSRC_9_Our_Spectral_usl_tsne_fit_13.pdf
-- 25/221 [11.3%], loss=0.0786, dgw=0.0786, reg=0.0000, time=45.40s.
-- 50/221 [22.6%], loss=0.0769, dgw=0.0769, reg=0.0000, time=54.60s.
-- 75/221 [33.9%], loss=0.0776, dgw=0.0776, reg=0.0000, time=49.73s.
-- 100/221 [45.2%], loss=0.0764, dgw=0.0764, reg=0.0000, time=42.69s.
-- 125/221 [56.6%], loss=0.0772, dgw=0.0772, reg=0.0000, time=55.17s.
-- 150/221 [67.9%], loss=0.0754, dgw=0.0754, reg=0.0000, time=30.17s.
-- 175/221 [79.2%], loss=0.0749, dgw=0.0749, reg=0.0000, time=38.27s.
-- 200/221 [90.5%], loss=0.0758, dgw=0.0758, reg=0.0000, time=49.50s.
-- 221/221 [100.0%], loss=0.0737, dgw=0.0737, reg=0.0000, time=57.26s.
fit: Epoch 14/15, loss = 0.0763, best loss = 0.0763
results/MSRC_9_Our_Spectral_usl_tsne_fit_14.pdf
-- 25/221 [11.3%], loss=0.0742, dgw=0.0742, reg=0.0000, time=44.54s.
-- 50/221 [22.6%], loss=0.0737, dgw=0.0737, reg=0.0000, time=58.26s.
-- 75/221 [33.9%], loss=0.0737, dgw=0.0737, reg=0.0000, time=50.97s.
-- 100/221 [45.2%], loss=0.0709, dgw=0.0709, reg=0.0000, time=63.83s.
-- 125/221 [56.6%], loss=0.0714, dgw=0.0714, reg=0.0000, time=46.35s.
-- 150/221 [67.9%], loss=0.0716, dgw=0.0716, reg=0.0000, time=58.28s.
-- 175/221 [79.2%], loss=0.0708, dgw=0.0708, reg=0.0000, time=26.86s.
-- 200/221 [90.5%], loss=0.0695, dgw=0.0695, reg=0.0000, time=40.73s.
-- 221/221 [100.0%], loss=0.0705, dgw=0.0705, reg=0.0000, time=44.12s.
fit: Epoch 15/15, loss = 0.0718, best loss = 0.0718
results/MSRC_9_Our_Spectral_usl_tsne_fit_15.pdf
Rand Score: 0.7839572192513369
Done!
