MORE THAN 2 CLASSES!
-- 25/221 [11.3%], loss=0.2155, dgw=0.2155, reg=0.0000, time=59.12s.
-- 50/221 [22.6%], loss=0.2147, dgw=0.2147, reg=0.0000, time=64.07s.
-- 75/221 [33.9%], loss=0.2151, dgw=0.2151, reg=0.0000, time=61.51s.
-- 100/221 [45.2%], loss=0.2132, dgw=0.2132, reg=0.0000, time=45.77s.
-- 125/221 [56.6%], loss=0.2086, dgw=0.2086, reg=0.0000, time=56.87s.
-- 150/221 [67.9%], loss=0.2095, dgw=0.2095, reg=0.0000, time=69.82s.
-- 175/221 [79.2%], loss=0.2053, dgw=0.2053, reg=0.0000, time=70.56s.
-- 200/221 [90.5%], loss=0.2021, dgw=0.2021, reg=0.0000, time=90.82s.
-- 221/221 [100.0%], loss=0.2036, dgw=0.2036, reg=0.0000, time=45.76s.
fit: Epoch 1/15, loss = 0.2099, best loss = 0.2099
results/MSRC_9_Our_Spectral_usl_tsne_fit_1.pdf
-- 25/221 [11.3%], loss=0.2015, dgw=0.2015, reg=0.0000, time=69.37s.
-- 50/221 [22.6%], loss=0.1940, dgw=0.1940, reg=0.0000, time=54.50s.
-- 75/221 [33.9%], loss=0.1933, dgw=0.1933, reg=0.0000, time=44.78s.
-- 100/221 [45.2%], loss=0.1964, dgw=0.1964, reg=0.0000, time=60.55s.
-- 125/221 [56.6%], loss=0.1943, dgw=0.1943, reg=0.0000, time=56.97s.
-- 150/221 [67.9%], loss=0.1903, dgw=0.1903, reg=0.0000, time=63.55s.
-- 175/221 [79.2%], loss=0.1915, dgw=0.1915, reg=0.0000, time=54.91s.
-- 200/221 [90.5%], loss=0.1859, dgw=0.1859, reg=0.0000, time=71.62s.
-- 221/221 [100.0%], loss=0.1860, dgw=0.1860, reg=0.0000, time=56.97s.
fit: Epoch 2/15, loss = 0.1927, best loss = 0.1927
results/MSRC_9_Our_Spectral_usl_tsne_fit_2.pdf
-- 25/221 [11.3%], loss=0.1817, dgw=0.1817, reg=0.0000, time=27.31s.
-- 50/221 [22.6%], loss=0.1819, dgw=0.1819, reg=0.0000, time=70.45s.
-- 75/221 [33.9%], loss=0.1817, dgw=0.1817, reg=0.0000, time=52.83s.
-- 100/221 [45.2%], loss=0.1779, dgw=0.1779, reg=0.0000, time=72.51s.
-- 125/221 [56.6%], loss=0.1777, dgw=0.1777, reg=0.0000, time=84.82s.
-- 150/221 [67.9%], loss=0.1753, dgw=0.1753, reg=0.0000, time=69.59s.
-- 175/221 [79.2%], loss=0.1733, dgw=0.1733, reg=0.0000, time=31.58s.
-- 200/221 [90.5%], loss=0.1717, dgw=0.1717, reg=0.0000, time=74.47s.
-- 221/221 [100.0%], loss=0.1694, dgw=0.1694, reg=0.0000, time=66.57s.
fit: Epoch 3/15, loss = 0.1769, best loss = 0.1769
results/MSRC_9_Our_Spectral_usl_tsne_fit_3.pdf
-- 25/221 [11.3%], loss=0.1697, dgw=0.1697, reg=0.0000, time=65.44s.
-- 50/221 [22.6%], loss=0.1665, dgw=0.1665, reg=0.0000, time=55.59s.
-- 75/221 [33.9%], loss=0.1661, dgw=0.1661, reg=0.0000, time=63.54s.
-- 100/221 [45.2%], loss=0.1653, dgw=0.1653, reg=0.0000, time=72.61s.
-- 125/221 [56.6%], loss=0.1616, dgw=0.1616, reg=0.0000, time=61.16s.
-- 150/221 [67.9%], loss=0.1597, dgw=0.1597, reg=0.0000, time=43.22s.
-- 175/221 [79.2%], loss=0.1591, dgw=0.1591, reg=0.0000, time=79.46s.
-- 200/221 [90.5%], loss=0.1564, dgw=0.1564, reg=0.0000, time=80.38s.
-- 221/221 [100.0%], loss=0.1558, dgw=0.1558, reg=0.0000, time=63.91s.
fit: Epoch 4/15, loss = 0.1624, best loss = 0.1624
results/MSRC_9_Our_Spectral_usl_tsne_fit_4.pdf
-- 25/221 [11.3%], loss=0.1529, dgw=0.1529, reg=0.0000, time=86.07s.
-- 50/221 [22.6%], loss=0.1548, dgw=0.1548, reg=0.0000, time=89.58s.
-- 75/221 [33.9%], loss=0.1498, dgw=0.1498, reg=0.0000, time=75.19s.
-- 100/221 [45.2%], loss=0.1514, dgw=0.1514, reg=0.0000, time=69.14s.
-- 125/221 [56.6%], loss=0.1506, dgw=0.1506, reg=0.0000, time=75.48s.
-- 150/221 [67.9%], loss=0.1495, dgw=0.1495, reg=0.0000, time=80.67s.
-- 175/221 [79.2%], loss=0.1446, dgw=0.1446, reg=0.0000, time=76.87s.
-- 200/221 [90.5%], loss=0.1452, dgw=0.1452, reg=0.0000, time=77.49s.
-- 221/221 [100.0%], loss=0.1424, dgw=0.1424, reg=0.0000, time=67.30s.
fit: Epoch 5/15, loss = 0.1491, best loss = 0.1491
results/MSRC_9_Our_Spectral_usl_tsne_fit_5.pdf
-- 25/221 [11.3%], loss=0.1412, dgw=0.1412, reg=0.0000, time=59.14s.
-- 50/221 [22.6%], loss=0.1392, dgw=0.1392, reg=0.0000, time=69.44s.
-- 75/221 [33.9%], loss=0.1393, dgw=0.1393, reg=0.0000, time=72.25s.
-- 100/221 [45.2%], loss=0.1396, dgw=0.1396, reg=0.0000, time=71.34s.
-- 125/221 [56.6%], loss=0.1385, dgw=0.1385, reg=0.0000, time=64.19s.
-- 150/221 [67.9%], loss=0.1373, dgw=0.1373, reg=0.0000, time=71.81s.
-- 175/221 [79.2%], loss=0.1337, dgw=0.1337, reg=0.0000, time=69.22s.
-- 200/221 [90.5%], loss=0.1322, dgw=0.1322, reg=0.0000, time=78.39s.
-- 221/221 [100.0%], loss=0.1325, dgw=0.1325, reg=0.0000, time=49.38s.
fit: Epoch 6/15, loss = 0.1371, best loss = 0.1371
results/MSRC_9_Our_Spectral_usl_tsne_fit_6.pdf
-- 25/221 [11.3%], loss=0.1304, dgw=0.1304, reg=0.0000, time=56.21s.
-- 50/221 [22.6%], loss=0.1298, dgw=0.1298, reg=0.0000, time=60.49s.
-- 75/221 [33.9%], loss=0.1272, dgw=0.1272, reg=0.0000, time=81.83s.
-- 100/221 [45.2%], loss=0.1262, dgw=0.1262, reg=0.0000, time=49.27s.
-- 125/221 [56.6%], loss=0.1267, dgw=0.1267, reg=0.0000, time=85.87s.
-- 150/221 [67.9%], loss=0.1266, dgw=0.1266, reg=0.0000, time=61.45s.
-- 175/221 [79.2%], loss=0.1234, dgw=0.1234, reg=0.0000, time=63.27s.
-- 200/221 [90.5%], loss=0.1243, dgw=0.1243, reg=0.0000, time=80.77s.
-- 221/221 [100.0%], loss=0.1206, dgw=0.1206, reg=0.0000, time=64.29s.
fit: Epoch 7/15, loss = 0.1263, best loss = 0.1263
results/MSRC_9_Our_Spectral_usl_tsne_fit_7.pdf
-- 25/221 [11.3%], loss=0.1227, dgw=0.1227, reg=0.0000, time=53.31s.
-- 50/221 [22.6%], loss=0.1177, dgw=0.1177, reg=0.0000, time=58.06s.
-- 75/221 [33.9%], loss=0.1168, dgw=0.1168, reg=0.0000, time=60.62s.
-- 100/221 [45.2%], loss=0.1178, dgw=0.1178, reg=0.0000, time=67.24s.
-- 125/221 [56.6%], loss=0.1170, dgw=0.1170, reg=0.0000, time=66.73s.
-- 150/221 [67.9%], loss=0.1209, dgw=0.1209, reg=0.0000, time=72.49s.
-- 175/221 [79.2%], loss=0.1144, dgw=0.1144, reg=0.0000, time=52.38s.
-- 200/221 [90.5%], loss=0.1128, dgw=0.1128, reg=0.0000, time=70.77s.
-- 221/221 [100.0%], loss=0.1141, dgw=0.1141, reg=0.0000, time=67.60s.
fit: Epoch 8/15, loss = 0.1172, best loss = 0.1172
results/MSRC_9_Our_Spectral_usl_tsne_fit_8.pdf
-- 25/221 [11.3%], loss=0.1138, dgw=0.1138, reg=0.0000, time=72.45s.
-- 50/221 [22.6%], loss=0.1124, dgw=0.1124, reg=0.0000, time=75.67s.
-- 75/221 [33.9%], loss=0.1108, dgw=0.1108, reg=0.0000, time=75.09s.
-- 100/221 [45.2%], loss=0.1104, dgw=0.1104, reg=0.0000, time=71.03s.
-- 125/221 [56.6%], loss=0.1092, dgw=0.1092, reg=0.0000, time=74.98s.
-- 150/221 [67.9%], loss=0.1064, dgw=0.1064, reg=0.0000, time=70.11s.
-- 175/221 [79.2%], loss=0.1087, dgw=0.1087, reg=0.0000, time=72.61s.
-- 200/221 [90.5%], loss=0.1095, dgw=0.1095, reg=0.0000, time=72.67s.
-- 221/221 [100.0%], loss=0.1028, dgw=0.1028, reg=0.0000, time=47.25s.
fit: Epoch 9/15, loss = 0.1095, best loss = 0.1095
results/MSRC_9_Our_Spectral_usl_tsne_fit_9.pdf
-- 25/221 [11.3%], loss=0.1018, dgw=0.1018, reg=0.0000, time=49.87s.
-- 50/221 [22.6%], loss=0.1064, dgw=0.1064, reg=0.0000, time=59.14s.
-- 75/221 [33.9%], loss=0.1130, dgw=0.1130, reg=0.0000, time=48.85s.
-- 100/221 [45.2%], loss=0.1083, dgw=0.1083, reg=0.0000, time=48.97s.
-- 125/221 [56.6%], loss=0.1095, dgw=0.1095, reg=0.0000, time=65.31s.
-- 150/221 [67.9%], loss=0.1328, dgw=0.1328, reg=0.0000, time=49.58s.
-- 175/221 [79.2%], loss=0.1190, dgw=0.1190, reg=0.0000, time=53.77s.
-- 200/221 [90.5%], loss=0.1407, dgw=0.1407, reg=0.0000, time=61.85s.
-- 221/221 [100.0%], loss=0.1250, dgw=0.1250, reg=0.0000, time=65.16s.
fit: Epoch 10/15, loss = 0.1173, best loss = 0.1095
results/MSRC_9_Our_Spectral_usl_tsne_fit_10.pdf
-- 25/221 [11.3%], loss=0.1387, dgw=0.1387, reg=0.0000, time=53.88s.
-- 50/221 [22.6%], loss=0.1389, dgw=0.1389, reg=0.0000, time=72.70s.
-- 75/221 [33.9%], loss=0.1305, dgw=0.1305, reg=0.0000, time=54.95s.
-- 100/221 [45.2%], loss=0.1442, dgw=0.1442, reg=0.0000, time=58.61s.
-- 125/221 [56.6%], loss=0.1527, dgw=0.1527, reg=0.0000, time=46.27s.
-- 150/221 [67.9%], loss=0.1599, dgw=0.1599, reg=0.0000, time=67.15s.
-- 175/221 [79.2%], loss=0.1600, dgw=0.1600, reg=0.0000, time=61.36s.
-- 200/221 [90.5%], loss=0.1560, dgw=0.1560, reg=0.0000, time=75.99s.
-- 221/221 [100.0%], loss=0.1501, dgw=0.1501, reg=0.0000, time=53.66s.
fit: Epoch 11/15, loss = 0.1478, best loss = 0.1095
results/MSRC_9_Our_Spectral_usl_tsne_fit_11.pdf
-- 25/221 [11.3%], loss=0.1391, dgw=0.1391, reg=0.0000, time=54.32s.
-- 50/221 [22.6%], loss=0.1461, dgw=0.1461, reg=0.0000, time=63.81s.
-- 75/221 [33.9%], loss=0.1422, dgw=0.1422, reg=0.0000, time=84.25s.
-- 100/221 [45.2%], loss=0.1477, dgw=0.1477, reg=0.0000, time=61.50s.
-- 125/221 [56.6%], loss=0.1366, dgw=0.1366, reg=0.0000, time=56.43s.
-- 150/221 [67.9%], loss=0.1366, dgw=0.1366, reg=0.0000, time=60.77s.
-- 175/221 [79.2%], loss=0.1284, dgw=0.1284, reg=0.0000, time=42.72s.
-- 200/221 [90.5%], loss=0.1263, dgw=0.1263, reg=0.0000, time=65.05s.
-- 221/221 [100.0%], loss=0.1243, dgw=0.1243, reg=0.0000, time=34.26s.
fit: Epoch 12/15, loss = 0.1366, best loss = 0.1095
results/MSRC_9_Our_Spectral_usl_tsne_fit_12.pdf
-- 25/221 [11.3%], loss=0.1293, dgw=0.1293, reg=0.0000, time=68.66s.
-- 50/221 [22.6%], loss=0.1161, dgw=0.1161, reg=0.0000, time=63.73s.
-- 75/221 [33.9%], loss=0.1301, dgw=0.1301, reg=0.0000, time=52.83s.
-- 100/221 [45.2%], loss=0.1267, dgw=0.1267, reg=0.0000, time=62.27s.
-- 125/221 [56.6%], loss=0.1158, dgw=0.1158, reg=0.0000, time=69.77s.
-- 150/221 [67.9%], loss=0.1414, dgw=0.1414, reg=0.0000, time=66.38s.
-- 175/221 [79.2%], loss=0.1367, dgw=0.1367, reg=0.0000, time=43.38s.
-- 200/221 [90.5%], loss=0.1265, dgw=0.1265, reg=0.0000, time=48.92s.
-- 221/221 [100.0%], loss=0.1254, dgw=0.1254, reg=0.0000, time=54.66s.
fit: Epoch 13/15, loss = 0.1276, best loss = 0.1095
results/MSRC_9_Our_Spectral_usl_tsne_fit_13.pdf
-- 25/221 [11.3%], loss=0.1331, dgw=0.1331, reg=0.0000, time=48.94s.
-- 50/221 [22.6%], loss=0.1097, dgw=0.1097, reg=0.0000, time=53.24s.
-- 75/221 [33.9%], loss=0.1172, dgw=0.1172, reg=0.0000, time=60.59s.
-- 100/221 [45.2%], loss=0.1244, dgw=0.1244, reg=0.0000, time=66.24s.
-- 125/221 [56.6%], loss=0.1146, dgw=0.1146, reg=0.0000, time=64.40s.
-- 150/221 [67.9%], loss=0.1167, dgw=0.1167, reg=0.0000, time=58.11s.
-- 175/221 [79.2%], loss=0.1182, dgw=0.1182, reg=0.0000, time=60.93s.
-- 200/221 [90.5%], loss=0.1107, dgw=0.1107, reg=0.0000, time=63.41s.
-- 221/221 [100.0%], loss=0.1175, dgw=0.1175, reg=0.0000, time=47.97s.
fit: Epoch 14/15, loss = 0.1180, best loss = 0.1095
results/MSRC_9_Our_Spectral_usl_tsne_fit_14.pdf
-- 25/221 [11.3%], loss=0.1126, dgw=0.1126, reg=0.0000, time=41.69s.
-- 50/221 [22.6%], loss=0.1081, dgw=0.1081, reg=0.0000, time=44.84s.
-- 75/221 [33.9%], loss=0.1017, dgw=0.1017, reg=0.0000, time=42.15s.
-- 100/221 [45.2%], loss=0.0985, dgw=0.0985, reg=0.0000, time=36.46s.
-- 125/221 [56.6%], loss=0.1117, dgw=0.1117, reg=0.0000, time=45.60s.
-- 150/221 [67.9%], loss=0.1071, dgw=0.1071, reg=0.0000, time=60.80s.
-- 175/221 [79.2%], loss=0.1147, dgw=0.1147, reg=0.0000, time=64.68s.
-- 200/221 [90.5%], loss=0.1123, dgw=0.1123, reg=0.0000, time=54.93s.
-- 221/221 [100.0%], loss=0.1152, dgw=0.1152, reg=0.0000, time=43.20s.
fit: Epoch 15/15, loss = 0.1090, best loss = 0.1090
results/MSRC_9_Our_Spectral_usl_tsne_fit_15.pdf
Rand Score: 0.7782805429864253
Done!
