-- 25/188 [13.3%], loss=0.2090, dgw=0.2090, reg=0.0000, time=20.28s.
-- 50/188 [26.6%], loss=0.2009, dgw=0.2009, reg=0.0000, time=20.35s.
-- 75/188 [39.9%], loss=0.2041, dgw=0.2041, reg=0.0000, time=17.79s.
-- 100/188 [53.2%], loss=0.2034, dgw=0.2034, reg=0.0000, time=16.63s.
-- 125/188 [66.5%], loss=0.2010, dgw=0.2010, reg=0.0000, time=18.91s.
-- 150/188 [79.8%], loss=0.2044, dgw=0.2044, reg=0.0000, time=16.12s.
-- 175/188 [93.1%], loss=0.1954, dgw=0.1954, reg=0.0000, time=17.75s.
-- 188/188 [100.0%], loss=0.1949, dgw=0.1949, reg=0.0000, time=14.30s.
fit: Epoch 1/15, loss = 0.2021, best loss = 0.2021
results/MUTAG_Our_Spectral_usl_tsne_fit_1.pdf
-- 25/188 [13.3%], loss=0.1985, dgw=0.1985, reg=0.0000, time=55.31s.
-- 50/188 [26.6%], loss=0.1891, dgw=0.1891, reg=0.0000, time=39.40s.
-- 75/188 [39.9%], loss=0.1864, dgw=0.1864, reg=0.0000, time=35.45s.
-- 100/188 [53.2%], loss=0.1888, dgw=0.1888, reg=0.0000, time=44.66s.
-- 125/188 [66.5%], loss=0.1853, dgw=0.1853, reg=0.0000, time=50.90s.
-- 150/188 [79.8%], loss=0.1809, dgw=0.1809, reg=0.0000, time=61.76s.
-- 175/188 [93.1%], loss=0.1838, dgw=0.1838, reg=0.0000, time=53.01s.
-- 188/188 [100.0%], loss=0.1852, dgw=0.1852, reg=0.0000, time=34.94s.
fit: Epoch 2/15, loss = 0.1874, best loss = 0.1874
results/MUTAG_Our_Spectral_usl_tsne_fit_2.pdf
-- 25/188 [13.3%], loss=0.1803, dgw=0.1803, reg=0.0000, time=43.23s.
-- 50/188 [26.6%], loss=0.1794, dgw=0.1794, reg=0.0000, time=39.62s.
-- 75/188 [39.9%], loss=0.1736, dgw=0.1736, reg=0.0000, time=57.27s.
-- 100/188 [53.2%], loss=0.1741, dgw=0.1741, reg=0.0000, time=56.74s.
-- 125/188 [66.5%], loss=0.1713, dgw=0.1713, reg=0.0000, time=53.68s.
-- 150/188 [79.8%], loss=0.1684, dgw=0.1684, reg=0.0000, time=43.23s.
-- 175/188 [93.1%], loss=0.1674, dgw=0.1674, reg=0.0000, time=65.90s.
-- 188/188 [100.0%], loss=0.1737, dgw=0.1737, reg=0.0000, time=36.30s.
fit: Epoch 3/15, loss = 0.1735, best loss = 0.1735
results/MUTAG_Our_Spectral_usl_tsne_fit_3.pdf
-- 25/188 [13.3%], loss=0.1635, dgw=0.1635, reg=0.0000, time=35.66s.
-- 50/188 [26.6%], loss=0.1677, dgw=0.1677, reg=0.0000, time=57.84s.
-- 75/188 [39.9%], loss=0.1583, dgw=0.1583, reg=0.0000, time=60.15s.
-- 100/188 [53.2%], loss=0.1632, dgw=0.1632, reg=0.0000, time=52.39s.
-- 125/188 [66.5%], loss=0.1589, dgw=0.1589, reg=0.0000, time=52.52s.
-- 150/188 [79.8%], loss=0.1583, dgw=0.1583, reg=0.0000, time=52.45s.
-- 175/188 [93.1%], loss=0.1558, dgw=0.1558, reg=0.0000, time=58.46s.
-- 188/188 [100.0%], loss=0.1572, dgw=0.1572, reg=0.0000, time=30.12s.
fit: Epoch 4/15, loss = 0.1606, best loss = 0.1606
results/MUTAG_Our_Spectral_usl_tsne_fit_4.pdf
-- 25/188 [13.3%], loss=0.1486, dgw=0.1486, reg=0.0000, time=50.79s.
-- 50/188 [26.6%], loss=0.1498, dgw=0.1498, reg=0.0000, time=57.58s.
-- 75/188 [39.9%], loss=0.1527, dgw=0.1527, reg=0.0000, time=47.27s.
-- 100/188 [53.2%], loss=0.1481, dgw=0.1481, reg=0.0000, time=57.80s.
-- 125/188 [66.5%], loss=0.1481, dgw=0.1481, reg=0.0000, time=58.82s.
-- 150/188 [79.8%], loss=0.1483, dgw=0.1483, reg=0.0000, time=62.63s.
-- 175/188 [93.1%], loss=0.1512, dgw=0.1512, reg=0.0000, time=63.53s.
-- 188/188 [100.0%], loss=0.1350, dgw=0.1350, reg=0.0000, time=35.43s.
fit: Epoch 5/15, loss = 0.1485, best loss = 0.1485
results/MUTAG_Our_Spectral_usl_tsne_fit_5.pdf
-- 25/188 [13.3%], loss=0.1400, dgw=0.1400, reg=0.0000, time=50.76s.
-- 50/188 [26.6%], loss=0.1403, dgw=0.1403, reg=0.0000, time=49.05s.
-- 75/188 [39.9%], loss=0.1384, dgw=0.1384, reg=0.0000, time=50.66s.
-- 100/188 [53.2%], loss=0.1392, dgw=0.1392, reg=0.0000, time=40.87s.
-- 125/188 [66.5%], loss=0.1405, dgw=0.1405, reg=0.0000, time=41.24s.
-- 150/188 [79.8%], loss=0.1337, dgw=0.1337, reg=0.0000, time=59.36s.
-- 175/188 [93.1%], loss=0.1329, dgw=0.1329, reg=0.0000, time=66.45s.
-- 188/188 [100.0%], loss=0.1314, dgw=0.1314, reg=0.0000, time=33.01s.
fit: Epoch 6/15, loss = 0.1374, best loss = 0.1374
results/MUTAG_Our_Spectral_usl_tsne_fit_6.pdf
-- 25/188 [13.3%], loss=0.1307, dgw=0.1307, reg=0.0000, time=46.51s.
-- 50/188 [26.6%], loss=0.1300, dgw=0.1300, reg=0.0000, time=36.06s.
-- 75/188 [39.9%], loss=0.1257, dgw=0.1257, reg=0.0000, time=36.83s.
-- 100/188 [53.2%], loss=0.1309, dgw=0.1309, reg=0.0000, time=32.27s.
-- 125/188 [66.5%], loss=0.1302, dgw=0.1302, reg=0.0000, time=41.92s.
-- 150/188 [79.8%], loss=0.1235, dgw=0.1235, reg=0.0000, time=62.30s.
-- 175/188 [93.1%], loss=0.1244, dgw=0.1244, reg=0.0000, time=42.96s.
-- 188/188 [100.0%], loss=0.1188, dgw=0.1188, reg=0.0000, time=30.20s.
fit: Epoch 7/15, loss = 0.1273, best loss = 0.1273
results/MUTAG_Our_Spectral_usl_tsne_fit_7.pdf
-- 25/188 [13.3%], loss=0.1224, dgw=0.1224, reg=0.0000, time=41.58s.
-- 50/188 [26.6%], loss=0.1224, dgw=0.1224, reg=0.0000, time=37.38s.
-- 75/188 [39.9%], loss=0.1165, dgw=0.1165, reg=0.0000, time=51.11s.
-- 100/188 [53.2%], loss=0.1184, dgw=0.1184, reg=0.0000, time=44.97s.
-- 125/188 [66.5%], loss=0.1174, dgw=0.1174, reg=0.0000, time=42.94s.
-- 150/188 [79.8%], loss=0.1164, dgw=0.1164, reg=0.0000, time=39.35s.
-- 175/188 [93.1%], loss=0.1174, dgw=0.1174, reg=0.0000, time=44.71s.
-- 188/188 [100.0%], loss=0.1082, dgw=0.1082, reg=0.0000, time=19.32s.
fit: Epoch 8/15, loss = 0.1180, best loss = 0.1180
results/MUTAG_Our_Spectral_usl_tsne_fit_8.pdf
-- 25/188 [13.3%], loss=0.1140, dgw=0.1140, reg=0.0000, time=41.58s.
-- 50/188 [26.6%], loss=0.1108, dgw=0.1108, reg=0.0000, time=37.31s.
-- 75/188 [39.9%], loss=0.1108, dgw=0.1108, reg=0.0000, time=44.47s.
-- 100/188 [53.2%], loss=0.1114, dgw=0.1114, reg=0.0000, time=66.92s.
-- 125/188 [66.5%], loss=0.1073, dgw=0.1073, reg=0.0000, time=51.55s.
-- 150/188 [79.8%], loss=0.1063, dgw=0.1063, reg=0.0000, time=30.68s.
-- 175/188 [93.1%], loss=0.1088, dgw=0.1088, reg=0.0000, time=42.52s.
-- 188/188 [100.0%], loss=0.1058, dgw=0.1058, reg=0.0000, time=28.48s.
fit: Epoch 9/15, loss = 0.1096, best loss = 0.1096
results/MUTAG_Our_Spectral_usl_tsne_fit_9.pdf
-- 25/188 [13.3%], loss=0.1065, dgw=0.1065, reg=0.0000, time=52.41s.
-- 50/188 [26.6%], loss=0.1049, dgw=0.1049, reg=0.0000, time=39.31s.
-- 75/188 [39.9%], loss=0.1031, dgw=0.1031, reg=0.0000, time=49.88s.
-- 100/188 [53.2%], loss=0.0990, dgw=0.0990, reg=0.0000, time=36.03s.
-- 125/188 [66.5%], loss=0.1019, dgw=0.1019, reg=0.0000, time=34.46s.
-- 150/188 [79.8%], loss=0.0993, dgw=0.0993, reg=0.0000, time=56.32s.
-- 175/188 [93.1%], loss=0.1011, dgw=0.1011, reg=0.0000, time=73.28s.
-- 188/188 [100.0%], loss=0.1000, dgw=0.1000, reg=0.0000, time=40.60s.
fit: Epoch 10/15, loss = 0.1021, best loss = 0.1021
results/MUTAG_Our_Spectral_usl_tsne_fit_10.pdf
-- 25/188 [13.3%], loss=0.0962, dgw=0.0962, reg=0.0000, time=64.20s.
-- 50/188 [26.6%], loss=0.0974, dgw=0.0974, reg=0.0000, time=59.09s.
-- 75/188 [39.9%], loss=0.0949, dgw=0.0949, reg=0.0000, time=24.25s.
-- 100/188 [53.2%], loss=0.0956, dgw=0.0956, reg=0.0000, time=37.97s.
-- 125/188 [66.5%], loss=0.0949, dgw=0.0949, reg=0.0000, time=46.64s.
-- 150/188 [79.8%], loss=0.0985, dgw=0.0985, reg=0.0000, time=49.65s.
-- 175/188 [93.1%], loss=0.0915, dgw=0.0915, reg=0.0000, time=51.58s.
-- 188/188 [100.0%], loss=0.0913, dgw=0.0913, reg=0.0000, time=28.74s.
fit: Epoch 11/15, loss = 0.0953, best loss = 0.0953
results/MUTAG_Our_Spectral_usl_tsne_fit_11.pdf
-- 25/188 [13.3%], loss=0.0928, dgw=0.0928, reg=0.0000, time=61.98s.
-- 50/188 [26.6%], loss=0.0908, dgw=0.0908, reg=0.0000, time=48.33s.
-- 75/188 [39.9%], loss=0.0898, dgw=0.0898, reg=0.0000, time=60.09s.
-- 100/188 [53.2%], loss=0.0902, dgw=0.0902, reg=0.0000, time=51.24s.
-- 125/188 [66.5%], loss=0.0890, dgw=0.0890, reg=0.0000, time=44.94s.
-- 150/188 [79.8%], loss=0.0873, dgw=0.0873, reg=0.0000, time=43.79s.
-- 175/188 [93.1%], loss=0.0854, dgw=0.0854, reg=0.0000, time=34.98s.
-- 188/188 [100.0%], loss=0.0862, dgw=0.0862, reg=0.0000, time=21.43s.
fit: Epoch 12/15, loss = 0.0891, best loss = 0.0891
results/MUTAG_Our_Spectral_usl_tsne_fit_12.pdf
-- 25/188 [13.3%], loss=0.0893, dgw=0.0893, reg=0.0000, time=52.38s.
-- 50/188 [26.6%], loss=0.0852, dgw=0.0852, reg=0.0000, time=43.09s.
-- 75/188 [39.9%], loss=0.0854, dgw=0.0854, reg=0.0000, time=55.45s.
-- 100/188 [53.2%], loss=0.0827, dgw=0.0827, reg=0.0000, time=57.50s.
-- 125/188 [66.5%], loss=0.0789, dgw=0.0789, reg=0.0000, time=50.51s.
-- 150/188 [79.8%], loss=0.0860, dgw=0.0860, reg=0.0000, time=42.80s.
-- 175/188 [93.1%], loss=0.0784, dgw=0.0784, reg=0.0000, time=56.00s.
-- 188/188 [100.0%], loss=0.0812, dgw=0.0812, reg=0.0000, time=28.86s.
fit: Epoch 13/15, loss = 0.0835, best loss = 0.0835
results/MUTAG_Our_Spectral_usl_tsne_fit_13.pdf
-- 25/188 [13.3%], loss=0.0814, dgw=0.0814, reg=0.0000, time=22.09s.
-- 50/188 [26.6%], loss=0.0772, dgw=0.0772, reg=0.0000, time=44.12s.
-- 75/188 [39.9%], loss=0.0818, dgw=0.0818, reg=0.0000, time=61.12s.
-- 100/188 [53.2%], loss=0.0787, dgw=0.0787, reg=0.0000, time=29.60s.
-- 125/188 [66.5%], loss=0.0781, dgw=0.0781, reg=0.0000, time=53.92s.
-- 150/188 [79.8%], loss=0.0767, dgw=0.0767, reg=0.0000, time=58.81s.
-- 175/188 [93.1%], loss=0.0761, dgw=0.0761, reg=0.0000, time=47.32s.
-- 188/188 [100.0%], loss=0.0777, dgw=0.0777, reg=0.0000, time=28.20s.
fit: Epoch 14/15, loss = 0.0785, best loss = 0.0785
results/MUTAG_Our_Spectral_usl_tsne_fit_14.pdf
-- 25/188 [13.3%], loss=0.0731, dgw=0.0731, reg=0.0000, time=48.25s.
-- 50/188 [26.6%], loss=0.0755, dgw=0.0755, reg=0.0000, time=44.57s.
-- 75/188 [39.9%], loss=0.0715, dgw=0.0715, reg=0.0000, time=43.29s.
-- 100/188 [53.2%], loss=0.0739, dgw=0.0739, reg=0.0000, time=40.07s.
-- 125/188 [66.5%], loss=0.0748, dgw=0.0748, reg=0.0000, time=50.39s.
-- 150/188 [79.8%], loss=0.0748, dgw=0.0748, reg=0.0000, time=52.01s.
-- 175/188 [93.1%], loss=0.0767, dgw=0.0767, reg=0.0000, time=50.09s.
-- 188/188 [100.0%], loss=0.0687, dgw=0.0687, reg=0.0000, time=30.34s.
fit: Epoch 15/15, loss = 0.0739, best loss = 0.0739
results/MUTAG_Our_Spectral_usl_tsne_fit_15.pdf
Best Acc  : 0.6542553191489362
Rand Score: 0.5451700989873706
Done!
