-- 25/188 [13.3%], loss=0.2102, dgw=0.2102, reg=0.0000, time=45.71s.
-- 50/188 [26.6%], loss=0.2042, dgw=0.2042, reg=0.0000, time=57.80s.
-- 75/188 [39.9%], loss=0.2065, dgw=0.2065, reg=0.0000, time=47.06s.
-- 100/188 [53.2%], loss=0.2009, dgw=0.2009, reg=0.0000, time=37.55s.
-- 125/188 [66.5%], loss=0.1994, dgw=0.1994, reg=0.0000, time=37.16s.
-- 150/188 [79.8%], loss=0.2010, dgw=0.2010, reg=0.0000, time=50.69s.
-- 175/188 [93.1%], loss=0.1954, dgw=0.1954, reg=0.0000, time=14.57s.
-- 188/188 [100.0%], loss=0.1959, dgw=0.1959, reg=0.0000, time=23.62s.
fit: Epoch 1/15, loss = 0.2021, best loss = 0.2021
results/MUTAG_Our_Spectral_usl_tsne_fit_1.pdf
-- 25/188 [13.3%], loss=0.1918, dgw=0.1918, reg=0.0000, time=58.44s.
-- 50/188 [26.6%], loss=0.1946, dgw=0.1946, reg=0.0000, time=46.75s.
-- 75/188 [39.9%], loss=0.1875, dgw=0.1875, reg=0.0000, time=58.62s.
-- 100/188 [53.2%], loss=0.1852, dgw=0.1852, reg=0.0000, time=39.72s.
-- 125/188 [66.5%], loss=0.1839, dgw=0.1839, reg=0.0000, time=39.65s.
-- 150/188 [79.8%], loss=0.1812, dgw=0.1812, reg=0.0000, time=57.76s.
-- 175/188 [93.1%], loss=0.1877, dgw=0.1877, reg=0.0000, time=44.77s.
-- 188/188 [100.0%], loss=0.1864, dgw=0.1864, reg=0.0000, time=29.36s.
fit: Epoch 2/15, loss = 0.1873, best loss = 0.1873
results/MUTAG_Our_Spectral_usl_tsne_fit_2.pdf
-- 25/188 [13.3%], loss=0.1827, dgw=0.1827, reg=0.0000, time=64.42s.
-- 50/188 [26.6%], loss=0.1822, dgw=0.1822, reg=0.0000, time=54.48s.
-- 75/188 [39.9%], loss=0.1754, dgw=0.1754, reg=0.0000, time=47.14s.
-- 100/188 [53.2%], loss=0.1728, dgw=0.1728, reg=0.0000, time=38.69s.
-- 125/188 [66.5%], loss=0.1675, dgw=0.1675, reg=0.0000, time=50.19s.
-- 150/188 [79.8%], loss=0.1727, dgw=0.1727, reg=0.0000, time=57.05s.
-- 175/188 [93.1%], loss=0.1646, dgw=0.1646, reg=0.0000, time=58.54s.
-- 188/188 [100.0%], loss=0.1670, dgw=0.1670, reg=0.0000, time=28.28s.
fit: Epoch 3/15, loss = 0.1735, best loss = 0.1735
results/MUTAG_Our_Spectral_usl_tsne_fit_3.pdf
-- 25/188 [13.3%], loss=0.1660, dgw=0.1660, reg=0.0000, time=47.78s.
-- 50/188 [26.6%], loss=0.1646, dgw=0.1646, reg=0.0000, time=69.31s.
-- 75/188 [39.9%], loss=0.1653, dgw=0.1653, reg=0.0000, time=49.02s.
-- 100/188 [53.2%], loss=0.1595, dgw=0.1595, reg=0.0000, time=61.48s.
-- 125/188 [66.5%], loss=0.1594, dgw=0.1594, reg=0.0000, time=50.91s.
-- 150/188 [79.8%], loss=0.1601, dgw=0.1601, reg=0.0000, time=47.69s.
-- 175/188 [93.1%], loss=0.1551, dgw=0.1551, reg=0.0000, time=55.41s.
-- 188/188 [100.0%], loss=0.1490, dgw=0.1490, reg=0.0000, time=26.96s.
fit: Epoch 4/15, loss = 0.1606, best loss = 0.1606
results/MUTAG_Our_Spectral_usl_tsne_fit_4.pdf
-- 25/188 [13.3%], loss=0.1533, dgw=0.1533, reg=0.0000, time=69.04s.
-- 50/188 [26.6%], loss=0.1499, dgw=0.1499, reg=0.0000, time=58.61s.
-- 75/188 [39.9%], loss=0.1499, dgw=0.1499, reg=0.0000, time=69.78s.
-- 100/188 [53.2%], loss=0.1477, dgw=0.1477, reg=0.0000, time=54.04s.
-- 125/188 [66.5%], loss=0.1493, dgw=0.1493, reg=0.0000, time=51.40s.
-- 150/188 [79.8%], loss=0.1469, dgw=0.1469, reg=0.0000, time=45.57s.
-- 175/188 [93.1%], loss=0.1451, dgw=0.1451, reg=0.0000, time=42.57s.
-- 188/188 [100.0%], loss=0.1434, dgw=0.1434, reg=0.0000, time=32.23s.
fit: Epoch 5/15, loss = 0.1485, best loss = 0.1485
results/MUTAG_Our_Spectral_usl_tsne_fit_5.pdf
-- 25/188 [13.3%], loss=0.1433, dgw=0.1433, reg=0.0000, time=50.94s.
-- 50/188 [26.6%], loss=0.1389, dgw=0.1389, reg=0.0000, time=58.35s.
-- 75/188 [39.9%], loss=0.1434, dgw=0.1434, reg=0.0000, time=58.50s.
-- 100/188 [53.2%], loss=0.1396, dgw=0.1396, reg=0.0000, time=50.13s.
-- 125/188 [66.5%], loss=0.1345, dgw=0.1345, reg=0.0000, time=29.66s.
-- 150/188 [79.8%], loss=0.1334, dgw=0.1334, reg=0.0000, time=52.10s.
-- 175/188 [93.1%], loss=0.1340, dgw=0.1340, reg=0.0000, time=49.14s.
-- 188/188 [100.0%], loss=0.1263, dgw=0.1263, reg=0.0000, time=25.14s.
fit: Epoch 6/15, loss = 0.1373, best loss = 0.1373
results/MUTAG_Our_Spectral_usl_tsne_fit_6.pdf
-- 25/188 [13.3%], loss=0.1313, dgw=0.1313, reg=0.0000, time=54.18s.
-- 50/188 [26.6%], loss=0.1280, dgw=0.1280, reg=0.0000, time=56.99s.
-- 75/188 [39.9%], loss=0.1318, dgw=0.1318, reg=0.0000, time=63.47s.
-- 100/188 [53.2%], loss=0.1251, dgw=0.1251, reg=0.0000, time=46.74s.
-- 125/188 [66.5%], loss=0.1285, dgw=0.1285, reg=0.0000, time=39.36s.
-- 150/188 [79.8%], loss=0.1231, dgw=0.1231, reg=0.0000, time=52.36s.
-- 175/188 [93.1%], loss=0.1245, dgw=0.1245, reg=0.0000, time=56.85s.
-- 188/188 [100.0%], loss=0.1230, dgw=0.1230, reg=0.0000, time=36.62s.
fit: Epoch 7/15, loss = 0.1272, best loss = 0.1272
results/MUTAG_Our_Spectral_usl_tsne_fit_7.pdf
-- 25/188 [13.3%], loss=0.1206, dgw=0.1206, reg=0.0000, time=51.45s.
-- 50/188 [26.6%], loss=0.1196, dgw=0.1196, reg=0.0000, time=46.85s.
-- 75/188 [39.9%], loss=0.1206, dgw=0.1206, reg=0.0000, time=41.39s.
-- 100/188 [53.2%], loss=0.1146, dgw=0.1146, reg=0.0000, time=58.17s.
-- 125/188 [66.5%], loss=0.1199, dgw=0.1199, reg=0.0000, time=58.81s.
-- 150/188 [79.8%], loss=0.1171, dgw=0.1171, reg=0.0000, time=45.53s.
-- 175/188 [93.1%], loss=0.1153, dgw=0.1153, reg=0.0000, time=52.13s.
-- 188/188 [100.0%], loss=0.1119, dgw=0.1119, reg=0.0000, time=22.56s.
fit: Epoch 8/15, loss = 0.1178, best loss = 0.1178
results/MUTAG_Our_Spectral_usl_tsne_fit_8.pdf
-- 25/188 [13.3%], loss=0.1132, dgw=0.1132, reg=0.0000, time=48.60s.
-- 50/188 [26.6%], loss=0.1116, dgw=0.1116, reg=0.0000, time=57.87s.
-- 75/188 [39.9%], loss=0.1134, dgw=0.1134, reg=0.0000, time=40.51s.
-- 100/188 [53.2%], loss=0.1057, dgw=0.1057, reg=0.0000, time=40.00s.
-- 125/188 [66.5%], loss=0.1061, dgw=0.1061, reg=0.0000, time=59.68s.
-- 150/188 [79.8%], loss=0.1086, dgw=0.1086, reg=0.0000, time=61.22s.
-- 175/188 [93.1%], loss=0.1092, dgw=0.1092, reg=0.0000, time=72.13s.
-- 188/188 [100.0%], loss=0.1049, dgw=0.1049, reg=0.0000, time=27.84s.
fit: Epoch 9/15, loss = 0.1094, best loss = 0.1094
results/MUTAG_Our_Spectral_usl_tsne_fit_9.pdf
-- 25/188 [13.3%], loss=0.1040, dgw=0.1040, reg=0.0000, time=53.05s.
-- 50/188 [26.6%], loss=0.1015, dgw=0.1015, reg=0.0000, time=66.44s.
-- 75/188 [39.9%], loss=0.1069, dgw=0.1069, reg=0.0000, time=58.13s.
-- 100/188 [53.2%], loss=0.1034, dgw=0.1034, reg=0.0000, time=49.76s.
-- 125/188 [66.5%], loss=0.0985, dgw=0.0985, reg=0.0000, time=35.96s.
-- 150/188 [79.8%], loss=0.0988, dgw=0.0988, reg=0.0000, time=56.96s.
-- 175/188 [93.1%], loss=0.0976, dgw=0.0976, reg=0.0000, time=57.51s.
-- 188/188 [100.0%], loss=0.1035, dgw=0.1035, reg=0.0000, time=30.01s.
fit: Epoch 10/15, loss = 0.1017, best loss = 0.1017
results/MUTAG_Our_Spectral_usl_tsne_fit_10.pdf
-- 25/188 [13.3%], loss=0.0953, dgw=0.0953, reg=0.0000, time=53.77s.
-- 50/188 [26.6%], loss=0.0989, dgw=0.0989, reg=0.0000, time=54.29s.
-- 75/188 [39.9%], loss=0.0956, dgw=0.0956, reg=0.0000, time=50.06s.
-- 100/188 [53.2%], loss=0.0943, dgw=0.0943, reg=0.0000, time=38.70s.
-- 125/188 [66.5%], loss=0.0894, dgw=0.0894, reg=0.0000, time=40.69s.
-- 150/188 [79.8%], loss=0.0929, dgw=0.0929, reg=0.0000, time=42.23s.
-- 175/188 [93.1%], loss=0.0964, dgw=0.0964, reg=0.0000, time=51.34s.
-- 188/188 [100.0%], loss=0.0970, dgw=0.0970, reg=0.0000, time=33.94s.
fit: Epoch 11/15, loss = 0.0949, best loss = 0.0949
results/MUTAG_Our_Spectral_usl_tsne_fit_11.pdf
-- 25/188 [13.3%], loss=0.0892, dgw=0.0892, reg=0.0000, time=42.38s.
-- 50/188 [26.6%], loss=0.0891, dgw=0.0891, reg=0.0000, time=48.24s.
-- 75/188 [39.9%], loss=0.0900, dgw=0.0900, reg=0.0000, time=55.34s.
-- 100/188 [53.2%], loss=0.0919, dgw=0.0919, reg=0.0000, time=47.57s.
-- 125/188 [66.5%], loss=0.0898, dgw=0.0898, reg=0.0000, time=50.70s.
-- 150/188 [79.8%], loss=0.0824, dgw=0.0824, reg=0.0000, time=47.87s.
-- 175/188 [93.1%], loss=0.0876, dgw=0.0876, reg=0.0000, time=64.20s.
-- 188/188 [100.0%], loss=0.0890, dgw=0.0890, reg=0.0000, time=32.77s.
fit: Epoch 12/15, loss = 0.0886, best loss = 0.0886
results/MUTAG_Our_Spectral_usl_tsne_fit_12.pdf
-- 25/188 [13.3%], loss=0.0814, dgw=0.0814, reg=0.0000, time=44.81s.
-- 50/188 [26.6%], loss=0.0877, dgw=0.0877, reg=0.0000, time=39.08s.
-- 75/188 [39.9%], loss=0.0838, dgw=0.0838, reg=0.0000, time=45.46s.
-- 100/188 [53.2%], loss=0.0868, dgw=0.0868, reg=0.0000, time=49.93s.
-- 125/188 [66.5%], loss=0.0822, dgw=0.0822, reg=0.0000, time=51.37s.
-- 150/188 [79.8%], loss=0.0784, dgw=0.0784, reg=0.0000, time=42.04s.
-- 175/188 [93.1%], loss=0.0835, dgw=0.0835, reg=0.0000, time=55.29s.
-- 188/188 [100.0%], loss=0.0793, dgw=0.0793, reg=0.0000, time=28.96s.
fit: Epoch 13/15, loss = 0.0831, best loss = 0.0831
results/MUTAG_Our_Spectral_usl_tsne_fit_13.pdf
-- 25/188 [13.3%], loss=0.0781, dgw=0.0781, reg=0.0000, time=39.74s.
-- 50/188 [26.6%], loss=0.0807, dgw=0.0807, reg=0.0000, time=47.96s.
-- 75/188 [39.9%], loss=0.0786, dgw=0.0786, reg=0.0000, time=34.32s.
-- 100/188 [53.2%], loss=0.0797, dgw=0.0797, reg=0.0000, time=41.33s.
-- 125/188 [66.5%], loss=0.0761, dgw=0.0761, reg=0.0000, time=50.57s.
-- 150/188 [79.8%], loss=0.0769, dgw=0.0769, reg=0.0000, time=62.52s.
-- 175/188 [93.1%], loss=0.0781, dgw=0.0781, reg=0.0000, time=46.33s.
-- 188/188 [100.0%], loss=0.0735, dgw=0.0735, reg=0.0000, time=30.96s.
fit: Epoch 14/15, loss = 0.0780, best loss = 0.0780
results/MUTAG_Our_Spectral_usl_tsne_fit_14.pdf
-- 25/188 [13.3%], loss=0.0757, dgw=0.0757, reg=0.0000, time=47.38s.
-- 50/188 [26.6%], loss=0.0768, dgw=0.0768, reg=0.0000, time=47.80s.
-- 75/188 [39.9%], loss=0.0754, dgw=0.0754, reg=0.0000, time=33.38s.
-- 100/188 [53.2%], loss=0.0705, dgw=0.0705, reg=0.0000, time=49.97s.
-- 125/188 [66.5%], loss=0.0742, dgw=0.0742, reg=0.0000, time=52.97s.
-- 150/188 [79.8%], loss=0.0721, dgw=0.0721, reg=0.0000, time=51.03s.
-- 175/188 [93.1%], loss=0.0711, dgw=0.0711, reg=0.0000, time=45.69s.
-- 188/188 [100.0%], loss=0.0699, dgw=0.0699, reg=0.0000, time=24.86s.
fit: Epoch 15/15, loss = 0.0734, best loss = 0.0734
results/MUTAG_Our_Spectral_usl_tsne_fit_15.pdf
Best Acc  : 0.6329787234042553
Rand Score: 0.5328820116054158
Done!
