-- 25/188 [13.3%], loss=0.2113, dgw=0.2113, reg=0.0000, time=30.12s.
-- 50/188 [26.6%], loss=0.2052, dgw=0.2052, reg=0.0000, time=37.16s.
-- 75/188 [39.9%], loss=0.2066, dgw=0.2066, reg=0.0000, time=45.21s.
-- 100/188 [53.2%], loss=0.2022, dgw=0.2022, reg=0.0000, time=51.81s.
-- 125/188 [66.5%], loss=0.2008, dgw=0.2008, reg=0.0000, time=50.10s.
-- 150/188 [79.8%], loss=0.2036, dgw=0.2036, reg=0.0000, time=40.42s.
-- 175/188 [93.1%], loss=0.1978, dgw=0.1978, reg=0.0000, time=63.15s.
-- 188/188 [100.0%], loss=0.1997, dgw=0.1997, reg=0.0000, time=28.07s.
fit: Epoch 1/15, loss = 0.2036, best loss = 0.2036
results/MUTAG_Our_Spectral_usl_tsne_fit_1.pdf
-- 25/188 [13.3%], loss=0.1947, dgw=0.1947, reg=0.0000, time=55.97s.
-- 50/188 [26.6%], loss=0.1932, dgw=0.1932, reg=0.0000, time=69.46s.
-- 75/188 [39.9%], loss=0.1916, dgw=0.1916, reg=0.0000, time=74.68s.
-- 100/188 [53.2%], loss=0.1913, dgw=0.1913, reg=0.0000, time=70.62s.
-- 125/188 [66.5%], loss=0.1858, dgw=0.1858, reg=0.0000, time=69.81s.
-- 150/188 [79.8%], loss=0.1865, dgw=0.1865, reg=0.0000, time=52.01s.
-- 175/188 [93.1%], loss=0.1815, dgw=0.1815, reg=0.0000, time=53.09s.
-- 188/188 [100.0%], loss=0.1850, dgw=0.1850, reg=0.0000, time=30.20s.
fit: Epoch 2/15, loss = 0.1889, best loss = 0.1889
results/MUTAG_Our_Spectral_usl_tsne_fit_2.pdf
-- 25/188 [13.3%], loss=0.1759, dgw=0.1759, reg=0.0000, time=59.49s.
-- 50/188 [26.6%], loss=0.1777, dgw=0.1777, reg=0.0000, time=75.51s.
-- 75/188 [39.9%], loss=0.1790, dgw=0.1790, reg=0.0000, time=72.07s.
-- 100/188 [53.2%], loss=0.1796, dgw=0.1796, reg=0.0000, time=69.02s.
-- 125/188 [66.5%], loss=0.1724, dgw=0.1724, reg=0.0000, time=64.95s.
-- 150/188 [79.8%], loss=0.1734, dgw=0.1734, reg=0.0000, time=70.79s.
-- 175/188 [93.1%], loss=0.1702, dgw=0.1702, reg=0.0000, time=55.63s.
-- 188/188 [100.0%], loss=0.1707, dgw=0.1707, reg=0.0000, time=23.58s.
fit: Epoch 3/15, loss = 0.1751, best loss = 0.1751
results/MUTAG_Our_Spectral_usl_tsne_fit_3.pdf
-- 25/188 [13.3%], loss=0.1711, dgw=0.1711, reg=0.0000, time=49.91s.
-- 50/188 [26.6%], loss=0.1658, dgw=0.1658, reg=0.0000, time=55.04s.
-- 75/188 [39.9%], loss=0.1688, dgw=0.1688, reg=0.0000, time=62.14s.
-- 100/188 [53.2%], loss=0.1621, dgw=0.1621, reg=0.0000, time=43.00s.
-- 125/188 [66.5%], loss=0.1606, dgw=0.1606, reg=0.0000, time=38.99s.
-- 150/188 [79.8%], loss=0.1595, dgw=0.1595, reg=0.0000, time=63.28s.
-- 175/188 [93.1%], loss=0.1522, dgw=0.1522, reg=0.0000, time=43.68s.
-- 188/188 [100.0%], loss=0.1541, dgw=0.1541, reg=0.0000, time=31.59s.
fit: Epoch 4/15, loss = 0.1623, best loss = 0.1623
results/MUTAG_Our_Spectral_usl_tsne_fit_4.pdf
-- 25/188 [13.3%], loss=0.1515, dgw=0.1515, reg=0.0000, time=69.69s.
-- 50/188 [26.6%], loss=0.1556, dgw=0.1556, reg=0.0000, time=67.16s.
-- 75/188 [39.9%], loss=0.1508, dgw=0.1508, reg=0.0000, time=52.14s.
-- 100/188 [53.2%], loss=0.1505, dgw=0.1505, reg=0.0000, time=58.62s.
-- 125/188 [66.5%], loss=0.1469, dgw=0.1469, reg=0.0000, time=66.69s.
-- 150/188 [79.8%], loss=0.1484, dgw=0.1484, reg=0.0000, time=83.25s.
-- 175/188 [93.1%], loss=0.1494, dgw=0.1494, reg=0.0000, time=50.27s.
-- 188/188 [100.0%], loss=0.1477, dgw=0.1477, reg=0.0000, time=39.75s.
fit: Epoch 5/15, loss = 0.1503, best loss = 0.1503
results/MUTAG_Our_Spectral_usl_tsne_fit_5.pdf
-- 25/188 [13.3%], loss=0.1455, dgw=0.1455, reg=0.0000, time=52.80s.
-- 50/188 [26.6%], loss=0.1435, dgw=0.1435, reg=0.0000, time=91.48s.
-- 75/188 [39.9%], loss=0.1392, dgw=0.1392, reg=0.0000, time=85.45s.
-- 100/188 [53.2%], loss=0.1346, dgw=0.1346, reg=0.0000, time=73.41s.
-- 125/188 [66.5%], loss=0.1374, dgw=0.1374, reg=0.0000, time=61.84s.
-- 150/188 [79.8%], loss=0.1395, dgw=0.1395, reg=0.0000, time=43.92s.
-- 175/188 [93.1%], loss=0.1367, dgw=0.1367, reg=0.0000, time=72.70s.
-- 188/188 [100.0%], loss=0.1361, dgw=0.1361, reg=0.0000, time=33.63s.
fit: Epoch 6/15, loss = 0.1393, best loss = 0.1393
results/MUTAG_Our_Spectral_usl_tsne_fit_6.pdf
-- 25/188 [13.3%], loss=0.1347, dgw=0.1347, reg=0.0000, time=69.67s.
-- 50/188 [26.6%], loss=0.1319, dgw=0.1319, reg=0.0000, time=67.27s.
-- 75/188 [39.9%], loss=0.1317, dgw=0.1317, reg=0.0000, time=75.49s.
-- 100/188 [53.2%], loss=0.1283, dgw=0.1283, reg=0.0000, time=56.44s.
-- 125/188 [66.5%], loss=0.1256, dgw=0.1256, reg=0.0000, time=52.40s.
-- 150/188 [79.8%], loss=0.1288, dgw=0.1288, reg=0.0000, time=62.50s.
-- 175/188 [93.1%], loss=0.1265, dgw=0.1265, reg=0.0000, time=76.89s.
-- 188/188 [100.0%], loss=0.1216, dgw=0.1216, reg=0.0000, time=30.11s.
fit: Epoch 7/15, loss = 0.1291, best loss = 0.1291
results/MUTAG_Our_Spectral_usl_tsne_fit_7.pdf
-- 25/188 [13.3%], loss=0.1239, dgw=0.1239, reg=0.0000, time=67.48s.
-- 50/188 [26.6%], loss=0.1248, dgw=0.1248, reg=0.0000, time=51.07s.
-- 75/188 [39.9%], loss=0.1254, dgw=0.1254, reg=0.0000, time=67.77s.
-- 100/188 [53.2%], loss=0.1196, dgw=0.1196, reg=0.0000, time=57.65s.
-- 125/188 [66.5%], loss=0.1145, dgw=0.1145, reg=0.0000, time=52.94s.
-- 150/188 [79.8%], loss=0.1175, dgw=0.1175, reg=0.0000, time=36.32s.
-- 175/188 [93.1%], loss=0.1176, dgw=0.1176, reg=0.0000, time=49.38s.
-- 188/188 [100.0%], loss=0.1115, dgw=0.1115, reg=0.0000, time=29.94s.
fit: Epoch 8/15, loss = 0.1199, best loss = 0.1199
results/MUTAG_Our_Spectral_usl_tsne_fit_8.pdf
-- 25/188 [13.3%], loss=0.1152, dgw=0.1152, reg=0.0000, time=71.76s.
-- 50/188 [26.6%], loss=0.1158, dgw=0.1158, reg=0.0000, time=41.18s.
-- 75/188 [39.9%], loss=0.1151, dgw=0.1151, reg=0.0000, time=60.57s.
-- 100/188 [53.2%], loss=0.1108, dgw=0.1108, reg=0.0000, time=65.14s.
-- 125/188 [66.5%], loss=0.1097, dgw=0.1097, reg=0.0000, time=38.53s.
-- 150/188 [79.8%], loss=0.1122, dgw=0.1122, reg=0.0000, time=64.87s.
-- 175/188 [93.1%], loss=0.1059, dgw=0.1059, reg=0.0000, time=75.96s.
-- 188/188 [100.0%], loss=0.1019, dgw=0.1019, reg=0.0000, time=26.17s.
fit: Epoch 9/15, loss = 0.1114, best loss = 0.1114
results/MUTAG_Our_Spectral_usl_tsne_fit_9.pdf
-- 25/188 [13.3%], loss=0.1088, dgw=0.1088, reg=0.0000, time=53.97s.
-- 50/188 [26.6%], loss=0.1079, dgw=0.1079, reg=0.0000, time=54.65s.
-- 75/188 [39.9%], loss=0.1073, dgw=0.1073, reg=0.0000, time=63.35s.
-- 100/188 [53.2%], loss=0.1064, dgw=0.1064, reg=0.0000, time=54.06s.
-- 125/188 [66.5%], loss=0.1016, dgw=0.1016, reg=0.0000, time=48.80s.
-- 150/188 [79.8%], loss=0.1004, dgw=0.1004, reg=0.0000, time=59.59s.
-- 175/188 [93.1%], loss=0.0957, dgw=0.0957, reg=0.0000, time=47.99s.
-- 188/188 [100.0%], loss=0.0997, dgw=0.0997, reg=0.0000, time=15.17s.
fit: Epoch 10/15, loss = 0.1037, best loss = 0.1037
results/MUTAG_Our_Spectral_usl_tsne_fit_10.pdf
-- 25/188 [13.3%], loss=0.0982, dgw=0.0982, reg=0.0000, time=43.42s.
-- 50/188 [26.6%], loss=0.0997, dgw=0.0997, reg=0.0000, time=67.62s.
-- 75/188 [39.9%], loss=0.0944, dgw=0.0944, reg=0.0000, time=54.23s.
-- 100/188 [53.2%], loss=0.1007, dgw=0.1007, reg=0.0000, time=88.59s.
-- 125/188 [66.5%], loss=0.0933, dgw=0.0933, reg=0.0000, time=73.42s.
-- 150/188 [79.8%], loss=0.0971, dgw=0.0971, reg=0.0000, time=69.37s.
-- 175/188 [93.1%], loss=0.0967, dgw=0.0967, reg=0.0000, time=55.36s.
-- 188/188 [100.0%], loss=0.0915, dgw=0.0915, reg=0.0000, time=50.04s.
fit: Epoch 11/15, loss = 0.0968, best loss = 0.0968
results/MUTAG_Our_Spectral_usl_tsne_fit_11.pdf
-- 25/188 [13.3%], loss=0.0943, dgw=0.0943, reg=0.0000, time=44.49s.
-- 50/188 [26.6%], loss=0.0925, dgw=0.0925, reg=0.0000, time=76.92s.
-- 75/188 [39.9%], loss=0.0930, dgw=0.0930, reg=0.0000, time=60.03s.
-- 100/188 [53.2%], loss=0.0877, dgw=0.0877, reg=0.0000, time=57.07s.
-- 125/188 [66.5%], loss=0.0879, dgw=0.0879, reg=0.0000, time=52.72s.
-- 150/188 [79.8%], loss=0.0931, dgw=0.0931, reg=0.0000, time=53.91s.
-- 175/188 [93.1%], loss=0.0867, dgw=0.0867, reg=0.0000, time=56.10s.
-- 188/188 [100.0%], loss=0.0862, dgw=0.0862, reg=0.0000, time=24.44s.
fit: Epoch 12/15, loss = 0.0904, best loss = 0.0904
results/MUTAG_Our_Spectral_usl_tsne_fit_12.pdf
-- 25/188 [13.3%], loss=0.0910, dgw=0.0910, reg=0.0000, time=47.33s.
-- 50/188 [26.6%], loss=0.0855, dgw=0.0855, reg=0.0000, time=77.46s.
-- 75/188 [39.9%], loss=0.0857, dgw=0.0857, reg=0.0000, time=74.69s.
-- 100/188 [53.2%], loss=0.0845, dgw=0.0845, reg=0.0000, time=72.63s.
-- 125/188 [66.5%], loss=0.0863, dgw=0.0863, reg=0.0000, time=57.00s.
-- 150/188 [79.8%], loss=0.0807, dgw=0.0807, reg=0.0000, time=52.12s.
-- 175/188 [93.1%], loss=0.0810, dgw=0.0810, reg=0.0000, time=50.32s.
-- 188/188 [100.0%], loss=0.0817, dgw=0.0817, reg=0.0000, time=38.86s.
fit: Epoch 13/15, loss = 0.0847, best loss = 0.0847
results/MUTAG_Our_Spectral_usl_tsne_fit_13.pdf
-- 25/188 [13.3%], loss=0.0808, dgw=0.0808, reg=0.0000, time=54.21s.
-- 50/188 [26.6%], loss=0.0852, dgw=0.0852, reg=0.0000, time=54.15s.
-- 75/188 [39.9%], loss=0.0865, dgw=0.0865, reg=0.0000, time=32.62s.
-- 100/188 [53.2%], loss=0.0795, dgw=0.0795, reg=0.0000, time=43.38s.
-- 125/188 [66.5%], loss=0.0768, dgw=0.0768, reg=0.0000, time=70.90s.
-- 150/188 [79.8%], loss=0.0735, dgw=0.0735, reg=0.0000, time=65.76s.
-- 175/188 [93.1%], loss=0.0767, dgw=0.0767, reg=0.0000, time=69.21s.
-- 188/188 [100.0%], loss=0.0771, dgw=0.0771, reg=0.0000, time=31.85s.
fit: Epoch 14/15, loss = 0.0797, best loss = 0.0797
results/MUTAG_Our_Spectral_usl_tsne_fit_14.pdf
-- 25/188 [13.3%], loss=0.0776, dgw=0.0776, reg=0.0000, time=31.04s.
-- 50/188 [26.6%], loss=0.0779, dgw=0.0779, reg=0.0000, time=66.35s.
-- 75/188 [39.9%], loss=0.0767, dgw=0.0767, reg=0.0000, time=43.20s.
-- 100/188 [53.2%], loss=0.0754, dgw=0.0754, reg=0.0000, time=55.69s.
-- 125/188 [66.5%], loss=0.0732, dgw=0.0732, reg=0.0000, time=55.81s.
-- 150/188 [79.8%], loss=0.0758, dgw=0.0758, reg=0.0000, time=72.00s.
-- 175/188 [93.1%], loss=0.0718, dgw=0.0718, reg=0.0000, time=49.62s.
-- 188/188 [100.0%], loss=0.0681, dgw=0.0681, reg=0.0000, time=23.85s.
fit: Epoch 15/15, loss = 0.0749, best loss = 0.0749
results/MUTAG_Our_Spectral_usl_tsne_fit_15.pdf
Best Acc  : 0.5531914893617021
Rand Score: 0.5030151325520537
Done!
