-- 25/188 [13.3%], loss=0.2134, dgw=0.2134, reg=0.0000, time=43.75s.
-- 50/188 [26.6%], loss=0.2066, dgw=0.2066, reg=0.0000, time=46.11s.
-- 75/188 [39.9%], loss=0.2048, dgw=0.2048, reg=0.0000, time=56.92s.
-- 100/188 [53.2%], loss=0.2052, dgw=0.2052, reg=0.0000, time=64.18s.
-- 125/188 [66.5%], loss=0.1990, dgw=0.1990, reg=0.0000, time=61.62s.
-- 150/188 [79.8%], loss=0.2005, dgw=0.2005, reg=0.0000, time=71.75s.
-- 175/188 [93.1%], loss=0.1972, dgw=0.1972, reg=0.0000, time=63.27s.
-- 188/188 [100.0%], loss=0.1954, dgw=0.1954, reg=0.0000, time=35.30s.
fit: Epoch 1/15, loss = 0.2032, best loss = 0.2032
results/MUTAG_Our_Spectral_usl_tsne_fit_1.pdf
-- 25/188 [13.3%], loss=0.1934, dgw=0.1934, reg=0.0000, time=56.41s.
-- 50/188 [26.6%], loss=0.1894, dgw=0.1894, reg=0.0000, time=65.43s.
-- 75/188 [39.9%], loss=0.1870, dgw=0.1870, reg=0.0000, time=59.96s.
-- 100/188 [53.2%], loss=0.1883, dgw=0.1883, reg=0.0000, time=46.40s.
-- 125/188 [66.5%], loss=0.1854, dgw=0.1854, reg=0.0000, time=57.39s.
-- 150/188 [79.8%], loss=0.1858, dgw=0.1858, reg=0.0000, time=63.34s.
-- 175/188 [93.1%], loss=0.1913, dgw=0.1913, reg=0.0000, time=80.31s.
-- 188/188 [100.0%], loss=0.1844, dgw=0.1844, reg=0.0000, time=29.81s.
fit: Epoch 2/15, loss = 0.1883, best loss = 0.1883
results/MUTAG_Our_Spectral_usl_tsne_fit_2.pdf
-- 25/188 [13.3%], loss=0.1792, dgw=0.1792, reg=0.0000, time=52.10s.
-- 50/188 [26.6%], loss=0.1800, dgw=0.1800, reg=0.0000, time=58.78s.
-- 75/188 [39.9%], loss=0.1760, dgw=0.1760, reg=0.0000, time=59.93s.
-- 100/188 [53.2%], loss=0.1767, dgw=0.1767, reg=0.0000, time=62.95s.
-- 125/188 [66.5%], loss=0.1742, dgw=0.1742, reg=0.0000, time=59.11s.
-- 150/188 [79.8%], loss=0.1709, dgw=0.1709, reg=0.0000, time=52.36s.
-- 175/188 [93.1%], loss=0.1703, dgw=0.1703, reg=0.0000, time=54.14s.
-- 188/188 [100.0%], loss=0.1634, dgw=0.1634, reg=0.0000, time=25.73s.
fit: Epoch 3/15, loss = 0.1745, best loss = 0.1745
results/MUTAG_Our_Spectral_usl_tsne_fit_3.pdf
-- 25/188 [13.3%], loss=0.1676, dgw=0.1676, reg=0.0000, time=62.34s.
-- 50/188 [26.6%], loss=0.1636, dgw=0.1636, reg=0.0000, time=59.74s.
-- 75/188 [39.9%], loss=0.1605, dgw=0.1605, reg=0.0000, time=56.35s.
-- 100/188 [53.2%], loss=0.1633, dgw=0.1633, reg=0.0000, time=53.94s.
-- 125/188 [66.5%], loss=0.1639, dgw=0.1639, reg=0.0000, time=67.19s.
-- 150/188 [79.8%], loss=0.1596, dgw=0.1596, reg=0.0000, time=62.14s.
-- 175/188 [93.1%], loss=0.1586, dgw=0.1586, reg=0.0000, time=71.70s.
-- 188/188 [100.0%], loss=0.1498, dgw=0.1498, reg=0.0000, time=35.75s.
fit: Epoch 4/15, loss = 0.1616, best loss = 0.1616
results/MUTAG_Our_Spectral_usl_tsne_fit_4.pdf
-- 25/188 [13.3%], loss=0.1563, dgw=0.1563, reg=0.0000, time=81.61s.
-- 50/188 [26.6%], loss=0.1535, dgw=0.1535, reg=0.0000, time=47.42s.
-- 75/188 [39.9%], loss=0.1524, dgw=0.1524, reg=0.0000, time=59.38s.
-- 100/188 [53.2%], loss=0.1483, dgw=0.1483, reg=0.0000, time=77.11s.
-- 125/188 [66.5%], loss=0.1500, dgw=0.1500, reg=0.0000, time=71.16s.
-- 150/188 [79.8%], loss=0.1453, dgw=0.1453, reg=0.0000, time=62.89s.
-- 175/188 [93.1%], loss=0.1423, dgw=0.1423, reg=0.0000, time=70.22s.
-- 188/188 [100.0%], loss=0.1453, dgw=0.1453, reg=0.0000, time=42.83s.
fit: Epoch 5/15, loss = 0.1494, best loss = 0.1494
results/MUTAG_Our_Spectral_usl_tsne_fit_5.pdf
-- 25/188 [13.3%], loss=0.1464, dgw=0.1464, reg=0.0000, time=50.94s.
-- 50/188 [26.6%], loss=0.1435, dgw=0.1435, reg=0.0000, time=71.76s.
-- 75/188 [39.9%], loss=0.1376, dgw=0.1376, reg=0.0000, time=61.03s.
-- 100/188 [53.2%], loss=0.1394, dgw=0.1394, reg=0.0000, time=57.49s.
-- 125/188 [66.5%], loss=0.1345, dgw=0.1345, reg=0.0000, time=63.06s.
-- 150/188 [79.8%], loss=0.1369, dgw=0.1369, reg=0.0000, time=60.11s.
-- 175/188 [93.1%], loss=0.1341, dgw=0.1341, reg=0.0000, time=75.33s.
-- 188/188 [100.0%], loss=0.1285, dgw=0.1285, reg=0.0000, time=37.95s.
fit: Epoch 6/15, loss = 0.1382, best loss = 0.1382
results/MUTAG_Our_Spectral_usl_tsne_fit_6.pdf
-- 25/188 [13.3%], loss=0.1319, dgw=0.1319, reg=0.0000, time=80.59s.
-- 50/188 [26.6%], loss=0.1319, dgw=0.1319, reg=0.0000, time=48.30s.
-- 75/188 [39.9%], loss=0.1274, dgw=0.1274, reg=0.0000, time=68.09s.
-- 100/188 [53.2%], loss=0.1267, dgw=0.1267, reg=0.0000, time=61.50s.
-- 125/188 [66.5%], loss=0.1282, dgw=0.1282, reg=0.0000, time=58.68s.
-- 150/188 [79.8%], loss=0.1268, dgw=0.1268, reg=0.0000, time=42.57s.
-- 175/188 [93.1%], loss=0.1250, dgw=0.1250, reg=0.0000, time=53.99s.
-- 188/188 [100.0%], loss=0.1228, dgw=0.1228, reg=0.0000, time=37.07s.
fit: Epoch 7/15, loss = 0.1279, best loss = 0.1279
results/MUTAG_Our_Spectral_usl_tsne_fit_7.pdf
-- 25/188 [13.3%], loss=0.1279, dgw=0.1279, reg=0.0000, time=43.91s.
-- 50/188 [26.6%], loss=0.1162, dgw=0.1162, reg=0.0000, time=54.01s.
-- 75/188 [39.9%], loss=0.1149, dgw=0.1149, reg=0.0000, time=58.30s.
-- 100/188 [53.2%], loss=0.1190, dgw=0.1190, reg=0.0000, time=49.76s.
-- 125/188 [66.5%], loss=0.1173, dgw=0.1173, reg=0.0000, time=81.29s.
-- 150/188 [79.8%], loss=0.1178, dgw=0.1178, reg=0.0000, time=71.89s.
-- 175/188 [93.1%], loss=0.1199, dgw=0.1199, reg=0.0000, time=60.99s.
-- 188/188 [100.0%], loss=0.1119, dgw=0.1119, reg=0.0000, time=29.65s.
fit: Epoch 8/15, loss = 0.1185, best loss = 0.1185
results/MUTAG_Our_Spectral_usl_tsne_fit_8.pdf
-- 25/188 [13.3%], loss=0.1124, dgw=0.1124, reg=0.0000, time=58.77s.
-- 50/188 [26.6%], loss=0.1141, dgw=0.1141, reg=0.0000, time=60.08s.
-- 75/188 [39.9%], loss=0.1101, dgw=0.1101, reg=0.0000, time=63.83s.
-- 100/188 [53.2%], loss=0.1145, dgw=0.1145, reg=0.0000, time=55.48s.
-- 125/188 [66.5%], loss=0.1099, dgw=0.1099, reg=0.0000, time=70.49s.
-- 150/188 [79.8%], loss=0.1061, dgw=0.1061, reg=0.0000, time=55.26s.
-- 175/188 [93.1%], loss=0.1044, dgw=0.1044, reg=0.0000, time=48.80s.
-- 188/188 [100.0%], loss=0.1076, dgw=0.1076, reg=0.0000, time=23.31s.
fit: Epoch 9/15, loss = 0.1100, best loss = 0.1100
results/MUTAG_Our_Spectral_usl_tsne_fit_9.pdf
-- 25/188 [13.3%], loss=0.1016, dgw=0.1016, reg=0.0000, time=50.71s.
-- 50/188 [26.6%], loss=0.1067, dgw=0.1067, reg=0.0000, time=57.19s.
-- 75/188 [39.9%], loss=0.1071, dgw=0.1071, reg=0.0000, time=63.03s.
-- 100/188 [53.2%], loss=0.1063, dgw=0.1063, reg=0.0000, time=77.75s.
-- 125/188 [66.5%], loss=0.1044, dgw=0.1044, reg=0.0000, time=52.98s.
-- 150/188 [79.8%], loss=0.0986, dgw=0.0986, reg=0.0000, time=67.14s.
-- 175/188 [93.1%], loss=0.0958, dgw=0.0958, reg=0.0000, time=64.98s.
-- 188/188 [100.0%], loss=0.0943, dgw=0.0943, reg=0.0000, time=36.14s.
fit: Epoch 10/15, loss = 0.1023, best loss = 0.1023
results/MUTAG_Our_Spectral_usl_tsne_fit_10.pdf
-- 25/188 [13.3%], loss=0.0948, dgw=0.0948, reg=0.0000, time=81.04s.
-- 50/188 [26.6%], loss=0.1010, dgw=0.1010, reg=0.0000, time=66.41s.
-- 75/188 [39.9%], loss=0.0984, dgw=0.0984, reg=0.0000, time=61.52s.
-- 100/188 [53.2%], loss=0.0944, dgw=0.0944, reg=0.0000, time=66.70s.
-- 125/188 [66.5%], loss=0.0940, dgw=0.0940, reg=0.0000, time=61.40s.
-- 150/188 [79.8%], loss=0.0940, dgw=0.0940, reg=0.0000, time=70.85s.
-- 175/188 [93.1%], loss=0.0939, dgw=0.0939, reg=0.0000, time=51.32s.
-- 188/188 [100.0%], loss=0.0914, dgw=0.0914, reg=0.0000, time=30.15s.
fit: Epoch 11/15, loss = 0.0955, best loss = 0.0955
results/MUTAG_Our_Spectral_usl_tsne_fit_11.pdf
-- 25/188 [13.3%], loss=0.0919, dgw=0.0919, reg=0.0000, time=63.09s.
-- 50/188 [26.6%], loss=0.0963, dgw=0.0963, reg=0.0000, time=64.62s.
-- 75/188 [39.9%], loss=0.0868, dgw=0.0868, reg=0.0000, time=54.53s.
-- 100/188 [53.2%], loss=0.0893, dgw=0.0893, reg=0.0000, time=53.14s.
-- 125/188 [66.5%], loss=0.0872, dgw=0.0872, reg=0.0000, time=34.09s.
-- 150/188 [79.8%], loss=0.0863, dgw=0.0863, reg=0.0000, time=58.69s.
-- 175/188 [93.1%], loss=0.0864, dgw=0.0864, reg=0.0000, time=44.61s.
-- 188/188 [100.0%], loss=0.0887, dgw=0.0887, reg=0.0000, time=22.63s.
fit: Epoch 12/15, loss = 0.0891, best loss = 0.0891
results/MUTAG_Our_Spectral_usl_tsne_fit_12.pdf
-- 25/188 [13.3%], loss=0.0864, dgw=0.0864, reg=0.0000, time=65.22s.
-- 50/188 [26.6%], loss=0.0811, dgw=0.0811, reg=0.0000, time=66.50s.
-- 75/188 [39.9%], loss=0.0853, dgw=0.0853, reg=0.0000, time=72.97s.
-- 100/188 [53.2%], loss=0.0847, dgw=0.0847, reg=0.0000, time=59.54s.
-- 125/188 [66.5%], loss=0.0849, dgw=0.0849, reg=0.0000, time=73.78s.
-- 150/188 [79.8%], loss=0.0889, dgw=0.0889, reg=0.0000, time=59.10s.
-- 175/188 [93.1%], loss=0.0827, dgw=0.0827, reg=0.0000, time=52.22s.
-- 188/188 [100.0%], loss=0.0820, dgw=0.0820, reg=0.0000, time=31.72s.
fit: Epoch 13/15, loss = 0.0847, best loss = 0.0847
results/MUTAG_Our_Spectral_usl_tsne_fit_13.pdf
-- 25/188 [13.3%], loss=0.0779, dgw=0.0779, reg=0.0000, time=40.56s.
-- 50/188 [26.6%], loss=0.0929, dgw=0.0929, reg=0.0000, time=48.02s.
-- 75/188 [39.9%], loss=0.0837, dgw=0.0837, reg=0.0000, time=51.75s.
-- 100/188 [53.2%], loss=0.0876, dgw=0.0876, reg=0.0000, time=55.14s.
-- 125/188 [66.5%], loss=0.0903, dgw=0.0903, reg=0.0000, time=41.24s.
-- 150/188 [79.8%], loss=0.0884, dgw=0.0884, reg=0.0000, time=62.14s.
-- 175/188 [93.1%], loss=0.0905, dgw=0.0905, reg=0.0000, time=60.56s.
-- 188/188 [100.0%], loss=0.1096, dgw=0.1096, reg=0.0000, time=34.84s.
fit: Epoch 14/15, loss = 0.0889, best loss = 0.0847
results/MUTAG_Our_Spectral_usl_tsne_fit_14.pdf
-- 25/188 [13.3%], loss=0.0772, dgw=0.0772, reg=0.0000, time=66.65s.
-- 50/188 [26.6%], loss=0.0755, dgw=0.0755, reg=0.0000, time=67.35s.
-- 75/188 [39.9%], loss=0.0711, dgw=0.0711, reg=0.0000, time=64.59s.
-- 100/188 [53.2%], loss=0.0729, dgw=0.0729, reg=0.0000, time=50.09s.
-- 125/188 [66.5%], loss=0.0708, dgw=0.0708, reg=0.0000, time=51.48s.
-- 150/188 [79.8%], loss=0.0777, dgw=0.0777, reg=0.0000, time=48.04s.
-- 175/188 [93.1%], loss=0.0785, dgw=0.0785, reg=0.0000, time=60.78s.
-- 188/188 [100.0%], loss=0.0766, dgw=0.0766, reg=0.0000, time=40.01s.
fit: Epoch 15/15, loss = 0.0749, best loss = 0.0749
results/MUTAG_Our_Spectral_usl_tsne_fit_15.pdf
Best Acc  : 0.6808510638297872
Rand Score: 0.5630902264193879
Done!
