MORE THAN 2 CLASSES!
-- 25/592 [4.2%], loss=0.2222, dgw=0.2222, reg=0.0000, time=14.61s.
-- 50/592 [8.4%], loss=0.2249, dgw=0.2249, reg=0.0000, time=16.38s.
-- 75/592 [12.7%], loss=0.2172, dgw=0.2172, reg=0.0000, time=17.12s.
-- 100/592 [16.9%], loss=0.2153, dgw=0.2153, reg=0.0000, time=14.82s.
-- 125/592 [21.1%], loss=0.2137, dgw=0.2137, reg=0.0000, time=14.89s.
-- 150/592 [25.3%], loss=0.2004, dgw=0.2004, reg=0.0000, time=20.08s.
-- 175/592 [29.6%], loss=0.2059, dgw=0.2059, reg=0.0000, time=20.97s.
-- 200/592 [33.8%], loss=0.2193, dgw=0.2193, reg=0.0000, time=26.44s.
-- 225/592 [38.0%], loss=0.2059, dgw=0.2059, reg=0.0000, time=28.73s.
-- 250/592 [42.2%], loss=0.2026, dgw=0.2026, reg=0.0000, time=38.22s.
-- 275/592 [46.5%], loss=0.2040, dgw=0.2040, reg=0.0000, time=46.01s.
-- 300/592 [50.7%], loss=0.1959, dgw=0.1959, reg=0.0000, time=47.10s.
-- 325/592 [54.9%], loss=0.2047, dgw=0.2047, reg=0.0000, time=45.85s.
-- 350/592 [59.1%], loss=0.1966, dgw=0.1966, reg=0.0000, time=45.73s.
-- 375/592 [63.3%], loss=0.1950, dgw=0.1950, reg=0.0000, time=39.53s.
-- 400/592 [67.6%], loss=0.1963, dgw=0.1963, reg=0.0000, time=57.22s.
-- 425/592 [71.8%], loss=0.1902, dgw=0.1902, reg=0.0000, time=42.49s.
-- 450/592 [76.0%], loss=0.1949, dgw=0.1949, reg=0.0000, time=46.03s.
-- 475/592 [80.2%], loss=0.1855, dgw=0.1855, reg=0.0000, time=39.77s.
-- 500/592 [84.5%], loss=0.1827, dgw=0.1827, reg=0.0000, time=49.06s.
-- 525/592 [88.7%], loss=0.1847, dgw=0.1847, reg=0.0000, time=48.82s.
-- 550/592 [92.9%], loss=0.1759, dgw=0.1759, reg=0.0000, time=37.33s.
-- 575/592 [97.1%], loss=0.1853, dgw=0.1853, reg=0.0000, time=39.45s.
-- 592/592 [100.0%], loss=0.1795, dgw=0.1795, reg=0.0000, time=37.55s.
fit: Epoch 1/15, loss = 0.2002, best loss = 0.2002
results/ENZYMES_Chen_GW_usl_tsne_fit_1.pdf
-- 25/592 [4.2%], loss=0.1805, dgw=0.1805, reg=0.0000, time=41.55s.
-- 50/592 [8.4%], loss=0.1763, dgw=0.1763, reg=0.0000, time=33.61s.
-- 75/592 [12.7%], loss=0.1740, dgw=0.1740, reg=0.0000, time=55.65s.
-- 100/592 [16.9%], loss=0.1722, dgw=0.1722, reg=0.0000, time=43.22s.
-- 125/592 [21.1%], loss=0.1756, dgw=0.1756, reg=0.0000, time=39.52s.
-- 150/592 [25.3%], loss=0.1630, dgw=0.1630, reg=0.0000, time=30.89s.
-- 175/592 [29.6%], loss=0.1641, dgw=0.1641, reg=0.0000, time=28.32s.
-- 200/592 [33.8%], loss=0.1608, dgw=0.1608, reg=0.0000, time=31.60s.
-- 225/592 [38.0%], loss=0.1609, dgw=0.1609, reg=0.0000, time=53.51s.
-- 250/592 [42.2%], loss=0.1554, dgw=0.1554, reg=0.0000, time=51.95s.
-- 275/592 [46.5%], loss=0.1589, dgw=0.1589, reg=0.0000, time=44.26s.
-- 300/592 [50.7%], loss=0.1595, dgw=0.1595, reg=0.0000, time=39.90s.
-- 325/592 [54.9%], loss=0.1611, dgw=0.1611, reg=0.0000, time=43.41s.
-- 350/592 [59.1%], loss=0.1557, dgw=0.1557, reg=0.0000, time=49.00s.
-- 375/592 [63.3%], loss=0.1570, dgw=0.1570, reg=0.0000, time=57.47s.
-- 400/592 [67.6%], loss=0.1492, dgw=0.1492, reg=0.0000, time=39.95s.
-- 425/592 [71.8%], loss=0.1497, dgw=0.1497, reg=0.0000, time=41.99s.
-- 450/592 [76.0%], loss=0.1490, dgw=0.1490, reg=0.0000, time=44.06s.
-- 475/592 [80.2%], loss=0.1460, dgw=0.1460, reg=0.0000, time=56.55s.
-- 500/592 [84.5%], loss=0.1467, dgw=0.1467, reg=0.0000, time=44.05s.
-- 525/592 [88.7%], loss=0.1455, dgw=0.1455, reg=0.0000, time=52.83s.
-- 550/592 [92.9%], loss=0.1438, dgw=0.1438, reg=0.0000, time=40.38s.
-- 575/592 [97.1%], loss=0.1455, dgw=0.1455, reg=0.0000, time=44.09s.
-- 592/592 [100.0%], loss=0.1386, dgw=0.1386, reg=0.0000, time=34.12s.
fit: Epoch 2/15, loss = 0.1581, best loss = 0.1581
results/ENZYMES_Chen_GW_usl_tsne_fit_2.pdf
-- 25/592 [4.2%], loss=0.1378, dgw=0.1378, reg=0.0000, time=33.63s.
-- 50/592 [8.4%], loss=0.1445, dgw=0.1445, reg=0.0000, time=59.87s.
-- 75/592 [12.7%], loss=0.1376, dgw=0.1376, reg=0.0000, time=47.08s.
-- 100/592 [16.9%], loss=0.1395, dgw=0.1395, reg=0.0000, time=43.56s.
-- 125/592 [21.1%], loss=0.1301, dgw=0.1301, reg=0.0000, time=48.45s.
-- 150/592 [25.3%], loss=0.1341, dgw=0.1341, reg=0.0000, time=47.18s.
-- 175/592 [29.6%], loss=0.1352, dgw=0.1352, reg=0.0000, time=55.97s.
-- 200/592 [33.8%], loss=0.1275, dgw=0.1275, reg=0.0000, time=38.16s.
-- 225/592 [38.0%], loss=0.1280, dgw=0.1280, reg=0.0000, time=55.12s.
-- 250/592 [42.2%], loss=0.1261, dgw=0.1261, reg=0.0000, time=44.35s.
-- 275/592 [46.5%], loss=0.1271, dgw=0.1271, reg=0.0000, time=48.07s.
-- 300/592 [50.7%], loss=0.1266, dgw=0.1266, reg=0.0000, time=38.35s.
-- 325/592 [54.9%], loss=0.1266, dgw=0.1266, reg=0.0000, time=37.84s.
-- 350/592 [59.1%], loss=0.1174, dgw=0.1174, reg=0.0000, time=39.40s.
-- 375/592 [63.3%], loss=0.1218, dgw=0.1218, reg=0.0000, time=31.59s.
-- 400/592 [67.6%], loss=0.1198, dgw=0.1198, reg=0.0000, time=30.18s.
-- 425/592 [71.8%], loss=0.1183, dgw=0.1183, reg=0.0000, time=45.06s.
-- 450/592 [76.0%], loss=0.1185, dgw=0.1185, reg=0.0000, time=48.73s.
-- 475/592 [80.2%], loss=0.1160, dgw=0.1160, reg=0.0000, time=46.70s.
-- 500/592 [84.5%], loss=0.1170, dgw=0.1170, reg=0.0000, time=35.55s.
-- 525/592 [88.7%], loss=0.1174, dgw=0.1174, reg=0.0000, time=40.94s.
-- 550/592 [92.9%], loss=0.1153, dgw=0.1153, reg=0.0000, time=45.03s.
-- 575/592 [97.1%], loss=0.1135, dgw=0.1135, reg=0.0000, time=48.74s.
-- 592/592 [100.0%], loss=0.1114, dgw=0.1114, reg=0.0000, time=29.42s.
fit: Epoch 3/15, loss = 0.1255, best loss = 0.1255
results/ENZYMES_Chen_GW_usl_tsne_fit_3.pdf
-- 25/592 [4.2%], loss=0.1052, dgw=0.1052, reg=0.0000, time=28.91s.
-- 50/592 [8.4%], loss=0.1128, dgw=0.1128, reg=0.0000, time=41.55s.
-- 75/592 [12.7%], loss=0.1184, dgw=0.1184, reg=0.0000, time=41.83s.
-- 100/592 [16.9%], loss=0.1092, dgw=0.1092, reg=0.0000, time=44.87s.
-- 125/592 [21.1%], loss=0.1077, dgw=0.1077, reg=0.0000, time=47.51s.
-- 150/592 [25.3%], loss=0.1048, dgw=0.1048, reg=0.0000, time=38.43s.
-- 175/592 [29.6%], loss=0.1047, dgw=0.1047, reg=0.0000, time=31.43s.
-- 200/592 [33.8%], loss=0.1047, dgw=0.1047, reg=0.0000, time=39.01s.
-- 225/592 [38.0%], loss=0.1052, dgw=0.1052, reg=0.0000, time=38.28s.
-- 250/592 [42.2%], loss=0.1033, dgw=0.1033, reg=0.0000, time=46.10s.
-- 275/592 [46.5%], loss=0.1032, dgw=0.1032, reg=0.0000, time=43.06s.
-- 300/592 [50.7%], loss=0.1027, dgw=0.1027, reg=0.0000, time=44.14s.
-- 325/592 [54.9%], loss=0.1024, dgw=0.1024, reg=0.0000, time=44.94s.
-- 350/592 [59.1%], loss=0.0947, dgw=0.0947, reg=0.0000, time=45.50s.
-- 375/592 [63.3%], loss=0.0989, dgw=0.0989, reg=0.0000, time=50.67s.
-- 400/592 [67.6%], loss=0.0958, dgw=0.0958, reg=0.0000, time=53.35s.
-- 425/592 [71.8%], loss=0.0954, dgw=0.0954, reg=0.0000, time=55.84s.
-- 450/592 [76.0%], loss=0.0922, dgw=0.0922, reg=0.0000, time=34.62s.
-- 475/592 [80.2%], loss=0.0945, dgw=0.0945, reg=0.0000, time=30.63s.
-- 500/592 [84.5%], loss=0.0960, dgw=0.0960, reg=0.0000, time=33.14s.
-- 525/592 [88.7%], loss=0.0935, dgw=0.0935, reg=0.0000, time=43.62s.
-- 550/592 [92.9%], loss=0.1007, dgw=0.1007, reg=0.0000, time=38.19s.
-- 575/592 [97.1%], loss=0.0911, dgw=0.0911, reg=0.0000, time=42.34s.
-- 592/592 [100.0%], loss=0.0932, dgw=0.0932, reg=0.0000, time=33.93s.
fit: Epoch 4/15, loss = 0.1014, best loss = 0.1014
results/ENZYMES_Chen_GW_usl_tsne_fit_4.pdf
-- 25/592 [4.2%], loss=0.0917, dgw=0.0917, reg=0.0000, time=50.89s.
-- 50/592 [8.4%], loss=0.0895, dgw=0.0895, reg=0.0000, time=61.92s.
-- 75/592 [12.7%], loss=0.0881, dgw=0.0881, reg=0.0000, time=56.98s.
-- 100/592 [16.9%], loss=0.0873, dgw=0.0873, reg=0.0000, time=56.17s.
-- 125/592 [21.1%], loss=0.0877, dgw=0.0877, reg=0.0000, time=50.92s.
-- 150/592 [25.3%], loss=0.0881, dgw=0.0881, reg=0.0000, time=41.82s.
-- 175/592 [29.6%], loss=0.0857, dgw=0.0857, reg=0.0000, time=50.64s.
-- 200/592 [33.8%], loss=0.0845, dgw=0.0845, reg=0.0000, time=53.80s.
-- 225/592 [38.0%], loss=0.0931, dgw=0.0931, reg=0.0000, time=64.95s.
-- 250/592 [42.2%], loss=0.0832, dgw=0.0832, reg=0.0000, time=43.68s.
-- 275/592 [46.5%], loss=0.0836, dgw=0.0836, reg=0.0000, time=55.06s.
-- 300/592 [50.7%], loss=0.0846, dgw=0.0846, reg=0.0000, time=51.38s.
-- 325/592 [54.9%], loss=0.0845, dgw=0.0845, reg=0.0000, time=47.53s.
-- 350/592 [59.1%], loss=0.0818, dgw=0.0818, reg=0.0000, time=45.21s.
-- 375/592 [63.3%], loss=0.0808, dgw=0.0808, reg=0.0000, time=34.37s.
-- 400/592 [67.6%], loss=0.0917, dgw=0.0917, reg=0.0000, time=44.26s.
-- 425/592 [71.8%], loss=0.0815, dgw=0.0815, reg=0.0000, time=56.29s.
-- 450/592 [76.0%], loss=0.0808, dgw=0.0808, reg=0.0000, time=50.55s.
-- 475/592 [80.2%], loss=0.0788, dgw=0.0788, reg=0.0000, time=48.94s.
-- 500/592 [84.5%], loss=0.1188, dgw=0.1188, reg=0.0000, time=36.51s.
-- 525/592 [88.7%], loss=0.0774, dgw=0.0774, reg=0.0000, time=37.92s.
-- 550/592 [92.9%], loss=0.0785, dgw=0.0785, reg=0.0000, time=25.83s.
-- 575/592 [97.1%], loss=0.0763, dgw=0.0763, reg=0.0000, time=38.57s.
-- 592/592 [100.0%], loss=0.0791, dgw=0.0791, reg=0.0000, time=25.75s.
fit: Epoch 5/15, loss = 0.0858, best loss = 0.0858
results/ENZYMES_Chen_GW_usl_tsne_fit_5.pdf
-- 25/592 [4.2%], loss=0.0790, dgw=0.0790, reg=0.0000, time=47.04s.
-- 50/592 [8.4%], loss=0.0806, dgw=0.0806, reg=0.0000, time=53.25s.
-- 75/592 [12.7%], loss=0.0767, dgw=0.0767, reg=0.0000, time=31.28s.
-- 100/592 [16.9%], loss=0.0882, dgw=0.0882, reg=0.0000, time=38.98s.
-- 125/592 [21.1%], loss=0.0770, dgw=0.0770, reg=0.0000, time=43.31s.
-- 150/592 [25.3%], loss=0.0940, dgw=0.0940, reg=0.0000, time=55.28s.
-- 175/592 [29.6%], loss=0.1038, dgw=0.1038, reg=0.0000, time=57.22s.
-- 200/592 [33.8%], loss=0.1173, dgw=0.1173, reg=0.0000, time=54.93s.
-- 225/592 [38.0%], loss=0.1479, dgw=0.1479, reg=0.0000, time=62.13s.
-- 250/592 [42.2%], loss=0.1222, dgw=0.1222, reg=0.0000, time=52.74s.
-- 275/592 [46.5%], loss=0.1259, dgw=0.1259, reg=0.0000, time=51.21s.
-- 300/592 [50.7%], loss=0.1604, dgw=0.1604, reg=0.0000, time=45.84s.
-- 325/592 [54.9%], loss=0.1248, dgw=0.1248, reg=0.0000, time=46.08s.
-- 350/592 [59.1%], loss=0.1406, dgw=0.1406, reg=0.0000, time=44.94s.
-- 375/592 [63.3%], loss=0.1572, dgw=0.1572, reg=0.0000, time=47.03s.
-- 400/592 [67.6%], loss=0.1667, dgw=0.1667, reg=0.0000, time=49.66s.
-- 425/592 [71.8%], loss=0.1636, dgw=0.1636, reg=0.0000, time=32.91s.
-- 450/592 [76.0%], loss=0.1593, dgw=0.1593, reg=0.0000, time=50.67s.
-- 475/592 [80.2%], loss=0.1974, dgw=0.1974, reg=0.0000, time=43.96s.
-- 500/592 [84.5%], loss=0.2325, dgw=0.2325, reg=0.0000, time=52.91s.
-- 525/592 [88.7%], loss=0.1765, dgw=0.1765, reg=0.0000, time=52.58s.
-- 550/592 [92.9%], loss=0.3682, dgw=0.3682, reg=0.0000, time=44.96s.
-- 575/592 [97.1%], loss=0.3101, dgw=0.3101, reg=0.0000, time=39.16s.
-- 592/592 [100.0%], loss=0.5393, dgw=0.5393, reg=0.0000, time=24.03s.
fit: Epoch 6/15, loss = 0.1620, best loss = 0.0858
results/ENZYMES_Chen_GW_usl_tsne_fit_6.pdf
-- 25/592 [4.2%], loss=0.6487, dgw=0.6487, reg=0.0000, time=48.65s.
-- 50/592 [8.4%], loss=0.7590, dgw=0.7590, reg=0.0000, time=36.24s.
-- 75/592 [12.7%], loss=0.9545, dgw=0.9545, reg=0.0000, time=37.19s.
-- 100/592 [16.9%], loss=0.9373, dgw=0.9373, reg=0.0000, time=47.76s.
-- 125/592 [21.1%], loss=0.8988, dgw=0.8988, reg=0.0000, time=58.49s.
-- 150/592 [25.3%], loss=0.9801, dgw=0.9801, reg=0.0000, time=49.67s.
-- 175/592 [29.6%], loss=0.9812, dgw=0.9812, reg=0.0000, time=48.90s.
-- 200/592 [33.8%], loss=0.9252, dgw=0.9252, reg=0.0000, time=36.77s.
-- 225/592 [38.0%], loss=1.0005, dgw=1.0005, reg=0.0000, time=45.92s.
-- 250/592 [42.2%], loss=1.0334, dgw=1.0334, reg=0.0000, time=37.37s.
-- 275/592 [46.5%], loss=1.0622, dgw=1.0622, reg=0.0000, time=47.79s.
-- 300/592 [50.7%], loss=1.0628, dgw=1.0628, reg=0.0000, time=40.48s.
-- 325/592 [54.9%], loss=1.0346, dgw=1.0346, reg=0.0000, time=33.99s.
-- 350/592 [59.1%], loss=1.0339, dgw=1.0339, reg=0.0000, time=21.08s.
-- 375/592 [63.3%], loss=1.0605, dgw=1.0605, reg=0.0000, time=37.77s.
-- 400/592 [67.6%], loss=1.0602, dgw=1.0602, reg=0.0000, time=42.61s.
-- 425/592 [71.8%], loss=1.0256, dgw=1.0256, reg=0.0000, time=48.42s.
-- 450/592 [76.0%], loss=1.0589, dgw=1.0589, reg=0.0000, time=45.56s.
-- 475/592 [80.2%], loss=1.0588, dgw=1.0588, reg=0.0000, time=35.43s.
-- 500/592 [84.5%], loss=1.0592, dgw=1.0592, reg=0.0000, time=36.25s.
-- 525/592 [88.7%], loss=1.0722, dgw=1.0722, reg=0.0000, time=33.78s.
-- 550/592 [92.9%], loss=1.0476, dgw=1.0476, reg=0.0000, time=40.69s.
-- 575/592 [97.1%], loss=1.0566, dgw=1.0566, reg=0.0000, time=38.01s.
-- 592/592 [100.0%], loss=1.0589, dgw=1.0589, reg=0.0000, time=30.34s.
fit: Epoch 7/15, loss = 0.9937, best loss = 0.0858
results/ENZYMES_Chen_GW_usl_tsne_fit_7.pdf
-- 25/592 [4.2%], loss=1.0318, dgw=1.0318, reg=0.0000, time=35.49s.
-- 50/592 [8.4%], loss=1.0563, dgw=1.0563, reg=0.0000, time=40.56s.
-- 75/592 [12.7%], loss=1.0599, dgw=1.0599, reg=0.0000, time=45.51s.
-- 100/592 [16.9%], loss=1.0563, dgw=1.0563, reg=0.0000, time=48.69s.
-- 125/592 [21.1%], loss=1.0558, dgw=1.0558, reg=0.0000, time=27.21s.
-- 150/592 [25.3%], loss=1.0551, dgw=1.0551, reg=0.0000, time=32.69s.
-- 175/592 [29.6%], loss=1.0425, dgw=1.0425, reg=0.0000, time=45.70s.
-- 200/592 [33.8%], loss=1.0550, dgw=1.0550, reg=0.0000, time=55.66s.
-- 225/592 [38.0%], loss=1.0681, dgw=1.0681, reg=0.0000, time=42.95s.
-- 250/592 [42.2%], loss=1.0564, dgw=1.0564, reg=0.0000, time=38.15s.
-- 275/592 [46.5%], loss=1.0230, dgw=1.0230, reg=0.0000, time=46.13s.
-- 300/592 [50.7%], loss=1.0555, dgw=1.0555, reg=0.0000, time=32.91s.
-- 325/592 [54.9%], loss=1.0533, dgw=1.0533, reg=0.0000, time=34.13s.
-- 350/592 [59.1%], loss=1.0529, dgw=1.0529, reg=0.0000, time=39.38s.
-- 375/592 [63.3%], loss=1.0493, dgw=1.0493, reg=0.0000, time=35.38s.
-- 400/592 [67.6%], loss=1.0541, dgw=1.0541, reg=0.0000, time=32.03s.
-- 425/592 [71.8%], loss=1.0526, dgw=1.0526, reg=0.0000, time=29.48s.
-- 450/592 [76.0%], loss=1.0523, dgw=1.0523, reg=0.0000, time=38.09s.
-- 475/592 [80.2%], loss=1.0537, dgw=1.0537, reg=0.0000, time=28.46s.
-- 500/592 [84.5%], loss=1.0528, dgw=1.0528, reg=0.0000, time=34.26s.
-- 525/592 [88.7%], loss=1.0516, dgw=1.0516, reg=0.0000, time=41.39s.
-- 550/592 [92.9%], loss=1.0235, dgw=1.0235, reg=0.0000, time=32.37s.
-- 575/592 [97.1%], loss=1.0531, dgw=1.0531, reg=0.0000, time=38.70s.
-- 592/592 [100.0%], loss=1.0512, dgw=1.0512, reg=0.0000, time=23.82s.
fit: Epoch 8/15, loss = 1.0507, best loss = 0.0858
results/ENZYMES_Chen_GW_usl_tsne_fit_8.pdf
-- 25/592 [4.2%], loss=1.0277, dgw=1.0277, reg=0.0000, time=31.43s.
-- 50/592 [8.4%], loss=1.0180, dgw=1.0180, reg=0.0000, time=32.24s.
-- 75/592 [12.7%], loss=1.0504, dgw=1.0504, reg=0.0000, time=33.88s.
-- 100/592 [16.9%], loss=1.0500, dgw=1.0500, reg=0.0000, time=30.35s.
-- 125/592 [21.1%], loss=1.0262, dgw=1.0262, reg=0.0000, time=35.16s.
-- 150/592 [25.3%], loss=1.0522, dgw=1.0522, reg=0.0000, time=44.68s.
-- 175/592 [29.6%], loss=1.0516, dgw=1.0516, reg=0.0000, time=49.43s.
-- 200/592 [33.8%], loss=1.0518, dgw=1.0518, reg=0.0000, time=31.38s.
-- 225/592 [38.0%], loss=1.0491, dgw=1.0491, reg=0.0000, time=36.36s.
-- 250/592 [42.2%], loss=1.0501, dgw=1.0501, reg=0.0000, time=35.88s.
-- 275/592 [46.5%], loss=1.0490, dgw=1.0490, reg=0.0000, time=36.32s.
-- 300/592 [50.7%], loss=1.0479, dgw=1.0479, reg=0.0000, time=36.27s.
-- 325/592 [54.9%], loss=1.0475, dgw=1.0475, reg=0.0000, time=36.30s.
-- 350/592 [59.1%], loss=1.0488, dgw=1.0488, reg=0.0000, time=36.25s.
-- 375/592 [63.3%], loss=1.0214, dgw=1.0214, reg=0.0000, time=29.38s.
-- 400/592 [67.6%], loss=1.0503, dgw=1.0503, reg=0.0000, time=44.52s.
-- 425/592 [71.8%], loss=1.0627, dgw=1.0627, reg=0.0000, time=30.89s.
-- 450/592 [76.0%], loss=1.0482, dgw=1.0482, reg=0.0000, time=38.84s.
-- 475/592 [80.2%], loss=1.0490, dgw=1.0490, reg=0.0000, time=44.48s.
-- 500/592 [84.5%], loss=1.0482, dgw=1.0482, reg=0.0000, time=30.16s.
-- 525/592 [88.7%], loss=1.0481, dgw=1.0481, reg=0.0000, time=24.55s.
-- 550/592 [92.9%], loss=1.0474, dgw=1.0474, reg=0.0000, time=27.16s.
-- 575/592 [97.1%], loss=1.0460, dgw=1.0460, reg=0.0000, time=33.72s.
-- 592/592 [100.0%], loss=1.0636, dgw=1.0636, reg=0.0000, time=15.42s.
fit: Epoch 9/15, loss = 1.0458, best loss = 0.0858
results/ENZYMES_Chen_GW_usl_tsne_fit_9.pdf
-- 25/592 [4.2%], loss=1.0126, dgw=1.0126, reg=0.0000, time=30.79s.
-- 50/592 [8.4%], loss=1.0573, dgw=1.0573, reg=0.0000, time=29.90s.
-- 75/592 [12.7%], loss=1.0462, dgw=1.0462, reg=0.0000, time=37.75s.
-- 100/592 [16.9%], loss=1.0444, dgw=1.0444, reg=0.0000, time=38.57s.
-- 125/592 [21.1%], loss=1.0469, dgw=1.0469, reg=0.0000, time=38.35s.
-- 150/592 [25.3%], loss=1.0498, dgw=1.0498, reg=0.0000, time=33.13s.
-- 175/592 [29.6%], loss=1.0129, dgw=1.0129, reg=0.0000, time=38.43s.
-- 200/592 [33.8%], loss=1.0468, dgw=1.0468, reg=0.0000, time=32.12s.
-- 225/592 [38.0%], loss=1.0624, dgw=1.0624, reg=0.0000, time=44.99s.
-- 250/592 [42.2%], loss=1.0474, dgw=1.0474, reg=0.0000, time=42.16s.
-- 275/592 [46.5%], loss=1.0473, dgw=1.0473, reg=0.0000, time=34.94s.
-- 300/592 [50.7%], loss=1.0445, dgw=1.0445, reg=0.0000, time=37.91s.
-- 325/592 [54.9%], loss=1.0436, dgw=1.0436, reg=0.0000, time=37.95s.
-- 350/592 [59.1%], loss=1.0444, dgw=1.0444, reg=0.0000, time=42.25s.
-- 375/592 [63.3%], loss=1.0440, dgw=1.0440, reg=0.0000, time=32.48s.
-- 400/592 [67.6%], loss=1.0433, dgw=1.0433, reg=0.0000, time=38.78s.
-- 425/592 [71.8%], loss=1.0453, dgw=1.0453, reg=0.0000, time=43.45s.
-- 450/592 [76.0%], loss=1.0440, dgw=1.0440, reg=0.0000, time=38.25s.
-- 475/592 [80.2%], loss=1.0162, dgw=1.0162, reg=0.0000, time=39.82s.
-- 500/592 [84.5%], loss=1.0507, dgw=1.0507, reg=0.0000, time=41.93s.
-- 525/592 [88.7%], loss=1.0434, dgw=1.0434, reg=0.0000, time=37.80s.
-- 550/592 [92.9%], loss=1.0192, dgw=1.0192, reg=0.0000, time=34.90s.
-- 575/592 [97.1%], loss=1.0446, dgw=1.0446, reg=0.0000, time=32.29s.
-- 592/592 [100.0%], loss=1.0425, dgw=1.0425, reg=0.0000, time=18.51s.
fit: Epoch 10/15, loss = 1.0417, best loss = 0.0858
results/ENZYMES_Chen_GW_usl_tsne_fit_10.pdf
-- 25/592 [4.2%], loss=1.0462, dgw=1.0462, reg=0.0000, time=35.99s.
-- 50/592 [8.4%], loss=1.0426, dgw=1.0426, reg=0.0000, time=26.92s.
-- 75/592 [12.7%], loss=1.0425, dgw=1.0425, reg=0.0000, time=33.90s.
-- 100/592 [16.9%], loss=1.0358, dgw=1.0358, reg=0.0000, time=39.46s.
-- 125/592 [21.1%], loss=1.0424, dgw=1.0424, reg=0.0000, time=35.25s.
-- 150/592 [25.3%], loss=1.0447, dgw=1.0447, reg=0.0000, time=25.35s.
-- 175/592 [29.6%], loss=1.0419, dgw=1.0419, reg=0.0000, time=23.93s.
-- 200/592 [33.8%], loss=1.0415, dgw=1.0415, reg=0.0000, time=41.76s.
-- 225/592 [38.0%], loss=1.0586, dgw=1.0586, reg=0.0000, time=37.93s.
-- 250/592 [42.2%], loss=1.0402, dgw=1.0402, reg=0.0000, time=24.06s.
-- 275/592 [46.5%], loss=1.0410, dgw=1.0410, reg=0.0000, time=28.07s.
-- 300/592 [50.7%], loss=1.0418, dgw=1.0418, reg=0.0000, time=26.93s.
-- 325/592 [54.9%], loss=1.0559, dgw=1.0559, reg=0.0000, time=29.97s.
-- 350/592 [59.1%], loss=1.0432, dgw=1.0432, reg=0.0000, time=22.84s.
-- 375/592 [63.3%], loss=1.0403, dgw=1.0403, reg=0.0000, time=27.87s.
-- 400/592 [67.6%], loss=1.0435, dgw=1.0435, reg=0.0000, time=33.05s.
-- 425/592 [71.8%], loss=1.0430, dgw=1.0430, reg=0.0000, time=29.02s.
-- 450/592 [76.0%], loss=1.0413, dgw=1.0413, reg=0.0000, time=31.57s.
-- 475/592 [80.2%], loss=1.0418, dgw=1.0418, reg=0.0000, time=29.22s.
-- 500/592 [84.5%], loss=0.9852, dgw=0.9852, reg=0.0000, time=26.74s.
-- 525/592 [88.7%], loss=1.0455, dgw=1.0455, reg=0.0000, time=21.61s.
-- 550/592 [92.9%], loss=1.0065, dgw=1.0065, reg=0.0000, time=31.62s.
-- 575/592 [97.1%], loss=1.0394, dgw=1.0394, reg=0.0000, time=33.95s.
-- 592/592 [100.0%], loss=1.0012, dgw=1.0012, reg=0.0000, time=27.15s.
fit: Epoch 11/15, loss = 1.0382, best loss = 0.0858
results/ENZYMES_Chen_GW_usl_tsne_fit_11.pdf
-- 25/592 [4.2%], loss=1.0110, dgw=1.0110, reg=0.0000, time=24.46s.
-- 50/592 [8.4%], loss=1.0388, dgw=1.0388, reg=0.0000, time=29.62s.
-- 75/592 [12.7%], loss=1.0403, dgw=1.0403, reg=0.0000, time=26.40s.
-- 100/592 [16.9%], loss=1.0410, dgw=1.0410, reg=0.0000, time=32.46s.
-- 125/592 [21.1%], loss=1.0407, dgw=1.0407, reg=0.0000, time=40.08s.
-- 150/592 [25.3%], loss=1.0562, dgw=1.0562, reg=0.0000, time=29.57s.
-- 175/592 [29.6%], loss=1.0376, dgw=1.0376, reg=0.0000, time=34.17s.
-- 200/592 [33.8%], loss=1.0390, dgw=1.0390, reg=0.0000, time=27.96s.
-- 225/592 [38.0%], loss=1.0383, dgw=1.0383, reg=0.0000, time=25.07s.
-- 250/592 [42.2%], loss=1.0384, dgw=1.0384, reg=0.0000, time=22.35s.
-- 275/592 [46.5%], loss=1.0373, dgw=1.0373, reg=0.0000, time=33.37s.
-- 300/592 [50.7%], loss=1.0390, dgw=1.0390, reg=0.0000, time=26.60s.
-- 325/592 [54.9%], loss=1.0131, dgw=1.0131, reg=0.0000, time=33.25s.
-- 350/592 [59.1%], loss=1.0089, dgw=1.0089, reg=0.0000, time=36.64s.
-- 375/592 [63.3%], loss=1.0403, dgw=1.0403, reg=0.0000, time=40.47s.
-- 400/592 [67.6%], loss=1.0393, dgw=1.0393, reg=0.0000, time=37.04s.
-- 425/592 [71.8%], loss=1.0133, dgw=1.0133, reg=0.0000, time=24.79s.
-- 450/592 [76.0%], loss=1.0394, dgw=1.0394, reg=0.0000, time=24.77s.
-- 475/592 [80.2%], loss=1.0390, dgw=1.0390, reg=0.0000, time=27.45s.
-- 500/592 [84.5%], loss=1.0390, dgw=1.0390, reg=0.0000, time=23.86s.
-- 525/592 [88.7%], loss=1.0032, dgw=1.0032, reg=0.0000, time=31.77s.
-- 550/592 [92.9%], loss=1.0406, dgw=1.0406, reg=0.0000, time=22.34s.
-- 575/592 [97.1%], loss=1.0453, dgw=1.0453, reg=0.0000, time=26.26s.
-- 592/592 [100.0%], loss=1.0456, dgw=1.0456, reg=0.0000, time=21.66s.
fit: Epoch 12/15, loss = 1.0342, best loss = 0.0858
results/ENZYMES_Chen_GW_usl_tsne_fit_12.pdf
-- 25/592 [4.2%], loss=1.0382, dgw=1.0382, reg=0.0000, time=21.62s.
-- 50/592 [8.4%], loss=1.0399, dgw=1.0399, reg=0.0000, time=24.16s.
-- 75/592 [12.7%], loss=1.0383, dgw=1.0383, reg=0.0000, time=22.45s.
-- 100/592 [16.9%], loss=1.0372, dgw=1.0372, reg=0.0000, time=25.47s.
-- 125/592 [21.1%], loss=1.0060, dgw=1.0060, reg=0.0000, time=26.36s.
-- 150/592 [25.3%], loss=1.0048, dgw=1.0048, reg=0.0000, time=28.66s.
-- 175/592 [29.6%], loss=1.0317, dgw=1.0317, reg=0.0000, time=38.87s.
-- 200/592 [33.8%], loss=1.0433, dgw=1.0433, reg=0.0000, time=31.46s.
-- 225/592 [38.0%], loss=1.0360, dgw=1.0360, reg=0.0000, time=24.63s.
-- 250/592 [42.2%], loss=1.0378, dgw=1.0378, reg=0.0000, time=31.20s.
-- 275/592 [46.5%], loss=1.0491, dgw=1.0491, reg=0.0000, time=30.30s.
-- 300/592 [50.7%], loss=1.0390, dgw=1.0390, reg=0.0000, time=25.18s.
-- 325/592 [54.9%], loss=1.0390, dgw=1.0390, reg=0.0000, time=17.56s.
-- 350/592 [59.1%], loss=1.0359, dgw=1.0359, reg=0.0000, time=21.23s.
-- 375/592 [63.3%], loss=1.0529, dgw=1.0529, reg=0.0000, time=30.17s.
-- 400/592 [67.6%], loss=1.0358, dgw=1.0358, reg=0.0000, time=23.07s.
-- 425/592 [71.8%], loss=1.0361, dgw=1.0361, reg=0.0000, time=26.78s.
-- 450/592 [76.0%], loss=1.0323, dgw=1.0323, reg=0.0000, time=25.37s.
-- 475/592 [80.2%], loss=1.0368, dgw=1.0368, reg=0.0000, time=30.92s.
-- 500/592 [84.5%], loss=1.0362, dgw=1.0362, reg=0.0000, time=24.32s.
-- 525/592 [88.7%], loss=1.0386, dgw=1.0386, reg=0.0000, time=31.03s.
-- 550/592 [92.9%], loss=1.0374, dgw=1.0374, reg=0.0000, time=28.97s.
-- 575/592 [97.1%], loss=1.0399, dgw=1.0399, reg=0.0000, time=21.94s.
-- 592/592 [100.0%], loss=1.0366, dgw=1.0366, reg=0.0000, time=20.24s.
fit: Epoch 13/15, loss = 1.0358, best loss = 0.0858
results/ENZYMES_Chen_GW_usl_tsne_fit_13.pdf
-- 25/592 [4.2%], loss=1.0356, dgw=1.0356, reg=0.0000, time=29.24s.
-- 50/592 [8.4%], loss=1.0361, dgw=1.0361, reg=0.0000, time=26.07s.
-- 75/592 [12.7%], loss=1.0367, dgw=1.0367, reg=0.0000, time=20.10s.
-- 100/592 [16.9%], loss=1.0352, dgw=1.0352, reg=0.0000, time=36.08s.
-- 125/592 [21.1%], loss=1.0491, dgw=1.0491, reg=0.0000, time=41.96s.
-- 150/592 [25.3%], loss=1.0378, dgw=1.0378, reg=0.0000, time=27.51s.
-- 175/592 [29.6%], loss=1.0371, dgw=1.0371, reg=0.0000, time=27.12s.
-- 200/592 [33.8%], loss=1.0370, dgw=1.0370, reg=0.0000, time=35.71s.
-- 225/592 [38.0%], loss=1.0341, dgw=1.0341, reg=0.0000, time=17.36s.
-- 250/592 [42.2%], loss=1.0337, dgw=1.0337, reg=0.0000, time=21.23s.
-- 275/592 [46.5%], loss=1.0402, dgw=1.0402, reg=0.0000, time=30.93s.
-- 300/592 [50.7%], loss=1.0336, dgw=1.0336, reg=0.0000, time=22.26s.
-- 325/592 [54.9%], loss=1.0346, dgw=1.0346, reg=0.0000, time=30.09s.
-- 350/592 [59.1%], loss=1.0350, dgw=1.0350, reg=0.0000, time=33.30s.
-- 375/592 [63.3%], loss=1.0351, dgw=1.0351, reg=0.0000, time=37.22s.
-- 400/592 [67.6%], loss=1.0336, dgw=1.0336, reg=0.0000, time=33.54s.
-- 425/592 [71.8%], loss=1.0372, dgw=1.0372, reg=0.0000, time=22.22s.
-- 450/592 [76.0%], loss=1.0359, dgw=1.0359, reg=0.0000, time=20.23s.
-- 475/592 [80.2%], loss=1.0344, dgw=1.0344, reg=0.0000, time=22.61s.
-- 500/592 [84.5%], loss=1.0328, dgw=1.0328, reg=0.0000, time=26.15s.
-- 525/592 [88.7%], loss=1.0550, dgw=1.0550, reg=0.0000, time=27.35s.
-- 550/592 [92.9%], loss=1.0344, dgw=1.0344, reg=0.0000, time=27.84s.
-- 575/592 [97.1%], loss=1.0434, dgw=1.0434, reg=0.0000, time=24.36s.
-- 592/592 [100.0%], loss=1.0342, dgw=1.0342, reg=0.0000, time=18.33s.
fit: Epoch 14/15, loss = 1.0372, best loss = 0.0858
results/ENZYMES_Chen_GW_usl_tsne_fit_14.pdf
-- 25/592 [4.2%], loss=1.0336, dgw=1.0336, reg=0.0000, time=21.80s.
-- 50/592 [8.4%], loss=1.0364, dgw=1.0364, reg=0.0000, time=21.21s.
-- 75/592 [12.7%], loss=1.0347, dgw=1.0347, reg=0.0000, time=20.58s.
-- 100/592 [16.9%], loss=1.0342, dgw=1.0342, reg=0.0000, time=22.66s.
-- 125/592 [21.1%], loss=1.0349, dgw=1.0349, reg=0.0000, time=27.06s.
-- 150/592 [25.3%], loss=1.0307, dgw=1.0307, reg=0.0000, time=21.89s.
-- 175/592 [29.6%], loss=1.0533, dgw=1.0533, reg=0.0000, time=35.38s.
-- 200/592 [33.8%], loss=1.0363, dgw=1.0363, reg=0.0000, time=25.37s.
-- 225/592 [38.0%], loss=1.0344, dgw=1.0344, reg=0.0000, time=28.02s.
-- 250/592 [42.2%], loss=1.0323, dgw=1.0323, reg=0.0000, time=26.97s.
-- 275/592 [46.5%], loss=1.0306, dgw=1.0306, reg=0.0000, time=31.25s.
-- 300/592 [50.7%], loss=1.0337, dgw=1.0337, reg=0.0000, time=24.56s.
-- 325/592 [54.9%], loss=1.0327, dgw=1.0327, reg=0.0000, time=31.02s.
-- 350/592 [59.1%], loss=1.0370, dgw=1.0370, reg=0.0000, time=32.62s.
-- 375/592 [63.3%], loss=1.0406, dgw=1.0406, reg=0.0000, time=30.92s.
-- 400/592 [67.6%], loss=1.0337, dgw=1.0337, reg=0.0000, time=23.38s.
-- 425/592 [71.8%], loss=1.0358, dgw=1.0358, reg=0.0000, time=34.66s.
-- 450/592 [76.0%], loss=1.0459, dgw=1.0459, reg=0.0000, time=38.09s.
-- 475/592 [80.2%], loss=1.0336, dgw=1.0336, reg=0.0000, time=38.41s.
-- 500/592 [84.5%], loss=1.0345, dgw=1.0345, reg=0.0000, time=27.22s.
-- 525/592 [88.7%], loss=1.0344, dgw=1.0344, reg=0.0000, time=18.76s.
-- 550/592 [92.9%], loss=1.0321, dgw=1.0321, reg=0.0000, time=26.31s.
-- 575/592 [97.1%], loss=1.0357, dgw=1.0357, reg=0.0000, time=28.54s.
-- 592/592 [100.0%], loss=1.0329, dgw=1.0329, reg=0.0000, time=19.59s.
fit: Epoch 15/15, loss = 1.0356, best loss = 0.0858
results/ENZYMES_Chen_GW_usl_tsne_fit_15.pdf
Rand Score: 0.7231387478849408
Done!
