MORE THAN 2 CLASSES!
-- 25/592 [4.2%], loss=0.2283, dgw=0.2283, reg=0.0000, time=42.49s.
-- 50/592 [8.4%], loss=0.2188, dgw=0.2188, reg=0.0000, time=55.97s.
-- 75/592 [12.7%], loss=0.2156, dgw=0.2156, reg=0.0000, time=48.81s.
-- 100/592 [16.9%], loss=0.2116, dgw=0.2116, reg=0.0000, time=41.05s.
-- 125/592 [21.1%], loss=0.2133, dgw=0.2133, reg=0.0000, time=42.28s.
-- 150/592 [25.3%], loss=0.2215, dgw=0.2215, reg=0.0000, time=54.52s.
-- 175/592 [29.6%], loss=0.2106, dgw=0.2106, reg=0.0000, time=51.33s.
-- 200/592 [33.8%], loss=0.2098, dgw=0.2098, reg=0.0000, time=47.13s.
-- 225/592 [38.0%], loss=0.2137, dgw=0.2137, reg=0.0000, time=58.53s.
-- 250/592 [42.2%], loss=0.2117, dgw=0.2117, reg=0.0000, time=64.39s.
-- 275/592 [46.5%], loss=0.2045, dgw=0.2045, reg=0.0000, time=51.38s.
-- 300/592 [50.7%], loss=0.2098, dgw=0.2098, reg=0.0000, time=31.89s.
-- 325/592 [54.9%], loss=0.2041, dgw=0.2041, reg=0.0000, time=42.63s.
-- 350/592 [59.1%], loss=0.1956, dgw=0.1956, reg=0.0000, time=73.13s.
-- 375/592 [63.3%], loss=0.1969, dgw=0.1969, reg=0.0000, time=58.41s.
-- 400/592 [67.6%], loss=0.1945, dgw=0.1945, reg=0.0000, time=54.35s.
-- 425/592 [71.8%], loss=0.1912, dgw=0.1912, reg=0.0000, time=77.16s.
-- 450/592 [76.0%], loss=0.1853, dgw=0.1853, reg=0.0000, time=42.50s.
-- 475/592 [80.2%], loss=0.1919, dgw=0.1919, reg=0.0000, time=37.68s.
-- 500/592 [84.5%], loss=0.1818, dgw=0.1818, reg=0.0000, time=38.32s.
-- 525/592 [88.7%], loss=0.1866, dgw=0.1866, reg=0.0000, time=55.53s.
-- 550/592 [92.9%], loss=0.1823, dgw=0.1823, reg=0.0000, time=55.95s.
-- 575/592 [97.1%], loss=0.1819, dgw=0.1819, reg=0.0000, time=57.20s.
-- 592/592 [100.0%], loss=0.1732, dgw=0.1732, reg=0.0000, time=34.77s.
fit: Epoch 1/15, loss = 0.2018, best loss = 0.2018
results/ENZYMES_Chen_GW_usl_tsne_fit_1.pdf
-- 25/592 [4.2%], loss=0.1732, dgw=0.1732, reg=0.0000, time=41.01s.
-- 50/592 [8.4%], loss=0.1796, dgw=0.1796, reg=0.0000, time=70.68s.
-- 75/592 [12.7%], loss=0.1684, dgw=0.1684, reg=0.0000, time=62.65s.
-- 100/592 [16.9%], loss=0.1744, dgw=0.1744, reg=0.0000, time=67.17s.
-- 125/592 [21.1%], loss=0.1734, dgw=0.1734, reg=0.0000, time=43.55s.
-- 150/592 [25.3%], loss=0.1708, dgw=0.1708, reg=0.0000, time=53.35s.
-- 175/592 [29.6%], loss=0.1714, dgw=0.1714, reg=0.0000, time=52.59s.
-- 200/592 [33.8%], loss=0.1611, dgw=0.1611, reg=0.0000, time=71.31s.
-- 225/592 [38.0%], loss=0.1647, dgw=0.1647, reg=0.0000, time=82.11s.
-- 250/592 [42.2%], loss=0.1652, dgw=0.1652, reg=0.0000, time=70.13s.
-- 275/592 [46.5%], loss=0.1634, dgw=0.1634, reg=0.0000, time=80.24s.
-- 300/592 [50.7%], loss=0.1654, dgw=0.1654, reg=0.0000, time=61.89s.
-- 325/592 [54.9%], loss=0.1536, dgw=0.1536, reg=0.0000, time=48.31s.
-- 350/592 [59.1%], loss=0.1581, dgw=0.1581, reg=0.0000, time=56.57s.
-- 375/592 [63.3%], loss=0.1565, dgw=0.1565, reg=0.0000, time=52.82s.
-- 400/592 [67.6%], loss=0.1560, dgw=0.1560, reg=0.0000, time=58.35s.
-- 425/592 [71.8%], loss=0.1507, dgw=0.1507, reg=0.0000, time=60.66s.
-- 450/592 [76.0%], loss=0.1434, dgw=0.1434, reg=0.0000, time=66.86s.
-- 475/592 [80.2%], loss=0.1453, dgw=0.1453, reg=0.0000, time=53.32s.
-- 500/592 [84.5%], loss=0.1467, dgw=0.1467, reg=0.0000, time=26.59s.
-- 525/592 [88.7%], loss=0.1460, dgw=0.1460, reg=0.0000, time=48.91s.
-- 550/592 [92.9%], loss=0.1477, dgw=0.1477, reg=0.0000, time=46.04s.
-- 575/592 [97.1%], loss=0.1416, dgw=0.1416, reg=0.0000, time=30.15s.
-- 592/592 [100.0%], loss=0.1389, dgw=0.1389, reg=0.0000, time=34.38s.
fit: Epoch 2/15, loss = 0.1592, best loss = 0.1592
results/ENZYMES_Chen_GW_usl_tsne_fit_2.pdf
-- 25/592 [4.2%], loss=0.1400, dgw=0.1400, reg=0.0000, time=55.41s.
-- 50/592 [8.4%], loss=0.1401, dgw=0.1401, reg=0.0000, time=53.72s.
-- 75/592 [12.7%], loss=0.1357, dgw=0.1357, reg=0.0000, time=56.06s.
-- 100/592 [16.9%], loss=0.1412, dgw=0.1412, reg=0.0000, time=53.23s.
-- 125/592 [21.1%], loss=0.1358, dgw=0.1358, reg=0.0000, time=39.51s.
-- 150/592 [25.3%], loss=0.1338, dgw=0.1338, reg=0.0000, time=52.32s.
-- 175/592 [29.6%], loss=0.1341, dgw=0.1341, reg=0.0000, time=56.85s.
-- 200/592 [33.8%], loss=0.1314, dgw=0.1314, reg=0.0000, time=65.17s.
-- 225/592 [38.0%], loss=0.1325, dgw=0.1325, reg=0.0000, time=43.15s.
-- 250/592 [42.2%], loss=0.1276, dgw=0.1276, reg=0.0000, time=40.80s.
-- 275/592 [46.5%], loss=0.1303, dgw=0.1303, reg=0.0000, time=47.94s.
-- 300/592 [50.7%], loss=0.1203, dgw=0.1203, reg=0.0000, time=40.20s.
-- 325/592 [54.9%], loss=0.1229, dgw=0.1229, reg=0.0000, time=56.75s.
-- 350/592 [59.1%], loss=0.1305, dgw=0.1305, reg=0.0000, time=59.98s.
-- 375/592 [63.3%], loss=0.1195, dgw=0.1195, reg=0.0000, time=44.07s.
-- 400/592 [67.6%], loss=0.1227, dgw=0.1227, reg=0.0000, time=51.15s.
-- 425/592 [71.8%], loss=0.1246, dgw=0.1246, reg=0.0000, time=63.97s.
-- 450/592 [76.0%], loss=0.1203, dgw=0.1203, reg=0.0000, time=59.82s.
-- 475/592 [80.2%], loss=0.1174, dgw=0.1174, reg=0.0000, time=51.04s.
-- 500/592 [84.5%], loss=0.1155, dgw=0.1155, reg=0.0000, time=54.25s.
-- 525/592 [88.7%], loss=0.1183, dgw=0.1183, reg=0.0000, time=36.20s.
-- 550/592 [92.9%], loss=0.1135, dgw=0.1135, reg=0.0000, time=50.83s.
-- 575/592 [97.1%], loss=0.1094, dgw=0.1094, reg=0.0000, time=54.37s.
-- 592/592 [100.0%], loss=0.1103, dgw=0.1103, reg=0.0000, time=43.48s.
fit: Epoch 3/15, loss = 0.1264, best loss = 0.1264
results/ENZYMES_Chen_GW_usl_tsne_fit_3.pdf
-- 25/592 [4.2%], loss=0.1114, dgw=0.1114, reg=0.0000, time=48.12s.
-- 50/592 [8.4%], loss=0.1104, dgw=0.1104, reg=0.0000, time=60.52s.
-- 75/592 [12.7%], loss=0.1091, dgw=0.1091, reg=0.0000, time=69.34s.
-- 100/592 [16.9%], loss=0.1008, dgw=0.1008, reg=0.0000, time=79.12s.
-- 125/592 [21.1%], loss=0.1039, dgw=0.1039, reg=0.0000, time=51.99s.
-- 150/592 [25.3%], loss=0.1109, dgw=0.1109, reg=0.0000, time=53.11s.
-- 175/592 [29.6%], loss=0.1034, dgw=0.1034, reg=0.0000, time=55.76s.
-- 200/592 [33.8%], loss=0.1084, dgw=0.1084, reg=0.0000, time=45.37s.
-- 225/592 [38.0%], loss=0.1034, dgw=0.1034, reg=0.0000, time=65.42s.
-- 250/592 [42.2%], loss=0.1043, dgw=0.1043, reg=0.0000, time=52.14s.
-- 275/592 [46.5%], loss=0.1013, dgw=0.1013, reg=0.0000, time=56.88s.
-- 300/592 [50.7%], loss=0.1042, dgw=0.1042, reg=0.0000, time=63.93s.
-- 325/592 [54.9%], loss=0.1014, dgw=0.1014, reg=0.0000, time=53.42s.
-- 350/592 [59.1%], loss=0.0991, dgw=0.0991, reg=0.0000, time=37.14s.
-- 375/592 [63.3%], loss=0.0988, dgw=0.0988, reg=0.0000, time=27.21s.
-- 400/592 [67.6%], loss=0.0983, dgw=0.0983, reg=0.0000, time=43.34s.
-- 425/592 [71.8%], loss=0.0992, dgw=0.0992, reg=0.0000, time=54.48s.
-- 450/592 [76.0%], loss=0.1038, dgw=0.1038, reg=0.0000, time=47.16s.
-- 475/592 [80.2%], loss=0.0941, dgw=0.0941, reg=0.0000, time=38.65s.
-- 500/592 [84.5%], loss=0.0933, dgw=0.0933, reg=0.0000, time=69.91s.
-- 525/592 [88.7%], loss=0.0921, dgw=0.0921, reg=0.0000, time=63.40s.
-- 550/592 [92.9%], loss=0.1044, dgw=0.1044, reg=0.0000, time=57.31s.
-- 575/592 [97.1%], loss=0.0949, dgw=0.0949, reg=0.0000, time=52.35s.
-- 592/592 [100.0%], loss=0.0940, dgw=0.0940, reg=0.0000, time=45.35s.
fit: Epoch 4/15, loss = 0.1020, best loss = 0.1020
results/ENZYMES_Chen_GW_usl_tsne_fit_4.pdf
-- 25/592 [4.2%], loss=0.0933, dgw=0.0933, reg=0.0000, time=43.56s.
-- 50/592 [8.4%], loss=0.0905, dgw=0.0905, reg=0.0000, time=54.63s.
-- 75/592 [12.7%], loss=0.0926, dgw=0.0926, reg=0.0000, time=66.68s.
-- 100/592 [16.9%], loss=0.0888, dgw=0.0888, reg=0.0000, time=58.62s.
-- 125/592 [21.1%], loss=0.0884, dgw=0.0884, reg=0.0000, time=56.59s.
-- 150/592 [25.3%], loss=0.0848, dgw=0.0848, reg=0.0000, time=53.64s.
-- 175/592 [29.6%], loss=0.0873, dgw=0.0873, reg=0.0000, time=55.79s.
-- 200/592 [33.8%], loss=0.0850, dgw=0.0850, reg=0.0000, time=49.70s.
-- 225/592 [38.0%], loss=0.0850, dgw=0.0850, reg=0.0000, time=51.04s.
-- 250/592 [42.2%], loss=0.0855, dgw=0.0855, reg=0.0000, time=50.13s.
-- 275/592 [46.5%], loss=0.0863, dgw=0.0863, reg=0.0000, time=48.30s.
-- 300/592 [50.7%], loss=0.0823, dgw=0.0823, reg=0.0000, time=33.09s.
-- 325/592 [54.9%], loss=0.0837, dgw=0.0837, reg=0.0000, time=48.43s.
-- 350/592 [59.1%], loss=0.0838, dgw=0.0838, reg=0.0000, time=57.08s.
-- 375/592 [63.3%], loss=0.0808, dgw=0.0808, reg=0.0000, time=53.46s.
-- 400/592 [67.6%], loss=0.0994, dgw=0.0994, reg=0.0000, time=72.23s.
-- 425/592 [71.8%], loss=0.0835, dgw=0.0835, reg=0.0000, time=60.37s.
-- 450/592 [76.0%], loss=0.0801, dgw=0.0801, reg=0.0000, time=50.71s.
-- 475/592 [80.2%], loss=0.0769, dgw=0.0769, reg=0.0000, time=34.80s.
-- 500/592 [84.5%], loss=0.0787, dgw=0.0787, reg=0.0000, time=35.64s.
-- 525/592 [88.7%], loss=0.0771, dgw=0.0771, reg=0.0000, time=55.65s.
-- 550/592 [92.9%], loss=0.0787, dgw=0.0787, reg=0.0000, time=48.78s.
-- 575/592 [97.1%], loss=0.0754, dgw=0.0754, reg=0.0000, time=53.65s.
-- 592/592 [100.0%], loss=0.0765, dgw=0.0765, reg=0.0000, time=31.02s.
fit: Epoch 5/15, loss = 0.0845, best loss = 0.0845
results/ENZYMES_Chen_GW_usl_tsne_fit_5.pdf
-- 25/592 [4.2%], loss=0.0770, dgw=0.0770, reg=0.0000, time=48.60s.
-- 50/592 [8.4%], loss=0.0782, dgw=0.0782, reg=0.0000, time=50.32s.
-- 75/592 [12.7%], loss=0.0955, dgw=0.0955, reg=0.0000, time=60.32s.
-- 100/592 [16.9%], loss=0.0734, dgw=0.0734, reg=0.0000, time=51.52s.
-- 125/592 [21.1%], loss=0.0745, dgw=0.0745, reg=0.0000, time=56.81s.
-- 150/592 [25.3%], loss=0.0734, dgw=0.0734, reg=0.0000, time=58.36s.
-- 175/592 [29.6%], loss=0.0738, dgw=0.0738, reg=0.0000, time=45.77s.
-- 200/592 [33.8%], loss=0.0730, dgw=0.0730, reg=0.0000, time=44.02s.
-- 225/592 [38.0%], loss=0.0751, dgw=0.0751, reg=0.0000, time=52.18s.
-- 250/592 [42.2%], loss=0.0722, dgw=0.0722, reg=0.0000, time=56.73s.
-- 275/592 [46.5%], loss=0.0717, dgw=0.0717, reg=0.0000, time=42.81s.
-- 300/592 [50.7%], loss=0.0711, dgw=0.0711, reg=0.0000, time=49.01s.
-- 325/592 [54.9%], loss=0.0708, dgw=0.0708, reg=0.0000, time=46.17s.
-- 350/592 [59.1%], loss=0.0678, dgw=0.0678, reg=0.0000, time=37.54s.
-- 375/592 [63.3%], loss=0.0700, dgw=0.0700, reg=0.0000, time=50.58s.
-- 400/592 [67.6%], loss=0.0681, dgw=0.0681, reg=0.0000, time=52.40s.
-- 425/592 [71.8%], loss=0.0677, dgw=0.0677, reg=0.0000, time=28.18s.
-- 450/592 [76.0%], loss=0.0685, dgw=0.0685, reg=0.0000, time=39.83s.
-- 475/592 [80.2%], loss=0.0671, dgw=0.0671, reg=0.0000, time=48.80s.
-- 500/592 [84.5%], loss=0.0672, dgw=0.0672, reg=0.0000, time=53.06s.
-- 525/592 [88.7%], loss=0.0685, dgw=0.0685, reg=0.0000, time=35.50s.
-- 550/592 [92.9%], loss=0.1054, dgw=0.1054, reg=0.0000, time=35.88s.
-- 575/592 [97.1%], loss=0.0651, dgw=0.0651, reg=0.0000, time=38.45s.
-- 592/592 [100.0%], loss=0.0652, dgw=0.0652, reg=0.0000, time=35.65s.
fit: Epoch 6/15, loss = 0.0735, best loss = 0.0735
results/ENZYMES_Chen_GW_usl_tsne_fit_6.pdf
-- 25/592 [4.2%], loss=0.0653, dgw=0.0653, reg=0.0000, time=51.57s.
-- 50/592 [8.4%], loss=0.0645, dgw=0.0645, reg=0.0000, time=45.40s.
-- 75/592 [12.7%], loss=0.0643, dgw=0.0643, reg=0.0000, time=35.10s.
-- 100/592 [16.9%], loss=0.0652, dgw=0.0652, reg=0.0000, time=39.77s.
-- 125/592 [21.1%], loss=0.1532, dgw=0.1532, reg=0.0000, time=42.86s.
-- 150/592 [25.3%], loss=0.0637, dgw=0.0637, reg=0.0000, time=46.82s.
-- 175/592 [29.6%], loss=0.1066, dgw=0.1066, reg=0.0000, time=40.32s.
-- 200/592 [33.8%], loss=0.0898, dgw=0.0898, reg=0.0000, time=40.88s.
-- 225/592 [38.0%], loss=0.2013, dgw=0.2013, reg=0.0000, time=44.10s.
-- 250/592 [42.2%], loss=0.4360, dgw=0.4360, reg=0.0000, time=32.58s.
-- 275/592 [46.5%], loss=0.9242, dgw=0.9242, reg=0.0000, time=34.66s.
-- 300/592 [50.7%], loss=1.0499, dgw=1.0499, reg=0.0000, time=28.20s.
-- 325/592 [54.9%], loss=1.0608, dgw=1.0608, reg=0.0000, time=41.94s.
-- 350/592 [59.1%], loss=1.0561, dgw=1.0561, reg=0.0000, time=47.40s.
-- 375/592 [63.3%], loss=1.0578, dgw=1.0578, reg=0.0000, time=35.36s.
-- 400/592 [67.6%], loss=1.0596, dgw=1.0596, reg=0.0000, time=40.33s.
-- 425/592 [71.8%], loss=1.0616, dgw=1.0616, reg=0.0000, time=42.00s.
-- 450/592 [76.0%], loss=1.0591, dgw=1.0591, reg=0.0000, time=43.09s.
-- 475/592 [80.2%], loss=1.0583, dgw=1.0583, reg=0.0000, time=33.38s.
-- 500/592 [84.5%], loss=1.0632, dgw=1.0632, reg=0.0000, time=40.91s.
-- 525/592 [88.7%], loss=1.0583, dgw=1.0583, reg=0.0000, time=27.27s.
-- 550/592 [92.9%], loss=1.0718, dgw=1.0718, reg=0.0000, time=34.49s.
-- 575/592 [97.1%], loss=1.0604, dgw=1.0604, reg=0.0000, time=40.74s.
-- 592/592 [100.0%], loss=1.0521, dgw=1.0521, reg=0.0000, time=32.00s.
fit: Epoch 7/15, loss = 0.6616, best loss = 0.0735
results/ENZYMES_Chen_GW_usl_tsne_fit_7.pdf
-- 25/592 [4.2%], loss=1.0580, dgw=1.0580, reg=0.0000, time=26.88s.
-- 50/592 [8.4%], loss=1.0611, dgw=1.0611, reg=0.0000, time=31.72s.
-- 75/592 [12.7%], loss=1.0495, dgw=1.0495, reg=0.0000, time=43.14s.
-- 100/592 [16.9%], loss=1.0562, dgw=1.0562, reg=0.0000, time=47.54s.
-- 125/592 [21.1%], loss=1.0486, dgw=1.0486, reg=0.0000, time=36.99s.
-- 150/592 [25.3%], loss=1.0487, dgw=1.0487, reg=0.0000, time=43.37s.
-- 175/592 [29.6%], loss=1.0396, dgw=1.0396, reg=0.0000, time=39.71s.
-- 200/592 [33.8%], loss=1.0506, dgw=1.0506, reg=0.0000, time=43.91s.
-- 225/592 [38.0%], loss=1.0582, dgw=1.0582, reg=0.0000, time=33.31s.
-- 250/592 [42.2%], loss=1.0476, dgw=1.0476, reg=0.0000, time=42.97s.
-- 275/592 [46.5%], loss=1.0278, dgw=1.0278, reg=0.0000, time=39.30s.
-- 300/592 [50.7%], loss=1.0370, dgw=1.0370, reg=0.0000, time=46.41s.
-- 325/592 [54.9%], loss=1.0413, dgw=1.0413, reg=0.0000, time=31.72s.
-- 350/592 [59.1%], loss=1.0428, dgw=1.0428, reg=0.0000, time=42.03s.
-- 375/592 [63.3%], loss=1.0391, dgw=1.0391, reg=0.0000, time=34.45s.
-- 400/592 [67.6%], loss=1.0498, dgw=1.0498, reg=0.0000, time=46.15s.
-- 425/592 [71.8%], loss=1.0451, dgw=1.0451, reg=0.0000, time=38.83s.
-- 450/592 [76.0%], loss=1.0556, dgw=1.0556, reg=0.0000, time=34.09s.
-- 475/592 [80.2%], loss=1.0317, dgw=1.0317, reg=0.0000, time=32.82s.
-- 500/592 [84.5%], loss=1.0440, dgw=1.0440, reg=0.0000, time=41.90s.
-- 525/592 [88.7%], loss=1.0330, dgw=1.0330, reg=0.0000, time=36.52s.
-- 550/592 [92.9%], loss=1.0503, dgw=1.0503, reg=0.0000, time=24.68s.
-- 575/592 [97.1%], loss=1.0365, dgw=1.0365, reg=0.0000, time=33.04s.
-- 592/592 [100.0%], loss=1.0506, dgw=1.0506, reg=0.0000, time=35.77s.
fit: Epoch 8/15, loss = 1.0459, best loss = 0.0735
results/ENZYMES_Chen_GW_usl_tsne_fit_8.pdf
-- 25/592 [4.2%], loss=1.0422, dgw=1.0422, reg=0.0000, time=48.03s.
-- 50/592 [8.4%], loss=1.0420, dgw=1.0420, reg=0.0000, time=44.26s.
-- 75/592 [12.7%], loss=1.0504, dgw=1.0504, reg=0.0000, time=46.37s.
-- 100/592 [16.9%], loss=1.0505, dgw=1.0505, reg=0.0000, time=40.67s.
-- 125/592 [21.1%], loss=1.0427, dgw=1.0427, reg=0.0000, time=43.68s.
-- 150/592 [25.3%], loss=1.0509, dgw=1.0509, reg=0.0000, time=38.11s.
-- 175/592 [29.6%], loss=1.0409, dgw=1.0409, reg=0.0000, time=34.52s.
-- 200/592 [33.8%], loss=1.0430, dgw=1.0430, reg=0.0000, time=37.80s.
-- 225/592 [38.0%], loss=1.0398, dgw=1.0398, reg=0.0000, time=32.86s.
-- 250/592 [42.2%], loss=1.0568, dgw=1.0568, reg=0.0000, time=39.85s.
-- 275/592 [46.5%], loss=1.0445, dgw=1.0445, reg=0.0000, time=35.16s.
-- 300/592 [50.7%], loss=1.0478, dgw=1.0478, reg=0.0000, time=41.67s.
-- 325/592 [54.9%], loss=1.0456, dgw=1.0456, reg=0.0000, time=30.62s.
-- 350/592 [59.1%], loss=1.0492, dgw=1.0492, reg=0.0000, time=31.94s.
-- 375/592 [63.3%], loss=1.0525, dgw=1.0525, reg=0.0000, time=45.51s.
-- 400/592 [67.6%], loss=1.0360, dgw=1.0360, reg=0.0000, time=47.91s.
-- 425/592 [71.8%], loss=1.0384, dgw=1.0384, reg=0.0000, time=29.46s.
-- 450/592 [76.0%], loss=1.0329, dgw=1.0329, reg=0.0000, time=32.83s.
-- 475/592 [80.2%], loss=1.0474, dgw=1.0474, reg=0.0000, time=28.91s.
-- 500/592 [84.5%], loss=1.0458, dgw=1.0458, reg=0.0000, time=39.83s.
-- 525/592 [88.7%], loss=1.0485, dgw=1.0485, reg=0.0000, time=23.17s.
-- 550/592 [92.9%], loss=1.0510, dgw=1.0510, reg=0.0000, time=30.81s.
-- 575/592 [97.1%], loss=1.0372, dgw=1.0372, reg=0.0000, time=34.68s.
-- 592/592 [100.0%], loss=1.0492, dgw=1.0492, reg=0.0000, time=16.18s.
fit: Epoch 9/15, loss = 1.0452, best loss = 0.0735
results/ENZYMES_Chen_GW_usl_tsne_fit_9.pdf
-- 25/592 [4.2%], loss=1.0465, dgw=1.0465, reg=0.0000, time=31.57s.
-- 50/592 [8.4%], loss=1.0356, dgw=1.0356, reg=0.0000, time=35.87s.
-- 75/592 [12.7%], loss=1.0497, dgw=1.0497, reg=0.0000, time=28.88s.
-- 100/592 [16.9%], loss=1.0521, dgw=1.0521, reg=0.0000, time=33.25s.
-- 125/592 [21.1%], loss=1.0431, dgw=1.0431, reg=0.0000, time=22.39s.
-- 150/592 [25.3%], loss=1.0494, dgw=1.0494, reg=0.0000, time=26.08s.
-- 175/592 [29.6%], loss=1.0469, dgw=1.0469, reg=0.0000, time=32.45s.
-- 200/592 [33.8%], loss=1.0457, dgw=1.0457, reg=0.0000, time=39.78s.
-- 225/592 [38.0%], loss=1.0426, dgw=1.0426, reg=0.0000, time=34.41s.
-- 250/592 [42.2%], loss=1.0454, dgw=1.0454, reg=0.0000, time=27.20s.
-- 275/592 [46.5%], loss=1.0368, dgw=1.0368, reg=0.0000, time=27.06s.
-- 300/592 [50.7%], loss=1.0464, dgw=1.0464, reg=0.0000, time=36.23s.
-- 325/592 [54.9%], loss=1.0435, dgw=1.0435, reg=0.0000, time=29.12s.
-- 350/592 [59.1%], loss=1.0456, dgw=1.0456, reg=0.0000, time=36.85s.
-- 375/592 [63.3%], loss=1.0373, dgw=1.0373, reg=0.0000, time=24.48s.
-- 400/592 [67.6%], loss=1.0386, dgw=1.0386, reg=0.0000, time=29.52s.
-- 425/592 [71.8%], loss=1.0385, dgw=1.0385, reg=0.0000, time=33.84s.
-- 450/592 [76.0%], loss=1.0437, dgw=1.0437, reg=0.0000, time=28.35s.
-- 475/592 [80.2%], loss=1.0545, dgw=1.0545, reg=0.0000, time=26.58s.
-- 500/592 [84.5%], loss=1.0440, dgw=1.0440, reg=0.0000, time=34.92s.
-- 525/592 [88.7%], loss=1.0397, dgw=1.0397, reg=0.0000, time=31.56s.
-- 550/592 [92.9%], loss=1.0358, dgw=1.0358, reg=0.0000, time=29.72s.
-- 575/592 [97.1%], loss=1.0439, dgw=1.0439, reg=0.0000, time=25.00s.
-- 592/592 [100.0%], loss=1.0449, dgw=1.0449, reg=0.0000, time=26.72s.
fit: Epoch 10/15, loss = 1.0437, best loss = 0.0735
results/ENZYMES_Chen_GW_usl_tsne_fit_10.pdf
-- 25/592 [4.2%], loss=1.0464, dgw=1.0464, reg=0.0000, time=24.44s.
-- 50/592 [8.4%], loss=1.0314, dgw=1.0314, reg=0.0000, time=29.60s.
-- 75/592 [12.7%], loss=1.0360, dgw=1.0360, reg=0.0000, time=28.27s.
-- 100/592 [16.9%], loss=1.0402, dgw=1.0402, reg=0.0000, time=32.35s.
-- 125/592 [21.1%], loss=1.0328, dgw=1.0328, reg=0.0000, time=26.45s.
-- 150/592 [25.3%], loss=1.0481, dgw=1.0481, reg=0.0000, time=24.69s.
-- 175/592 [29.6%], loss=1.0417, dgw=1.0417, reg=0.0000, time=27.38s.
-- 200/592 [33.8%], loss=1.0333, dgw=1.0333, reg=0.0000, time=27.31s.
-- 225/592 [38.0%], loss=1.0372, dgw=1.0372, reg=0.0000, time=27.64s.
-- 250/592 [42.2%], loss=1.0255, dgw=1.0255, reg=0.0000, time=28.23s.
-- 275/592 [46.5%], loss=1.0238, dgw=1.0238, reg=0.0000, time=25.16s.
-- 300/592 [50.7%], loss=1.0365, dgw=1.0365, reg=0.0000, time=25.75s.
-- 325/592 [54.9%], loss=1.0424, dgw=1.0424, reg=0.0000, time=21.18s.
-- 350/592 [59.1%], loss=1.0263, dgw=1.0263, reg=0.0000, time=24.10s.
-- 375/592 [63.3%], loss=1.0316, dgw=1.0316, reg=0.0000, time=25.60s.
-- 400/592 [67.6%], loss=1.0079, dgw=1.0079, reg=0.0000, time=23.36s.
-- 425/592 [71.8%], loss=1.0150, dgw=1.0150, reg=0.0000, time=40.07s.
-- 450/592 [76.0%], loss=1.0297, dgw=1.0297, reg=0.0000, time=32.78s.
-- 475/592 [80.2%], loss=1.0147, dgw=1.0147, reg=0.0000, time=17.37s.
-- 500/592 [84.5%], loss=1.0100, dgw=1.0100, reg=0.0000, time=28.90s.
-- 525/592 [88.7%], loss=1.0288, dgw=1.0288, reg=0.0000, time=30.19s.
-- 550/592 [92.9%], loss=1.0269, dgw=1.0269, reg=0.0000, time=26.83s.
-- 575/592 [97.1%], loss=1.0353, dgw=1.0353, reg=0.0000, time=28.46s.
-- 592/592 [100.0%], loss=1.0192, dgw=1.0192, reg=0.0000, time=19.43s.
fit: Epoch 11/15, loss = 1.0302, best loss = 0.0735
results/ENZYMES_Chen_GW_usl_tsne_fit_11.pdf
-- 25/592 [4.2%], loss=1.0101, dgw=1.0101, reg=0.0000, time=27.11s.
-- 50/592 [8.4%], loss=1.0187, dgw=1.0187, reg=0.0000, time=29.10s.
-- 75/592 [12.7%], loss=1.0240, dgw=1.0240, reg=0.0000, time=30.48s.
-- 100/592 [16.9%], loss=1.0193, dgw=1.0193, reg=0.0000, time=38.32s.
-- 125/592 [21.1%], loss=0.9967, dgw=0.9967, reg=0.0000, time=36.48s.
-- 150/592 [25.3%], loss=0.9945, dgw=0.9945, reg=0.0000, time=24.44s.
-- 175/592 [29.6%], loss=1.0376, dgw=1.0376, reg=0.0000, time=20.54s.
-- 200/592 [33.8%], loss=1.0223, dgw=1.0223, reg=0.0000, time=28.33s.
-- 225/592 [38.0%], loss=1.0174, dgw=1.0174, reg=0.0000, time=31.79s.
-- 250/592 [42.2%], loss=1.0192, dgw=1.0192, reg=0.0000, time=26.83s.
-- 275/592 [46.5%], loss=1.0290, dgw=1.0290, reg=0.0000, time=27.43s.
-- 300/592 [50.7%], loss=1.0001, dgw=1.0001, reg=0.0000, time=29.63s.
-- 325/592 [54.9%], loss=1.0078, dgw=1.0078, reg=0.0000, time=26.38s.
-- 350/592 [59.1%], loss=1.0301, dgw=1.0301, reg=0.0000, time=33.15s.
-- 375/592 [63.3%], loss=1.0070, dgw=1.0070, reg=0.0000, time=19.42s.
-- 400/592 [67.6%], loss=1.0048, dgw=1.0048, reg=0.0000, time=24.64s.
-- 425/592 [71.8%], loss=1.0043, dgw=1.0043, reg=0.0000, time=37.10s.
-- 450/592 [76.0%], loss=1.0080, dgw=1.0080, reg=0.0000, time=36.96s.
-- 475/592 [80.2%], loss=1.0152, dgw=1.0152, reg=0.0000, time=26.42s.
-- 500/592 [84.5%], loss=0.9971, dgw=0.9971, reg=0.0000, time=28.73s.
-- 525/592 [88.7%], loss=1.0134, dgw=1.0134, reg=0.0000, time=29.95s.
-- 550/592 [92.9%], loss=1.0275, dgw=1.0275, reg=0.0000, time=29.85s.
-- 575/592 [97.1%], loss=1.0273, dgw=1.0273, reg=0.0000, time=25.62s.
-- 592/592 [100.0%], loss=1.0347, dgw=1.0347, reg=0.0000, time=21.28s.
fit: Epoch 12/15, loss = 1.0150, best loss = 0.0735
results/ENZYMES_Chen_GW_usl_tsne_fit_12.pdf
-- 25/592 [4.2%], loss=1.0271, dgw=1.0271, reg=0.0000, time=24.12s.
-- 50/592 [8.4%], loss=1.0232, dgw=1.0232, reg=0.0000, time=36.79s.
-- 75/592 [12.7%], loss=1.0173, dgw=1.0173, reg=0.0000, time=28.77s.
-- 100/592 [16.9%], loss=1.0186, dgw=1.0186, reg=0.0000, time=30.94s.
-- 125/592 [21.1%], loss=1.0247, dgw=1.0247, reg=0.0000, time=31.48s.
-- 150/592 [25.3%], loss=1.0277, dgw=1.0277, reg=0.0000, time=26.13s.
-- 175/592 [29.6%], loss=1.0306, dgw=1.0306, reg=0.0000, time=25.28s.
-- 200/592 [33.8%], loss=1.0369, dgw=1.0369, reg=0.0000, time=27.53s.
-- 225/592 [38.0%], loss=1.0186, dgw=1.0186, reg=0.0000, time=29.32s.
-- 250/592 [42.2%], loss=1.0278, dgw=1.0278, reg=0.0000, time=18.82s.
-- 275/592 [46.5%], loss=1.0330, dgw=1.0330, reg=0.0000, time=28.43s.
-- 300/592 [50.7%], loss=1.0363, dgw=1.0363, reg=0.0000, time=27.61s.
-- 325/592 [54.9%], loss=1.0285, dgw=1.0285, reg=0.0000, time=24.93s.
-- 350/592 [59.1%], loss=1.0141, dgw=1.0141, reg=0.0000, time=26.70s.
-- 375/592 [63.3%], loss=1.0335, dgw=1.0335, reg=0.0000, time=25.32s.
-- 400/592 [67.6%], loss=1.0290, dgw=1.0290, reg=0.0000, time=29.68s.
-- 425/592 [71.8%], loss=1.0299, dgw=1.0299, reg=0.0000, time=31.79s.
-- 450/592 [76.0%], loss=1.0173, dgw=1.0173, reg=0.0000, time=34.48s.
-- 475/592 [80.2%], loss=1.0292, dgw=1.0292, reg=0.0000, time=32.42s.
-- 500/592 [84.5%], loss=1.0524, dgw=1.0524, reg=0.0000, time=30.13s.
-- 525/592 [88.7%], loss=1.0351, dgw=1.0351, reg=0.0000, time=27.77s.
-- 550/592 [92.9%], loss=1.0277, dgw=1.0277, reg=0.0000, time=31.97s.
-- 575/592 [97.1%], loss=1.0414, dgw=1.0414, reg=0.0000, time=36.49s.
-- 592/592 [100.0%], loss=1.0373, dgw=1.0373, reg=0.0000, time=19.95s.
fit: Epoch 13/15, loss = 1.0289, best loss = 0.0735
results/ENZYMES_Chen_GW_usl_tsne_fit_13.pdf
-- 25/592 [4.2%], loss=1.0366, dgw=1.0366, reg=0.0000, time=26.33s.
-- 50/592 [8.4%], loss=1.0245, dgw=1.0245, reg=0.0000, time=28.27s.
-- 75/592 [12.7%], loss=1.0317, dgw=1.0317, reg=0.0000, time=33.21s.
-- 100/592 [16.9%], loss=1.0229, dgw=1.0229, reg=0.0000, time=29.93s.
-- 125/592 [21.1%], loss=1.0316, dgw=1.0316, reg=0.0000, time=16.60s.
-- 150/592 [25.3%], loss=1.0309, dgw=1.0309, reg=0.0000, time=26.24s.
-- 175/592 [29.6%], loss=1.0273, dgw=1.0273, reg=0.0000, time=30.53s.
-- 200/592 [33.8%], loss=1.0265, dgw=1.0265, reg=0.0000, time=26.19s.
-- 225/592 [38.0%], loss=1.0270, dgw=1.0270, reg=0.0000, time=21.53s.
-- 250/592 [42.2%], loss=1.0302, dgw=1.0302, reg=0.0000, time=29.03s.
-- 275/592 [46.5%], loss=1.0342, dgw=1.0342, reg=0.0000, time=28.02s.
-- 300/592 [50.7%], loss=1.0284, dgw=1.0284, reg=0.0000, time=30.33s.
-- 325/592 [54.9%], loss=1.0276, dgw=1.0276, reg=0.0000, time=28.97s.
-- 350/592 [59.1%], loss=1.0216, dgw=1.0216, reg=0.0000, time=26.11s.
-- 375/592 [63.3%], loss=1.0207, dgw=1.0207, reg=0.0000, time=30.17s.
-- 400/592 [67.6%], loss=1.0462, dgw=1.0462, reg=0.0000, time=22.90s.
-- 425/592 [71.8%], loss=1.0443, dgw=1.0443, reg=0.0000, time=19.42s.
-- 450/592 [76.0%], loss=1.0384, dgw=1.0384, reg=0.0000, time=29.98s.
-- 475/592 [80.2%], loss=1.0143, dgw=1.0143, reg=0.0000, time=27.81s.
-- 500/592 [84.5%], loss=1.0255, dgw=1.0255, reg=0.0000, time=32.23s.
-- 525/592 [88.7%], loss=1.0288, dgw=1.0288, reg=0.0000, time=30.82s.
-- 550/592 [92.9%], loss=1.0288, dgw=1.0288, reg=0.0000, time=19.16s.
-- 575/592 [97.1%], loss=1.0266, dgw=1.0266, reg=0.0000, time=28.69s.
-- 592/592 [100.0%], loss=1.0183, dgw=1.0183, reg=0.0000, time=21.07s.
fit: Epoch 14/15, loss = 1.0290, best loss = 0.0735
results/ENZYMES_Chen_GW_usl_tsne_fit_14.pdf
-- 25/592 [4.2%], loss=1.0219, dgw=1.0219, reg=0.0000, time=22.42s.
-- 50/592 [8.4%], loss=1.0308, dgw=1.0308, reg=0.0000, time=21.74s.
-- 75/592 [12.7%], loss=1.0220, dgw=1.0220, reg=0.0000, time=19.62s.
-- 100/592 [16.9%], loss=1.0271, dgw=1.0271, reg=0.0000, time=25.91s.
-- 125/592 [21.1%], loss=1.0234, dgw=1.0234, reg=0.0000, time=31.78s.
-- 150/592 [25.3%], loss=1.0259, dgw=1.0259, reg=0.0000, time=27.29s.
-- 175/592 [29.6%], loss=1.0232, dgw=1.0232, reg=0.0000, time=23.38s.
-- 200/592 [33.8%], loss=1.0295, dgw=1.0295, reg=0.0000, time=29.92s.
-- 225/592 [38.0%], loss=1.0249, dgw=1.0249, reg=0.0000, time=19.53s.
-- 250/592 [42.2%], loss=1.0330, dgw=1.0330, reg=0.0000, time=24.88s.
-- 275/592 [46.5%], loss=1.0308, dgw=1.0308, reg=0.0000, time=25.98s.
-- 300/592 [50.7%], loss=1.0242, dgw=1.0242, reg=0.0000, time=28.29s.
-- 325/592 [54.9%], loss=1.0252, dgw=1.0252, reg=0.0000, time=27.84s.
-- 350/592 [59.1%], loss=1.0130, dgw=1.0130, reg=0.0000, time=23.74s.
-- 375/592 [63.3%], loss=1.0259, dgw=1.0259, reg=0.0000, time=24.71s.
-- 400/592 [67.6%], loss=1.0154, dgw=1.0154, reg=0.0000, time=26.11s.
-- 425/592 [71.8%], loss=1.0373, dgw=1.0373, reg=0.0000, time=25.94s.
-- 450/592 [76.0%], loss=1.0258, dgw=1.0258, reg=0.0000, time=25.52s.
-- 475/592 [80.2%], loss=1.0268, dgw=1.0268, reg=0.0000, time=28.07s.
-- 500/592 [84.5%], loss=1.0274, dgw=1.0274, reg=0.0000, time=27.85s.
-- 525/592 [88.7%], loss=1.0277, dgw=1.0277, reg=0.0000, time=24.81s.
-- 550/592 [92.9%], loss=1.0185, dgw=1.0185, reg=0.0000, time=25.00s.
-- 575/592 [97.1%], loss=1.0319, dgw=1.0319, reg=0.0000, time=33.44s.
-- 592/592 [100.0%], loss=1.0189, dgw=1.0189, reg=0.0000, time=18.82s.
fit: Epoch 15/15, loss = 1.0255, best loss = 0.0735
results/ENZYMES_Chen_GW_usl_tsne_fit_15.pdf
Rand Score: 0.7216810719348791
Done!
