MORE THAN 2 CLASSES!
-- 25/592 [4.2%], loss=0.2209, dgw=0.2209, reg=0.0000, time=34.03s.
-- 50/592 [8.4%], loss=0.2199, dgw=0.2199, reg=0.0000, time=41.61s.
-- 75/592 [12.7%], loss=0.2223, dgw=0.2223, reg=0.0000, time=57.54s.
-- 100/592 [16.9%], loss=0.2238, dgw=0.2238, reg=0.0000, time=59.85s.
-- 125/592 [21.1%], loss=0.2156, dgw=0.2156, reg=0.0000, time=58.40s.
-- 150/592 [25.3%], loss=0.2194, dgw=0.2194, reg=0.0000, time=48.46s.
-- 175/592 [29.6%], loss=0.2055, dgw=0.2055, reg=0.0000, time=59.75s.
-- 200/592 [33.8%], loss=0.2081, dgw=0.2081, reg=0.0000, time=73.97s.
-- 225/592 [38.0%], loss=0.2110, dgw=0.2110, reg=0.0000, time=73.59s.
-- 250/592 [42.2%], loss=0.2040, dgw=0.2040, reg=0.0000, time=85.97s.
-- 275/592 [46.5%], loss=0.1975, dgw=0.1975, reg=0.0000, time=68.96s.
-- 300/592 [50.7%], loss=0.2017, dgw=0.2017, reg=0.0000, time=71.78s.
-- 325/592 [54.9%], loss=0.1970, dgw=0.1970, reg=0.0000, time=67.56s.
-- 350/592 [59.1%], loss=0.1882, dgw=0.1882, reg=0.0000, time=54.80s.
-- 375/592 [63.3%], loss=0.1896, dgw=0.1896, reg=0.0000, time=84.43s.
-- 400/592 [67.6%], loss=0.1996, dgw=0.1996, reg=0.0000, time=56.25s.
-- 425/592 [71.8%], loss=0.1889, dgw=0.1889, reg=0.0000, time=56.71s.
-- 450/592 [76.0%], loss=0.1891, dgw=0.1891, reg=0.0000, time=63.39s.
-- 475/592 [80.2%], loss=0.1912, dgw=0.1912, reg=0.0000, time=65.77s.
-- 500/592 [84.5%], loss=0.1912, dgw=0.1912, reg=0.0000, time=63.13s.
-- 525/592 [88.7%], loss=0.1819, dgw=0.1819, reg=0.0000, time=59.80s.
-- 550/592 [92.9%], loss=0.1836, dgw=0.1836, reg=0.0000, time=72.20s.
-- 575/592 [97.1%], loss=0.1830, dgw=0.1830, reg=0.0000, time=50.10s.
-- 592/592 [100.0%], loss=0.1753, dgw=0.1753, reg=0.0000, time=34.61s.
fit: Epoch 1/15, loss = 0.2007, best loss = 0.2007
results/ENZYMES_Chen_GW_usl_tsne_fit_1.pdf
-- 25/592 [4.2%], loss=0.1764, dgw=0.1764, reg=0.0000, time=81.13s.
-- 50/592 [8.4%], loss=0.1681, dgw=0.1681, reg=0.0000, time=38.53s.
-- 75/592 [12.7%], loss=0.1687, dgw=0.1687, reg=0.0000, time=66.50s.
-- 100/592 [16.9%], loss=0.1790, dgw=0.1790, reg=0.0000, time=66.73s.
-- 125/592 [21.1%], loss=0.1635, dgw=0.1635, reg=0.0000, time=67.00s.
-- 150/592 [25.3%], loss=0.1740, dgw=0.1740, reg=0.0000, time=44.69s.
-- 175/592 [29.6%], loss=0.1705, dgw=0.1705, reg=0.0000, time=63.85s.
-- 200/592 [33.8%], loss=0.1652, dgw=0.1652, reg=0.0000, time=49.76s.
-- 225/592 [38.0%], loss=0.1567, dgw=0.1567, reg=0.0000, time=61.54s.
-- 250/592 [42.2%], loss=0.1688, dgw=0.1688, reg=0.0000, time=66.35s.
-- 275/592 [46.5%], loss=0.1616, dgw=0.1616, reg=0.0000, time=64.78s.
-- 300/592 [50.7%], loss=0.1565, dgw=0.1565, reg=0.0000, time=65.88s.
-- 325/592 [54.9%], loss=0.1629, dgw=0.1629, reg=0.0000, time=71.11s.
-- 350/592 [59.1%], loss=0.1588, dgw=0.1588, reg=0.0000, time=72.48s.
-- 375/592 [63.3%], loss=0.1529, dgw=0.1529, reg=0.0000, time=58.30s.
-- 400/592 [67.6%], loss=0.1443, dgw=0.1443, reg=0.0000, time=65.19s.
-- 425/592 [71.8%], loss=0.1502, dgw=0.1502, reg=0.0000, time=82.75s.
-- 450/592 [76.0%], loss=0.1471, dgw=0.1471, reg=0.0000, time=73.47s.
-- 475/592 [80.2%], loss=0.1524, dgw=0.1524, reg=0.0000, time=87.90s.
-- 500/592 [84.5%], loss=0.1520, dgw=0.1520, reg=0.0000, time=76.71s.
-- 525/592 [88.7%], loss=0.1436, dgw=0.1436, reg=0.0000, time=70.09s.
-- 550/592 [92.9%], loss=0.1407, dgw=0.1407, reg=0.0000, time=64.26s.
-- 575/592 [97.1%], loss=0.1411, dgw=0.1411, reg=0.0000, time=64.10s.
-- 592/592 [100.0%], loss=0.1412, dgw=0.1412, reg=0.0000, time=46.44s.
fit: Epoch 2/15, loss = 0.1584, best loss = 0.1584
results/ENZYMES_Chen_GW_usl_tsne_fit_2.pdf
-- 25/592 [4.2%], loss=0.1374, dgw=0.1374, reg=0.0000, time=81.59s.
-- 50/592 [8.4%], loss=0.1390, dgw=0.1390, reg=0.0000, time=68.27s.
-- 75/592 [12.7%], loss=0.1378, dgw=0.1378, reg=0.0000, time=71.41s.
-- 100/592 [16.9%], loss=0.1398, dgw=0.1398, reg=0.0000, time=76.33s.
-- 125/592 [21.1%], loss=0.1367, dgw=0.1367, reg=0.0000, time=62.79s.
-- 150/592 [25.3%], loss=0.1356, dgw=0.1356, reg=0.0000, time=53.11s.
-- 175/592 [29.6%], loss=0.1295, dgw=0.1295, reg=0.0000, time=74.57s.
-- 200/592 [33.8%], loss=0.1279, dgw=0.1279, reg=0.0000, time=76.79s.
-- 225/592 [38.0%], loss=0.1301, dgw=0.1301, reg=0.0000, time=74.21s.
-- 250/592 [42.2%], loss=0.1298, dgw=0.1298, reg=0.0000, time=64.74s.
-- 275/592 [46.5%], loss=0.1233, dgw=0.1233, reg=0.0000, time=68.04s.
-- 300/592 [50.7%], loss=0.1273, dgw=0.1273, reg=0.0000, time=62.22s.
-- 325/592 [54.9%], loss=0.1260, dgw=0.1260, reg=0.0000, time=71.52s.
-- 350/592 [59.1%], loss=0.1230, dgw=0.1230, reg=0.0000, time=63.51s.
-- 375/592 [63.3%], loss=0.1195, dgw=0.1195, reg=0.0000, time=59.10s.
-- 400/592 [67.6%], loss=0.1270, dgw=0.1270, reg=0.0000, time=81.24s.
-- 425/592 [71.8%], loss=0.1166, dgw=0.1166, reg=0.0000, time=66.39s.
-- 450/592 [76.0%], loss=0.1207, dgw=0.1207, reg=0.0000, time=70.50s.
-- 475/592 [80.2%], loss=0.1177, dgw=0.1177, reg=0.0000, time=54.03s.
-- 500/592 [84.5%], loss=0.1143, dgw=0.1143, reg=0.0000, time=65.05s.
-- 525/592 [88.7%], loss=0.1160, dgw=0.1160, reg=0.0000, time=73.91s.
-- 550/592 [92.9%], loss=0.1147, dgw=0.1147, reg=0.0000, time=78.64s.
-- 575/592 [97.1%], loss=0.1114, dgw=0.1114, reg=0.0000, time=68.44s.
-- 592/592 [100.0%], loss=0.1143, dgw=0.1143, reg=0.0000, time=31.94s.
fit: Epoch 3/15, loss = 0.1258, best loss = 0.1258
results/ENZYMES_Chen_GW_usl_tsne_fit_3.pdf
-- 25/592 [4.2%], loss=0.1087, dgw=0.1087, reg=0.0000, time=63.39s.
-- 50/592 [8.4%], loss=0.1106, dgw=0.1106, reg=0.0000, time=45.73s.
-- 75/592 [12.7%], loss=0.1096, dgw=0.1096, reg=0.0000, time=72.88s.
-- 100/592 [16.9%], loss=0.1050, dgw=0.1050, reg=0.0000, time=72.36s.
-- 125/592 [21.1%], loss=0.1039, dgw=0.1039, reg=0.0000, time=60.05s.
-- 150/592 [25.3%], loss=0.1168, dgw=0.1168, reg=0.0000, time=71.36s.
-- 175/592 [29.6%], loss=0.1050, dgw=0.1050, reg=0.0000, time=74.55s.
-- 200/592 [33.8%], loss=0.1029, dgw=0.1029, reg=0.0000, time=89.61s.
-- 225/592 [38.0%], loss=0.1047, dgw=0.1047, reg=0.0000, time=84.53s.
-- 250/592 [42.2%], loss=0.1001, dgw=0.1001, reg=0.0000, time=59.42s.
-- 275/592 [46.5%], loss=0.1038, dgw=0.1038, reg=0.0000, time=60.47s.
-- 300/592 [50.7%], loss=0.1013, dgw=0.1013, reg=0.0000, time=66.98s.
-- 325/592 [54.9%], loss=0.0999, dgw=0.0999, reg=0.0000, time=47.08s.
-- 350/592 [59.1%], loss=0.0981, dgw=0.0981, reg=0.0000, time=78.33s.
-- 375/592 [63.3%], loss=0.1008, dgw=0.1008, reg=0.0000, time=72.05s.
-- 400/592 [67.6%], loss=0.0995, dgw=0.0995, reg=0.0000, time=63.21s.
-- 425/592 [71.8%], loss=0.0981, dgw=0.0981, reg=0.0000, time=53.96s.
-- 450/592 [76.0%], loss=0.0977, dgw=0.0977, reg=0.0000, time=73.74s.
-- 475/592 [80.2%], loss=0.0939, dgw=0.0939, reg=0.0000, time=57.25s.
-- 500/592 [84.5%], loss=0.0960, dgw=0.0960, reg=0.0000, time=64.96s.
-- 525/592 [88.7%], loss=0.1009, dgw=0.1009, reg=0.0000, time=54.61s.
-- 550/592 [92.9%], loss=0.0931, dgw=0.0931, reg=0.0000, time=73.33s.
-- 575/592 [97.1%], loss=0.0933, dgw=0.0933, reg=0.0000, time=79.80s.
-- 592/592 [100.0%], loss=0.0929, dgw=0.0929, reg=0.0000, time=48.23s.
fit: Epoch 4/15, loss = 0.1016, best loss = 0.1016
results/ENZYMES_Chen_GW_usl_tsne_fit_4.pdf
-- 25/592 [4.2%], loss=0.0902, dgw=0.0902, reg=0.0000, time=42.23s.
-- 50/592 [8.4%], loss=0.0970, dgw=0.0970, reg=0.0000, time=61.46s.
-- 75/592 [12.7%], loss=0.0993, dgw=0.0993, reg=0.0000, time=65.67s.
-- 100/592 [16.9%], loss=0.0902, dgw=0.0902, reg=0.0000, time=57.19s.
-- 125/592 [21.1%], loss=0.0875, dgw=0.0875, reg=0.0000, time=36.70s.
-- 150/592 [25.3%], loss=0.0880, dgw=0.0880, reg=0.0000, time=53.78s.
-- 175/592 [29.6%], loss=0.0861, dgw=0.0861, reg=0.0000, time=69.54s.
-- 200/592 [33.8%], loss=0.0859, dgw=0.0859, reg=0.0000, time=71.42s.
-- 225/592 [38.0%], loss=0.0837, dgw=0.0837, reg=0.0000, time=55.76s.
-- 250/592 [42.2%], loss=0.0831, dgw=0.0831, reg=0.0000, time=52.32s.
-- 275/592 [46.5%], loss=0.0853, dgw=0.0853, reg=0.0000, time=75.23s.
-- 300/592 [50.7%], loss=0.0827, dgw=0.0827, reg=0.0000, time=56.92s.
-- 325/592 [54.9%], loss=0.0849, dgw=0.0849, reg=0.0000, time=61.49s.
-- 350/592 [59.1%], loss=0.0824, dgw=0.0824, reg=0.0000, time=69.39s.
-- 375/592 [63.3%], loss=0.0814, dgw=0.0814, reg=0.0000, time=74.77s.
-- 400/592 [67.6%], loss=0.0808, dgw=0.0808, reg=0.0000, time=47.77s.
-- 425/592 [71.8%], loss=0.0811, dgw=0.0811, reg=0.0000, time=53.52s.
-- 450/592 [76.0%], loss=0.0807, dgw=0.0807, reg=0.0000, time=42.36s.
-- 475/592 [80.2%], loss=0.0789, dgw=0.0789, reg=0.0000, time=48.81s.
-- 500/592 [84.5%], loss=0.0790, dgw=0.0790, reg=0.0000, time=69.17s.
-- 525/592 [88.7%], loss=0.0805, dgw=0.0805, reg=0.0000, time=76.35s.
-- 550/592 [92.9%], loss=0.0766, dgw=0.0766, reg=0.0000, time=44.04s.
-- 575/592 [97.1%], loss=0.0772, dgw=0.0772, reg=0.0000, time=73.24s.
-- 592/592 [100.0%], loss=0.0778, dgw=0.0778, reg=0.0000, time=46.62s.
fit: Epoch 5/15, loss = 0.0843, best loss = 0.0843
results/ENZYMES_Chen_GW_usl_tsne_fit_5.pdf
-- 25/592 [4.2%], loss=0.0758, dgw=0.0758, reg=0.0000, time=65.49s.
-- 50/592 [8.4%], loss=0.0740, dgw=0.0740, reg=0.0000, time=69.12s.
-- 75/592 [12.7%], loss=0.0854, dgw=0.0854, reg=0.0000, time=48.71s.
-- 100/592 [16.9%], loss=0.0757, dgw=0.0757, reg=0.0000, time=49.09s.
-- 125/592 [21.1%], loss=0.0736, dgw=0.0736, reg=0.0000, time=49.29s.
-- 150/592 [25.3%], loss=0.0836, dgw=0.0836, reg=0.0000, time=91.53s.
-- 175/592 [29.6%], loss=0.0737, dgw=0.0737, reg=0.0000, time=65.17s.
-- 200/592 [33.8%], loss=0.1434, dgw=0.1434, reg=0.0000, time=41.72s.
-- 225/592 [38.0%], loss=0.0727, dgw=0.0727, reg=0.0000, time=48.64s.
-- 250/592 [42.2%], loss=0.0720, dgw=0.0720, reg=0.0000, time=57.80s.
-- 275/592 [46.5%], loss=0.0726, dgw=0.0726, reg=0.0000, time=61.08s.
-- 300/592 [50.7%], loss=0.0719, dgw=0.0719, reg=0.0000, time=47.59s.
-- 325/592 [54.9%], loss=0.0718, dgw=0.0718, reg=0.0000, time=44.14s.
-- 350/592 [59.1%], loss=0.0710, dgw=0.0710, reg=0.0000, time=59.58s.
-- 375/592 [63.3%], loss=0.0687, dgw=0.0687, reg=0.0000, time=68.77s.
-- 400/592 [67.6%], loss=0.0701, dgw=0.0701, reg=0.0000, time=52.08s.
-- 425/592 [71.8%], loss=0.0690, dgw=0.0690, reg=0.0000, time=53.78s.
-- 450/592 [76.0%], loss=0.0679, dgw=0.0679, reg=0.0000, time=49.91s.
-- 475/592 [80.2%], loss=0.0716, dgw=0.0716, reg=0.0000, time=49.06s.
-- 500/592 [84.5%], loss=0.0651, dgw=0.0651, reg=0.0000, time=47.19s.
-- 525/592 [88.7%], loss=0.0661, dgw=0.0661, reg=0.0000, time=62.70s.
-- 550/592 [92.9%], loss=0.0669, dgw=0.0669, reg=0.0000, time=47.18s.
-- 575/592 [97.1%], loss=0.0642, dgw=0.0642, reg=0.0000, time=66.68s.
-- 592/592 [100.0%], loss=0.0667, dgw=0.0667, reg=0.0000, time=40.45s.
fit: Epoch 6/15, loss = 0.0748, best loss = 0.0748
results/ENZYMES_Chen_GW_usl_tsne_fit_6.pdf
-- 25/592 [4.2%], loss=0.0655, dgw=0.0655, reg=0.0000, time=57.24s.
-- 50/592 [8.4%], loss=0.0653, dgw=0.0653, reg=0.0000, time=56.90s.
-- 75/592 [12.7%], loss=0.0647, dgw=0.0647, reg=0.0000, time=38.95s.
-- 100/592 [16.9%], loss=0.0645, dgw=0.0645, reg=0.0000, time=55.25s.
-- 125/592 [21.1%], loss=0.0636, dgw=0.0636, reg=0.0000, time=59.06s.
-- 150/592 [25.3%], loss=0.0634, dgw=0.0634, reg=0.0000, time=45.44s.
-- 175/592 [29.6%], loss=0.0624, dgw=0.0624, reg=0.0000, time=45.25s.
-- 200/592 [33.8%], loss=0.0795, dgw=0.0795, reg=0.0000, time=55.13s.
-- 225/592 [38.0%], loss=0.0638, dgw=0.0638, reg=0.0000, time=47.94s.
-- 250/592 [42.2%], loss=0.0609, dgw=0.0609, reg=0.0000, time=41.71s.
-- 275/592 [46.5%], loss=0.0614, dgw=0.0614, reg=0.0000, time=44.79s.
-- 300/592 [50.7%], loss=0.0617, dgw=0.0617, reg=0.0000, time=49.21s.
-- 325/592 [54.9%], loss=0.0602, dgw=0.0602, reg=0.0000, time=38.05s.
-- 350/592 [59.1%], loss=0.0606, dgw=0.0606, reg=0.0000, time=41.65s.
-- 375/592 [63.3%], loss=0.0598, dgw=0.0598, reg=0.0000, time=52.41s.
-- 400/592 [67.6%], loss=0.0626, dgw=0.0626, reg=0.0000, time=56.06s.
-- 425/592 [71.8%], loss=0.0608, dgw=0.0608, reg=0.0000, time=35.66s.
-- 450/592 [76.0%], loss=0.0604, dgw=0.0604, reg=0.0000, time=58.63s.
-- 475/592 [80.2%], loss=0.0595, dgw=0.0595, reg=0.0000, time=57.08s.
-- 500/592 [84.5%], loss=0.0719, dgw=0.0719, reg=0.0000, time=62.27s.
-- 525/592 [88.7%], loss=0.0586, dgw=0.0586, reg=0.0000, time=51.95s.
-- 550/592 [92.9%], loss=0.0582, dgw=0.0582, reg=0.0000, time=49.25s.
-- 575/592 [97.1%], loss=0.0591, dgw=0.0591, reg=0.0000, time=46.39s.
-- 592/592 [100.0%], loss=0.0574, dgw=0.0574, reg=0.0000, time=39.06s.
fit: Epoch 7/15, loss = 0.0628, best loss = 0.0628
results/ENZYMES_Chen_GW_usl_tsne_fit_7.pdf
-- 25/592 [4.2%], loss=0.0573, dgw=0.0573, reg=0.0000, time=44.11s.
-- 50/592 [8.4%], loss=0.0606, dgw=0.0606, reg=0.0000, time=39.86s.
-- 75/592 [12.7%], loss=0.0572, dgw=0.0572, reg=0.0000, time=49.37s.
-- 100/592 [16.9%], loss=0.0585, dgw=0.0585, reg=0.0000, time=73.10s.
-- 125/592 [21.1%], loss=0.0702, dgw=0.0702, reg=0.0000, time=55.19s.
-- 150/592 [25.3%], loss=0.0957, dgw=0.0957, reg=0.0000, time=57.89s.
-- 175/592 [29.6%], loss=0.0556, dgw=0.0556, reg=0.0000, time=47.73s.
-- 200/592 [33.8%], loss=0.0561, dgw=0.0561, reg=0.0000, time=62.66s.
-- 225/592 [38.0%], loss=0.0553, dgw=0.0553, reg=0.0000, time=42.62s.
-- 250/592 [42.2%], loss=0.0544, dgw=0.0544, reg=0.0000, time=38.86s.
-- 275/592 [46.5%], loss=0.0550, dgw=0.0550, reg=0.0000, time=60.79s.
-- 300/592 [50.7%], loss=0.0550, dgw=0.0550, reg=0.0000, time=52.46s.
-- 325/592 [54.9%], loss=0.0544, dgw=0.0544, reg=0.0000, time=51.13s.
-- 350/592 [59.1%], loss=0.0535, dgw=0.0535, reg=0.0000, time=45.74s.
-- 375/592 [63.3%], loss=0.0530, dgw=0.0530, reg=0.0000, time=52.82s.
-- 400/592 [67.6%], loss=0.0544, dgw=0.0544, reg=0.0000, time=52.62s.
-- 425/592 [71.8%], loss=0.0531, dgw=0.0531, reg=0.0000, time=58.61s.
-- 450/592 [76.0%], loss=0.0948, dgw=0.0948, reg=0.0000, time=46.12s.
-- 475/592 [80.2%], loss=0.0889, dgw=0.0889, reg=0.0000, time=47.44s.
-- 500/592 [84.5%], loss=0.0528, dgw=0.0528, reg=0.0000, time=45.14s.
-- 525/592 [88.7%], loss=0.0922, dgw=0.0922, reg=0.0000, time=49.57s.
-- 550/592 [92.9%], loss=0.0534, dgw=0.0534, reg=0.0000, time=52.34s.
-- 575/592 [97.1%], loss=0.0670, dgw=0.0670, reg=0.0000, time=42.76s.
-- 592/592 [100.0%], loss=0.1114, dgw=0.1114, reg=0.0000, time=24.44s.
fit: Epoch 8/15, loss = 0.0644, best loss = 0.0628
results/ENZYMES_Chen_GW_usl_tsne_fit_8.pdf
-- 25/592 [4.2%], loss=0.0516, dgw=0.0516, reg=0.0000, time=59.28s.
-- 50/592 [8.4%], loss=0.0535, dgw=0.0535, reg=0.0000, time=32.03s.
-- 75/592 [12.7%], loss=0.0554, dgw=0.0554, reg=0.0000, time=47.45s.
-- 100/592 [16.9%], loss=0.1313, dgw=0.1313, reg=0.0000, time=43.48s.
-- 125/592 [21.1%], loss=0.0609, dgw=0.0609, reg=0.0000, time=46.45s.
-- 150/592 [25.3%], loss=0.1110, dgw=0.1110, reg=0.0000, time=41.65s.
-- 175/592 [29.6%], loss=0.1298, dgw=0.1298, reg=0.0000, time=44.03s.
-- 200/592 [33.8%], loss=0.0898, dgw=0.0898, reg=0.0000, time=38.48s.
-- 225/592 [38.0%], loss=0.0997, dgw=0.0997, reg=0.0000, time=50.90s.
-- 250/592 [42.2%], loss=0.1919, dgw=0.1919, reg=0.0000, time=39.67s.
-- 275/592 [46.5%], loss=0.1337, dgw=0.1337, reg=0.0000, time=58.96s.
-- 300/592 [50.7%], loss=0.1073, dgw=0.1073, reg=0.0000, time=38.69s.
-- 325/592 [54.9%], loss=0.1301, dgw=0.1301, reg=0.0000, time=40.33s.
-- 350/592 [59.1%], loss=0.1107, dgw=0.1107, reg=0.0000, time=32.58s.
-- 375/592 [63.3%], loss=0.1621, dgw=0.1621, reg=0.0000, time=38.37s.
-- 400/592 [67.6%], loss=0.1333, dgw=0.1333, reg=0.0000, time=50.22s.
-- 425/592 [71.8%], loss=0.0884, dgw=0.0884, reg=0.0000, time=39.80s.
-- 450/592 [76.0%], loss=0.2211, dgw=0.2211, reg=0.0000, time=59.46s.
-- 475/592 [80.2%], loss=0.2006, dgw=0.2006, reg=0.0000, time=46.48s.
-- 500/592 [84.5%], loss=0.4686, dgw=0.4686, reg=0.0000, time=52.19s.
-- 525/592 [88.7%], loss=0.6348, dgw=0.6348, reg=0.0000, time=31.79s.
-- 550/592 [92.9%], loss=0.8043, dgw=0.8043, reg=0.0000, time=27.15s.
-- 575/592 [97.1%], loss=0.8782, dgw=0.8782, reg=0.0000, time=29.62s.
-- 592/592 [100.0%], loss=0.9895, dgw=0.9895, reg=0.0000, time=29.60s.
fit: Epoch 9/15, loss = 0.2416, best loss = 0.0628
results/ENZYMES_Chen_GW_usl_tsne_fit_9.pdf
-- 25/592 [4.2%], loss=0.9867, dgw=0.9867, reg=0.0000, time=35.56s.
-- 50/592 [8.4%], loss=0.9981, dgw=0.9981, reg=0.0000, time=39.16s.
-- 75/592 [12.7%], loss=0.9510, dgw=0.9510, reg=0.0000, time=38.29s.
-- 100/592 [16.9%], loss=1.0162, dgw=1.0162, reg=0.0000, time=41.55s.
-- 125/592 [21.1%], loss=1.0358, dgw=1.0358, reg=0.0000, time=50.42s.
-- 150/592 [25.3%], loss=0.9960, dgw=0.9960, reg=0.0000, time=32.70s.
-- 175/592 [29.6%], loss=1.0361, dgw=1.0361, reg=0.0000, time=43.90s.
-- 200/592 [33.8%], loss=1.0330, dgw=1.0330, reg=0.0000, time=45.25s.
-- 225/592 [38.0%], loss=0.9964, dgw=0.9964, reg=0.0000, time=27.28s.
-- 250/592 [42.2%], loss=1.0298, dgw=1.0298, reg=0.0000, time=44.05s.
-- 275/592 [46.5%], loss=1.0280, dgw=1.0280, reg=0.0000, time=36.21s.
-- 300/592 [50.7%], loss=1.0212, dgw=1.0212, reg=0.0000, time=38.18s.
-- 325/592 [54.9%], loss=1.0335, dgw=1.0335, reg=0.0000, time=36.19s.
-- 350/592 [59.1%], loss=1.0391, dgw=1.0391, reg=0.0000, time=33.03s.
-- 375/592 [63.3%], loss=1.0364, dgw=1.0364, reg=0.0000, time=47.62s.
-- 400/592 [67.6%], loss=1.0613, dgw=1.0613, reg=0.0000, time=34.60s.
-- 425/592 [71.8%], loss=1.0406, dgw=1.0406, reg=0.0000, time=36.24s.
-- 450/592 [76.0%], loss=1.0360, dgw=1.0360, reg=0.0000, time=39.42s.
-- 475/592 [80.2%], loss=1.0460, dgw=1.0460, reg=0.0000, time=37.90s.
-- 500/592 [84.5%], loss=1.0267, dgw=1.0267, reg=0.0000, time=36.57s.
-- 525/592 [88.7%], loss=1.0397, dgw=1.0397, reg=0.0000, time=40.48s.
-- 550/592 [92.9%], loss=1.0435, dgw=1.0435, reg=0.0000, time=34.22s.
-- 575/592 [97.1%], loss=1.0349, dgw=1.0349, reg=0.0000, time=37.95s.
-- 592/592 [100.0%], loss=1.0447, dgw=1.0447, reg=0.0000, time=27.85s.
fit: Epoch 10/15, loss = 1.0252, best loss = 0.0628
results/ENZYMES_Chen_GW_usl_tsne_fit_10.pdf
-- 25/592 [4.2%], loss=1.0446, dgw=1.0446, reg=0.0000, time=36.68s.
-- 50/592 [8.4%], loss=1.0450, dgw=1.0450, reg=0.0000, time=39.23s.
-- 75/592 [12.7%], loss=1.0410, dgw=1.0410, reg=0.0000, time=35.66s.
-- 100/592 [16.9%], loss=1.0419, dgw=1.0419, reg=0.0000, time=39.87s.
-- 125/592 [21.1%], loss=1.0307, dgw=1.0307, reg=0.0000, time=40.14s.
-- 150/592 [25.3%], loss=1.0441, dgw=1.0441, reg=0.0000, time=33.46s.
-- 175/592 [29.6%], loss=1.0114, dgw=1.0114, reg=0.0000, time=33.41s.
-- 200/592 [33.8%], loss=1.0375, dgw=1.0375, reg=0.0000, time=26.05s.
-- 225/592 [38.0%], loss=1.0336, dgw=1.0336, reg=0.0000, time=39.93s.
-- 250/592 [42.2%], loss=1.0410, dgw=1.0410, reg=0.0000, time=32.92s.
-- 275/592 [46.5%], loss=1.0568, dgw=1.0568, reg=0.0000, time=33.34s.
-- 300/592 [50.7%], loss=1.0424, dgw=1.0424, reg=0.0000, time=36.62s.
-- 325/592 [54.9%], loss=1.0421, dgw=1.0421, reg=0.0000, time=34.65s.
-- 350/592 [59.1%], loss=1.0454, dgw=1.0454, reg=0.0000, time=31.17s.
-- 375/592 [63.3%], loss=1.0409, dgw=1.0409, reg=0.0000, time=30.08s.
-- 400/592 [67.6%], loss=1.0407, dgw=1.0407, reg=0.0000, time=35.93s.
-- 425/592 [71.8%], loss=1.0563, dgw=1.0563, reg=0.0000, time=38.48s.
-- 450/592 [76.0%], loss=1.0405, dgw=1.0405, reg=0.0000, time=40.06s.
-- 475/592 [80.2%], loss=1.0301, dgw=1.0301, reg=0.0000, time=45.31s.
-- 500/592 [84.5%], loss=1.0432, dgw=1.0432, reg=0.0000, time=40.58s.
-- 525/592 [88.7%], loss=1.0352, dgw=1.0352, reg=0.0000, time=38.80s.
-- 550/592 [92.9%], loss=1.0423, dgw=1.0423, reg=0.0000, time=36.20s.
-- 575/592 [97.1%], loss=1.0421, dgw=1.0421, reg=0.0000, time=34.80s.
-- 592/592 [100.0%], loss=1.0436, dgw=1.0436, reg=0.0000, time=23.64s.
fit: Epoch 11/15, loss = 1.0405, best loss = 0.0628
results/ENZYMES_Chen_GW_usl_tsne_fit_11.pdf
-- 25/592 [4.2%], loss=1.0441, dgw=1.0441, reg=0.0000, time=30.83s.
-- 50/592 [8.4%], loss=1.0426, dgw=1.0426, reg=0.0000, time=40.28s.
-- 75/592 [12.7%], loss=1.0399, dgw=1.0399, reg=0.0000, time=34.25s.
-- 100/592 [16.9%], loss=1.0391, dgw=1.0391, reg=0.0000, time=35.05s.
-- 125/592 [21.1%], loss=1.0556, dgw=1.0556, reg=0.0000, time=44.44s.
-- 150/592 [25.3%], loss=1.0424, dgw=1.0424, reg=0.0000, time=36.65s.
-- 175/592 [29.6%], loss=1.0329, dgw=1.0329, reg=0.0000, time=35.88s.
-- 200/592 [33.8%], loss=1.0281, dgw=1.0281, reg=0.0000, time=33.32s.
-- 225/592 [38.0%], loss=1.0324, dgw=1.0324, reg=0.0000, time=29.41s.
-- 250/592 [42.2%], loss=1.0403, dgw=1.0403, reg=0.0000, time=34.02s.
-- 275/592 [46.5%], loss=1.0397, dgw=1.0397, reg=0.0000, time=37.63s.
-- 300/592 [50.7%], loss=1.0371, dgw=1.0371, reg=0.0000, time=34.02s.
-- 325/592 [54.9%], loss=1.0393, dgw=1.0393, reg=0.0000, time=29.87s.
-- 350/592 [59.1%], loss=1.0322, dgw=1.0322, reg=0.0000, time=23.76s.
-- 375/592 [63.3%], loss=1.0307, dgw=1.0307, reg=0.0000, time=29.37s.
-- 400/592 [67.6%], loss=1.0247, dgw=1.0247, reg=0.0000, time=30.22s.
-- 425/592 [71.8%], loss=1.0379, dgw=1.0379, reg=0.0000, time=26.69s.
-- 450/592 [76.0%], loss=1.0401, dgw=1.0401, reg=0.0000, time=34.43s.
-- 475/592 [80.2%], loss=1.0436, dgw=1.0436, reg=0.0000, time=32.30s.
-- 500/592 [84.5%], loss=1.0406, dgw=1.0406, reg=0.0000, time=37.22s.
-- 525/592 [88.7%], loss=1.0385, dgw=1.0385, reg=0.0000, time=33.29s.
-- 550/592 [92.9%], loss=1.0400, dgw=1.0400, reg=0.0000, time=37.46s.
-- 575/592 [97.1%], loss=1.0338, dgw=1.0338, reg=0.0000, time=41.91s.
-- 592/592 [100.0%], loss=1.0294, dgw=1.0294, reg=0.0000, time=28.94s.
fit: Epoch 12/15, loss = 1.0378, best loss = 0.0628
results/ENZYMES_Chen_GW_usl_tsne_fit_12.pdf
-- 25/592 [4.2%], loss=1.0318, dgw=1.0318, reg=0.0000, time=33.45s.
-- 50/592 [8.4%], loss=1.0379, dgw=1.0379, reg=0.0000, time=36.82s.
-- 75/592 [12.7%], loss=1.0379, dgw=1.0379, reg=0.0000, time=36.45s.
-- 100/592 [16.9%], loss=1.0152, dgw=1.0152, reg=0.0000, time=29.74s.
-- 125/592 [21.1%], loss=1.0413, dgw=1.0413, reg=0.0000, time=36.64s.
-- 150/592 [25.3%], loss=1.0397, dgw=1.0397, reg=0.0000, time=34.67s.
-- 175/592 [29.6%], loss=1.0365, dgw=1.0365, reg=0.0000, time=27.47s.
-- 200/592 [33.8%], loss=1.0312, dgw=1.0312, reg=0.0000, time=35.52s.
-- 225/592 [38.0%], loss=1.0372, dgw=1.0372, reg=0.0000, time=41.84s.
-- 250/592 [42.2%], loss=1.0159, dgw=1.0159, reg=0.0000, time=32.40s.
-- 275/592 [46.5%], loss=1.0370, dgw=1.0370, reg=0.0000, time=28.91s.
-- 300/592 [50.7%], loss=1.0364, dgw=1.0364, reg=0.0000, time=44.91s.
-- 325/592 [54.9%], loss=1.0368, dgw=1.0368, reg=0.0000, time=38.37s.
-- 350/592 [59.1%], loss=1.0326, dgw=1.0326, reg=0.0000, time=32.39s.
-- 375/592 [63.3%], loss=1.0384, dgw=1.0384, reg=0.0000, time=40.84s.
-- 400/592 [67.6%], loss=1.0382, dgw=1.0382, reg=0.0000, time=35.47s.
-- 425/592 [71.8%], loss=1.0384, dgw=1.0384, reg=0.0000, time=40.51s.
-- 450/592 [76.0%], loss=1.0426, dgw=1.0426, reg=0.0000, time=43.05s.
-- 475/592 [80.2%], loss=1.0294, dgw=1.0294, reg=0.0000, time=35.52s.
-- 500/592 [84.5%], loss=1.0372, dgw=1.0372, reg=0.0000, time=30.80s.
-- 525/592 [88.7%], loss=1.0668, dgw=1.0668, reg=0.0000, time=29.74s.
-- 550/592 [92.9%], loss=1.0371, dgw=1.0371, reg=0.0000, time=33.21s.
-- 575/592 [97.1%], loss=1.0307, dgw=1.0307, reg=0.0000, time=40.94s.
-- 592/592 [100.0%], loss=1.0327, dgw=1.0327, reg=0.0000, time=22.45s.
fit: Epoch 13/15, loss = 1.0358, best loss = 0.0628
results/ENZYMES_Chen_GW_usl_tsne_fit_13.pdf
-- 25/592 [4.2%], loss=1.0273, dgw=1.0273, reg=0.0000, time=41.53s.
-- 50/592 [8.4%], loss=1.0367, dgw=1.0367, reg=0.0000, time=42.35s.
-- 75/592 [12.7%], loss=1.0367, dgw=1.0367, reg=0.0000, time=33.36s.
-- 100/592 [16.9%], loss=1.0355, dgw=1.0355, reg=0.0000, time=33.94s.
-- 125/592 [21.1%], loss=1.0375, dgw=1.0375, reg=0.0000, time=27.58s.
-- 150/592 [25.3%], loss=1.0356, dgw=1.0356, reg=0.0000, time=35.05s.
-- 175/592 [29.6%], loss=1.0406, dgw=1.0406, reg=0.0000, time=31.49s.
-- 200/592 [33.8%], loss=1.0362, dgw=1.0362, reg=0.0000, time=37.06s.
-- 225/592 [38.0%], loss=1.0352, dgw=1.0352, reg=0.0000, time=33.54s.
-- 250/592 [42.2%], loss=1.0375, dgw=1.0375, reg=0.0000, time=27.85s.
-- 275/592 [46.5%], loss=1.0320, dgw=1.0320, reg=0.0000, time=38.80s.
-- 300/592 [50.7%], loss=1.0389, dgw=1.0389, reg=0.0000, time=27.89s.
-- 325/592 [54.9%], loss=1.0352, dgw=1.0352, reg=0.0000, time=31.52s.
-- 350/592 [59.1%], loss=1.0452, dgw=1.0452, reg=0.0000, time=32.29s.
-- 375/592 [63.3%], loss=1.0405, dgw=1.0405, reg=0.0000, time=35.07s.
-- 400/592 [67.6%], loss=1.0302, dgw=1.0302, reg=0.0000, time=22.74s.
-- 425/592 [71.8%], loss=1.0477, dgw=1.0477, reg=0.0000, time=34.01s.
-- 450/592 [76.0%], loss=1.0354, dgw=1.0354, reg=0.0000, time=28.27s.
-- 475/592 [80.2%], loss=1.0364, dgw=1.0364, reg=0.0000, time=21.11s.
-- 500/592 [84.5%], loss=1.0362, dgw=1.0362, reg=0.0000, time=41.91s.
-- 525/592 [88.7%], loss=1.0369, dgw=1.0369, reg=0.0000, time=32.31s.
-- 550/592 [92.9%], loss=1.0380, dgw=1.0380, reg=0.0000, time=36.18s.
-- 575/592 [97.1%], loss=1.0360, dgw=1.0360, reg=0.0000, time=32.70s.
-- 592/592 [100.0%], loss=1.0346, dgw=1.0346, reg=0.0000, time=28.22s.
fit: Epoch 14/15, loss = 1.0368, best loss = 0.0628
results/ENZYMES_Chen_GW_usl_tsne_fit_14.pdf
-- 25/592 [4.2%], loss=1.0520, dgw=1.0520, reg=0.0000, time=35.76s.
-- 50/592 [8.4%], loss=1.0371, dgw=1.0371, reg=0.0000, time=27.58s.
-- 75/592 [12.7%], loss=1.0379, dgw=1.0379, reg=0.0000, time=33.06s.
-- 100/592 [16.9%], loss=1.0307, dgw=1.0307, reg=0.0000, time=44.87s.
-- 125/592 [21.1%], loss=1.0356, dgw=1.0356, reg=0.0000, time=31.84s.
-- 150/592 [25.3%], loss=1.0337, dgw=1.0337, reg=0.0000, time=38.58s.
-- 175/592 [29.6%], loss=1.0345, dgw=1.0345, reg=0.0000, time=32.93s.
-- 200/592 [33.8%], loss=1.0299, dgw=1.0299, reg=0.0000, time=39.46s.
-- 225/592 [38.0%], loss=1.0503, dgw=1.0503, reg=0.0000, time=40.43s.
-- 250/592 [42.2%], loss=1.0374, dgw=1.0374, reg=0.0000, time=41.92s.
-- 275/592 [46.5%], loss=1.0253, dgw=1.0253, reg=0.0000, time=38.25s.
-- 300/592 [50.7%], loss=1.0343, dgw=1.0343, reg=0.0000, time=34.59s.
-- 325/592 [54.9%], loss=1.0344, dgw=1.0344, reg=0.0000, time=26.51s.
-- 350/592 [59.1%], loss=1.0336, dgw=1.0336, reg=0.0000, time=20.42s.
-- 375/592 [63.3%], loss=1.0354, dgw=1.0354, reg=0.0000, time=16.84s.
-- 400/592 [67.6%], loss=1.0257, dgw=1.0257, reg=0.0000, time=27.02s.
-- 425/592 [71.8%], loss=1.0382, dgw=1.0382, reg=0.0000, time=34.95s.
-- 450/592 [76.0%], loss=1.0345, dgw=1.0345, reg=0.0000, time=39.12s.
-- 475/592 [80.2%], loss=1.0342, dgw=1.0342, reg=0.0000, time=29.86s.
-- 500/592 [84.5%], loss=1.0340, dgw=1.0340, reg=0.0000, time=33.22s.
-- 525/592 [88.7%], loss=1.0351, dgw=1.0351, reg=0.0000, time=27.86s.
-- 550/592 [92.9%], loss=1.0338, dgw=1.0338, reg=0.0000, time=31.52s.
-- 575/592 [97.1%], loss=1.0324, dgw=1.0324, reg=0.0000, time=24.53s.
-- 592/592 [100.0%], loss=1.0333, dgw=1.0333, reg=0.0000, time=21.94s.
fit: Epoch 15/15, loss = 1.0352, best loss = 0.0628
results/ENZYMES_Chen_GW_usl_tsne_fit_15.pdf
Rand Score: 0.7231501806374903
Done!
