MORE THAN 2 CLASSES!
-- 25/592 [4.2%], loss=0.2213, dgw=0.2213, reg=0.0000, time=58.58s.
-- 50/592 [8.4%], loss=0.2245, dgw=0.2245, reg=0.0000, time=63.87s.
-- 75/592 [12.7%], loss=0.2251, dgw=0.2251, reg=0.0000, time=60.25s.
-- 100/592 [16.9%], loss=0.2093, dgw=0.2093, reg=0.0000, time=61.96s.
-- 125/592 [21.1%], loss=0.2083, dgw=0.2083, reg=0.0000, time=75.73s.
-- 150/592 [25.3%], loss=0.2173, dgw=0.2173, reg=0.0000, time=80.93s.
-- 175/592 [29.6%], loss=0.2133, dgw=0.2133, reg=0.0000, time=65.58s.
-- 200/592 [33.8%], loss=0.2157, dgw=0.2157, reg=0.0000, time=79.42s.
-- 225/592 [38.0%], loss=0.2073, dgw=0.2073, reg=0.0000, time=69.84s.
-- 250/592 [42.2%], loss=0.2002, dgw=0.2002, reg=0.0000, time=56.37s.
-- 275/592 [46.5%], loss=0.2036, dgw=0.2036, reg=0.0000, time=51.28s.
-- 300/592 [50.7%], loss=0.1998, dgw=0.1998, reg=0.0000, time=55.35s.
-- 325/592 [54.9%], loss=0.2023, dgw=0.2023, reg=0.0000, time=69.77s.
-- 350/592 [59.1%], loss=0.1964, dgw=0.1964, reg=0.0000, time=81.16s.
-- 375/592 [63.3%], loss=0.2021, dgw=0.2021, reg=0.0000, time=81.00s.
-- 400/592 [67.6%], loss=0.1917, dgw=0.1917, reg=0.0000, time=64.66s.
-- 425/592 [71.8%], loss=0.1930, dgw=0.1930, reg=0.0000, time=69.01s.
-- 450/592 [76.0%], loss=0.1910, dgw=0.1910, reg=0.0000, time=57.01s.
-- 475/592 [80.2%], loss=0.1940, dgw=0.1940, reg=0.0000, time=67.46s.
-- 500/592 [84.5%], loss=0.1857, dgw=0.1857, reg=0.0000, time=59.43s.
-- 525/592 [88.7%], loss=0.1821, dgw=0.1821, reg=0.0000, time=65.67s.
-- 550/592 [92.9%], loss=0.1832, dgw=0.1832, reg=0.0000, time=66.55s.
-- 575/592 [97.1%], loss=0.1844, dgw=0.1844, reg=0.0000, time=79.74s.
-- 592/592 [100.0%], loss=0.1833, dgw=0.1833, reg=0.0000, time=34.12s.
fit: Epoch 1/15, loss = 0.2017, best loss = 0.2017
results/ENZYMES_Chen_GW_usl_tsne_fit_1.pdf
-- 25/592 [4.2%], loss=0.1775, dgw=0.1775, reg=0.0000, time=51.63s.
-- 50/592 [8.4%], loss=0.1749, dgw=0.1749, reg=0.0000, time=74.58s.
-- 75/592 [12.7%], loss=0.1774, dgw=0.1774, reg=0.0000, time=53.11s.
-- 100/592 [16.9%], loss=0.1747, dgw=0.1747, reg=0.0000, time=56.08s.
-- 125/592 [21.1%], loss=0.1750, dgw=0.1750, reg=0.0000, time=72.40s.
-- 150/592 [25.3%], loss=0.1668, dgw=0.1668, reg=0.0000, time=67.79s.
-- 175/592 [29.6%], loss=0.1658, dgw=0.1658, reg=0.0000, time=86.05s.
-- 200/592 [33.8%], loss=0.1642, dgw=0.1642, reg=0.0000, time=30.54s.
-- 225/592 [38.0%], loss=0.1647, dgw=0.1647, reg=0.0000, time=47.26s.
-- 250/592 [42.2%], loss=0.1626, dgw=0.1626, reg=0.0000, time=64.77s.
-- 275/592 [46.5%], loss=0.1625, dgw=0.1625, reg=0.0000, time=64.61s.
-- 300/592 [50.7%], loss=0.1539, dgw=0.1539, reg=0.0000, time=71.28s.
-- 325/592 [54.9%], loss=0.1632, dgw=0.1632, reg=0.0000, time=66.94s.
-- 350/592 [59.1%], loss=0.1588, dgw=0.1588, reg=0.0000, time=84.14s.
-- 375/592 [63.3%], loss=0.1555, dgw=0.1555, reg=0.0000, time=78.05s.
-- 400/592 [67.6%], loss=0.1520, dgw=0.1520, reg=0.0000, time=81.66s.
-- 425/592 [71.8%], loss=0.1532, dgw=0.1532, reg=0.0000, time=83.68s.
-- 450/592 [76.0%], loss=0.1446, dgw=0.1446, reg=0.0000, time=65.60s.
-- 475/592 [80.2%], loss=0.1470, dgw=0.1470, reg=0.0000, time=56.13s.
-- 500/592 [84.5%], loss=0.1495, dgw=0.1495, reg=0.0000, time=59.56s.
-- 525/592 [88.7%], loss=0.1434, dgw=0.1434, reg=0.0000, time=73.97s.
-- 550/592 [92.9%], loss=0.1456, dgw=0.1456, reg=0.0000, time=91.51s.
-- 575/592 [97.1%], loss=0.1421, dgw=0.1421, reg=0.0000, time=72.40s.
-- 592/592 [100.0%], loss=0.1462, dgw=0.1462, reg=0.0000, time=55.12s.
fit: Epoch 2/15, loss = 0.1594, best loss = 0.1594
results/ENZYMES_Chen_GW_usl_tsne_fit_2.pdf
-- 25/592 [4.2%], loss=0.1438, dgw=0.1438, reg=0.0000, time=34.96s.
-- 50/592 [8.4%], loss=0.1377, dgw=0.1377, reg=0.0000, time=65.98s.
-- 75/592 [12.7%], loss=0.1350, dgw=0.1350, reg=0.0000, time=50.71s.
-- 100/592 [16.9%], loss=0.1337, dgw=0.1337, reg=0.0000, time=65.17s.
-- 125/592 [21.1%], loss=0.1364, dgw=0.1364, reg=0.0000, time=55.82s.
-- 150/592 [25.3%], loss=0.1399, dgw=0.1399, reg=0.0000, time=77.26s.
-- 175/592 [29.6%], loss=0.1358, dgw=0.1358, reg=0.0000, time=77.90s.
-- 200/592 [33.8%], loss=0.1326, dgw=0.1326, reg=0.0000, time=48.96s.
-- 225/592 [38.0%], loss=0.1302, dgw=0.1302, reg=0.0000, time=73.59s.
-- 250/592 [42.2%], loss=0.1352, dgw=0.1352, reg=0.0000, time=59.05s.
-- 275/592 [46.5%], loss=0.1250, dgw=0.1250, reg=0.0000, time=57.17s.
-- 300/592 [50.7%], loss=0.1283, dgw=0.1283, reg=0.0000, time=69.64s.
-- 325/592 [54.9%], loss=0.1246, dgw=0.1246, reg=0.0000, time=65.89s.
-- 350/592 [59.1%], loss=0.1249, dgw=0.1249, reg=0.0000, time=96.53s.
-- 375/592 [63.3%], loss=0.1224, dgw=0.1224, reg=0.0000, time=49.95s.
-- 400/592 [67.6%], loss=0.1199, dgw=0.1199, reg=0.0000, time=61.07s.
-- 425/592 [71.8%], loss=0.1229, dgw=0.1229, reg=0.0000, time=63.95s.
-- 450/592 [76.0%], loss=0.1167, dgw=0.1167, reg=0.0000, time=54.28s.
-- 475/592 [80.2%], loss=0.1175, dgw=0.1175, reg=0.0000, time=63.91s.
-- 500/592 [84.5%], loss=0.1178, dgw=0.1178, reg=0.0000, time=76.50s.
-- 525/592 [88.7%], loss=0.1157, dgw=0.1157, reg=0.0000, time=71.34s.
-- 550/592 [92.9%], loss=0.1107, dgw=0.1107, reg=0.0000, time=46.26s.
-- 575/592 [97.1%], loss=0.1154, dgw=0.1154, reg=0.0000, time=58.75s.
-- 592/592 [100.0%], loss=0.1079, dgw=0.1079, reg=0.0000, time=31.94s.
fit: Epoch 3/15, loss = 0.1265, best loss = 0.1265
results/ENZYMES_Chen_GW_usl_tsne_fit_3.pdf
-- 25/592 [4.2%], loss=0.1116, dgw=0.1116, reg=0.0000, time=73.46s.
-- 50/592 [8.4%], loss=0.1135, dgw=0.1135, reg=0.0000, time=48.13s.
-- 75/592 [12.7%], loss=0.1053, dgw=0.1053, reg=0.0000, time=54.04s.
-- 100/592 [16.9%], loss=0.1087, dgw=0.1087, reg=0.0000, time=70.99s.
-- 125/592 [21.1%], loss=0.1052, dgw=0.1052, reg=0.0000, time=56.79s.
-- 150/592 [25.3%], loss=0.0997, dgw=0.0997, reg=0.0000, time=67.33s.
-- 175/592 [29.6%], loss=0.1065, dgw=0.1065, reg=0.0000, time=81.75s.
-- 200/592 [33.8%], loss=0.1076, dgw=0.1076, reg=0.0000, time=89.17s.
-- 225/592 [38.0%], loss=0.1074, dgw=0.1074, reg=0.0000, time=80.77s.
-- 250/592 [42.2%], loss=0.0996, dgw=0.0996, reg=0.0000, time=67.40s.
-- 275/592 [46.5%], loss=0.1029, dgw=0.1029, reg=0.0000, time=72.54s.
-- 300/592 [50.7%], loss=0.1025, dgw=0.1025, reg=0.0000, time=86.12s.
-- 325/592 [54.9%], loss=0.1005, dgw=0.1005, reg=0.0000, time=73.34s.
-- 350/592 [59.1%], loss=0.1009, dgw=0.1009, reg=0.0000, time=71.20s.
-- 375/592 [63.3%], loss=0.0983, dgw=0.0983, reg=0.0000, time=77.91s.
-- 400/592 [67.6%], loss=0.0977, dgw=0.0977, reg=0.0000, time=72.13s.
-- 425/592 [71.8%], loss=0.0978, dgw=0.0978, reg=0.0000, time=57.09s.
-- 450/592 [76.0%], loss=0.1051, dgw=0.1051, reg=0.0000, time=53.77s.
-- 475/592 [80.2%], loss=0.0996, dgw=0.0996, reg=0.0000, time=59.21s.
-- 500/592 [84.5%], loss=0.0965, dgw=0.0965, reg=0.0000, time=51.82s.
-- 525/592 [88.7%], loss=0.0932, dgw=0.0932, reg=0.0000, time=57.76s.
-- 550/592 [92.9%], loss=0.1023, dgw=0.1023, reg=0.0000, time=58.71s.
-- 575/592 [97.1%], loss=0.0930, dgw=0.0930, reg=0.0000, time=46.64s.
-- 592/592 [100.0%], loss=0.0935, dgw=0.0935, reg=0.0000, time=38.25s.
fit: Epoch 4/15, loss = 0.1022, best loss = 0.1022
results/ENZYMES_Chen_GW_usl_tsne_fit_4.pdf
-- 25/592 [4.2%], loss=0.0923, dgw=0.0923, reg=0.0000, time=69.38s.
-- 50/592 [8.4%], loss=0.0910, dgw=0.0910, reg=0.0000, time=54.62s.
-- 75/592 [12.7%], loss=0.0881, dgw=0.0881, reg=0.0000, time=64.76s.
-- 100/592 [16.9%], loss=0.0899, dgw=0.0899, reg=0.0000, time=67.92s.
-- 125/592 [21.1%], loss=0.0882, dgw=0.0882, reg=0.0000, time=76.43s.
-- 150/592 [25.3%], loss=0.0863, dgw=0.0863, reg=0.0000, time=71.05s.
-- 175/592 [29.6%], loss=0.0854, dgw=0.0854, reg=0.0000, time=44.20s.
-- 200/592 [33.8%], loss=0.0846, dgw=0.0846, reg=0.0000, time=66.41s.
-- 225/592 [38.0%], loss=0.0883, dgw=0.0883, reg=0.0000, time=60.61s.
-- 250/592 [42.2%], loss=0.0861, dgw=0.0861, reg=0.0000, time=45.00s.
-- 275/592 [46.5%], loss=0.0847, dgw=0.0847, reg=0.0000, time=64.06s.
-- 300/592 [50.7%], loss=0.0821, dgw=0.0821, reg=0.0000, time=60.55s.
-- 325/592 [54.9%], loss=0.0828, dgw=0.0828, reg=0.0000, time=53.88s.
-- 350/592 [59.1%], loss=0.0820, dgw=0.0820, reg=0.0000, time=50.80s.
-- 375/592 [63.3%], loss=0.0815, dgw=0.0815, reg=0.0000, time=68.10s.
-- 400/592 [67.6%], loss=0.0813, dgw=0.0813, reg=0.0000, time=47.65s.
-- 425/592 [71.8%], loss=0.0821, dgw=0.0821, reg=0.0000, time=71.00s.
-- 450/592 [76.0%], loss=0.0798, dgw=0.0798, reg=0.0000, time=58.71s.
-- 475/592 [80.2%], loss=0.0804, dgw=0.0804, reg=0.0000, time=49.07s.
-- 500/592 [84.5%], loss=0.0789, dgw=0.0789, reg=0.0000, time=57.52s.
-- 525/592 [88.7%], loss=0.0890, dgw=0.0890, reg=0.0000, time=51.73s.
-- 550/592 [92.9%], loss=0.0778, dgw=0.0778, reg=0.0000, time=35.81s.
-- 575/592 [97.1%], loss=0.0903, dgw=0.0903, reg=0.0000, time=58.87s.
-- 592/592 [100.0%], loss=0.1453, dgw=0.1453, reg=0.0000, time=42.68s.
fit: Epoch 5/15, loss = 0.0866, best loss = 0.0866
results/ENZYMES_Chen_GW_usl_tsne_fit_5.pdf
-- 25/592 [4.2%], loss=0.0801, dgw=0.0801, reg=0.0000, time=52.39s.
-- 50/592 [8.4%], loss=0.0885, dgw=0.0885, reg=0.0000, time=63.02s.
-- 75/592 [12.7%], loss=0.0751, dgw=0.0751, reg=0.0000, time=63.51s.
-- 100/592 [16.9%], loss=0.0783, dgw=0.0783, reg=0.0000, time=50.99s.
-- 125/592 [21.1%], loss=0.0860, dgw=0.0860, reg=0.0000, time=42.71s.
-- 150/592 [25.3%], loss=0.0725, dgw=0.0725, reg=0.0000, time=50.73s.
-- 175/592 [29.6%], loss=0.0732, dgw=0.0732, reg=0.0000, time=57.27s.
-- 200/592 [33.8%], loss=0.0733, dgw=0.0733, reg=0.0000, time=53.92s.
-- 225/592 [38.0%], loss=0.0722, dgw=0.0722, reg=0.0000, time=52.55s.
-- 250/592 [42.2%], loss=0.0719, dgw=0.0719, reg=0.0000, time=43.28s.
-- 275/592 [46.5%], loss=0.0707, dgw=0.0707, reg=0.0000, time=44.71s.
-- 300/592 [50.7%], loss=0.0711, dgw=0.0711, reg=0.0000, time=48.89s.
-- 325/592 [54.9%], loss=0.0711, dgw=0.0711, reg=0.0000, time=54.84s.
-- 350/592 [59.1%], loss=0.0685, dgw=0.0685, reg=0.0000, time=44.75s.
-- 375/592 [63.3%], loss=0.0802, dgw=0.0802, reg=0.0000, time=38.22s.
-- 400/592 [67.6%], loss=0.0691, dgw=0.0691, reg=0.0000, time=28.29s.
-- 425/592 [71.8%], loss=0.0676, dgw=0.0676, reg=0.0000, time=43.23s.
-- 450/592 [76.0%], loss=0.0691, dgw=0.0691, reg=0.0000, time=44.76s.
-- 475/592 [80.2%], loss=0.0666, dgw=0.0666, reg=0.0000, time=50.06s.
-- 500/592 [84.5%], loss=0.0681, dgw=0.0681, reg=0.0000, time=49.90s.
-- 525/592 [88.7%], loss=0.0673, dgw=0.0673, reg=0.0000, time=45.09s.
-- 550/592 [92.9%], loss=0.0680, dgw=0.0680, reg=0.0000, time=48.94s.
-- 575/592 [97.1%], loss=0.0659, dgw=0.0659, reg=0.0000, time=55.45s.
-- 592/592 [100.0%], loss=0.0670, dgw=0.0670, reg=0.0000, time=38.67s.
fit: Epoch 6/15, loss = 0.0726, best loss = 0.0726
results/ENZYMES_Chen_GW_usl_tsne_fit_6.pdf
-- 25/592 [4.2%], loss=0.0649, dgw=0.0649, reg=0.0000, time=45.10s.
-- 50/592 [8.4%], loss=0.0653, dgw=0.0653, reg=0.0000, time=47.05s.
-- 75/592 [12.7%], loss=0.0662, dgw=0.0662, reg=0.0000, time=56.84s.
-- 100/592 [16.9%], loss=0.0643, dgw=0.0643, reg=0.0000, time=41.83s.
-- 125/592 [21.1%], loss=0.0644, dgw=0.0644, reg=0.0000, time=51.14s.
-- 150/592 [25.3%], loss=0.0640, dgw=0.0640, reg=0.0000, time=40.19s.
-- 175/592 [29.6%], loss=0.0636, dgw=0.0636, reg=0.0000, time=46.95s.
-- 200/592 [33.8%], loss=0.0619, dgw=0.0619, reg=0.0000, time=48.73s.
-- 225/592 [38.0%], loss=0.0629, dgw=0.0629, reg=0.0000, time=50.90s.
-- 250/592 [42.2%], loss=0.0616, dgw=0.0616, reg=0.0000, time=53.48s.
-- 275/592 [46.5%], loss=0.0616, dgw=0.0616, reg=0.0000, time=43.77s.
-- 300/592 [50.7%], loss=0.0610, dgw=0.0610, reg=0.0000, time=49.29s.
-- 325/592 [54.9%], loss=0.0630, dgw=0.0630, reg=0.0000, time=29.71s.
-- 350/592 [59.1%], loss=0.0609, dgw=0.0609, reg=0.0000, time=31.83s.
-- 375/592 [63.3%], loss=0.0594, dgw=0.0594, reg=0.0000, time=47.87s.
-- 400/592 [67.6%], loss=0.0608, dgw=0.0608, reg=0.0000, time=41.98s.
-- 425/592 [71.8%], loss=0.0724, dgw=0.0724, reg=0.0000, time=29.85s.
-- 450/592 [76.0%], loss=0.0590, dgw=0.0590, reg=0.0000, time=31.87s.
-- 475/592 [80.2%], loss=0.0690, dgw=0.0690, reg=0.0000, time=32.86s.
-- 500/592 [84.5%], loss=0.0590, dgw=0.0590, reg=0.0000, time=34.07s.
-- 525/592 [88.7%], loss=0.0605, dgw=0.0605, reg=0.0000, time=41.80s.
-- 550/592 [92.9%], loss=0.0594, dgw=0.0594, reg=0.0000, time=26.97s.
-- 575/592 [97.1%], loss=0.0619, dgw=0.0619, reg=0.0000, time=30.51s.
-- 592/592 [100.0%], loss=0.0579, dgw=0.0579, reg=0.0000, time=29.33s.
fit: Epoch 7/15, loss = 0.0628, best loss = 0.0628
results/ENZYMES_Chen_GW_usl_tsne_fit_7.pdf
-- 25/592 [4.2%], loss=0.0584, dgw=0.0584, reg=0.0000, time=54.28s.
-- 50/592 [8.4%], loss=0.0585, dgw=0.0585, reg=0.0000, time=45.76s.
-- 75/592 [12.7%], loss=0.0581, dgw=0.0581, reg=0.0000, time=60.26s.
-- 100/592 [16.9%], loss=0.0657, dgw=0.0657, reg=0.0000, time=48.11s.
-- 125/592 [21.1%], loss=0.0558, dgw=0.0558, reg=0.0000, time=38.87s.
-- 150/592 [25.3%], loss=0.0593, dgw=0.0593, reg=0.0000, time=39.81s.
-- 175/592 [29.6%], loss=0.0558, dgw=0.0558, reg=0.0000, time=36.03s.
-- 200/592 [33.8%], loss=0.0549, dgw=0.0549, reg=0.0000, time=34.94s.
-- 225/592 [38.0%], loss=0.0559, dgw=0.0559, reg=0.0000, time=47.14s.
-- 250/592 [42.2%], loss=0.0540, dgw=0.0540, reg=0.0000, time=41.83s.
-- 275/592 [46.5%], loss=0.0530, dgw=0.0530, reg=0.0000, time=37.69s.
-- 300/592 [50.7%], loss=0.0536, dgw=0.0536, reg=0.0000, time=38.86s.
-- 325/592 [54.9%], loss=0.0707, dgw=0.0707, reg=0.0000, time=51.50s.
-- 350/592 [59.1%], loss=0.0544, dgw=0.0544, reg=0.0000, time=39.89s.
-- 375/592 [63.3%], loss=0.0564, dgw=0.0564, reg=0.0000, time=31.94s.
-- 400/592 [67.6%], loss=0.0534, dgw=0.0534, reg=0.0000, time=37.39s.
-- 425/592 [71.8%], loss=0.0528, dgw=0.0528, reg=0.0000, time=41.70s.
-- 450/592 [76.0%], loss=0.0531, dgw=0.0531, reg=0.0000, time=50.20s.
-- 475/592 [80.2%], loss=0.0536, dgw=0.0536, reg=0.0000, time=39.53s.
-- 500/592 [84.5%], loss=0.0528, dgw=0.0528, reg=0.0000, time=34.65s.
-- 525/592 [88.7%], loss=0.0532, dgw=0.0532, reg=0.0000, time=30.00s.
-- 550/592 [92.9%], loss=0.0534, dgw=0.0534, reg=0.0000, time=33.18s.
-- 575/592 [97.1%], loss=0.0512, dgw=0.0512, reg=0.0000, time=33.70s.
-- 592/592 [100.0%], loss=0.0517, dgw=0.0517, reg=0.0000, time=30.03s.
fit: Epoch 8/15, loss = 0.0559, best loss = 0.0559
results/ENZYMES_Chen_GW_usl_tsne_fit_8.pdf
-- 25/592 [4.2%], loss=0.0498, dgw=0.0498, reg=0.0000, time=36.21s.
-- 50/592 [8.4%], loss=0.0513, dgw=0.0513, reg=0.0000, time=37.12s.
-- 75/592 [12.7%], loss=0.0521, dgw=0.0521, reg=0.0000, time=51.14s.
-- 100/592 [16.9%], loss=0.0514, dgw=0.0514, reg=0.0000, time=47.20s.
-- 125/592 [21.1%], loss=0.0528, dgw=0.0528, reg=0.0000, time=46.98s.
-- 150/592 [25.3%], loss=0.0512, dgw=0.0512, reg=0.0000, time=42.08s.
-- 175/592 [29.6%], loss=0.0509, dgw=0.0509, reg=0.0000, time=32.51s.
-- 200/592 [33.8%], loss=0.0530, dgw=0.0530, reg=0.0000, time=37.54s.
-- 225/592 [38.0%], loss=0.0491, dgw=0.0491, reg=0.0000, time=42.09s.
-- 250/592 [42.2%], loss=0.0606, dgw=0.0606, reg=0.0000, time=39.73s.
-- 275/592 [46.5%], loss=0.0491, dgw=0.0491, reg=0.0000, time=40.29s.
-- 300/592 [50.7%], loss=0.0505, dgw=0.0505, reg=0.0000, time=45.36s.
-- 325/592 [54.9%], loss=0.0489, dgw=0.0489, reg=0.0000, time=32.57s.
-- 350/592 [59.1%], loss=0.0473, dgw=0.0473, reg=0.0000, time=49.03s.
-- 375/592 [63.3%], loss=0.0493, dgw=0.0493, reg=0.0000, time=36.80s.
-- 400/592 [67.6%], loss=0.0481, dgw=0.0481, reg=0.0000, time=45.70s.
-- 425/592 [71.8%], loss=0.0504, dgw=0.0504, reg=0.0000, time=25.57s.
-- 450/592 [76.0%], loss=0.0481, dgw=0.0481, reg=0.0000, time=39.53s.
-- 475/592 [80.2%], loss=0.0516, dgw=0.0516, reg=0.0000, time=33.61s.
-- 500/592 [84.5%], loss=0.0473, dgw=0.0473, reg=0.0000, time=24.41s.
-- 525/592 [88.7%], loss=0.0617, dgw=0.0617, reg=0.0000, time=32.51s.
-- 550/592 [92.9%], loss=0.0480, dgw=0.0480, reg=0.0000, time=34.05s.
-- 575/592 [97.1%], loss=0.0493, dgw=0.0493, reg=0.0000, time=38.70s.
-- 592/592 [100.0%], loss=0.0451, dgw=0.0451, reg=0.0000, time=24.56s.
fit: Epoch 9/15, loss = 0.0508, best loss = 0.0508
results/ENZYMES_Chen_GW_usl_tsne_fit_9.pdf
-- 25/592 [4.2%], loss=0.0485, dgw=0.0485, reg=0.0000, time=39.22s.
-- 50/592 [8.4%], loss=0.0466, dgw=0.0466, reg=0.0000, time=38.95s.
-- 75/592 [12.7%], loss=0.0462, dgw=0.0462, reg=0.0000, time=29.97s.
-- 100/592 [16.9%], loss=0.0510, dgw=0.0510, reg=0.0000, time=40.93s.
-- 125/592 [21.1%], loss=0.0460, dgw=0.0460, reg=0.0000, time=33.96s.
-- 150/592 [25.3%], loss=0.0456, dgw=0.0456, reg=0.0000, time=29.63s.
-- 175/592 [29.6%], loss=0.0624, dgw=0.0624, reg=0.0000, time=29.96s.
-- 200/592 [33.8%], loss=0.0462, dgw=0.0462, reg=0.0000, time=36.46s.
-- 225/592 [38.0%], loss=0.0465, dgw=0.0465, reg=0.0000, time=36.89s.
-- 250/592 [42.2%], loss=0.0485, dgw=0.0485, reg=0.0000, time=31.14s.
-- 275/592 [46.5%], loss=0.0441, dgw=0.0441, reg=0.0000, time=43.01s.
-- 300/592 [50.7%], loss=0.0437, dgw=0.0437, reg=0.0000, time=51.43s.
-- 325/592 [54.9%], loss=0.0445, dgw=0.0445, reg=0.0000, time=42.33s.
-- 350/592 [59.1%], loss=0.0440, dgw=0.0440, reg=0.0000, time=44.14s.
-- 375/592 [63.3%], loss=0.0447, dgw=0.0447, reg=0.0000, time=32.49s.
-- 400/592 [67.6%], loss=0.0577, dgw=0.0577, reg=0.0000, time=27.00s.
-- 425/592 [71.8%], loss=0.0444, dgw=0.0444, reg=0.0000, time=38.46s.
-- 450/592 [76.0%], loss=0.0455, dgw=0.0455, reg=0.0000, time=32.26s.
-- 475/592 [80.2%], loss=0.0455, dgw=0.0455, reg=0.0000, time=42.01s.
-- 500/592 [84.5%], loss=0.0439, dgw=0.0439, reg=0.0000, time=46.18s.
-- 525/592 [88.7%], loss=0.0449, dgw=0.0449, reg=0.0000, time=49.77s.
-- 550/592 [92.9%], loss=0.0429, dgw=0.0429, reg=0.0000, time=38.75s.
-- 575/592 [97.1%], loss=0.0441, dgw=0.0441, reg=0.0000, time=38.96s.
-- 592/592 [100.0%], loss=0.0459, dgw=0.0459, reg=0.0000, time=21.00s.
fit: Epoch 10/15, loss = 0.0468, best loss = 0.0468
results/ENZYMES_Chen_GW_usl_tsne_fit_10.pdf
-- 25/592 [4.2%], loss=0.0481, dgw=0.0481, reg=0.0000, time=39.24s.
-- 50/592 [8.4%], loss=0.0446, dgw=0.0446, reg=0.0000, time=36.29s.
-- 75/592 [12.7%], loss=0.0457, dgw=0.0457, reg=0.0000, time=35.04s.
-- 100/592 [16.9%], loss=0.0419, dgw=0.0419, reg=0.0000, time=39.76s.
-- 125/592 [21.1%], loss=0.0586, dgw=0.0586, reg=0.0000, time=40.88s.
-- 150/592 [25.3%], loss=0.0571, dgw=0.0571, reg=0.0000, time=36.25s.
-- 175/592 [29.6%], loss=0.0435, dgw=0.0435, reg=0.0000, time=37.18s.
-- 200/592 [33.8%], loss=0.0417, dgw=0.0417, reg=0.0000, time=32.87s.
-- 225/592 [38.0%], loss=0.0423, dgw=0.0423, reg=0.0000, time=39.81s.
-- 250/592 [42.2%], loss=0.0423, dgw=0.0423, reg=0.0000, time=31.49s.
-- 275/592 [46.5%], loss=0.0430, dgw=0.0430, reg=0.0000, time=38.92s.
-- 300/592 [50.7%], loss=0.0436, dgw=0.0436, reg=0.0000, time=28.34s.
-- 325/592 [54.9%], loss=0.0417, dgw=0.0417, reg=0.0000, time=43.06s.
-- 350/592 [59.1%], loss=0.0412, dgw=0.0412, reg=0.0000, time=35.95s.
-- 375/592 [63.3%], loss=0.0432, dgw=0.0432, reg=0.0000, time=43.37s.
-- 400/592 [67.6%], loss=0.0411, dgw=0.0411, reg=0.0000, time=36.64s.
-- 425/592 [71.8%], loss=0.0428, dgw=0.0428, reg=0.0000, time=30.59s.
-- 450/592 [76.0%], loss=0.0395, dgw=0.0395, reg=0.0000, time=39.02s.
-- 475/592 [80.2%], loss=0.0404, dgw=0.0404, reg=0.0000, time=34.67s.
-- 500/592 [84.5%], loss=0.0420, dgw=0.0420, reg=0.0000, time=29.39s.
-- 525/592 [88.7%], loss=0.0396, dgw=0.0396, reg=0.0000, time=42.07s.
-- 550/592 [92.9%], loss=0.0406, dgw=0.0406, reg=0.0000, time=43.35s.
-- 575/592 [97.1%], loss=0.0423, dgw=0.0423, reg=0.0000, time=29.30s.
-- 592/592 [100.0%], loss=0.0397, dgw=0.0397, reg=0.0000, time=22.10s.
fit: Epoch 11/15, loss = 0.0437, best loss = 0.0437
results/ENZYMES_Chen_GW_usl_tsne_fit_11.pdf
-- 25/592 [4.2%], loss=0.0394, dgw=0.0394, reg=0.0000, time=40.34s.
-- 50/592 [8.4%], loss=0.0399, dgw=0.0399, reg=0.0000, time=38.82s.
-- 75/592 [12.7%], loss=0.0429, dgw=0.0429, reg=0.0000, time=31.12s.
-- 100/592 [16.9%], loss=0.0395, dgw=0.0395, reg=0.0000, time=29.48s.
-- 125/592 [21.1%], loss=0.0383, dgw=0.0383, reg=0.0000, time=27.12s.
-- 150/592 [25.3%], loss=0.0393, dgw=0.0393, reg=0.0000, time=33.79s.
-- 175/592 [29.6%], loss=0.0416, dgw=0.0416, reg=0.0000, time=33.54s.
-- 200/592 [33.8%], loss=0.0411, dgw=0.0411, reg=0.0000, time=30.52s.
-- 225/592 [38.0%], loss=0.0510, dgw=0.0510, reg=0.0000, time=35.81s.
-- 250/592 [42.2%], loss=0.0443, dgw=0.0443, reg=0.0000, time=25.63s.
-- 275/592 [46.5%], loss=0.0409, dgw=0.0409, reg=0.0000, time=36.88s.
-- 300/592 [50.7%], loss=0.0382, dgw=0.0382, reg=0.0000, time=35.70s.
-- 325/592 [54.9%], loss=0.0387, dgw=0.0387, reg=0.0000, time=41.98s.
-- 350/592 [59.1%], loss=0.0407, dgw=0.0407, reg=0.0000, time=38.98s.
-- 375/592 [63.3%], loss=0.0579, dgw=0.0579, reg=0.0000, time=35.38s.
-- 400/592 [67.6%], loss=0.0377, dgw=0.0377, reg=0.0000, time=42.37s.
-- 425/592 [71.8%], loss=0.0397, dgw=0.0397, reg=0.0000, time=37.30s.
-- 450/592 [76.0%], loss=0.0380, dgw=0.0380, reg=0.0000, time=35.41s.
-- 475/592 [80.2%], loss=0.0424, dgw=0.0424, reg=0.0000, time=34.33s.
-- 500/592 [84.5%], loss=0.0411, dgw=0.0411, reg=0.0000, time=35.28s.
-- 525/592 [88.7%], loss=0.0388, dgw=0.0388, reg=0.0000, time=48.67s.
-- 550/592 [92.9%], loss=0.0383, dgw=0.0383, reg=0.0000, time=23.58s.
-- 575/592 [97.1%], loss=0.0381, dgw=0.0381, reg=0.0000, time=32.93s.
-- 592/592 [100.0%], loss=0.0364, dgw=0.0364, reg=0.0000, time=24.82s.
fit: Epoch 12/15, loss = 0.0411, best loss = 0.0411
results/ENZYMES_Chen_GW_usl_tsne_fit_12.pdf
-- 25/592 [4.2%], loss=0.0423, dgw=0.0423, reg=0.0000, time=37.50s.
-- 50/592 [8.4%], loss=0.0413, dgw=0.0413, reg=0.0000, time=40.42s.
-- 75/592 [12.7%], loss=0.0368, dgw=0.0368, reg=0.0000, time=33.08s.
-- 100/592 [16.9%], loss=0.0390, dgw=0.0390, reg=0.0000, time=28.75s.
-- 125/592 [21.1%], loss=0.0368, dgw=0.0368, reg=0.0000, time=39.03s.
-- 150/592 [25.3%], loss=0.0393, dgw=0.0393, reg=0.0000, time=33.82s.
-- 175/592 [29.6%], loss=0.0378, dgw=0.0378, reg=0.0000, time=36.69s.
-- 200/592 [33.8%], loss=0.0386, dgw=0.0386, reg=0.0000, time=30.25s.
-- 225/592 [38.0%], loss=0.0380, dgw=0.0380, reg=0.0000, time=36.59s.
-- 250/592 [42.2%], loss=0.0376, dgw=0.0376, reg=0.0000, time=29.45s.
-- 275/592 [46.5%], loss=0.0378, dgw=0.0378, reg=0.0000, time=32.29s.
-- 300/592 [50.7%], loss=0.0365, dgw=0.0365, reg=0.0000, time=27.92s.
-- 325/592 [54.9%], loss=0.0392, dgw=0.0392, reg=0.0000, time=23.90s.
-- 350/592 [59.1%], loss=0.0349, dgw=0.0349, reg=0.0000, time=34.18s.
-- 375/592 [63.3%], loss=0.0389, dgw=0.0389, reg=0.0000, time=31.40s.
-- 400/592 [67.6%], loss=0.0475, dgw=0.0475, reg=0.0000, time=32.34s.
-- 425/592 [71.8%], loss=0.0565, dgw=0.0565, reg=0.0000, time=42.62s.
-- 450/592 [76.0%], loss=0.0349, dgw=0.0349, reg=0.0000, time=28.97s.
-- 475/592 [80.2%], loss=0.0372, dgw=0.0372, reg=0.0000, time=33.89s.
-- 500/592 [84.5%], loss=0.0354, dgw=0.0354, reg=0.0000, time=45.49s.
-- 525/592 [88.7%], loss=0.0360, dgw=0.0360, reg=0.0000, time=26.41s.
-- 550/592 [92.9%], loss=0.0378, dgw=0.0378, reg=0.0000, time=31.38s.
-- 575/592 [97.1%], loss=0.0358, dgw=0.0358, reg=0.0000, time=39.04s.
-- 592/592 [100.0%], loss=0.0358, dgw=0.0358, reg=0.0000, time=24.27s.
fit: Epoch 13/15, loss = 0.0389, best loss = 0.0389
results/ENZYMES_Chen_GW_usl_tsne_fit_13.pdf
-- 25/592 [4.2%], loss=0.0372, dgw=0.0372, reg=0.0000, time=33.26s.
-- 50/592 [8.4%], loss=0.0385, dgw=0.0385, reg=0.0000, time=34.53s.
-- 75/592 [12.7%], loss=0.0477, dgw=0.0477, reg=0.0000, time=38.78s.
-- 100/592 [16.9%], loss=0.0346, dgw=0.0346, reg=0.0000, time=31.44s.
-- 125/592 [21.1%], loss=0.0405, dgw=0.0405, reg=0.0000, time=45.37s.
-- 150/592 [25.3%], loss=0.0345, dgw=0.0345, reg=0.0000, time=24.08s.
-- 175/592 [29.6%], loss=0.0404, dgw=0.0404, reg=0.0000, time=33.24s.
-- 200/592 [33.8%], loss=0.0343, dgw=0.0343, reg=0.0000, time=41.13s.
-- 225/592 [38.0%], loss=0.0345, dgw=0.0345, reg=0.0000, time=37.51s.
-- 250/592 [42.2%], loss=0.0359, dgw=0.0359, reg=0.0000, time=35.72s.
-- 275/592 [46.5%], loss=0.0349, dgw=0.0349, reg=0.0000, time=38.01s.
-- 300/592 [50.7%], loss=0.0345, dgw=0.0345, reg=0.0000, time=35.25s.
-- 325/592 [54.9%], loss=0.0375, dgw=0.0375, reg=0.0000, time=31.68s.
-- 350/592 [59.1%], loss=0.0381, dgw=0.0381, reg=0.0000, time=32.24s.
-- 375/592 [63.3%], loss=0.0334, dgw=0.0334, reg=0.0000, time=30.63s.
-- 400/592 [67.6%], loss=0.0369, dgw=0.0369, reg=0.0000, time=39.19s.
-- 425/592 [71.8%], loss=0.0347, dgw=0.0347, reg=0.0000, time=32.35s.
-- 450/592 [76.0%], loss=0.0339, dgw=0.0339, reg=0.0000, time=33.15s.
-- 475/592 [80.2%], loss=0.0344, dgw=0.0344, reg=0.0000, time=37.55s.
-- 500/592 [84.5%], loss=0.0325, dgw=0.0325, reg=0.0000, time=32.54s.
-- 525/592 [88.7%], loss=0.0346, dgw=0.0346, reg=0.0000, time=31.39s.
-- 550/592 [92.9%], loss=0.0363, dgw=0.0363, reg=0.0000, time=33.47s.
-- 575/592 [97.1%], loss=0.0346, dgw=0.0346, reg=0.0000, time=28.53s.
-- 592/592 [100.0%], loss=0.0594, dgw=0.0594, reg=0.0000, time=22.25s.
fit: Epoch 14/15, loss = 0.0369, best loss = 0.0369
results/ENZYMES_Chen_GW_usl_tsne_fit_14.pdf
-- 25/592 [4.2%], loss=0.0460, dgw=0.0460, reg=0.0000, time=39.52s.
-- 50/592 [8.4%], loss=0.0346, dgw=0.0346, reg=0.0000, time=31.49s.
-- 75/592 [12.7%], loss=0.0360, dgw=0.0360, reg=0.0000, time=28.78s.
-- 100/592 [16.9%], loss=0.0344, dgw=0.0344, reg=0.0000, time=32.34s.
-- 125/592 [21.1%], loss=0.0351, dgw=0.0351, reg=0.0000, time=23.06s.
-- 150/592 [25.3%], loss=0.0332, dgw=0.0332, reg=0.0000, time=30.66s.
-- 175/592 [29.6%], loss=0.0335, dgw=0.0335, reg=0.0000, time=37.46s.
-- 200/592 [33.8%], loss=0.0492, dgw=0.0492, reg=0.0000, time=23.73s.
-- 225/592 [38.0%], loss=0.0343, dgw=0.0343, reg=0.0000, time=35.25s.
-- 250/592 [42.2%], loss=0.0334, dgw=0.0334, reg=0.0000, time=24.03s.
-- 275/592 [46.5%], loss=0.0321, dgw=0.0321, reg=0.0000, time=25.47s.
-- 300/592 [50.7%], loss=0.0348, dgw=0.0348, reg=0.0000, time=30.78s.
-- 325/592 [54.9%], loss=0.0333, dgw=0.0333, reg=0.0000, time=32.48s.
-- 350/592 [59.1%], loss=0.0778, dgw=0.0778, reg=0.0000, time=29.36s.
-- 375/592 [63.3%], loss=0.0316, dgw=0.0316, reg=0.0000, time=24.23s.
-- 400/592 [67.6%], loss=0.0350, dgw=0.0350, reg=0.0000, time=27.97s.
-- 425/592 [71.8%], loss=0.0309, dgw=0.0309, reg=0.0000, time=24.35s.
-- 450/592 [76.0%], loss=0.0377, dgw=0.0377, reg=0.0000, time=32.69s.
-- 475/592 [80.2%], loss=0.0349, dgw=0.0349, reg=0.0000, time=36.02s.
-- 500/592 [84.5%], loss=0.0321, dgw=0.0321, reg=0.0000, time=31.50s.
-- 525/592 [88.7%], loss=0.0339, dgw=0.0339, reg=0.0000, time=34.73s.
-- 550/592 [92.9%], loss=0.0333, dgw=0.0333, reg=0.0000, time=30.67s.
-- 575/592 [97.1%], loss=0.0340, dgw=0.0340, reg=0.0000, time=32.56s.
-- 592/592 [100.0%], loss=0.0348, dgw=0.0348, reg=0.0000, time=26.75s.
fit: Epoch 15/15, loss = 0.0369, best loss = 0.0369
results/ENZYMES_Chen_GW_usl_tsne_fit_15.pdf
Rand Score: 0.7206921388393469
Done!
