MORE THAN 2 CLASSES!
-- 25/221 [11.3%], loss=0.2712, dgw=0.2712, reg=0.0000, time=31.58s.
-- 50/221 [22.6%], loss=0.2680, dgw=0.2680, reg=0.0000, time=24.35s.
-- 75/221 [33.9%], loss=0.2667, dgw=0.2667, reg=0.0000, time=26.34s.
-- 100/221 [45.2%], loss=0.2645, dgw=0.2645, reg=0.0000, time=26.79s.
-- 125/221 [56.6%], loss=0.2621, dgw=0.2621, reg=0.0000, time=23.61s.
-- 150/221 [67.9%], loss=0.2599, dgw=0.2599, reg=0.0000, time=36.06s.
-- 175/221 [79.2%], loss=0.2588, dgw=0.2588, reg=0.0000, time=51.78s.
-- 200/221 [90.5%], loss=0.2566, dgw=0.2566, reg=0.0000, time=40.73s.
-- 221/221 [100.0%], loss=0.2551, dgw=0.2551, reg=0.0000, time=26.33s.
fit: Epoch 1/15, loss = 0.2627, best loss = 0.2627
results/MSRC_9_Original_usl_tsne_fit_1.pdf
-- 25/221 [11.3%], loss=0.2530, dgw=0.2530, reg=0.0000, time=45.08s.
-- 50/221 [22.6%], loss=0.2514, dgw=0.2514, reg=0.0000, time=41.29s.
-- 75/221 [33.9%], loss=0.2497, dgw=0.2497, reg=0.0000, time=43.95s.
-- 100/221 [45.2%], loss=0.2471, dgw=0.2471, reg=0.0000, time=50.53s.
-- 125/221 [56.6%], loss=0.2457, dgw=0.2457, reg=0.0000, time=57.30s.
-- 150/221 [67.9%], loss=0.2437, dgw=0.2437, reg=0.0000, time=51.20s.
-- 175/221 [79.2%], loss=0.2424, dgw=0.2424, reg=0.0000, time=41.43s.
-- 200/221 [90.5%], loss=0.2401, dgw=0.2401, reg=0.0000, time=39.74s.
-- 221/221 [100.0%], loss=0.2384, dgw=0.2384, reg=0.0000, time=36.66s.
fit: Epoch 2/15, loss = 0.2458, best loss = 0.2458
results/MSRC_9_Original_usl_tsne_fit_2.pdf
-- 25/221 [11.3%], loss=0.2367, dgw=0.2367, reg=0.0000, time=55.89s.
-- 50/221 [22.6%], loss=0.2349, dgw=0.2349, reg=0.0000, time=48.55s.
-- 75/221 [33.9%], loss=0.2335, dgw=0.2335, reg=0.0000, time=50.50s.
-- 100/221 [45.2%], loss=0.2355, dgw=0.2355, reg=0.0000, time=46.81s.
-- 125/221 [56.6%], loss=0.2297, dgw=0.2297, reg=0.0000, time=45.53s.
-- 150/221 [67.9%], loss=0.2380, dgw=0.2380, reg=0.0000, time=48.65s.
-- 175/221 [79.2%], loss=0.2404, dgw=0.2404, reg=0.0000, time=33.74s.
-- 200/221 [90.5%], loss=0.2275, dgw=0.2275, reg=0.0000, time=34.42s.
-- 221/221 [100.0%], loss=0.2504, dgw=0.2504, reg=0.0000, time=34.29s.
fit: Epoch 3/15, loss = 0.2360, best loss = 0.2360
results/MSRC_9_Original_usl_tsne_fit_3.pdf
-- 25/221 [11.3%], loss=0.2315, dgw=0.2315, reg=0.0000, time=52.05s.
-- 50/221 [22.6%], loss=0.3416, dgw=0.3416, reg=0.0000, time=48.59s.
-- 75/221 [33.9%], loss=0.3391, dgw=0.3391, reg=0.0000, time=41.68s.
-- 100/221 [45.2%], loss=0.3963, dgw=0.3963, reg=0.0000, time=37.93s.
-- 125/221 [56.6%], loss=0.3478, dgw=0.3478, reg=0.0000, time=50.41s.
-- 150/221 [67.9%], loss=0.2138, dgw=0.2138, reg=0.0000, time=61.55s.
-- 175/221 [79.2%], loss=0.2729, dgw=0.2729, reg=0.0000, time=36.07s.
-- 200/221 [90.5%], loss=0.2134, dgw=0.2134, reg=0.0000, time=45.91s.
-- 221/221 [100.0%], loss=0.2103, dgw=0.2103, reg=0.0000, time=36.97s.
fit: Epoch 4/15, loss = 0.2866, best loss = 0.2360
results/MSRC_9_Original_usl_tsne_fit_4.pdf
-- 25/221 [11.3%], loss=0.2078, dgw=0.2078, reg=0.0000, time=50.83s.
-- 50/221 [22.6%], loss=0.2069, dgw=0.2069, reg=0.0000, time=70.04s.
-- 75/221 [33.9%], loss=0.2052, dgw=0.2052, reg=0.0000, time=70.49s.
-- 100/221 [45.2%], loss=0.2033, dgw=0.2033, reg=0.0000, time=52.76s.
-- 125/221 [56.6%], loss=0.2023, dgw=0.2023, reg=0.0000, time=57.10s.
-- 150/221 [67.9%], loss=0.2010, dgw=0.2010, reg=0.0000, time=39.86s.
-- 175/221 [79.2%], loss=0.1992, dgw=0.1992, reg=0.0000, time=36.72s.
-- 200/221 [90.5%], loss=0.1981, dgw=0.1981, reg=0.0000, time=49.14s.
-- 221/221 [100.0%], loss=0.1971, dgw=0.1971, reg=0.0000, time=35.68s.
fit: Epoch 5/15, loss = 0.2024, best loss = 0.2024
results/MSRC_9_Original_usl_tsne_fit_5.pdf
-- 25/221 [11.3%], loss=0.1948, dgw=0.1948, reg=0.0000, time=51.44s.
-- 50/221 [22.6%], loss=0.1942, dgw=0.1942, reg=0.0000, time=58.19s.
-- 75/221 [33.9%], loss=0.1924, dgw=0.1924, reg=0.0000, time=57.56s.
-- 100/221 [45.2%], loss=0.1927, dgw=0.1927, reg=0.0000, time=48.87s.
-- 125/221 [56.6%], loss=0.1908, dgw=0.1908, reg=0.0000, time=46.41s.
-- 150/221 [67.9%], loss=0.1890, dgw=0.1890, reg=0.0000, time=44.88s.
-- 175/221 [79.2%], loss=0.1873, dgw=0.1873, reg=0.0000, time=32.65s.
-- 200/221 [90.5%], loss=0.1861, dgw=0.1861, reg=0.0000, time=45.27s.
-- 221/221 [100.0%], loss=0.1852, dgw=0.1852, reg=0.0000, time=47.02s.
fit: Epoch 6/15, loss = 0.1904, best loss = 0.1904
results/MSRC_9_Original_usl_tsne_fit_6.pdf
-- 25/221 [11.3%], loss=0.1845, dgw=0.1845, reg=0.0000, time=62.27s.
-- 50/221 [22.6%], loss=0.1828, dgw=0.1828, reg=0.0000, time=47.38s.
-- 75/221 [33.9%], loss=0.1821, dgw=0.1821, reg=0.0000, time=65.24s.
-- 100/221 [45.2%], loss=0.1805, dgw=0.1805, reg=0.0000, time=40.87s.
-- 125/221 [56.6%], loss=0.1781, dgw=0.1781, reg=0.0000, time=37.96s.
-- 150/221 [67.9%], loss=0.1780, dgw=0.1780, reg=0.0000, time=58.92s.
-- 175/221 [79.2%], loss=0.1768, dgw=0.1768, reg=0.0000, time=45.82s.
-- 200/221 [90.5%], loss=0.1764, dgw=0.1764, reg=0.0000, time=53.56s.
-- 221/221 [100.0%], loss=0.1753, dgw=0.1753, reg=0.0000, time=33.31s.
fit: Epoch 7/15, loss = 0.1795, best loss = 0.1795
results/MSRC_9_Original_usl_tsne_fit_7.pdf
-- 25/221 [11.3%], loss=0.1735, dgw=0.1735, reg=0.0000, time=65.57s.
-- 50/221 [22.6%], loss=0.1728, dgw=0.1728, reg=0.0000, time=37.11s.
-- 75/221 [33.9%], loss=0.1710, dgw=0.1710, reg=0.0000, time=54.11s.
-- 100/221 [45.2%], loss=0.1702, dgw=0.1702, reg=0.0000, time=50.92s.
-- 125/221 [56.6%], loss=0.1696, dgw=0.1696, reg=0.0000, time=50.27s.
-- 150/221 [67.9%], loss=0.1684, dgw=0.1684, reg=0.0000, time=35.77s.
-- 175/221 [79.2%], loss=0.1675, dgw=0.1675, reg=0.0000, time=28.86s.
-- 200/221 [90.5%], loss=0.1666, dgw=0.1666, reg=0.0000, time=54.14s.
-- 221/221 [100.0%], loss=0.1662, dgw=0.1662, reg=0.0000, time=36.77s.
fit: Epoch 8/15, loss = 0.1696, best loss = 0.1696
results/MSRC_9_Original_usl_tsne_fit_8.pdf
-- 25/221 [11.3%], loss=0.1647, dgw=0.1647, reg=0.0000, time=37.38s.
-- 50/221 [22.6%], loss=0.1632, dgw=0.1632, reg=0.0000, time=37.72s.
-- 75/221 [33.9%], loss=0.1618, dgw=0.1618, reg=0.0000, time=47.98s.
-- 100/221 [45.2%], loss=0.1617, dgw=0.1617, reg=0.0000, time=82.66s.
-- 125/221 [56.6%], loss=0.1607, dgw=0.1607, reg=0.0000, time=57.52s.
-- 150/221 [67.9%], loss=0.1594, dgw=0.1594, reg=0.0000, time=47.62s.
-- 175/221 [79.2%], loss=0.1586, dgw=0.1586, reg=0.0000, time=38.52s.
-- 200/221 [90.5%], loss=0.1584, dgw=0.1584, reg=0.0000, time=47.37s.
-- 221/221 [100.0%], loss=0.1574, dgw=0.1574, reg=0.0000, time=43.28s.
fit: Epoch 9/15, loss = 0.1607, best loss = 0.1607
results/MSRC_9_Original_usl_tsne_fit_9.pdf
-- 25/221 [11.3%], loss=0.1556, dgw=0.1556, reg=0.0000, time=45.72s.
-- 50/221 [22.6%], loss=0.1556, dgw=0.1556, reg=0.0000, time=34.12s.
-- 75/221 [33.9%], loss=0.1536, dgw=0.1536, reg=0.0000, time=46.27s.
-- 100/221 [45.2%], loss=0.1534, dgw=0.1534, reg=0.0000, time=37.96s.
-- 125/221 [56.6%], loss=0.1528, dgw=0.1528, reg=0.0000, time=44.13s.
-- 150/221 [67.9%], loss=0.1519, dgw=0.1519, reg=0.0000, time=43.27s.
-- 175/221 [79.2%], loss=0.1510, dgw=0.1510, reg=0.0000, time=44.46s.
-- 200/221 [90.5%], loss=0.1515, dgw=0.1515, reg=0.0000, time=62.55s.
-- 221/221 [100.0%], loss=0.1485, dgw=0.1485, reg=0.0000, time=40.88s.
fit: Epoch 10/15, loss = 0.1527, best loss = 0.1527
results/MSRC_9_Original_usl_tsne_fit_10.pdf
-- 25/221 [11.3%], loss=0.1479, dgw=0.1479, reg=0.0000, time=52.88s.
-- 50/221 [22.6%], loss=0.1485, dgw=0.1485, reg=0.0000, time=35.96s.
-- 75/221 [33.9%], loss=0.1462, dgw=0.1462, reg=0.0000, time=34.86s.
-- 100/221 [45.2%], loss=0.1451, dgw=0.1451, reg=0.0000, time=59.73s.
-- 125/221 [56.6%], loss=0.1461, dgw=0.1461, reg=0.0000, time=42.92s.
-- 150/221 [67.9%], loss=0.1446, dgw=0.1446, reg=0.0000, time=49.27s.
-- 175/221 [79.2%], loss=0.1444, dgw=0.1444, reg=0.0000, time=50.07s.
-- 200/221 [90.5%], loss=0.1432, dgw=0.1432, reg=0.0000, time=48.59s.
-- 221/221 [100.0%], loss=0.1434, dgw=0.1434, reg=0.0000, time=25.99s.
fit: Epoch 11/15, loss = 0.1455, best loss = 0.1455
results/MSRC_9_Original_usl_tsne_fit_11.pdf
-- 25/221 [11.3%], loss=0.1419, dgw=0.1419, reg=0.0000, time=36.54s.
-- 50/221 [22.6%], loss=0.1411, dgw=0.1411, reg=0.0000, time=46.34s.
-- 75/221 [33.9%], loss=0.1399, dgw=0.1399, reg=0.0000, time=51.53s.
-- 100/221 [45.2%], loss=0.1391, dgw=0.1391, reg=0.0000, time=69.23s.
-- 125/221 [56.6%], loss=0.1396, dgw=0.1396, reg=0.0000, time=62.68s.
-- 150/221 [67.9%], loss=0.1369, dgw=0.1369, reg=0.0000, time=55.50s.
-- 175/221 [79.2%], loss=0.1390, dgw=0.1390, reg=0.0000, time=41.30s.
-- 200/221 [90.5%], loss=0.1370, dgw=0.1370, reg=0.0000, time=46.05s.
-- 221/221 [100.0%], loss=0.1362, dgw=0.1362, reg=0.0000, time=28.73s.
fit: Epoch 12/15, loss = 0.1390, best loss = 0.1390
results/MSRC_9_Original_usl_tsne_fit_12.pdf
-- 25/221 [11.3%], loss=0.1365, dgw=0.1365, reg=0.0000, time=59.39s.
-- 50/221 [22.6%], loss=0.1345, dgw=0.1345, reg=0.0000, time=56.15s.
-- 75/221 [33.9%], loss=0.1335, dgw=0.1335, reg=0.0000, time=47.64s.
-- 100/221 [45.2%], loss=0.1335, dgw=0.1335, reg=0.0000, time=51.56s.
-- 125/221 [56.6%], loss=0.1334, dgw=0.1334, reg=0.0000, time=47.88s.
-- 150/221 [67.9%], loss=0.1325, dgw=0.1325, reg=0.0000, time=28.26s.
-- 175/221 [79.2%], loss=0.1331, dgw=0.1331, reg=0.0000, time=38.42s.
-- 200/221 [90.5%], loss=0.1312, dgw=0.1312, reg=0.0000, time=50.61s.
-- 221/221 [100.0%], loss=0.1290, dgw=0.1290, reg=0.0000, time=36.33s.
fit: Epoch 13/15, loss = 0.1331, best loss = 0.1331
results/MSRC_9_Original_usl_tsne_fit_13.pdf
-- 25/221 [11.3%], loss=0.1291, dgw=0.1291, reg=0.0000, time=44.67s.
-- 50/221 [22.6%], loss=0.1287, dgw=0.1287, reg=0.0000, time=49.07s.
-- 75/221 [33.9%], loss=0.1290, dgw=0.1290, reg=0.0000, time=36.80s.
-- 100/221 [45.2%], loss=0.1301, dgw=0.1301, reg=0.0000, time=36.80s.
-- 125/221 [56.6%], loss=0.1272, dgw=0.1272, reg=0.0000, time=39.99s.
-- 150/221 [67.9%], loss=0.1265, dgw=0.1265, reg=0.0000, time=65.29s.
-- 175/221 [79.2%], loss=0.1279, dgw=0.1279, reg=0.0000, time=46.16s.
-- 200/221 [90.5%], loss=0.1264, dgw=0.1264, reg=0.0000, time=44.66s.
-- 221/221 [100.0%], loss=0.1238, dgw=0.1238, reg=0.0000, time=38.21s.
fit: Epoch 14/15, loss = 0.1277, best loss = 0.1277
results/MSRC_9_Original_usl_tsne_fit_14.pdf
-- 25/221 [11.3%], loss=0.1243, dgw=0.1243, reg=0.0000, time=41.82s.
-- 50/221 [22.6%], loss=0.1244, dgw=0.1244, reg=0.0000, time=51.03s.
-- 75/221 [33.9%], loss=0.1241, dgw=0.1241, reg=0.0000, time=42.64s.
-- 100/221 [45.2%], loss=0.1232, dgw=0.1232, reg=0.0000, time=53.87s.
-- 125/221 [56.6%], loss=0.1221, dgw=0.1221, reg=0.0000, time=50.09s.
-- 150/221 [67.9%], loss=0.1237, dgw=0.1237, reg=0.0000, time=38.31s.
-- 175/221 [79.2%], loss=0.1219, dgw=0.1219, reg=0.0000, time=42.52s.
-- 200/221 [90.5%], loss=0.1194, dgw=0.1194, reg=0.0000, time=51.74s.
-- 221/221 [100.0%], loss=0.1212, dgw=0.1212, reg=0.0000, time=28.02s.
fit: Epoch 15/15, loss = 0.1227, best loss = 0.1227
results/MSRC_9_Original_usl_tsne_fit_15.pdf
Rand Score: 0.7805841217605923
Done!
