MORE THAN 2 CLASSES!
-- 25/221 [11.3%], loss=0.2691, dgw=0.2691, reg=0.0000, time=45.68s.
-- 50/221 [22.6%], loss=0.2674, dgw=0.2674, reg=0.0000, time=42.75s.
-- 75/221 [33.9%], loss=0.2653, dgw=0.2653, reg=0.0000, time=47.59s.
-- 100/221 [45.2%], loss=0.2633, dgw=0.2633, reg=0.0000, time=37.67s.
-- 125/221 [56.6%], loss=0.2619, dgw=0.2619, reg=0.0000, time=42.60s.
-- 150/221 [67.9%], loss=0.2601, dgw=0.2601, reg=0.0000, time=40.62s.
-- 175/221 [79.2%], loss=0.2577, dgw=0.2577, reg=0.0000, time=41.25s.
-- 200/221 [90.5%], loss=0.2566, dgw=0.2566, reg=0.0000, time=53.14s.
-- 221/221 [100.0%], loss=0.2544, dgw=0.2544, reg=0.0000, time=36.70s.
fit: Epoch 1/15, loss = 0.2619, best loss = 0.2619
results/MSRC_9_Original_usl_tsne_fit_1.pdf
-- 25/221 [11.3%], loss=0.2522, dgw=0.2522, reg=0.0000, time=40.27s.
-- 50/221 [22.6%], loss=0.2501, dgw=0.2501, reg=0.0000, time=49.61s.
-- 75/221 [33.9%], loss=0.2484, dgw=0.2484, reg=0.0000, time=38.13s.
-- 100/221 [45.2%], loss=0.2473, dgw=0.2473, reg=0.0000, time=42.61s.
-- 125/221 [56.6%], loss=0.2446, dgw=0.2446, reg=0.0000, time=45.40s.
-- 150/221 [67.9%], loss=0.2431, dgw=0.2431, reg=0.0000, time=62.47s.
-- 175/221 [79.2%], loss=0.2415, dgw=0.2415, reg=0.0000, time=39.73s.
-- 200/221 [90.5%], loss=0.2399, dgw=0.2399, reg=0.0000, time=28.98s.
-- 221/221 [100.0%], loss=0.2376, dgw=0.2376, reg=0.0000, time=37.11s.
fit: Epoch 2/15, loss = 0.2451, best loss = 0.2451
results/MSRC_9_Original_usl_tsne_fit_2.pdf
-- 25/221 [11.3%], loss=0.2355, dgw=0.2355, reg=0.0000, time=48.13s.
-- 50/221 [22.6%], loss=0.2339, dgw=0.2339, reg=0.0000, time=48.21s.
-- 75/221 [33.9%], loss=0.2329, dgw=0.2329, reg=0.0000, time=38.78s.
-- 100/221 [45.2%], loss=0.2311, dgw=0.2311, reg=0.0000, time=48.22s.
-- 125/221 [56.6%], loss=0.2292, dgw=0.2292, reg=0.0000, time=53.12s.
-- 150/221 [67.9%], loss=0.2275, dgw=0.2275, reg=0.0000, time=43.64s.
-- 175/221 [79.2%], loss=0.2264, dgw=0.2264, reg=0.0000, time=30.33s.
-- 200/221 [90.5%], loss=0.2243, dgw=0.2243, reg=0.0000, time=52.14s.
-- 221/221 [100.0%], loss=0.2224, dgw=0.2224, reg=0.0000, time=34.40s.
fit: Epoch 3/15, loss = 0.2294, best loss = 0.2294
results/MSRC_9_Original_usl_tsne_fit_3.pdf
-- 25/221 [11.3%], loss=0.2211, dgw=0.2211, reg=0.0000, time=58.31s.
-- 50/221 [22.6%], loss=0.2198, dgw=0.2198, reg=0.0000, time=38.84s.
-- 75/221 [33.9%], loss=0.2177, dgw=0.2177, reg=0.0000, time=62.59s.
-- 100/221 [45.2%], loss=0.2163, dgw=0.2163, reg=0.0000, time=45.07s.
-- 125/221 [56.6%], loss=0.2145, dgw=0.2145, reg=0.0000, time=33.12s.
-- 150/221 [67.9%], loss=0.2128, dgw=0.2128, reg=0.0000, time=46.94s.
-- 175/221 [79.2%], loss=0.2117, dgw=0.2117, reg=0.0000, time=32.25s.
-- 200/221 [90.5%], loss=0.2101, dgw=0.2101, reg=0.0000, time=52.38s.
-- 221/221 [100.0%], loss=0.2093, dgw=0.2093, reg=0.0000, time=43.67s.
fit: Epoch 4/15, loss = 0.2149, best loss = 0.2149
results/MSRC_9_Original_usl_tsne_fit_4.pdf
-- 25/221 [11.3%], loss=0.2069, dgw=0.2069, reg=0.0000, time=51.91s.
-- 50/221 [22.6%], loss=0.2062, dgw=0.2062, reg=0.0000, time=55.40s.
-- 75/221 [33.9%], loss=0.2044, dgw=0.2044, reg=0.0000, time=39.62s.
-- 100/221 [45.2%], loss=0.2027, dgw=0.2027, reg=0.0000, time=33.77s.
-- 125/221 [56.6%], loss=0.2009, dgw=0.2009, reg=0.0000, time=51.00s.
-- 150/221 [67.9%], loss=0.2003, dgw=0.2003, reg=0.0000, time=47.76s.
-- 175/221 [79.2%], loss=0.1981, dgw=0.1981, reg=0.0000, time=54.40s.
-- 200/221 [90.5%], loss=0.1976, dgw=0.1976, reg=0.0000, time=45.62s.
-- 221/221 [100.0%], loss=0.1964, dgw=0.1964, reg=0.0000, time=45.58s.
fit: Epoch 5/15, loss = 0.2016, best loss = 0.2016
results/MSRC_9_Original_usl_tsne_fit_5.pdf
-- 25/221 [11.3%], loss=0.1949, dgw=0.1949, reg=0.0000, time=35.11s.
-- 50/221 [22.6%], loss=0.1931, dgw=0.1931, reg=0.0000, time=57.62s.
-- 75/221 [33.9%], loss=0.1918, dgw=0.1918, reg=0.0000, time=41.42s.
-- 100/221 [45.2%], loss=0.1907, dgw=0.1907, reg=0.0000, time=47.57s.
-- 125/221 [56.6%], loss=0.1885, dgw=0.1885, reg=0.0000, time=65.37s.
-- 150/221 [67.9%], loss=0.1885, dgw=0.1885, reg=0.0000, time=57.36s.
-- 175/221 [79.2%], loss=0.1872, dgw=0.1872, reg=0.0000, time=42.54s.
-- 200/221 [90.5%], loss=0.1858, dgw=0.1858, reg=0.0000, time=37.13s.
-- 221/221 [100.0%], loss=0.1838, dgw=0.1838, reg=0.0000, time=58.55s.
fit: Epoch 6/15, loss = 0.1895, best loss = 0.1895
results/MSRC_9_Original_usl_tsne_fit_6.pdf
-- 25/221 [11.3%], loss=0.1864, dgw=0.1864, reg=0.0000, time=53.77s.
-- 50/221 [22.6%], loss=0.1914, dgw=0.1914, reg=0.0000, time=75.53s.
-- 75/221 [33.9%], loss=0.1809, dgw=0.1809, reg=0.0000, time=62.22s.
-- 100/221 [45.2%], loss=0.1793, dgw=0.1793, reg=0.0000, time=66.10s.
-- 125/221 [56.6%], loss=0.1806, dgw=0.1806, reg=0.0000, time=67.10s.
-- 150/221 [67.9%], loss=0.1772, dgw=0.1772, reg=0.0000, time=75.59s.
-- 175/221 [79.2%], loss=0.1755, dgw=0.1755, reg=0.0000, time=65.21s.
-- 200/221 [90.5%], loss=0.1751, dgw=0.1751, reg=0.0000, time=70.22s.
-- 221/221 [100.0%], loss=0.1730, dgw=0.1730, reg=0.0000, time=40.22s.
fit: Epoch 7/15, loss = 0.1800, best loss = 0.1800
results/MSRC_9_Original_usl_tsne_fit_7.pdf
-- 25/221 [11.3%], loss=0.1733, dgw=0.1733, reg=0.0000, time=67.27s.
-- 50/221 [22.6%], loss=0.1710, dgw=0.1710, reg=0.0000, time=63.30s.
-- 75/221 [33.9%], loss=0.1718, dgw=0.1718, reg=0.0000, time=58.86s.
-- 100/221 [45.2%], loss=0.1695, dgw=0.1695, reg=0.0000, time=43.99s.
-- 125/221 [56.6%], loss=0.1686, dgw=0.1686, reg=0.0000, time=39.04s.
-- 150/221 [67.9%], loss=0.1685, dgw=0.1685, reg=0.0000, time=64.74s.
-- 175/221 [79.2%], loss=0.1655, dgw=0.1655, reg=0.0000, time=62.74s.
-- 200/221 [90.5%], loss=0.1654, dgw=0.1654, reg=0.0000, time=59.08s.
-- 221/221 [100.0%], loss=0.1633, dgw=0.1633, reg=0.0000, time=40.92s.
fit: Epoch 8/15, loss = 0.1686, best loss = 0.1686
results/MSRC_9_Original_usl_tsne_fit_8.pdf
-- 25/221 [11.3%], loss=0.1638, dgw=0.1638, reg=0.0000, time=45.41s.
-- 50/221 [22.6%], loss=0.1623, dgw=0.1623, reg=0.0000, time=49.56s.
-- 75/221 [33.9%], loss=0.1615, dgw=0.1615, reg=0.0000, time=49.57s.
-- 100/221 [45.2%], loss=0.1601, dgw=0.1601, reg=0.0000, time=56.43s.
-- 125/221 [56.6%], loss=0.1599, dgw=0.1599, reg=0.0000, time=40.68s.
-- 150/221 [67.9%], loss=0.1588, dgw=0.1588, reg=0.0000, time=46.01s.
-- 175/221 [79.2%], loss=0.1578, dgw=0.1578, reg=0.0000, time=37.42s.
-- 200/221 [90.5%], loss=0.1571, dgw=0.1571, reg=0.0000, time=54.47s.
-- 221/221 [100.0%], loss=0.1553, dgw=0.1553, reg=0.0000, time=34.26s.
fit: Epoch 9/15, loss = 0.1597, best loss = 0.1597
results/MSRC_9_Original_usl_tsne_fit_9.pdf
-- 25/221 [11.3%], loss=0.1550, dgw=0.1550, reg=0.0000, time=39.17s.
-- 50/221 [22.6%], loss=0.1544, dgw=0.1544, reg=0.0000, time=43.28s.
-- 75/221 [33.9%], loss=0.1537, dgw=0.1537, reg=0.0000, time=49.49s.
-- 100/221 [45.2%], loss=0.1524, dgw=0.1524, reg=0.0000, time=42.72s.
-- 125/221 [56.6%], loss=0.1506, dgw=0.1506, reg=0.0000, time=50.69s.
-- 150/221 [67.9%], loss=0.1501, dgw=0.1501, reg=0.0000, time=52.89s.
-- 175/221 [79.2%], loss=0.1503, dgw=0.1503, reg=0.0000, time=50.60s.
-- 200/221 [90.5%], loss=0.1492, dgw=0.1492, reg=0.0000, time=54.33s.
-- 221/221 [100.0%], loss=0.1495, dgw=0.1495, reg=0.0000, time=34.60s.
fit: Epoch 10/15, loss = 0.1517, best loss = 0.1517
results/MSRC_9_Original_usl_tsne_fit_10.pdf
-- 25/221 [11.3%], loss=0.1474, dgw=0.1474, reg=0.0000, time=54.84s.
-- 50/221 [22.6%], loss=0.1471, dgw=0.1471, reg=0.0000, time=51.63s.
-- 75/221 [33.9%], loss=0.1481, dgw=0.1481, reg=0.0000, time=46.50s.
-- 100/221 [45.2%], loss=0.1470, dgw=0.1470, reg=0.0000, time=53.40s.
-- 125/221 [56.6%], loss=0.1432, dgw=0.1432, reg=0.0000, time=58.59s.
-- 150/221 [67.9%], loss=0.1437, dgw=0.1437, reg=0.0000, time=60.41s.
-- 175/221 [79.2%], loss=0.1441, dgw=0.1441, reg=0.0000, time=59.57s.
-- 200/221 [90.5%], loss=0.1437, dgw=0.1437, reg=0.0000, time=59.64s.
-- 221/221 [100.0%], loss=0.1420, dgw=0.1420, reg=0.0000, time=48.54s.
fit: Epoch 11/15, loss = 0.1452, best loss = 0.1452
results/MSRC_9_Original_usl_tsne_fit_11.pdf
-- 25/221 [11.3%], loss=0.1462, dgw=0.1462, reg=0.0000, time=65.66s.
-- 50/221 [22.6%], loss=0.1390, dgw=0.1390, reg=0.0000, time=60.79s.
-- 75/221 [33.9%], loss=0.1469, dgw=0.1469, reg=0.0000, time=65.02s.
-- 100/221 [45.2%], loss=0.1432, dgw=0.1432, reg=0.0000, time=43.14s.
-- 125/221 [56.6%], loss=0.1492, dgw=0.1492, reg=0.0000, time=45.62s.
-- 150/221 [67.9%], loss=0.1370, dgw=0.1370, reg=0.0000, time=30.98s.
-- 175/221 [79.2%], loss=0.1649, dgw=0.1649, reg=0.0000, time=46.27s.
-- 200/221 [90.5%], loss=0.1460, dgw=0.1460, reg=0.0000, time=39.52s.
-- 221/221 [100.0%], loss=0.1512, dgw=0.1512, reg=0.0000, time=34.22s.
fit: Epoch 12/15, loss = 0.1470, best loss = 0.1452
results/MSRC_9_Original_usl_tsne_fit_12.pdf
-- 25/221 [11.3%], loss=0.1499, dgw=0.1499, reg=0.0000, time=39.83s.
-- 50/221 [22.6%], loss=0.1449, dgw=0.1449, reg=0.0000, time=50.22s.
-- 75/221 [33.9%], loss=0.1394, dgw=0.1394, reg=0.0000, time=51.79s.
-- 100/221 [45.2%], loss=0.1389, dgw=0.1389, reg=0.0000, time=43.35s.
-- 125/221 [56.6%], loss=0.1462, dgw=0.1462, reg=0.0000, time=44.74s.
-- 150/221 [67.9%], loss=0.1596, dgw=0.1596, reg=0.0000, time=38.51s.
-- 175/221 [79.2%], loss=0.1437, dgw=0.1437, reg=0.0000, time=46.67s.
-- 200/221 [90.5%], loss=0.1463, dgw=0.1463, reg=0.0000, time=45.28s.
-- 221/221 [100.0%], loss=0.1496, dgw=0.1496, reg=0.0000, time=41.82s.
fit: Epoch 13/15, loss = 0.1464, best loss = 0.1452
results/MSRC_9_Original_usl_tsne_fit_13.pdf
-- 25/221 [11.3%], loss=0.1535, dgw=0.1535, reg=0.0000, time=87.71s.
-- 50/221 [22.6%], loss=0.1608, dgw=0.1608, reg=0.0000, time=48.39s.
-- 75/221 [33.9%], loss=0.1351, dgw=0.1351, reg=0.0000, time=46.13s.
-- 100/221 [45.2%], loss=0.1373, dgw=0.1373, reg=0.0000, time=61.24s.
-- 125/221 [56.6%], loss=0.1439, dgw=0.1439, reg=0.0000, time=39.24s.
-- 150/221 [67.9%], loss=0.1347, dgw=0.1347, reg=0.0000, time=55.40s.
-- 175/221 [79.2%], loss=0.1422, dgw=0.1422, reg=0.0000, time=56.47s.
-- 200/221 [90.5%], loss=0.1308, dgw=0.1308, reg=0.0000, time=57.20s.
-- 221/221 [100.0%], loss=0.1358, dgw=0.1358, reg=0.0000, time=41.36s.
fit: Epoch 14/15, loss = 0.1417, best loss = 0.1417
results/MSRC_9_Original_usl_tsne_fit_14.pdf
-- 25/221 [11.3%], loss=0.1332, dgw=0.1332, reg=0.0000, time=46.63s.
-- 50/221 [22.6%], loss=0.1399, dgw=0.1399, reg=0.0000, time=36.92s.
-- 75/221 [33.9%], loss=0.1321, dgw=0.1321, reg=0.0000, time=44.66s.
-- 100/221 [45.2%], loss=0.1271, dgw=0.1271, reg=0.0000, time=50.90s.
-- 125/221 [56.6%], loss=0.1346, dgw=0.1346, reg=0.0000, time=40.31s.
-- 150/221 [67.9%], loss=0.1363, dgw=0.1363, reg=0.0000, time=39.62s.
-- 175/221 [79.2%], loss=0.1270, dgw=0.1270, reg=0.0000, time=47.71s.
-- 200/221 [90.5%], loss=0.1248, dgw=0.1248, reg=0.0000, time=44.68s.
-- 221/221 [100.0%], loss=0.1277, dgw=0.1277, reg=0.0000, time=44.69s.
fit: Epoch 15/15, loss = 0.1315, best loss = 0.1315
results/MSRC_9_Original_usl_tsne_fit_15.pdf
Rand Score: 0.7785273549979432
Done!
