MORE THAN 2 CLASSES!
-- 25/221 [11.3%], loss=0.2695, dgw=0.2695, reg=0.0000, time=54.74s.
-- 50/221 [22.6%], loss=0.2676, dgw=0.2676, reg=0.0000, time=52.86s.
-- 75/221 [33.9%], loss=0.2652, dgw=0.2652, reg=0.0000, time=58.02s.
-- 100/221 [45.2%], loss=0.2636, dgw=0.2636, reg=0.0000, time=57.12s.
-- 125/221 [56.6%], loss=0.2617, dgw=0.2617, reg=0.0000, time=59.25s.
-- 150/221 [67.9%], loss=0.2594, dgw=0.2594, reg=0.0000, time=59.25s.
-- 175/221 [79.2%], loss=0.2580, dgw=0.2580, reg=0.0000, time=70.41s.
-- 200/221 [90.5%], loss=0.2555, dgw=0.2555, reg=0.0000, time=54.44s.
-- 221/221 [100.0%], loss=0.2538, dgw=0.2538, reg=0.0000, time=43.80s.
fit: Epoch 1/15, loss = 0.2617, best loss = 0.2617
results/MSRC_9_Original_usl_tsne_fit_1.pdf
-- 25/221 [11.3%], loss=0.2521, dgw=0.2521, reg=0.0000, time=57.89s.
-- 50/221 [22.6%], loss=0.2497, dgw=0.2497, reg=0.0000, time=53.62s.
-- 75/221 [33.9%], loss=0.2485, dgw=0.2485, reg=0.0000, time=58.20s.
-- 100/221 [45.2%], loss=0.2466, dgw=0.2466, reg=0.0000, time=66.35s.
-- 125/221 [56.6%], loss=0.2448, dgw=0.2448, reg=0.0000, time=56.19s.
-- 150/221 [67.9%], loss=0.2431, dgw=0.2431, reg=0.0000, time=62.64s.
-- 175/221 [79.2%], loss=0.2414, dgw=0.2414, reg=0.0000, time=72.36s.
-- 200/221 [90.5%], loss=0.2398, dgw=0.2398, reg=0.0000, time=66.86s.
-- 221/221 [100.0%], loss=0.2377, dgw=0.2377, reg=0.0000, time=44.41s.
fit: Epoch 2/15, loss = 0.2450, best loss = 0.2450
results/MSRC_9_Original_usl_tsne_fit_2.pdf
-- 25/221 [11.3%], loss=0.2360, dgw=0.2360, reg=0.0000, time=61.17s.
-- 50/221 [22.6%], loss=0.2343, dgw=0.2343, reg=0.0000, time=76.86s.
-- 75/221 [33.9%], loss=0.2327, dgw=0.2327, reg=0.0000, time=74.48s.
-- 100/221 [45.2%], loss=0.2308, dgw=0.2308, reg=0.0000, time=74.90s.
-- 125/221 [56.6%], loss=0.2293, dgw=0.2293, reg=0.0000, time=78.91s.
-- 150/221 [67.9%], loss=0.2277, dgw=0.2277, reg=0.0000, time=63.34s.
-- 175/221 [79.2%], loss=0.2257, dgw=0.2257, reg=0.0000, time=83.64s.
-- 200/221 [90.5%], loss=0.2247, dgw=0.2247, reg=0.0000, time=51.33s.
-- 221/221 [100.0%], loss=0.2225, dgw=0.2225, reg=0.0000, time=68.02s.
fit: Epoch 3/15, loss = 0.2294, best loss = 0.2294
results/MSRC_9_Original_usl_tsne_fit_3.pdf
-- 25/221 [11.3%], loss=0.2211, dgw=0.2211, reg=0.0000, time=55.82s.
-- 50/221 [22.6%], loss=0.2197, dgw=0.2197, reg=0.0000, time=77.26s.
-- 75/221 [33.9%], loss=0.2181, dgw=0.2181, reg=0.0000, time=71.86s.
-- 100/221 [45.2%], loss=0.2166, dgw=0.2166, reg=0.0000, time=62.88s.
-- 125/221 [56.6%], loss=0.2148, dgw=0.2148, reg=0.0000, time=99.71s.
-- 150/221 [67.9%], loss=0.2132, dgw=0.2132, reg=0.0000, time=65.28s.
-- 175/221 [79.2%], loss=0.2115, dgw=0.2115, reg=0.0000, time=67.17s.
-- 200/221 [90.5%], loss=0.2107, dgw=0.2107, reg=0.0000, time=63.69s.
-- 221/221 [100.0%], loss=0.2084, dgw=0.2084, reg=0.0000, time=65.48s.
fit: Epoch 4/15, loss = 0.2150, best loss = 0.2150
results/MSRC_9_Original_usl_tsne_fit_4.pdf
-- 25/221 [11.3%], loss=0.2067, dgw=0.2067, reg=0.0000, time=94.59s.
-- 50/221 [22.6%], loss=0.2064, dgw=0.2064, reg=0.0000, time=60.28s.
-- 75/221 [33.9%], loss=0.2044, dgw=0.2044, reg=0.0000, time=82.58s.
-- 100/221 [45.2%], loss=0.2041, dgw=0.2041, reg=0.0000, time=73.14s.
-- 125/221 [56.6%], loss=0.2011, dgw=0.2011, reg=0.0000, time=93.12s.
-- 150/221 [67.9%], loss=0.2106, dgw=0.2106, reg=0.0000, time=59.87s.
-- 175/221 [79.2%], loss=0.2219, dgw=0.2219, reg=0.0000, time=61.96s.
-- 200/221 [90.5%], loss=0.2035, dgw=0.2035, reg=0.0000, time=71.56s.
-- 221/221 [100.0%], loss=0.1961, dgw=0.1961, reg=0.0000, time=69.35s.
fit: Epoch 5/15, loss = 0.2063, best loss = 0.2063
results/MSRC_9_Original_usl_tsne_fit_5.pdf
-- 25/221 [11.3%], loss=0.1950, dgw=0.1950, reg=0.0000, time=58.88s.
-- 50/221 [22.6%], loss=0.1933, dgw=0.1933, reg=0.0000, time=79.72s.
-- 75/221 [33.9%], loss=0.1928, dgw=0.1928, reg=0.0000, time=55.53s.
-- 100/221 [45.2%], loss=0.1911, dgw=0.1911, reg=0.0000, time=33.66s.
-- 125/221 [56.6%], loss=0.1926, dgw=0.1926, reg=0.0000, time=44.94s.
-- 150/221 [67.9%], loss=0.1890, dgw=0.1890, reg=0.0000, time=62.17s.
-- 175/221 [79.2%], loss=0.1868, dgw=0.1868, reg=0.0000, time=58.99s.
-- 200/221 [90.5%], loss=0.1864, dgw=0.1864, reg=0.0000, time=43.73s.
-- 221/221 [100.0%], loss=0.1847, dgw=0.1847, reg=0.0000, time=49.44s.
fit: Epoch 6/15, loss = 0.1903, best loss = 0.1903
results/MSRC_9_Original_usl_tsne_fit_6.pdf
-- 25/221 [11.3%], loss=0.1839, dgw=0.1839, reg=0.0000, time=56.78s.
-- 50/221 [22.6%], loss=0.1821, dgw=0.1821, reg=0.0000, time=70.65s.
-- 75/221 [33.9%], loss=0.1813, dgw=0.1813, reg=0.0000, time=52.77s.
-- 100/221 [45.2%], loss=0.1804, dgw=0.1804, reg=0.0000, time=74.81s.
-- 125/221 [56.6%], loss=0.1789, dgw=0.1789, reg=0.0000, time=53.96s.
-- 150/221 [67.9%], loss=0.1786, dgw=0.1786, reg=0.0000, time=63.37s.
-- 175/221 [79.2%], loss=0.1764, dgw=0.1764, reg=0.0000, time=80.12s.
-- 200/221 [90.5%], loss=0.1757, dgw=0.1757, reg=0.0000, time=51.35s.
-- 221/221 [100.0%], loss=0.1742, dgw=0.1742, reg=0.0000, time=53.39s.
fit: Epoch 7/15, loss = 0.1791, best loss = 0.1791
results/MSRC_9_Original_usl_tsne_fit_7.pdf
-- 25/221 [11.3%], loss=0.1728, dgw=0.1728, reg=0.0000, time=55.06s.
-- 50/221 [22.6%], loss=0.1723, dgw=0.1723, reg=0.0000, time=51.51s.
-- 75/221 [33.9%], loss=0.1716, dgw=0.1716, reg=0.0000, time=55.60s.
-- 100/221 [45.2%], loss=0.1703, dgw=0.1703, reg=0.0000, time=62.39s.
-- 125/221 [56.6%], loss=0.1695, dgw=0.1695, reg=0.0000, time=54.58s.
-- 150/221 [67.9%], loss=0.1686, dgw=0.1686, reg=0.0000, time=46.11s.
-- 175/221 [79.2%], loss=0.1670, dgw=0.1670, reg=0.0000, time=58.51s.
-- 200/221 [90.5%], loss=0.1669, dgw=0.1669, reg=0.0000, time=61.21s.
-- 221/221 [100.0%], loss=0.1653, dgw=0.1653, reg=0.0000, time=53.31s.
fit: Epoch 8/15, loss = 0.1694, best loss = 0.1694
results/MSRC_9_Original_usl_tsne_fit_8.pdf
-- 25/221 [11.3%], loss=0.1647, dgw=0.1647, reg=0.0000, time=67.95s.
-- 50/221 [22.6%], loss=0.1636, dgw=0.1636, reg=0.0000, time=52.47s.
-- 75/221 [33.9%], loss=0.1613, dgw=0.1613, reg=0.0000, time=84.19s.
-- 100/221 [45.2%], loss=0.1614, dgw=0.1614, reg=0.0000, time=63.44s.
-- 125/221 [56.6%], loss=0.1613, dgw=0.1613, reg=0.0000, time=49.35s.
-- 150/221 [67.9%], loss=0.1601, dgw=0.1601, reg=0.0000, time=81.84s.
-- 175/221 [79.2%], loss=0.1591, dgw=0.1591, reg=0.0000, time=57.98s.
-- 200/221 [90.5%], loss=0.1585, dgw=0.1585, reg=0.0000, time=75.66s.
-- 221/221 [100.0%], loss=0.1558, dgw=0.1558, reg=0.0000, time=86.83s.
fit: Epoch 9/15, loss = 0.1607, best loss = 0.1607
results/MSRC_9_Original_usl_tsne_fit_9.pdf
-- 25/221 [11.3%], loss=0.1564, dgw=0.1564, reg=0.0000, time=48.67s.
-- 50/221 [22.6%], loss=0.1554, dgw=0.1554, reg=0.0000, time=50.12s.
-- 75/221 [33.9%], loss=0.1563, dgw=0.1563, reg=0.0000, time=48.76s.
-- 100/221 [45.2%], loss=0.1537, dgw=0.1537, reg=0.0000, time=56.57s.
-- 125/221 [56.6%], loss=0.1525, dgw=0.1525, reg=0.0000, time=58.58s.
-- 150/221 [67.9%], loss=0.1525, dgw=0.1525, reg=0.0000, time=68.01s.
-- 175/221 [79.2%], loss=0.1498, dgw=0.1498, reg=0.0000, time=57.49s.
-- 200/221 [90.5%], loss=0.1504, dgw=0.1504, reg=0.0000, time=49.35s.
-- 221/221 [100.0%], loss=0.1488, dgw=0.1488, reg=0.0000, time=51.20s.
fit: Epoch 10/15, loss = 0.1529, best loss = 0.1529
results/MSRC_9_Original_usl_tsne_fit_10.pdf
-- 25/221 [11.3%], loss=0.1479, dgw=0.1479, reg=0.0000, time=56.23s.
-- 50/221 [22.6%], loss=0.1485, dgw=0.1485, reg=0.0000, time=57.02s.
-- 75/221 [33.9%], loss=0.1474, dgw=0.1474, reg=0.0000, time=59.59s.
-- 100/221 [45.2%], loss=0.1466, dgw=0.1466, reg=0.0000, time=69.42s.
-- 125/221 [56.6%], loss=0.1469, dgw=0.1469, reg=0.0000, time=56.74s.
-- 150/221 [67.9%], loss=0.1444, dgw=0.1444, reg=0.0000, time=65.58s.
-- 175/221 [79.2%], loss=0.1455, dgw=0.1455, reg=0.0000, time=50.80s.
-- 200/221 [90.5%], loss=0.1437, dgw=0.1437, reg=0.0000, time=57.56s.
-- 221/221 [100.0%], loss=0.1426, dgw=0.1426, reg=0.0000, time=48.06s.
fit: Epoch 11/15, loss = 0.1460, best loss = 0.1460
results/MSRC_9_Original_usl_tsne_fit_11.pdf
-- 25/221 [11.3%], loss=0.1426, dgw=0.1426, reg=0.0000, time=70.59s.
-- 50/221 [22.6%], loss=0.1423, dgw=0.1423, reg=0.0000, time=72.90s.
-- 75/221 [33.9%], loss=0.1415, dgw=0.1415, reg=0.0000, time=78.94s.
-- 100/221 [45.2%], loss=0.1392, dgw=0.1392, reg=0.0000, time=109.06s.
-- 125/221 [56.6%], loss=0.1399, dgw=0.1399, reg=0.0000, time=67.00s.
-- 150/221 [67.9%], loss=0.1388, dgw=0.1388, reg=0.0000, time=73.86s.
-- 175/221 [79.2%], loss=0.1379, dgw=0.1379, reg=0.0000, time=55.02s.
-- 200/221 [90.5%], loss=0.1371, dgw=0.1371, reg=0.0000, time=67.92s.
-- 221/221 [100.0%], loss=0.1383, dgw=0.1383, reg=0.0000, time=59.52s.
fit: Epoch 12/15, loss = 0.1398, best loss = 0.1398
results/MSRC_9_Original_usl_tsne_fit_12.pdf
-- 25/221 [11.3%], loss=0.1351, dgw=0.1351, reg=0.0000, time=72.76s.
-- 50/221 [22.6%], loss=0.1357, dgw=0.1357, reg=0.0000, time=58.48s.
-- 75/221 [33.9%], loss=0.1355, dgw=0.1355, reg=0.0000, time=69.44s.
-- 100/221 [45.2%], loss=0.1363, dgw=0.1363, reg=0.0000, time=75.79s.
-- 125/221 [56.6%], loss=0.1326, dgw=0.1326, reg=0.0000, time=73.00s.
-- 150/221 [67.9%], loss=0.1329, dgw=0.1329, reg=0.0000, time=58.15s.
-- 175/221 [79.2%], loss=0.1343, dgw=0.1343, reg=0.0000, time=69.79s.
-- 200/221 [90.5%], loss=0.1325, dgw=0.1325, reg=0.0000, time=81.04s.
-- 221/221 [100.0%], loss=0.1319, dgw=0.1319, reg=0.0000, time=52.43s.
fit: Epoch 13/15, loss = 0.1341, best loss = 0.1341
results/MSRC_9_Original_usl_tsne_fit_13.pdf
-- 25/221 [11.3%], loss=0.1313, dgw=0.1313, reg=0.0000, time=71.44s.
-- 50/221 [22.6%], loss=0.1320, dgw=0.1320, reg=0.0000, time=52.39s.
-- 75/221 [33.9%], loss=0.1299, dgw=0.1299, reg=0.0000, time=48.38s.
-- 100/221 [45.2%], loss=0.1309, dgw=0.1309, reg=0.0000, time=50.86s.
-- 125/221 [56.6%], loss=0.1273, dgw=0.1273, reg=0.0000, time=65.41s.
-- 150/221 [67.9%], loss=0.1281, dgw=0.1281, reg=0.0000, time=59.61s.
-- 175/221 [79.2%], loss=0.1265, dgw=0.1265, reg=0.0000, time=49.02s.
-- 200/221 [90.5%], loss=0.1274, dgw=0.1274, reg=0.0000, time=66.81s.
-- 221/221 [100.0%], loss=0.1277, dgw=0.1277, reg=0.0000, time=52.95s.
fit: Epoch 14/15, loss = 0.1290, best loss = 0.1290
results/MSRC_9_Original_usl_tsne_fit_14.pdf
-- 25/221 [11.3%], loss=0.1265, dgw=0.1265, reg=0.0000, time=68.74s.
-- 50/221 [22.6%], loss=0.1266, dgw=0.1266, reg=0.0000, time=66.75s.
-- 75/221 [33.9%], loss=0.1245, dgw=0.1245, reg=0.0000, time=58.19s.
-- 100/221 [45.2%], loss=0.1261, dgw=0.1261, reg=0.0000, time=39.75s.
-- 125/221 [56.6%], loss=0.1257, dgw=0.1257, reg=0.0000, time=62.66s.
-- 150/221 [67.9%], loss=0.1234, dgw=0.1234, reg=0.0000, time=69.43s.
-- 175/221 [79.2%], loss=0.1218, dgw=0.1218, reg=0.0000, time=74.80s.
-- 200/221 [90.5%], loss=0.1217, dgw=0.1217, reg=0.0000, time=58.99s.
-- 221/221 [100.0%], loss=0.1222, dgw=0.1222, reg=0.0000, time=26.67s.
fit: Epoch 15/15, loss = 0.1243, best loss = 0.1243
results/MSRC_9_Original_usl_tsne_fit_15.pdf
Rand Score: 0.7762237762237763
Done!
