MORE THAN 2 CLASSES!
-- 25/221 [11.3%], loss=0.2703, dgw=0.2703, reg=0.0000, time=46.56s.
-- 50/221 [22.6%], loss=0.2679, dgw=0.2679, reg=0.0000, time=59.61s.
-- 75/221 [33.9%], loss=0.2660, dgw=0.2660, reg=0.0000, time=46.28s.
-- 100/221 [45.2%], loss=0.2638, dgw=0.2638, reg=0.0000, time=47.21s.
-- 125/221 [56.6%], loss=0.2622, dgw=0.2622, reg=0.0000, time=58.72s.
-- 150/221 [67.9%], loss=0.2604, dgw=0.2604, reg=0.0000, time=52.68s.
-- 175/221 [79.2%], loss=0.2587, dgw=0.2587, reg=0.0000, time=62.37s.
-- 200/221 [90.5%], loss=0.2566, dgw=0.2566, reg=0.0000, time=59.31s.
-- 221/221 [100.0%], loss=0.2549, dgw=0.2549, reg=0.0000, time=52.29s.
fit: Epoch 1/15, loss = 0.2625, best loss = 0.2625
results/MSRC_9_Original_usl_tsne_fit_1.pdf
-- 25/221 [11.3%], loss=0.2525, dgw=0.2525, reg=0.0000, time=52.38s.
-- 50/221 [22.6%], loss=0.2514, dgw=0.2514, reg=0.0000, time=59.31s.
-- 75/221 [33.9%], loss=0.2489, dgw=0.2489, reg=0.0000, time=68.69s.
-- 100/221 [45.2%], loss=0.2471, dgw=0.2471, reg=0.0000, time=44.22s.
-- 125/221 [56.6%], loss=0.2454, dgw=0.2454, reg=0.0000, time=50.90s.
-- 150/221 [67.9%], loss=0.2478, dgw=0.2478, reg=0.0000, time=61.76s.
-- 175/221 [79.2%], loss=0.2910, dgw=0.2910, reg=0.0000, time=54.43s.
-- 200/221 [90.5%], loss=0.3602, dgw=0.3602, reg=0.0000, time=67.99s.
-- 221/221 [100.0%], loss=0.3123, dgw=0.3123, reg=0.0000, time=62.32s.
fit: Epoch 2/15, loss = 0.2722, best loss = 0.2625
results/MSRC_9_Original_usl_tsne_fit_2.pdf
-- 25/221 [11.3%], loss=0.4622, dgw=0.4622, reg=0.0000, time=59.85s.
-- 50/221 [22.6%], loss=0.3812, dgw=0.3812, reg=0.0000, time=50.88s.
-- 75/221 [33.9%], loss=0.4788, dgw=0.4788, reg=0.0000, time=41.51s.
-- 100/221 [45.2%], loss=0.6113, dgw=0.6113, reg=0.0000, time=63.00s.
-- 125/221 [56.6%], loss=0.6677, dgw=0.6677, reg=0.0000, time=87.05s.
-- 150/221 [67.9%], loss=0.6270, dgw=0.6270, reg=0.0000, time=57.97s.
-- 175/221 [79.2%], loss=0.6822, dgw=0.6822, reg=0.0000, time=67.10s.
-- 200/221 [90.5%], loss=0.6644, dgw=0.6644, reg=0.0000, time=56.30s.
-- 221/221 [100.0%], loss=0.6491, dgw=0.6491, reg=0.0000, time=44.95s.
fit: Epoch 3/15, loss = 0.5792, best loss = 0.2625
results/MSRC_9_Original_usl_tsne_fit_3.pdf
-- 25/221 [11.3%], loss=0.6051, dgw=0.6051, reg=0.0000, time=71.35s.
-- 50/221 [22.6%], loss=0.5663, dgw=0.5663, reg=0.0000, time=101.41s.
-- 75/221 [33.9%], loss=0.5659, dgw=0.5659, reg=0.0000, time=65.90s.
-- 100/221 [45.2%], loss=0.5601, dgw=0.5601, reg=0.0000, time=82.70s.
-- 125/221 [56.6%], loss=0.6326, dgw=0.6326, reg=0.0000, time=99.48s.
-- 150/221 [67.9%], loss=0.6557, dgw=0.6557, reg=0.0000, time=59.00s.
-- 175/221 [79.2%], loss=0.7336, dgw=0.7336, reg=0.0000, time=47.56s.
-- 200/221 [90.5%], loss=0.7267, dgw=0.7267, reg=0.0000, time=64.16s.
-- 221/221 [100.0%], loss=0.7043, dgw=0.7043, reg=0.0000, time=44.39s.
fit: Epoch 4/15, loss = 0.6378, best loss = 0.2625
results/MSRC_9_Original_usl_tsne_fit_4.pdf
-- 25/221 [11.3%], loss=0.7683, dgw=0.7683, reg=0.0000, time=72.75s.
-- 50/221 [22.6%], loss=0.8520, dgw=0.8520, reg=0.0000, time=65.06s.
-- 75/221 [33.9%], loss=0.7711, dgw=0.7711, reg=0.0000, time=73.49s.
-- 100/221 [45.2%], loss=0.8206, dgw=0.8206, reg=0.0000, time=68.28s.
-- 125/221 [56.6%], loss=0.7097, dgw=0.7097, reg=0.0000, time=70.64s.
-- 150/221 [67.9%], loss=0.7793, dgw=0.7793, reg=0.0000, time=50.48s.
-- 175/221 [79.2%], loss=0.7189, dgw=0.7189, reg=0.0000, time=51.05s.
-- 200/221 [90.5%], loss=0.6036, dgw=0.6036, reg=0.0000, time=52.73s.
-- 221/221 [100.0%], loss=0.5553, dgw=0.5553, reg=0.0000, time=51.93s.
fit: Epoch 5/15, loss = 0.7342, best loss = 0.2625
results/MSRC_9_Original_usl_tsne_fit_5.pdf
-- 25/221 [11.3%], loss=0.4457, dgw=0.4457, reg=0.0000, time=63.39s.
-- 50/221 [22.6%], loss=0.3722, dgw=0.3722, reg=0.0000, time=71.57s.
-- 75/221 [33.9%], loss=0.3466, dgw=0.3466, reg=0.0000, time=50.60s.
-- 100/221 [45.2%], loss=0.2758, dgw=0.2758, reg=0.0000, time=39.32s.
-- 125/221 [56.6%], loss=0.2581, dgw=0.2581, reg=0.0000, time=50.01s.
-- 150/221 [67.9%], loss=0.2312, dgw=0.2312, reg=0.0000, time=51.10s.
-- 175/221 [79.2%], loss=0.1916, dgw=0.1916, reg=0.0000, time=41.15s.
-- 200/221 [90.5%], loss=0.2138, dgw=0.2138, reg=0.0000, time=53.37s.
-- 221/221 [100.0%], loss=0.1993, dgw=0.1993, reg=0.0000, time=38.41s.
fit: Epoch 6/15, loss = 0.2831, best loss = 0.2625
results/MSRC_9_Original_usl_tsne_fit_6.pdf
-- 25/221 [11.3%], loss=0.2014, dgw=0.2014, reg=0.0000, time=62.46s.
-- 50/221 [22.6%], loss=0.2083, dgw=0.2083, reg=0.0000, time=42.61s.
-- 75/221 [33.9%], loss=0.1819, dgw=0.1819, reg=0.0000, time=67.44s.
-- 100/221 [45.2%], loss=0.1912, dgw=0.1912, reg=0.0000, time=61.18s.
-- 125/221 [56.6%], loss=0.1865, dgw=0.1865, reg=0.0000, time=57.70s.
-- 150/221 [67.9%], loss=0.1779, dgw=0.1779, reg=0.0000, time=56.69s.
-- 175/221 [79.2%], loss=0.1784, dgw=0.1784, reg=0.0000, time=59.10s.
-- 200/221 [90.5%], loss=0.1818, dgw=0.1818, reg=0.0000, time=40.39s.
-- 221/221 [100.0%], loss=0.1905, dgw=0.1905, reg=0.0000, time=55.81s.
fit: Epoch 7/15, loss = 0.1886, best loss = 0.1886
results/MSRC_9_Original_usl_tsne_fit_7.pdf
-- 25/221 [11.3%], loss=0.1745, dgw=0.1745, reg=0.0000, time=57.46s.
-- 50/221 [22.6%], loss=0.1822, dgw=0.1822, reg=0.0000, time=60.57s.
-- 75/221 [33.9%], loss=0.1722, dgw=0.1722, reg=0.0000, time=41.51s.
-- 100/221 [45.2%], loss=0.1715, dgw=0.1715, reg=0.0000, time=39.62s.
-- 125/221 [56.6%], loss=0.1703, dgw=0.1703, reg=0.0000, time=56.97s.
-- 150/221 [67.9%], loss=0.1779, dgw=0.1779, reg=0.0000, time=56.74s.
-- 175/221 [79.2%], loss=0.1887, dgw=0.1887, reg=0.0000, time=50.56s.
-- 200/221 [90.5%], loss=0.1806, dgw=0.1806, reg=0.0000, time=68.13s.
-- 221/221 [100.0%], loss=0.1829, dgw=0.1829, reg=0.0000, time=46.52s.
fit: Epoch 8/15, loss = 0.1778, best loss = 0.1778
results/MSRC_9_Original_usl_tsne_fit_8.pdf
-- 25/221 [11.3%], loss=0.1820, dgw=0.1820, reg=0.0000, time=52.58s.
-- 50/221 [22.6%], loss=0.1634, dgw=0.1634, reg=0.0000, time=45.31s.
-- 75/221 [33.9%], loss=0.1640, dgw=0.1640, reg=0.0000, time=52.98s.
-- 100/221 [45.2%], loss=0.1849, dgw=0.1849, reg=0.0000, time=66.53s.
-- 125/221 [56.6%], loss=0.1641, dgw=0.1641, reg=0.0000, time=42.37s.
-- 150/221 [67.9%], loss=0.1608, dgw=0.1608, reg=0.0000, time=67.25s.
-- 175/221 [79.2%], loss=0.1603, dgw=0.1603, reg=0.0000, time=37.46s.
-- 200/221 [90.5%], loss=0.1586, dgw=0.1586, reg=0.0000, time=31.72s.
-- 221/221 [100.0%], loss=0.1760, dgw=0.1760, reg=0.0000, time=35.02s.
fit: Epoch 9/15, loss = 0.1681, best loss = 0.1681
results/MSRC_9_Original_usl_tsne_fit_9.pdf
-- 25/221 [11.3%], loss=0.1591, dgw=0.1591, reg=0.0000, time=56.04s.
-- 50/221 [22.6%], loss=0.1761, dgw=0.1761, reg=0.0000, time=56.40s.
-- 75/221 [33.9%], loss=0.1538, dgw=0.1538, reg=0.0000, time=71.06s.
-- 100/221 [45.2%], loss=0.1544, dgw=0.1544, reg=0.0000, time=64.54s.
-- 125/221 [56.6%], loss=0.1530, dgw=0.1530, reg=0.0000, time=53.89s.
-- 150/221 [67.9%], loss=0.1609, dgw=0.1609, reg=0.0000, time=55.88s.
-- 175/221 [79.2%], loss=0.1518, dgw=0.1518, reg=0.0000, time=55.34s.
-- 200/221 [90.5%], loss=0.1512, dgw=0.1512, reg=0.0000, time=63.27s.
-- 221/221 [100.0%], loss=0.1885, dgw=0.1885, reg=0.0000, time=33.25s.
fit: Epoch 10/15, loss = 0.1605, best loss = 0.1605
results/MSRC_9_Original_usl_tsne_fit_10.pdf
-- 25/221 [11.3%], loss=0.1489, dgw=0.1489, reg=0.0000, time=53.63s.
-- 50/221 [22.6%], loss=0.1770, dgw=0.1770, reg=0.0000, time=53.18s.
-- 75/221 [33.9%], loss=0.1475, dgw=0.1475, reg=0.0000, time=66.43s.
-- 100/221 [45.2%], loss=0.1650, dgw=0.1650, reg=0.0000, time=35.39s.
-- 125/221 [56.6%], loss=0.1687, dgw=0.1687, reg=0.0000, time=42.91s.
-- 150/221 [67.9%], loss=0.1454, dgw=0.1454, reg=0.0000, time=45.90s.
-- 175/221 [79.2%], loss=0.1459, dgw=0.1459, reg=0.0000, time=36.84s.
-- 200/221 [90.5%], loss=0.1447, dgw=0.1447, reg=0.0000, time=43.28s.
-- 221/221 [100.0%], loss=0.1439, dgw=0.1439, reg=0.0000, time=47.50s.
fit: Epoch 11/15, loss = 0.1543, best loss = 0.1543
results/MSRC_9_Original_usl_tsne_fit_11.pdf
-- 25/221 [11.3%], loss=0.1432, dgw=0.1432, reg=0.0000, time=50.46s.
-- 50/221 [22.6%], loss=0.1418, dgw=0.1418, reg=0.0000, time=61.08s.
-- 75/221 [33.9%], loss=0.1424, dgw=0.1424, reg=0.0000, time=46.08s.
-- 100/221 [45.2%], loss=0.1410, dgw=0.1410, reg=0.0000, time=57.04s.
-- 125/221 [56.6%], loss=0.1394, dgw=0.1394, reg=0.0000, time=37.34s.
-- 150/221 [67.9%], loss=0.1513, dgw=0.1513, reg=0.0000, time=56.29s.
-- 175/221 [79.2%], loss=0.1837, dgw=0.1837, reg=0.0000, time=54.25s.
-- 200/221 [90.5%], loss=0.1393, dgw=0.1393, reg=0.0000, time=44.81s.
-- 221/221 [100.0%], loss=0.1625, dgw=0.1625, reg=0.0000, time=50.97s.
fit: Epoch 12/15, loss = 0.1492, best loss = 0.1492
results/MSRC_9_Original_usl_tsne_fit_12.pdf
-- 25/221 [11.3%], loss=0.1610, dgw=0.1610, reg=0.0000, time=54.72s.
-- 50/221 [22.6%], loss=0.1366, dgw=0.1366, reg=0.0000, time=66.40s.
-- 75/221 [33.9%], loss=0.1355, dgw=0.1355, reg=0.0000, time=51.72s.
-- 100/221 [45.2%], loss=0.1570, dgw=0.1570, reg=0.0000, time=60.48s.
-- 125/221 [56.6%], loss=0.1553, dgw=0.1553, reg=0.0000, time=56.89s.
-- 150/221 [67.9%], loss=0.1339, dgw=0.1339, reg=0.0000, time=64.81s.
-- 175/221 [79.2%], loss=0.1440, dgw=0.1440, reg=0.0000, time=49.77s.
-- 200/221 [90.5%], loss=0.1339, dgw=0.1339, reg=0.0000, time=57.00s.
-- 221/221 [100.0%], loss=0.1326, dgw=0.1326, reg=0.0000, time=28.66s.
fit: Epoch 13/15, loss = 0.1435, best loss = 0.1435
results/MSRC_9_Original_usl_tsne_fit_13.pdf
-- 25/221 [11.3%], loss=0.1359, dgw=0.1359, reg=0.0000, time=64.94s.
-- 50/221 [22.6%], loss=0.1299, dgw=0.1299, reg=0.0000, time=58.54s.
-- 75/221 [33.9%], loss=0.1620, dgw=0.1620, reg=0.0000, time=46.25s.
-- 100/221 [45.2%], loss=0.1291, dgw=0.1291, reg=0.0000, time=71.84s.
-- 125/221 [56.6%], loss=0.1652, dgw=0.1652, reg=0.0000, time=51.79s.
-- 150/221 [67.9%], loss=0.1294, dgw=0.1294, reg=0.0000, time=59.60s.
-- 175/221 [79.2%], loss=0.1429, dgw=0.1429, reg=0.0000, time=49.28s.
-- 200/221 [90.5%], loss=0.1274, dgw=0.1274, reg=0.0000, time=57.77s.
-- 221/221 [100.0%], loss=0.1268, dgw=0.1268, reg=0.0000, time=64.68s.
fit: Epoch 14/15, loss = 0.1389, best loss = 0.1389
results/MSRC_9_Original_usl_tsne_fit_14.pdf
-- 25/221 [11.3%], loss=0.1269, dgw=0.1269, reg=0.0000, time=53.83s.
-- 50/221 [22.6%], loss=0.1262, dgw=0.1262, reg=0.0000, time=43.53s.
-- 75/221 [33.9%], loss=0.1263, dgw=0.1263, reg=0.0000, time=42.19s.
-- 100/221 [45.2%], loss=0.1550, dgw=0.1550, reg=0.0000, time=57.47s.
-- 125/221 [56.6%], loss=0.1489, dgw=0.1489, reg=0.0000, time=43.65s.
-- 150/221 [67.9%], loss=0.1369, dgw=0.1369, reg=0.0000, time=63.77s.
-- 175/221 [79.2%], loss=0.1222, dgw=0.1222, reg=0.0000, time=47.18s.
-- 200/221 [90.5%], loss=0.1440, dgw=0.1440, reg=0.0000, time=51.32s.
-- 221/221 [100.0%], loss=0.1263, dgw=0.1263, reg=0.0000, time=43.83s.
fit: Epoch 15/15, loss = 0.1349, best loss = 0.1349
results/MSRC_9_Original_usl_tsne_fit_15.pdf
Rand Score: 0.7795968737145208
Done!
