MORE THAN 2 CLASSES!
-- 25/592 [4.2%], loss=0.2328, dgw=0.2328, reg=0.0000, time=21.44s.
-- 50/592 [8.4%], loss=0.2357, dgw=0.2357, reg=0.0000, time=22.49s.
-- 75/592 [12.7%], loss=0.2269, dgw=0.2269, reg=0.0000, time=24.05s.
-- 100/592 [16.9%], loss=0.2305, dgw=0.2305, reg=0.0000, time=19.01s.
-- 125/592 [21.1%], loss=0.2296, dgw=0.2296, reg=0.0000, time=15.84s.
-- 150/592 [25.3%], loss=0.2282, dgw=0.2282, reg=0.0000, time=22.91s.
-- 175/592 [29.6%], loss=0.2139, dgw=0.2139, reg=0.0000, time=31.98s.
-- 200/592 [33.8%], loss=0.2037, dgw=0.2037, reg=0.0000, time=43.17s.
-- 225/592 [38.0%], loss=0.2117, dgw=0.2117, reg=0.0000, time=52.14s.
-- 250/592 [42.2%], loss=0.2119, dgw=0.2119, reg=0.0000, time=37.94s.
-- 275/592 [46.5%], loss=0.2029, dgw=0.2029, reg=0.0000, time=31.88s.
-- 300/592 [50.7%], loss=0.2062, dgw=0.2062, reg=0.0000, time=40.39s.
-- 325/592 [54.9%], loss=0.2138, dgw=0.2138, reg=0.0000, time=43.91s.
-- 350/592 [59.1%], loss=0.2093, dgw=0.2093, reg=0.0000, time=53.52s.
-- 375/592 [63.3%], loss=0.2045, dgw=0.2045, reg=0.0000, time=50.35s.
-- 400/592 [67.6%], loss=0.1966, dgw=0.1966, reg=0.0000, time=55.42s.
-- 425/592 [71.8%], loss=0.2065, dgw=0.2065, reg=0.0000, time=65.21s.
-- 450/592 [76.0%], loss=0.2072, dgw=0.2072, reg=0.0000, time=58.30s.
-- 475/592 [80.2%], loss=0.1980, dgw=0.1980, reg=0.0000, time=48.86s.
-- 500/592 [84.5%], loss=0.1972, dgw=0.1972, reg=0.0000, time=30.10s.
-- 525/592 [88.7%], loss=0.1861, dgw=0.1861, reg=0.0000, time=63.51s.
-- 550/592 [92.9%], loss=0.1848, dgw=0.1848, reg=0.0000, time=64.21s.
-- 575/592 [97.1%], loss=0.1921, dgw=0.1921, reg=0.0000, time=49.98s.
-- 592/592 [100.0%], loss=0.1939, dgw=0.1939, reg=0.0000, time=42.97s.
fit: Epoch 1/15, loss = 0.2096, best loss = 0.2096
results/ENZYMES_Our_Spectral_usl_tsne_fit_1.pdf
-- 25/592 [4.2%], loss=0.1892, dgw=0.1892, reg=0.0000, time=54.42s.
-- 50/592 [8.4%], loss=0.1870, dgw=0.1870, reg=0.0000, time=37.06s.
-- 75/592 [12.7%], loss=0.1878, dgw=0.1878, reg=0.0000, time=36.53s.
-- 100/592 [16.9%], loss=0.1808, dgw=0.1808, reg=0.0000, time=54.43s.
-- 125/592 [21.1%], loss=0.1879, dgw=0.1879, reg=0.0000, time=65.72s.
-- 150/592 [25.3%], loss=0.1784, dgw=0.1784, reg=0.0000, time=57.49s.
-- 175/592 [29.6%], loss=0.1756, dgw=0.1756, reg=0.0000, time=64.93s.
-- 200/592 [33.8%], loss=0.1796, dgw=0.1796, reg=0.0000, time=50.77s.
-- 225/592 [38.0%], loss=0.1766, dgw=0.1766, reg=0.0000, time=54.36s.
-- 250/592 [42.2%], loss=0.1720, dgw=0.1720, reg=0.0000, time=59.94s.
-- 275/592 [46.5%], loss=0.1666, dgw=0.1666, reg=0.0000, time=67.01s.
-- 300/592 [50.7%], loss=0.1747, dgw=0.1747, reg=0.0000, time=59.43s.
-- 325/592 [54.9%], loss=0.1687, dgw=0.1687, reg=0.0000, time=42.38s.
-- 350/592 [59.1%], loss=0.1691, dgw=0.1691, reg=0.0000, time=50.51s.
-- 375/592 [63.3%], loss=0.1681, dgw=0.1681, reg=0.0000, time=52.68s.
-- 400/592 [67.6%], loss=0.1617, dgw=0.1617, reg=0.0000, time=78.40s.
-- 425/592 [71.8%], loss=0.1632, dgw=0.1632, reg=0.0000, time=70.05s.
-- 450/592 [76.0%], loss=0.1620, dgw=0.1620, reg=0.0000, time=67.66s.
-- 475/592 [80.2%], loss=0.1705, dgw=0.1705, reg=0.0000, time=71.02s.
-- 500/592 [84.5%], loss=0.1635, dgw=0.1635, reg=0.0000, time=58.73s.
-- 525/592 [88.7%], loss=0.1581, dgw=0.1581, reg=0.0000, time=35.24s.
-- 550/592 [92.9%], loss=0.1580, dgw=0.1580, reg=0.0000, time=43.69s.
-- 575/592 [97.1%], loss=0.1582, dgw=0.1582, reg=0.0000, time=54.14s.
-- 592/592 [100.0%], loss=0.1586, dgw=0.1586, reg=0.0000, time=40.71s.
fit: Epoch 2/15, loss = 0.1717, best loss = 0.1717
results/ENZYMES_Our_Spectral_usl_tsne_fit_2.pdf
-- 25/592 [4.2%], loss=0.1572, dgw=0.1572, reg=0.0000, time=65.70s.
-- 50/592 [8.4%], loss=0.1566, dgw=0.1566, reg=0.0000, time=69.86s.
-- 75/592 [12.7%], loss=0.1550, dgw=0.1550, reg=0.0000, time=43.80s.
-- 100/592 [16.9%], loss=0.1506, dgw=0.1506, reg=0.0000, time=51.95s.
-- 125/592 [21.1%], loss=0.1551, dgw=0.1551, reg=0.0000, time=45.10s.
-- 150/592 [25.3%], loss=0.1451, dgw=0.1451, reg=0.0000, time=46.39s.
-- 175/592 [29.6%], loss=0.1444, dgw=0.1444, reg=0.0000, time=60.39s.
-- 200/592 [33.8%], loss=0.1421, dgw=0.1421, reg=0.0000, time=69.57s.
-- 225/592 [38.0%], loss=0.1408, dgw=0.1408, reg=0.0000, time=61.26s.
-- 250/592 [42.2%], loss=0.1414, dgw=0.1414, reg=0.0000, time=58.15s.
-- 275/592 [46.5%], loss=0.1366, dgw=0.1366, reg=0.0000, time=49.55s.
-- 300/592 [50.7%], loss=0.1371, dgw=0.1371, reg=0.0000, time=48.40s.
-- 325/592 [54.9%], loss=0.1432, dgw=0.1432, reg=0.0000, time=34.85s.
-- 350/592 [59.1%], loss=0.1409, dgw=0.1409, reg=0.0000, time=56.11s.
-- 375/592 [63.3%], loss=0.1327, dgw=0.1327, reg=0.0000, time=58.28s.
-- 400/592 [67.6%], loss=0.1389, dgw=0.1389, reg=0.0000, time=57.00s.
-- 425/592 [71.8%], loss=0.1419, dgw=0.1419, reg=0.0000, time=47.42s.
-- 450/592 [76.0%], loss=0.1388, dgw=0.1388, reg=0.0000, time=52.90s.
-- 475/592 [80.2%], loss=0.1408, dgw=0.1408, reg=0.0000, time=40.99s.
-- 500/592 [84.5%], loss=0.1336, dgw=0.1336, reg=0.0000, time=38.34s.
-- 525/592 [88.7%], loss=0.1332, dgw=0.1332, reg=0.0000, time=59.40s.
-- 550/592 [92.9%], loss=0.1360, dgw=0.1360, reg=0.0000, time=59.91s.
-- 575/592 [97.1%], loss=0.1294, dgw=0.1294, reg=0.0000, time=42.57s.
-- 592/592 [100.0%], loss=0.1335, dgw=0.1335, reg=0.0000, time=39.49s.
fit: Epoch 3/15, loss = 0.1420, best loss = 0.1420
results/ENZYMES_Our_Spectral_usl_tsne_fit_3.pdf
-- 25/592 [4.2%], loss=0.1255, dgw=0.1255, reg=0.0000, time=53.34s.
-- 50/592 [8.4%], loss=0.1240, dgw=0.1240, reg=0.0000, time=53.61s.
-- 75/592 [12.7%], loss=0.1295, dgw=0.1295, reg=0.0000, time=32.75s.
-- 100/592 [16.9%], loss=0.1266, dgw=0.1266, reg=0.0000, time=46.52s.
-- 125/592 [21.1%], loss=0.1218, dgw=0.1218, reg=0.0000, time=50.24s.
-- 150/592 [25.3%], loss=0.1286, dgw=0.1286, reg=0.0000, time=83.15s.
-- 175/592 [29.6%], loss=0.1377, dgw=0.1377, reg=0.0000, time=58.93s.
-- 200/592 [33.8%], loss=0.1215, dgw=0.1215, reg=0.0000, time=35.10s.
-- 225/592 [38.0%], loss=0.1212, dgw=0.1212, reg=0.0000, time=59.84s.
-- 250/592 [42.2%], loss=0.1258, dgw=0.1258, reg=0.0000, time=72.02s.
-- 275/592 [46.5%], loss=0.1259, dgw=0.1259, reg=0.0000, time=53.44s.
-- 300/592 [50.7%], loss=0.1280, dgw=0.1280, reg=0.0000, time=54.74s.
-- 325/592 [54.9%], loss=0.1303, dgw=0.1303, reg=0.0000, time=43.32s.
-- 350/592 [59.1%], loss=0.1499, dgw=0.1499, reg=0.0000, time=41.39s.
-- 375/592 [63.3%], loss=0.1439, dgw=0.1439, reg=0.0000, time=54.13s.
-- 400/592 [67.6%], loss=0.1547, dgw=0.1547, reg=0.0000, time=56.13s.
-- 425/592 [71.8%], loss=0.1342, dgw=0.1342, reg=0.0000, time=76.43s.
-- 450/592 [76.0%], loss=0.1360, dgw=0.1360, reg=0.0000, time=60.99s.
-- 475/592 [80.2%], loss=0.1362, dgw=0.1362, reg=0.0000, time=54.06s.
-- 500/592 [84.5%], loss=0.1301, dgw=0.1301, reg=0.0000, time=55.20s.
-- 525/592 [88.7%], loss=0.1559, dgw=0.1559, reg=0.0000, time=53.13s.
-- 550/592 [92.9%], loss=0.1593, dgw=0.1593, reg=0.0000, time=34.93s.
-- 575/592 [97.1%], loss=0.1919, dgw=0.1919, reg=0.0000, time=30.84s.
-- 592/592 [100.0%], loss=0.1874, dgw=0.1874, reg=0.0000, time=35.15s.
fit: Epoch 4/15, loss = 0.1379, best loss = 0.1379
results/ENZYMES_Our_Spectral_usl_tsne_fit_4.pdf
-- 25/592 [4.2%], loss=0.2174, dgw=0.2174, reg=0.0000, time=52.37s.
-- 50/592 [8.4%], loss=0.2960, dgw=0.2960, reg=0.0000, time=56.50s.
-- 75/592 [12.7%], loss=0.2558, dgw=0.2558, reg=0.0000, time=57.91s.
-- 100/592 [16.9%], loss=0.2757, dgw=0.2757, reg=0.0000, time=52.79s.
-- 125/592 [21.1%], loss=0.2863, dgw=0.2863, reg=0.0000, time=34.99s.
-- 150/592 [25.3%], loss=0.2930, dgw=0.2930, reg=0.0000, time=59.47s.
-- 175/592 [29.6%], loss=0.2378, dgw=0.2378, reg=0.0000, time=56.97s.
-- 200/592 [33.8%], loss=0.2893, dgw=0.2893, reg=0.0000, time=48.35s.
-- 225/592 [38.0%], loss=0.2413, dgw=0.2413, reg=0.0000, time=62.79s.
-- 250/592 [42.2%], loss=0.2155, dgw=0.2155, reg=0.0000, time=56.80s.
-- 275/592 [46.5%], loss=0.2407, dgw=0.2407, reg=0.0000, time=58.93s.
-- 300/592 [50.7%], loss=0.1953, dgw=0.1953, reg=0.0000, time=50.26s.
-- 325/592 [54.9%], loss=0.2517, dgw=0.2517, reg=0.0000, time=50.04s.
-- 350/592 [59.1%], loss=0.2636, dgw=0.2636, reg=0.0000, time=42.31s.
-- 375/592 [63.3%], loss=0.2798, dgw=0.2798, reg=0.0000, time=58.49s.
-- 400/592 [67.6%], loss=0.2696, dgw=0.2696, reg=0.0000, time=64.99s.
-- 425/592 [71.8%], loss=0.3199, dgw=0.3199, reg=0.0000, time=58.54s.
-- 450/592 [76.0%], loss=0.3567, dgw=0.3567, reg=0.0000, time=51.62s.
-- 475/592 [80.2%], loss=0.3420, dgw=0.3420, reg=0.0000, time=40.61s.
-- 500/592 [84.5%], loss=0.3086, dgw=0.3086, reg=0.0000, time=37.08s.
-- 525/592 [88.7%], loss=0.4134, dgw=0.4134, reg=0.0000, time=56.50s.
-- 550/592 [92.9%], loss=0.3623, dgw=0.3623, reg=0.0000, time=53.81s.
-- 575/592 [97.1%], loss=0.4673, dgw=0.4673, reg=0.0000, time=58.67s.
-- 592/592 [100.0%], loss=0.3888, dgw=0.3888, reg=0.0000, time=37.34s.
fit: Epoch 5/15, loss = 0.2932, best loss = 0.1379
results/ENZYMES_Our_Spectral_usl_tsne_fit_5.pdf
-- 25/592 [4.2%], loss=0.4169, dgw=0.4169, reg=0.0000, time=49.05s.
-- 50/592 [8.4%], loss=0.3786, dgw=0.3786, reg=0.0000, time=45.91s.
-- 75/592 [12.7%], loss=0.3938, dgw=0.3938, reg=0.0000, time=44.94s.
-- 100/592 [16.9%], loss=0.3921, dgw=0.3921, reg=0.0000, time=39.24s.
-- 125/592 [21.1%], loss=0.3742, dgw=0.3742, reg=0.0000, time=56.48s.
-- 150/592 [25.3%], loss=0.4161, dgw=0.4161, reg=0.0000, time=55.36s.
-- 175/592 [29.6%], loss=0.4325, dgw=0.4325, reg=0.0000, time=48.24s.
-- 200/592 [33.8%], loss=0.4034, dgw=0.4034, reg=0.0000, time=56.21s.
-- 225/592 [38.0%], loss=0.4343, dgw=0.4343, reg=0.0000, time=62.91s.
-- 250/592 [42.2%], loss=0.5081, dgw=0.5081, reg=0.0000, time=38.99s.
-- 275/592 [46.5%], loss=0.4600, dgw=0.4600, reg=0.0000, time=46.99s.
-- 300/592 [50.7%], loss=0.5115, dgw=0.5115, reg=0.0000, time=43.09s.
-- 325/592 [54.9%], loss=0.5252, dgw=0.5252, reg=0.0000, time=46.87s.
-- 350/592 [59.1%], loss=0.5202, dgw=0.5202, reg=0.0000, time=48.65s.
-- 375/592 [63.3%], loss=0.4978, dgw=0.4978, reg=0.0000, time=57.94s.
-- 400/592 [67.6%], loss=0.4937, dgw=0.4937, reg=0.0000, time=35.12s.
-- 425/592 [71.8%], loss=0.5213, dgw=0.5213, reg=0.0000, time=46.35s.
-- 450/592 [76.0%], loss=0.4972, dgw=0.4972, reg=0.0000, time=54.91s.
-- 475/592 [80.2%], loss=0.5015, dgw=0.5015, reg=0.0000, time=57.33s.
-- 500/592 [84.5%], loss=0.5519, dgw=0.5519, reg=0.0000, time=42.41s.
-- 525/592 [88.7%], loss=0.4880, dgw=0.4880, reg=0.0000, time=43.88s.
-- 550/592 [92.9%], loss=0.4886, dgw=0.4886, reg=0.0000, time=42.22s.
-- 575/592 [97.1%], loss=0.4942, dgw=0.4942, reg=0.0000, time=45.49s.
-- 592/592 [100.0%], loss=0.4705, dgw=0.4705, reg=0.0000, time=35.98s.
fit: Epoch 6/15, loss = 0.4654, best loss = 0.1379
results/ENZYMES_Our_Spectral_usl_tsne_fit_6.pdf
-- 25/592 [4.2%], loss=0.5268, dgw=0.5268, reg=0.0000, time=45.61s.
-- 50/592 [8.4%], loss=0.4697, dgw=0.4697, reg=0.0000, time=49.17s.
-- 75/592 [12.7%], loss=0.5153, dgw=0.5153, reg=0.0000, time=53.95s.
-- 100/592 [16.9%], loss=0.5122, dgw=0.5122, reg=0.0000, time=40.14s.
-- 125/592 [21.1%], loss=0.5274, dgw=0.5274, reg=0.0000, time=37.94s.
-- 150/592 [25.3%], loss=0.5654, dgw=0.5654, reg=0.0000, time=37.39s.
-- 175/592 [29.6%], loss=0.5570, dgw=0.5570, reg=0.0000, time=44.24s.
-- 200/592 [33.8%], loss=0.5829, dgw=0.5829, reg=0.0000, time=56.90s.
-- 225/592 [38.0%], loss=0.5203, dgw=0.5203, reg=0.0000, time=52.60s.
-- 250/592 [42.2%], loss=0.4741, dgw=0.4741, reg=0.0000, time=45.06s.
-- 275/592 [46.5%], loss=0.4833, dgw=0.4833, reg=0.0000, time=39.64s.
-- 300/592 [50.7%], loss=0.4727, dgw=0.4727, reg=0.0000, time=33.64s.
-- 325/592 [54.9%], loss=0.4814, dgw=0.4814, reg=0.0000, time=34.51s.
-- 350/592 [59.1%], loss=0.5062, dgw=0.5062, reg=0.0000, time=44.19s.
-- 375/592 [63.3%], loss=0.4920, dgw=0.4920, reg=0.0000, time=54.73s.
-- 400/592 [67.6%], loss=0.5040, dgw=0.5040, reg=0.0000, time=43.12s.
-- 425/592 [71.8%], loss=0.4676, dgw=0.4676, reg=0.0000, time=44.00s.
-- 450/592 [76.0%], loss=0.5437, dgw=0.5437, reg=0.0000, time=35.82s.
-- 475/592 [80.2%], loss=0.4813, dgw=0.4813, reg=0.0000, time=21.78s.
-- 500/592 [84.5%], loss=0.4891, dgw=0.4891, reg=0.0000, time=27.24s.
-- 525/592 [88.7%], loss=0.5222, dgw=0.5222, reg=0.0000, time=42.98s.
-- 550/592 [92.9%], loss=0.5161, dgw=0.5161, reg=0.0000, time=49.44s.
-- 575/592 [97.1%], loss=0.5326, dgw=0.5326, reg=0.0000, time=39.29s.
-- 592/592 [100.0%], loss=0.5152, dgw=0.5152, reg=0.0000, time=26.09s.
fit: Epoch 7/15, loss = 0.5107, best loss = 0.1379
results/ENZYMES_Our_Spectral_usl_tsne_fit_7.pdf
-- 25/592 [4.2%], loss=0.4662, dgw=0.4662, reg=0.0000, time=39.85s.
-- 50/592 [8.4%], loss=0.5373, dgw=0.5373, reg=0.0000, time=26.22s.
-- 75/592 [12.7%], loss=0.4727, dgw=0.4727, reg=0.0000, time=31.52s.
-- 100/592 [16.9%], loss=0.4687, dgw=0.4687, reg=0.0000, time=34.18s.
-- 125/592 [21.1%], loss=0.4898, dgw=0.4898, reg=0.0000, time=27.40s.
-- 150/592 [25.3%], loss=0.4612, dgw=0.4612, reg=0.0000, time=41.18s.
-- 175/592 [29.6%], loss=0.4821, dgw=0.4821, reg=0.0000, time=51.20s.
-- 200/592 [33.8%], loss=0.4634, dgw=0.4634, reg=0.0000, time=41.19s.
-- 225/592 [38.0%], loss=0.5461, dgw=0.5461, reg=0.0000, time=40.14s.
-- 250/592 [42.2%], loss=0.5718, dgw=0.5718, reg=0.0000, time=39.61s.
-- 275/592 [46.5%], loss=0.5486, dgw=0.5486, reg=0.0000, time=45.59s.
-- 300/592 [50.7%], loss=0.5111, dgw=0.5111, reg=0.0000, time=42.56s.
-- 325/592 [54.9%], loss=0.5367, dgw=0.5367, reg=0.0000, time=34.49s.
-- 350/592 [59.1%], loss=0.5127, dgw=0.5127, reg=0.0000, time=36.20s.
-- 375/592 [63.3%], loss=0.5631, dgw=0.5631, reg=0.0000, time=45.43s.
-- 400/592 [67.6%], loss=0.5700, dgw=0.5700, reg=0.0000, time=42.20s.
-- 425/592 [71.8%], loss=0.5373, dgw=0.5373, reg=0.0000, time=36.54s.
-- 450/592 [76.0%], loss=0.5115, dgw=0.5115, reg=0.0000, time=35.44s.
-- 475/592 [80.2%], loss=0.5448, dgw=0.5448, reg=0.0000, time=36.74s.
-- 500/592 [84.5%], loss=0.5455, dgw=0.5455, reg=0.0000, time=39.04s.
-- 525/592 [88.7%], loss=0.4871, dgw=0.4871, reg=0.0000, time=44.82s.
-- 550/592 [92.9%], loss=0.4992, dgw=0.4992, reg=0.0000, time=34.95s.
-- 575/592 [97.1%], loss=0.5342, dgw=0.5342, reg=0.0000, time=34.07s.
-- 592/592 [100.0%], loss=0.4905, dgw=0.4905, reg=0.0000, time=26.74s.
fit: Epoch 8/15, loss = 0.5150, best loss = 0.1379
results/ENZYMES_Our_Spectral_usl_tsne_fit_8.pdf
-- 25/592 [4.2%], loss=0.5067, dgw=0.5067, reg=0.0000, time=41.35s.
-- 50/592 [8.4%], loss=0.5286, dgw=0.5286, reg=0.0000, time=29.39s.
-- 75/592 [12.7%], loss=0.5115, dgw=0.5115, reg=0.0000, time=37.28s.
-- 100/592 [16.9%], loss=0.5315, dgw=0.5315, reg=0.0000, time=42.42s.
-- 125/592 [21.1%], loss=0.5186, dgw=0.5186, reg=0.0000, time=27.78s.
-- 150/592 [25.3%], loss=0.4749, dgw=0.4749, reg=0.0000, time=39.86s.
-- 175/592 [29.6%], loss=0.5001, dgw=0.5001, reg=0.0000, time=55.19s.
-- 200/592 [33.8%], loss=0.4755, dgw=0.4755, reg=0.0000, time=46.91s.
-- 225/592 [38.0%], loss=0.4489, dgw=0.4489, reg=0.0000, time=43.29s.
-- 250/592 [42.2%], loss=0.4291, dgw=0.4291, reg=0.0000, time=46.61s.
-- 275/592 [46.5%], loss=0.3733, dgw=0.3733, reg=0.0000, time=52.07s.
-- 300/592 [50.7%], loss=0.3987, dgw=0.3987, reg=0.0000, time=49.10s.
-- 325/592 [54.9%], loss=0.3630, dgw=0.3630, reg=0.0000, time=35.94s.
-- 350/592 [59.1%], loss=0.3579, dgw=0.3579, reg=0.0000, time=31.88s.
-- 375/592 [63.3%], loss=0.3495, dgw=0.3495, reg=0.0000, time=27.83s.
-- 400/592 [67.6%], loss=0.3558, dgw=0.3558, reg=0.0000, time=43.81s.
-- 425/592 [71.8%], loss=0.3155, dgw=0.3155, reg=0.0000, time=40.44s.
-- 450/592 [76.0%], loss=0.3125, dgw=0.3125, reg=0.0000, time=22.07s.
-- 475/592 [80.2%], loss=0.3097, dgw=0.3097, reg=0.0000, time=28.40s.
-- 500/592 [84.5%], loss=0.2889, dgw=0.2889, reg=0.0000, time=31.99s.
-- 525/592 [88.7%], loss=0.3074, dgw=0.3074, reg=0.0000, time=35.54s.
-- 550/592 [92.9%], loss=0.3044, dgw=0.3044, reg=0.0000, time=28.18s.
-- 575/592 [97.1%], loss=0.3035, dgw=0.3035, reg=0.0000, time=34.32s.
-- 592/592 [100.0%], loss=0.2870, dgw=0.2870, reg=0.0000, time=34.99s.
fit: Epoch 9/15, loss = 0.3995, best loss = 0.1379
results/ENZYMES_Our_Spectral_usl_tsne_fit_9.pdf
-- 25/592 [4.2%], loss=0.2989, dgw=0.2989, reg=0.0000, time=38.01s.
-- 50/592 [8.4%], loss=0.3109, dgw=0.3109, reg=0.0000, time=39.18s.
-- 75/592 [12.7%], loss=0.2741, dgw=0.2741, reg=0.0000, time=27.51s.
-- 100/592 [16.9%], loss=0.2963, dgw=0.2963, reg=0.0000, time=23.47s.
-- 125/592 [21.1%], loss=0.2768, dgw=0.2768, reg=0.0000, time=34.99s.
-- 150/592 [25.3%], loss=0.2796, dgw=0.2796, reg=0.0000, time=23.75s.
-- 175/592 [29.6%], loss=0.2807, dgw=0.2807, reg=0.0000, time=27.88s.
-- 200/592 [33.8%], loss=0.2674, dgw=0.2674, reg=0.0000, time=41.10s.
-- 225/592 [38.0%], loss=0.2775, dgw=0.2775, reg=0.0000, time=25.66s.
-- 250/592 [42.2%], loss=0.2626, dgw=0.2626, reg=0.0000, time=29.28s.
-- 275/592 [46.5%], loss=0.2854, dgw=0.2854, reg=0.0000, time=25.52s.
-- 300/592 [50.7%], loss=0.2666, dgw=0.2666, reg=0.0000, time=32.64s.
-- 325/592 [54.9%], loss=0.2918, dgw=0.2918, reg=0.0000, time=30.36s.
-- 350/592 [59.1%], loss=0.2866, dgw=0.2866, reg=0.0000, time=32.74s.
-- 375/592 [63.3%], loss=0.2717, dgw=0.2717, reg=0.0000, time=34.59s.
-- 400/592 [67.6%], loss=0.2668, dgw=0.2668, reg=0.0000, time=42.04s.
-- 425/592 [71.8%], loss=0.2809, dgw=0.2809, reg=0.0000, time=27.86s.
-- 450/592 [76.0%], loss=0.2829, dgw=0.2829, reg=0.0000, time=28.69s.
-- 475/592 [80.2%], loss=0.2494, dgw=0.2494, reg=0.0000, time=25.76s.
-- 500/592 [84.5%], loss=0.2690, dgw=0.2690, reg=0.0000, time=33.06s.
-- 525/592 [88.7%], loss=0.2380, dgw=0.2380, reg=0.0000, time=24.70s.
-- 550/592 [92.9%], loss=0.2348, dgw=0.2348, reg=0.0000, time=26.48s.
-- 575/592 [97.1%], loss=0.2925, dgw=0.2925, reg=0.0000, time=30.95s.
-- 592/592 [100.0%], loss=0.2356, dgw=0.2356, reg=0.0000, time=23.99s.
fit: Epoch 10/15, loss = 0.2745, best loss = 0.1379
results/ENZYMES_Our_Spectral_usl_tsne_fit_10.pdf
-- 25/592 [4.2%], loss=0.2828, dgw=0.2828, reg=0.0000, time=24.75s.
-- 50/592 [8.4%], loss=0.2804, dgw=0.2804, reg=0.0000, time=28.90s.
-- 75/592 [12.7%], loss=0.2483, dgw=0.2483, reg=0.0000, time=37.37s.
-- 100/592 [16.9%], loss=0.2356, dgw=0.2356, reg=0.0000, time=30.48s.
-- 125/592 [21.1%], loss=0.2263, dgw=0.2263, reg=0.0000, time=29.46s.
-- 150/592 [25.3%], loss=0.2705, dgw=0.2705, reg=0.0000, time=28.38s.
-- 175/592 [29.6%], loss=0.2419, dgw=0.2419, reg=0.0000, time=32.22s.
-- 200/592 [33.8%], loss=0.2544, dgw=0.2544, reg=0.0000, time=42.19s.
-- 225/592 [38.0%], loss=0.2470, dgw=0.2470, reg=0.0000, time=26.51s.
-- 250/592 [42.2%], loss=0.2699, dgw=0.2699, reg=0.0000, time=29.25s.
-- 275/592 [46.5%], loss=0.2836, dgw=0.2836, reg=0.0000, time=34.39s.
-- 300/592 [50.7%], loss=0.2519, dgw=0.2519, reg=0.0000, time=28.61s.
-- 325/592 [54.9%], loss=0.2497, dgw=0.2497, reg=0.0000, time=28.04s.
-- 350/592 [59.1%], loss=0.2126, dgw=0.2126, reg=0.0000, time=27.48s.
-- 375/592 [63.3%], loss=0.1993, dgw=0.1993, reg=0.0000, time=24.59s.
-- 400/592 [67.6%], loss=0.2233, dgw=0.2233, reg=0.0000, time=22.40s.
-- 425/592 [71.8%], loss=0.1977, dgw=0.1977, reg=0.0000, time=27.85s.
-- 450/592 [76.0%], loss=0.1952, dgw=0.1952, reg=0.0000, time=29.38s.
-- 475/592 [80.2%], loss=0.1818, dgw=0.1818, reg=0.0000, time=28.73s.
-- 500/592 [84.5%], loss=0.1991, dgw=0.1991, reg=0.0000, time=24.75s.
-- 525/592 [88.7%], loss=0.2179, dgw=0.2179, reg=0.0000, time=28.43s.
-- 550/592 [92.9%], loss=0.2070, dgw=0.2070, reg=0.0000, time=29.34s.
-- 575/592 [97.1%], loss=0.2076, dgw=0.2076, reg=0.0000, time=29.21s.
-- 592/592 [100.0%], loss=0.1803, dgw=0.1803, reg=0.0000, time=16.95s.
fit: Epoch 11/15, loss = 0.2325, best loss = 0.1379
results/ENZYMES_Our_Spectral_usl_tsne_fit_11.pdf
-- 25/592 [4.2%], loss=0.2113, dgw=0.2113, reg=0.0000, time=29.42s.
-- 50/592 [8.4%], loss=0.2103, dgw=0.2103, reg=0.0000, time=25.94s.
-- 75/592 [12.7%], loss=0.2132, dgw=0.2132, reg=0.0000, time=31.23s.
-- 100/592 [16.9%], loss=0.1915, dgw=0.1915, reg=0.0000, time=27.07s.
-- 125/592 [21.1%], loss=0.1735, dgw=0.1735, reg=0.0000, time=29.86s.
-- 150/592 [25.3%], loss=0.1947, dgw=0.1947, reg=0.0000, time=28.35s.
-- 175/592 [29.6%], loss=0.2179, dgw=0.2179, reg=0.0000, time=35.97s.
-- 200/592 [33.8%], loss=0.1749, dgw=0.1749, reg=0.0000, time=31.63s.
-- 225/592 [38.0%], loss=0.1992, dgw=0.1992, reg=0.0000, time=21.82s.
-- 250/592 [42.2%], loss=0.2141, dgw=0.2141, reg=0.0000, time=29.00s.
-- 275/592 [46.5%], loss=0.2177, dgw=0.2177, reg=0.0000, time=34.07s.
-- 300/592 [50.7%], loss=0.1798, dgw=0.1798, reg=0.0000, time=40.40s.
-- 325/592 [54.9%], loss=0.1982, dgw=0.1982, reg=0.0000, time=25.97s.
-- 350/592 [59.1%], loss=0.1735, dgw=0.1735, reg=0.0000, time=26.70s.
-- 375/592 [63.3%], loss=0.2040, dgw=0.2040, reg=0.0000, time=27.65s.
-- 400/592 [67.6%], loss=0.2217, dgw=0.2217, reg=0.0000, time=22.39s.
-- 425/592 [71.8%], loss=0.1838, dgw=0.1838, reg=0.0000, time=22.17s.
-- 450/592 [76.0%], loss=0.2107, dgw=0.2107, reg=0.0000, time=24.77s.
-- 475/592 [80.2%], loss=0.2073, dgw=0.2073, reg=0.0000, time=23.25s.
-- 500/592 [84.5%], loss=0.1671, dgw=0.1671, reg=0.0000, time=28.05s.
-- 525/592 [88.7%], loss=0.1845, dgw=0.1845, reg=0.0000, time=25.69s.
-- 550/592 [92.9%], loss=0.2140, dgw=0.2140, reg=0.0000, time=36.39s.
-- 575/592 [97.1%], loss=0.1987, dgw=0.1987, reg=0.0000, time=29.74s.
-- 592/592 [100.0%], loss=0.1865, dgw=0.1865, reg=0.0000, time=15.94s.
fit: Epoch 12/15, loss = 0.1980, best loss = 0.1379
results/ENZYMES_Our_Spectral_usl_tsne_fit_12.pdf
-- 25/592 [4.2%], loss=0.1806, dgw=0.1806, reg=0.0000, time=25.81s.
-- 50/592 [8.4%], loss=0.1652, dgw=0.1652, reg=0.0000, time=28.84s.
-- 75/592 [12.7%], loss=0.2016, dgw=0.2016, reg=0.0000, time=30.60s.
-- 100/592 [16.9%], loss=0.1761, dgw=0.1761, reg=0.0000, time=34.02s.
-- 125/592 [21.1%], loss=0.2006, dgw=0.2006, reg=0.0000, time=30.10s.
-- 150/592 [25.3%], loss=0.2267, dgw=0.2267, reg=0.0000, time=30.79s.
-- 175/592 [29.6%], loss=0.2177, dgw=0.2177, reg=0.0000, time=29.49s.
-- 200/592 [33.8%], loss=0.2089, dgw=0.2089, reg=0.0000, time=19.88s.
-- 225/592 [38.0%], loss=0.2363, dgw=0.2363, reg=0.0000, time=28.13s.
-- 250/592 [42.2%], loss=0.2717, dgw=0.2717, reg=0.0000, time=28.00s.
-- 275/592 [46.5%], loss=0.2335, dgw=0.2335, reg=0.0000, time=36.51s.
-- 300/592 [50.7%], loss=0.2257, dgw=0.2257, reg=0.0000, time=28.02s.
-- 325/592 [54.9%], loss=0.2143, dgw=0.2143, reg=0.0000, time=25.17s.
-- 350/592 [59.1%], loss=0.2599, dgw=0.2599, reg=0.0000, time=25.96s.
-- 375/592 [63.3%], loss=0.2490, dgw=0.2490, reg=0.0000, time=23.88s.
-- 400/592 [67.6%], loss=0.2510, dgw=0.2510, reg=0.0000, time=27.55s.
-- 425/592 [71.8%], loss=0.2913, dgw=0.2913, reg=0.0000, time=29.01s.
-- 450/592 [76.0%], loss=0.2437, dgw=0.2437, reg=0.0000, time=25.39s.
-- 475/592 [80.2%], loss=0.2566, dgw=0.2566, reg=0.0000, time=18.26s.
-- 500/592 [84.5%], loss=0.2658, dgw=0.2658, reg=0.0000, time=22.95s.
-- 525/592 [88.7%], loss=0.2560, dgw=0.2560, reg=0.0000, time=21.42s.
-- 550/592 [92.9%], loss=0.2918, dgw=0.2918, reg=0.0000, time=25.73s.
-- 575/592 [97.1%], loss=0.2693, dgw=0.2693, reg=0.0000, time=32.11s.
-- 592/592 [100.0%], loss=0.2549, dgw=0.2549, reg=0.0000, time=21.39s.
fit: Epoch 13/15, loss = 0.2351, best loss = 0.1379
results/ENZYMES_Our_Spectral_usl_tsne_fit_13.pdf
-- 25/592 [4.2%], loss=0.2664, dgw=0.2664, reg=0.0000, time=26.16s.
-- 50/592 [8.4%], loss=0.3074, dgw=0.3074, reg=0.0000, time=30.20s.
-- 75/592 [12.7%], loss=0.2904, dgw=0.2904, reg=0.0000, time=24.64s.
-- 100/592 [16.9%], loss=0.2940, dgw=0.2940, reg=0.0000, time=29.26s.
-- 125/592 [21.1%], loss=0.2923, dgw=0.2923, reg=0.0000, time=35.64s.
-- 150/592 [25.3%], loss=0.3127, dgw=0.3127, reg=0.0000, time=37.06s.
-- 175/592 [29.6%], loss=0.2996, dgw=0.2996, reg=0.0000, time=22.64s.
-- 200/592 [33.8%], loss=0.3013, dgw=0.3013, reg=0.0000, time=30.92s.
-- 225/592 [38.0%], loss=0.2710, dgw=0.2710, reg=0.0000, time=34.42s.
-- 250/592 [42.2%], loss=0.3115, dgw=0.3115, reg=0.0000, time=33.49s.
-- 275/592 [46.5%], loss=0.2996, dgw=0.2996, reg=0.0000, time=33.19s.
-- 300/592 [50.7%], loss=0.2921, dgw=0.2921, reg=0.0000, time=28.67s.
-- 325/592 [54.9%], loss=0.3019, dgw=0.3019, reg=0.0000, time=23.08s.
-- 350/592 [59.1%], loss=0.2808, dgw=0.2808, reg=0.0000, time=28.32s.
-- 375/592 [63.3%], loss=0.3388, dgw=0.3388, reg=0.0000, time=31.09s.
-- 400/592 [67.6%], loss=0.3571, dgw=0.3571, reg=0.0000, time=43.40s.
-- 425/592 [71.8%], loss=0.3160, dgw=0.3160, reg=0.0000, time=29.74s.
-- 450/592 [76.0%], loss=0.2957, dgw=0.2957, reg=0.0000, time=20.38s.
-- 475/592 [80.2%], loss=0.3118, dgw=0.3118, reg=0.0000, time=29.05s.
-- 500/592 [84.5%], loss=0.3083, dgw=0.3083, reg=0.0000, time=27.17s.
-- 525/592 [88.7%], loss=0.3511, dgw=0.3511, reg=0.0000, time=27.65s.
-- 550/592 [92.9%], loss=0.3366, dgw=0.3366, reg=0.0000, time=26.25s.
-- 575/592 [97.1%], loss=0.2960, dgw=0.2960, reg=0.0000, time=27.91s.
-- 592/592 [100.0%], loss=0.2911, dgw=0.2911, reg=0.0000, time=20.57s.
fit: Epoch 14/15, loss = 0.3053, best loss = 0.1379
results/ENZYMES_Our_Spectral_usl_tsne_fit_14.pdf
-- 25/592 [4.2%], loss=0.3202, dgw=0.3202, reg=0.0000, time=24.33s.
-- 50/592 [8.4%], loss=0.3259, dgw=0.3259, reg=0.0000, time=21.26s.
-- 75/592 [12.7%], loss=0.3058, dgw=0.3058, reg=0.0000, time=19.36s.
-- 100/592 [16.9%], loss=0.3038, dgw=0.3038, reg=0.0000, time=20.00s.
-- 125/592 [21.1%], loss=0.3188, dgw=0.3188, reg=0.0000, time=22.92s.
-- 150/592 [25.3%], loss=0.3342, dgw=0.3342, reg=0.0000, time=27.76s.
-- 175/592 [29.6%], loss=0.3391, dgw=0.3391, reg=0.0000, time=31.56s.
-- 200/592 [33.8%], loss=0.3410, dgw=0.3410, reg=0.0000, time=25.27s.
-- 225/592 [38.0%], loss=0.3511, dgw=0.3511, reg=0.0000, time=24.83s.
-- 250/592 [42.2%], loss=0.3355, dgw=0.3355, reg=0.0000, time=28.81s.
-- 275/592 [46.5%], loss=0.3820, dgw=0.3820, reg=0.0000, time=23.40s.
-- 300/592 [50.7%], loss=0.3844, dgw=0.3844, reg=0.0000, time=28.35s.
-- 325/592 [54.9%], loss=0.3370, dgw=0.3370, reg=0.0000, time=26.41s.
-- 350/592 [59.1%], loss=0.3535, dgw=0.3535, reg=0.0000, time=23.20s.
-- 375/592 [63.3%], loss=0.3490, dgw=0.3490, reg=0.0000, time=30.50s.
-- 400/592 [67.6%], loss=0.3900, dgw=0.3900, reg=0.0000, time=21.30s.
-- 425/592 [71.8%], loss=0.3378, dgw=0.3378, reg=0.0000, time=27.50s.
-- 450/592 [76.0%], loss=0.3443, dgw=0.3443, reg=0.0000, time=22.69s.
-- 475/592 [80.2%], loss=0.3612, dgw=0.3612, reg=0.0000, time=20.84s.
-- 500/592 [84.5%], loss=0.3464, dgw=0.3464, reg=0.0000, time=25.32s.
-- 525/592 [88.7%], loss=0.3578, dgw=0.3578, reg=0.0000, time=22.21s.
-- 550/592 [92.9%], loss=0.3221, dgw=0.3221, reg=0.0000, time=25.81s.
-- 575/592 [97.1%], loss=0.3721, dgw=0.3721, reg=0.0000, time=30.43s.
-- 592/592 [100.0%], loss=0.3654, dgw=0.3654, reg=0.0000, time=20.04s.
fit: Epoch 15/15, loss = 0.3447, best loss = 0.1379
results/ENZYMES_Our_Spectral_usl_tsne_fit_15.pdf
Rand Score: 0.7226299903964879
Done!
