MORE THAN 2 CLASSES!
-- 25/592 [4.2%], loss=0.2184, dgw=0.2184, reg=0.0000, time=50.38s.
-- 50/592 [8.4%], loss=0.2309, dgw=0.2309, reg=0.0000, time=53.61s.
-- 75/592 [12.7%], loss=0.2152, dgw=0.2152, reg=0.0000, time=49.85s.
-- 100/592 [16.9%], loss=0.2197, dgw=0.2197, reg=0.0000, time=38.81s.
-- 125/592 [21.1%], loss=0.2235, dgw=0.2235, reg=0.0000, time=53.66s.
-- 150/592 [25.3%], loss=0.2213, dgw=0.2213, reg=0.0000, time=58.22s.
-- 175/592 [29.6%], loss=0.2176, dgw=0.2176, reg=0.0000, time=59.38s.
-- 200/592 [33.8%], loss=0.2139, dgw=0.2139, reg=0.0000, time=58.66s.
-- 225/592 [38.0%], loss=0.2233, dgw=0.2233, reg=0.0000, time=68.83s.
-- 250/592 [42.2%], loss=0.2090, dgw=0.2090, reg=0.0000, time=57.23s.
-- 275/592 [46.5%], loss=0.2058, dgw=0.2058, reg=0.0000, time=41.77s.
-- 300/592 [50.7%], loss=0.2121, dgw=0.2121, reg=0.0000, time=45.87s.
-- 325/592 [54.9%], loss=0.2050, dgw=0.2050, reg=0.0000, time=71.72s.
-- 350/592 [59.1%], loss=0.2011, dgw=0.2011, reg=0.0000, time=52.89s.
-- 375/592 [63.3%], loss=0.2026, dgw=0.2026, reg=0.0000, time=54.97s.
-- 400/592 [67.6%], loss=0.2034, dgw=0.2034, reg=0.0000, time=73.38s.
-- 425/592 [71.8%], loss=0.1945, dgw=0.1945, reg=0.0000, time=55.51s.
-- 450/592 [76.0%], loss=0.1942, dgw=0.1942, reg=0.0000, time=44.82s.
-- 475/592 [80.2%], loss=0.1968, dgw=0.1968, reg=0.0000, time=48.70s.
-- 500/592 [84.5%], loss=0.1896, dgw=0.1896, reg=0.0000, time=71.09s.
-- 525/592 [88.7%], loss=0.1959, dgw=0.1959, reg=0.0000, time=69.51s.
-- 550/592 [92.9%], loss=0.1907, dgw=0.1907, reg=0.0000, time=59.92s.
-- 575/592 [97.1%], loss=0.1866, dgw=0.1866, reg=0.0000, time=60.32s.
-- 592/592 [100.0%], loss=0.1781, dgw=0.1781, reg=0.0000, time=41.01s.
fit: Epoch 1/15, loss = 0.2066, best loss = 0.2066
results/ENZYMES_Our_Spectral_usl_tsne_fit_1.pdf
-- 25/592 [4.2%], loss=0.1880, dgw=0.1880, reg=0.0000, time=58.82s.
-- 50/592 [8.4%], loss=0.1846, dgw=0.1846, reg=0.0000, time=63.87s.
-- 75/592 [12.7%], loss=0.1880, dgw=0.1880, reg=0.0000, time=52.09s.
-- 100/592 [16.9%], loss=0.1697, dgw=0.1697, reg=0.0000, time=55.41s.
-- 125/592 [21.1%], loss=0.1838, dgw=0.1838, reg=0.0000, time=66.91s.
-- 150/592 [25.3%], loss=0.1787, dgw=0.1787, reg=0.0000, time=68.55s.
-- 175/592 [29.6%], loss=0.1693, dgw=0.1693, reg=0.0000, time=69.46s.
-- 200/592 [33.8%], loss=0.1741, dgw=0.1741, reg=0.0000, time=67.30s.
-- 225/592 [38.0%], loss=0.1789, dgw=0.1789, reg=0.0000, time=69.31s.
-- 250/592 [42.2%], loss=0.1718, dgw=0.1718, reg=0.0000, time=47.13s.
-- 275/592 [46.5%], loss=0.1788, dgw=0.1788, reg=0.0000, time=52.66s.
-- 300/592 [50.7%], loss=0.1743, dgw=0.1743, reg=0.0000, time=56.29s.
-- 325/592 [54.9%], loss=0.1732, dgw=0.1732, reg=0.0000, time=61.60s.
-- 350/592 [59.1%], loss=0.1659, dgw=0.1659, reg=0.0000, time=41.17s.
-- 375/592 [63.3%], loss=0.1685, dgw=0.1685, reg=0.0000, time=63.59s.
-- 400/592 [67.6%], loss=0.1627, dgw=0.1627, reg=0.0000, time=77.08s.
-- 425/592 [71.8%], loss=0.1623, dgw=0.1623, reg=0.0000, time=49.82s.
-- 450/592 [76.0%], loss=0.1542, dgw=0.1542, reg=0.0000, time=52.42s.
-- 475/592 [80.2%], loss=0.1614, dgw=0.1614, reg=0.0000, time=47.21s.
-- 500/592 [84.5%], loss=0.1601, dgw=0.1601, reg=0.0000, time=46.90s.
-- 525/592 [88.7%], loss=0.1546, dgw=0.1546, reg=0.0000, time=51.18s.
-- 550/592 [92.9%], loss=0.1562, dgw=0.1562, reg=0.0000, time=60.29s.
-- 575/592 [97.1%], loss=0.1630, dgw=0.1630, reg=0.0000, time=44.22s.
-- 592/592 [100.0%], loss=0.1575, dgw=0.1575, reg=0.0000, time=39.75s.
fit: Epoch 2/15, loss = 0.1702, best loss = 0.1702
results/ENZYMES_Our_Spectral_usl_tsne_fit_2.pdf
-- 25/592 [4.2%], loss=0.1535, dgw=0.1535, reg=0.0000, time=58.18s.
-- 50/592 [8.4%], loss=0.1531, dgw=0.1531, reg=0.0000, time=54.21s.
-- 75/592 [12.7%], loss=0.1519, dgw=0.1519, reg=0.0000, time=53.94s.
-- 100/592 [16.9%], loss=0.1573, dgw=0.1573, reg=0.0000, time=43.59s.
-- 125/592 [21.1%], loss=0.1462, dgw=0.1462, reg=0.0000, time=49.32s.
-- 150/592 [25.3%], loss=0.1480, dgw=0.1480, reg=0.0000, time=57.00s.
-- 175/592 [29.6%], loss=0.1449, dgw=0.1449, reg=0.0000, time=57.67s.
-- 200/592 [33.8%], loss=0.1443, dgw=0.1443, reg=0.0000, time=47.54s.
-- 225/592 [38.0%], loss=0.1417, dgw=0.1417, reg=0.0000, time=37.91s.
-- 250/592 [42.2%], loss=0.1429, dgw=0.1429, reg=0.0000, time=55.77s.
-- 275/592 [46.5%], loss=0.1393, dgw=0.1393, reg=0.0000, time=60.97s.
-- 300/592 [50.7%], loss=0.1413, dgw=0.1413, reg=0.0000, time=57.72s.
-- 325/592 [54.9%], loss=0.1443, dgw=0.1443, reg=0.0000, time=39.46s.
-- 350/592 [59.1%], loss=0.1423, dgw=0.1423, reg=0.0000, time=47.71s.
-- 375/592 [63.3%], loss=0.1404, dgw=0.1404, reg=0.0000, time=58.64s.
-- 400/592 [67.6%], loss=0.1416, dgw=0.1416, reg=0.0000, time=45.64s.
-- 425/592 [71.8%], loss=0.1363, dgw=0.1363, reg=0.0000, time=52.72s.
-- 450/592 [76.0%], loss=0.1325, dgw=0.1325, reg=0.0000, time=56.84s.
-- 475/592 [80.2%], loss=0.1377, dgw=0.1377, reg=0.0000, time=37.85s.
-- 500/592 [84.5%], loss=0.1347, dgw=0.1347, reg=0.0000, time=57.59s.
-- 525/592 [88.7%], loss=0.1266, dgw=0.1266, reg=0.0000, time=61.62s.
-- 550/592 [92.9%], loss=0.1308, dgw=0.1308, reg=0.0000, time=72.29s.
-- 575/592 [97.1%], loss=0.1321, dgw=0.1321, reg=0.0000, time=64.25s.
-- 592/592 [100.0%], loss=0.1355, dgw=0.1355, reg=0.0000, time=43.12s.
fit: Epoch 3/15, loss = 0.1417, best loss = 0.1417
results/ENZYMES_Our_Spectral_usl_tsne_fit_3.pdf
-- 25/592 [4.2%], loss=0.1294, dgw=0.1294, reg=0.0000, time=57.88s.
-- 50/592 [8.4%], loss=0.1261, dgw=0.1261, reg=0.0000, time=56.30s.
-- 75/592 [12.7%], loss=0.1274, dgw=0.1274, reg=0.0000, time=55.74s.
-- 100/592 [16.9%], loss=0.1295, dgw=0.1295, reg=0.0000, time=54.82s.
-- 125/592 [21.1%], loss=0.1374, dgw=0.1374, reg=0.0000, time=61.96s.
-- 150/592 [25.3%], loss=0.1223, dgw=0.1223, reg=0.0000, time=64.66s.
-- 175/592 [29.6%], loss=0.1222, dgw=0.1222, reg=0.0000, time=66.89s.
-- 200/592 [33.8%], loss=0.1214, dgw=0.1214, reg=0.0000, time=39.18s.
-- 225/592 [38.0%], loss=0.1237, dgw=0.1237, reg=0.0000, time=59.79s.
-- 250/592 [42.2%], loss=0.1189, dgw=0.1189, reg=0.0000, time=51.27s.
-- 275/592 [46.5%], loss=0.1213, dgw=0.1213, reg=0.0000, time=44.47s.
-- 300/592 [50.7%], loss=0.1161, dgw=0.1161, reg=0.0000, time=45.67s.
-- 325/592 [54.9%], loss=0.1265, dgw=0.1265, reg=0.0000, time=61.27s.
-- 350/592 [59.1%], loss=0.1173, dgw=0.1173, reg=0.0000, time=59.94s.
-- 375/592 [63.3%], loss=0.1139, dgw=0.1139, reg=0.0000, time=35.01s.
-- 400/592 [67.6%], loss=0.1139, dgw=0.1139, reg=0.0000, time=42.55s.
-- 425/592 [71.8%], loss=0.1183, dgw=0.1183, reg=0.0000, time=57.65s.
-- 450/592 [76.0%], loss=0.1114, dgw=0.1114, reg=0.0000, time=38.98s.
-- 475/592 [80.2%], loss=0.1221, dgw=0.1221, reg=0.0000, time=37.66s.
-- 500/592 [84.5%], loss=0.1171, dgw=0.1171, reg=0.0000, time=35.10s.
-- 525/592 [88.7%], loss=0.1148, dgw=0.1148, reg=0.0000, time=53.41s.
-- 550/592 [92.9%], loss=0.1108, dgw=0.1108, reg=0.0000, time=66.34s.
-- 575/592 [97.1%], loss=0.1099, dgw=0.1099, reg=0.0000, time=62.65s.
-- 592/592 [100.0%], loss=0.1111, dgw=0.1111, reg=0.0000, time=27.54s.
fit: Epoch 4/15, loss = 0.1202, best loss = 0.1202
results/ENZYMES_Our_Spectral_usl_tsne_fit_4.pdf
-- 25/592 [4.2%], loss=0.1102, dgw=0.1102, reg=0.0000, time=42.83s.
-- 50/592 [8.4%], loss=0.1071, dgw=0.1071, reg=0.0000, time=47.02s.
-- 75/592 [12.7%], loss=0.1068, dgw=0.1068, reg=0.0000, time=54.63s.
-- 100/592 [16.9%], loss=0.1053, dgw=0.1053, reg=0.0000, time=55.43s.
-- 125/592 [21.1%], loss=0.1064, dgw=0.1064, reg=0.0000, time=54.46s.
-- 150/592 [25.3%], loss=0.1018, dgw=0.1018, reg=0.0000, time=46.75s.
-- 175/592 [29.6%], loss=0.1065, dgw=0.1065, reg=0.0000, time=59.26s.
-- 200/592 [33.8%], loss=0.1063, dgw=0.1063, reg=0.0000, time=51.15s.
-- 225/592 [38.0%], loss=0.1084, dgw=0.1084, reg=0.0000, time=54.07s.
-- 250/592 [42.2%], loss=0.1176, dgw=0.1176, reg=0.0000, time=47.52s.
-- 275/592 [46.5%], loss=0.0995, dgw=0.0995, reg=0.0000, time=52.70s.
-- 300/592 [50.7%], loss=0.0993, dgw=0.0993, reg=0.0000, time=51.50s.
-- 325/592 [54.9%], loss=0.1032, dgw=0.1032, reg=0.0000, time=57.96s.
-- 350/592 [59.1%], loss=0.1079, dgw=0.1079, reg=0.0000, time=67.00s.
-- 375/592 [63.3%], loss=0.1051, dgw=0.1051, reg=0.0000, time=68.79s.
-- 400/592 [67.6%], loss=0.1047, dgw=0.1047, reg=0.0000, time=62.01s.
-- 425/592 [71.8%], loss=0.1116, dgw=0.1116, reg=0.0000, time=49.54s.
-- 450/592 [76.0%], loss=0.1128, dgw=0.1128, reg=0.0000, time=42.02s.
-- 475/592 [80.2%], loss=0.1089, dgw=0.1089, reg=0.0000, time=49.88s.
-- 500/592 [84.5%], loss=0.1007, dgw=0.1007, reg=0.0000, time=62.86s.
-- 525/592 [88.7%], loss=0.1082, dgw=0.1082, reg=0.0000, time=45.81s.
-- 550/592 [92.9%], loss=0.1209, dgw=0.1209, reg=0.0000, time=43.71s.
-- 575/592 [97.1%], loss=0.1231, dgw=0.1231, reg=0.0000, time=60.68s.
-- 592/592 [100.0%], loss=0.1458, dgw=0.1458, reg=0.0000, time=44.13s.
fit: Epoch 5/15, loss = 0.1090, best loss = 0.1090
results/ENZYMES_Our_Spectral_usl_tsne_fit_5.pdf
-- 25/592 [4.2%], loss=0.1673, dgw=0.1673, reg=0.0000, time=47.66s.
-- 50/592 [8.4%], loss=0.1968, dgw=0.1968, reg=0.0000, time=53.00s.
-- 75/592 [12.7%], loss=0.2192, dgw=0.2192, reg=0.0000, time=44.79s.
-- 100/592 [16.9%], loss=0.2398, dgw=0.2398, reg=0.0000, time=42.73s.
-- 125/592 [21.1%], loss=0.2707, dgw=0.2707, reg=0.0000, time=47.63s.
-- 150/592 [25.3%], loss=0.3000, dgw=0.3000, reg=0.0000, time=40.14s.
-- 175/592 [29.6%], loss=0.2966, dgw=0.2966, reg=0.0000, time=55.91s.
-- 200/592 [33.8%], loss=0.2890, dgw=0.2890, reg=0.0000, time=50.36s.
-- 225/592 [38.0%], loss=0.3891, dgw=0.3891, reg=0.0000, time=58.35s.
-- 250/592 [42.2%], loss=0.4200, dgw=0.4200, reg=0.0000, time=42.69s.
-- 275/592 [46.5%], loss=0.3764, dgw=0.3764, reg=0.0000, time=46.28s.
-- 300/592 [50.7%], loss=0.4082, dgw=0.4082, reg=0.0000, time=40.88s.
-- 325/592 [54.9%], loss=0.3829, dgw=0.3829, reg=0.0000, time=44.40s.
-- 350/592 [59.1%], loss=0.3228, dgw=0.3228, reg=0.0000, time=40.94s.
-- 375/592 [63.3%], loss=0.3579, dgw=0.3579, reg=0.0000, time=58.94s.
-- 400/592 [67.6%], loss=0.3148, dgw=0.3148, reg=0.0000, time=35.76s.
-- 425/592 [71.8%], loss=0.2947, dgw=0.2947, reg=0.0000, time=36.20s.
-- 450/592 [76.0%], loss=0.2894, dgw=0.2894, reg=0.0000, time=40.08s.
-- 475/592 [80.2%], loss=0.3064, dgw=0.3064, reg=0.0000, time=53.54s.
-- 500/592 [84.5%], loss=0.3008, dgw=0.3008, reg=0.0000, time=52.03s.
-- 525/592 [88.7%], loss=0.2864, dgw=0.2864, reg=0.0000, time=42.00s.
-- 550/592 [92.9%], loss=0.2705, dgw=0.2705, reg=0.0000, time=43.70s.
-- 575/592 [97.1%], loss=0.2735, dgw=0.2735, reg=0.0000, time=56.83s.
-- 592/592 [100.0%], loss=0.2953, dgw=0.2953, reg=0.0000, time=31.74s.
fit: Epoch 6/15, loss = 0.3030, best loss = 0.1090
results/ENZYMES_Our_Spectral_usl_tsne_fit_6.pdf
-- 25/592 [4.2%], loss=0.2620, dgw=0.2620, reg=0.0000, time=42.53s.
-- 50/592 [8.4%], loss=0.2832, dgw=0.2832, reg=0.0000, time=33.42s.
-- 75/592 [12.7%], loss=0.2785, dgw=0.2785, reg=0.0000, time=38.31s.
-- 100/592 [16.9%], loss=0.2866, dgw=0.2866, reg=0.0000, time=33.74s.
-- 125/592 [21.1%], loss=0.2656, dgw=0.2656, reg=0.0000, time=44.31s.
-- 150/592 [25.3%], loss=0.2559, dgw=0.2559, reg=0.0000, time=39.24s.
-- 175/592 [29.6%], loss=0.2487, dgw=0.2487, reg=0.0000, time=39.83s.
-- 200/592 [33.8%], loss=0.2506, dgw=0.2506, reg=0.0000, time=49.18s.
-- 225/592 [38.0%], loss=0.2331, dgw=0.2331, reg=0.0000, time=30.58s.
-- 250/592 [42.2%], loss=0.2428, dgw=0.2428, reg=0.0000, time=33.22s.
-- 275/592 [46.5%], loss=0.2460, dgw=0.2460, reg=0.0000, time=37.30s.
-- 300/592 [50.7%], loss=0.2096, dgw=0.2096, reg=0.0000, time=54.90s.
-- 325/592 [54.9%], loss=0.2328, dgw=0.2328, reg=0.0000, time=36.11s.
-- 350/592 [59.1%], loss=0.2573, dgw=0.2573, reg=0.0000, time=40.45s.
-- 375/592 [63.3%], loss=0.2411, dgw=0.2411, reg=0.0000, time=41.33s.
-- 400/592 [67.6%], loss=0.2130, dgw=0.2130, reg=0.0000, time=45.17s.
-- 425/592 [71.8%], loss=0.2319, dgw=0.2319, reg=0.0000, time=37.41s.
-- 450/592 [76.0%], loss=0.2362, dgw=0.2362, reg=0.0000, time=46.54s.
-- 475/592 [80.2%], loss=0.2372, dgw=0.2372, reg=0.0000, time=44.56s.
-- 500/592 [84.5%], loss=0.2237, dgw=0.2237, reg=0.0000, time=29.52s.
-- 525/592 [88.7%], loss=0.2226, dgw=0.2226, reg=0.0000, time=37.76s.
-- 550/592 [92.9%], loss=0.2228, dgw=0.2228, reg=0.0000, time=45.11s.
-- 575/592 [97.1%], loss=0.2522, dgw=0.2522, reg=0.0000, time=40.29s.
-- 592/592 [100.0%], loss=0.2640, dgw=0.2640, reg=0.0000, time=32.46s.
fit: Epoch 7/15, loss = 0.2455, best loss = 0.1090
results/ENZYMES_Our_Spectral_usl_tsne_fit_7.pdf
-- 25/592 [4.2%], loss=0.2405, dgw=0.2405, reg=0.0000, time=37.83s.
-- 50/592 [8.4%], loss=0.2392, dgw=0.2392, reg=0.0000, time=42.71s.
-- 75/592 [12.7%], loss=0.2542, dgw=0.2542, reg=0.0000, time=35.41s.
-- 100/592 [16.9%], loss=0.2284, dgw=0.2284, reg=0.0000, time=47.31s.
-- 125/592 [21.1%], loss=0.2414, dgw=0.2414, reg=0.0000, time=44.51s.
-- 150/592 [25.3%], loss=0.2318, dgw=0.2318, reg=0.0000, time=37.56s.
-- 175/592 [29.6%], loss=0.2197, dgw=0.2197, reg=0.0000, time=31.48s.
-- 200/592 [33.8%], loss=0.2439, dgw=0.2439, reg=0.0000, time=46.63s.
-- 225/592 [38.0%], loss=0.2501, dgw=0.2501, reg=0.0000, time=40.64s.
-- 250/592 [42.2%], loss=0.2531, dgw=0.2531, reg=0.0000, time=50.91s.
-- 275/592 [46.5%], loss=0.2542, dgw=0.2542, reg=0.0000, time=33.77s.
-- 300/592 [50.7%], loss=0.2505, dgw=0.2505, reg=0.0000, time=33.26s.
-- 325/592 [54.9%], loss=0.2937, dgw=0.2937, reg=0.0000, time=35.55s.
-- 350/592 [59.1%], loss=0.2640, dgw=0.2640, reg=0.0000, time=34.37s.
-- 375/592 [63.3%], loss=0.2629, dgw=0.2629, reg=0.0000, time=38.80s.
-- 400/592 [67.6%], loss=0.2883, dgw=0.2883, reg=0.0000, time=38.34s.
-- 425/592 [71.8%], loss=0.2905, dgw=0.2905, reg=0.0000, time=36.03s.
-- 450/592 [76.0%], loss=0.2660, dgw=0.2660, reg=0.0000, time=44.86s.
-- 475/592 [80.2%], loss=0.2748, dgw=0.2748, reg=0.0000, time=34.54s.
-- 500/592 [84.5%], loss=0.2821, dgw=0.2821, reg=0.0000, time=40.90s.
-- 525/592 [88.7%], loss=0.3192, dgw=0.3192, reg=0.0000, time=54.26s.
-- 550/592 [92.9%], loss=0.3095, dgw=0.3095, reg=0.0000, time=44.62s.
-- 575/592 [97.1%], loss=0.2758, dgw=0.2758, reg=0.0000, time=44.92s.
-- 592/592 [100.0%], loss=0.3179, dgw=0.3179, reg=0.0000, time=33.33s.
fit: Epoch 8/15, loss = 0.2639, best loss = 0.1090
results/ENZYMES_Our_Spectral_usl_tsne_fit_8.pdf
-- 25/592 [4.2%], loss=0.3063, dgw=0.3063, reg=0.0000, time=32.88s.
-- 50/592 [8.4%], loss=0.3557, dgw=0.3557, reg=0.0000, time=33.87s.
-- 75/592 [12.7%], loss=0.3363, dgw=0.3363, reg=0.0000, time=25.41s.
-- 100/592 [16.9%], loss=0.3261, dgw=0.3261, reg=0.0000, time=32.92s.
-- 125/592 [21.1%], loss=0.3306, dgw=0.3306, reg=0.0000, time=26.77s.
-- 150/592 [25.3%], loss=0.3202, dgw=0.3202, reg=0.0000, time=37.04s.
-- 175/592 [29.6%], loss=0.3652, dgw=0.3652, reg=0.0000, time=47.47s.
-- 200/592 [33.8%], loss=0.3479, dgw=0.3479, reg=0.0000, time=30.37s.
-- 225/592 [38.0%], loss=0.3909, dgw=0.3909, reg=0.0000, time=40.56s.
-- 250/592 [42.2%], loss=0.3389, dgw=0.3389, reg=0.0000, time=41.51s.
-- 275/592 [46.5%], loss=0.3557, dgw=0.3557, reg=0.0000, time=40.07s.
-- 300/592 [50.7%], loss=0.3421, dgw=0.3421, reg=0.0000, time=36.10s.
-- 325/592 [54.9%], loss=0.3619, dgw=0.3619, reg=0.0000, time=54.28s.
-- 350/592 [59.1%], loss=0.4150, dgw=0.4150, reg=0.0000, time=31.76s.
-- 375/592 [63.3%], loss=0.3488, dgw=0.3488, reg=0.0000, time=18.85s.
-- 400/592 [67.6%], loss=0.3975, dgw=0.3975, reg=0.0000, time=27.87s.
-- 425/592 [71.8%], loss=0.3365, dgw=0.3365, reg=0.0000, time=46.24s.
-- 450/592 [76.0%], loss=0.3487, dgw=0.3487, reg=0.0000, time=24.98s.
-- 475/592 [80.2%], loss=0.3644, dgw=0.3644, reg=0.0000, time=28.03s.
-- 500/592 [84.5%], loss=0.3673, dgw=0.3673, reg=0.0000, time=31.34s.
-- 525/592 [88.7%], loss=0.3916, dgw=0.3916, reg=0.0000, time=27.55s.
-- 550/592 [92.9%], loss=0.3824, dgw=0.3824, reg=0.0000, time=28.99s.
-- 575/592 [97.1%], loss=0.3506, dgw=0.3506, reg=0.0000, time=39.31s.
-- 592/592 [100.0%], loss=0.3437, dgw=0.3437, reg=0.0000, time=17.88s.
fit: Epoch 9/15, loss = 0.3553, best loss = 0.1090
results/ENZYMES_Our_Spectral_usl_tsne_fit_9.pdf
-- 25/592 [4.2%], loss=0.3642, dgw=0.3642, reg=0.0000, time=26.73s.
-- 50/592 [8.4%], loss=0.3444, dgw=0.3444, reg=0.0000, time=39.04s.
-- 75/592 [12.7%], loss=0.3418, dgw=0.3418, reg=0.0000, time=25.23s.
-- 100/592 [16.9%], loss=0.4086, dgw=0.4086, reg=0.0000, time=32.06s.
-- 125/592 [21.1%], loss=0.3685, dgw=0.3685, reg=0.0000, time=30.18s.
-- 150/592 [25.3%], loss=0.3465, dgw=0.3465, reg=0.0000, time=38.72s.
-- 175/592 [29.6%], loss=0.3486, dgw=0.3486, reg=0.0000, time=30.14s.
-- 200/592 [33.8%], loss=0.3313, dgw=0.3313, reg=0.0000, time=28.56s.
-- 225/592 [38.0%], loss=0.3974, dgw=0.3974, reg=0.0000, time=36.21s.
-- 250/592 [42.2%], loss=0.3302, dgw=0.3302, reg=0.0000, time=23.77s.
-- 275/592 [46.5%], loss=0.3581, dgw=0.3581, reg=0.0000, time=26.30s.
-- 300/592 [50.7%], loss=0.3552, dgw=0.3552, reg=0.0000, time=36.26s.
-- 325/592 [54.9%], loss=0.3514, dgw=0.3514, reg=0.0000, time=33.05s.
-- 350/592 [59.1%], loss=0.4023, dgw=0.4023, reg=0.0000, time=37.08s.
-- 375/592 [63.3%], loss=0.3563, dgw=0.3563, reg=0.0000, time=34.94s.
-- 400/592 [67.6%], loss=0.4099, dgw=0.4099, reg=0.0000, time=24.37s.
-- 425/592 [71.8%], loss=0.3801, dgw=0.3801, reg=0.0000, time=34.51s.
-- 450/592 [76.0%], loss=0.3371, dgw=0.3371, reg=0.0000, time=28.72s.
-- 475/592 [80.2%], loss=0.3932, dgw=0.3932, reg=0.0000, time=29.87s.
-- 500/592 [84.5%], loss=0.3885, dgw=0.3885, reg=0.0000, time=33.32s.
-- 525/592 [88.7%], loss=0.4241, dgw=0.4241, reg=0.0000, time=36.39s.
-- 550/592 [92.9%], loss=0.3864, dgw=0.3864, reg=0.0000, time=41.19s.
-- 575/592 [97.1%], loss=0.4286, dgw=0.4286, reg=0.0000, time=28.21s.
-- 592/592 [100.0%], loss=0.4557, dgw=0.4557, reg=0.0000, time=17.22s.
fit: Epoch 10/15, loss = 0.3743, best loss = 0.1090
results/ENZYMES_Our_Spectral_usl_tsne_fit_10.pdf
-- 25/592 [4.2%], loss=0.5010, dgw=0.5010, reg=0.0000, time=25.02s.
-- 50/592 [8.4%], loss=0.5382, dgw=0.5382, reg=0.0000, time=35.62s.
-- 75/592 [12.7%], loss=0.4406, dgw=0.4406, reg=0.0000, time=17.31s.
-- 100/592 [16.9%], loss=0.4347, dgw=0.4347, reg=0.0000, time=28.88s.
-- 125/592 [21.1%], loss=0.5570, dgw=0.5570, reg=0.0000, time=28.42s.
-- 150/592 [25.3%], loss=0.5703, dgw=0.5703, reg=0.0000, time=22.78s.
-- 175/592 [29.6%], loss=0.5312, dgw=0.5312, reg=0.0000, time=22.96s.
-- 200/592 [33.8%], loss=0.5734, dgw=0.5734, reg=0.0000, time=29.82s.
-- 225/592 [38.0%], loss=0.5319, dgw=0.5319, reg=0.0000, time=36.15s.
-- 250/592 [42.2%], loss=0.5877, dgw=0.5877, reg=0.0000, time=25.47s.
-- 275/592 [46.5%], loss=0.5956, dgw=0.5956, reg=0.0000, time=24.40s.
-- 300/592 [50.7%], loss=0.5376, dgw=0.5376, reg=0.0000, time=38.64s.
-- 325/592 [54.9%], loss=0.6367, dgw=0.6367, reg=0.0000, time=24.95s.
-- 350/592 [59.1%], loss=0.6448, dgw=0.6448, reg=0.0000, time=37.08s.
-- 375/592 [63.3%], loss=0.7012, dgw=0.7012, reg=0.0000, time=27.47s.
-- 400/592 [67.6%], loss=0.6821, dgw=0.6821, reg=0.0000, time=18.96s.
-- 425/592 [71.8%], loss=0.6152, dgw=0.6152, reg=0.0000, time=29.15s.
-- 450/592 [76.0%], loss=0.6432, dgw=0.6432, reg=0.0000, time=38.80s.
-- 475/592 [80.2%], loss=0.7070, dgw=0.7070, reg=0.0000, time=27.76s.
-- 500/592 [84.5%], loss=0.6800, dgw=0.6800, reg=0.0000, time=30.26s.
-- 525/592 [88.7%], loss=0.6259, dgw=0.6259, reg=0.0000, time=30.39s.
-- 550/592 [92.9%], loss=0.6702, dgw=0.6702, reg=0.0000, time=28.39s.
-- 575/592 [97.1%], loss=0.6129, dgw=0.6129, reg=0.0000, time=21.87s.
-- 592/592 [100.0%], loss=0.6918, dgw=0.6918, reg=0.0000, time=19.61s.
fit: Epoch 11/15, loss = 0.5950, best loss = 0.1090
results/ENZYMES_Our_Spectral_usl_tsne_fit_11.pdf
-- 25/592 [4.2%], loss=0.6007, dgw=0.6007, reg=0.0000, time=43.22s.
-- 50/592 [8.4%], loss=0.6121, dgw=0.6121, reg=0.0000, time=20.15s.
-- 75/592 [12.7%], loss=0.6314, dgw=0.6314, reg=0.0000, time=21.10s.
-- 100/592 [16.9%], loss=0.6065, dgw=0.6065, reg=0.0000, time=17.87s.
-- 125/592 [21.1%], loss=0.6366, dgw=0.6366, reg=0.0000, time=24.09s.
-- 150/592 [25.3%], loss=0.6089, dgw=0.6089, reg=0.0000, time=26.24s.
-- 175/592 [29.6%], loss=0.6740, dgw=0.6740, reg=0.0000, time=30.93s.
-- 200/592 [33.8%], loss=0.5454, dgw=0.5454, reg=0.0000, time=26.86s.
-- 225/592 [38.0%], loss=0.6061, dgw=0.6061, reg=0.0000, time=27.13s.
-- 250/592 [42.2%], loss=0.5385, dgw=0.5385, reg=0.0000, time=30.74s.
-- 275/592 [46.5%], loss=0.6430, dgw=0.6430, reg=0.0000, time=35.97s.
-- 300/592 [50.7%], loss=0.6048, dgw=0.6048, reg=0.0000, time=36.35s.
-- 325/592 [54.9%], loss=0.6280, dgw=0.6280, reg=0.0000, time=22.91s.
-- 350/592 [59.1%], loss=0.6049, dgw=0.6049, reg=0.0000, time=37.17s.
-- 375/592 [63.3%], loss=0.6079, dgw=0.6079, reg=0.0000, time=30.10s.
-- 400/592 [67.6%], loss=0.5074, dgw=0.5074, reg=0.0000, time=26.98s.
-- 425/592 [71.8%], loss=0.5863, dgw=0.5863, reg=0.0000, time=32.01s.
-- 450/592 [76.0%], loss=0.5155, dgw=0.5155, reg=0.0000, time=35.25s.
-- 475/592 [80.2%], loss=0.5660, dgw=0.5660, reg=0.0000, time=29.80s.
-- 500/592 [84.5%], loss=0.5272, dgw=0.5272, reg=0.0000, time=30.43s.
-- 525/592 [88.7%], loss=0.5008, dgw=0.5008, reg=0.0000, time=39.72s.
-- 550/592 [92.9%], loss=0.5337, dgw=0.5337, reg=0.0000, time=30.37s.
-- 575/592 [97.1%], loss=0.5575, dgw=0.5575, reg=0.0000, time=22.54s.
-- 592/592 [100.0%], loss=0.5718, dgw=0.5718, reg=0.0000, time=15.72s.
fit: Epoch 12/15, loss = 0.5841, best loss = 0.1090
results/ENZYMES_Our_Spectral_usl_tsne_fit_12.pdf
-- 25/592 [4.2%], loss=0.5804, dgw=0.5804, reg=0.0000, time=31.22s.
-- 50/592 [8.4%], loss=0.5392, dgw=0.5392, reg=0.0000, time=25.58s.
-- 75/592 [12.7%], loss=0.5466, dgw=0.5466, reg=0.0000, time=23.59s.
-- 100/592 [16.9%], loss=0.5004, dgw=0.5004, reg=0.0000, time=24.21s.
-- 125/592 [21.1%], loss=0.5423, dgw=0.5423, reg=0.0000, time=30.82s.
-- 150/592 [25.3%], loss=0.5444, dgw=0.5444, reg=0.0000, time=29.09s.
-- 175/592 [29.6%], loss=0.5443, dgw=0.5443, reg=0.0000, time=30.33s.
-- 200/592 [33.8%], loss=0.5095, dgw=0.5095, reg=0.0000, time=20.99s.
-- 225/592 [38.0%], loss=0.4689, dgw=0.4689, reg=0.0000, time=23.41s.
-- 250/592 [42.2%], loss=0.5090, dgw=0.5090, reg=0.0000, time=28.97s.
-- 275/592 [46.5%], loss=0.5103, dgw=0.5103, reg=0.0000, time=31.48s.
-- 300/592 [50.7%], loss=0.5125, dgw=0.5125, reg=0.0000, time=29.32s.
-- 325/592 [54.9%], loss=0.5244, dgw=0.5244, reg=0.0000, time=28.35s.
-- 350/592 [59.1%], loss=0.5267, dgw=0.5267, reg=0.0000, time=33.53s.
-- 375/592 [63.3%], loss=0.5750, dgw=0.5750, reg=0.0000, time=24.79s.
-- 400/592 [67.6%], loss=0.4882, dgw=0.4882, reg=0.0000, time=25.46s.
-- 425/592 [71.8%], loss=0.5287, dgw=0.5287, reg=0.0000, time=26.63s.
-- 450/592 [76.0%], loss=0.5105, dgw=0.5105, reg=0.0000, time=27.28s.
-- 475/592 [80.2%], loss=0.5416, dgw=0.5416, reg=0.0000, time=26.34s.
-- 500/592 [84.5%], loss=0.4718, dgw=0.4718, reg=0.0000, time=36.16s.
-- 525/592 [88.7%], loss=0.5329, dgw=0.5329, reg=0.0000, time=23.13s.
-- 550/592 [92.9%], loss=0.5394, dgw=0.5394, reg=0.0000, time=27.08s.
-- 575/592 [97.1%], loss=0.5689, dgw=0.5689, reg=0.0000, time=33.28s.
-- 592/592 [100.0%], loss=0.5439, dgw=0.5439, reg=0.0000, time=20.95s.
fit: Epoch 13/15, loss = 0.5273, best loss = 0.1090
results/ENZYMES_Our_Spectral_usl_tsne_fit_13.pdf
-- 25/592 [4.2%], loss=0.4865, dgw=0.4865, reg=0.0000, time=33.57s.
-- 50/592 [8.4%], loss=0.4679, dgw=0.4679, reg=0.0000, time=28.28s.
-- 75/592 [12.7%], loss=0.5585, dgw=0.5585, reg=0.0000, time=27.79s.
-- 100/592 [16.9%], loss=0.4754, dgw=0.4754, reg=0.0000, time=24.74s.
-- 125/592 [21.1%], loss=0.5380, dgw=0.5380, reg=0.0000, time=23.35s.
-- 150/592 [25.3%], loss=0.5840, dgw=0.5840, reg=0.0000, time=31.28s.
-- 175/592 [29.6%], loss=0.5046, dgw=0.5046, reg=0.0000, time=29.76s.
-- 200/592 [33.8%], loss=0.5377, dgw=0.5377, reg=0.0000, time=27.02s.
-- 225/592 [38.0%], loss=0.5219, dgw=0.5219, reg=0.0000, time=23.61s.
-- 250/592 [42.2%], loss=0.5143, dgw=0.5143, reg=0.0000, time=27.61s.
-- 275/592 [46.5%], loss=0.5133, dgw=0.5133, reg=0.0000, time=31.35s.
-- 300/592 [50.7%], loss=0.5045, dgw=0.5045, reg=0.0000, time=31.79s.
-- 325/592 [54.9%], loss=0.5231, dgw=0.5231, reg=0.0000, time=29.53s.
-- 350/592 [59.1%], loss=0.5338, dgw=0.5338, reg=0.0000, time=28.06s.
-- 375/592 [63.3%], loss=0.5806, dgw=0.5806, reg=0.0000, time=23.49s.
-- 400/592 [67.6%], loss=0.5445, dgw=0.5445, reg=0.0000, time=26.85s.
-- 425/592 [71.8%], loss=0.4977, dgw=0.4977, reg=0.0000, time=40.39s.
-- 450/592 [76.0%], loss=0.5338, dgw=0.5338, reg=0.0000, time=25.64s.
-- 475/592 [80.2%], loss=0.5336, dgw=0.5336, reg=0.0000, time=32.70s.
-- 500/592 [84.5%], loss=0.4865, dgw=0.4865, reg=0.0000, time=33.43s.
-- 525/592 [88.7%], loss=0.4922, dgw=0.4922, reg=0.0000, time=29.47s.
-- 550/592 [92.9%], loss=0.5503, dgw=0.5503, reg=0.0000, time=25.75s.
-- 575/592 [97.1%], loss=0.4494, dgw=0.4494, reg=0.0000, time=24.32s.
-- 592/592 [100.0%], loss=0.4956, dgw=0.4956, reg=0.0000, time=16.05s.
fit: Epoch 14/15, loss = 0.5181, best loss = 0.1090
results/ENZYMES_Our_Spectral_usl_tsne_fit_14.pdf
-- 25/592 [4.2%], loss=0.5251, dgw=0.5251, reg=0.0000, time=23.66s.
-- 50/592 [8.4%], loss=0.5110, dgw=0.5110, reg=0.0000, time=26.49s.
-- 75/592 [12.7%], loss=0.5107, dgw=0.5107, reg=0.0000, time=32.09s.
-- 100/592 [16.9%], loss=0.4719, dgw=0.4719, reg=0.0000, time=20.17s.
-- 125/592 [21.1%], loss=0.4748, dgw=0.4748, reg=0.0000, time=28.28s.
-- 150/592 [25.3%], loss=0.5161, dgw=0.5161, reg=0.0000, time=24.49s.
-- 175/592 [29.6%], loss=0.4860, dgw=0.4860, reg=0.0000, time=26.84s.
-- 200/592 [33.8%], loss=0.5270, dgw=0.5270, reg=0.0000, time=26.14s.
-- 225/592 [38.0%], loss=0.5001, dgw=0.5001, reg=0.0000, time=21.74s.
-- 250/592 [42.2%], loss=0.5110, dgw=0.5110, reg=0.0000, time=26.24s.
-- 275/592 [46.5%], loss=0.5566, dgw=0.5566, reg=0.0000, time=29.24s.
-- 300/592 [50.7%], loss=0.4893, dgw=0.4893, reg=0.0000, time=37.35s.
-- 325/592 [54.9%], loss=0.5274, dgw=0.5274, reg=0.0000, time=38.57s.
-- 350/592 [59.1%], loss=0.5076, dgw=0.5076, reg=0.0000, time=27.35s.
-- 375/592 [63.3%], loss=0.4461, dgw=0.4461, reg=0.0000, time=23.29s.
-- 400/592 [67.6%], loss=0.4162, dgw=0.4162, reg=0.0000, time=20.97s.
-- 425/592 [71.8%], loss=0.5102, dgw=0.5102, reg=0.0000, time=28.15s.
-- 450/592 [76.0%], loss=0.5376, dgw=0.5376, reg=0.0000, time=27.00s.
-- 475/592 [80.2%], loss=0.4751, dgw=0.4751, reg=0.0000, time=26.52s.
-- 500/592 [84.5%], loss=0.5166, dgw=0.5166, reg=0.0000, time=30.69s.
-- 525/592 [88.7%], loss=0.5022, dgw=0.5022, reg=0.0000, time=25.38s.
-- 550/592 [92.9%], loss=0.5307, dgw=0.5307, reg=0.0000, time=23.82s.
-- 575/592 [97.1%], loss=0.4620, dgw=0.4620, reg=0.0000, time=17.60s.
-- 592/592 [100.0%], loss=0.4895, dgw=0.4895, reg=0.0000, time=14.87s.
fit: Epoch 15/15, loss = 0.5002, best loss = 0.1090
results/ENZYMES_Our_Spectral_usl_tsne_fit_15.pdf
Rand Score: 0.723201628023963
Done!
