MORE THAN 2 CLASSES!
-- 25/592 [4.2%], loss=0.2239, dgw=0.2239, reg=0.0000, time=40.91s.
-- 50/592 [8.4%], loss=0.2321, dgw=0.2321, reg=0.0000, time=44.14s.
-- 75/592 [12.7%], loss=0.2184, dgw=0.2184, reg=0.0000, time=43.90s.
-- 100/592 [16.9%], loss=0.2133, dgw=0.2133, reg=0.0000, time=47.51s.
-- 125/592 [21.1%], loss=0.2164, dgw=0.2164, reg=0.0000, time=55.80s.
-- 150/592 [25.3%], loss=0.2228, dgw=0.2228, reg=0.0000, time=60.19s.
-- 175/592 [29.6%], loss=0.2123, dgw=0.2123, reg=0.0000, time=43.44s.
-- 200/592 [33.8%], loss=0.2103, dgw=0.2103, reg=0.0000, time=63.47s.
-- 225/592 [38.0%], loss=0.2079, dgw=0.2079, reg=0.0000, time=51.16s.
-- 250/592 [42.2%], loss=0.2087, dgw=0.2087, reg=0.0000, time=56.58s.
-- 275/592 [46.5%], loss=0.2201, dgw=0.2201, reg=0.0000, time=71.65s.
-- 300/592 [50.7%], loss=0.2055, dgw=0.2055, reg=0.0000, time=57.22s.
-- 325/592 [54.9%], loss=0.2032, dgw=0.2032, reg=0.0000, time=53.30s.
-- 350/592 [59.1%], loss=0.2042, dgw=0.2042, reg=0.0000, time=72.81s.
-- 375/592 [63.3%], loss=0.1999, dgw=0.1999, reg=0.0000, time=43.93s.
-- 400/592 [67.6%], loss=0.1958, dgw=0.1958, reg=0.0000, time=47.99s.
-- 425/592 [71.8%], loss=0.1950, dgw=0.1950, reg=0.0000, time=60.18s.
-- 450/592 [76.0%], loss=0.1928, dgw=0.1928, reg=0.0000, time=60.49s.
-- 475/592 [80.2%], loss=0.1865, dgw=0.1865, reg=0.0000, time=69.88s.
-- 500/592 [84.5%], loss=0.1888, dgw=0.1888, reg=0.0000, time=64.49s.
-- 525/592 [88.7%], loss=0.1869, dgw=0.1869, reg=0.0000, time=59.56s.
-- 550/592 [92.9%], loss=0.1902, dgw=0.1902, reg=0.0000, time=59.34s.
-- 575/592 [97.1%], loss=0.1835, dgw=0.1835, reg=0.0000, time=44.44s.
-- 592/592 [100.0%], loss=0.1875, dgw=0.1875, reg=0.0000, time=48.03s.
fit: Epoch 1/15, loss = 0.2046, best loss = 0.2046
results/ENZYMES_Our_Spectral_usl_tsne_fit_1.pdf
-- 25/592 [4.2%], loss=0.1882, dgw=0.1882, reg=0.0000, time=54.76s.
-- 50/592 [8.4%], loss=0.1852, dgw=0.1852, reg=0.0000, time=42.45s.
-- 75/592 [12.7%], loss=0.1836, dgw=0.1836, reg=0.0000, time=57.39s.
-- 100/592 [16.9%], loss=0.1792, dgw=0.1792, reg=0.0000, time=31.43s.
-- 125/592 [21.1%], loss=0.1702, dgw=0.1702, reg=0.0000, time=55.39s.
-- 150/592 [25.3%], loss=0.1757, dgw=0.1757, reg=0.0000, time=35.25s.
-- 175/592 [29.6%], loss=0.1779, dgw=0.1779, reg=0.0000, time=44.17s.
-- 200/592 [33.8%], loss=0.1742, dgw=0.1742, reg=0.0000, time=56.72s.
-- 225/592 [38.0%], loss=0.1718, dgw=0.1718, reg=0.0000, time=54.10s.
-- 250/592 [42.2%], loss=0.1671, dgw=0.1671, reg=0.0000, time=27.69s.
-- 275/592 [46.5%], loss=0.1604, dgw=0.1604, reg=0.0000, time=41.62s.
-- 300/592 [50.7%], loss=0.1661, dgw=0.1661, reg=0.0000, time=58.26s.
-- 325/592 [54.9%], loss=0.1637, dgw=0.1637, reg=0.0000, time=50.17s.
-- 350/592 [59.1%], loss=0.1661, dgw=0.1661, reg=0.0000, time=54.88s.
-- 375/592 [63.3%], loss=0.1657, dgw=0.1657, reg=0.0000, time=77.73s.
-- 400/592 [67.6%], loss=0.1671, dgw=0.1671, reg=0.0000, time=37.50s.
-- 425/592 [71.8%], loss=0.1620, dgw=0.1620, reg=0.0000, time=64.94s.
-- 450/592 [76.0%], loss=0.1597, dgw=0.1597, reg=0.0000, time=51.38s.
-- 475/592 [80.2%], loss=0.1599, dgw=0.1599, reg=0.0000, time=49.24s.
-- 500/592 [84.5%], loss=0.1617, dgw=0.1617, reg=0.0000, time=48.69s.
-- 525/592 [88.7%], loss=0.1544, dgw=0.1544, reg=0.0000, time=49.71s.
-- 550/592 [92.9%], loss=0.1527, dgw=0.1527, reg=0.0000, time=43.76s.
-- 575/592 [97.1%], loss=0.1546, dgw=0.1546, reg=0.0000, time=55.51s.
-- 592/592 [100.0%], loss=0.1458, dgw=0.1458, reg=0.0000, time=34.89s.
fit: Epoch 2/15, loss = 0.1675, best loss = 0.1675
results/ENZYMES_Our_Spectral_usl_tsne_fit_2.pdf
-- 25/592 [4.2%], loss=0.1539, dgw=0.1539, reg=0.0000, time=38.12s.
-- 50/592 [8.4%], loss=0.1498, dgw=0.1498, reg=0.0000, time=44.66s.
-- 75/592 [12.7%], loss=0.1485, dgw=0.1485, reg=0.0000, time=42.54s.
-- 100/592 [16.9%], loss=0.1503, dgw=0.1503, reg=0.0000, time=26.32s.
-- 125/592 [21.1%], loss=0.1419, dgw=0.1419, reg=0.0000, time=53.96s.
-- 150/592 [25.3%], loss=0.1432, dgw=0.1432, reg=0.0000, time=49.67s.
-- 175/592 [29.6%], loss=0.1444, dgw=0.1444, reg=0.0000, time=39.03s.
-- 200/592 [33.8%], loss=0.1434, dgw=0.1434, reg=0.0000, time=45.15s.
-- 225/592 [38.0%], loss=0.1405, dgw=0.1405, reg=0.0000, time=34.72s.
-- 250/592 [42.2%], loss=0.1386, dgw=0.1386, reg=0.0000, time=56.03s.
-- 275/592 [46.5%], loss=0.1365, dgw=0.1365, reg=0.0000, time=71.95s.
-- 300/592 [50.7%], loss=0.1384, dgw=0.1384, reg=0.0000, time=59.88s.
-- 325/592 [54.9%], loss=0.1372, dgw=0.1372, reg=0.0000, time=72.36s.
-- 350/592 [59.1%], loss=0.1471, dgw=0.1471, reg=0.0000, time=56.49s.
-- 375/592 [63.3%], loss=0.1373, dgw=0.1373, reg=0.0000, time=41.85s.
-- 400/592 [67.6%], loss=0.1387, dgw=0.1387, reg=0.0000, time=64.74s.
-- 425/592 [71.8%], loss=0.1330, dgw=0.1330, reg=0.0000, time=51.59s.
-- 450/592 [76.0%], loss=0.1309, dgw=0.1309, reg=0.0000, time=65.37s.
-- 475/592 [80.2%], loss=0.1301, dgw=0.1301, reg=0.0000, time=53.89s.
-- 500/592 [84.5%], loss=0.1255, dgw=0.1255, reg=0.0000, time=50.47s.
-- 525/592 [88.7%], loss=0.1278, dgw=0.1278, reg=0.0000, time=60.67s.
-- 550/592 [92.9%], loss=0.1290, dgw=0.1290, reg=0.0000, time=49.34s.
-- 575/592 [97.1%], loss=0.1272, dgw=0.1272, reg=0.0000, time=44.40s.
-- 592/592 [100.0%], loss=0.1322, dgw=0.1322, reg=0.0000, time=32.98s.
fit: Epoch 3/15, loss = 0.1386, best loss = 0.1386
results/ENZYMES_Our_Spectral_usl_tsne_fit_3.pdf
-- 25/592 [4.2%], loss=0.1221, dgw=0.1221, reg=0.0000, time=58.94s.
-- 50/592 [8.4%], loss=0.1256, dgw=0.1256, reg=0.0000, time=63.58s.
-- 75/592 [12.7%], loss=0.1213, dgw=0.1213, reg=0.0000, time=68.94s.
-- 100/592 [16.9%], loss=0.1250, dgw=0.1250, reg=0.0000, time=74.70s.
-- 125/592 [21.1%], loss=0.1226, dgw=0.1226, reg=0.0000, time=69.26s.
-- 150/592 [25.3%], loss=0.1217, dgw=0.1217, reg=0.0000, time=60.00s.
-- 175/592 [29.6%], loss=0.1300, dgw=0.1300, reg=0.0000, time=59.58s.
-- 200/592 [33.8%], loss=0.1218, dgw=0.1218, reg=0.0000, time=63.07s.
-- 225/592 [38.0%], loss=0.1316, dgw=0.1316, reg=0.0000, time=64.86s.
-- 250/592 [42.2%], loss=0.1182, dgw=0.1182, reg=0.0000, time=56.74s.
-- 275/592 [46.5%], loss=0.1149, dgw=0.1149, reg=0.0000, time=66.54s.
-- 300/592 [50.7%], loss=0.1146, dgw=0.1146, reg=0.0000, time=80.23s.
-- 325/592 [54.9%], loss=0.1112, dgw=0.1112, reg=0.0000, time=63.64s.
-- 350/592 [59.1%], loss=0.1217, dgw=0.1217, reg=0.0000, time=61.43s.
-- 375/592 [63.3%], loss=0.1147, dgw=0.1147, reg=0.0000, time=55.91s.
-- 400/592 [67.6%], loss=0.1134, dgw=0.1134, reg=0.0000, time=47.65s.
-- 425/592 [71.8%], loss=0.1129, dgw=0.1129, reg=0.0000, time=52.83s.
-- 450/592 [76.0%], loss=0.1087, dgw=0.1087, reg=0.0000, time=56.44s.
-- 475/592 [80.2%], loss=0.1122, dgw=0.1122, reg=0.0000, time=66.82s.
-- 500/592 [84.5%], loss=0.1106, dgw=0.1106, reg=0.0000, time=57.15s.
-- 525/592 [88.7%], loss=0.1084, dgw=0.1084, reg=0.0000, time=51.76s.
-- 550/592 [92.9%], loss=0.1090, dgw=0.1090, reg=0.0000, time=52.71s.
-- 575/592 [97.1%], loss=0.1065, dgw=0.1065, reg=0.0000, time=51.28s.
-- 592/592 [100.0%], loss=0.1070, dgw=0.1070, reg=0.0000, time=36.36s.
fit: Epoch 4/15, loss = 0.1170, best loss = 0.1170
results/ENZYMES_Our_Spectral_usl_tsne_fit_4.pdf
-- 25/592 [4.2%], loss=0.1065, dgw=0.1065, reg=0.0000, time=63.56s.
-- 50/592 [8.4%], loss=0.1021, dgw=0.1021, reg=0.0000, time=65.27s.
-- 75/592 [12.7%], loss=0.1016, dgw=0.1016, reg=0.0000, time=40.84s.
-- 100/592 [16.9%], loss=0.1082, dgw=0.1082, reg=0.0000, time=47.80s.
-- 125/592 [21.1%], loss=0.1025, dgw=0.1025, reg=0.0000, time=62.00s.
-- 150/592 [25.3%], loss=0.0975, dgw=0.0975, reg=0.0000, time=49.87s.
-- 175/592 [29.6%], loss=0.0977, dgw=0.0977, reg=0.0000, time=49.10s.
-- 200/592 [33.8%], loss=0.1047, dgw=0.1047, reg=0.0000, time=57.24s.
-- 225/592 [38.0%], loss=0.1006, dgw=0.1006, reg=0.0000, time=38.92s.
-- 250/592 [42.2%], loss=0.1018, dgw=0.1018, reg=0.0000, time=56.50s.
-- 275/592 [46.5%], loss=0.1100, dgw=0.1100, reg=0.0000, time=50.89s.
-- 300/592 [50.7%], loss=0.1033, dgw=0.1033, reg=0.0000, time=50.19s.
-- 325/592 [54.9%], loss=0.1331, dgw=0.1331, reg=0.0000, time=50.50s.
-- 350/592 [59.1%], loss=0.1076, dgw=0.1076, reg=0.0000, time=31.79s.
-- 375/592 [63.3%], loss=0.0997, dgw=0.0997, reg=0.0000, time=69.87s.
-- 400/592 [67.6%], loss=0.1068, dgw=0.1068, reg=0.0000, time=48.12s.
-- 425/592 [71.8%], loss=0.1010, dgw=0.1010, reg=0.0000, time=49.45s.
-- 450/592 [76.0%], loss=0.0956, dgw=0.0956, reg=0.0000, time=62.23s.
-- 475/592 [80.2%], loss=0.1085, dgw=0.1085, reg=0.0000, time=57.54s.
-- 500/592 [84.5%], loss=0.1049, dgw=0.1049, reg=0.0000, time=65.67s.
-- 525/592 [88.7%], loss=0.0939, dgw=0.0939, reg=0.0000, time=67.37s.
-- 550/592 [92.9%], loss=0.0919, dgw=0.0919, reg=0.0000, time=43.63s.
-- 575/592 [97.1%], loss=0.0976, dgw=0.0976, reg=0.0000, time=52.53s.
-- 592/592 [100.0%], loss=0.0932, dgw=0.0932, reg=0.0000, time=32.47s.
fit: Epoch 5/15, loss = 0.1031, best loss = 0.1031
results/ENZYMES_Our_Spectral_usl_tsne_fit_5.pdf
-- 25/592 [4.2%], loss=0.0979, dgw=0.0979, reg=0.0000, time=20.50s.
-- 50/592 [8.4%], loss=0.0917, dgw=0.0917, reg=0.0000, time=64.92s.
-- 75/592 [12.7%], loss=0.1028, dgw=0.1028, reg=0.0000, time=40.97s.
-- 100/592 [16.9%], loss=0.0985, dgw=0.0985, reg=0.0000, time=36.62s.
-- 125/592 [21.1%], loss=0.0883, dgw=0.0883, reg=0.0000, time=44.17s.
-- 150/592 [25.3%], loss=0.1084, dgw=0.1084, reg=0.0000, time=63.64s.
-- 175/592 [29.6%], loss=0.1012, dgw=0.1012, reg=0.0000, time=41.81s.
-- 200/592 [33.8%], loss=0.1003, dgw=0.1003, reg=0.0000, time=52.33s.
-- 225/592 [38.0%], loss=0.1113, dgw=0.1113, reg=0.0000, time=50.77s.
-- 250/592 [42.2%], loss=0.1001, dgw=0.1001, reg=0.0000, time=54.32s.
-- 275/592 [46.5%], loss=0.1046, dgw=0.1046, reg=0.0000, time=40.05s.
-- 300/592 [50.7%], loss=0.1114, dgw=0.1114, reg=0.0000, time=55.67s.
-- 325/592 [54.9%], loss=0.1208, dgw=0.1208, reg=0.0000, time=45.43s.
-- 350/592 [59.1%], loss=0.1109, dgw=0.1109, reg=0.0000, time=38.10s.
-- 375/592 [63.3%], loss=0.1282, dgw=0.1282, reg=0.0000, time=42.30s.
-- 400/592 [67.6%], loss=0.1317, dgw=0.1317, reg=0.0000, time=36.09s.
-- 425/592 [71.8%], loss=0.1597, dgw=0.1597, reg=0.0000, time=44.22s.
-- 450/592 [76.0%], loss=0.1605, dgw=0.1605, reg=0.0000, time=44.62s.
-- 475/592 [80.2%], loss=0.1952, dgw=0.1952, reg=0.0000, time=39.28s.
-- 500/592 [84.5%], loss=0.1446, dgw=0.1446, reg=0.0000, time=48.24s.
-- 525/592 [88.7%], loss=0.1252, dgw=0.1252, reg=0.0000, time=32.75s.
-- 550/592 [92.9%], loss=0.0880, dgw=0.0880, reg=0.0000, time=47.23s.
-- 575/592 [97.1%], loss=0.0919, dgw=0.0919, reg=0.0000, time=50.49s.
-- 592/592 [100.0%], loss=0.1029, dgw=0.1029, reg=0.0000, time=54.79s.
fit: Epoch 6/15, loss = 0.1158, best loss = 0.1031
results/ENZYMES_Our_Spectral_usl_tsne_fit_6.pdf
-- 25/592 [4.2%], loss=0.0934, dgw=0.0934, reg=0.0000, time=55.96s.
-- 50/592 [8.4%], loss=0.0840, dgw=0.0840, reg=0.0000, time=63.90s.
-- 75/592 [12.7%], loss=0.0976, dgw=0.0976, reg=0.0000, time=51.49s.
-- 100/592 [16.9%], loss=0.0852, dgw=0.0852, reg=0.0000, time=47.58s.
-- 125/592 [21.1%], loss=0.0932, dgw=0.0932, reg=0.0000, time=36.05s.
-- 150/592 [25.3%], loss=0.0921, dgw=0.0921, reg=0.0000, time=41.78s.
-- 175/592 [29.6%], loss=0.0883, dgw=0.0883, reg=0.0000, time=44.41s.
-- 200/592 [33.8%], loss=0.0775, dgw=0.0775, reg=0.0000, time=50.74s.
-- 225/592 [38.0%], loss=0.0868, dgw=0.0868, reg=0.0000, time=57.10s.
-- 250/592 [42.2%], loss=0.0855, dgw=0.0855, reg=0.0000, time=58.06s.
-- 275/592 [46.5%], loss=0.0945, dgw=0.0945, reg=0.0000, time=54.48s.
-- 300/592 [50.7%], loss=0.1037, dgw=0.1037, reg=0.0000, time=48.45s.
-- 325/592 [54.9%], loss=0.0963, dgw=0.0963, reg=0.0000, time=40.17s.
-- 350/592 [59.1%], loss=0.1172, dgw=0.1172, reg=0.0000, time=54.74s.
-- 375/592 [63.3%], loss=0.1019, dgw=0.1019, reg=0.0000, time=43.47s.
-- 400/592 [67.6%], loss=0.0819, dgw=0.0819, reg=0.0000, time=37.48s.
-- 425/592 [71.8%], loss=0.0913, dgw=0.0913, reg=0.0000, time=43.45s.
-- 450/592 [76.0%], loss=0.0924, dgw=0.0924, reg=0.0000, time=38.39s.
-- 475/592 [80.2%], loss=0.0807, dgw=0.0807, reg=0.0000, time=52.57s.
-- 500/592 [84.5%], loss=0.0979, dgw=0.0979, reg=0.0000, time=59.72s.
-- 525/592 [88.7%], loss=0.0879, dgw=0.0879, reg=0.0000, time=45.06s.
-- 550/592 [92.9%], loss=0.0962, dgw=0.0962, reg=0.0000, time=38.44s.
-- 575/592 [97.1%], loss=0.0840, dgw=0.0840, reg=0.0000, time=49.87s.
-- 592/592 [100.0%], loss=0.1017, dgw=0.1017, reg=0.0000, time=30.09s.
fit: Epoch 7/15, loss = 0.0920, best loss = 0.0920
results/ENZYMES_Our_Spectral_usl_tsne_fit_7.pdf
-- 25/592 [4.2%], loss=0.0880, dgw=0.0880, reg=0.0000, time=51.50s.
-- 50/592 [8.4%], loss=0.0896, dgw=0.0896, reg=0.0000, time=34.92s.
-- 75/592 [12.7%], loss=0.0955, dgw=0.0955, reg=0.0000, time=50.45s.
-- 100/592 [16.9%], loss=0.1050, dgw=0.1050, reg=0.0000, time=47.29s.
-- 125/592 [21.1%], loss=0.0963, dgw=0.0963, reg=0.0000, time=44.78s.
-- 150/592 [25.3%], loss=0.0861, dgw=0.0861, reg=0.0000, time=22.18s.
-- 175/592 [29.6%], loss=0.0712, dgw=0.0712, reg=0.0000, time=39.79s.
-- 200/592 [33.8%], loss=0.0930, dgw=0.0930, reg=0.0000, time=48.04s.
-- 225/592 [38.0%], loss=0.0754, dgw=0.0754, reg=0.0000, time=41.06s.
-- 250/592 [42.2%], loss=0.0844, dgw=0.0844, reg=0.0000, time=52.98s.
-- 275/592 [46.5%], loss=0.0800, dgw=0.0800, reg=0.0000, time=45.46s.
-- 300/592 [50.7%], loss=0.0820, dgw=0.0820, reg=0.0000, time=50.39s.
-- 325/592 [54.9%], loss=0.0805, dgw=0.0805, reg=0.0000, time=51.41s.
-- 350/592 [59.1%], loss=0.0754, dgw=0.0754, reg=0.0000, time=45.80s.
-- 375/592 [63.3%], loss=0.0812, dgw=0.0812, reg=0.0000, time=46.53s.
-- 400/592 [67.6%], loss=0.0796, dgw=0.0796, reg=0.0000, time=46.44s.
-- 425/592 [71.8%], loss=0.0674, dgw=0.0674, reg=0.0000, time=49.52s.
-- 450/592 [76.0%], loss=0.0646, dgw=0.0646, reg=0.0000, time=40.78s.
-- 475/592 [80.2%], loss=0.0743, dgw=0.0743, reg=0.0000, time=41.85s.
-- 500/592 [84.5%], loss=0.0700, dgw=0.0700, reg=0.0000, time=48.72s.
-- 525/592 [88.7%], loss=0.0786, dgw=0.0786, reg=0.0000, time=41.90s.
-- 550/592 [92.9%], loss=0.0829, dgw=0.0829, reg=0.0000, time=41.25s.
-- 575/592 [97.1%], loss=0.0817, dgw=0.0817, reg=0.0000, time=39.81s.
-- 592/592 [100.0%], loss=0.0654, dgw=0.0654, reg=0.0000, time=21.82s.
fit: Epoch 8/15, loss = 0.0814, best loss = 0.0814
results/ENZYMES_Our_Spectral_usl_tsne_fit_8.pdf
-- 25/592 [4.2%], loss=0.0669, dgw=0.0669, reg=0.0000, time=47.10s.
-- 50/592 [8.4%], loss=0.0780, dgw=0.0780, reg=0.0000, time=46.38s.
-- 75/592 [12.7%], loss=0.0894, dgw=0.0894, reg=0.0000, time=45.88s.
-- 100/592 [16.9%], loss=0.0784, dgw=0.0784, reg=0.0000, time=36.56s.
-- 125/592 [21.1%], loss=0.0793, dgw=0.0793, reg=0.0000, time=42.76s.
-- 150/592 [25.3%], loss=0.0653, dgw=0.0653, reg=0.0000, time=34.80s.
-- 175/592 [29.6%], loss=0.0955, dgw=0.0955, reg=0.0000, time=45.91s.
-- 200/592 [33.8%], loss=0.0887, dgw=0.0887, reg=0.0000, time=40.61s.
-- 225/592 [38.0%], loss=0.0663, dgw=0.0663, reg=0.0000, time=46.32s.
-- 250/592 [42.2%], loss=0.0791, dgw=0.0791, reg=0.0000, time=41.33s.
-- 275/592 [46.5%], loss=0.0992, dgw=0.0992, reg=0.0000, time=50.67s.
-- 300/592 [50.7%], loss=0.0780, dgw=0.0780, reg=0.0000, time=34.54s.
-- 325/592 [54.9%], loss=0.0703, dgw=0.0703, reg=0.0000, time=41.47s.
-- 350/592 [59.1%], loss=0.1009, dgw=0.1009, reg=0.0000, time=47.86s.
-- 375/592 [63.3%], loss=0.0739, dgw=0.0739, reg=0.0000, time=32.84s.
-- 400/592 [67.6%], loss=0.0900, dgw=0.0900, reg=0.0000, time=48.35s.
-- 425/592 [71.8%], loss=0.0811, dgw=0.0811, reg=0.0000, time=45.93s.
-- 450/592 [76.0%], loss=0.0960, dgw=0.0960, reg=0.0000, time=50.96s.
-- 475/592 [80.2%], loss=0.0817, dgw=0.0817, reg=0.0000, time=34.34s.
-- 500/592 [84.5%], loss=0.0903, dgw=0.0903, reg=0.0000, time=38.39s.
-- 525/592 [88.7%], loss=0.0841, dgw=0.0841, reg=0.0000, time=34.79s.
-- 550/592 [92.9%], loss=0.0718, dgw=0.0718, reg=0.0000, time=32.13s.
-- 575/592 [97.1%], loss=0.0679, dgw=0.0679, reg=0.0000, time=37.81s.
-- 592/592 [100.0%], loss=0.0720, dgw=0.0720, reg=0.0000, time=31.90s.
fit: Epoch 9/15, loss = 0.0811, best loss = 0.0811
results/ENZYMES_Our_Spectral_usl_tsne_fit_9.pdf
-- 25/592 [4.2%], loss=0.0810, dgw=0.0810, reg=0.0000, time=45.27s.
-- 50/592 [8.4%], loss=0.0769, dgw=0.0769, reg=0.0000, time=51.31s.
-- 75/592 [12.7%], loss=0.0775, dgw=0.0775, reg=0.0000, time=53.48s.
-- 100/592 [16.9%], loss=0.0791, dgw=0.0791, reg=0.0000, time=44.61s.
-- 125/592 [21.1%], loss=0.0674, dgw=0.0674, reg=0.0000, time=50.21s.
-- 150/592 [25.3%], loss=0.0615, dgw=0.0615, reg=0.0000, time=42.02s.
-- 175/592 [29.6%], loss=0.0672, dgw=0.0672, reg=0.0000, time=30.10s.
-- 200/592 [33.8%], loss=0.0815, dgw=0.0815, reg=0.0000, time=44.83s.
-- 225/592 [38.0%], loss=0.0747, dgw=0.0747, reg=0.0000, time=30.09s.
-- 250/592 [42.2%], loss=0.0685, dgw=0.0685, reg=0.0000, time=43.34s.
-- 275/592 [46.5%], loss=0.0609, dgw=0.0609, reg=0.0000, time=57.31s.
-- 300/592 [50.7%], loss=0.0659, dgw=0.0659, reg=0.0000, time=44.10s.
-- 325/592 [54.9%], loss=0.0647, dgw=0.0647, reg=0.0000, time=42.64s.
-- 350/592 [59.1%], loss=0.0693, dgw=0.0693, reg=0.0000, time=40.72s.
-- 375/592 [63.3%], loss=0.0671, dgw=0.0671, reg=0.0000, time=39.55s.
-- 400/592 [67.6%], loss=0.0822, dgw=0.0822, reg=0.0000, time=34.84s.
-- 425/592 [71.8%], loss=0.0686, dgw=0.0686, reg=0.0000, time=27.52s.
-- 450/592 [76.0%], loss=0.0699, dgw=0.0699, reg=0.0000, time=36.43s.
-- 475/592 [80.2%], loss=0.0560, dgw=0.0560, reg=0.0000, time=31.17s.
-- 500/592 [84.5%], loss=0.0579, dgw=0.0579, reg=0.0000, time=26.32s.
-- 525/592 [88.7%], loss=0.0678, dgw=0.0678, reg=0.0000, time=32.82s.
-- 550/592 [92.9%], loss=0.0616, dgw=0.0616, reg=0.0000, time=27.63s.
-- 575/592 [97.1%], loss=0.0627, dgw=0.0627, reg=0.0000, time=38.66s.
-- 592/592 [100.0%], loss=0.0562, dgw=0.0562, reg=0.0000, time=24.85s.
fit: Epoch 10/15, loss = 0.0688, best loss = 0.0688
results/ENZYMES_Our_Spectral_usl_tsne_fit_10.pdf
-- 25/592 [4.2%], loss=0.0722, dgw=0.0722, reg=0.0000, time=24.96s.
-- 50/592 [8.4%], loss=0.0629, dgw=0.0629, reg=0.0000, time=29.92s.
-- 75/592 [12.7%], loss=0.0563, dgw=0.0563, reg=0.0000, time=35.46s.
-- 100/592 [16.9%], loss=0.0585, dgw=0.0585, reg=0.0000, time=34.40s.
-- 125/592 [21.1%], loss=0.0659, dgw=0.0659, reg=0.0000, time=32.00s.
-- 150/592 [25.3%], loss=0.0590, dgw=0.0590, reg=0.0000, time=35.45s.
-- 175/592 [29.6%], loss=0.0651, dgw=0.0651, reg=0.0000, time=29.29s.
-- 200/592 [33.8%], loss=0.0713, dgw=0.0713, reg=0.0000, time=35.78s.
-- 225/592 [38.0%], loss=0.0585, dgw=0.0585, reg=0.0000, time=30.12s.
-- 250/592 [42.2%], loss=0.0537, dgw=0.0537, reg=0.0000, time=36.62s.
-- 275/592 [46.5%], loss=0.0622, dgw=0.0622, reg=0.0000, time=22.52s.
-- 300/592 [50.7%], loss=0.0535, dgw=0.0535, reg=0.0000, time=35.26s.
-- 325/592 [54.9%], loss=0.0675, dgw=0.0675, reg=0.0000, time=43.73s.
-- 350/592 [59.1%], loss=0.0520, dgw=0.0520, reg=0.0000, time=42.15s.
-- 375/592 [63.3%], loss=0.0476, dgw=0.0476, reg=0.0000, time=54.73s.
-- 400/592 [67.6%], loss=0.0519, dgw=0.0519, reg=0.0000, time=40.77s.
-- 425/592 [71.8%], loss=0.0517, dgw=0.0517, reg=0.0000, time=40.31s.
-- 450/592 [76.0%], loss=0.0594, dgw=0.0594, reg=0.0000, time=19.63s.
-- 475/592 [80.2%], loss=0.0644, dgw=0.0644, reg=0.0000, time=33.01s.
-- 500/592 [84.5%], loss=0.0731, dgw=0.0731, reg=0.0000, time=30.16s.
-- 525/592 [88.7%], loss=0.0588, dgw=0.0588, reg=0.0000, time=39.02s.
-- 550/592 [92.9%], loss=0.0503, dgw=0.0503, reg=0.0000, time=39.53s.
-- 575/592 [97.1%], loss=0.0575, dgw=0.0575, reg=0.0000, time=44.20s.
-- 592/592 [100.0%], loss=0.0511, dgw=0.0511, reg=0.0000, time=26.72s.
fit: Epoch 11/15, loss = 0.0595, best loss = 0.0595
results/ENZYMES_Our_Spectral_usl_tsne_fit_11.pdf
-- 25/592 [4.2%], loss=0.0574, dgw=0.0574, reg=0.0000, time=40.51s.
-- 50/592 [8.4%], loss=0.0556, dgw=0.0556, reg=0.0000, time=36.52s.
-- 75/592 [12.7%], loss=0.0613, dgw=0.0613, reg=0.0000, time=44.64s.
-- 100/592 [16.9%], loss=0.0684, dgw=0.0684, reg=0.0000, time=36.86s.
-- 125/592 [21.1%], loss=0.0559, dgw=0.0559, reg=0.0000, time=31.07s.
-- 150/592 [25.3%], loss=0.0502, dgw=0.0502, reg=0.0000, time=32.89s.
-- 175/592 [29.6%], loss=0.0446, dgw=0.0446, reg=0.0000, time=33.47s.
-- 200/592 [33.8%], loss=0.0594, dgw=0.0594, reg=0.0000, time=28.96s.
-- 225/592 [38.0%], loss=0.0633, dgw=0.0633, reg=0.0000, time=39.41s.
-- 250/592 [42.2%], loss=0.0501, dgw=0.0501, reg=0.0000, time=42.21s.
-- 275/592 [46.5%], loss=0.0528, dgw=0.0528, reg=0.0000, time=25.57s.
-- 300/592 [50.7%], loss=0.0479, dgw=0.0479, reg=0.0000, time=37.22s.
-- 325/592 [54.9%], loss=0.0472, dgw=0.0472, reg=0.0000, time=31.61s.
-- 350/592 [59.1%], loss=0.0525, dgw=0.0525, reg=0.0000, time=29.04s.
-- 375/592 [63.3%], loss=0.0513, dgw=0.0513, reg=0.0000, time=36.70s.
-- 400/592 [67.6%], loss=0.0763, dgw=0.0763, reg=0.0000, time=40.72s.
-- 425/592 [71.8%], loss=0.0555, dgw=0.0555, reg=0.0000, time=46.73s.
-- 450/592 [76.0%], loss=0.0470, dgw=0.0470, reg=0.0000, time=37.27s.
-- 475/592 [80.2%], loss=0.0445, dgw=0.0445, reg=0.0000, time=37.22s.
-- 500/592 [84.5%], loss=0.0501, dgw=0.0501, reg=0.0000, time=36.45s.
-- 525/592 [88.7%], loss=0.0565, dgw=0.0565, reg=0.0000, time=34.25s.
-- 550/592 [92.9%], loss=0.0644, dgw=0.0644, reg=0.0000, time=38.61s.
-- 575/592 [97.1%], loss=0.0492, dgw=0.0492, reg=0.0000, time=42.86s.
-- 592/592 [100.0%], loss=0.0464, dgw=0.0464, reg=0.0000, time=17.52s.
fit: Epoch 12/15, loss = 0.0546, best loss = 0.0546
results/ENZYMES_Our_Spectral_usl_tsne_fit_12.pdf
-- 25/592 [4.2%], loss=0.0544, dgw=0.0544, reg=0.0000, time=44.57s.
-- 50/592 [8.4%], loss=0.0521, dgw=0.0521, reg=0.0000, time=38.97s.
-- 75/592 [12.7%], loss=0.0523, dgw=0.0523, reg=0.0000, time=40.41s.
-- 100/592 [16.9%], loss=0.0557, dgw=0.0557, reg=0.0000, time=41.43s.
-- 125/592 [21.1%], loss=0.0445, dgw=0.0445, reg=0.0000, time=32.86s.
-- 150/592 [25.3%], loss=0.0423, dgw=0.0423, reg=0.0000, time=27.59s.
-- 175/592 [29.6%], loss=0.0589, dgw=0.0589, reg=0.0000, time=40.59s.
-- 200/592 [33.8%], loss=0.0523, dgw=0.0523, reg=0.0000, time=35.36s.
-- 225/592 [38.0%], loss=0.0530, dgw=0.0530, reg=0.0000, time=34.32s.
-- 250/592 [42.2%], loss=0.0467, dgw=0.0467, reg=0.0000, time=38.57s.
-- 275/592 [46.5%], loss=0.0471, dgw=0.0471, reg=0.0000, time=24.43s.
-- 300/592 [50.7%], loss=0.0445, dgw=0.0445, reg=0.0000, time=33.10s.
-- 325/592 [54.9%], loss=0.0716, dgw=0.0716, reg=0.0000, time=37.51s.
-- 350/592 [59.1%], loss=0.0561, dgw=0.0561, reg=0.0000, time=33.44s.
-- 375/592 [63.3%], loss=0.0565, dgw=0.0565, reg=0.0000, time=41.09s.
-- 400/592 [67.6%], loss=0.0505, dgw=0.0505, reg=0.0000, time=29.15s.
-- 425/592 [71.8%], loss=0.0529, dgw=0.0529, reg=0.0000, time=31.90s.
-- 450/592 [76.0%], loss=0.0435, dgw=0.0435, reg=0.0000, time=49.32s.
-- 475/592 [80.2%], loss=0.0494, dgw=0.0494, reg=0.0000, time=41.36s.
-- 500/592 [84.5%], loss=0.0625, dgw=0.0625, reg=0.0000, time=34.26s.
-- 525/592 [88.7%], loss=0.0458, dgw=0.0458, reg=0.0000, time=26.23s.
-- 550/592 [92.9%], loss=0.0521, dgw=0.0521, reg=0.0000, time=17.97s.
-- 575/592 [97.1%], loss=0.0401, dgw=0.0401, reg=0.0000, time=33.98s.
-- 592/592 [100.0%], loss=0.0646, dgw=0.0646, reg=0.0000, time=27.60s.
fit: Epoch 13/15, loss = 0.0519, best loss = 0.0519
results/ENZYMES_Our_Spectral_usl_tsne_fit_13.pdf
-- 25/592 [4.2%], loss=0.0618, dgw=0.0618, reg=0.0000, time=36.24s.
-- 50/592 [8.4%], loss=0.0862, dgw=0.0862, reg=0.0000, time=37.41s.
-- 75/592 [12.7%], loss=0.0438, dgw=0.0438, reg=0.0000, time=47.68s.
-- 100/592 [16.9%], loss=0.0485, dgw=0.0485, reg=0.0000, time=31.14s.
-- 125/592 [21.1%], loss=0.0451, dgw=0.0451, reg=0.0000, time=36.32s.
-- 150/592 [25.3%], loss=0.0468, dgw=0.0468, reg=0.0000, time=37.33s.
-- 175/592 [29.6%], loss=0.0458, dgw=0.0458, reg=0.0000, time=36.35s.
-- 200/592 [33.8%], loss=0.0413, dgw=0.0413, reg=0.0000, time=27.10s.
-- 225/592 [38.0%], loss=0.0435, dgw=0.0435, reg=0.0000, time=33.04s.
-- 250/592 [42.2%], loss=0.0520, dgw=0.0520, reg=0.0000, time=40.77s.
-- 275/592 [46.5%], loss=0.0435, dgw=0.0435, reg=0.0000, time=29.96s.
-- 300/592 [50.7%], loss=0.0451, dgw=0.0451, reg=0.0000, time=36.21s.
-- 325/592 [54.9%], loss=0.0522, dgw=0.0522, reg=0.0000, time=24.59s.
-- 350/592 [59.1%], loss=0.0475, dgw=0.0475, reg=0.0000, time=16.73s.
-- 375/592 [63.3%], loss=0.0571, dgw=0.0571, reg=0.0000, time=28.80s.
-- 400/592 [67.6%], loss=0.0587, dgw=0.0587, reg=0.0000, time=32.34s.
-- 425/592 [71.8%], loss=0.0557, dgw=0.0557, reg=0.0000, time=29.76s.
-- 450/592 [76.0%], loss=0.0416, dgw=0.0416, reg=0.0000, time=25.88s.
-- 475/592 [80.2%], loss=0.0444, dgw=0.0444, reg=0.0000, time=29.86s.
-- 500/592 [84.5%], loss=0.0520, dgw=0.0520, reg=0.0000, time=33.21s.
-- 525/592 [88.7%], loss=0.0521, dgw=0.0521, reg=0.0000, time=30.10s.
-- 550/592 [92.9%], loss=0.0359, dgw=0.0359, reg=0.0000, time=44.42s.
-- 575/592 [97.1%], loss=0.0466, dgw=0.0466, reg=0.0000, time=32.71s.
-- 592/592 [100.0%], loss=0.0480, dgw=0.0480, reg=0.0000, time=21.53s.
fit: Epoch 14/15, loss = 0.0498, best loss = 0.0498
results/ENZYMES_Our_Spectral_usl_tsne_fit_14.pdf
-- 25/592 [4.2%], loss=0.0470, dgw=0.0470, reg=0.0000, time=29.63s.
-- 50/592 [8.4%], loss=0.0455, dgw=0.0455, reg=0.0000, time=39.15s.
-- 75/592 [12.7%], loss=0.0413, dgw=0.0413, reg=0.0000, time=41.90s.
-- 100/592 [16.9%], loss=0.0611, dgw=0.0611, reg=0.0000, time=39.66s.
-- 125/592 [21.1%], loss=0.0511, dgw=0.0511, reg=0.0000, time=35.79s.
-- 150/592 [25.3%], loss=0.0407, dgw=0.0407, reg=0.0000, time=40.58s.
-- 175/592 [29.6%], loss=0.0510, dgw=0.0510, reg=0.0000, time=28.85s.
-- 200/592 [33.8%], loss=0.0612, dgw=0.0612, reg=0.0000, time=28.58s.
-- 225/592 [38.0%], loss=0.0510, dgw=0.0510, reg=0.0000, time=43.53s.
-- 250/592 [42.2%], loss=0.0428, dgw=0.0428, reg=0.0000, time=36.89s.
-- 275/592 [46.5%], loss=0.0434, dgw=0.0434, reg=0.0000, time=30.25s.
-- 300/592 [50.7%], loss=0.0460, dgw=0.0460, reg=0.0000, time=27.93s.
-- 325/592 [54.9%], loss=0.0443, dgw=0.0443, reg=0.0000, time=34.03s.
-- 350/592 [59.1%], loss=0.0631, dgw=0.0631, reg=0.0000, time=24.33s.
-- 375/592 [63.3%], loss=0.0455, dgw=0.0455, reg=0.0000, time=30.65s.
-- 400/592 [67.6%], loss=0.0431, dgw=0.0431, reg=0.0000, time=27.33s.
-- 425/592 [71.8%], loss=0.0546, dgw=0.0546, reg=0.0000, time=38.27s.
-- 450/592 [76.0%], loss=0.0433, dgw=0.0433, reg=0.0000, time=33.78s.
-- 475/592 [80.2%], loss=0.0474, dgw=0.0474, reg=0.0000, time=38.47s.
-- 500/592 [84.5%], loss=0.0423, dgw=0.0423, reg=0.0000, time=38.27s.
-- 525/592 [88.7%], loss=0.0525, dgw=0.0525, reg=0.0000, time=30.77s.
-- 550/592 [92.9%], loss=0.0409, dgw=0.0409, reg=0.0000, time=31.22s.
-- 575/592 [97.1%], loss=0.0540, dgw=0.0540, reg=0.0000, time=32.38s.
-- 592/592 [100.0%], loss=0.0504, dgw=0.0504, reg=0.0000, time=23.47s.
fit: Epoch 15/15, loss = 0.0484, best loss = 0.0484
results/ENZYMES_Our_Spectral_usl_tsne_fit_15.pdf
Rand Score: 0.7231273151323913
Done!
