MORE THAN 2 CLASSES!
-- 25/592 [4.2%], loss=0.2363, dgw=0.2363, reg=0.0000, time=54.94s.
-- 50/592 [8.4%], loss=0.2241, dgw=0.2241, reg=0.0000, time=51.24s.
-- 75/592 [12.7%], loss=0.2260, dgw=0.2260, reg=0.0000, time=54.91s.
-- 100/592 [16.9%], loss=0.2243, dgw=0.2243, reg=0.0000, time=48.36s.
-- 125/592 [21.1%], loss=0.2326, dgw=0.2326, reg=0.0000, time=63.35s.
-- 150/592 [25.3%], loss=0.2202, dgw=0.2202, reg=0.0000, time=77.29s.
-- 175/592 [29.6%], loss=0.2181, dgw=0.2181, reg=0.0000, time=73.76s.
-- 200/592 [33.8%], loss=0.2163, dgw=0.2163, reg=0.0000, time=82.56s.
-- 225/592 [38.0%], loss=0.2161, dgw=0.2161, reg=0.0000, time=63.30s.
-- 250/592 [42.2%], loss=0.2164, dgw=0.2164, reg=0.0000, time=58.59s.
-- 275/592 [46.5%], loss=0.2127, dgw=0.2127, reg=0.0000, time=63.70s.
-- 300/592 [50.7%], loss=0.2086, dgw=0.2086, reg=0.0000, time=58.08s.
-- 325/592 [54.9%], loss=0.2088, dgw=0.2088, reg=0.0000, time=48.91s.
-- 350/592 [59.1%], loss=0.2018, dgw=0.2018, reg=0.0000, time=73.02s.
-- 375/592 [63.3%], loss=0.2076, dgw=0.2076, reg=0.0000, time=60.01s.
-- 400/592 [67.6%], loss=0.2048, dgw=0.2048, reg=0.0000, time=60.52s.
-- 425/592 [71.8%], loss=0.1984, dgw=0.1984, reg=0.0000, time=71.46s.
-- 450/592 [76.0%], loss=0.2006, dgw=0.2006, reg=0.0000, time=76.23s.
-- 475/592 [80.2%], loss=0.1968, dgw=0.1968, reg=0.0000, time=77.28s.
-- 500/592 [84.5%], loss=0.1919, dgw=0.1919, reg=0.0000, time=56.15s.
-- 525/592 [88.7%], loss=0.1897, dgw=0.1897, reg=0.0000, time=52.42s.
-- 550/592 [92.9%], loss=0.1887, dgw=0.1887, reg=0.0000, time=48.08s.
-- 575/592 [97.1%], loss=0.1875, dgw=0.1875, reg=0.0000, time=72.20s.
-- 592/592 [100.0%], loss=0.1817, dgw=0.1817, reg=0.0000, time=34.53s.
fit: Epoch 1/15, loss = 0.2091, best loss = 0.2091
results/ENZYMES_Our_Spectral_usl_tsne_fit_1.pdf
-- 25/592 [4.2%], loss=0.1882, dgw=0.1882, reg=0.0000, time=74.67s.
-- 50/592 [8.4%], loss=0.1841, dgw=0.1841, reg=0.0000, time=74.30s.
-- 75/592 [12.7%], loss=0.1789, dgw=0.1789, reg=0.0000, time=70.65s.
-- 100/592 [16.9%], loss=0.1839, dgw=0.1839, reg=0.0000, time=69.67s.
-- 125/592 [21.1%], loss=0.1862, dgw=0.1862, reg=0.0000, time=53.58s.
-- 150/592 [25.3%], loss=0.1880, dgw=0.1880, reg=0.0000, time=30.62s.
-- 175/592 [29.6%], loss=0.1797, dgw=0.1797, reg=0.0000, time=50.11s.
-- 200/592 [33.8%], loss=0.1839, dgw=0.1839, reg=0.0000, time=68.59s.
-- 225/592 [38.0%], loss=0.1732, dgw=0.1732, reg=0.0000, time=73.02s.
-- 250/592 [42.2%], loss=0.1746, dgw=0.1746, reg=0.0000, time=75.61s.
-- 275/592 [46.5%], loss=0.1731, dgw=0.1731, reg=0.0000, time=70.41s.
-- 300/592 [50.7%], loss=0.1687, dgw=0.1687, reg=0.0000, time=50.62s.
-- 325/592 [54.9%], loss=0.1700, dgw=0.1700, reg=0.0000, time=66.26s.
-- 350/592 [59.1%], loss=0.1685, dgw=0.1685, reg=0.0000, time=61.34s.
-- 375/592 [63.3%], loss=0.1692, dgw=0.1692, reg=0.0000, time=73.17s.
-- 400/592 [67.6%], loss=0.1645, dgw=0.1645, reg=0.0000, time=77.38s.
-- 425/592 [71.8%], loss=0.1645, dgw=0.1645, reg=0.0000, time=64.17s.
-- 450/592 [76.0%], loss=0.1634, dgw=0.1634, reg=0.0000, time=80.82s.
-- 475/592 [80.2%], loss=0.1616, dgw=0.1616, reg=0.0000, time=83.41s.
-- 500/592 [84.5%], loss=0.1589, dgw=0.1589, reg=0.0000, time=62.83s.
-- 525/592 [88.7%], loss=0.1611, dgw=0.1611, reg=0.0000, time=61.20s.
-- 550/592 [92.9%], loss=0.1573, dgw=0.1573, reg=0.0000, time=75.01s.
-- 575/592 [97.1%], loss=0.1498, dgw=0.1498, reg=0.0000, time=80.51s.
-- 592/592 [100.0%], loss=0.1470, dgw=0.1470, reg=0.0000, time=56.14s.
fit: Epoch 2/15, loss = 0.1711, best loss = 0.1711
results/ENZYMES_Our_Spectral_usl_tsne_fit_2.pdf
-- 25/592 [4.2%], loss=0.1522, dgw=0.1522, reg=0.0000, time=70.89s.
-- 50/592 [8.4%], loss=0.1551, dgw=0.1551, reg=0.0000, time=53.18s.
-- 75/592 [12.7%], loss=0.1544, dgw=0.1544, reg=0.0000, time=67.30s.
-- 100/592 [16.9%], loss=0.1482, dgw=0.1482, reg=0.0000, time=62.49s.
-- 125/592 [21.1%], loss=0.1469, dgw=0.1469, reg=0.0000, time=71.02s.
-- 150/592 [25.3%], loss=0.1504, dgw=0.1504, reg=0.0000, time=77.45s.
-- 175/592 [29.6%], loss=0.1403, dgw=0.1403, reg=0.0000, time=76.06s.
-- 200/592 [33.8%], loss=0.1443, dgw=0.1443, reg=0.0000, time=67.17s.
-- 225/592 [38.0%], loss=0.1480, dgw=0.1480, reg=0.0000, time=68.98s.
-- 250/592 [42.2%], loss=0.1404, dgw=0.1404, reg=0.0000, time=67.67s.
-- 275/592 [46.5%], loss=0.1437, dgw=0.1437, reg=0.0000, time=69.51s.
-- 300/592 [50.7%], loss=0.1447, dgw=0.1447, reg=0.0000, time=45.63s.
-- 325/592 [54.9%], loss=0.1415, dgw=0.1415, reg=0.0000, time=60.95s.
-- 350/592 [59.1%], loss=0.1425, dgw=0.1425, reg=0.0000, time=58.74s.
-- 375/592 [63.3%], loss=0.1356, dgw=0.1356, reg=0.0000, time=86.76s.
-- 400/592 [67.6%], loss=0.1381, dgw=0.1381, reg=0.0000, time=76.84s.
-- 425/592 [71.8%], loss=0.1355, dgw=0.1355, reg=0.0000, time=62.20s.
-- 450/592 [76.0%], loss=0.1302, dgw=0.1302, reg=0.0000, time=64.03s.
-- 475/592 [80.2%], loss=0.1316, dgw=0.1316, reg=0.0000, time=72.43s.
-- 500/592 [84.5%], loss=0.1378, dgw=0.1378, reg=0.0000, time=59.65s.
-- 525/592 [88.7%], loss=0.1431, dgw=0.1431, reg=0.0000, time=71.98s.
-- 550/592 [92.9%], loss=0.1279, dgw=0.1279, reg=0.0000, time=80.69s.
-- 575/592 [97.1%], loss=0.1296, dgw=0.1296, reg=0.0000, time=76.00s.
-- 592/592 [100.0%], loss=0.1283, dgw=0.1283, reg=0.0000, time=50.79s.
fit: Epoch 3/15, loss = 0.1414, best loss = 0.1414
results/ENZYMES_Our_Spectral_usl_tsne_fit_3.pdf
-- 25/592 [4.2%], loss=0.1292, dgw=0.1292, reg=0.0000, time=53.54s.
-- 50/592 [8.4%], loss=0.1312, dgw=0.1312, reg=0.0000, time=54.61s.
-- 75/592 [12.7%], loss=0.1279, dgw=0.1279, reg=0.0000, time=70.95s.
-- 100/592 [16.9%], loss=0.1238, dgw=0.1238, reg=0.0000, time=63.78s.
-- 125/592 [21.1%], loss=0.1251, dgw=0.1251, reg=0.0000, time=68.22s.
-- 150/592 [25.3%], loss=0.1251, dgw=0.1251, reg=0.0000, time=59.23s.
-- 175/592 [29.6%], loss=0.1256, dgw=0.1256, reg=0.0000, time=84.53s.
-- 200/592 [33.8%], loss=0.1257, dgw=0.1257, reg=0.0000, time=80.42s.
-- 225/592 [38.0%], loss=0.1179, dgw=0.1179, reg=0.0000, time=68.27s.
-- 250/592 [42.2%], loss=0.1186, dgw=0.1186, reg=0.0000, time=60.58s.
-- 275/592 [46.5%], loss=0.1291, dgw=0.1291, reg=0.0000, time=76.66s.
-- 300/592 [50.7%], loss=0.1215, dgw=0.1215, reg=0.0000, time=69.32s.
-- 325/592 [54.9%], loss=0.1150, dgw=0.1150, reg=0.0000, time=62.89s.
-- 350/592 [59.1%], loss=0.1193, dgw=0.1193, reg=0.0000, time=67.21s.
-- 375/592 [63.3%], loss=0.1138, dgw=0.1138, reg=0.0000, time=65.70s.
-- 400/592 [67.6%], loss=0.1169, dgw=0.1169, reg=0.0000, time=64.60s.
-- 425/592 [71.8%], loss=0.1249, dgw=0.1249, reg=0.0000, time=58.17s.
-- 450/592 [76.0%], loss=0.1150, dgw=0.1150, reg=0.0000, time=64.13s.
-- 475/592 [80.2%], loss=0.1166, dgw=0.1166, reg=0.0000, time=69.32s.
-- 500/592 [84.5%], loss=0.1236, dgw=0.1236, reg=0.0000, time=57.40s.
-- 525/592 [88.7%], loss=0.1307, dgw=0.1307, reg=0.0000, time=59.13s.
-- 550/592 [92.9%], loss=0.1117, dgw=0.1117, reg=0.0000, time=56.33s.
-- 575/592 [97.1%], loss=0.1362, dgw=0.1362, reg=0.0000, time=65.73s.
-- 592/592 [100.0%], loss=0.1106, dgw=0.1106, reg=0.0000, time=37.80s.
fit: Epoch 4/15, loss = 0.1225, best loss = 0.1225
results/ENZYMES_Our_Spectral_usl_tsne_fit_4.pdf
-- 25/592 [4.2%], loss=0.1103, dgw=0.1103, reg=0.0000, time=58.60s.
-- 50/592 [8.4%], loss=0.1119, dgw=0.1119, reg=0.0000, time=66.50s.
-- 75/592 [12.7%], loss=0.1231, dgw=0.1231, reg=0.0000, time=64.42s.
-- 100/592 [16.9%], loss=0.1099, dgw=0.1099, reg=0.0000, time=39.95s.
-- 125/592 [21.1%], loss=0.1181, dgw=0.1181, reg=0.0000, time=43.83s.
-- 150/592 [25.3%], loss=0.1027, dgw=0.1027, reg=0.0000, time=65.43s.
-- 175/592 [29.6%], loss=0.1172, dgw=0.1172, reg=0.0000, time=57.50s.
-- 200/592 [33.8%], loss=0.1096, dgw=0.1096, reg=0.0000, time=66.19s.
-- 225/592 [38.0%], loss=0.1043, dgw=0.1043, reg=0.0000, time=77.51s.
-- 250/592 [42.2%], loss=0.0991, dgw=0.0991, reg=0.0000, time=58.04s.
-- 275/592 [46.5%], loss=0.1042, dgw=0.1042, reg=0.0000, time=59.53s.
-- 300/592 [50.7%], loss=0.1019, dgw=0.1019, reg=0.0000, time=57.86s.
-- 325/592 [54.9%], loss=0.1132, dgw=0.1132, reg=0.0000, time=63.43s.
-- 350/592 [59.1%], loss=0.1094, dgw=0.1094, reg=0.0000, time=39.77s.
-- 375/592 [63.3%], loss=0.1119, dgw=0.1119, reg=0.0000, time=58.24s.
-- 400/592 [67.6%], loss=0.1057, dgw=0.1057, reg=0.0000, time=69.30s.
-- 425/592 [71.8%], loss=0.1029, dgw=0.1029, reg=0.0000, time=60.06s.
-- 450/592 [76.0%], loss=0.1035, dgw=0.1035, reg=0.0000, time=43.49s.
-- 475/592 [80.2%], loss=0.1017, dgw=0.1017, reg=0.0000, time=62.22s.
-- 500/592 [84.5%], loss=0.0957, dgw=0.0957, reg=0.0000, time=58.04s.
-- 525/592 [88.7%], loss=0.1033, dgw=0.1033, reg=0.0000, time=65.67s.
-- 550/592 [92.9%], loss=0.0978, dgw=0.0978, reg=0.0000, time=60.43s.
-- 575/592 [97.1%], loss=0.1037, dgw=0.1037, reg=0.0000, time=60.88s.
-- 592/592 [100.0%], loss=0.1104, dgw=0.1104, reg=0.0000, time=24.14s.
fit: Epoch 5/15, loss = 0.1071, best loss = 0.1071
results/ENZYMES_Our_Spectral_usl_tsne_fit_5.pdf
-- 25/592 [4.2%], loss=0.1035, dgw=0.1035, reg=0.0000, time=44.68s.
-- 50/592 [8.4%], loss=0.1017, dgw=0.1017, reg=0.0000, time=60.63s.
-- 75/592 [12.7%], loss=0.1062, dgw=0.1062, reg=0.0000, time=67.82s.
-- 100/592 [16.9%], loss=0.1048, dgw=0.1048, reg=0.0000, time=48.69s.
-- 125/592 [21.1%], loss=0.1043, dgw=0.1043, reg=0.0000, time=25.62s.
-- 150/592 [25.3%], loss=0.0973, dgw=0.0973, reg=0.0000, time=46.33s.
-- 175/592 [29.6%], loss=0.0976, dgw=0.0976, reg=0.0000, time=50.33s.
-- 200/592 [33.8%], loss=0.0957, dgw=0.0957, reg=0.0000, time=70.74s.
-- 225/592 [38.0%], loss=0.1191, dgw=0.1191, reg=0.0000, time=57.99s.
-- 250/592 [42.2%], loss=0.1243, dgw=0.1243, reg=0.0000, time=60.70s.
-- 275/592 [46.5%], loss=0.1410, dgw=0.1410, reg=0.0000, time=55.11s.
-- 300/592 [50.7%], loss=0.1354, dgw=0.1354, reg=0.0000, time=55.02s.
-- 325/592 [54.9%], loss=0.1396, dgw=0.1396, reg=0.0000, time=66.70s.
-- 350/592 [59.1%], loss=0.1590, dgw=0.1590, reg=0.0000, time=50.33s.
-- 375/592 [63.3%], loss=0.1210, dgw=0.1210, reg=0.0000, time=61.79s.
-- 400/592 [67.6%], loss=0.1795, dgw=0.1795, reg=0.0000, time=50.84s.
-- 425/592 [71.8%], loss=0.1776, dgw=0.1776, reg=0.0000, time=59.53s.
-- 450/592 [76.0%], loss=0.1298, dgw=0.1298, reg=0.0000, time=41.09s.
-- 475/592 [80.2%], loss=0.1685, dgw=0.1685, reg=0.0000, time=60.83s.
-- 500/592 [84.5%], loss=0.1561, dgw=0.1561, reg=0.0000, time=61.82s.
-- 525/592 [88.7%], loss=0.1589, dgw=0.1589, reg=0.0000, time=48.36s.
-- 550/592 [92.9%], loss=0.1873, dgw=0.1873, reg=0.0000, time=39.84s.
-- 575/592 [97.1%], loss=0.2061, dgw=0.2061, reg=0.0000, time=54.33s.
-- 592/592 [100.0%], loss=0.1746, dgw=0.1746, reg=0.0000, time=35.86s.
fit: Epoch 6/15, loss = 0.1365, best loss = 0.1071
results/ENZYMES_Our_Spectral_usl_tsne_fit_6.pdf
-- 25/592 [4.2%], loss=0.2509, dgw=0.2509, reg=0.0000, time=46.19s.
-- 50/592 [8.4%], loss=0.2676, dgw=0.2676, reg=0.0000, time=60.10s.
-- 75/592 [12.7%], loss=0.2296, dgw=0.2296, reg=0.0000, time=46.24s.
-- 100/592 [16.9%], loss=0.2279, dgw=0.2279, reg=0.0000, time=60.58s.
-- 125/592 [21.1%], loss=0.2370, dgw=0.2370, reg=0.0000, time=48.25s.
-- 150/592 [25.3%], loss=0.2305, dgw=0.2305, reg=0.0000, time=58.06s.
-- 175/592 [29.6%], loss=0.2522, dgw=0.2522, reg=0.0000, time=52.74s.
-- 200/592 [33.8%], loss=0.2927, dgw=0.2927, reg=0.0000, time=43.96s.
-- 225/592 [38.0%], loss=0.2684, dgw=0.2684, reg=0.0000, time=62.30s.
-- 250/592 [42.2%], loss=0.2738, dgw=0.2738, reg=0.0000, time=60.91s.
-- 275/592 [46.5%], loss=0.3149, dgw=0.3149, reg=0.0000, time=38.21s.
-- 300/592 [50.7%], loss=0.3470, dgw=0.3470, reg=0.0000, time=30.58s.
-- 325/592 [54.9%], loss=0.3322, dgw=0.3322, reg=0.0000, time=41.01s.
-- 350/592 [59.1%], loss=0.3619, dgw=0.3619, reg=0.0000, time=44.70s.
-- 375/592 [63.3%], loss=0.3574, dgw=0.3574, reg=0.0000, time=48.04s.
-- 400/592 [67.6%], loss=0.3667, dgw=0.3667, reg=0.0000, time=35.37s.
-- 425/592 [71.8%], loss=0.3179, dgw=0.3179, reg=0.0000, time=47.44s.
-- 450/592 [76.0%], loss=0.3003, dgw=0.3003, reg=0.0000, time=49.48s.
-- 475/592 [80.2%], loss=0.3273, dgw=0.3273, reg=0.0000, time=45.99s.
-- 500/592 [84.5%], loss=0.2829, dgw=0.2829, reg=0.0000, time=53.84s.
-- 525/592 [88.7%], loss=0.2533, dgw=0.2533, reg=0.0000, time=54.20s.
-- 550/592 [92.9%], loss=0.3160, dgw=0.3160, reg=0.0000, time=69.60s.
-- 575/592 [97.1%], loss=0.2810, dgw=0.2810, reg=0.0000, time=49.76s.
-- 592/592 [100.0%], loss=0.3113, dgw=0.3113, reg=0.0000, time=35.71s.
fit: Epoch 7/15, loss = 0.2914, best loss = 0.1071
results/ENZYMES_Our_Spectral_usl_tsne_fit_7.pdf
-- 25/592 [4.2%], loss=0.3091, dgw=0.3091, reg=0.0000, time=47.98s.
-- 50/592 [8.4%], loss=0.3401, dgw=0.3401, reg=0.0000, time=37.30s.
-- 75/592 [12.7%], loss=0.3405, dgw=0.3405, reg=0.0000, time=44.74s.
-- 100/592 [16.9%], loss=0.3265, dgw=0.3265, reg=0.0000, time=40.26s.
-- 125/592 [21.1%], loss=0.3434, dgw=0.3434, reg=0.0000, time=39.76s.
-- 150/592 [25.3%], loss=0.3349, dgw=0.3349, reg=0.0000, time=55.17s.
-- 175/592 [29.6%], loss=0.3040, dgw=0.3040, reg=0.0000, time=46.65s.
-- 200/592 [33.8%], loss=0.2859, dgw=0.2859, reg=0.0000, time=41.76s.
-- 225/592 [38.0%], loss=0.3040, dgw=0.3040, reg=0.0000, time=44.20s.
-- 250/592 [42.2%], loss=0.2722, dgw=0.2722, reg=0.0000, time=45.91s.
-- 275/592 [46.5%], loss=0.2986, dgw=0.2986, reg=0.0000, time=45.14s.
-- 300/592 [50.7%], loss=0.2789, dgw=0.2789, reg=0.0000, time=53.72s.
-- 325/592 [54.9%], loss=0.2764, dgw=0.2764, reg=0.0000, time=38.62s.
-- 350/592 [59.1%], loss=0.2766, dgw=0.2766, reg=0.0000, time=44.39s.
-- 375/592 [63.3%], loss=0.2561, dgw=0.2561, reg=0.0000, time=52.54s.
-- 400/592 [67.6%], loss=0.2631, dgw=0.2631, reg=0.0000, time=45.33s.
-- 425/592 [71.8%], loss=0.2565, dgw=0.2565, reg=0.0000, time=46.18s.
-- 450/592 [76.0%], loss=0.2377, dgw=0.2377, reg=0.0000, time=44.87s.
-- 475/592 [80.2%], loss=0.2849, dgw=0.2849, reg=0.0000, time=53.44s.
-- 500/592 [84.5%], loss=0.2451, dgw=0.2451, reg=0.0000, time=45.34s.
-- 525/592 [88.7%], loss=0.2540, dgw=0.2540, reg=0.0000, time=56.86s.
-- 550/592 [92.9%], loss=0.2974, dgw=0.2974, reg=0.0000, time=40.74s.
-- 575/592 [97.1%], loss=0.2571, dgw=0.2571, reg=0.0000, time=42.30s.
-- 592/592 [100.0%], loss=0.2693, dgw=0.2693, reg=0.0000, time=31.96s.
fit: Epoch 8/15, loss = 0.2883, best loss = 0.1071
results/ENZYMES_Our_Spectral_usl_tsne_fit_8.pdf
-- 25/592 [4.2%], loss=0.2335, dgw=0.2335, reg=0.0000, time=38.90s.
-- 50/592 [8.4%], loss=0.2843, dgw=0.2843, reg=0.0000, time=30.55s.
-- 75/592 [12.7%], loss=0.2438, dgw=0.2438, reg=0.0000, time=35.17s.
-- 100/592 [16.9%], loss=0.2772, dgw=0.2772, reg=0.0000, time=45.89s.
-- 125/592 [21.1%], loss=0.2445, dgw=0.2445, reg=0.0000, time=45.30s.
-- 150/592 [25.3%], loss=0.2588, dgw=0.2588, reg=0.0000, time=38.73s.
-- 175/592 [29.6%], loss=0.2814, dgw=0.2814, reg=0.0000, time=27.16s.
-- 200/592 [33.8%], loss=0.2584, dgw=0.2584, reg=0.0000, time=35.28s.
-- 225/592 [38.0%], loss=0.2632, dgw=0.2632, reg=0.0000, time=36.66s.
-- 250/592 [42.2%], loss=0.2782, dgw=0.2782, reg=0.0000, time=38.22s.
-- 275/592 [46.5%], loss=0.2718, dgw=0.2718, reg=0.0000, time=43.95s.
-- 300/592 [50.7%], loss=0.2791, dgw=0.2791, reg=0.0000, time=43.09s.
-- 325/592 [54.9%], loss=0.2699, dgw=0.2699, reg=0.0000, time=51.76s.
-- 350/592 [59.1%], loss=0.2711, dgw=0.2711, reg=0.0000, time=38.78s.
-- 375/592 [63.3%], loss=0.2853, dgw=0.2853, reg=0.0000, time=30.71s.
-- 400/592 [67.6%], loss=0.2530, dgw=0.2530, reg=0.0000, time=46.52s.
-- 425/592 [71.8%], loss=0.2607, dgw=0.2607, reg=0.0000, time=36.53s.
-- 450/592 [76.0%], loss=0.2507, dgw=0.2507, reg=0.0000, time=32.63s.
-- 475/592 [80.2%], loss=0.2912, dgw=0.2912, reg=0.0000, time=31.64s.
-- 500/592 [84.5%], loss=0.2558, dgw=0.2558, reg=0.0000, time=38.57s.
-- 525/592 [88.7%], loss=0.2735, dgw=0.2735, reg=0.0000, time=41.14s.
-- 550/592 [92.9%], loss=0.2538, dgw=0.2538, reg=0.0000, time=33.47s.
-- 575/592 [97.1%], loss=0.2787, dgw=0.2787, reg=0.0000, time=38.78s.
-- 592/592 [100.0%], loss=0.2571, dgw=0.2571, reg=0.0000, time=28.67s.
fit: Epoch 9/15, loss = 0.2657, best loss = 0.1071
results/ENZYMES_Our_Spectral_usl_tsne_fit_9.pdf
-- 25/592 [4.2%], loss=0.2607, dgw=0.2607, reg=0.0000, time=52.27s.
-- 50/592 [8.4%], loss=0.2634, dgw=0.2634, reg=0.0000, time=50.77s.
-- 75/592 [12.7%], loss=0.2789, dgw=0.2789, reg=0.0000, time=41.31s.
-- 100/592 [16.9%], loss=0.2688, dgw=0.2688, reg=0.0000, time=37.36s.
-- 125/592 [21.1%], loss=0.2787, dgw=0.2787, reg=0.0000, time=35.18s.
-- 150/592 [25.3%], loss=0.2647, dgw=0.2647, reg=0.0000, time=29.66s.
-- 175/592 [29.6%], loss=0.2729, dgw=0.2729, reg=0.0000, time=34.07s.
-- 200/592 [33.8%], loss=0.2662, dgw=0.2662, reg=0.0000, time=43.09s.
-- 225/592 [38.0%], loss=0.2805, dgw=0.2805, reg=0.0000, time=40.01s.
-- 250/592 [42.2%], loss=0.2685, dgw=0.2685, reg=0.0000, time=32.88s.
-- 275/592 [46.5%], loss=0.2816, dgw=0.2816, reg=0.0000, time=38.13s.
-- 300/592 [50.7%], loss=0.2608, dgw=0.2608, reg=0.0000, time=42.49s.
-- 325/592 [54.9%], loss=0.3038, dgw=0.3038, reg=0.0000, time=39.07s.
-- 350/592 [59.1%], loss=0.2827, dgw=0.2827, reg=0.0000, time=49.68s.
-- 375/592 [63.3%], loss=0.2764, dgw=0.2764, reg=0.0000, time=40.67s.
-- 400/592 [67.6%], loss=0.3127, dgw=0.3127, reg=0.0000, time=37.47s.
-- 425/592 [71.8%], loss=0.3059, dgw=0.3059, reg=0.0000, time=30.46s.
-- 450/592 [76.0%], loss=0.2813, dgw=0.2813, reg=0.0000, time=37.47s.
-- 475/592 [80.2%], loss=0.3065, dgw=0.3065, reg=0.0000, time=54.15s.
-- 500/592 [84.5%], loss=0.2882, dgw=0.2882, reg=0.0000, time=41.39s.
-- 525/592 [88.7%], loss=0.3087, dgw=0.3087, reg=0.0000, time=41.83s.
-- 550/592 [92.9%], loss=0.3216, dgw=0.3216, reg=0.0000, time=43.31s.
-- 575/592 [97.1%], loss=0.3107, dgw=0.3107, reg=0.0000, time=40.85s.
-- 592/592 [100.0%], loss=0.3370, dgw=0.3370, reg=0.0000, time=32.78s.
fit: Epoch 10/15, loss = 0.2860, best loss = 0.1071
results/ENZYMES_Our_Spectral_usl_tsne_fit_10.pdf
-- 25/592 [4.2%], loss=0.3176, dgw=0.3176, reg=0.0000, time=34.81s.
-- 50/592 [8.4%], loss=0.3231, dgw=0.3231, reg=0.0000, time=31.06s.
-- 75/592 [12.7%], loss=0.3418, dgw=0.3418, reg=0.0000, time=32.65s.
-- 100/592 [16.9%], loss=0.3190, dgw=0.3190, reg=0.0000, time=49.85s.
-- 125/592 [21.1%], loss=0.3102, dgw=0.3102, reg=0.0000, time=46.25s.
-- 150/592 [25.3%], loss=0.3324, dgw=0.3324, reg=0.0000, time=38.75s.
-- 175/592 [29.6%], loss=0.3373, dgw=0.3373, reg=0.0000, time=37.47s.
-- 200/592 [33.8%], loss=0.3163, dgw=0.3163, reg=0.0000, time=50.70s.
-- 225/592 [38.0%], loss=0.3250, dgw=0.3250, reg=0.0000, time=44.54s.
-- 250/592 [42.2%], loss=0.3687, dgw=0.3687, reg=0.0000, time=45.11s.
-- 275/592 [46.5%], loss=0.3353, dgw=0.3353, reg=0.0000, time=43.80s.
-- 300/592 [50.7%], loss=0.3493, dgw=0.3493, reg=0.0000, time=49.54s.
-- 325/592 [54.9%], loss=0.3348, dgw=0.3348, reg=0.0000, time=47.54s.
-- 350/592 [59.1%], loss=0.3329, dgw=0.3329, reg=0.0000, time=43.03s.
-- 375/592 [63.3%], loss=0.3390, dgw=0.3390, reg=0.0000, time=36.08s.
-- 400/592 [67.6%], loss=0.3752, dgw=0.3752, reg=0.0000, time=39.57s.
-- 425/592 [71.8%], loss=0.3273, dgw=0.3273, reg=0.0000, time=35.28s.
-- 450/592 [76.0%], loss=0.3565, dgw=0.3565, reg=0.0000, time=43.72s.
-- 475/592 [80.2%], loss=0.3531, dgw=0.3531, reg=0.0000, time=41.53s.
-- 500/592 [84.5%], loss=0.3185, dgw=0.3185, reg=0.0000, time=28.85s.
-- 525/592 [88.7%], loss=0.3599, dgw=0.3599, reg=0.0000, time=39.71s.
-- 550/592 [92.9%], loss=0.3912, dgw=0.3912, reg=0.0000, time=24.97s.
-- 575/592 [97.1%], loss=0.3517, dgw=0.3517, reg=0.0000, time=36.83s.
-- 592/592 [100.0%], loss=0.3944, dgw=0.3944, reg=0.0000, time=30.27s.
fit: Epoch 11/15, loss = 0.3414, best loss = 0.1071
results/ENZYMES_Our_Spectral_usl_tsne_fit_11.pdf
-- 25/592 [4.2%], loss=0.3396, dgw=0.3396, reg=0.0000, time=43.86s.
-- 50/592 [8.4%], loss=0.3657, dgw=0.3657, reg=0.0000, time=35.92s.
-- 75/592 [12.7%], loss=0.3188, dgw=0.3188, reg=0.0000, time=36.27s.
-- 100/592 [16.9%], loss=0.3450, dgw=0.3450, reg=0.0000, time=44.99s.
-- 125/592 [21.1%], loss=0.3482, dgw=0.3482, reg=0.0000, time=48.67s.
-- 150/592 [25.3%], loss=0.3520, dgw=0.3520, reg=0.0000, time=36.86s.
-- 175/592 [29.6%], loss=0.3114, dgw=0.3114, reg=0.0000, time=41.87s.
-- 200/592 [33.8%], loss=0.3497, dgw=0.3497, reg=0.0000, time=45.97s.
-- 225/592 [38.0%], loss=0.3222, dgw=0.3222, reg=0.0000, time=43.61s.
-- 250/592 [42.2%], loss=0.3223, dgw=0.3223, reg=0.0000, time=33.97s.
-- 275/592 [46.5%], loss=0.3222, dgw=0.3222, reg=0.0000, time=48.59s.
-- 300/592 [50.7%], loss=0.3054, dgw=0.3054, reg=0.0000, time=50.87s.
-- 325/592 [54.9%], loss=0.3080, dgw=0.3080, reg=0.0000, time=49.64s.
-- 350/592 [59.1%], loss=0.3146, dgw=0.3146, reg=0.0000, time=40.46s.
-- 375/592 [63.3%], loss=0.3264, dgw=0.3264, reg=0.0000, time=23.60s.
-- 400/592 [67.6%], loss=0.3280, dgw=0.3280, reg=0.0000, time=34.01s.
-- 425/592 [71.8%], loss=0.2900, dgw=0.2900, reg=0.0000, time=42.35s.
-- 450/592 [76.0%], loss=0.3261, dgw=0.3261, reg=0.0000, time=34.33s.
-- 475/592 [80.2%], loss=0.3055, dgw=0.3055, reg=0.0000, time=33.07s.
-- 500/592 [84.5%], loss=0.2961, dgw=0.2961, reg=0.0000, time=37.03s.
-- 525/592 [88.7%], loss=0.2986, dgw=0.2986, reg=0.0000, time=32.95s.
-- 550/592 [92.9%], loss=0.3203, dgw=0.3203, reg=0.0000, time=41.92s.
-- 575/592 [97.1%], loss=0.3160, dgw=0.3160, reg=0.0000, time=38.40s.
-- 592/592 [100.0%], loss=0.2923, dgw=0.2923, reg=0.0000, time=38.77s.
fit: Epoch 12/15, loss = 0.3223, best loss = 0.1071
results/ENZYMES_Our_Spectral_usl_tsne_fit_12.pdf
-- 25/592 [4.2%], loss=0.3017, dgw=0.3017, reg=0.0000, time=50.74s.
-- 50/592 [8.4%], loss=0.2993, dgw=0.2993, reg=0.0000, time=46.59s.
-- 75/592 [12.7%], loss=0.2940, dgw=0.2940, reg=0.0000, time=43.49s.
-- 100/592 [16.9%], loss=0.2884, dgw=0.2884, reg=0.0000, time=42.42s.
-- 125/592 [21.1%], loss=0.3173, dgw=0.3173, reg=0.0000, time=38.20s.
-- 150/592 [25.3%], loss=0.3299, dgw=0.3299, reg=0.0000, time=39.52s.
-- 175/592 [29.6%], loss=0.3173, dgw=0.3173, reg=0.0000, time=44.07s.
-- 200/592 [33.8%], loss=0.2828, dgw=0.2828, reg=0.0000, time=46.79s.
-- 225/592 [38.0%], loss=0.3332, dgw=0.3332, reg=0.0000, time=45.33s.
-- 250/592 [42.2%], loss=0.3032, dgw=0.3032, reg=0.0000, time=41.43s.
-- 275/592 [46.5%], loss=0.3130, dgw=0.3130, reg=0.0000, time=43.21s.
-- 300/592 [50.7%], loss=0.2937, dgw=0.2937, reg=0.0000, time=35.81s.
-- 325/592 [54.9%], loss=0.3387, dgw=0.3387, reg=0.0000, time=35.30s.
-- 350/592 [59.1%], loss=0.2972, dgw=0.2972, reg=0.0000, time=42.14s.
-- 375/592 [63.3%], loss=0.3305, dgw=0.3305, reg=0.0000, time=50.59s.
-- 400/592 [67.6%], loss=0.3418, dgw=0.3418, reg=0.0000, time=39.39s.
-- 425/592 [71.8%], loss=0.2908, dgw=0.2908, reg=0.0000, time=40.15s.
-- 450/592 [76.0%], loss=0.3188, dgw=0.3188, reg=0.0000, time=38.52s.
-- 475/592 [80.2%], loss=0.3101, dgw=0.3101, reg=0.0000, time=35.21s.
-- 500/592 [84.5%], loss=0.3541, dgw=0.3541, reg=0.0000, time=36.58s.
-- 525/592 [88.7%], loss=0.3352, dgw=0.3352, reg=0.0000, time=38.11s.
-- 550/592 [92.9%], loss=0.3208, dgw=0.3208, reg=0.0000, time=33.67s.
-- 575/592 [97.1%], loss=0.3683, dgw=0.3683, reg=0.0000, time=27.68s.
-- 592/592 [100.0%], loss=0.3110, dgw=0.3110, reg=0.0000, time=36.22s.
fit: Epoch 13/15, loss = 0.3164, best loss = 0.1071
results/ENZYMES_Our_Spectral_usl_tsne_fit_13.pdf
-- 25/592 [4.2%], loss=0.3742, dgw=0.3742, reg=0.0000, time=44.13s.
-- 50/592 [8.4%], loss=0.3966, dgw=0.3966, reg=0.0000, time=32.99s.
-- 75/592 [12.7%], loss=0.3853, dgw=0.3853, reg=0.0000, time=40.74s.
-- 100/592 [16.9%], loss=0.3828, dgw=0.3828, reg=0.0000, time=36.49s.
-- 125/592 [21.1%], loss=0.3873, dgw=0.3873, reg=0.0000, time=30.36s.
-- 150/592 [25.3%], loss=0.4414, dgw=0.4414, reg=0.0000, time=34.69s.
-- 175/592 [29.6%], loss=0.3727, dgw=0.3727, reg=0.0000, time=32.46s.
-- 200/592 [33.8%], loss=0.4387, dgw=0.4387, reg=0.0000, time=31.00s.
-- 225/592 [38.0%], loss=0.4405, dgw=0.4405, reg=0.0000, time=29.95s.
-- 250/592 [42.2%], loss=0.4396, dgw=0.4396, reg=0.0000, time=31.04s.
-- 275/592 [46.5%], loss=0.4140, dgw=0.4140, reg=0.0000, time=31.97s.
-- 300/592 [50.7%], loss=0.4398, dgw=0.4398, reg=0.0000, time=30.16s.
-- 325/592 [54.9%], loss=0.4289, dgw=0.4289, reg=0.0000, time=34.60s.
-- 350/592 [59.1%], loss=0.5070, dgw=0.5070, reg=0.0000, time=30.76s.
-- 375/592 [63.3%], loss=0.4609, dgw=0.4609, reg=0.0000, time=32.43s.
-- 400/592 [67.6%], loss=0.4824, dgw=0.4824, reg=0.0000, time=35.47s.
-- 425/592 [71.8%], loss=0.5336, dgw=0.5336, reg=0.0000, time=32.49s.
-- 450/592 [76.0%], loss=0.5436, dgw=0.5436, reg=0.0000, time=41.86s.
-- 475/592 [80.2%], loss=0.5094, dgw=0.5094, reg=0.0000, time=29.89s.
-- 500/592 [84.5%], loss=0.5761, dgw=0.5761, reg=0.0000, time=42.28s.
-- 525/592 [88.7%], loss=0.5757, dgw=0.5757, reg=0.0000, time=37.50s.
-- 550/592 [92.9%], loss=0.5718, dgw=0.5718, reg=0.0000, time=43.72s.
-- 575/592 [97.1%], loss=0.5498, dgw=0.5498, reg=0.0000, time=37.59s.
-- 592/592 [100.0%], loss=0.5249, dgw=0.5249, reg=0.0000, time=22.55s.
fit: Epoch 14/15, loss = 0.4649, best loss = 0.1071
results/ENZYMES_Our_Spectral_usl_tsne_fit_14.pdf
-- 25/592 [4.2%], loss=0.5121, dgw=0.5121, reg=0.0000, time=38.81s.
-- 50/592 [8.4%], loss=0.5111, dgw=0.5111, reg=0.0000, time=38.53s.
-- 75/592 [12.7%], loss=0.5011, dgw=0.5011, reg=0.0000, time=38.83s.
-- 100/592 [16.9%], loss=0.5398, dgw=0.5398, reg=0.0000, time=45.49s.
-- 125/592 [21.1%], loss=0.5400, dgw=0.5400, reg=0.0000, time=36.61s.
-- 150/592 [25.3%], loss=0.5710, dgw=0.5710, reg=0.0000, time=38.56s.
-- 175/592 [29.6%], loss=0.5430, dgw=0.5430, reg=0.0000, time=39.54s.
-- 200/592 [33.8%], loss=0.5733, dgw=0.5733, reg=0.0000, time=35.74s.
-- 225/592 [38.0%], loss=0.5441, dgw=0.5441, reg=0.0000, time=38.68s.
-- 250/592 [42.2%], loss=0.5158, dgw=0.5158, reg=0.0000, time=39.59s.
-- 275/592 [46.5%], loss=0.5594, dgw=0.5594, reg=0.0000, time=35.99s.
-- 300/592 [50.7%], loss=0.5908, dgw=0.5908, reg=0.0000, time=45.61s.
-- 325/592 [54.9%], loss=0.5911, dgw=0.5911, reg=0.0000, time=43.29s.
-- 350/592 [59.1%], loss=0.5612, dgw=0.5612, reg=0.0000, time=28.98s.
-- 375/592 [63.3%], loss=0.5767, dgw=0.5767, reg=0.0000, time=44.60s.
-- 400/592 [67.6%], loss=0.5514, dgw=0.5514, reg=0.0000, time=38.65s.
-- 425/592 [71.8%], loss=0.5477, dgw=0.5477, reg=0.0000, time=40.39s.
-- 450/592 [76.0%], loss=0.5344, dgw=0.5344, reg=0.0000, time=35.68s.
-- 475/592 [80.2%], loss=0.5706, dgw=0.5706, reg=0.0000, time=42.35s.
-- 500/592 [84.5%], loss=0.5542, dgw=0.5542, reg=0.0000, time=34.50s.
-- 525/592 [88.7%], loss=0.5547, dgw=0.5547, reg=0.0000, time=31.71s.
-- 550/592 [92.9%], loss=0.5342, dgw=0.5342, reg=0.0000, time=39.89s.
-- 575/592 [97.1%], loss=0.5919, dgw=0.5919, reg=0.0000, time=34.19s.
-- 592/592 [100.0%], loss=0.6005, dgw=0.6005, reg=0.0000, time=24.41s.
fit: Epoch 15/15, loss = 0.5523, best loss = 0.1071
results/ENZYMES_Our_Spectral_usl_tsne_fit_15.pdf
Rand Score: 0.7235160287190744
Done!
