MORE THAN 2 CLASSES!
-- 25/221 [11.3%], loss=0.2318, dgw=0.2318, reg=0.0000, time=21.61s.
-- 50/221 [22.6%], loss=0.2303, dgw=0.2303, reg=0.0000, time=24.30s.
-- 75/221 [33.9%], loss=0.2282, dgw=0.2282, reg=0.0000, time=19.01s.
-- 100/221 [45.2%], loss=0.2229, dgw=0.2229, reg=0.0000, time=20.08s.
-- 125/221 [56.6%], loss=0.2233, dgw=0.2233, reg=0.0000, time=14.00s.
-- 150/221 [67.9%], loss=0.2196, dgw=0.2196, reg=0.0000, time=18.80s.
-- 175/221 [79.2%], loss=0.2150, dgw=0.2150, reg=0.0000, time=22.05s.
-- 200/221 [90.5%], loss=0.2153, dgw=0.2153, reg=0.0000, time=29.41s.
-- 221/221 [100.0%], loss=0.2137, dgw=0.2137, reg=0.0000, time=42.97s.
fit: Epoch 1/15, loss = 0.2224, best loss = 0.2224
results/MSRC_9_Jin_Multi_usl_tsne_fit_1.pdf
-- 25/221 [11.3%], loss=0.2140, dgw=0.2140, reg=0.0000, time=33.77s.
-- 50/221 [22.6%], loss=0.2115, dgw=0.2115, reg=0.0000, time=38.20s.
-- 75/221 [33.9%], loss=0.2038, dgw=0.2038, reg=0.0000, time=50.17s.
-- 100/221 [45.2%], loss=0.2089, dgw=0.2089, reg=0.0000, time=46.29s.
-- 125/221 [56.6%], loss=0.2040, dgw=0.2040, reg=0.0000, time=61.34s.
-- 150/221 [67.9%], loss=0.2021, dgw=0.2021, reg=0.0000, time=62.79s.
-- 175/221 [79.2%], loss=0.1988, dgw=0.1988, reg=0.0000, time=64.07s.
-- 200/221 [90.5%], loss=0.2013, dgw=0.2013, reg=0.0000, time=53.03s.
-- 221/221 [100.0%], loss=0.1978, dgw=0.1978, reg=0.0000, time=32.41s.
fit: Epoch 2/15, loss = 0.2048, best loss = 0.2048
results/MSRC_9_Jin_Multi_usl_tsne_fit_2.pdf
-- 25/221 [11.3%], loss=0.1949, dgw=0.1949, reg=0.0000, time=60.16s.
-- 50/221 [22.6%], loss=0.1921, dgw=0.1921, reg=0.0000, time=55.98s.
-- 75/221 [33.9%], loss=0.1923, dgw=0.1923, reg=0.0000, time=54.96s.
-- 100/221 [45.2%], loss=0.1891, dgw=0.1891, reg=0.0000, time=74.05s.
-- 125/221 [56.6%], loss=0.1895, dgw=0.1895, reg=0.0000, time=62.71s.
-- 150/221 [67.9%], loss=0.1884, dgw=0.1884, reg=0.0000, time=48.49s.
-- 175/221 [79.2%], loss=0.1844, dgw=0.1844, reg=0.0000, time=53.93s.
-- 200/221 [90.5%], loss=0.1836, dgw=0.1836, reg=0.0000, time=42.64s.
-- 221/221 [100.0%], loss=0.1816, dgw=0.1816, reg=0.0000, time=47.51s.
fit: Epoch 3/15, loss = 0.1886, best loss = 0.1886
results/MSRC_9_Jin_Multi_usl_tsne_fit_3.pdf
-- 25/221 [11.3%], loss=0.1793, dgw=0.1793, reg=0.0000, time=61.12s.
-- 50/221 [22.6%], loss=0.1777, dgw=0.1777, reg=0.0000, time=48.49s.
-- 75/221 [33.9%], loss=0.1773, dgw=0.1773, reg=0.0000, time=74.83s.
-- 100/221 [45.2%], loss=0.1747, dgw=0.1747, reg=0.0000, time=69.67s.
-- 125/221 [56.6%], loss=0.1733, dgw=0.1733, reg=0.0000, time=61.12s.
-- 150/221 [67.9%], loss=0.1712, dgw=0.1712, reg=0.0000, time=55.44s.
-- 175/221 [79.2%], loss=0.1746, dgw=0.1746, reg=0.0000, time=52.79s.
-- 200/221 [90.5%], loss=0.1694, dgw=0.1694, reg=0.0000, time=63.73s.
-- 221/221 [100.0%], loss=0.1698, dgw=0.1698, reg=0.0000, time=48.57s.
fit: Epoch 4/15, loss = 0.1742, best loss = 0.1742
results/MSRC_9_Jin_Multi_usl_tsne_fit_4.pdf
-- 25/221 [11.3%], loss=0.1659, dgw=0.1659, reg=0.0000, time=65.18s.
-- 50/221 [22.6%], loss=0.1662, dgw=0.1662, reg=0.0000, time=71.60s.
-- 75/221 [33.9%], loss=0.1650, dgw=0.1650, reg=0.0000, time=57.04s.
-- 100/221 [45.2%], loss=0.1624, dgw=0.1624, reg=0.0000, time=50.51s.
-- 125/221 [56.6%], loss=0.1598, dgw=0.1598, reg=0.0000, time=65.88s.
-- 150/221 [67.9%], loss=0.1589, dgw=0.1589, reg=0.0000, time=54.65s.
-- 175/221 [79.2%], loss=0.1561, dgw=0.1561, reg=0.0000, time=63.06s.
-- 200/221 [90.5%], loss=0.1585, dgw=0.1585, reg=0.0000, time=56.35s.
-- 221/221 [100.0%], loss=0.1516, dgw=0.1516, reg=0.0000, time=55.25s.
fit: Epoch 5/15, loss = 0.1607, best loss = 0.1607
results/MSRC_9_Jin_Multi_usl_tsne_fit_5.pdf
-- 25/221 [11.3%], loss=0.1525, dgw=0.1525, reg=0.0000, time=46.52s.
-- 50/221 [22.6%], loss=0.1526, dgw=0.1526, reg=0.0000, time=49.61s.
-- 75/221 [33.9%], loss=0.1526, dgw=0.1526, reg=0.0000, time=55.19s.
-- 100/221 [45.2%], loss=0.1473, dgw=0.1473, reg=0.0000, time=45.14s.
-- 125/221 [56.6%], loss=0.1477, dgw=0.1477, reg=0.0000, time=60.67s.
-- 150/221 [67.9%], loss=0.1452, dgw=0.1452, reg=0.0000, time=48.07s.
-- 175/221 [79.2%], loss=0.1472, dgw=0.1472, reg=0.0000, time=43.59s.
-- 200/221 [90.5%], loss=0.1474, dgw=0.1474, reg=0.0000, time=47.92s.
-- 221/221 [100.0%], loss=0.1413, dgw=0.1413, reg=0.0000, time=62.31s.
fit: Epoch 6/15, loss = 0.1483, best loss = 0.1483
results/MSRC_9_Jin_Multi_usl_tsne_fit_6.pdf
-- 25/221 [11.3%], loss=0.1403, dgw=0.1403, reg=0.0000, time=56.72s.
-- 50/221 [22.6%], loss=0.1418, dgw=0.1418, reg=0.0000, time=55.58s.
-- 75/221 [33.9%], loss=0.1386, dgw=0.1386, reg=0.0000, time=60.20s.
-- 100/221 [45.2%], loss=0.1378, dgw=0.1378, reg=0.0000, time=64.90s.
-- 125/221 [56.6%], loss=0.1444, dgw=0.1444, reg=0.0000, time=49.37s.
-- 150/221 [67.9%], loss=0.1349, dgw=0.1349, reg=0.0000, time=57.43s.
-- 175/221 [79.2%], loss=0.1339, dgw=0.1339, reg=0.0000, time=39.81s.
-- 200/221 [90.5%], loss=0.1329, dgw=0.1329, reg=0.0000, time=55.00s.
-- 221/221 [100.0%], loss=0.1337, dgw=0.1337, reg=0.0000, time=32.07s.
fit: Epoch 7/15, loss = 0.1377, best loss = 0.1377
results/MSRC_9_Jin_Multi_usl_tsne_fit_7.pdf
-- 25/221 [11.3%], loss=0.1321, dgw=0.1321, reg=0.0000, time=56.95s.
-- 50/221 [22.6%], loss=0.1376, dgw=0.1376, reg=0.0000, time=70.16s.
-- 75/221 [33.9%], loss=0.1293, dgw=0.1293, reg=0.0000, time=68.21s.
-- 100/221 [45.2%], loss=0.1255, dgw=0.1255, reg=0.0000, time=60.86s.
-- 125/221 [56.6%], loss=0.1333, dgw=0.1333, reg=0.0000, time=49.87s.
-- 150/221 [67.9%], loss=0.1265, dgw=0.1265, reg=0.0000, time=36.17s.
-- 175/221 [79.2%], loss=0.1232, dgw=0.1232, reg=0.0000, time=46.43s.
-- 200/221 [90.5%], loss=0.1284, dgw=0.1284, reg=0.0000, time=66.43s.
-- 221/221 [100.0%], loss=0.1297, dgw=0.1297, reg=0.0000, time=33.42s.
fit: Epoch 8/15, loss = 0.1295, best loss = 0.1295
results/MSRC_9_Jin_Multi_usl_tsne_fit_8.pdf
-- 25/221 [11.3%], loss=0.1215, dgw=0.1215, reg=0.0000, time=58.07s.
-- 50/221 [22.6%], loss=0.1241, dgw=0.1241, reg=0.0000, time=62.07s.
-- 75/221 [33.9%], loss=0.1231, dgw=0.1231, reg=0.0000, time=76.21s.
-- 100/221 [45.2%], loss=0.1237, dgw=0.1237, reg=0.0000, time=57.89s.
-- 125/221 [56.6%], loss=0.1224, dgw=0.1224, reg=0.0000, time=50.99s.
-- 150/221 [67.9%], loss=0.1242, dgw=0.1242, reg=0.0000, time=43.25s.
-- 175/221 [79.2%], loss=0.1200, dgw=0.1200, reg=0.0000, time=61.38s.
-- 200/221 [90.5%], loss=0.1313, dgw=0.1313, reg=0.0000, time=58.58s.
-- 221/221 [100.0%], loss=0.1237, dgw=0.1237, reg=0.0000, time=50.32s.
fit: Epoch 9/15, loss = 0.1238, best loss = 0.1238
results/MSRC_9_Jin_Multi_usl_tsne_fit_9.pdf
-- 25/221 [11.3%], loss=0.1219, dgw=0.1219, reg=0.0000, time=50.21s.
-- 50/221 [22.6%], loss=0.1152, dgw=0.1152, reg=0.0000, time=63.43s.
-- 75/221 [33.9%], loss=0.1315, dgw=0.1315, reg=0.0000, time=58.99s.
-- 100/221 [45.2%], loss=0.1233, dgw=0.1233, reg=0.0000, time=47.71s.
-- 125/221 [56.6%], loss=0.1418, dgw=0.1418, reg=0.0000, time=46.22s.
-- 150/221 [67.9%], loss=0.1489, dgw=0.1489, reg=0.0000, time=32.34s.
-- 175/221 [79.2%], loss=0.1660, dgw=0.1660, reg=0.0000, time=58.32s.
-- 200/221 [90.5%], loss=0.1967, dgw=0.1967, reg=0.0000, time=67.01s.
-- 221/221 [100.0%], loss=0.2253, dgw=0.2253, reg=0.0000, time=52.28s.
fit: Epoch 10/15, loss = 0.1510, best loss = 0.1238
results/MSRC_9_Jin_Multi_usl_tsne_fit_10.pdf
-- 25/221 [11.3%], loss=0.2706, dgw=0.2706, reg=0.0000, time=53.96s.
-- 50/221 [22.6%], loss=0.3204, dgw=0.3204, reg=0.0000, time=50.82s.
-- 75/221 [33.9%], loss=0.3915, dgw=0.3915, reg=0.0000, time=64.69s.
-- 100/221 [45.2%], loss=0.4166, dgw=0.4166, reg=0.0000, time=62.32s.
-- 125/221 [56.6%], loss=0.4889, dgw=0.4889, reg=0.0000, time=41.91s.
-- 150/221 [67.9%], loss=0.5385, dgw=0.5385, reg=0.0000, time=57.33s.
-- 175/221 [79.2%], loss=0.5854, dgw=0.5854, reg=0.0000, time=64.85s.
-- 200/221 [90.5%], loss=0.5887, dgw=0.5887, reg=0.0000, time=45.14s.
-- 221/221 [100.0%], loss=0.6139, dgw=0.6139, reg=0.0000, time=35.15s.
fit: Epoch 11/15, loss = 0.4656, best loss = 0.1238
results/MSRC_9_Jin_Multi_usl_tsne_fit_11.pdf
-- 25/221 [11.3%], loss=0.6587, dgw=0.6587, reg=0.0000, time=56.43s.
-- 50/221 [22.6%], loss=0.6081, dgw=0.6081, reg=0.0000, time=42.86s.
-- 75/221 [33.9%], loss=0.6413, dgw=0.6413, reg=0.0000, time=51.96s.
-- 100/221 [45.2%], loss=0.6529, dgw=0.6529, reg=0.0000, time=56.68s.
-- 125/221 [56.6%], loss=0.6303, dgw=0.6303, reg=0.0000, time=43.88s.
-- 150/221 [67.9%], loss=0.6287, dgw=0.6287, reg=0.0000, time=52.20s.
-- 175/221 [79.2%], loss=0.6223, dgw=0.6223, reg=0.0000, time=55.70s.
-- 200/221 [90.5%], loss=0.6382, dgw=0.6382, reg=0.0000, time=58.83s.
-- 221/221 [100.0%], loss=0.6428, dgw=0.6428, reg=0.0000, time=52.31s.
fit: Epoch 12/15, loss = 0.6358, best loss = 0.1238
results/MSRC_9_Jin_Multi_usl_tsne_fit_12.pdf
-- 25/221 [11.3%], loss=0.6514, dgw=0.6514, reg=0.0000, time=62.30s.
-- 50/221 [22.6%], loss=0.6493, dgw=0.6493, reg=0.0000, time=55.38s.
-- 75/221 [33.9%], loss=0.6422, dgw=0.6422, reg=0.0000, time=43.99s.
-- 100/221 [45.2%], loss=0.6402, dgw=0.6402, reg=0.0000, time=43.97s.
-- 125/221 [56.6%], loss=0.6194, dgw=0.6194, reg=0.0000, time=58.38s.
-- 150/221 [67.9%], loss=0.6048, dgw=0.6048, reg=0.0000, time=46.58s.
-- 175/221 [79.2%], loss=0.6250, dgw=0.6250, reg=0.0000, time=36.65s.
-- 200/221 [90.5%], loss=0.6084, dgw=0.6084, reg=0.0000, time=55.50s.
-- 221/221 [100.0%], loss=0.6332, dgw=0.6332, reg=0.0000, time=48.96s.
fit: Epoch 13/15, loss = 0.6304, best loss = 0.1238
results/MSRC_9_Jin_Multi_usl_tsne_fit_13.pdf
-- 25/221 [11.3%], loss=0.6222, dgw=0.6222, reg=0.0000, time=25.86s.
-- 50/221 [22.6%], loss=0.6279, dgw=0.6279, reg=0.0000, time=35.66s.
-- 75/221 [33.9%], loss=0.6317, dgw=0.6317, reg=0.0000, time=35.15s.
-- 100/221 [45.2%], loss=0.6549, dgw=0.6549, reg=0.0000, time=52.91s.
-- 125/221 [56.6%], loss=0.6655, dgw=0.6655, reg=0.0000, time=46.23s.
-- 150/221 [67.9%], loss=0.6351, dgw=0.6351, reg=0.0000, time=34.94s.
-- 175/221 [79.2%], loss=0.6461, dgw=0.6461, reg=0.0000, time=57.42s.
-- 200/221 [90.5%], loss=0.6752, dgw=0.6752, reg=0.0000, time=35.31s.
-- 221/221 [100.0%], loss=0.6650, dgw=0.6650, reg=0.0000, time=32.40s.
fit: Epoch 14/15, loss = 0.6467, best loss = 0.1238
results/MSRC_9_Jin_Multi_usl_tsne_fit_14.pdf
-- 25/221 [11.3%], loss=0.6874, dgw=0.6874, reg=0.0000, time=50.46s.
-- 50/221 [22.6%], loss=0.6611, dgw=0.6611, reg=0.0000, time=42.12s.
-- 75/221 [33.9%], loss=0.6959, dgw=0.6959, reg=0.0000, time=42.29s.
-- 100/221 [45.2%], loss=0.6812, dgw=0.6812, reg=0.0000, time=38.71s.
-- 125/221 [56.6%], loss=0.7010, dgw=0.7010, reg=0.0000, time=46.07s.
-- 150/221 [67.9%], loss=0.7063, dgw=0.7063, reg=0.0000, time=30.36s.
-- 175/221 [79.2%], loss=0.7264, dgw=0.7264, reg=0.0000, time=51.36s.
-- 200/221 [90.5%], loss=0.7315, dgw=0.7315, reg=0.0000, time=45.38s.
-- 221/221 [100.0%], loss=0.7484, dgw=0.7484, reg=0.0000, time=39.46s.
fit: Epoch 15/15, loss = 0.7035, best loss = 0.1238
results/MSRC_9_Jin_Multi_usl_tsne_fit_15.pdf
Rand Score: 0.7809954751131222
Done!
