MORE THAN 2 CLASSES!
-- 25/221 [11.3%], loss=0.2325, dgw=0.2325, reg=0.0000, time=52.51s.
-- 50/221 [22.6%], loss=0.2261, dgw=0.2261, reg=0.0000, time=58.37s.
-- 75/221 [33.9%], loss=0.2238, dgw=0.2238, reg=0.0000, time=47.32s.
-- 100/221 [45.2%], loss=0.2245, dgw=0.2245, reg=0.0000, time=41.62s.
-- 125/221 [56.6%], loss=0.2219, dgw=0.2219, reg=0.0000, time=53.57s.
-- 150/221 [67.9%], loss=0.2168, dgw=0.2168, reg=0.0000, time=41.78s.
-- 175/221 [79.2%], loss=0.2180, dgw=0.2180, reg=0.0000, time=48.16s.
-- 200/221 [90.5%], loss=0.2140, dgw=0.2140, reg=0.0000, time=70.48s.
-- 221/221 [100.0%], loss=0.2125, dgw=0.2125, reg=0.0000, time=54.30s.
fit: Epoch 1/15, loss = 0.2213, best loss = 0.2213
results/MSRC_9_Jin_Multi_usl_tsne_fit_1.pdf
-- 25/221 [11.3%], loss=0.2119, dgw=0.2119, reg=0.0000, time=40.73s.
-- 50/221 [22.6%], loss=0.2099, dgw=0.2099, reg=0.0000, time=36.15s.
-- 75/221 [33.9%], loss=0.2073, dgw=0.2073, reg=0.0000, time=60.67s.
-- 100/221 [45.2%], loss=0.2030, dgw=0.2030, reg=0.0000, time=63.18s.
-- 125/221 [56.6%], loss=0.2048, dgw=0.2048, reg=0.0000, time=59.54s.
-- 150/221 [67.9%], loss=0.2012, dgw=0.2012, reg=0.0000, time=63.90s.
-- 175/221 [79.2%], loss=0.2000, dgw=0.2000, reg=0.0000, time=72.05s.
-- 200/221 [90.5%], loss=0.1990, dgw=0.1990, reg=0.0000, time=47.95s.
-- 221/221 [100.0%], loss=0.1938, dgw=0.1938, reg=0.0000, time=33.91s.
fit: Epoch 2/15, loss = 0.2036, best loss = 0.2036
results/MSRC_9_Jin_Multi_usl_tsne_fit_2.pdf
-- 25/221 [11.3%], loss=0.1937, dgw=0.1937, reg=0.0000, time=50.76s.
-- 50/221 [22.6%], loss=0.1940, dgw=0.1940, reg=0.0000, time=60.77s.
-- 75/221 [33.9%], loss=0.1937, dgw=0.1937, reg=0.0000, time=57.95s.
-- 100/221 [45.2%], loss=0.1885, dgw=0.1885, reg=0.0000, time=61.85s.
-- 125/221 [56.6%], loss=0.1869, dgw=0.1869, reg=0.0000, time=66.68s.
-- 150/221 [67.9%], loss=0.1843, dgw=0.1843, reg=0.0000, time=67.06s.
-- 175/221 [79.2%], loss=0.1831, dgw=0.1831, reg=0.0000, time=69.72s.
-- 200/221 [90.5%], loss=0.1807, dgw=0.1807, reg=0.0000, time=60.75s.
-- 221/221 [100.0%], loss=0.1807, dgw=0.1807, reg=0.0000, time=42.95s.
fit: Epoch 3/15, loss = 0.1874, best loss = 0.1874
results/MSRC_9_Jin_Multi_usl_tsne_fit_3.pdf
-- 25/221 [11.3%], loss=0.1807, dgw=0.1807, reg=0.0000, time=59.91s.
-- 50/221 [22.6%], loss=0.1776, dgw=0.1776, reg=0.0000, time=67.96s.
-- 75/221 [33.9%], loss=0.1748, dgw=0.1748, reg=0.0000, time=66.54s.
-- 100/221 [45.2%], loss=0.1751, dgw=0.1751, reg=0.0000, time=67.53s.
-- 125/221 [56.6%], loss=0.1703, dgw=0.1703, reg=0.0000, time=58.80s.
-- 150/221 [67.9%], loss=0.1708, dgw=0.1708, reg=0.0000, time=42.85s.
-- 175/221 [79.2%], loss=0.1714, dgw=0.1714, reg=0.0000, time=57.31s.
-- 200/221 [90.5%], loss=0.1670, dgw=0.1670, reg=0.0000, time=54.40s.
-- 221/221 [100.0%], loss=0.1632, dgw=0.1632, reg=0.0000, time=46.60s.
fit: Epoch 4/15, loss = 0.1725, best loss = 0.1725
results/MSRC_9_Jin_Multi_usl_tsne_fit_4.pdf
-- 25/221 [11.3%], loss=0.1644, dgw=0.1644, reg=0.0000, time=66.22s.
-- 50/221 [22.6%], loss=0.1619, dgw=0.1619, reg=0.0000, time=62.75s.
-- 75/221 [33.9%], loss=0.1637, dgw=0.1637, reg=0.0000, time=52.65s.
-- 100/221 [45.2%], loss=0.1623, dgw=0.1623, reg=0.0000, time=46.60s.
-- 125/221 [56.6%], loss=0.1565, dgw=0.1565, reg=0.0000, time=50.87s.
-- 150/221 [67.9%], loss=0.1577, dgw=0.1577, reg=0.0000, time=56.05s.
-- 175/221 [79.2%], loss=0.1556, dgw=0.1556, reg=0.0000, time=67.44s.
-- 200/221 [90.5%], loss=0.1536, dgw=0.1536, reg=0.0000, time=56.11s.
-- 221/221 [100.0%], loss=0.1531, dgw=0.1531, reg=0.0000, time=50.14s.
fit: Epoch 5/15, loss = 0.1589, best loss = 0.1589
results/MSRC_9_Jin_Multi_usl_tsne_fit_5.pdf
-- 25/221 [11.3%], loss=0.1511, dgw=0.1511, reg=0.0000, time=45.83s.
-- 50/221 [22.6%], loss=0.1496, dgw=0.1496, reg=0.0000, time=53.85s.
-- 75/221 [33.9%], loss=0.1499, dgw=0.1499, reg=0.0000, time=52.00s.
-- 100/221 [45.2%], loss=0.1524, dgw=0.1524, reg=0.0000, time=46.14s.
-- 125/221 [56.6%], loss=0.1471, dgw=0.1471, reg=0.0000, time=53.00s.
-- 150/221 [67.9%], loss=0.1442, dgw=0.1442, reg=0.0000, time=51.89s.
-- 175/221 [79.2%], loss=0.1423, dgw=0.1423, reg=0.0000, time=60.32s.
-- 200/221 [90.5%], loss=0.1429, dgw=0.1429, reg=0.0000, time=56.46s.
-- 221/221 [100.0%], loss=0.1404, dgw=0.1404, reg=0.0000, time=39.08s.
fit: Epoch 6/15, loss = 0.1468, best loss = 0.1468
results/MSRC_9_Jin_Multi_usl_tsne_fit_6.pdf
-- 25/221 [11.3%], loss=0.1402, dgw=0.1402, reg=0.0000, time=48.48s.
-- 50/221 [22.6%], loss=0.1396, dgw=0.1396, reg=0.0000, time=71.68s.
-- 75/221 [33.9%], loss=0.1406, dgw=0.1406, reg=0.0000, time=56.93s.
-- 100/221 [45.2%], loss=0.1348, dgw=0.1348, reg=0.0000, time=60.39s.
-- 125/221 [56.6%], loss=0.1453, dgw=0.1453, reg=0.0000, time=47.73s.
-- 150/221 [67.9%], loss=0.1390, dgw=0.1390, reg=0.0000, time=56.12s.
-- 175/221 [79.2%], loss=0.1724, dgw=0.1724, reg=0.0000, time=50.34s.
-- 200/221 [90.5%], loss=0.2481, dgw=0.2481, reg=0.0000, time=37.38s.
-- 221/221 [100.0%], loss=0.2446, dgw=0.2446, reg=0.0000, time=31.93s.
fit: Epoch 7/15, loss = 0.1658, best loss = 0.1468
results/MSRC_9_Jin_Multi_usl_tsne_fit_7.pdf
-- 25/221 [11.3%], loss=0.1850, dgw=0.1850, reg=0.0000, time=57.68s.
-- 50/221 [22.6%], loss=0.1386, dgw=0.1386, reg=0.0000, time=60.99s.
-- 75/221 [33.9%], loss=0.1449, dgw=0.1449, reg=0.0000, time=45.84s.
-- 100/221 [45.2%], loss=0.1459, dgw=0.1459, reg=0.0000, time=72.53s.
-- 125/221 [56.6%], loss=0.1307, dgw=0.1307, reg=0.0000, time=70.79s.
-- 150/221 [67.9%], loss=0.1248, dgw=0.1248, reg=0.0000, time=42.76s.
-- 175/221 [79.2%], loss=0.1266, dgw=0.1266, reg=0.0000, time=56.45s.
-- 200/221 [90.5%], loss=0.1224, dgw=0.1224, reg=0.0000, time=62.73s.
-- 221/221 [100.0%], loss=0.1185, dgw=0.1185, reg=0.0000, time=35.75s.
fit: Epoch 8/15, loss = 0.1378, best loss = 0.1378
results/MSRC_9_Jin_Multi_usl_tsne_fit_8.pdf
-- 25/221 [11.3%], loss=0.1203, dgw=0.1203, reg=0.0000, time=50.74s.
-- 50/221 [22.6%], loss=0.1180, dgw=0.1180, reg=0.0000, time=47.86s.
-- 75/221 [33.9%], loss=0.1173, dgw=0.1173, reg=0.0000, time=42.61s.
-- 100/221 [45.2%], loss=0.1158, dgw=0.1158, reg=0.0000, time=45.66s.
-- 125/221 [56.6%], loss=0.1177, dgw=0.1177, reg=0.0000, time=50.23s.
-- 150/221 [67.9%], loss=0.1149, dgw=0.1149, reg=0.0000, time=40.71s.
-- 175/221 [79.2%], loss=0.1153, dgw=0.1153, reg=0.0000, time=37.69s.
-- 200/221 [90.5%], loss=0.1130, dgw=0.1130, reg=0.0000, time=54.31s.
-- 221/221 [100.0%], loss=0.1155, dgw=0.1155, reg=0.0000, time=59.68s.
fit: Epoch 9/15, loss = 0.1164, best loss = 0.1164
results/MSRC_9_Jin_Multi_usl_tsne_fit_9.pdf
-- 25/221 [11.3%], loss=0.1106, dgw=0.1106, reg=0.0000, time=48.54s.
-- 50/221 [22.6%], loss=0.1118, dgw=0.1118, reg=0.0000, time=44.16s.
-- 75/221 [33.9%], loss=0.1147, dgw=0.1147, reg=0.0000, time=44.84s.
-- 100/221 [45.2%], loss=0.1050, dgw=0.1050, reg=0.0000, time=51.74s.
-- 125/221 [56.6%], loss=0.1118, dgw=0.1118, reg=0.0000, time=49.13s.
-- 150/221 [67.9%], loss=0.1084, dgw=0.1084, reg=0.0000, time=38.96s.
-- 175/221 [79.2%], loss=0.1059, dgw=0.1059, reg=0.0000, time=34.13s.
-- 200/221 [90.5%], loss=0.1048, dgw=0.1048, reg=0.0000, time=56.78s.
-- 221/221 [100.0%], loss=0.1052, dgw=0.1052, reg=0.0000, time=36.28s.
fit: Epoch 10/15, loss = 0.1088, best loss = 0.1088
results/MSRC_9_Jin_Multi_usl_tsne_fit_10.pdf
-- 25/221 [11.3%], loss=0.1085, dgw=0.1085, reg=0.0000, time=47.54s.
-- 50/221 [22.6%], loss=0.1036, dgw=0.1036, reg=0.0000, time=59.09s.
-- 75/221 [33.9%], loss=0.1020, dgw=0.1020, reg=0.0000, time=58.01s.
-- 100/221 [45.2%], loss=0.1008, dgw=0.1008, reg=0.0000, time=41.04s.
-- 125/221 [56.6%], loss=0.1034, dgw=0.1034, reg=0.0000, time=47.44s.
-- 150/221 [67.9%], loss=0.0989, dgw=0.0989, reg=0.0000, time=62.77s.
-- 175/221 [79.2%], loss=0.1028, dgw=0.1028, reg=0.0000, time=46.56s.
-- 200/221 [90.5%], loss=0.0989, dgw=0.0989, reg=0.0000, time=42.75s.
-- 221/221 [100.0%], loss=0.0982, dgw=0.0982, reg=0.0000, time=34.65s.
fit: Epoch 11/15, loss = 0.1020, best loss = 0.1020
results/MSRC_9_Jin_Multi_usl_tsne_fit_11.pdf
-- 25/221 [11.3%], loss=0.0970, dgw=0.0970, reg=0.0000, time=40.22s.
-- 50/221 [22.6%], loss=0.0997, dgw=0.0997, reg=0.0000, time=58.41s.
-- 75/221 [33.9%], loss=0.0949, dgw=0.0949, reg=0.0000, time=49.79s.
-- 100/221 [45.2%], loss=0.0939, dgw=0.0939, reg=0.0000, time=68.90s.
-- 125/221 [56.6%], loss=0.0995, dgw=0.0995, reg=0.0000, time=57.44s.
-- 150/221 [67.9%], loss=0.0929, dgw=0.0929, reg=0.0000, time=45.47s.
-- 175/221 [79.2%], loss=0.0956, dgw=0.0956, reg=0.0000, time=26.12s.
-- 200/221 [90.5%], loss=0.0942, dgw=0.0942, reg=0.0000, time=41.77s.
-- 221/221 [100.0%], loss=0.0927, dgw=0.0927, reg=0.0000, time=40.02s.
fit: Epoch 12/15, loss = 0.0956, best loss = 0.0956
results/MSRC_9_Jin_Multi_usl_tsne_fit_12.pdf
-- 25/221 [11.3%], loss=0.0882, dgw=0.0882, reg=0.0000, time=36.76s.
-- 50/221 [22.6%], loss=0.0924, dgw=0.0924, reg=0.0000, time=51.96s.
-- 75/221 [33.9%], loss=0.0886, dgw=0.0886, reg=0.0000, time=55.18s.
-- 100/221 [45.2%], loss=0.0923, dgw=0.0923, reg=0.0000, time=38.62s.
-- 125/221 [56.6%], loss=0.1008, dgw=0.1008, reg=0.0000, time=47.79s.
-- 150/221 [67.9%], loss=0.0899, dgw=0.0899, reg=0.0000, time=55.61s.
-- 175/221 [79.2%], loss=0.0938, dgw=0.0938, reg=0.0000, time=43.99s.
-- 200/221 [90.5%], loss=0.0941, dgw=0.0941, reg=0.0000, time=49.32s.
-- 221/221 [100.0%], loss=0.1011, dgw=0.1011, reg=0.0000, time=37.73s.
fit: Epoch 13/15, loss = 0.0933, best loss = 0.0933
results/MSRC_9_Jin_Multi_usl_tsne_fit_13.pdf
-- 25/221 [11.3%], loss=0.1099, dgw=0.1099, reg=0.0000, time=25.29s.
-- 50/221 [22.6%], loss=0.1003, dgw=0.1003, reg=0.0000, time=54.56s.
-- 75/221 [33.9%], loss=0.0988, dgw=0.0988, reg=0.0000, time=52.80s.
-- 100/221 [45.2%], loss=0.1008, dgw=0.1008, reg=0.0000, time=46.14s.
-- 125/221 [56.6%], loss=0.1007, dgw=0.1007, reg=0.0000, time=37.77s.
-- 150/221 [67.9%], loss=0.1061, dgw=0.1061, reg=0.0000, time=47.61s.
-- 175/221 [79.2%], loss=0.1049, dgw=0.1049, reg=0.0000, time=35.99s.
-- 200/221 [90.5%], loss=0.0942, dgw=0.0942, reg=0.0000, time=42.57s.
-- 221/221 [100.0%], loss=0.0869, dgw=0.0869, reg=0.0000, time=40.00s.
fit: Epoch 14/15, loss = 0.1005, best loss = 0.0933
results/MSRC_9_Jin_Multi_usl_tsne_fit_14.pdf
-- 25/221 [11.3%], loss=0.0890, dgw=0.0890, reg=0.0000, time=31.29s.
-- 50/221 [22.6%], loss=0.0903, dgw=0.0903, reg=0.0000, time=51.71s.
-- 75/221 [33.9%], loss=0.0844, dgw=0.0844, reg=0.0000, time=50.47s.
-- 100/221 [45.2%], loss=0.0797, dgw=0.0797, reg=0.0000, time=57.05s.
-- 125/221 [56.6%], loss=0.0785, dgw=0.0785, reg=0.0000, time=46.08s.
-- 150/221 [67.9%], loss=0.0842, dgw=0.0842, reg=0.0000, time=37.58s.
-- 175/221 [79.2%], loss=0.0795, dgw=0.0795, reg=0.0000, time=53.79s.
-- 200/221 [90.5%], loss=0.0830, dgw=0.0830, reg=0.0000, time=53.52s.
-- 221/221 [100.0%], loss=0.0754, dgw=0.0754, reg=0.0000, time=45.62s.
fit: Epoch 15/15, loss = 0.0828, best loss = 0.0828
results/MSRC_9_Jin_Multi_usl_tsne_fit_15.pdf
Rand Score: 0.7819004524886878
Done!
