MORE THAN 2 CLASSES!
-- 25/221 [11.3%], loss=0.2318, dgw=0.2318, reg=0.0000, time=30.60s.
-- 50/221 [22.6%], loss=0.2274, dgw=0.2274, reg=0.0000, time=41.83s.
-- 75/221 [33.9%], loss=0.2267, dgw=0.2267, reg=0.0000, time=52.64s.
-- 100/221 [45.2%], loss=0.2215, dgw=0.2215, reg=0.0000, time=63.59s.
-- 125/221 [56.6%], loss=0.2229, dgw=0.2229, reg=0.0000, time=42.43s.
-- 150/221 [67.9%], loss=0.2179, dgw=0.2179, reg=0.0000, time=65.00s.
-- 175/221 [79.2%], loss=0.2198, dgw=0.2198, reg=0.0000, time=60.06s.
-- 200/221 [90.5%], loss=0.2171, dgw=0.2171, reg=0.0000, time=56.47s.
-- 221/221 [100.0%], loss=0.2120, dgw=0.2120, reg=0.0000, time=42.38s.
fit: Epoch 1/15, loss = 0.2221, best loss = 0.2221
results/MSRC_9_Jin_Multi_usl_tsne_fit_1.pdf
-- 25/221 [11.3%], loss=0.2104, dgw=0.2104, reg=0.0000, time=79.54s.
-- 50/221 [22.6%], loss=0.2102, dgw=0.2102, reg=0.0000, time=60.75s.
-- 75/221 [33.9%], loss=0.2081, dgw=0.2081, reg=0.0000, time=74.58s.
-- 100/221 [45.2%], loss=0.2050, dgw=0.2050, reg=0.0000, time=58.30s.
-- 125/221 [56.6%], loss=0.2044, dgw=0.2044, reg=0.0000, time=52.83s.
-- 150/221 [67.9%], loss=0.2030, dgw=0.2030, reg=0.0000, time=83.16s.
-- 175/221 [79.2%], loss=0.2000, dgw=0.2000, reg=0.0000, time=62.92s.
-- 200/221 [90.5%], loss=0.1992, dgw=0.1992, reg=0.0000, time=32.80s.
-- 221/221 [100.0%], loss=0.1972, dgw=0.1972, reg=0.0000, time=52.75s.
fit: Epoch 2/15, loss = 0.2043, best loss = 0.2043
results/MSRC_9_Jin_Multi_usl_tsne_fit_2.pdf
-- 25/221 [11.3%], loss=0.1944, dgw=0.1944, reg=0.0000, time=39.35s.
-- 50/221 [22.6%], loss=0.1928, dgw=0.1928, reg=0.0000, time=72.56s.
-- 75/221 [33.9%], loss=0.1946, dgw=0.1946, reg=0.0000, time=66.16s.
-- 100/221 [45.2%], loss=0.1894, dgw=0.1894, reg=0.0000, time=65.05s.
-- 125/221 [56.6%], loss=0.1883, dgw=0.1883, reg=0.0000, time=58.76s.
-- 150/221 [67.9%], loss=0.1877, dgw=0.1877, reg=0.0000, time=67.87s.
-- 175/221 [79.2%], loss=0.1845, dgw=0.1845, reg=0.0000, time=79.06s.
-- 200/221 [90.5%], loss=0.1804, dgw=0.1804, reg=0.0000, time=76.98s.
-- 221/221 [100.0%], loss=0.1787, dgw=0.1787, reg=0.0000, time=41.52s.
fit: Epoch 3/15, loss = 0.1880, best loss = 0.1880
results/MSRC_9_Jin_Multi_usl_tsne_fit_3.pdf
-- 25/221 [11.3%], loss=0.1784, dgw=0.1784, reg=0.0000, time=83.41s.
-- 50/221 [22.6%], loss=0.1759, dgw=0.1759, reg=0.0000, time=62.58s.
-- 75/221 [33.9%], loss=0.1773, dgw=0.1773, reg=0.0000, time=61.92s.
-- 100/221 [45.2%], loss=0.1751, dgw=0.1751, reg=0.0000, time=55.97s.
-- 125/221 [56.6%], loss=0.1713, dgw=0.1713, reg=0.0000, time=53.53s.
-- 150/221 [67.9%], loss=0.1722, dgw=0.1722, reg=0.0000, time=63.51s.
-- 175/221 [79.2%], loss=0.1708, dgw=0.1708, reg=0.0000, time=56.51s.
-- 200/221 [90.5%], loss=0.1679, dgw=0.1679, reg=0.0000, time=58.78s.
-- 221/221 [100.0%], loss=0.1669, dgw=0.1669, reg=0.0000, time=64.33s.
fit: Epoch 4/15, loss = 0.1730, best loss = 0.1730
results/MSRC_9_Jin_Multi_usl_tsne_fit_4.pdf
-- 25/221 [11.3%], loss=0.1649, dgw=0.1649, reg=0.0000, time=42.06s.
-- 50/221 [22.6%], loss=0.1637, dgw=0.1637, reg=0.0000, time=83.96s.
-- 75/221 [33.9%], loss=0.1684, dgw=0.1684, reg=0.0000, time=83.04s.
-- 100/221 [45.2%], loss=0.1630, dgw=0.1630, reg=0.0000, time=88.47s.
-- 125/221 [56.6%], loss=0.1778, dgw=0.1778, reg=0.0000, time=70.60s.
-- 150/221 [67.9%], loss=0.1753, dgw=0.1753, reg=0.0000, time=84.11s.
-- 175/221 [79.2%], loss=0.1630, dgw=0.1630, reg=0.0000, time=56.28s.
-- 200/221 [90.5%], loss=0.1597, dgw=0.1597, reg=0.0000, time=47.74s.
-- 221/221 [100.0%], loss=0.1733, dgw=0.1733, reg=0.0000, time=61.54s.
fit: Epoch 5/15, loss = 0.1676, best loss = 0.1676
results/MSRC_9_Jin_Multi_usl_tsne_fit_5.pdf
-- 25/221 [11.3%], loss=0.1681, dgw=0.1681, reg=0.0000, time=86.19s.
-- 50/221 [22.6%], loss=0.1743, dgw=0.1743, reg=0.0000, time=84.63s.
-- 75/221 [33.9%], loss=0.1653, dgw=0.1653, reg=0.0000, time=84.10s.
-- 100/221 [45.2%], loss=0.1663, dgw=0.1663, reg=0.0000, time=75.35s.
-- 125/221 [56.6%], loss=0.1759, dgw=0.1759, reg=0.0000, time=73.02s.
-- 150/221 [67.9%], loss=0.1657, dgw=0.1657, reg=0.0000, time=68.37s.
-- 175/221 [79.2%], loss=0.1795, dgw=0.1795, reg=0.0000, time=72.10s.
-- 200/221 [90.5%], loss=0.1783, dgw=0.1783, reg=0.0000, time=57.08s.
-- 221/221 [100.0%], loss=0.1961, dgw=0.1961, reg=0.0000, time=65.33s.
fit: Epoch 6/15, loss = 0.1740, best loss = 0.1676
results/MSRC_9_Jin_Multi_usl_tsne_fit_6.pdf
-- 25/221 [11.3%], loss=0.1962, dgw=0.1962, reg=0.0000, time=64.94s.
-- 50/221 [22.6%], loss=0.1816, dgw=0.1816, reg=0.0000, time=70.84s.
-- 75/221 [33.9%], loss=0.1784, dgw=0.1784, reg=0.0000, time=71.44s.
-- 100/221 [45.2%], loss=0.1912, dgw=0.1912, reg=0.0000, time=65.54s.
-- 125/221 [56.6%], loss=0.1843, dgw=0.1843, reg=0.0000, time=55.52s.
-- 150/221 [67.9%], loss=0.2045, dgw=0.2045, reg=0.0000, time=80.69s.
-- 175/221 [79.2%], loss=0.2306, dgw=0.2306, reg=0.0000, time=70.99s.
-- 200/221 [90.5%], loss=0.2199, dgw=0.2199, reg=0.0000, time=64.40s.
-- 221/221 [100.0%], loss=0.2524, dgw=0.2524, reg=0.0000, time=37.17s.
fit: Epoch 7/15, loss = 0.2035, best loss = 0.1676
results/MSRC_9_Jin_Multi_usl_tsne_fit_7.pdf
-- 25/221 [11.3%], loss=0.2933, dgw=0.2933, reg=0.0000, time=71.92s.
-- 50/221 [22.6%], loss=0.2732, dgw=0.2732, reg=0.0000, time=71.56s.
-- 75/221 [33.9%], loss=0.2870, dgw=0.2870, reg=0.0000, time=79.84s.
-- 100/221 [45.2%], loss=0.2734, dgw=0.2734, reg=0.0000, time=70.68s.
-- 125/221 [56.6%], loss=0.2164, dgw=0.2164, reg=0.0000, time=85.96s.
-- 150/221 [67.9%], loss=0.2159, dgw=0.2159, reg=0.0000, time=67.42s.
-- 175/221 [79.2%], loss=0.1747, dgw=0.1747, reg=0.0000, time=45.97s.
-- 200/221 [90.5%], loss=0.1443, dgw=0.1443, reg=0.0000, time=50.45s.
-- 221/221 [100.0%], loss=0.1729, dgw=0.1729, reg=0.0000, time=50.17s.
fit: Epoch 8/15, loss = 0.2289, best loss = 0.1676
results/MSRC_9_Jin_Multi_usl_tsne_fit_8.pdf
-- 25/221 [11.3%], loss=0.1496, dgw=0.1496, reg=0.0000, time=73.96s.
-- 50/221 [22.6%], loss=0.1525, dgw=0.1525, reg=0.0000, time=76.68s.
-- 75/221 [33.9%], loss=0.1384, dgw=0.1384, reg=0.0000, time=62.91s.
-- 100/221 [45.2%], loss=0.1390, dgw=0.1390, reg=0.0000, time=84.18s.
-- 125/221 [56.6%], loss=0.1387, dgw=0.1387, reg=0.0000, time=82.79s.
-- 150/221 [67.9%], loss=0.1252, dgw=0.1252, reg=0.0000, time=41.56s.
-- 175/221 [79.2%], loss=0.1199, dgw=0.1199, reg=0.0000, time=81.72s.
-- 200/221 [90.5%], loss=0.1210, dgw=0.1210, reg=0.0000, time=70.01s.
-- 221/221 [100.0%], loss=0.1201, dgw=0.1201, reg=0.0000, time=69.14s.
fit: Epoch 9/15, loss = 0.1341, best loss = 0.1341
results/MSRC_9_Jin_Multi_usl_tsne_fit_9.pdf
-- 25/221 [11.3%], loss=0.1191, dgw=0.1191, reg=0.0000, time=66.99s.
-- 50/221 [22.6%], loss=0.1268, dgw=0.1268, reg=0.0000, time=72.58s.
-- 75/221 [33.9%], loss=0.1137, dgw=0.1137, reg=0.0000, time=52.40s.
-- 100/221 [45.2%], loss=0.1211, dgw=0.1211, reg=0.0000, time=59.84s.
-- 125/221 [56.6%], loss=0.1182, dgw=0.1182, reg=0.0000, time=63.38s.
-- 150/221 [67.9%], loss=0.1072, dgw=0.1072, reg=0.0000, time=49.39s.
-- 175/221 [79.2%], loss=0.1158, dgw=0.1158, reg=0.0000, time=55.12s.
-- 200/221 [90.5%], loss=0.1071, dgw=0.1071, reg=0.0000, time=56.47s.
-- 221/221 [100.0%], loss=0.1232, dgw=0.1232, reg=0.0000, time=49.27s.
fit: Epoch 10/15, loss = 0.1168, best loss = 0.1168
results/MSRC_9_Jin_Multi_usl_tsne_fit_10.pdf
-- 25/221 [11.3%], loss=0.1214, dgw=0.1214, reg=0.0000, time=74.16s.
-- 50/221 [22.6%], loss=0.1151, dgw=0.1151, reg=0.0000, time=56.32s.
-- 75/221 [33.9%], loss=0.0992, dgw=0.0992, reg=0.0000, time=67.67s.
-- 100/221 [45.2%], loss=0.1217, dgw=0.1217, reg=0.0000, time=62.38s.
-- 125/221 [56.6%], loss=0.1143, dgw=0.1143, reg=0.0000, time=50.54s.
-- 150/221 [67.9%], loss=0.1044, dgw=0.1044, reg=0.0000, time=63.34s.
-- 175/221 [79.2%], loss=0.1111, dgw=0.1111, reg=0.0000, time=55.83s.
-- 200/221 [90.5%], loss=0.1104, dgw=0.1104, reg=0.0000, time=55.74s.
-- 221/221 [100.0%], loss=0.1252, dgw=0.1252, reg=0.0000, time=58.27s.
fit: Epoch 11/15, loss = 0.1134, best loss = 0.1134
results/MSRC_9_Jin_Multi_usl_tsne_fit_11.pdf
-- 25/221 [11.3%], loss=0.1110, dgw=0.1110, reg=0.0000, time=68.81s.
-- 50/221 [22.6%], loss=0.1120, dgw=0.1120, reg=0.0000, time=41.93s.
-- 75/221 [33.9%], loss=0.1050, dgw=0.1050, reg=0.0000, time=48.89s.
-- 100/221 [45.2%], loss=0.1229, dgw=0.1229, reg=0.0000, time=35.76s.
-- 125/221 [56.6%], loss=0.1092, dgw=0.1092, reg=0.0000, time=80.72s.
-- 150/221 [67.9%], loss=0.1041, dgw=0.1041, reg=0.0000, time=50.29s.
-- 175/221 [79.2%], loss=0.1113, dgw=0.1113, reg=0.0000, time=50.45s.
-- 200/221 [90.5%], loss=0.1191, dgw=0.1191, reg=0.0000, time=80.20s.
-- 221/221 [100.0%], loss=0.1048, dgw=0.1048, reg=0.0000, time=50.25s.
fit: Epoch 12/15, loss = 0.1111, best loss = 0.1111
results/MSRC_9_Jin_Multi_usl_tsne_fit_12.pdf
-- 25/221 [11.3%], loss=0.1200, dgw=0.1200, reg=0.0000, time=49.69s.
-- 50/221 [22.6%], loss=0.1028, dgw=0.1028, reg=0.0000, time=56.44s.
-- 75/221 [33.9%], loss=0.1055, dgw=0.1055, reg=0.0000, time=54.27s.
-- 100/221 [45.2%], loss=0.1046, dgw=0.1046, reg=0.0000, time=68.13s.
-- 125/221 [56.6%], loss=0.0958, dgw=0.0958, reg=0.0000, time=71.06s.
-- 150/221 [67.9%], loss=0.1081, dgw=0.1081, reg=0.0000, time=58.35s.
-- 175/221 [79.2%], loss=0.1035, dgw=0.1035, reg=0.0000, time=61.93s.
-- 200/221 [90.5%], loss=0.0981, dgw=0.0981, reg=0.0000, time=53.30s.
-- 221/221 [100.0%], loss=0.0971, dgw=0.0971, reg=0.0000, time=43.57s.
fit: Epoch 13/15, loss = 0.1041, best loss = 0.1041
results/MSRC_9_Jin_Multi_usl_tsne_fit_13.pdf
-- 25/221 [11.3%], loss=0.1038, dgw=0.1038, reg=0.0000, time=61.34s.
-- 50/221 [22.6%], loss=0.0912, dgw=0.0912, reg=0.0000, time=55.98s.
-- 75/221 [33.9%], loss=0.1033, dgw=0.1033, reg=0.0000, time=40.42s.
-- 100/221 [45.2%], loss=0.1006, dgw=0.1006, reg=0.0000, time=46.17s.
-- 125/221 [56.6%], loss=0.1058, dgw=0.1058, reg=0.0000, time=53.82s.
-- 150/221 [67.9%], loss=0.0901, dgw=0.0901, reg=0.0000, time=65.21s.
-- 175/221 [79.2%], loss=0.1123, dgw=0.1123, reg=0.0000, time=67.33s.
-- 200/221 [90.5%], loss=0.1075, dgw=0.1075, reg=0.0000, time=46.39s.
-- 221/221 [100.0%], loss=0.1130, dgw=0.1130, reg=0.0000, time=50.51s.
fit: Epoch 14/15, loss = 0.1029, best loss = 0.1029
results/MSRC_9_Jin_Multi_usl_tsne_fit_14.pdf
-- 25/221 [11.3%], loss=0.1019, dgw=0.1019, reg=0.0000, time=43.83s.
-- 50/221 [22.6%], loss=0.1047, dgw=0.1047, reg=0.0000, time=55.70s.
-- 75/221 [33.9%], loss=0.1074, dgw=0.1074, reg=0.0000, time=47.80s.
-- 100/221 [45.2%], loss=0.1122, dgw=0.1122, reg=0.0000, time=48.01s.
-- 125/221 [56.6%], loss=0.1026, dgw=0.1026, reg=0.0000, time=45.16s.
-- 150/221 [67.9%], loss=0.1190, dgw=0.1190, reg=0.0000, time=56.74s.
-- 175/221 [79.2%], loss=0.1153, dgw=0.1153, reg=0.0000, time=45.46s.
-- 200/221 [90.5%], loss=0.1136, dgw=0.1136, reg=0.0000, time=55.31s.
-- 221/221 [100.0%], loss=0.0972, dgw=0.0972, reg=0.0000, time=43.52s.
fit: Epoch 15/15, loss = 0.1084, best loss = 0.1029
results/MSRC_9_Jin_Multi_usl_tsne_fit_15.pdf
Rand Score: 0.7763060468942822
Done!
