MORE THAN 2 CLASSES!
-- 25/221 [11.3%], loss=0.2305, dgw=0.2305, reg=0.0000, time=61.42s.
-- 50/221 [22.6%], loss=0.2269, dgw=0.2269, reg=0.0000, time=54.24s.
-- 75/221 [33.9%], loss=0.2269, dgw=0.2269, reg=0.0000, time=65.70s.
-- 100/221 [45.2%], loss=0.2256, dgw=0.2256, reg=0.0000, time=74.52s.
-- 125/221 [56.6%], loss=0.2239, dgw=0.2239, reg=0.0000, time=63.25s.
-- 150/221 [67.9%], loss=0.2227, dgw=0.2227, reg=0.0000, time=59.34s.
-- 175/221 [79.2%], loss=0.2196, dgw=0.2196, reg=0.0000, time=75.48s.
-- 200/221 [90.5%], loss=0.2176, dgw=0.2176, reg=0.0000, time=80.92s.
-- 221/221 [100.0%], loss=0.2173, dgw=0.2173, reg=0.0000, time=52.66s.
fit: Epoch 1/15, loss = 0.2236, best loss = 0.2236
results/MSRC_9_Jin_Multi_usl_tsne_fit_1.pdf
-- 25/221 [11.3%], loss=0.2130, dgw=0.2130, reg=0.0000, time=41.71s.
-- 50/221 [22.6%], loss=0.2102, dgw=0.2102, reg=0.0000, time=70.35s.
-- 75/221 [33.9%], loss=0.2065, dgw=0.2065, reg=0.0000, time=66.46s.
-- 100/221 [45.2%], loss=0.2080, dgw=0.2080, reg=0.0000, time=70.65s.
-- 125/221 [56.6%], loss=0.2038, dgw=0.2038, reg=0.0000, time=56.56s.
-- 150/221 [67.9%], loss=0.2028, dgw=0.2028, reg=0.0000, time=74.93s.
-- 175/221 [79.2%], loss=0.2037, dgw=0.2037, reg=0.0000, time=60.34s.
-- 200/221 [90.5%], loss=0.2015, dgw=0.2015, reg=0.0000, time=66.24s.
-- 221/221 [100.0%], loss=0.2005, dgw=0.2005, reg=0.0000, time=38.49s.
fit: Epoch 2/15, loss = 0.2057, best loss = 0.2057
results/MSRC_9_Jin_Multi_usl_tsne_fit_2.pdf
-- 25/221 [11.3%], loss=0.1978, dgw=0.1978, reg=0.0000, time=61.54s.
-- 50/221 [22.6%], loss=0.1917, dgw=0.1917, reg=0.0000, time=70.03s.
-- 75/221 [33.9%], loss=0.1929, dgw=0.1929, reg=0.0000, time=73.34s.
-- 100/221 [45.2%], loss=0.1889, dgw=0.1889, reg=0.0000, time=46.63s.
-- 125/221 [56.6%], loss=0.1886, dgw=0.1886, reg=0.0000, time=66.56s.
-- 150/221 [67.9%], loss=0.1859, dgw=0.1859, reg=0.0000, time=66.41s.
-- 175/221 [79.2%], loss=0.1880, dgw=0.1880, reg=0.0000, time=43.94s.
-- 200/221 [90.5%], loss=0.1841, dgw=0.1841, reg=0.0000, time=73.34s.
-- 221/221 [100.0%], loss=0.1834, dgw=0.1834, reg=0.0000, time=50.36s.
fit: Epoch 3/15, loss = 0.1891, best loss = 0.1891
results/MSRC_9_Jin_Multi_usl_tsne_fit_3.pdf
-- 25/221 [11.3%], loss=0.1825, dgw=0.1825, reg=0.0000, time=57.08s.
-- 50/221 [22.6%], loss=0.1794, dgw=0.1794, reg=0.0000, time=69.34s.
-- 75/221 [33.9%], loss=0.1775, dgw=0.1775, reg=0.0000, time=74.98s.
-- 100/221 [45.2%], loss=0.1764, dgw=0.1764, reg=0.0000, time=58.67s.
-- 125/221 [56.6%], loss=0.1734, dgw=0.1734, reg=0.0000, time=49.72s.
-- 150/221 [67.9%], loss=0.1718, dgw=0.1718, reg=0.0000, time=55.91s.
-- 175/221 [79.2%], loss=0.1684, dgw=0.1684, reg=0.0000, time=75.41s.
-- 200/221 [90.5%], loss=0.1700, dgw=0.1700, reg=0.0000, time=69.95s.
-- 221/221 [100.0%], loss=0.1661, dgw=0.1661, reg=0.0000, time=69.12s.
fit: Epoch 4/15, loss = 0.1741, best loss = 0.1741
results/MSRC_9_Jin_Multi_usl_tsne_fit_4.pdf
-- 25/221 [11.3%], loss=0.1658, dgw=0.1658, reg=0.0000, time=76.79s.
-- 50/221 [22.6%], loss=0.1631, dgw=0.1631, reg=0.0000, time=79.42s.
-- 75/221 [33.9%], loss=0.1642, dgw=0.1642, reg=0.0000, time=72.12s.
-- 100/221 [45.2%], loss=0.1609, dgw=0.1609, reg=0.0000, time=54.74s.
-- 125/221 [56.6%], loss=0.1597, dgw=0.1597, reg=0.0000, time=63.53s.
-- 150/221 [67.9%], loss=0.1589, dgw=0.1589, reg=0.0000, time=67.93s.
-- 175/221 [79.2%], loss=0.1566, dgw=0.1566, reg=0.0000, time=76.46s.
-- 200/221 [90.5%], loss=0.1574, dgw=0.1574, reg=0.0000, time=91.60s.
-- 221/221 [100.0%], loss=0.1579, dgw=0.1579, reg=0.0000, time=77.83s.
fit: Epoch 5/15, loss = 0.1605, best loss = 0.1605
results/MSRC_9_Jin_Multi_usl_tsne_fit_5.pdf
-- 25/221 [11.3%], loss=0.1549, dgw=0.1549, reg=0.0000, time=54.54s.
-- 50/221 [22.6%], loss=0.1527, dgw=0.1527, reg=0.0000, time=65.52s.
-- 75/221 [33.9%], loss=0.1546, dgw=0.1546, reg=0.0000, time=68.73s.
-- 100/221 [45.2%], loss=0.1472, dgw=0.1472, reg=0.0000, time=73.52s.
-- 125/221 [56.6%], loss=0.1491, dgw=0.1491, reg=0.0000, time=84.10s.
-- 150/221 [67.9%], loss=0.1502, dgw=0.1502, reg=0.0000, time=95.76s.
-- 175/221 [79.2%], loss=0.1456, dgw=0.1456, reg=0.0000, time=75.29s.
-- 200/221 [90.5%], loss=0.1419, dgw=0.1419, reg=0.0000, time=52.96s.
-- 221/221 [100.0%], loss=0.1496, dgw=0.1496, reg=0.0000, time=52.73s.
fit: Epoch 6/15, loss = 0.1495, best loss = 0.1495
results/MSRC_9_Jin_Multi_usl_tsne_fit_6.pdf
-- 25/221 [11.3%], loss=0.1409, dgw=0.1409, reg=0.0000, time=57.11s.
-- 50/221 [22.6%], loss=0.1466, dgw=0.1466, reg=0.0000, time=71.98s.
-- 75/221 [33.9%], loss=0.1376, dgw=0.1376, reg=0.0000, time=88.25s.
-- 100/221 [45.2%], loss=0.1381, dgw=0.1381, reg=0.0000, time=66.25s.
-- 125/221 [56.6%], loss=0.1460, dgw=0.1460, reg=0.0000, time=64.70s.
-- 150/221 [67.9%], loss=0.1397, dgw=0.1397, reg=0.0000, time=54.93s.
-- 175/221 [79.2%], loss=0.1393, dgw=0.1393, reg=0.0000, time=68.45s.
-- 200/221 [90.5%], loss=0.1432, dgw=0.1432, reg=0.0000, time=68.34s.
-- 221/221 [100.0%], loss=0.1448, dgw=0.1448, reg=0.0000, time=61.84s.
fit: Epoch 7/15, loss = 0.1417, best loss = 0.1417
results/MSRC_9_Jin_Multi_usl_tsne_fit_7.pdf
-- 25/221 [11.3%], loss=0.1377, dgw=0.1377, reg=0.0000, time=29.77s.
-- 50/221 [22.6%], loss=0.1364, dgw=0.1364, reg=0.0000, time=59.64s.
-- 75/221 [33.9%], loss=0.1455, dgw=0.1455, reg=0.0000, time=80.00s.
-- 100/221 [45.2%], loss=0.1364, dgw=0.1364, reg=0.0000, time=73.70s.
-- 125/221 [56.6%], loss=0.1414, dgw=0.1414, reg=0.0000, time=44.90s.
-- 150/221 [67.9%], loss=0.1345, dgw=0.1345, reg=0.0000, time=64.84s.
-- 175/221 [79.2%], loss=0.1461, dgw=0.1461, reg=0.0000, time=72.11s.
-- 200/221 [90.5%], loss=0.1280, dgw=0.1280, reg=0.0000, time=59.69s.
-- 221/221 [100.0%], loss=0.1383, dgw=0.1383, reg=0.0000, time=52.33s.
fit: Epoch 8/15, loss = 0.1382, best loss = 0.1382
results/MSRC_9_Jin_Multi_usl_tsne_fit_8.pdf
-- 25/221 [11.3%], loss=0.1309, dgw=0.1309, reg=0.0000, time=64.68s.
-- 50/221 [22.6%], loss=0.1596, dgw=0.1596, reg=0.0000, time=87.29s.
-- 75/221 [33.9%], loss=0.1532, dgw=0.1532, reg=0.0000, time=73.71s.
-- 100/221 [45.2%], loss=0.1761, dgw=0.1761, reg=0.0000, time=66.62s.
-- 125/221 [56.6%], loss=0.1807, dgw=0.1807, reg=0.0000, time=72.37s.
-- 150/221 [67.9%], loss=0.1770, dgw=0.1770, reg=0.0000, time=56.19s.
-- 175/221 [79.2%], loss=0.1915, dgw=0.1915, reg=0.0000, time=53.77s.
-- 200/221 [90.5%], loss=0.1741, dgw=0.1741, reg=0.0000, time=57.87s.
-- 221/221 [100.0%], loss=0.1846, dgw=0.1846, reg=0.0000, time=49.78s.
fit: Epoch 9/15, loss = 0.1695, best loss = 0.1382
results/MSRC_9_Jin_Multi_usl_tsne_fit_9.pdf
-- 25/221 [11.3%], loss=0.1858, dgw=0.1858, reg=0.0000, time=68.76s.
-- 50/221 [22.6%], loss=0.2085, dgw=0.2085, reg=0.0000, time=43.32s.
-- 75/221 [33.9%], loss=0.2027, dgw=0.2027, reg=0.0000, time=57.35s.
-- 100/221 [45.2%], loss=0.2250, dgw=0.2250, reg=0.0000, time=58.15s.
-- 125/221 [56.6%], loss=0.2318, dgw=0.2318, reg=0.0000, time=53.15s.
-- 150/221 [67.9%], loss=0.2322, dgw=0.2322, reg=0.0000, time=51.20s.
-- 175/221 [79.2%], loss=0.2444, dgw=0.2444, reg=0.0000, time=52.12s.
-- 200/221 [90.5%], loss=0.2566, dgw=0.2566, reg=0.0000, time=71.32s.
-- 221/221 [100.0%], loss=0.2715, dgw=0.2715, reg=0.0000, time=68.16s.
fit: Epoch 10/15, loss = 0.2279, best loss = 0.1382
results/MSRC_9_Jin_Multi_usl_tsne_fit_10.pdf
-- 25/221 [11.3%], loss=0.2554, dgw=0.2554, reg=0.0000, time=56.92s.
-- 50/221 [22.6%], loss=0.2717, dgw=0.2717, reg=0.0000, time=79.52s.
-- 75/221 [33.9%], loss=0.2861, dgw=0.2861, reg=0.0000, time=57.87s.
-- 100/221 [45.2%], loss=0.2924, dgw=0.2924, reg=0.0000, time=63.43s.
-- 125/221 [56.6%], loss=0.3300, dgw=0.3300, reg=0.0000, time=78.48s.
-- 150/221 [67.9%], loss=0.3242, dgw=0.3242, reg=0.0000, time=69.29s.
-- 175/221 [79.2%], loss=0.3089, dgw=0.3089, reg=0.0000, time=69.99s.
-- 200/221 [90.5%], loss=0.3326, dgw=0.3326, reg=0.0000, time=65.25s.
-- 221/221 [100.0%], loss=0.3117, dgw=0.3117, reg=0.0000, time=54.45s.
fit: Epoch 11/15, loss = 0.3012, best loss = 0.1382
results/MSRC_9_Jin_Multi_usl_tsne_fit_11.pdf
-- 25/221 [11.3%], loss=0.3441, dgw=0.3441, reg=0.0000, time=40.08s.
-- 50/221 [22.6%], loss=0.3499, dgw=0.3499, reg=0.0000, time=46.58s.
-- 75/221 [33.9%], loss=0.3721, dgw=0.3721, reg=0.0000, time=76.75s.
-- 100/221 [45.2%], loss=0.3861, dgw=0.3861, reg=0.0000, time=70.09s.
-- 125/221 [56.6%], loss=0.3693, dgw=0.3693, reg=0.0000, time=79.89s.
-- 150/221 [67.9%], loss=0.3649, dgw=0.3649, reg=0.0000, time=68.61s.
-- 175/221 [79.2%], loss=0.3491, dgw=0.3491, reg=0.0000, time=75.45s.
-- 200/221 [90.5%], loss=0.3879, dgw=0.3879, reg=0.0000, time=63.88s.
-- 221/221 [100.0%], loss=0.3883, dgw=0.3883, reg=0.0000, time=56.80s.
fit: Epoch 12/15, loss = 0.3676, best loss = 0.1382
results/MSRC_9_Jin_Multi_usl_tsne_fit_12.pdf
-- 25/221 [11.3%], loss=0.3707, dgw=0.3707, reg=0.0000, time=48.53s.
-- 50/221 [22.6%], loss=0.3763, dgw=0.3763, reg=0.0000, time=45.83s.
-- 75/221 [33.9%], loss=0.4365, dgw=0.4365, reg=0.0000, time=74.88s.
-- 100/221 [45.2%], loss=0.4407, dgw=0.4407, reg=0.0000, time=31.42s.
-- 125/221 [56.6%], loss=0.4912, dgw=0.4912, reg=0.0000, time=64.87s.
-- 150/221 [67.9%], loss=0.4839, dgw=0.4839, reg=0.0000, time=58.80s.
-- 175/221 [79.2%], loss=0.4598, dgw=0.4598, reg=0.0000, time=44.53s.
-- 200/221 [90.5%], loss=0.4736, dgw=0.4736, reg=0.0000, time=39.79s.
-- 221/221 [100.0%], loss=0.5041, dgw=0.5041, reg=0.0000, time=50.60s.
fit: Epoch 13/15, loss = 0.4475, best loss = 0.1382
results/MSRC_9_Jin_Multi_usl_tsne_fit_13.pdf
-- 25/221 [11.3%], loss=0.4979, dgw=0.4979, reg=0.0000, time=63.09s.
-- 50/221 [22.6%], loss=0.5349, dgw=0.5349, reg=0.0000, time=42.91s.
-- 75/221 [33.9%], loss=0.5429, dgw=0.5429, reg=0.0000, time=41.78s.
-- 100/221 [45.2%], loss=0.5151, dgw=0.5151, reg=0.0000, time=58.86s.
-- 125/221 [56.6%], loss=0.5095, dgw=0.5095, reg=0.0000, time=51.26s.
-- 150/221 [67.9%], loss=0.5353, dgw=0.5353, reg=0.0000, time=59.80s.
-- 175/221 [79.2%], loss=0.6032, dgw=0.6032, reg=0.0000, time=57.52s.
-- 200/221 [90.5%], loss=0.6616, dgw=0.6616, reg=0.0000, time=51.53s.
-- 221/221 [100.0%], loss=0.7129, dgw=0.7129, reg=0.0000, time=54.21s.
fit: Epoch 14/15, loss = 0.5655, best loss = 0.1382
results/MSRC_9_Jin_Multi_usl_tsne_fit_14.pdf
-- 25/221 [11.3%], loss=0.7580, dgw=0.7580, reg=0.0000, time=53.92s.
-- 50/221 [22.6%], loss=0.7367, dgw=0.7367, reg=0.0000, time=63.83s.
-- 75/221 [33.9%], loss=0.7697, dgw=0.7697, reg=0.0000, time=62.82s.
-- 100/221 [45.2%], loss=0.8209, dgw=0.8209, reg=0.0000, time=46.85s.
-- 125/221 [56.6%], loss=0.7875, dgw=0.7875, reg=0.0000, time=36.45s.
-- 150/221 [67.9%], loss=0.8124, dgw=0.8124, reg=0.0000, time=49.88s.
-- 175/221 [79.2%], loss=0.8022, dgw=0.8022, reg=0.0000, time=61.85s.
-- 200/221 [90.5%], loss=0.8261, dgw=0.8261, reg=0.0000, time=68.78s.
-- 221/221 [100.0%], loss=0.8069, dgw=0.8069, reg=0.0000, time=39.80s.
fit: Epoch 15/15, loss = 0.7909, best loss = 0.1382
results/MSRC_9_Jin_Multi_usl_tsne_fit_15.pdf
Rand Score: 0.7785684903331962
Done!
