-- 25/188 [13.3%], loss=0.2644, dgw=0.2644, reg=0.0000, time=11.49s.
-- 50/188 [26.6%], loss=0.2623, dgw=0.2623, reg=0.0000, time=16.28s.
-- 75/188 [39.9%], loss=0.2581, dgw=0.2581, reg=0.0000, time=20.18s.
-- 100/188 [53.2%], loss=0.2605, dgw=0.2605, reg=0.0000, time=19.34s.
-- 125/188 [66.5%], loss=0.2583, dgw=0.2583, reg=0.0000, time=15.88s.
-- 150/188 [79.8%], loss=0.2521, dgw=0.2521, reg=0.0000, time=22.56s.
-- 175/188 [93.1%], loss=0.2550, dgw=0.2550, reg=0.0000, time=27.26s.
-- 188/188 [100.0%], loss=0.2512, dgw=0.2512, reg=0.0000, time=16.31s.
fit: Epoch 1/15, loss = 0.2582, best loss = 0.2582
results/MUTAG_Original_usl_tsne_fit_1.pdf
-- 25/188 [13.3%], loss=0.2454, dgw=0.2454, reg=0.0000, time=35.83s.
-- 50/188 [26.6%], loss=0.2473, dgw=0.2473, reg=0.0000, time=52.13s.
-- 75/188 [39.9%], loss=0.2450, dgw=0.2450, reg=0.0000, time=50.15s.
-- 100/188 [53.2%], loss=0.2463, dgw=0.2463, reg=0.0000, time=43.07s.
-- 125/188 [66.5%], loss=0.2445, dgw=0.2445, reg=0.0000, time=42.95s.
-- 150/188 [79.8%], loss=0.2394, dgw=0.2394, reg=0.0000, time=41.22s.
-- 175/188 [93.1%], loss=0.2366, dgw=0.2366, reg=0.0000, time=58.83s.
-- 188/188 [100.0%], loss=0.2354, dgw=0.2354, reg=0.0000, time=29.99s.
fit: Epoch 2/15, loss = 0.2429, best loss = 0.2429
results/MUTAG_Original_usl_tsne_fit_2.pdf
-- 25/188 [13.3%], loss=0.2332, dgw=0.2332, reg=0.0000, time=46.60s.
-- 50/188 [26.6%], loss=0.2332, dgw=0.2332, reg=0.0000, time=55.22s.
-- 75/188 [39.9%], loss=0.2308, dgw=0.2308, reg=0.0000, time=39.62s.
-- 100/188 [53.2%], loss=0.2294, dgw=0.2294, reg=0.0000, time=27.36s.
-- 125/188 [66.5%], loss=0.2278, dgw=0.2278, reg=0.0000, time=56.81s.
-- 150/188 [79.8%], loss=0.2238, dgw=0.2238, reg=0.0000, time=61.81s.
-- 175/188 [93.1%], loss=0.2239, dgw=0.2239, reg=0.0000, time=54.42s.
-- 188/188 [100.0%], loss=0.2254, dgw=0.2254, reg=0.0000, time=18.83s.
fit: Epoch 3/15, loss = 0.2286, best loss = 0.2286
results/MUTAG_Original_usl_tsne_fit_3.pdf
-- 25/188 [13.3%], loss=0.2208, dgw=0.2208, reg=0.0000, time=40.19s.
-- 50/188 [26.6%], loss=0.2174, dgw=0.2174, reg=0.0000, time=51.07s.
-- 75/188 [39.9%], loss=0.2161, dgw=0.2161, reg=0.0000, time=42.71s.
-- 100/188 [53.2%], loss=0.2133, dgw=0.2133, reg=0.0000, time=36.77s.
-- 125/188 [66.5%], loss=0.2157, dgw=0.2157, reg=0.0000, time=45.51s.
-- 150/188 [79.8%], loss=0.2133, dgw=0.2133, reg=0.0000, time=65.87s.
-- 175/188 [93.1%], loss=0.2131, dgw=0.2131, reg=0.0000, time=53.82s.
-- 188/188 [100.0%], loss=0.2078, dgw=0.2078, reg=0.0000, time=19.83s.
fit: Epoch 4/15, loss = 0.2151, best loss = 0.2151
results/MUTAG_Original_usl_tsne_fit_4.pdf
-- 25/188 [13.3%], loss=0.2069, dgw=0.2069, reg=0.0000, time=43.53s.
-- 50/188 [26.6%], loss=0.2044, dgw=0.2044, reg=0.0000, time=59.30s.
-- 75/188 [39.9%], loss=0.2034, dgw=0.2034, reg=0.0000, time=56.93s.
-- 100/188 [53.2%], loss=0.2033, dgw=0.2033, reg=0.0000, time=50.72s.
-- 125/188 [66.5%], loss=0.2010, dgw=0.2010, reg=0.0000, time=60.63s.
-- 150/188 [79.8%], loss=0.2014, dgw=0.2014, reg=0.0000, time=51.43s.
-- 175/188 [93.1%], loss=0.2019, dgw=0.2019, reg=0.0000, time=52.62s.
-- 188/188 [100.0%], loss=0.1949, dgw=0.1949, reg=0.0000, time=22.69s.
fit: Epoch 5/15, loss = 0.2026, best loss = 0.2026
results/MUTAG_Original_usl_tsne_fit_5.pdf
-- 25/188 [13.3%], loss=0.1975, dgw=0.1975, reg=0.0000, time=49.38s.
-- 50/188 [26.6%], loss=0.1951, dgw=0.1951, reg=0.0000, time=65.48s.
-- 75/188 [39.9%], loss=0.1946, dgw=0.1946, reg=0.0000, time=61.86s.
-- 100/188 [53.2%], loss=0.1904, dgw=0.1904, reg=0.0000, time=54.69s.
-- 125/188 [66.5%], loss=0.1881, dgw=0.1881, reg=0.0000, time=46.90s.
-- 150/188 [79.8%], loss=0.1880, dgw=0.1880, reg=0.0000, time=44.07s.
-- 175/188 [93.1%], loss=0.1870, dgw=0.1870, reg=0.0000, time=46.59s.
-- 188/188 [100.0%], loss=0.1836, dgw=0.1836, reg=0.0000, time=26.63s.
fit: Epoch 6/15, loss = 0.1910, best loss = 0.1910
results/MUTAG_Original_usl_tsne_fit_6.pdf
-- 25/188 [13.3%], loss=0.1850, dgw=0.1850, reg=0.0000, time=42.79s.
-- 50/188 [26.6%], loss=0.1816, dgw=0.1816, reg=0.0000, time=48.98s.
-- 75/188 [39.9%], loss=0.1810, dgw=0.1810, reg=0.0000, time=49.10s.
-- 100/188 [53.2%], loss=0.1805, dgw=0.1805, reg=0.0000, time=56.18s.
-- 125/188 [66.5%], loss=0.1792, dgw=0.1792, reg=0.0000, time=57.03s.
-- 150/188 [79.8%], loss=0.1788, dgw=0.1788, reg=0.0000, time=42.43s.
-- 175/188 [93.1%], loss=0.1773, dgw=0.1773, reg=0.0000, time=32.22s.
-- 188/188 [100.0%], loss=0.1765, dgw=0.1765, reg=0.0000, time=20.67s.
fit: Epoch 7/15, loss = 0.1802, best loss = 0.1802
results/MUTAG_Original_usl_tsne_fit_7.pdf
-- 25/188 [13.3%], loss=0.1740, dgw=0.1740, reg=0.0000, time=35.60s.
-- 50/188 [26.6%], loss=0.1728, dgw=0.1728, reg=0.0000, time=41.23s.
-- 75/188 [39.9%], loss=0.1728, dgw=0.1728, reg=0.0000, time=40.75s.
-- 100/188 [53.2%], loss=0.1731, dgw=0.1731, reg=0.0000, time=45.85s.
-- 125/188 [66.5%], loss=0.1672, dgw=0.1672, reg=0.0000, time=40.79s.
-- 150/188 [79.8%], loss=0.1668, dgw=0.1668, reg=0.0000, time=45.68s.
-- 175/188 [93.1%], loss=0.1659, dgw=0.1659, reg=0.0000, time=43.35s.
-- 188/188 [100.0%], loss=0.1670, dgw=0.1670, reg=0.0000, time=30.58s.
fit: Epoch 8/15, loss = 0.1701, best loss = 0.1701
results/MUTAG_Original_usl_tsne_fit_8.pdf
-- 25/188 [13.3%], loss=0.1631, dgw=0.1631, reg=0.0000, time=38.70s.
-- 50/188 [26.6%], loss=0.1640, dgw=0.1640, reg=0.0000, time=47.07s.
-- 75/188 [39.9%], loss=0.1609, dgw=0.1609, reg=0.0000, time=45.57s.
-- 100/188 [53.2%], loss=0.1655, dgw=0.1655, reg=0.0000, time=47.75s.
-- 125/188 [66.5%], loss=0.1642, dgw=0.1642, reg=0.0000, time=27.97s.
-- 150/188 [79.8%], loss=0.1603, dgw=0.1603, reg=0.0000, time=36.79s.
-- 175/188 [93.1%], loss=0.1616, dgw=0.1616, reg=0.0000, time=45.23s.
-- 188/188 [100.0%], loss=0.1742, dgw=0.1742, reg=0.0000, time=23.42s.
fit: Epoch 9/15, loss = 0.1636, best loss = 0.1636
results/MUTAG_Original_usl_tsne_fit_9.pdf
-- 25/188 [13.3%], loss=0.1568, dgw=0.1568, reg=0.0000, time=48.56s.
-- 50/188 [26.6%], loss=0.1561, dgw=0.1561, reg=0.0000, time=44.77s.
-- 75/188 [39.9%], loss=0.1510, dgw=0.1510, reg=0.0000, time=51.13s.
-- 100/188 [53.2%], loss=0.1557, dgw=0.1557, reg=0.0000, time=55.80s.
-- 125/188 [66.5%], loss=0.1530, dgw=0.1530, reg=0.0000, time=51.43s.
-- 150/188 [79.8%], loss=0.1597, dgw=0.1597, reg=0.0000, time=56.09s.
-- 175/188 [93.1%], loss=0.1473, dgw=0.1473, reg=0.0000, time=52.89s.
-- 188/188 [100.0%], loss=0.1484, dgw=0.1484, reg=0.0000, time=13.00s.
fit: Epoch 10/15, loss = 0.1538, best loss = 0.1538
results/MUTAG_Original_usl_tsne_fit_10.pdf
-- 25/188 [13.3%], loss=0.1465, dgw=0.1465, reg=0.0000, time=49.07s.
-- 50/188 [26.6%], loss=0.1481, dgw=0.1481, reg=0.0000, time=51.18s.
-- 75/188 [39.9%], loss=0.1500, dgw=0.1500, reg=0.0000, time=47.00s.
-- 100/188 [53.2%], loss=0.1453, dgw=0.1453, reg=0.0000, time=57.09s.
-- 125/188 [66.5%], loss=0.1416, dgw=0.1416, reg=0.0000, time=60.99s.
-- 150/188 [79.8%], loss=0.1433, dgw=0.1433, reg=0.0000, time=66.12s.
-- 175/188 [93.1%], loss=0.1400, dgw=0.1400, reg=0.0000, time=51.36s.
-- 188/188 [100.0%], loss=0.1557, dgw=0.1557, reg=0.0000, time=26.21s.
fit: Epoch 11/15, loss = 0.1457, best loss = 0.1457
results/MUTAG_Original_usl_tsne_fit_11.pdf
-- 25/188 [13.3%], loss=0.1389, dgw=0.1389, reg=0.0000, time=50.64s.
-- 50/188 [26.6%], loss=0.1416, dgw=0.1416, reg=0.0000, time=45.28s.
-- 75/188 [39.9%], loss=0.1367, dgw=0.1367, reg=0.0000, time=52.86s.
-- 100/188 [53.2%], loss=0.1389, dgw=0.1389, reg=0.0000, time=46.36s.
-- 125/188 [66.5%], loss=0.1359, dgw=0.1359, reg=0.0000, time=50.53s.
-- 150/188 [79.8%], loss=0.1367, dgw=0.1367, reg=0.0000, time=47.94s.
-- 175/188 [93.1%], loss=0.1332, dgw=0.1332, reg=0.0000, time=52.74s.
-- 188/188 [100.0%], loss=0.1426, dgw=0.1426, reg=0.0000, time=29.01s.
fit: Epoch 12/15, loss = 0.1378, best loss = 0.1378
results/MUTAG_Original_usl_tsne_fit_12.pdf
-- 25/188 [13.3%], loss=0.1330, dgw=0.1330, reg=0.0000, time=21.39s.
-- 50/188 [26.6%], loss=0.1309, dgw=0.1309, reg=0.0000, time=39.45s.
-- 75/188 [39.9%], loss=0.1299, dgw=0.1299, reg=0.0000, time=48.23s.
-- 100/188 [53.2%], loss=0.1370, dgw=0.1370, reg=0.0000, time=56.72s.
-- 125/188 [66.5%], loss=0.1297, dgw=0.1297, reg=0.0000, time=56.72s.
-- 150/188 [79.8%], loss=0.1366, dgw=0.1366, reg=0.0000, time=55.97s.
-- 175/188 [93.1%], loss=0.1298, dgw=0.1298, reg=0.0000, time=41.17s.
-- 188/188 [100.0%], loss=0.1312, dgw=0.1312, reg=0.0000, time=24.61s.
fit: Epoch 13/15, loss = 0.1323, best loss = 0.1323
results/MUTAG_Original_usl_tsne_fit_13.pdf
-- 25/188 [13.3%], loss=0.1262, dgw=0.1262, reg=0.0000, time=28.57s.
-- 50/188 [26.6%], loss=0.1267, dgw=0.1267, reg=0.0000, time=41.53s.
-- 75/188 [39.9%], loss=0.1253, dgw=0.1253, reg=0.0000, time=57.82s.
-- 100/188 [53.2%], loss=0.1254, dgw=0.1254, reg=0.0000, time=43.12s.
-- 125/188 [66.5%], loss=0.1197, dgw=0.1197, reg=0.0000, time=63.65s.
-- 150/188 [79.8%], loss=0.1223, dgw=0.1223, reg=0.0000, time=50.91s.
-- 175/188 [93.1%], loss=0.1197, dgw=0.1197, reg=0.0000, time=48.09s.
-- 188/188 [100.0%], loss=0.1218, dgw=0.1218, reg=0.0000, time=26.68s.
fit: Epoch 14/15, loss = 0.1235, best loss = 0.1235
results/MUTAG_Original_usl_tsne_fit_14.pdf
-- 25/188 [13.3%], loss=0.1235, dgw=0.1235, reg=0.0000, time=54.10s.
-- 50/188 [26.6%], loss=0.1192, dgw=0.1192, reg=0.0000, time=61.18s.
-- 75/188 [39.9%], loss=0.1184, dgw=0.1184, reg=0.0000, time=59.97s.
-- 100/188 [53.2%], loss=0.1166, dgw=0.1166, reg=0.0000, time=55.17s.
-- 125/188 [66.5%], loss=0.1150, dgw=0.1150, reg=0.0000, time=44.68s.
-- 150/188 [79.8%], loss=0.1149, dgw=0.1149, reg=0.0000, time=39.57s.
-- 175/188 [93.1%], loss=0.1142, dgw=0.1142, reg=0.0000, time=39.33s.
-- 188/188 [100.0%], loss=0.1119, dgw=0.1119, reg=0.0000, time=25.89s.
fit: Epoch 15/15, loss = 0.1170, best loss = 0.1170
results/MUTAG_Original_usl_tsne_fit_15.pdf
Best Acc  : 0.5585106382978724
Rand Score: 0.5042098077141882
Done!
