-- 25/188 [13.3%], loss=0.2662, dgw=0.2662, reg=0.0000, time=48.76s.
-- 50/188 [26.6%], loss=0.2658, dgw=0.2658, reg=0.0000, time=58.18s.
-- 75/188 [39.9%], loss=0.2626, dgw=0.2626, reg=0.0000, time=51.94s.
-- 100/188 [53.2%], loss=0.2611, dgw=0.2611, reg=0.0000, time=40.94s.
-- 125/188 [66.5%], loss=0.2545, dgw=0.2545, reg=0.0000, time=49.18s.
-- 150/188 [79.8%], loss=0.2532, dgw=0.2532, reg=0.0000, time=61.44s.
-- 175/188 [93.1%], loss=0.2566, dgw=0.2566, reg=0.0000, time=61.47s.
-- 188/188 [100.0%], loss=0.2501, dgw=0.2501, reg=0.0000, time=31.85s.
fit: Epoch 1/15, loss = 0.2593, best loss = 0.2593
results/MUTAG_Original_usl_tsne_fit_1.pdf
-- 25/188 [13.3%], loss=0.2483, dgw=0.2483, reg=0.0000, time=60.95s.
-- 50/188 [26.6%], loss=0.2489, dgw=0.2489, reg=0.0000, time=48.07s.
-- 75/188 [39.9%], loss=0.2468, dgw=0.2468, reg=0.0000, time=46.05s.
-- 100/188 [53.2%], loss=0.2452, dgw=0.2452, reg=0.0000, time=57.83s.
-- 125/188 [66.5%], loss=0.2427, dgw=0.2427, reg=0.0000, time=61.69s.
-- 150/188 [79.8%], loss=0.2406, dgw=0.2406, reg=0.0000, time=53.81s.
-- 175/188 [93.1%], loss=0.2404, dgw=0.2404, reg=0.0000, time=81.31s.
-- 188/188 [100.0%], loss=0.2366, dgw=0.2366, reg=0.0000, time=34.01s.
fit: Epoch 2/15, loss = 0.2441, best loss = 0.2441
results/MUTAG_Original_usl_tsne_fit_2.pdf
-- 25/188 [13.3%], loss=0.2371, dgw=0.2371, reg=0.0000, time=44.26s.
-- 50/188 [26.6%], loss=0.2345, dgw=0.2345, reg=0.0000, time=53.70s.
-- 75/188 [39.9%], loss=0.2303, dgw=0.2303, reg=0.0000, time=72.07s.
-- 100/188 [53.2%], loss=0.2301, dgw=0.2301, reg=0.0000, time=58.99s.
-- 125/188 [66.5%], loss=0.2267, dgw=0.2267, reg=0.0000, time=65.49s.
-- 150/188 [79.8%], loss=0.2276, dgw=0.2276, reg=0.0000, time=52.56s.
-- 175/188 [93.1%], loss=0.2252, dgw=0.2252, reg=0.0000, time=60.05s.
-- 188/188 [100.0%], loss=0.2262, dgw=0.2262, reg=0.0000, time=36.96s.
fit: Epoch 3/15, loss = 0.2299, best loss = 0.2299
results/MUTAG_Original_usl_tsne_fit_3.pdf
-- 25/188 [13.3%], loss=0.2227, dgw=0.2227, reg=0.0000, time=52.84s.
-- 50/188 [26.6%], loss=0.2213, dgw=0.2213, reg=0.0000, time=53.61s.
-- 75/188 [39.9%], loss=0.2160, dgw=0.2160, reg=0.0000, time=50.44s.
-- 100/188 [53.2%], loss=0.2178, dgw=0.2178, reg=0.0000, time=56.17s.
-- 125/188 [66.5%], loss=0.2155, dgw=0.2155, reg=0.0000, time=82.97s.
-- 150/188 [79.8%], loss=0.2123, dgw=0.2123, reg=0.0000, time=61.99s.
-- 175/188 [93.1%], loss=0.2134, dgw=0.2134, reg=0.0000, time=79.83s.
-- 188/188 [100.0%], loss=0.2111, dgw=0.2111, reg=0.0000, time=34.30s.
fit: Epoch 4/15, loss = 0.2166, best loss = 0.2166
results/MUTAG_Original_usl_tsne_fit_4.pdf
-- 25/188 [13.3%], loss=0.2089, dgw=0.2089, reg=0.0000, time=43.26s.
-- 50/188 [26.6%], loss=0.2057, dgw=0.2057, reg=0.0000, time=57.57s.
-- 75/188 [39.9%], loss=0.2084, dgw=0.2084, reg=0.0000, time=62.64s.
-- 100/188 [53.2%], loss=0.2057, dgw=0.2057, reg=0.0000, time=62.91s.
-- 125/188 [66.5%], loss=0.2016, dgw=0.2016, reg=0.0000, time=54.29s.
-- 150/188 [79.8%], loss=0.2013, dgw=0.2013, reg=0.0000, time=72.73s.
-- 175/188 [93.1%], loss=0.2004, dgw=0.2004, reg=0.0000, time=69.84s.
-- 188/188 [100.0%], loss=0.1978, dgw=0.1978, reg=0.0000, time=27.82s.
fit: Epoch 5/15, loss = 0.2041, best loss = 0.2041
results/MUTAG_Original_usl_tsne_fit_5.pdf
-- 25/188 [13.3%], loss=0.1968, dgw=0.1968, reg=0.0000, time=25.96s.
-- 50/188 [26.6%], loss=0.1986, dgw=0.1986, reg=0.0000, time=60.88s.
-- 75/188 [39.9%], loss=0.1946, dgw=0.1946, reg=0.0000, time=62.72s.
-- 100/188 [53.2%], loss=0.1981, dgw=0.1981, reg=0.0000, time=51.29s.
-- 125/188 [66.5%], loss=0.1874, dgw=0.1874, reg=0.0000, time=56.24s.
-- 150/188 [79.8%], loss=0.1907, dgw=0.1907, reg=0.0000, time=40.66s.
-- 175/188 [93.1%], loss=0.1899, dgw=0.1899, reg=0.0000, time=52.72s.
-- 188/188 [100.0%], loss=0.1986, dgw=0.1986, reg=0.0000, time=15.98s.
fit: Epoch 6/15, loss = 0.1941, best loss = 0.1941
results/MUTAG_Original_usl_tsne_fit_6.pdf
-- 25/188 [13.3%], loss=0.1866, dgw=0.1866, reg=0.0000, time=38.59s.
-- 50/188 [26.6%], loss=0.1858, dgw=0.1858, reg=0.0000, time=50.50s.
-- 75/188 [39.9%], loss=0.1847, dgw=0.1847, reg=0.0000, time=53.04s.
-- 100/188 [53.2%], loss=0.1832, dgw=0.1832, reg=0.0000, time=56.47s.
-- 125/188 [66.5%], loss=0.1902, dgw=0.1902, reg=0.0000, time=45.72s.
-- 150/188 [79.8%], loss=0.1778, dgw=0.1778, reg=0.0000, time=59.80s.
-- 175/188 [93.1%], loss=0.1784, dgw=0.1784, reg=0.0000, time=57.63s.
-- 188/188 [100.0%], loss=0.1763, dgw=0.1763, reg=0.0000, time=22.89s.
fit: Epoch 7/15, loss = 0.1833, best loss = 0.1833
results/MUTAG_Original_usl_tsne_fit_7.pdf
-- 25/188 [13.3%], loss=0.1762, dgw=0.1762, reg=0.0000, time=67.16s.
-- 50/188 [26.6%], loss=0.1754, dgw=0.1754, reg=0.0000, time=59.38s.
-- 75/188 [39.9%], loss=0.1726, dgw=0.1726, reg=0.0000, time=64.61s.
-- 100/188 [53.2%], loss=0.1734, dgw=0.1734, reg=0.0000, time=54.41s.
-- 125/188 [66.5%], loss=0.1865, dgw=0.1865, reg=0.0000, time=64.97s.
-- 150/188 [79.8%], loss=0.1700, dgw=0.1700, reg=0.0000, time=45.23s.
-- 175/188 [93.1%], loss=0.1815, dgw=0.1815, reg=0.0000, time=37.69s.
-- 188/188 [100.0%], loss=0.1666, dgw=0.1666, reg=0.0000, time=36.63s.
fit: Epoch 8/15, loss = 0.1758, best loss = 0.1758
results/MUTAG_Original_usl_tsne_fit_8.pdf
-- 25/188 [13.3%], loss=0.1719, dgw=0.1719, reg=0.0000, time=81.96s.
-- 50/188 [26.6%], loss=0.1837, dgw=0.1837, reg=0.0000, time=68.05s.
-- 75/188 [39.9%], loss=0.1814, dgw=0.1814, reg=0.0000, time=55.98s.
-- 100/188 [53.2%], loss=0.1751, dgw=0.1751, reg=0.0000, time=60.10s.
-- 125/188 [66.5%], loss=0.1767, dgw=0.1767, reg=0.0000, time=55.67s.
-- 150/188 [79.8%], loss=0.1845, dgw=0.1845, reg=0.0000, time=36.67s.
-- 175/188 [93.1%], loss=0.1718, dgw=0.1718, reg=0.0000, time=33.67s.
-- 188/188 [100.0%], loss=0.1791, dgw=0.1791, reg=0.0000, time=25.64s.
fit: Epoch 9/15, loss = 0.1779, best loss = 0.1758
results/MUTAG_Original_usl_tsne_fit_9.pdf
-- 25/188 [13.3%], loss=0.1811, dgw=0.1811, reg=0.0000, time=47.53s.
-- 50/188 [26.6%], loss=0.2265, dgw=0.2265, reg=0.0000, time=72.26s.
-- 75/188 [39.9%], loss=0.1806, dgw=0.1806, reg=0.0000, time=58.14s.
-- 100/188 [53.2%], loss=0.1746, dgw=0.1746, reg=0.0000, time=56.65s.
-- 125/188 [66.5%], loss=0.1823, dgw=0.1823, reg=0.0000, time=56.88s.
-- 150/188 [79.8%], loss=0.1791, dgw=0.1791, reg=0.0000, time=62.10s.
-- 175/188 [93.1%], loss=0.1919, dgw=0.1919, reg=0.0000, time=39.97s.
-- 188/188 [100.0%], loss=0.1663, dgw=0.1663, reg=0.0000, time=19.34s.
fit: Epoch 10/15, loss = 0.1865, best loss = 0.1758
results/MUTAG_Original_usl_tsne_fit_10.pdf
-- 25/188 [13.3%], loss=0.1521, dgw=0.1521, reg=0.0000, time=46.99s.
-- 50/188 [26.6%], loss=0.1520, dgw=0.1520, reg=0.0000, time=49.67s.
-- 75/188 [39.9%], loss=0.1625, dgw=0.1625, reg=0.0000, time=50.60s.
-- 100/188 [53.2%], loss=0.1519, dgw=0.1519, reg=0.0000, time=51.72s.
-- 125/188 [66.5%], loss=0.1719, dgw=0.1719, reg=0.0000, time=46.51s.
-- 150/188 [79.8%], loss=0.1639, dgw=0.1639, reg=0.0000, time=52.73s.
-- 175/188 [93.1%], loss=0.1535, dgw=0.1535, reg=0.0000, time=49.28s.
-- 188/188 [100.0%], loss=0.1437, dgw=0.1437, reg=0.0000, time=36.06s.
fit: Epoch 11/15, loss = 0.1573, best loss = 0.1573
results/MUTAG_Original_usl_tsne_fit_11.pdf
-- 25/188 [13.3%], loss=0.1434, dgw=0.1434, reg=0.0000, time=42.45s.
-- 50/188 [26.6%], loss=0.1452, dgw=0.1452, reg=0.0000, time=46.91s.
-- 75/188 [39.9%], loss=0.1390, dgw=0.1390, reg=0.0000, time=33.91s.
-- 100/188 [53.2%], loss=0.1426, dgw=0.1426, reg=0.0000, time=53.50s.
-- 125/188 [66.5%], loss=0.1482, dgw=0.1482, reg=0.0000, time=46.29s.
-- 150/188 [79.8%], loss=0.1373, dgw=0.1373, reg=0.0000, time=49.17s.
-- 175/188 [93.1%], loss=0.1482, dgw=0.1482, reg=0.0000, time=48.10s.
-- 188/188 [100.0%], loss=0.1358, dgw=0.1358, reg=0.0000, time=27.88s.
fit: Epoch 12/15, loss = 0.1429, best loss = 0.1429
results/MUTAG_Original_usl_tsne_fit_12.pdf
-- 25/188 [13.3%], loss=0.1366, dgw=0.1366, reg=0.0000, time=52.11s.
-- 50/188 [26.6%], loss=0.1468, dgw=0.1468, reg=0.0000, time=50.60s.
-- 75/188 [39.9%], loss=0.1329, dgw=0.1329, reg=0.0000, time=47.88s.
-- 100/188 [53.2%], loss=0.1502, dgw=0.1502, reg=0.0000, time=47.50s.
-- 125/188 [66.5%], loss=0.1326, dgw=0.1326, reg=0.0000, time=50.45s.
-- 150/188 [79.8%], loss=0.1349, dgw=0.1349, reg=0.0000, time=38.46s.
-- 175/188 [93.1%], loss=0.1432, dgw=0.1432, reg=0.0000, time=52.07s.
-- 188/188 [100.0%], loss=0.1279, dgw=0.1279, reg=0.0000, time=31.45s.
fit: Epoch 13/15, loss = 0.1388, best loss = 0.1388
results/MUTAG_Original_usl_tsne_fit_13.pdf
-- 25/188 [13.3%], loss=0.1461, dgw=0.1461, reg=0.0000, time=57.92s.
-- 50/188 [26.6%], loss=0.1275, dgw=0.1275, reg=0.0000, time=55.43s.
-- 75/188 [39.9%], loss=0.1328, dgw=0.1328, reg=0.0000, time=41.91s.
-- 100/188 [53.2%], loss=0.1325, dgw=0.1325, reg=0.0000, time=41.08s.
-- 125/188 [66.5%], loss=0.1236, dgw=0.1236, reg=0.0000, time=40.83s.
-- 150/188 [79.8%], loss=0.1313, dgw=0.1313, reg=0.0000, time=39.80s.
-- 175/188 [93.1%], loss=0.1401, dgw=0.1401, reg=0.0000, time=48.10s.
-- 188/188 [100.0%], loss=0.1367, dgw=0.1367, reg=0.0000, time=14.50s.
fit: Epoch 14/15, loss = 0.1336, best loss = 0.1336
results/MUTAG_Original_usl_tsne_fit_14.pdf
-- 25/188 [13.3%], loss=0.1285, dgw=0.1285, reg=0.0000, time=49.52s.
-- 50/188 [26.6%], loss=0.1444, dgw=0.1444, reg=0.0000, time=49.99s.
-- 75/188 [39.9%], loss=0.1199, dgw=0.1199, reg=0.0000, time=41.51s.
-- 100/188 [53.2%], loss=0.1167, dgw=0.1167, reg=0.0000, time=47.77s.
-- 125/188 [66.5%], loss=0.1299, dgw=0.1299, reg=0.0000, time=34.56s.
-- 150/188 [79.8%], loss=0.1312, dgw=0.1312, reg=0.0000, time=46.08s.
-- 175/188 [93.1%], loss=0.1200, dgw=0.1200, reg=0.0000, time=49.32s.
-- 188/188 [100.0%], loss=0.1365, dgw=0.1365, reg=0.0000, time=25.26s.
fit: Epoch 15/15, loss = 0.1279, best loss = 0.1279
results/MUTAG_Original_usl_tsne_fit_15.pdf
Best Acc  : 0.5319148936170213
Rand Score: 0.49937421777221525
Done!
