-- 25/188 [13.3%], loss=0.2681, dgw=0.2681, reg=0.0000, time=37.28s.
-- 50/188 [26.6%], loss=0.2643, dgw=0.2643, reg=0.0000, time=39.96s.
-- 75/188 [39.9%], loss=0.2592, dgw=0.2592, reg=0.0000, time=57.34s.
-- 100/188 [53.2%], loss=0.2578, dgw=0.2578, reg=0.0000, time=51.25s.
-- 125/188 [66.5%], loss=0.2559, dgw=0.2559, reg=0.0000, time=60.55s.
-- 150/188 [79.8%], loss=0.2573, dgw=0.2573, reg=0.0000, time=67.25s.
-- 175/188 [93.1%], loss=0.2556, dgw=0.2556, reg=0.0000, time=71.19s.
-- 188/188 [100.0%], loss=0.2506, dgw=0.2506, reg=0.0000, time=43.89s.
fit: Epoch 1/15, loss = 0.2591, best loss = 0.2591
results/MUTAG_Original_usl_tsne_fit_1.pdf
-- 25/188 [13.3%], loss=0.2530, dgw=0.2530, reg=0.0000, time=83.02s.
-- 50/188 [26.6%], loss=0.2480, dgw=0.2480, reg=0.0000, time=65.23s.
-- 75/188 [39.9%], loss=0.2447, dgw=0.2447, reg=0.0000, time=56.54s.
-- 100/188 [53.2%], loss=0.2438, dgw=0.2438, reg=0.0000, time=58.63s.
-- 125/188 [66.5%], loss=0.2424, dgw=0.2424, reg=0.0000, time=57.28s.
-- 150/188 [79.8%], loss=0.2399, dgw=0.2399, reg=0.0000, time=71.07s.
-- 175/188 [93.1%], loss=0.2375, dgw=0.2375, reg=0.0000, time=78.47s.
-- 188/188 [100.0%], loss=0.2400, dgw=0.2400, reg=0.0000, time=30.79s.
fit: Epoch 2/15, loss = 0.2439, best loss = 0.2439
results/MUTAG_Original_usl_tsne_fit_2.pdf
-- 25/188 [13.3%], loss=0.2322, dgw=0.2322, reg=0.0000, time=62.15s.
-- 50/188 [26.6%], loss=0.2327, dgw=0.2327, reg=0.0000, time=56.63s.
-- 75/188 [39.9%], loss=0.2314, dgw=0.2314, reg=0.0000, time=70.51s.
-- 100/188 [53.2%], loss=0.2321, dgw=0.2321, reg=0.0000, time=75.02s.
-- 125/188 [66.5%], loss=0.2276, dgw=0.2276, reg=0.0000, time=63.70s.
-- 150/188 [79.8%], loss=0.2287, dgw=0.2287, reg=0.0000, time=60.80s.
-- 175/188 [93.1%], loss=0.2263, dgw=0.2263, reg=0.0000, time=64.72s.
-- 188/188 [100.0%], loss=0.2215, dgw=0.2215, reg=0.0000, time=43.82s.
fit: Epoch 3/15, loss = 0.2296, best loss = 0.2296
results/MUTAG_Original_usl_tsne_fit_3.pdf
-- 25/188 [13.3%], loss=0.2221, dgw=0.2221, reg=0.0000, time=64.11s.
-- 50/188 [26.6%], loss=0.2199, dgw=0.2199, reg=0.0000, time=71.76s.
-- 75/188 [39.9%], loss=0.2187, dgw=0.2187, reg=0.0000, time=69.97s.
-- 100/188 [53.2%], loss=0.2171, dgw=0.2171, reg=0.0000, time=77.91s.
-- 125/188 [66.5%], loss=0.2153, dgw=0.2153, reg=0.0000, time=55.65s.
-- 150/188 [79.8%], loss=0.2129, dgw=0.2129, reg=0.0000, time=66.65s.
-- 175/188 [93.1%], loss=0.2122, dgw=0.2122, reg=0.0000, time=73.29s.
-- 188/188 [100.0%], loss=0.2062, dgw=0.2062, reg=0.0000, time=42.40s.
fit: Epoch 4/15, loss = 0.2161, best loss = 0.2161
results/MUTAG_Original_usl_tsne_fit_4.pdf
-- 25/188 [13.3%], loss=0.2096, dgw=0.2096, reg=0.0000, time=51.87s.
-- 50/188 [26.6%], loss=0.2050, dgw=0.2050, reg=0.0000, time=66.58s.
-- 75/188 [39.9%], loss=0.2065, dgw=0.2065, reg=0.0000, time=68.35s.
-- 100/188 [53.2%], loss=0.2037, dgw=0.2037, reg=0.0000, time=81.63s.
-- 125/188 [66.5%], loss=0.2025, dgw=0.2025, reg=0.0000, time=70.95s.
-- 150/188 [79.8%], loss=0.2004, dgw=0.2004, reg=0.0000, time=79.80s.
-- 175/188 [93.1%], loss=0.1998, dgw=0.1998, reg=0.0000, time=83.53s.
-- 188/188 [100.0%], loss=0.1984, dgw=0.1984, reg=0.0000, time=44.24s.
fit: Epoch 5/15, loss = 0.2036, best loss = 0.2036
results/MUTAG_Original_usl_tsne_fit_5.pdf
-- 25/188 [13.3%], loss=0.1932, dgw=0.1932, reg=0.0000, time=39.63s.
-- 50/188 [26.6%], loss=0.1965, dgw=0.1965, reg=0.0000, time=67.95s.
-- 75/188 [39.9%], loss=0.1934, dgw=0.1934, reg=0.0000, time=67.79s.
-- 100/188 [53.2%], loss=0.1931, dgw=0.1931, reg=0.0000, time=83.96s.
-- 125/188 [66.5%], loss=0.1971, dgw=0.1971, reg=0.0000, time=96.65s.
-- 150/188 [79.8%], loss=0.1904, dgw=0.1904, reg=0.0000, time=60.48s.
-- 175/188 [93.1%], loss=0.1867, dgw=0.1867, reg=0.0000, time=87.49s.
-- 188/188 [100.0%], loss=0.1901, dgw=0.1901, reg=0.0000, time=34.45s.
fit: Epoch 6/15, loss = 0.1927, best loss = 0.1927
results/MUTAG_Original_usl_tsne_fit_6.pdf
-- 25/188 [13.3%], loss=0.1870, dgw=0.1870, reg=0.0000, time=66.49s.
-- 50/188 [26.6%], loss=0.1832, dgw=0.1832, reg=0.0000, time=63.55s.
-- 75/188 [39.9%], loss=0.1811, dgw=0.1811, reg=0.0000, time=83.78s.
-- 100/188 [53.2%], loss=0.1870, dgw=0.1870, reg=0.0000, time=80.28s.
-- 125/188 [66.5%], loss=0.1809, dgw=0.1809, reg=0.0000, time=75.46s.
-- 150/188 [79.8%], loss=0.1771, dgw=0.1771, reg=0.0000, time=62.78s.
-- 175/188 [93.1%], loss=0.1760, dgw=0.1760, reg=0.0000, time=65.38s.
-- 188/188 [100.0%], loss=0.1909, dgw=0.1909, reg=0.0000, time=24.76s.
fit: Epoch 7/15, loss = 0.1824, best loss = 0.1824
results/MUTAG_Original_usl_tsne_fit_7.pdf
-- 25/188 [13.3%], loss=0.1733, dgw=0.1733, reg=0.0000, time=58.13s.
-- 50/188 [26.6%], loss=0.1739, dgw=0.1739, reg=0.0000, time=41.75s.
-- 75/188 [39.9%], loss=0.1757, dgw=0.1757, reg=0.0000, time=84.39s.
-- 100/188 [53.2%], loss=0.1899, dgw=0.1899, reg=0.0000, time=74.61s.
-- 125/188 [66.5%], loss=0.1682, dgw=0.1682, reg=0.0000, time=66.35s.
-- 150/188 [79.8%], loss=0.1948, dgw=0.1948, reg=0.0000, time=48.43s.
-- 175/188 [93.1%], loss=0.1862, dgw=0.1862, reg=0.0000, time=93.96s.
-- 188/188 [100.0%], loss=0.1788, dgw=0.1788, reg=0.0000, time=29.81s.
fit: Epoch 8/15, loss = 0.1802, best loss = 0.1802
results/MUTAG_Original_usl_tsne_fit_8.pdf
-- 25/188 [13.3%], loss=0.1714, dgw=0.1714, reg=0.0000, time=85.00s.
-- 50/188 [26.6%], loss=0.1616, dgw=0.1616, reg=0.0000, time=56.98s.
-- 75/188 [39.9%], loss=0.1669, dgw=0.1669, reg=0.0000, time=69.05s.
-- 100/188 [53.2%], loss=0.1620, dgw=0.1620, reg=0.0000, time=74.75s.
-- 125/188 [66.5%], loss=0.1625, dgw=0.1625, reg=0.0000, time=52.46s.
-- 150/188 [79.8%], loss=0.1578, dgw=0.1578, reg=0.0000, time=56.42s.
-- 175/188 [93.1%], loss=0.1668, dgw=0.1668, reg=0.0000, time=71.04s.
-- 188/188 [100.0%], loss=0.1655, dgw=0.1655, reg=0.0000, time=39.76s.
fit: Epoch 9/15, loss = 0.1642, best loss = 0.1642
results/MUTAG_Original_usl_tsne_fit_9.pdf
-- 25/188 [13.3%], loss=0.1554, dgw=0.1554, reg=0.0000, time=77.05s.
-- 50/188 [26.6%], loss=0.1555, dgw=0.1555, reg=0.0000, time=91.87s.
-- 75/188 [39.9%], loss=0.1503, dgw=0.1503, reg=0.0000, time=73.52s.
-- 100/188 [53.2%], loss=0.1532, dgw=0.1532, reg=0.0000, time=58.43s.
-- 125/188 [66.5%], loss=0.1490, dgw=0.1490, reg=0.0000, time=71.75s.
-- 150/188 [79.8%], loss=0.1522, dgw=0.1522, reg=0.0000, time=68.76s.
-- 175/188 [93.1%], loss=0.1500, dgw=0.1500, reg=0.0000, time=70.04s.
-- 188/188 [100.0%], loss=0.1491, dgw=0.1491, reg=0.0000, time=46.98s.
fit: Epoch 10/15, loss = 0.1520, best loss = 0.1520
results/MUTAG_Original_usl_tsne_fit_10.pdf
-- 25/188 [13.3%], loss=0.1485, dgw=0.1485, reg=0.0000, time=46.20s.
-- 50/188 [26.6%], loss=0.1448, dgw=0.1448, reg=0.0000, time=66.02s.
-- 75/188 [39.9%], loss=0.1440, dgw=0.1440, reg=0.0000, time=63.73s.
-- 100/188 [53.2%], loss=0.1456, dgw=0.1456, reg=0.0000, time=51.67s.
-- 125/188 [66.5%], loss=0.1455, dgw=0.1455, reg=0.0000, time=38.77s.
-- 150/188 [79.8%], loss=0.1410, dgw=0.1410, reg=0.0000, time=64.12s.
-- 175/188 [93.1%], loss=0.1399, dgw=0.1399, reg=0.0000, time=51.62s.
-- 188/188 [100.0%], loss=0.1376, dgw=0.1376, reg=0.0000, time=29.44s.
fit: Epoch 11/15, loss = 0.1437, best loss = 0.1437
results/MUTAG_Original_usl_tsne_fit_11.pdf
-- 25/188 [13.3%], loss=0.1453, dgw=0.1453, reg=0.0000, time=83.77s.
-- 50/188 [26.6%], loss=0.1366, dgw=0.1366, reg=0.0000, time=63.83s.
-- 75/188 [39.9%], loss=0.1341, dgw=0.1341, reg=0.0000, time=74.47s.
-- 100/188 [53.2%], loss=0.1371, dgw=0.1371, reg=0.0000, time=73.74s.
-- 125/188 [66.5%], loss=0.1474, dgw=0.1474, reg=0.0000, time=78.49s.
-- 150/188 [79.8%], loss=0.1346, dgw=0.1346, reg=0.0000, time=47.97s.
-- 175/188 [93.1%], loss=0.1373, dgw=0.1373, reg=0.0000, time=42.48s.
-- 188/188 [100.0%], loss=0.1358, dgw=0.1358, reg=0.0000, time=28.30s.
fit: Epoch 12/15, loss = 0.1387, best loss = 0.1387
results/MUTAG_Original_usl_tsne_fit_12.pdf
-- 25/188 [13.3%], loss=0.1387, dgw=0.1387, reg=0.0000, time=65.96s.
-- 50/188 [26.6%], loss=0.1412, dgw=0.1412, reg=0.0000, time=58.34s.
-- 75/188 [39.9%], loss=0.1318, dgw=0.1318, reg=0.0000, time=60.34s.
-- 100/188 [53.2%], loss=0.1352, dgw=0.1352, reg=0.0000, time=75.25s.
-- 125/188 [66.5%], loss=0.1351, dgw=0.1351, reg=0.0000, time=64.90s.
-- 150/188 [79.8%], loss=0.1288, dgw=0.1288, reg=0.0000, time=51.63s.
-- 175/188 [93.1%], loss=0.1277, dgw=0.1277, reg=0.0000, time=65.65s.
-- 188/188 [100.0%], loss=0.1548, dgw=0.1548, reg=0.0000, time=37.09s.
fit: Epoch 13/15, loss = 0.1355, best loss = 0.1355
results/MUTAG_Original_usl_tsne_fit_13.pdf
-- 25/188 [13.3%], loss=0.1341, dgw=0.1341, reg=0.0000, time=47.41s.
-- 50/188 [26.6%], loss=0.1266, dgw=0.1266, reg=0.0000, time=54.90s.
-- 75/188 [39.9%], loss=0.1231, dgw=0.1231, reg=0.0000, time=46.80s.
-- 100/188 [53.2%], loss=0.1318, dgw=0.1318, reg=0.0000, time=63.12s.
-- 125/188 [66.5%], loss=0.1267, dgw=0.1267, reg=0.0000, time=68.11s.
-- 150/188 [79.8%], loss=0.1395, dgw=0.1395, reg=0.0000, time=50.43s.
-- 175/188 [93.1%], loss=0.1233, dgw=0.1233, reg=0.0000, time=68.77s.
-- 188/188 [100.0%], loss=0.1321, dgw=0.1321, reg=0.0000, time=28.85s.
fit: Epoch 14/15, loss = 0.1295, best loss = 0.1295
results/MUTAG_Original_usl_tsne_fit_14.pdf
-- 25/188 [13.3%], loss=0.1281, dgw=0.1281, reg=0.0000, time=61.72s.
-- 50/188 [26.6%], loss=0.1208, dgw=0.1208, reg=0.0000, time=44.35s.
-- 75/188 [39.9%], loss=0.1367, dgw=0.1367, reg=0.0000, time=60.36s.
-- 100/188 [53.2%], loss=0.1159, dgw=0.1159, reg=0.0000, time=51.04s.
-- 125/188 [66.5%], loss=0.1188, dgw=0.1188, reg=0.0000, time=53.28s.
-- 150/188 [79.8%], loss=0.1228, dgw=0.1228, reg=0.0000, time=49.34s.
-- 175/188 [93.1%], loss=0.1223, dgw=0.1223, reg=0.0000, time=60.58s.
-- 188/188 [100.0%], loss=0.1175, dgw=0.1175, reg=0.0000, time=32.24s.
fit: Epoch 15/15, loss = 0.1232, best loss = 0.1232
results/MUTAG_Original_usl_tsne_fit_15.pdf
Best Acc  : 0.5851063829787234
Rand Score: 0.5118898623279099
Done!
