-- 25/188 [13.3%], loss=0.2678, dgw=0.2678, reg=0.0000, time=51.35s.
-- 50/188 [26.6%], loss=0.2641, dgw=0.2641, reg=0.0000, time=68.00s.
-- 75/188 [39.9%], loss=0.2620, dgw=0.2620, reg=0.0000, time=47.47s.
-- 100/188 [53.2%], loss=0.2602, dgw=0.2602, reg=0.0000, time=57.40s.
-- 125/188 [66.5%], loss=0.2591, dgw=0.2591, reg=0.0000, time=73.82s.
-- 150/188 [79.8%], loss=0.2548, dgw=0.2548, reg=0.0000, time=68.98s.
-- 175/188 [93.1%], loss=0.2531, dgw=0.2531, reg=0.0000, time=82.56s.
-- 188/188 [100.0%], loss=0.2526, dgw=0.2526, reg=0.0000, time=29.45s.
fit: Epoch 1/15, loss = 0.2596, best loss = 0.2596
results/MUTAG_Original_usl_tsne_fit_1.pdf
-- 25/188 [13.3%], loss=0.2511, dgw=0.2511, reg=0.0000, time=66.67s.
-- 50/188 [26.6%], loss=0.2489, dgw=0.2489, reg=0.0000, time=52.65s.
-- 75/188 [39.9%], loss=0.2471, dgw=0.2471, reg=0.0000, time=61.06s.
-- 100/188 [53.2%], loss=0.2459, dgw=0.2459, reg=0.0000, time=49.08s.
-- 125/188 [66.5%], loss=0.2426, dgw=0.2426, reg=0.0000, time=46.35s.
-- 150/188 [79.8%], loss=0.2411, dgw=0.2411, reg=0.0000, time=80.06s.
-- 175/188 [93.1%], loss=0.2405, dgw=0.2405, reg=0.0000, time=59.34s.
-- 188/188 [100.0%], loss=0.2363, dgw=0.2363, reg=0.0000, time=37.52s.
fit: Epoch 2/15, loss = 0.2447, best loss = 0.2447
results/MUTAG_Original_usl_tsne_fit_2.pdf
-- 25/188 [13.3%], loss=0.2380, dgw=0.2380, reg=0.0000, time=78.05s.
-- 50/188 [26.6%], loss=0.2351, dgw=0.2351, reg=0.0000, time=67.17s.
-- 75/188 [39.9%], loss=0.2323, dgw=0.2323, reg=0.0000, time=60.48s.
-- 100/188 [53.2%], loss=0.2311, dgw=0.2311, reg=0.0000, time=65.30s.
-- 125/188 [66.5%], loss=0.2286, dgw=0.2286, reg=0.0000, time=58.17s.
-- 150/188 [79.8%], loss=0.2258, dgw=0.2258, reg=0.0000, time=73.45s.
-- 175/188 [93.1%], loss=0.2269, dgw=0.2269, reg=0.0000, time=59.23s.
-- 188/188 [100.0%], loss=0.2245, dgw=0.2245, reg=0.0000, time=35.97s.
fit: Epoch 3/15, loss = 0.2307, best loss = 0.2307
results/MUTAG_Original_usl_tsne_fit_3.pdf
-- 25/188 [13.3%], loss=0.2231, dgw=0.2231, reg=0.0000, time=66.96s.
-- 50/188 [26.6%], loss=0.2223, dgw=0.2223, reg=0.0000, time=53.83s.
-- 75/188 [39.9%], loss=0.2210, dgw=0.2210, reg=0.0000, time=66.75s.
-- 100/188 [53.2%], loss=0.2177, dgw=0.2177, reg=0.0000, time=48.31s.
-- 125/188 [66.5%], loss=0.2145, dgw=0.2145, reg=0.0000, time=67.82s.
-- 150/188 [79.8%], loss=0.2144, dgw=0.2144, reg=0.0000, time=54.50s.
-- 175/188 [93.1%], loss=0.2135, dgw=0.2135, reg=0.0000, time=77.74s.
-- 188/188 [100.0%], loss=0.2096, dgw=0.2096, reg=0.0000, time=32.57s.
fit: Epoch 4/15, loss = 0.2175, best loss = 0.2175
results/MUTAG_Original_usl_tsne_fit_4.pdf
-- 25/188 [13.3%], loss=0.2104, dgw=0.2104, reg=0.0000, time=47.54s.
-- 50/188 [26.6%], loss=0.2098, dgw=0.2098, reg=0.0000, time=60.84s.
-- 75/188 [39.9%], loss=0.2065, dgw=0.2065, reg=0.0000, time=76.36s.
-- 100/188 [53.2%], loss=0.2046, dgw=0.2046, reg=0.0000, time=75.94s.
-- 125/188 [66.5%], loss=0.2045, dgw=0.2045, reg=0.0000, time=81.48s.
-- 150/188 [79.8%], loss=0.2025, dgw=0.2025, reg=0.0000, time=61.96s.
-- 175/188 [93.1%], loss=0.2011, dgw=0.2011, reg=0.0000, time=88.26s.
-- 188/188 [100.0%], loss=0.1996, dgw=0.1996, reg=0.0000, time=36.33s.
fit: Epoch 5/15, loss = 0.2052, best loss = 0.2052
results/MUTAG_Original_usl_tsne_fit_5.pdf
-- 25/188 [13.3%], loss=0.1995, dgw=0.1995, reg=0.0000, time=74.53s.
-- 50/188 [26.6%], loss=0.1974, dgw=0.1974, reg=0.0000, time=63.50s.
-- 75/188 [39.9%], loss=0.1948, dgw=0.1948, reg=0.0000, time=59.93s.
-- 100/188 [53.2%], loss=0.1938, dgw=0.1938, reg=0.0000, time=56.52s.
-- 125/188 [66.5%], loss=0.1939, dgw=0.1939, reg=0.0000, time=64.90s.
-- 150/188 [79.8%], loss=0.1918, dgw=0.1918, reg=0.0000, time=93.50s.
-- 175/188 [93.1%], loss=0.1899, dgw=0.1899, reg=0.0000, time=92.18s.
-- 188/188 [100.0%], loss=0.1843, dgw=0.1843, reg=0.0000, time=25.07s.
fit: Epoch 6/15, loss = 0.1937, best loss = 0.1937
results/MUTAG_Original_usl_tsne_fit_6.pdf
-- 25/188 [13.3%], loss=0.1895, dgw=0.1895, reg=0.0000, time=63.32s.
-- 50/188 [26.6%], loss=0.1847, dgw=0.1847, reg=0.0000, time=68.56s.
-- 75/188 [39.9%], loss=0.1832, dgw=0.1832, reg=0.0000, time=65.69s.
-- 100/188 [53.2%], loss=0.1845, dgw=0.1845, reg=0.0000, time=49.39s.
-- 125/188 [66.5%], loss=0.1834, dgw=0.1834, reg=0.0000, time=72.35s.
-- 150/188 [79.8%], loss=0.1779, dgw=0.1779, reg=0.0000, time=79.22s.
-- 175/188 [93.1%], loss=0.1810, dgw=0.1810, reg=0.0000, time=56.90s.
-- 188/188 [100.0%], loss=0.1792, dgw=0.1792, reg=0.0000, time=43.42s.
fit: Epoch 7/15, loss = 0.1832, best loss = 0.1832
results/MUTAG_Original_usl_tsne_fit_7.pdf
-- 25/188 [13.3%], loss=0.1774, dgw=0.1774, reg=0.0000, time=53.83s.
-- 50/188 [26.6%], loss=0.1765, dgw=0.1765, reg=0.0000, time=63.54s.
-- 75/188 [39.9%], loss=0.1740, dgw=0.1740, reg=0.0000, time=69.05s.
-- 100/188 [53.2%], loss=0.1754, dgw=0.1754, reg=0.0000, time=62.60s.
-- 125/188 [66.5%], loss=0.1715, dgw=0.1715, reg=0.0000, time=103.32s.
-- 150/188 [79.8%], loss=0.1716, dgw=0.1716, reg=0.0000, time=80.31s.
-- 175/188 [93.1%], loss=0.1696, dgw=0.1696, reg=0.0000, time=65.90s.
-- 188/188 [100.0%], loss=0.1682, dgw=0.1682, reg=0.0000, time=30.68s.
fit: Epoch 8/15, loss = 0.1733, best loss = 0.1733
results/MUTAG_Original_usl_tsne_fit_8.pdf
-- 25/188 [13.3%], loss=0.1672, dgw=0.1672, reg=0.0000, time=62.50s.
-- 50/188 [26.6%], loss=0.1658, dgw=0.1658, reg=0.0000, time=47.82s.
-- 75/188 [39.9%], loss=0.1664, dgw=0.1664, reg=0.0000, time=86.64s.
-- 100/188 [53.2%], loss=0.1648, dgw=0.1648, reg=0.0000, time=85.97s.
-- 125/188 [66.5%], loss=0.1634, dgw=0.1634, reg=0.0000, time=59.17s.
-- 150/188 [79.8%], loss=0.1633, dgw=0.1633, reg=0.0000, time=77.55s.
-- 175/188 [93.1%], loss=0.1608, dgw=0.1608, reg=0.0000, time=58.72s.
-- 188/188 [100.0%], loss=0.1592, dgw=0.1592, reg=0.0000, time=30.40s.
fit: Epoch 9/15, loss = 0.1642, best loss = 0.1642
results/MUTAG_Original_usl_tsne_fit_9.pdf
-- 25/188 [13.3%], loss=0.1588, dgw=0.1588, reg=0.0000, time=70.28s.
-- 50/188 [26.6%], loss=0.1574, dgw=0.1574, reg=0.0000, time=80.06s.
-- 75/188 [39.9%], loss=0.1561, dgw=0.1561, reg=0.0000, time=81.79s.
-- 100/188 [53.2%], loss=0.1549, dgw=0.1549, reg=0.0000, time=93.63s.
-- 125/188 [66.5%], loss=0.1552, dgw=0.1552, reg=0.0000, time=45.16s.
-- 150/188 [79.8%], loss=0.1550, dgw=0.1550, reg=0.0000, time=76.59s.
-- 175/188 [93.1%], loss=0.1547, dgw=0.1547, reg=0.0000, time=86.80s.
-- 188/188 [100.0%], loss=0.1522, dgw=0.1522, reg=0.0000, time=34.48s.
fit: Epoch 10/15, loss = 0.1558, best loss = 0.1558
results/MUTAG_Original_usl_tsne_fit_10.pdf
-- 25/188 [13.3%], loss=0.1514, dgw=0.1514, reg=0.0000, time=46.55s.
-- 50/188 [26.6%], loss=0.1481, dgw=0.1481, reg=0.0000, time=62.86s.
-- 75/188 [39.9%], loss=0.1503, dgw=0.1503, reg=0.0000, time=75.15s.
-- 100/188 [53.2%], loss=0.1488, dgw=0.1488, reg=0.0000, time=52.84s.
-- 125/188 [66.5%], loss=0.1462, dgw=0.1462, reg=0.0000, time=61.21s.
-- 150/188 [79.8%], loss=0.1481, dgw=0.1481, reg=0.0000, time=38.36s.
-- 175/188 [93.1%], loss=0.1452, dgw=0.1452, reg=0.0000, time=38.92s.
-- 188/188 [100.0%], loss=0.1422, dgw=0.1422, reg=0.0000, time=25.98s.
fit: Epoch 11/15, loss = 0.1479, best loss = 0.1479
results/MUTAG_Original_usl_tsne_fit_11.pdf
-- 25/188 [13.3%], loss=0.1429, dgw=0.1429, reg=0.0000, time=39.82s.
-- 50/188 [26.6%], loss=0.1418, dgw=0.1418, reg=0.0000, time=53.44s.
-- 75/188 [39.9%], loss=0.1409, dgw=0.1409, reg=0.0000, time=53.53s.
-- 100/188 [53.2%], loss=0.1404, dgw=0.1404, reg=0.0000, time=57.26s.
-- 125/188 [66.5%], loss=0.1418, dgw=0.1418, reg=0.0000, time=71.41s.
-- 150/188 [79.8%], loss=0.1399, dgw=0.1399, reg=0.0000, time=71.76s.
-- 175/188 [93.1%], loss=0.1376, dgw=0.1376, reg=0.0000, time=61.93s.
-- 188/188 [100.0%], loss=0.1385, dgw=0.1385, reg=0.0000, time=30.98s.
fit: Epoch 12/15, loss = 0.1406, best loss = 0.1406
results/MUTAG_Original_usl_tsne_fit_12.pdf
-- 25/188 [13.3%], loss=0.1360, dgw=0.1360, reg=0.0000, time=55.44s.
-- 50/188 [26.6%], loss=0.1346, dgw=0.1346, reg=0.0000, time=58.49s.
-- 75/188 [39.9%], loss=0.1355, dgw=0.1355, reg=0.0000, time=73.81s.
-- 100/188 [53.2%], loss=0.1333, dgw=0.1333, reg=0.0000, time=56.45s.
-- 125/188 [66.5%], loss=0.1327, dgw=0.1327, reg=0.0000, time=72.37s.
-- 150/188 [79.8%], loss=0.1304, dgw=0.1304, reg=0.0000, time=44.45s.
-- 175/188 [93.1%], loss=0.1347, dgw=0.1347, reg=0.0000, time=50.40s.
-- 188/188 [100.0%], loss=0.1307, dgw=0.1307, reg=0.0000, time=31.57s.
fit: Epoch 13/15, loss = 0.1337, best loss = 0.1337
results/MUTAG_Original_usl_tsne_fit_13.pdf
-- 25/188 [13.3%], loss=0.1296, dgw=0.1296, reg=0.0000, time=44.67s.
-- 50/188 [26.6%], loss=0.1273, dgw=0.1273, reg=0.0000, time=51.46s.
-- 75/188 [39.9%], loss=0.1284, dgw=0.1284, reg=0.0000, time=81.73s.
-- 100/188 [53.2%], loss=0.1250, dgw=0.1250, reg=0.0000, time=58.33s.
-- 125/188 [66.5%], loss=0.1266, dgw=0.1266, reg=0.0000, time=49.03s.
-- 150/188 [79.8%], loss=0.1272, dgw=0.1272, reg=0.0000, time=68.73s.
-- 175/188 [93.1%], loss=0.1269, dgw=0.1269, reg=0.0000, time=56.81s.
-- 188/188 [100.0%], loss=0.1254, dgw=0.1254, reg=0.0000, time=32.10s.
fit: Epoch 14/15, loss = 0.1272, best loss = 0.1272
results/MUTAG_Original_usl_tsne_fit_14.pdf
-- 25/188 [13.3%], loss=0.1249, dgw=0.1249, reg=0.0000, time=45.64s.
-- 50/188 [26.6%], loss=0.1207, dgw=0.1207, reg=0.0000, time=71.95s.
-- 75/188 [39.9%], loss=0.1209, dgw=0.1209, reg=0.0000, time=44.61s.
-- 100/188 [53.2%], loss=0.1235, dgw=0.1235, reg=0.0000, time=42.69s.
-- 125/188 [66.5%], loss=0.1216, dgw=0.1216, reg=0.0000, time=48.92s.
-- 150/188 [79.8%], loss=0.1211, dgw=0.1211, reg=0.0000, time=66.35s.
-- 175/188 [93.1%], loss=0.1192, dgw=0.1192, reg=0.0000, time=57.44s.
-- 188/188 [100.0%], loss=0.1129, dgw=0.1129, reg=0.0000, time=37.62s.
fit: Epoch 15/15, loss = 0.1211, best loss = 0.1211
results/MUTAG_Original_usl_tsne_fit_15.pdf
Best Acc  : 0.574468085106383
Rand Score: 0.5084765047218114
Done!
