-- 25/188 [13.3%], loss=0.2357, dgw=0.2357, reg=0.0000, time=8.10s.
-- 50/188 [26.6%], loss=0.2269, dgw=0.2269, reg=0.0000, time=12.96s.
-- 75/188 [39.9%], loss=0.2237, dgw=0.2237, reg=0.0000, time=14.23s.
-- 100/188 [53.2%], loss=0.2229, dgw=0.2229, reg=0.0000, time=16.54s.
-- 125/188 [66.5%], loss=0.2125, dgw=0.2125, reg=0.0000, time=16.89s.
-- 150/188 [79.8%], loss=0.2206, dgw=0.2206, reg=0.0000, time=17.26s.
-- 175/188 [93.1%], loss=0.2115, dgw=0.2115, reg=0.0000, time=19.89s.
-- 188/188 [100.0%], loss=0.2087, dgw=0.2087, reg=0.0000, time=9.74s.
fit: Epoch 1/15, loss = 0.2211, best loss = 0.2211
results/MUTAG_Our_Iter_usl_tsne_fit_1.pdf
-- 25/188 [13.3%], loss=0.2075, dgw=0.2075, reg=0.0000, time=28.38s.
-- 50/188 [26.6%], loss=0.2114, dgw=0.2114, reg=0.0000, time=38.42s.
-- 75/188 [39.9%], loss=0.2099, dgw=0.2099, reg=0.0000, time=50.76s.
-- 100/188 [53.2%], loss=0.2116, dgw=0.2116, reg=0.0000, time=47.18s.
-- 125/188 [66.5%], loss=0.1996, dgw=0.1996, reg=0.0000, time=41.21s.
-- 150/188 [79.8%], loss=0.2062, dgw=0.2062, reg=0.0000, time=40.61s.
-- 175/188 [93.1%], loss=0.1950, dgw=0.1950, reg=0.0000, time=40.99s.
-- 188/188 [100.0%], loss=0.2006, dgw=0.2006, reg=0.0000, time=25.24s.
fit: Epoch 2/15, loss = 0.2055, best loss = 0.2055
results/MUTAG_Our_Iter_usl_tsne_fit_2.pdf
-- 25/188 [13.3%], loss=0.1949, dgw=0.1949, reg=0.0000, time=34.65s.
-- 50/188 [26.6%], loss=0.1973, dgw=0.1973, reg=0.0000, time=46.28s.
-- 75/188 [39.9%], loss=0.1939, dgw=0.1939, reg=0.0000, time=49.68s.
-- 100/188 [53.2%], loss=0.1893, dgw=0.1893, reg=0.0000, time=55.09s.
-- 125/188 [66.5%], loss=0.1936, dgw=0.1936, reg=0.0000, time=34.53s.
-- 150/188 [79.8%], loss=0.1892, dgw=0.1892, reg=0.0000, time=44.22s.
-- 175/188 [93.1%], loss=0.1845, dgw=0.1845, reg=0.0000, time=56.86s.
-- 188/188 [100.0%], loss=0.1966, dgw=0.1966, reg=0.0000, time=30.52s.
fit: Epoch 3/15, loss = 0.1921, best loss = 0.1921
results/MUTAG_Our_Iter_usl_tsne_fit_3.pdf
-- 25/188 [13.3%], loss=0.1834, dgw=0.1834, reg=0.0000, time=41.72s.
-- 50/188 [26.6%], loss=0.1820, dgw=0.1820, reg=0.0000, time=55.20s.
-- 75/188 [39.9%], loss=0.1830, dgw=0.1830, reg=0.0000, time=41.74s.
-- 100/188 [53.2%], loss=0.1766, dgw=0.1766, reg=0.0000, time=34.08s.
-- 125/188 [66.5%], loss=0.1799, dgw=0.1799, reg=0.0000, time=40.87s.
-- 150/188 [79.8%], loss=0.1749, dgw=0.1749, reg=0.0000, time=37.23s.
-- 175/188 [93.1%], loss=0.1769, dgw=0.1769, reg=0.0000, time=49.30s.
-- 188/188 [100.0%], loss=0.1779, dgw=0.1779, reg=0.0000, time=28.49s.
fit: Epoch 4/15, loss = 0.1794, best loss = 0.1794
results/MUTAG_Our_Iter_usl_tsne_fit_4.pdf
-- 25/188 [13.3%], loss=0.1723, dgw=0.1723, reg=0.0000, time=31.28s.
-- 50/188 [26.6%], loss=0.1764, dgw=0.1764, reg=0.0000, time=47.81s.
-- 75/188 [39.9%], loss=0.1642, dgw=0.1642, reg=0.0000, time=47.60s.
-- 100/188 [53.2%], loss=0.1646, dgw=0.1646, reg=0.0000, time=62.45s.
-- 125/188 [66.5%], loss=0.1682, dgw=0.1682, reg=0.0000, time=61.37s.
-- 150/188 [79.8%], loss=0.1654, dgw=0.1654, reg=0.0000, time=49.93s.
-- 175/188 [93.1%], loss=0.1631, dgw=0.1631, reg=0.0000, time=61.16s.
-- 188/188 [100.0%], loss=0.1645, dgw=0.1645, reg=0.0000, time=22.89s.
fit: Epoch 5/15, loss = 0.1675, best loss = 0.1675
results/MUTAG_Our_Iter_usl_tsne_fit_5.pdf
-- 25/188 [13.3%], loss=0.1563, dgw=0.1563, reg=0.0000, time=31.83s.
-- 50/188 [26.6%], loss=0.1691, dgw=0.1691, reg=0.0000, time=42.74s.
-- 75/188 [39.9%], loss=0.1512, dgw=0.1512, reg=0.0000, time=50.28s.
-- 100/188 [53.2%], loss=0.1524, dgw=0.1524, reg=0.0000, time=61.69s.
-- 125/188 [66.5%], loss=0.1612, dgw=0.1612, reg=0.0000, time=60.91s.
-- 150/188 [79.8%], loss=0.1556, dgw=0.1556, reg=0.0000, time=58.94s.
-- 175/188 [93.1%], loss=0.1504, dgw=0.1504, reg=0.0000, time=42.38s.
-- 188/188 [100.0%], loss=0.1544, dgw=0.1544, reg=0.0000, time=28.09s.
fit: Epoch 6/15, loss = 0.1565, best loss = 0.1565
results/MUTAG_Our_Iter_usl_tsne_fit_6.pdf
-- 25/188 [13.3%], loss=0.1552, dgw=0.1552, reg=0.0000, time=43.61s.
-- 50/188 [26.6%], loss=0.1459, dgw=0.1459, reg=0.0000, time=51.45s.
-- 75/188 [39.9%], loss=0.1472, dgw=0.1472, reg=0.0000, time=32.17s.
-- 100/188 [53.2%], loss=0.1453, dgw=0.1453, reg=0.0000, time=35.88s.
-- 125/188 [66.5%], loss=0.1498, dgw=0.1498, reg=0.0000, time=55.64s.
-- 150/188 [79.8%], loss=0.1415, dgw=0.1415, reg=0.0000, time=51.83s.
-- 175/188 [93.1%], loss=0.1394, dgw=0.1394, reg=0.0000, time=47.68s.
-- 188/188 [100.0%], loss=0.1438, dgw=0.1438, reg=0.0000, time=16.34s.
fit: Epoch 7/15, loss = 0.1462, best loss = 0.1462
results/MUTAG_Our_Iter_usl_tsne_fit_7.pdf
-- 25/188 [13.3%], loss=0.1408, dgw=0.1408, reg=0.0000, time=29.49s.
-- 50/188 [26.6%], loss=0.1375, dgw=0.1375, reg=0.0000, time=38.35s.
-- 75/188 [39.9%], loss=0.1334, dgw=0.1334, reg=0.0000, time=37.26s.
-- 100/188 [53.2%], loss=0.1370, dgw=0.1370, reg=0.0000, time=32.96s.
-- 125/188 [66.5%], loss=0.1414, dgw=0.1414, reg=0.0000, time=49.41s.
-- 150/188 [79.8%], loss=0.1325, dgw=0.1325, reg=0.0000, time=48.15s.
-- 175/188 [93.1%], loss=0.1406, dgw=0.1406, reg=0.0000, time=41.33s.
-- 188/188 [100.0%], loss=0.1270, dgw=0.1270, reg=0.0000, time=33.87s.
fit: Epoch 8/15, loss = 0.1369, best loss = 0.1369
results/MUTAG_Our_Iter_usl_tsne_fit_8.pdf
-- 25/188 [13.3%], loss=0.1303, dgw=0.1303, reg=0.0000, time=35.74s.
-- 50/188 [26.6%], loss=0.1372, dgw=0.1372, reg=0.0000, time=40.53s.
-- 75/188 [39.9%], loss=0.1256, dgw=0.1256, reg=0.0000, time=38.70s.
-- 100/188 [53.2%], loss=0.1321, dgw=0.1321, reg=0.0000, time=40.85s.
-- 125/188 [66.5%], loss=0.1290, dgw=0.1290, reg=0.0000, time=35.59s.
-- 150/188 [79.8%], loss=0.1259, dgw=0.1259, reg=0.0000, time=50.67s.
-- 175/188 [93.1%], loss=0.1242, dgw=0.1242, reg=0.0000, time=41.29s.
-- 188/188 [100.0%], loss=0.1176, dgw=0.1176, reg=0.0000, time=25.82s.
fit: Epoch 9/15, loss = 0.1284, best loss = 0.1284
results/MUTAG_Our_Iter_usl_tsne_fit_9.pdf
-- 25/188 [13.3%], loss=0.1295, dgw=0.1295, reg=0.0000, time=36.69s.
-- 50/188 [26.6%], loss=0.1247, dgw=0.1247, reg=0.0000, time=37.71s.
-- 75/188 [39.9%], loss=0.1153, dgw=0.1153, reg=0.0000, time=36.29s.
-- 100/188 [53.2%], loss=0.1186, dgw=0.1186, reg=0.0000, time=40.81s.
-- 125/188 [66.5%], loss=0.1210, dgw=0.1210, reg=0.0000, time=50.11s.
-- 150/188 [79.8%], loss=0.1236, dgw=0.1236, reg=0.0000, time=38.07s.
-- 175/188 [93.1%], loss=0.1141, dgw=0.1141, reg=0.0000, time=56.98s.
-- 188/188 [100.0%], loss=0.1132, dgw=0.1132, reg=0.0000, time=19.21s.
fit: Epoch 10/15, loss = 0.1204, best loss = 0.1204
results/MUTAG_Our_Iter_usl_tsne_fit_10.pdf
-- 25/188 [13.3%], loss=0.1125, dgw=0.1125, reg=0.0000, time=40.10s.
-- 50/188 [26.6%], loss=0.1182, dgw=0.1182, reg=0.0000, time=45.39s.
-- 75/188 [39.9%], loss=0.1108, dgw=0.1108, reg=0.0000, time=34.18s.
-- 100/188 [53.2%], loss=0.1247, dgw=0.1247, reg=0.0000, time=39.58s.
-- 125/188 [66.5%], loss=0.1166, dgw=0.1166, reg=0.0000, time=34.23s.
-- 150/188 [79.8%], loss=0.1093, dgw=0.1093, reg=0.0000, time=53.69s.
-- 175/188 [93.1%], loss=0.1045, dgw=0.1045, reg=0.0000, time=52.25s.
-- 188/188 [100.0%], loss=0.1077, dgw=0.1077, reg=0.0000, time=23.96s.
fit: Epoch 11/15, loss = 0.1134, best loss = 0.1134
results/MUTAG_Our_Iter_usl_tsne_fit_11.pdf
-- 25/188 [13.3%], loss=0.1010, dgw=0.1010, reg=0.0000, time=50.80s.
-- 50/188 [26.6%], loss=0.1067, dgw=0.1067, reg=0.0000, time=45.65s.
-- 75/188 [39.9%], loss=0.1100, dgw=0.1100, reg=0.0000, time=38.52s.
-- 100/188 [53.2%], loss=0.1116, dgw=0.1116, reg=0.0000, time=34.43s.
-- 125/188 [66.5%], loss=0.0990, dgw=0.0990, reg=0.0000, time=53.76s.
-- 150/188 [79.8%], loss=0.1086, dgw=0.1086, reg=0.0000, time=41.26s.
-- 175/188 [93.1%], loss=0.1103, dgw=0.1103, reg=0.0000, time=37.97s.
-- 188/188 [100.0%], loss=0.1060, dgw=0.1060, reg=0.0000, time=19.68s.
fit: Epoch 12/15, loss = 0.1067, best loss = 0.1067
results/MUTAG_Our_Iter_usl_tsne_fit_12.pdf
-- 25/188 [13.3%], loss=0.1078, dgw=0.1078, reg=0.0000, time=54.69s.
-- 50/188 [26.6%], loss=0.1024, dgw=0.1024, reg=0.0000, time=59.48s.
-- 75/188 [39.9%], loss=0.1015, dgw=0.1015, reg=0.0000, time=52.40s.
-- 100/188 [53.2%], loss=0.1024, dgw=0.1024, reg=0.0000, time=46.68s.
-- 125/188 [66.5%], loss=0.0952, dgw=0.0952, reg=0.0000, time=55.87s.
-- 150/188 [79.8%], loss=0.1024, dgw=0.1024, reg=0.0000, time=45.67s.
-- 175/188 [93.1%], loss=0.0918, dgw=0.0918, reg=0.0000, time=32.82s.
-- 188/188 [100.0%], loss=0.1050, dgw=0.1050, reg=0.0000, time=14.87s.
fit: Epoch 13/15, loss = 0.1008, best loss = 0.1008
results/MUTAG_Our_Iter_usl_tsne_fit_13.pdf
-- 25/188 [13.3%], loss=0.0961, dgw=0.0961, reg=0.0000, time=21.57s.
-- 50/188 [26.6%], loss=0.1017, dgw=0.1017, reg=0.0000, time=55.70s.
-- 75/188 [39.9%], loss=0.0912, dgw=0.0912, reg=0.0000, time=40.01s.
-- 100/188 [53.2%], loss=0.0965, dgw=0.0965, reg=0.0000, time=50.62s.
-- 125/188 [66.5%], loss=0.0867, dgw=0.0867, reg=0.0000, time=45.35s.
-- 150/188 [79.8%], loss=0.0922, dgw=0.0922, reg=0.0000, time=34.86s.
-- 175/188 [93.1%], loss=0.1016, dgw=0.1016, reg=0.0000, time=39.73s.
-- 188/188 [100.0%], loss=0.0994, dgw=0.0994, reg=0.0000, time=12.77s.
fit: Epoch 14/15, loss = 0.0954, best loss = 0.0954
results/MUTAG_Our_Iter_usl_tsne_fit_14.pdf
-- 25/188 [13.3%], loss=0.0906, dgw=0.0906, reg=0.0000, time=40.55s.
-- 50/188 [26.6%], loss=0.0936, dgw=0.0936, reg=0.0000, time=48.12s.
-- 75/188 [39.9%], loss=0.0866, dgw=0.0866, reg=0.0000, time=53.51s.
-- 100/188 [53.2%], loss=0.0896, dgw=0.0896, reg=0.0000, time=45.83s.
-- 125/188 [66.5%], loss=0.0889, dgw=0.0889, reg=0.0000, time=40.71s.
-- 150/188 [79.8%], loss=0.0971, dgw=0.0971, reg=0.0000, time=51.02s.
-- 175/188 [93.1%], loss=0.0874, dgw=0.0874, reg=0.0000, time=53.43s.
-- 188/188 [100.0%], loss=0.0871, dgw=0.0871, reg=0.0000, time=29.85s.
fit: Epoch 15/15, loss = 0.0903, best loss = 0.0903
results/MUTAG_Our_Iter_usl_tsne_fit_15.pdf
Best Acc  : 0.5851063829787234
Rand Score: 0.5118898623279099
Done!
