-- 25/188 [13.3%], loss=0.2340, dgw=0.2340, reg=0.0000, time=40.53s.
-- 50/188 [26.6%], loss=0.2325, dgw=0.2325, reg=0.0000, time=52.29s.
-- 75/188 [39.9%], loss=0.2271, dgw=0.2271, reg=0.0000, time=35.80s.
-- 100/188 [53.2%], loss=0.2237, dgw=0.2237, reg=0.0000, time=33.92s.
-- 125/188 [66.5%], loss=0.2194, dgw=0.2194, reg=0.0000, time=38.35s.
-- 150/188 [79.8%], loss=0.2198, dgw=0.2198, reg=0.0000, time=41.08s.
-- 175/188 [93.1%], loss=0.2200, dgw=0.2200, reg=0.0000, time=55.55s.
-- 188/188 [100.0%], loss=0.2138, dgw=0.2138, reg=0.0000, time=27.58s.
fit: Epoch 1/15, loss = 0.2244, best loss = 0.2244
results/MUTAG_Our_Iter_usl_tsne_fit_1.pdf
-- 25/188 [13.3%], loss=0.2130, dgw=0.2130, reg=0.0000, time=48.06s.
-- 50/188 [26.6%], loss=0.2111, dgw=0.2111, reg=0.0000, time=67.67s.
-- 75/188 [39.9%], loss=0.2058, dgw=0.2058, reg=0.0000, time=53.50s.
-- 100/188 [53.2%], loss=0.2144, dgw=0.2144, reg=0.0000, time=31.19s.
-- 125/188 [66.5%], loss=0.2093, dgw=0.2093, reg=0.0000, time=59.78s.
-- 150/188 [79.8%], loss=0.2024, dgw=0.2024, reg=0.0000, time=59.43s.
-- 175/188 [93.1%], loss=0.1962, dgw=0.1962, reg=0.0000, time=47.88s.
-- 188/188 [100.0%], loss=0.2035, dgw=0.2035, reg=0.0000, time=25.86s.
fit: Epoch 2/15, loss = 0.2072, best loss = 0.2072
results/MUTAG_Our_Iter_usl_tsne_fit_2.pdf
-- 25/188 [13.3%], loss=0.1981, dgw=0.1981, reg=0.0000, time=61.82s.
-- 50/188 [26.6%], loss=0.2026, dgw=0.2026, reg=0.0000, time=48.73s.
-- 75/188 [39.9%], loss=0.1906, dgw=0.1906, reg=0.0000, time=44.45s.
-- 100/188 [53.2%], loss=0.1973, dgw=0.1973, reg=0.0000, time=53.88s.
-- 125/188 [66.5%], loss=0.1919, dgw=0.1919, reg=0.0000, time=60.45s.
-- 150/188 [79.8%], loss=0.1948, dgw=0.1948, reg=0.0000, time=60.45s.
-- 175/188 [93.1%], loss=0.1867, dgw=0.1867, reg=0.0000, time=62.86s.
-- 188/188 [100.0%], loss=0.1856, dgw=0.1856, reg=0.0000, time=31.31s.
fit: Epoch 3/15, loss = 0.1940, best loss = 0.1940
results/MUTAG_Our_Iter_usl_tsne_fit_3.pdf
-- 25/188 [13.3%], loss=0.1922, dgw=0.1922, reg=0.0000, time=58.31s.
-- 50/188 [26.6%], loss=0.1858, dgw=0.1858, reg=0.0000, time=65.58s.
-- 75/188 [39.9%], loss=0.1870, dgw=0.1870, reg=0.0000, time=54.68s.
-- 100/188 [53.2%], loss=0.1797, dgw=0.1797, reg=0.0000, time=56.76s.
-- 125/188 [66.5%], loss=0.1776, dgw=0.1776, reg=0.0000, time=55.86s.
-- 150/188 [79.8%], loss=0.1728, dgw=0.1728, reg=0.0000, time=69.97s.
-- 175/188 [93.1%], loss=0.1787, dgw=0.1787, reg=0.0000, time=57.12s.
-- 188/188 [100.0%], loss=0.1735, dgw=0.1735, reg=0.0000, time=35.39s.
fit: Epoch 4/15, loss = 0.1814, best loss = 0.1814
results/MUTAG_Our_Iter_usl_tsne_fit_4.pdf
-- 25/188 [13.3%], loss=0.1731, dgw=0.1731, reg=0.0000, time=66.04s.
-- 50/188 [26.6%], loss=0.1703, dgw=0.1703, reg=0.0000, time=59.32s.
-- 75/188 [39.9%], loss=0.1772, dgw=0.1772, reg=0.0000, time=60.35s.
-- 100/188 [53.2%], loss=0.1650, dgw=0.1650, reg=0.0000, time=55.72s.
-- 125/188 [66.5%], loss=0.1652, dgw=0.1652, reg=0.0000, time=48.46s.
-- 150/188 [79.8%], loss=0.1694, dgw=0.1694, reg=0.0000, time=41.99s.
-- 175/188 [93.1%], loss=0.1647, dgw=0.1647, reg=0.0000, time=63.96s.
-- 188/188 [100.0%], loss=0.1701, dgw=0.1701, reg=0.0000, time=28.54s.
fit: Epoch 5/15, loss = 0.1693, best loss = 0.1693
results/MUTAG_Our_Iter_usl_tsne_fit_5.pdf
-- 25/188 [13.3%], loss=0.1653, dgw=0.1653, reg=0.0000, time=42.58s.
-- 50/188 [26.6%], loss=0.1595, dgw=0.1595, reg=0.0000, time=34.63s.
-- 75/188 [39.9%], loss=0.1548, dgw=0.1548, reg=0.0000, time=43.72s.
-- 100/188 [53.2%], loss=0.1571, dgw=0.1571, reg=0.0000, time=34.26s.
-- 125/188 [66.5%], loss=0.1547, dgw=0.1547, reg=0.0000, time=47.60s.
-- 150/188 [79.8%], loss=0.1628, dgw=0.1628, reg=0.0000, time=54.17s.
-- 175/188 [93.1%], loss=0.1528, dgw=0.1528, reg=0.0000, time=52.97s.
-- 188/188 [100.0%], loss=0.1582, dgw=0.1582, reg=0.0000, time=24.91s.
fit: Epoch 6/15, loss = 0.1582, best loss = 0.1582
results/MUTAG_Our_Iter_usl_tsne_fit_6.pdf
-- 25/188 [13.3%], loss=0.1486, dgw=0.1486, reg=0.0000, time=50.74s.
-- 50/188 [26.6%], loss=0.1520, dgw=0.1520, reg=0.0000, time=48.71s.
-- 75/188 [39.9%], loss=0.1512, dgw=0.1512, reg=0.0000, time=30.69s.
-- 100/188 [53.2%], loss=0.1476, dgw=0.1476, reg=0.0000, time=40.18s.
-- 125/188 [66.5%], loss=0.1490, dgw=0.1490, reg=0.0000, time=32.00s.
-- 150/188 [79.8%], loss=0.1453, dgw=0.1453, reg=0.0000, time=38.44s.
-- 175/188 [93.1%], loss=0.1459, dgw=0.1459, reg=0.0000, time=42.37s.
-- 188/188 [100.0%], loss=0.1403, dgw=0.1403, reg=0.0000, time=28.77s.
fit: Epoch 7/15, loss = 0.1480, best loss = 0.1480
results/MUTAG_Our_Iter_usl_tsne_fit_7.pdf
-- 25/188 [13.3%], loss=0.1428, dgw=0.1428, reg=0.0000, time=60.41s.
-- 50/188 [26.6%], loss=0.1423, dgw=0.1423, reg=0.0000, time=40.87s.
-- 75/188 [39.9%], loss=0.1402, dgw=0.1402, reg=0.0000, time=47.94s.
-- 100/188 [53.2%], loss=0.1381, dgw=0.1381, reg=0.0000, time=63.86s.
-- 125/188 [66.5%], loss=0.1364, dgw=0.1364, reg=0.0000, time=42.80s.
-- 150/188 [79.8%], loss=0.1362, dgw=0.1362, reg=0.0000, time=30.29s.
-- 175/188 [93.1%], loss=0.1374, dgw=0.1374, reg=0.0000, time=36.20s.
-- 188/188 [100.0%], loss=0.1341, dgw=0.1341, reg=0.0000, time=23.75s.
fit: Epoch 8/15, loss = 0.1387, best loss = 0.1387
results/MUTAG_Our_Iter_usl_tsne_fit_8.pdf
-- 25/188 [13.3%], loss=0.1340, dgw=0.1340, reg=0.0000, time=54.29s.
-- 50/188 [26.6%], loss=0.1286, dgw=0.1286, reg=0.0000, time=55.22s.
-- 75/188 [39.9%], loss=0.1358, dgw=0.1358, reg=0.0000, time=30.46s.
-- 100/188 [53.2%], loss=0.1255, dgw=0.1255, reg=0.0000, time=41.14s.
-- 125/188 [66.5%], loss=0.1255, dgw=0.1255, reg=0.0000, time=45.72s.
-- 150/188 [79.8%], loss=0.1328, dgw=0.1328, reg=0.0000, time=55.34s.
-- 175/188 [93.1%], loss=0.1272, dgw=0.1272, reg=0.0000, time=68.77s.
-- 188/188 [100.0%], loss=0.1306, dgw=0.1306, reg=0.0000, time=31.39s.
fit: Epoch 9/15, loss = 0.1300, best loss = 0.1300
results/MUTAG_Our_Iter_usl_tsne_fit_9.pdf
-- 25/188 [13.3%], loss=0.1263, dgw=0.1263, reg=0.0000, time=58.59s.
-- 50/188 [26.6%], loss=0.1221, dgw=0.1221, reg=0.0000, time=61.11s.
-- 75/188 [39.9%], loss=0.1234, dgw=0.1234, reg=0.0000, time=47.40s.
-- 100/188 [53.2%], loss=0.1283, dgw=0.1283, reg=0.0000, time=51.28s.
-- 125/188 [66.5%], loss=0.1178, dgw=0.1178, reg=0.0000, time=53.09s.
-- 150/188 [79.8%], loss=0.1169, dgw=0.1169, reg=0.0000, time=55.66s.
-- 175/188 [93.1%], loss=0.1176, dgw=0.1176, reg=0.0000, time=52.44s.
-- 188/188 [100.0%], loss=0.1293, dgw=0.1293, reg=0.0000, time=30.34s.
fit: Epoch 10/15, loss = 0.1223, best loss = 0.1223
results/MUTAG_Our_Iter_usl_tsne_fit_10.pdf
-- 25/188 [13.3%], loss=0.1133, dgw=0.1133, reg=0.0000, time=57.41s.
-- 50/188 [26.6%], loss=0.1076, dgw=0.1076, reg=0.0000, time=54.61s.
-- 75/188 [39.9%], loss=0.1230, dgw=0.1230, reg=0.0000, time=48.83s.
-- 100/188 [53.2%], loss=0.1123, dgw=0.1123, reg=0.0000, time=54.04s.
-- 125/188 [66.5%], loss=0.1127, dgw=0.1127, reg=0.0000, time=50.26s.
-- 150/188 [79.8%], loss=0.1177, dgw=0.1177, reg=0.0000, time=41.93s.
-- 175/188 [93.1%], loss=0.1188, dgw=0.1188, reg=0.0000, time=40.70s.
-- 188/188 [100.0%], loss=0.1165, dgw=0.1165, reg=0.0000, time=24.96s.
fit: Epoch 11/15, loss = 0.1152, best loss = 0.1152
results/MUTAG_Our_Iter_usl_tsne_fit_11.pdf
-- 25/188 [13.3%], loss=0.1106, dgw=0.1106, reg=0.0000, time=45.63s.
-- 50/188 [26.6%], loss=0.1111, dgw=0.1111, reg=0.0000, time=33.96s.
-- 75/188 [39.9%], loss=0.1116, dgw=0.1116, reg=0.0000, time=39.45s.
-- 100/188 [53.2%], loss=0.1008, dgw=0.1008, reg=0.0000, time=49.98s.
-- 125/188 [66.5%], loss=0.1058, dgw=0.1058, reg=0.0000, time=56.17s.
-- 150/188 [79.8%], loss=0.1087, dgw=0.1087, reg=0.0000, time=49.50s.
-- 175/188 [93.1%], loss=0.1073, dgw=0.1073, reg=0.0000, time=56.78s.
-- 188/188 [100.0%], loss=0.1171, dgw=0.1171, reg=0.0000, time=29.09s.
fit: Epoch 12/15, loss = 0.1086, best loss = 0.1086
results/MUTAG_Our_Iter_usl_tsne_fit_12.pdf
-- 25/188 [13.3%], loss=0.0997, dgw=0.0997, reg=0.0000, time=47.96s.
-- 50/188 [26.6%], loss=0.1029, dgw=0.1029, reg=0.0000, time=50.70s.
-- 75/188 [39.9%], loss=0.1053, dgw=0.1053, reg=0.0000, time=62.32s.
-- 100/188 [53.2%], loss=0.0992, dgw=0.0992, reg=0.0000, time=51.26s.
-- 125/188 [66.5%], loss=0.1065, dgw=0.1065, reg=0.0000, time=45.16s.
-- 150/188 [79.8%], loss=0.1027, dgw=0.1027, reg=0.0000, time=55.15s.
-- 175/188 [93.1%], loss=0.0993, dgw=0.0993, reg=0.0000, time=50.17s.
-- 188/188 [100.0%], loss=0.1094, dgw=0.1094, reg=0.0000, time=18.56s.
fit: Epoch 13/15, loss = 0.1027, best loss = 0.1027
results/MUTAG_Our_Iter_usl_tsne_fit_13.pdf
-- 25/188 [13.3%], loss=0.0995, dgw=0.0995, reg=0.0000, time=56.10s.
-- 50/188 [26.6%], loss=0.1065, dgw=0.1065, reg=0.0000, time=56.23s.
-- 75/188 [39.9%], loss=0.0961, dgw=0.0961, reg=0.0000, time=42.02s.
-- 100/188 [53.2%], loss=0.0893, dgw=0.0893, reg=0.0000, time=47.48s.
-- 125/188 [66.5%], loss=0.0939, dgw=0.0939, reg=0.0000, time=46.92s.
-- 150/188 [79.8%], loss=0.1022, dgw=0.1022, reg=0.0000, time=52.99s.
-- 175/188 [93.1%], loss=0.0970, dgw=0.0970, reg=0.0000, time=61.55s.
-- 188/188 [100.0%], loss=0.0864, dgw=0.0864, reg=0.0000, time=29.61s.
fit: Epoch 14/15, loss = 0.0970, best loss = 0.0970
results/MUTAG_Our_Iter_usl_tsne_fit_14.pdf
-- 25/188 [13.3%], loss=0.0908, dgw=0.0908, reg=0.0000, time=52.93s.
-- 50/188 [26.6%], loss=0.0936, dgw=0.0936, reg=0.0000, time=37.76s.
-- 75/188 [39.9%], loss=0.0894, dgw=0.0894, reg=0.0000, time=29.57s.
-- 100/188 [53.2%], loss=0.0966, dgw=0.0966, reg=0.0000, time=52.66s.
-- 125/188 [66.5%], loss=0.0899, dgw=0.0899, reg=0.0000, time=43.53s.
-- 150/188 [79.8%], loss=0.0976, dgw=0.0976, reg=0.0000, time=58.29s.
-- 175/188 [93.1%], loss=0.0918, dgw=0.0918, reg=0.0000, time=47.76s.
-- 188/188 [100.0%], loss=0.0791, dgw=0.0791, reg=0.0000, time=20.76s.
fit: Epoch 15/15, loss = 0.0919, best loss = 0.0919
results/MUTAG_Our_Iter_usl_tsne_fit_15.pdf
Best Acc  : 0.5425531914893618
Rand Score: 0.5009671179883946
Done!
