-- 25/188 [13.3%], loss=0.2317, dgw=0.2317, reg=0.0000, time=30.97s.
-- 50/188 [26.6%], loss=0.2305, dgw=0.2305, reg=0.0000, time=40.06s.
-- 75/188 [39.9%], loss=0.2238, dgw=0.2238, reg=0.0000, time=39.43s.
-- 100/188 [53.2%], loss=0.2257, dgw=0.2257, reg=0.0000, time=54.17s.
-- 125/188 [66.5%], loss=0.2157, dgw=0.2157, reg=0.0000, time=56.58s.
-- 150/188 [79.8%], loss=0.2176, dgw=0.2176, reg=0.0000, time=56.52s.
-- 175/188 [93.1%], loss=0.2135, dgw=0.2135, reg=0.0000, time=65.60s.
-- 188/188 [100.0%], loss=0.2101, dgw=0.2101, reg=0.0000, time=38.65s.
fit: Epoch 1/15, loss = 0.2218, best loss = 0.2218
results/MUTAG_Our_Iter_usl_tsne_fit_1.pdf
-- 25/188 [13.3%], loss=0.2127, dgw=0.2127, reg=0.0000, time=70.12s.
-- 50/188 [26.6%], loss=0.2066, dgw=0.2066, reg=0.0000, time=82.53s.
-- 75/188 [39.9%], loss=0.2100, dgw=0.2100, reg=0.0000, time=52.41s.
-- 100/188 [53.2%], loss=0.2024, dgw=0.2024, reg=0.0000, time=70.45s.
-- 125/188 [66.5%], loss=0.2008, dgw=0.2008, reg=0.0000, time=59.39s.
-- 150/188 [79.8%], loss=0.2017, dgw=0.2017, reg=0.0000, time=51.63s.
-- 175/188 [93.1%], loss=0.1990, dgw=0.1990, reg=0.0000, time=68.12s.
-- 188/188 [100.0%], loss=0.2078, dgw=0.2078, reg=0.0000, time=43.08s.
fit: Epoch 2/15, loss = 0.2049, best loss = 0.2049
results/MUTAG_Our_Iter_usl_tsne_fit_2.pdf
-- 25/188 [13.3%], loss=0.1994, dgw=0.1994, reg=0.0000, time=45.31s.
-- 50/188 [26.6%], loss=0.1940, dgw=0.1940, reg=0.0000, time=68.32s.
-- 75/188 [39.9%], loss=0.1925, dgw=0.1925, reg=0.0000, time=49.51s.
-- 100/188 [53.2%], loss=0.1928, dgw=0.1928, reg=0.0000, time=51.46s.
-- 125/188 [66.5%], loss=0.1833, dgw=0.1833, reg=0.0000, time=53.41s.
-- 150/188 [79.8%], loss=0.1933, dgw=0.1933, reg=0.0000, time=52.99s.
-- 175/188 [93.1%], loss=0.1875, dgw=0.1875, reg=0.0000, time=64.39s.
-- 188/188 [100.0%], loss=0.1844, dgw=0.1844, reg=0.0000, time=23.56s.
fit: Epoch 3/15, loss = 0.1913, best loss = 0.1913
results/MUTAG_Our_Iter_usl_tsne_fit_3.pdf
-- 25/188 [13.3%], loss=0.1841, dgw=0.1841, reg=0.0000, time=42.85s.
-- 50/188 [26.6%], loss=0.1861, dgw=0.1861, reg=0.0000, time=76.77s.
-- 75/188 [39.9%], loss=0.1830, dgw=0.1830, reg=0.0000, time=56.02s.
-- 100/188 [53.2%], loss=0.1781, dgw=0.1781, reg=0.0000, time=37.25s.
-- 125/188 [66.5%], loss=0.1760, dgw=0.1760, reg=0.0000, time=63.39s.
-- 150/188 [79.8%], loss=0.1753, dgw=0.1753, reg=0.0000, time=64.47s.
-- 175/188 [93.1%], loss=0.1733, dgw=0.1733, reg=0.0000, time=63.62s.
-- 188/188 [100.0%], loss=0.1696, dgw=0.1696, reg=0.0000, time=30.91s.
fit: Epoch 4/15, loss = 0.1787, best loss = 0.1787
results/MUTAG_Our_Iter_usl_tsne_fit_4.pdf
-- 25/188 [13.3%], loss=0.1716, dgw=0.1716, reg=0.0000, time=32.63s.
-- 50/188 [26.6%], loss=0.1738, dgw=0.1738, reg=0.0000, time=54.73s.
-- 75/188 [39.9%], loss=0.1666, dgw=0.1666, reg=0.0000, time=70.79s.
-- 100/188 [53.2%], loss=0.1689, dgw=0.1689, reg=0.0000, time=60.62s.
-- 125/188 [66.5%], loss=0.1661, dgw=0.1661, reg=0.0000, time=63.63s.
-- 150/188 [79.8%], loss=0.1592, dgw=0.1592, reg=0.0000, time=51.41s.
-- 175/188 [93.1%], loss=0.1651, dgw=0.1651, reg=0.0000, time=70.43s.
-- 188/188 [100.0%], loss=0.1638, dgw=0.1638, reg=0.0000, time=36.13s.
fit: Epoch 5/15, loss = 0.1671, best loss = 0.1671
results/MUTAG_Our_Iter_usl_tsne_fit_5.pdf
-- 25/188 [13.3%], loss=0.1642, dgw=0.1642, reg=0.0000, time=68.39s.
-- 50/188 [26.6%], loss=0.1579, dgw=0.1579, reg=0.0000, time=66.63s.
-- 75/188 [39.9%], loss=0.1576, dgw=0.1576, reg=0.0000, time=63.48s.
-- 100/188 [53.2%], loss=0.1568, dgw=0.1568, reg=0.0000, time=66.32s.
-- 125/188 [66.5%], loss=0.1530, dgw=0.1530, reg=0.0000, time=53.99s.
-- 150/188 [79.8%], loss=0.1546, dgw=0.1546, reg=0.0000, time=78.53s.
-- 175/188 [93.1%], loss=0.1513, dgw=0.1513, reg=0.0000, time=52.66s.
-- 188/188 [100.0%], loss=0.1470, dgw=0.1470, reg=0.0000, time=23.90s.
fit: Epoch 6/15, loss = 0.1558, best loss = 0.1558
results/MUTAG_Our_Iter_usl_tsne_fit_6.pdf
-- 25/188 [13.3%], loss=0.1462, dgw=0.1462, reg=0.0000, time=88.60s.
-- 50/188 [26.6%], loss=0.1539, dgw=0.1539, reg=0.0000, time=85.57s.
-- 75/188 [39.9%], loss=0.1501, dgw=0.1501, reg=0.0000, time=83.34s.
-- 100/188 [53.2%], loss=0.1455, dgw=0.1455, reg=0.0000, time=71.90s.
-- 125/188 [66.5%], loss=0.1436, dgw=0.1436, reg=0.0000, time=67.92s.
-- 150/188 [79.8%], loss=0.1402, dgw=0.1402, reg=0.0000, time=73.71s.
-- 175/188 [93.1%], loss=0.1421, dgw=0.1421, reg=0.0000, time=60.83s.
-- 188/188 [100.0%], loss=0.1448, dgw=0.1448, reg=0.0000, time=36.34s.
fit: Epoch 7/15, loss = 0.1459, best loss = 0.1459
results/MUTAG_Our_Iter_usl_tsne_fit_7.pdf
-- 25/188 [13.3%], loss=0.1421, dgw=0.1421, reg=0.0000, time=76.70s.
-- 50/188 [26.6%], loss=0.1400, dgw=0.1400, reg=0.0000, time=75.60s.
-- 75/188 [39.9%], loss=0.1330, dgw=0.1330, reg=0.0000, time=64.78s.
-- 100/188 [53.2%], loss=0.1363, dgw=0.1363, reg=0.0000, time=62.85s.
-- 125/188 [66.5%], loss=0.1394, dgw=0.1394, reg=0.0000, time=65.25s.
-- 150/188 [79.8%], loss=0.1273, dgw=0.1273, reg=0.0000, time=71.69s.
-- 175/188 [93.1%], loss=0.1398, dgw=0.1398, reg=0.0000, time=60.25s.
-- 188/188 [100.0%], loss=0.1284, dgw=0.1284, reg=0.0000, time=41.68s.
fit: Epoch 8/15, loss = 0.1363, best loss = 0.1363
results/MUTAG_Our_Iter_usl_tsne_fit_8.pdf
-- 25/188 [13.3%], loss=0.1269, dgw=0.1269, reg=0.0000, time=71.87s.
-- 50/188 [26.6%], loss=0.1267, dgw=0.1267, reg=0.0000, time=34.64s.
-- 75/188 [39.9%], loss=0.1303, dgw=0.1303, reg=0.0000, time=64.83s.
-- 100/188 [53.2%], loss=0.1271, dgw=0.1271, reg=0.0000, time=76.68s.
-- 125/188 [66.5%], loss=0.1313, dgw=0.1313, reg=0.0000, time=70.49s.
-- 150/188 [79.8%], loss=0.1293, dgw=0.1293, reg=0.0000, time=82.09s.
-- 175/188 [93.1%], loss=0.1238, dgw=0.1238, reg=0.0000, time=73.60s.
-- 188/188 [100.0%], loss=0.1276, dgw=0.1276, reg=0.0000, time=22.54s.
fit: Epoch 9/15, loss = 0.1279, best loss = 0.1279
results/MUTAG_Our_Iter_usl_tsne_fit_9.pdf
-- 25/188 [13.3%], loss=0.1257, dgw=0.1257, reg=0.0000, time=64.05s.
-- 50/188 [26.6%], loss=0.1211, dgw=0.1211, reg=0.0000, time=66.71s.
-- 75/188 [39.9%], loss=0.1203, dgw=0.1203, reg=0.0000, time=63.97s.
-- 100/188 [53.2%], loss=0.1194, dgw=0.1194, reg=0.0000, time=65.14s.
-- 125/188 [66.5%], loss=0.1194, dgw=0.1194, reg=0.0000, time=69.22s.
-- 150/188 [79.8%], loss=0.1206, dgw=0.1206, reg=0.0000, time=77.89s.
-- 175/188 [93.1%], loss=0.1235, dgw=0.1235, reg=0.0000, time=59.69s.
-- 188/188 [100.0%], loss=0.1145, dgw=0.1145, reg=0.0000, time=23.52s.
fit: Epoch 10/15, loss = 0.1209, best loss = 0.1209
results/MUTAG_Our_Iter_usl_tsne_fit_10.pdf
-- 25/188 [13.3%], loss=0.1211, dgw=0.1211, reg=0.0000, time=66.73s.
-- 50/188 [26.6%], loss=0.1131, dgw=0.1131, reg=0.0000, time=74.70s.
-- 75/188 [39.9%], loss=0.1111, dgw=0.1111, reg=0.0000, time=63.96s.
-- 100/188 [53.2%], loss=0.1116, dgw=0.1116, reg=0.0000, time=79.10s.
-- 125/188 [66.5%], loss=0.1131, dgw=0.1131, reg=0.0000, time=28.23s.
-- 150/188 [79.8%], loss=0.1092, dgw=0.1092, reg=0.0000, time=68.15s.
-- 175/188 [93.1%], loss=0.1129, dgw=0.1129, reg=0.0000, time=62.12s.
-- 188/188 [100.0%], loss=0.1184, dgw=0.1184, reg=0.0000, time=35.45s.
fit: Epoch 11/15, loss = 0.1135, best loss = 0.1135
results/MUTAG_Our_Iter_usl_tsne_fit_11.pdf
-- 25/188 [13.3%], loss=0.1076, dgw=0.1076, reg=0.0000, time=42.77s.
-- 50/188 [26.6%], loss=0.1039, dgw=0.1039, reg=0.0000, time=48.06s.
-- 75/188 [39.9%], loss=0.1074, dgw=0.1074, reg=0.0000, time=40.84s.
-- 100/188 [53.2%], loss=0.1065, dgw=0.1065, reg=0.0000, time=49.41s.
-- 125/188 [66.5%], loss=0.1114, dgw=0.1114, reg=0.0000, time=63.60s.
-- 150/188 [79.8%], loss=0.1066, dgw=0.1066, reg=0.0000, time=60.44s.
-- 175/188 [93.1%], loss=0.1064, dgw=0.1064, reg=0.0000, time=63.15s.
-- 188/188 [100.0%], loss=0.1087, dgw=0.1087, reg=0.0000, time=19.18s.
fit: Epoch 12/15, loss = 0.1072, best loss = 0.1072
results/MUTAG_Our_Iter_usl_tsne_fit_12.pdf
-- 25/188 [13.3%], loss=0.1045, dgw=0.1045, reg=0.0000, time=71.64s.
-- 50/188 [26.6%], loss=0.0990, dgw=0.0990, reg=0.0000, time=54.12s.
-- 75/188 [39.9%], loss=0.1035, dgw=0.1035, reg=0.0000, time=57.04s.
-- 100/188 [53.2%], loss=0.1089, dgw=0.1089, reg=0.0000, time=42.25s.
-- 125/188 [66.5%], loss=0.0987, dgw=0.0987, reg=0.0000, time=72.63s.
-- 150/188 [79.8%], loss=0.0980, dgw=0.0980, reg=0.0000, time=51.94s.
-- 175/188 [93.1%], loss=0.1011, dgw=0.1011, reg=0.0000, time=47.81s.
-- 188/188 [100.0%], loss=0.0935, dgw=0.0935, reg=0.0000, time=27.78s.
fit: Epoch 13/15, loss = 0.1014, best loss = 0.1014
results/MUTAG_Our_Iter_usl_tsne_fit_13.pdf
-- 25/188 [13.3%], loss=0.1044, dgw=0.1044, reg=0.0000, time=43.18s.
-- 50/188 [26.6%], loss=0.1040, dgw=0.1040, reg=0.0000, time=69.25s.
-- 75/188 [39.9%], loss=0.0938, dgw=0.0938, reg=0.0000, time=62.42s.
-- 100/188 [53.2%], loss=0.0930, dgw=0.0930, reg=0.0000, time=56.01s.
-- 125/188 [66.5%], loss=0.0944, dgw=0.0944, reg=0.0000, time=54.74s.
-- 150/188 [79.8%], loss=0.0910, dgw=0.0910, reg=0.0000, time=38.24s.
-- 175/188 [93.1%], loss=0.0938, dgw=0.0938, reg=0.0000, time=61.53s.
-- 188/188 [100.0%], loss=0.0915, dgw=0.0915, reg=0.0000, time=33.61s.
fit: Epoch 14/15, loss = 0.0960, best loss = 0.0960
results/MUTAG_Our_Iter_usl_tsne_fit_14.pdf
-- 25/188 [13.3%], loss=0.0864, dgw=0.0864, reg=0.0000, time=49.04s.
-- 50/188 [26.6%], loss=0.1038, dgw=0.1038, reg=0.0000, time=64.28s.
-- 75/188 [39.9%], loss=0.0944, dgw=0.0944, reg=0.0000, time=46.09s.
-- 100/188 [53.2%], loss=0.0913, dgw=0.0913, reg=0.0000, time=45.91s.
-- 125/188 [66.5%], loss=0.0910, dgw=0.0910, reg=0.0000, time=47.12s.
-- 150/188 [79.8%], loss=0.0911, dgw=0.0911, reg=0.0000, time=51.53s.
-- 175/188 [93.1%], loss=0.0881, dgw=0.0881, reg=0.0000, time=74.37s.
-- 188/188 [100.0%], loss=0.0948, dgw=0.0948, reg=0.0000, time=24.28s.
fit: Epoch 15/15, loss = 0.0925, best loss = 0.0925
results/MUTAG_Our_Iter_usl_tsne_fit_15.pdf
Best Acc  : 0.5053191489361701
Rand Score: 0.49738309250199114
Done!
