-- 25/188 [13.3%], loss=0.2282, dgw=0.2282, reg=0.0000, time=58.91s.
-- 50/188 [26.6%], loss=0.2312, dgw=0.2312, reg=0.0000, time=48.11s.
-- 75/188 [39.9%], loss=0.2218, dgw=0.2218, reg=0.0000, time=50.84s.
-- 100/188 [53.2%], loss=0.2251, dgw=0.2251, reg=0.0000, time=56.94s.
-- 125/188 [66.5%], loss=0.2194, dgw=0.2194, reg=0.0000, time=54.79s.
-- 150/188 [79.8%], loss=0.2202, dgw=0.2202, reg=0.0000, time=80.54s.
-- 175/188 [93.1%], loss=0.2171, dgw=0.2171, reg=0.0000, time=72.91s.
-- 188/188 [100.0%], loss=0.2217, dgw=0.2217, reg=0.0000, time=36.14s.
fit: Epoch 1/15, loss = 0.2232, best loss = 0.2232
results/MUTAG_Our_Iter_usl_tsne_fit_1.pdf
-- 25/188 [13.3%], loss=0.2095, dgw=0.2095, reg=0.0000, time=61.32s.
-- 50/188 [26.6%], loss=0.2108, dgw=0.2108, reg=0.0000, time=60.06s.
-- 75/188 [39.9%], loss=0.2055, dgw=0.2055, reg=0.0000, time=64.91s.
-- 100/188 [53.2%], loss=0.2104, dgw=0.2104, reg=0.0000, time=54.45s.
-- 125/188 [66.5%], loss=0.2003, dgw=0.2003, reg=0.0000, time=42.39s.
-- 150/188 [79.8%], loss=0.2058, dgw=0.2058, reg=0.0000, time=47.54s.
-- 175/188 [93.1%], loss=0.2050, dgw=0.2050, reg=0.0000, time=63.74s.
-- 188/188 [100.0%], loss=0.1962, dgw=0.1962, reg=0.0000, time=27.09s.
fit: Epoch 2/15, loss = 0.2060, best loss = 0.2060
results/MUTAG_Our_Iter_usl_tsne_fit_2.pdf
-- 25/188 [13.3%], loss=0.1979, dgw=0.1979, reg=0.0000, time=68.47s.
-- 50/188 [26.6%], loss=0.1919, dgw=0.1919, reg=0.0000, time=62.00s.
-- 75/188 [39.9%], loss=0.2002, dgw=0.2002, reg=0.0000, time=55.34s.
-- 100/188 [53.2%], loss=0.1922, dgw=0.1922, reg=0.0000, time=72.27s.
-- 125/188 [66.5%], loss=0.1890, dgw=0.1890, reg=0.0000, time=61.42s.
-- 150/188 [79.8%], loss=0.1925, dgw=0.1925, reg=0.0000, time=48.79s.
-- 175/188 [93.1%], loss=0.1870, dgw=0.1870, reg=0.0000, time=68.49s.
-- 188/188 [100.0%], loss=0.1864, dgw=0.1864, reg=0.0000, time=40.90s.
fit: Epoch 3/15, loss = 0.1925, best loss = 0.1925
results/MUTAG_Our_Iter_usl_tsne_fit_3.pdf
-- 25/188 [13.3%], loss=0.1806, dgw=0.1806, reg=0.0000, time=62.71s.
-- 50/188 [26.6%], loss=0.1782, dgw=0.1782, reg=0.0000, time=70.73s.
-- 75/188 [39.9%], loss=0.1859, dgw=0.1859, reg=0.0000, time=77.42s.
-- 100/188 [53.2%], loss=0.1785, dgw=0.1785, reg=0.0000, time=37.76s.
-- 125/188 [66.5%], loss=0.1833, dgw=0.1833, reg=0.0000, time=66.66s.
-- 150/188 [79.8%], loss=0.1759, dgw=0.1759, reg=0.0000, time=57.02s.
-- 175/188 [93.1%], loss=0.1752, dgw=0.1752, reg=0.0000, time=73.60s.
-- 188/188 [100.0%], loss=0.1825, dgw=0.1825, reg=0.0000, time=38.33s.
fit: Epoch 4/15, loss = 0.1798, best loss = 0.1798
results/MUTAG_Our_Iter_usl_tsne_fit_4.pdf
-- 25/188 [13.3%], loss=0.1689, dgw=0.1689, reg=0.0000, time=32.20s.
-- 50/188 [26.6%], loss=0.1720, dgw=0.1720, reg=0.0000, time=47.38s.
-- 75/188 [39.9%], loss=0.1721, dgw=0.1721, reg=0.0000, time=49.47s.
-- 100/188 [53.2%], loss=0.1670, dgw=0.1670, reg=0.0000, time=61.58s.
-- 125/188 [66.5%], loss=0.1683, dgw=0.1683, reg=0.0000, time=71.81s.
-- 150/188 [79.8%], loss=0.1666, dgw=0.1666, reg=0.0000, time=65.37s.
-- 175/188 [93.1%], loss=0.1628, dgw=0.1628, reg=0.0000, time=73.48s.
-- 188/188 [100.0%], loss=0.1628, dgw=0.1628, reg=0.0000, time=40.33s.
fit: Epoch 5/15, loss = 0.1679, best loss = 0.1679
results/MUTAG_Our_Iter_usl_tsne_fit_5.pdf
-- 25/188 [13.3%], loss=0.1697, dgw=0.1697, reg=0.0000, time=59.76s.
-- 50/188 [26.6%], loss=0.1564, dgw=0.1564, reg=0.0000, time=59.94s.
-- 75/188 [39.9%], loss=0.1568, dgw=0.1568, reg=0.0000, time=76.36s.
-- 100/188 [53.2%], loss=0.1586, dgw=0.1586, reg=0.0000, time=54.24s.
-- 125/188 [66.5%], loss=0.1598, dgw=0.1598, reg=0.0000, time=46.28s.
-- 150/188 [79.8%], loss=0.1534, dgw=0.1534, reg=0.0000, time=59.30s.
-- 175/188 [93.1%], loss=0.1461, dgw=0.1461, reg=0.0000, time=45.01s.
-- 188/188 [100.0%], loss=0.1507, dgw=0.1507, reg=0.0000, time=26.76s.
fit: Epoch 6/15, loss = 0.1568, best loss = 0.1568
results/MUTAG_Our_Iter_usl_tsne_fit_6.pdf
-- 25/188 [13.3%], loss=0.1609, dgw=0.1609, reg=0.0000, time=90.13s.
-- 50/188 [26.6%], loss=0.1485, dgw=0.1485, reg=0.0000, time=67.82s.
-- 75/188 [39.9%], loss=0.1509, dgw=0.1509, reg=0.0000, time=73.42s.
-- 100/188 [53.2%], loss=0.1417, dgw=0.1417, reg=0.0000, time=67.88s.
-- 125/188 [66.5%], loss=0.1486, dgw=0.1486, reg=0.0000, time=58.19s.
-- 150/188 [79.8%], loss=0.1387, dgw=0.1387, reg=0.0000, time=63.66s.
-- 175/188 [93.1%], loss=0.1411, dgw=0.1411, reg=0.0000, time=51.34s.
-- 188/188 [100.0%], loss=0.1388, dgw=0.1388, reg=0.0000, time=36.69s.
fit: Epoch 7/15, loss = 0.1466, best loss = 0.1466
results/MUTAG_Our_Iter_usl_tsne_fit_7.pdf
-- 25/188 [13.3%], loss=0.1394, dgw=0.1394, reg=0.0000, time=79.73s.
-- 50/188 [26.6%], loss=0.1372, dgw=0.1372, reg=0.0000, time=71.07s.
-- 75/188 [39.9%], loss=0.1371, dgw=0.1371, reg=0.0000, time=65.70s.
-- 100/188 [53.2%], loss=0.1396, dgw=0.1396, reg=0.0000, time=69.05s.
-- 125/188 [66.5%], loss=0.1386, dgw=0.1386, reg=0.0000, time=80.43s.
-- 150/188 [79.8%], loss=0.1363, dgw=0.1363, reg=0.0000, time=68.74s.
-- 175/188 [93.1%], loss=0.1374, dgw=0.1374, reg=0.0000, time=64.66s.
-- 188/188 [100.0%], loss=0.1273, dgw=0.1273, reg=0.0000, time=40.26s.
fit: Epoch 8/15, loss = 0.1372, best loss = 0.1372
results/MUTAG_Our_Iter_usl_tsne_fit_8.pdf
-- 25/188 [13.3%], loss=0.1334, dgw=0.1334, reg=0.0000, time=57.79s.
-- 50/188 [26.6%], loss=0.1316, dgw=0.1316, reg=0.0000, time=56.74s.
-- 75/188 [39.9%], loss=0.1300, dgw=0.1300, reg=0.0000, time=48.65s.
-- 100/188 [53.2%], loss=0.1251, dgw=0.1251, reg=0.0000, time=43.71s.
-- 125/188 [66.5%], loss=0.1321, dgw=0.1321, reg=0.0000, time=77.18s.
-- 150/188 [79.8%], loss=0.1255, dgw=0.1255, reg=0.0000, time=72.77s.
-- 175/188 [93.1%], loss=0.1241, dgw=0.1241, reg=0.0000, time=69.77s.
-- 188/188 [100.0%], loss=0.1249, dgw=0.1249, reg=0.0000, time=30.16s.
fit: Epoch 9/15, loss = 0.1286, best loss = 0.1286
results/MUTAG_Our_Iter_usl_tsne_fit_9.pdf
-- 25/188 [13.3%], loss=0.1234, dgw=0.1234, reg=0.0000, time=39.64s.
-- 50/188 [26.6%], loss=0.1208, dgw=0.1208, reg=0.0000, time=83.95s.
-- 75/188 [39.9%], loss=0.1187, dgw=0.1187, reg=0.0000, time=53.20s.
-- 100/188 [53.2%], loss=0.1206, dgw=0.1206, reg=0.0000, time=65.73s.
-- 125/188 [66.5%], loss=0.1228, dgw=0.1228, reg=0.0000, time=66.64s.
-- 150/188 [79.8%], loss=0.1190, dgw=0.1190, reg=0.0000, time=59.02s.
-- 175/188 [93.1%], loss=0.1204, dgw=0.1204, reg=0.0000, time=69.75s.
-- 188/188 [100.0%], loss=0.1183, dgw=0.1183, reg=0.0000, time=34.09s.
fit: Epoch 10/15, loss = 0.1206, best loss = 0.1206
results/MUTAG_Our_Iter_usl_tsne_fit_10.pdf
-- 25/188 [13.3%], loss=0.1092, dgw=0.1092, reg=0.0000, time=78.01s.
-- 50/188 [26.6%], loss=0.1225, dgw=0.1225, reg=0.0000, time=81.62s.
-- 75/188 [39.9%], loss=0.1087, dgw=0.1087, reg=0.0000, time=75.60s.
-- 100/188 [53.2%], loss=0.1168, dgw=0.1168, reg=0.0000, time=48.43s.
-- 125/188 [66.5%], loss=0.1146, dgw=0.1146, reg=0.0000, time=77.20s.
-- 150/188 [79.8%], loss=0.1108, dgw=0.1108, reg=0.0000, time=55.45s.
-- 175/188 [93.1%], loss=0.1120, dgw=0.1120, reg=0.0000, time=68.36s.
-- 188/188 [100.0%], loss=0.1125, dgw=0.1125, reg=0.0000, time=36.36s.
fit: Epoch 11/15, loss = 0.1134, best loss = 0.1134
results/MUTAG_Our_Iter_usl_tsne_fit_11.pdf
-- 25/188 [13.3%], loss=0.1159, dgw=0.1159, reg=0.0000, time=44.42s.
-- 50/188 [26.6%], loss=0.1109, dgw=0.1109, reg=0.0000, time=68.01s.
-- 75/188 [39.9%], loss=0.1026, dgw=0.1026, reg=0.0000, time=56.08s.
-- 100/188 [53.2%], loss=0.1082, dgw=0.1082, reg=0.0000, time=61.78s.
-- 125/188 [66.5%], loss=0.1068, dgw=0.1068, reg=0.0000, time=51.77s.
-- 150/188 [79.8%], loss=0.1021, dgw=0.1021, reg=0.0000, time=47.94s.
-- 175/188 [93.1%], loss=0.1026, dgw=0.1026, reg=0.0000, time=58.70s.
-- 188/188 [100.0%], loss=0.1058, dgw=0.1058, reg=0.0000, time=33.09s.
fit: Epoch 12/15, loss = 0.1069, best loss = 0.1069
results/MUTAG_Our_Iter_usl_tsne_fit_12.pdf
-- 25/188 [13.3%], loss=0.0980, dgw=0.0980, reg=0.0000, time=58.37s.
-- 50/188 [26.6%], loss=0.0988, dgw=0.0988, reg=0.0000, time=46.57s.
-- 75/188 [39.9%], loss=0.1083, dgw=0.1083, reg=0.0000, time=43.20s.
-- 100/188 [53.2%], loss=0.1014, dgw=0.1014, reg=0.0000, time=59.43s.
-- 125/188 [66.5%], loss=0.0957, dgw=0.0957, reg=0.0000, time=66.47s.
-- 150/188 [79.8%], loss=0.1010, dgw=0.1010, reg=0.0000, time=49.13s.
-- 175/188 [93.1%], loss=0.1007, dgw=0.1007, reg=0.0000, time=43.42s.
-- 188/188 [100.0%], loss=0.1070, dgw=0.1070, reg=0.0000, time=28.54s.
fit: Epoch 13/15, loss = 0.1010, best loss = 0.1010
results/MUTAG_Our_Iter_usl_tsne_fit_13.pdf
-- 25/188 [13.3%], loss=0.1099, dgw=0.1099, reg=0.0000, time=51.09s.
-- 50/188 [26.6%], loss=0.0976, dgw=0.0976, reg=0.0000, time=48.38s.
-- 75/188 [39.9%], loss=0.0981, dgw=0.0981, reg=0.0000, time=68.64s.
-- 100/188 [53.2%], loss=0.0893, dgw=0.0893, reg=0.0000, time=35.90s.
-- 125/188 [66.5%], loss=0.0902, dgw=0.0902, reg=0.0000, time=39.01s.
-- 150/188 [79.8%], loss=0.0981, dgw=0.0981, reg=0.0000, time=58.77s.
-- 175/188 [93.1%], loss=0.0879, dgw=0.0879, reg=0.0000, time=45.08s.
-- 188/188 [100.0%], loss=0.0904, dgw=0.0904, reg=0.0000, time=29.87s.
fit: Epoch 14/15, loss = 0.0955, best loss = 0.0955
results/MUTAG_Our_Iter_usl_tsne_fit_14.pdf
-- 25/188 [13.3%], loss=0.0936, dgw=0.0936, reg=0.0000, time=54.77s.
-- 50/188 [26.6%], loss=0.0895, dgw=0.0895, reg=0.0000, time=57.85s.
-- 75/188 [39.9%], loss=0.0920, dgw=0.0920, reg=0.0000, time=43.24s.
-- 100/188 [53.2%], loss=0.0949, dgw=0.0949, reg=0.0000, time=52.46s.
-- 125/188 [66.5%], loss=0.0874, dgw=0.0874, reg=0.0000, time=35.02s.
-- 150/188 [79.8%], loss=0.0855, dgw=0.0855, reg=0.0000, time=52.73s.
-- 175/188 [93.1%], loss=0.0935, dgw=0.0935, reg=0.0000, time=61.76s.
-- 188/188 [100.0%], loss=0.0869, dgw=0.0869, reg=0.0000, time=30.59s.
fit: Epoch 15/15, loss = 0.0906, best loss = 0.0906
results/MUTAG_Our_Iter_usl_tsne_fit_15.pdf
Best Acc  : 0.6329787234042553
Rand Score: 0.5328820116054158
Done!
