-- 25/373 [6.7%], loss=0.2488, dgw=0.2488, reg=0.0000, time=8.27s.
-- 50/373 [13.4%], loss=0.2469, dgw=0.2469, reg=0.0000, time=14.78s.
-- 75/373 [20.1%], loss=0.2440, dgw=0.2440, reg=0.0000, time=14.42s.
-- 100/373 [26.8%], loss=0.2431, dgw=0.2431, reg=0.0000, time=16.22s.
-- 125/373 [33.5%], loss=0.2402, dgw=0.2402, reg=0.0000, time=13.11s.
-- 150/373 [40.2%], loss=0.2387, dgw=0.2387, reg=0.0000, time=13.31s.
-- 175/373 [46.9%], loss=0.2334, dgw=0.2334, reg=0.0000, time=12.99s.
-- 200/373 [53.6%], loss=0.2318, dgw=0.2318, reg=0.0000, time=18.41s.
-- 225/373 [60.3%], loss=0.2319, dgw=0.2319, reg=0.0000, time=32.52s.
-- 250/373 [67.0%], loss=0.2330, dgw=0.2330, reg=0.0000, time=36.94s.
-- 275/373 [73.7%], loss=0.2264, dgw=0.2264, reg=0.0000, time=38.33s.
-- 300/373 [80.4%], loss=0.2276, dgw=0.2276, reg=0.0000, time=42.72s.
-- 325/373 [87.1%], loss=0.2258, dgw=0.2258, reg=0.0000, time=44.83s.
-- 350/373 [93.8%], loss=0.2207, dgw=0.2207, reg=0.0000, time=37.69s.
-- 373/373 [100.0%], loss=0.2179, dgw=0.2179, reg=0.0000, time=28.79s.
fit: Epoch 1/15, loss = 0.2341, best loss = 0.2341
results/tumblr_ct1_Jin_Spectral_usl_tsne_fit_1.pdf
-- 25/373 [6.7%], loss=0.2207, dgw=0.2207, reg=0.0000, time=40.38s.
-- 50/373 [13.4%], loss=0.2175, dgw=0.2175, reg=0.0000, time=60.20s.
-- 75/373 [20.1%], loss=0.2138, dgw=0.2138, reg=0.0000, time=50.46s.
-- 100/373 [26.8%], loss=0.2125, dgw=0.2125, reg=0.0000, time=47.11s.
-- 125/373 [33.5%], loss=0.2087, dgw=0.2087, reg=0.0000, time=54.77s.
-- 150/373 [40.2%], loss=0.2097, dgw=0.2097, reg=0.0000, time=40.45s.
-- 175/373 [46.9%], loss=0.2099, dgw=0.2099, reg=0.0000, time=36.61s.
-- 200/373 [53.6%], loss=0.2011, dgw=0.2011, reg=0.0000, time=54.60s.
-- 225/373 [60.3%], loss=0.2053, dgw=0.2053, reg=0.0000, time=56.43s.
-- 250/373 [67.0%], loss=0.2006, dgw=0.2006, reg=0.0000, time=60.67s.
-- 275/373 [73.7%], loss=0.2024, dgw=0.2024, reg=0.0000, time=26.94s.
-- 300/373 [80.4%], loss=0.1959, dgw=0.1959, reg=0.0000, time=26.86s.
-- 325/373 [87.1%], loss=0.1952, dgw=0.1952, reg=0.0000, time=31.52s.
-- 350/373 [93.8%], loss=0.1950, dgw=0.1950, reg=0.0000, time=55.40s.
-- 373/373 [100.0%], loss=0.1945, dgw=0.1945, reg=0.0000, time=45.85s.
fit: Epoch 2/15, loss = 0.2056, best loss = 0.2056
results/tumblr_ct1_Jin_Spectral_usl_tsne_fit_2.pdf
-- 25/373 [6.7%], loss=0.1898, dgw=0.1898, reg=0.0000, time=48.53s.
-- 50/373 [13.4%], loss=0.1928, dgw=0.1928, reg=0.0000, time=57.83s.
-- 75/373 [20.1%], loss=0.1905, dgw=0.1905, reg=0.0000, time=53.13s.
-- 100/373 [26.8%], loss=0.1876, dgw=0.1876, reg=0.0000, time=39.83s.
-- 125/373 [33.5%], loss=0.1873, dgw=0.1873, reg=0.0000, time=46.93s.
-- 150/373 [40.2%], loss=0.1857, dgw=0.1857, reg=0.0000, time=47.71s.
-- 175/373 [46.9%], loss=0.1822, dgw=0.1822, reg=0.0000, time=50.86s.
-- 200/373 [53.6%], loss=0.1787, dgw=0.1787, reg=0.0000, time=57.08s.
-- 225/373 [60.3%], loss=0.1787, dgw=0.1787, reg=0.0000, time=45.11s.
-- 250/373 [67.0%], loss=0.1780, dgw=0.1780, reg=0.0000, time=39.64s.
-- 275/373 [73.7%], loss=0.1753, dgw=0.1753, reg=0.0000, time=56.47s.
-- 300/373 [80.4%], loss=0.1718, dgw=0.1718, reg=0.0000, time=52.41s.
-- 325/373 [87.1%], loss=0.1733, dgw=0.1733, reg=0.0000, time=46.77s.
-- 350/373 [93.8%], loss=0.1700, dgw=0.1700, reg=0.0000, time=29.70s.
-- 373/373 [100.0%], loss=0.1657, dgw=0.1657, reg=0.0000, time=41.37s.
fit: Epoch 3/15, loss = 0.1806, best loss = 0.1806
results/tumblr_ct1_Jin_Spectral_usl_tsne_fit_3.pdf
-- 25/373 [6.7%], loss=0.1686, dgw=0.1686, reg=0.0000, time=55.31s.
-- 50/373 [13.4%], loss=0.1692, dgw=0.1692, reg=0.0000, time=43.09s.
-- 75/373 [20.1%], loss=0.1667, dgw=0.1667, reg=0.0000, time=58.92s.
-- 100/373 [26.8%], loss=0.1657, dgw=0.1657, reg=0.0000, time=51.88s.
-- 125/373 [33.5%], loss=0.1644, dgw=0.1644, reg=0.0000, time=55.13s.
-- 150/373 [40.2%], loss=0.1589, dgw=0.1589, reg=0.0000, time=44.10s.
-- 175/373 [46.9%], loss=0.1605, dgw=0.1605, reg=0.0000, time=48.04s.
-- 200/373 [53.6%], loss=0.1581, dgw=0.1581, reg=0.0000, time=36.19s.
-- 225/373 [60.3%], loss=0.1598, dgw=0.1598, reg=0.0000, time=41.64s.
-- 250/373 [67.0%], loss=0.1566, dgw=0.1566, reg=0.0000, time=48.82s.
-- 275/373 [73.7%], loss=0.1542, dgw=0.1542, reg=0.0000, time=68.82s.
-- 300/373 [80.4%], loss=0.1552, dgw=0.1552, reg=0.0000, time=62.42s.
-- 325/373 [87.1%], loss=0.1493, dgw=0.1493, reg=0.0000, time=49.02s.
-- 350/373 [93.8%], loss=0.1477, dgw=0.1477, reg=0.0000, time=51.41s.
-- 373/373 [100.0%], loss=0.1507, dgw=0.1507, reg=0.0000, time=32.02s.
fit: Epoch 4/15, loss = 0.1591, best loss = 0.1591
results/tumblr_ct1_Jin_Spectral_usl_tsne_fit_4.pdf
-- 25/373 [6.7%], loss=0.1489, dgw=0.1489, reg=0.0000, time=37.52s.
-- 50/373 [13.4%], loss=0.1453, dgw=0.1453, reg=0.0000, time=37.90s.
-- 75/373 [20.1%], loss=0.1468, dgw=0.1468, reg=0.0000, time=45.22s.
-- 100/373 [26.8%], loss=0.1440, dgw=0.1440, reg=0.0000, time=63.13s.
-- 125/373 [33.5%], loss=0.1430, dgw=0.1430, reg=0.0000, time=46.73s.
-- 150/373 [40.2%], loss=0.1442, dgw=0.1442, reg=0.0000, time=43.51s.
-- 175/373 [46.9%], loss=0.1412, dgw=0.1412, reg=0.0000, time=24.14s.
-- 200/373 [53.6%], loss=0.1421, dgw=0.1421, reg=0.0000, time=37.45s.
-- 225/373 [60.3%], loss=0.1440, dgw=0.1440, reg=0.0000, time=50.46s.
-- 250/373 [67.0%], loss=0.1364, dgw=0.1364, reg=0.0000, time=55.37s.
-- 275/373 [73.7%], loss=0.1400, dgw=0.1400, reg=0.0000, time=43.52s.
-- 300/373 [80.4%], loss=0.1368, dgw=0.1368, reg=0.0000, time=50.63s.
-- 325/373 [87.1%], loss=0.1345, dgw=0.1345, reg=0.0000, time=48.56s.
-- 350/373 [93.8%], loss=0.1318, dgw=0.1318, reg=0.0000, time=51.93s.
-- 373/373 [100.0%], loss=0.1347, dgw=0.1347, reg=0.0000, time=48.42s.
fit: Epoch 5/15, loss = 0.1410, best loss = 0.1410
results/tumblr_ct1_Jin_Spectral_usl_tsne_fit_5.pdf
-- 25/373 [6.7%], loss=0.1330, dgw=0.1330, reg=0.0000, time=40.82s.
-- 50/373 [13.4%], loss=0.1312, dgw=0.1312, reg=0.0000, time=44.14s.
-- 75/373 [20.1%], loss=0.1310, dgw=0.1310, reg=0.0000, time=50.00s.
-- 100/373 [26.8%], loss=0.1273, dgw=0.1273, reg=0.0000, time=48.01s.
-- 125/373 [33.5%], loss=0.1298, dgw=0.1298, reg=0.0000, time=52.65s.
-- 150/373 [40.2%], loss=0.1290, dgw=0.1290, reg=0.0000, time=45.88s.
-- 175/373 [46.9%], loss=0.1242, dgw=0.1242, reg=0.0000, time=53.47s.
-- 200/373 [53.6%], loss=0.1237, dgw=0.1237, reg=0.0000, time=40.53s.
-- 225/373 [60.3%], loss=0.1256, dgw=0.1256, reg=0.0000, time=28.22s.
-- 250/373 [67.0%], loss=0.1253, dgw=0.1253, reg=0.0000, time=41.90s.
-- 275/373 [73.7%], loss=0.1228, dgw=0.1228, reg=0.0000, time=44.90s.
-- 300/373 [80.4%], loss=0.1218, dgw=0.1218, reg=0.0000, time=48.40s.
-- 325/373 [87.1%], loss=0.1200, dgw=0.1200, reg=0.0000, time=44.77s.
-- 350/373 [93.8%], loss=0.1190, dgw=0.1190, reg=0.0000, time=48.59s.
-- 373/373 [100.0%], loss=0.1237, dgw=0.1237, reg=0.0000, time=54.42s.
fit: Epoch 6/15, loss = 0.1259, best loss = 0.1259
results/tumblr_ct1_Jin_Spectral_usl_tsne_fit_6.pdf
-- 25/373 [6.7%], loss=0.1179, dgw=0.1179, reg=0.0000, time=51.53s.
-- 50/373 [13.4%], loss=0.1182, dgw=0.1182, reg=0.0000, time=53.80s.
-- 75/373 [20.1%], loss=0.1195, dgw=0.1195, reg=0.0000, time=50.77s.
-- 100/373 [26.8%], loss=0.1180, dgw=0.1180, reg=0.0000, time=52.47s.
-- 125/373 [33.5%], loss=0.1145, dgw=0.1145, reg=0.0000, time=44.18s.
-- 150/373 [40.2%], loss=0.1158, dgw=0.1158, reg=0.0000, time=50.74s.
-- 175/373 [46.9%], loss=0.1168, dgw=0.1168, reg=0.0000, time=46.75s.
-- 200/373 [53.6%], loss=0.1139, dgw=0.1139, reg=0.0000, time=54.13s.
-- 225/373 [60.3%], loss=0.1080, dgw=0.1080, reg=0.0000, time=53.50s.
-- 250/373 [67.0%], loss=0.1097, dgw=0.1097, reg=0.0000, time=44.72s.
-- 275/373 [73.7%], loss=0.1108, dgw=0.1108, reg=0.0000, time=52.82s.
-- 300/373 [80.4%], loss=0.1092, dgw=0.1092, reg=0.0000, time=54.45s.
-- 325/373 [87.1%], loss=0.1098, dgw=0.1098, reg=0.0000, time=40.67s.
-- 350/373 [93.8%], loss=0.1091, dgw=0.1091, reg=0.0000, time=38.84s.
-- 373/373 [100.0%], loss=0.1068, dgw=0.1068, reg=0.0000, time=35.44s.
fit: Epoch 7/15, loss = 0.1132, best loss = 0.1132
results/tumblr_ct1_Jin_Spectral_usl_tsne_fit_7.pdf
-- 25/373 [6.7%], loss=0.1075, dgw=0.1075, reg=0.0000, time=39.99s.
-- 50/373 [13.4%], loss=0.1090, dgw=0.1090, reg=0.0000, time=39.73s.
-- 75/373 [20.1%], loss=0.1061, dgw=0.1061, reg=0.0000, time=44.88s.
-- 100/373 [26.8%], loss=0.1055, dgw=0.1055, reg=0.0000, time=41.80s.
-- 125/373 [33.5%], loss=0.1054, dgw=0.1054, reg=0.0000, time=46.16s.
-- 150/373 [40.2%], loss=0.1015, dgw=0.1015, reg=0.0000, time=45.78s.
-- 175/373 [46.9%], loss=0.1019, dgw=0.1019, reg=0.0000, time=56.08s.
-- 200/373 [53.6%], loss=0.1028, dgw=0.1028, reg=0.0000, time=40.55s.
-- 225/373 [60.3%], loss=0.1017, dgw=0.1017, reg=0.0000, time=55.48s.
-- 250/373 [67.0%], loss=0.1021, dgw=0.1021, reg=0.0000, time=55.33s.
-- 275/373 [73.7%], loss=0.1003, dgw=0.1003, reg=0.0000, time=33.50s.
-- 300/373 [80.4%], loss=0.0994, dgw=0.0994, reg=0.0000, time=36.64s.
-- 325/373 [87.1%], loss=0.0966, dgw=0.0966, reg=0.0000, time=40.31s.
-- 350/373 [93.8%], loss=0.1001, dgw=0.1001, reg=0.0000, time=40.86s.
-- 373/373 [100.0%], loss=0.0990, dgw=0.0990, reg=0.0000, time=41.53s.
fit: Epoch 8/15, loss = 0.1026, best loss = 0.1026
results/tumblr_ct1_Jin_Spectral_usl_tsne_fit_8.pdf
-- 25/373 [6.7%], loss=0.0972, dgw=0.0972, reg=0.0000, time=62.89s.
-- 50/373 [13.4%], loss=0.0979, dgw=0.0979, reg=0.0000, time=56.80s.
-- 75/373 [20.1%], loss=0.0952, dgw=0.0952, reg=0.0000, time=55.15s.
-- 100/373 [26.8%], loss=0.0997, dgw=0.0997, reg=0.0000, time=48.97s.
-- 125/373 [33.5%], loss=0.0944, dgw=0.0944, reg=0.0000, time=53.00s.
-- 150/373 [40.2%], loss=0.0951, dgw=0.0951, reg=0.0000, time=51.23s.
-- 175/373 [46.9%], loss=0.0932, dgw=0.0932, reg=0.0000, time=48.04s.
-- 200/373 [53.6%], loss=0.0928, dgw=0.0928, reg=0.0000, time=33.83s.
-- 225/373 [60.3%], loss=0.0938, dgw=0.0938, reg=0.0000, time=47.89s.
-- 250/373 [67.0%], loss=0.0902, dgw=0.0902, reg=0.0000, time=44.06s.
-- 275/373 [73.7%], loss=0.0922, dgw=0.0922, reg=0.0000, time=58.68s.
-- 300/373 [80.4%], loss=0.0914, dgw=0.0914, reg=0.0000, time=54.93s.
-- 325/373 [87.1%], loss=0.0891, dgw=0.0891, reg=0.0000, time=56.79s.
-- 350/373 [93.8%], loss=0.0927, dgw=0.0927, reg=0.0000, time=47.33s.
-- 373/373 [100.0%], loss=0.0893, dgw=0.0893, reg=0.0000, time=43.72s.
fit: Epoch 9/15, loss = 0.0936, best loss = 0.0936
results/tumblr_ct1_Jin_Spectral_usl_tsne_fit_9.pdf
-- 25/373 [6.7%], loss=0.0899, dgw=0.0899, reg=0.0000, time=45.86s.
-- 50/373 [13.4%], loss=0.0867, dgw=0.0867, reg=0.0000, time=26.76s.
-- 75/373 [20.1%], loss=0.0884, dgw=0.0884, reg=0.0000, time=29.86s.
-- 100/373 [26.8%], loss=0.0893, dgw=0.0893, reg=0.0000, time=39.50s.
-- 125/373 [33.5%], loss=0.0895, dgw=0.0895, reg=0.0000, time=56.26s.
-- 150/373 [40.2%], loss=0.0872, dgw=0.0872, reg=0.0000, time=48.29s.
-- 175/373 [46.9%], loss=0.0877, dgw=0.0877, reg=0.0000, time=41.18s.
-- 200/373 [53.6%], loss=0.0850, dgw=0.0850, reg=0.0000, time=49.27s.
-- 225/373 [60.3%], loss=0.0820, dgw=0.0820, reg=0.0000, time=38.87s.
-- 250/373 [67.0%], loss=0.0848, dgw=0.0848, reg=0.0000, time=46.90s.
-- 275/373 [73.7%], loss=0.0855, dgw=0.0855, reg=0.0000, time=39.43s.
-- 300/373 [80.4%], loss=0.0833, dgw=0.0833, reg=0.0000, time=34.46s.
-- 325/373 [87.1%], loss=0.0876, dgw=0.0876, reg=0.0000, time=46.75s.
-- 350/373 [93.8%], loss=0.0833, dgw=0.0833, reg=0.0000, time=59.77s.
-- 373/373 [100.0%], loss=0.0784, dgw=0.0784, reg=0.0000, time=36.24s.
fit: Epoch 10/15, loss = 0.0859, best loss = 0.0859
results/tumblr_ct1_Jin_Spectral_usl_tsne_fit_10.pdf
-- 25/373 [6.7%], loss=0.0816, dgw=0.0816, reg=0.0000, time=41.62s.
-- 50/373 [13.4%], loss=0.0820, dgw=0.0820, reg=0.0000, time=46.53s.
-- 75/373 [20.1%], loss=0.0814, dgw=0.0814, reg=0.0000, time=35.48s.
-- 100/373 [26.8%], loss=0.0796, dgw=0.0796, reg=0.0000, time=34.16s.
-- 125/373 [33.5%], loss=0.0759, dgw=0.0759, reg=0.0000, time=36.37s.
-- 150/373 [40.2%], loss=0.0789, dgw=0.0789, reg=0.0000, time=38.38s.
-- 175/373 [46.9%], loss=0.0827, dgw=0.0827, reg=0.0000, time=48.23s.
-- 200/373 [53.6%], loss=0.0826, dgw=0.0826, reg=0.0000, time=36.56s.
-- 225/373 [60.3%], loss=0.0780, dgw=0.0780, reg=0.0000, time=36.65s.
-- 250/373 [67.0%], loss=0.0816, dgw=0.0816, reg=0.0000, time=41.44s.
-- 275/373 [73.7%], loss=0.0767, dgw=0.0767, reg=0.0000, time=30.56s.
-- 300/373 [80.4%], loss=0.0779, dgw=0.0779, reg=0.0000, time=45.44s.
-- 325/373 [87.1%], loss=0.0789, dgw=0.0789, reg=0.0000, time=42.12s.
-- 350/373 [93.8%], loss=0.0771, dgw=0.0771, reg=0.0000, time=40.93s.
-- 373/373 [100.0%], loss=0.0752, dgw=0.0752, reg=0.0000, time=33.95s.
fit: Epoch 11/15, loss = 0.0794, best loss = 0.0794
results/tumblr_ct1_Jin_Spectral_usl_tsne_fit_11.pdf
-- 25/373 [6.7%], loss=0.0799, dgw=0.0799, reg=0.0000, time=43.92s.
-- 50/373 [13.4%], loss=0.0748, dgw=0.0748, reg=0.0000, time=38.32s.
-- 75/373 [20.1%], loss=0.0772, dgw=0.0772, reg=0.0000, time=42.38s.
-- 100/373 [26.8%], loss=0.0696, dgw=0.0696, reg=0.0000, time=41.60s.
-- 125/373 [33.5%], loss=0.0743, dgw=0.0743, reg=0.0000, time=37.04s.
-- 150/373 [40.2%], loss=0.0753, dgw=0.0753, reg=0.0000, time=42.81s.
-- 175/373 [46.9%], loss=0.0729, dgw=0.0729, reg=0.0000, time=47.23s.
-- 200/373 [53.6%], loss=0.0719, dgw=0.0719, reg=0.0000, time=37.19s.
-- 225/373 [60.3%], loss=0.0732, dgw=0.0732, reg=0.0000, time=33.57s.
-- 250/373 [67.0%], loss=0.0741, dgw=0.0741, reg=0.0000, time=35.67s.
-- 275/373 [73.7%], loss=0.0750, dgw=0.0750, reg=0.0000, time=40.77s.
-- 300/373 [80.4%], loss=0.0709, dgw=0.0709, reg=0.0000, time=36.39s.
-- 325/373 [87.1%], loss=0.0726, dgw=0.0726, reg=0.0000, time=47.50s.
-- 350/373 [93.8%], loss=0.0711, dgw=0.0711, reg=0.0000, time=46.99s.
-- 373/373 [100.0%], loss=0.0708, dgw=0.0708, reg=0.0000, time=36.18s.
fit: Epoch 12/15, loss = 0.0736, best loss = 0.0736
results/tumblr_ct1_Jin_Spectral_usl_tsne_fit_12.pdf
-- 25/373 [6.7%], loss=0.0734, dgw=0.0734, reg=0.0000, time=27.47s.
-- 50/373 [13.4%], loss=0.0707, dgw=0.0707, reg=0.0000, time=28.16s.
-- 75/373 [20.1%], loss=0.0696, dgw=0.0696, reg=0.0000, time=38.01s.
-- 100/373 [26.8%], loss=0.0701, dgw=0.0701, reg=0.0000, time=27.63s.
-- 125/373 [33.5%], loss=0.0669, dgw=0.0669, reg=0.0000, time=34.34s.
-- 150/373 [40.2%], loss=0.0676, dgw=0.0676, reg=0.0000, time=38.71s.
-- 175/373 [46.9%], loss=0.0684, dgw=0.0684, reg=0.0000, time=40.92s.
-- 200/373 [53.6%], loss=0.0700, dgw=0.0700, reg=0.0000, time=32.44s.
-- 225/373 [60.3%], loss=0.0698, dgw=0.0698, reg=0.0000, time=27.27s.
-- 250/373 [67.0%], loss=0.0700, dgw=0.0700, reg=0.0000, time=40.53s.
-- 275/373 [73.7%], loss=0.0668, dgw=0.0668, reg=0.0000, time=44.19s.
-- 300/373 [80.4%], loss=0.0675, dgw=0.0675, reg=0.0000, time=25.33s.
-- 325/373 [87.1%], loss=0.0657, dgw=0.0657, reg=0.0000, time=33.54s.
-- 350/373 [93.8%], loss=0.0653, dgw=0.0653, reg=0.0000, time=38.69s.
-- 373/373 [100.0%], loss=0.0670, dgw=0.0670, reg=0.0000, time=30.81s.
fit: Epoch 13/15, loss = 0.0686, best loss = 0.0686
results/tumblr_ct1_Jin_Spectral_usl_tsne_fit_13.pdf
-- 25/373 [6.7%], loss=0.0644, dgw=0.0644, reg=0.0000, time=35.08s.
-- 50/373 [13.4%], loss=0.0691, dgw=0.0691, reg=0.0000, time=44.25s.
-- 75/373 [20.1%], loss=0.0703, dgw=0.0703, reg=0.0000, time=37.83s.
-- 100/373 [26.8%], loss=0.0649, dgw=0.0649, reg=0.0000, time=34.58s.
-- 125/373 [33.5%], loss=0.0652, dgw=0.0652, reg=0.0000, time=33.41s.
-- 150/373 [40.2%], loss=0.0675, dgw=0.0675, reg=0.0000, time=30.69s.
-- 175/373 [46.9%], loss=0.0624, dgw=0.0624, reg=0.0000, time=37.87s.
-- 200/373 [53.6%], loss=0.0624, dgw=0.0624, reg=0.0000, time=35.58s.
-- 225/373 [60.3%], loss=0.0622, dgw=0.0622, reg=0.0000, time=37.15s.
-- 250/373 [67.0%], loss=0.0626, dgw=0.0626, reg=0.0000, time=38.19s.
-- 275/373 [73.7%], loss=0.0626, dgw=0.0626, reg=0.0000, time=41.36s.
-- 300/373 [80.4%], loss=0.0683, dgw=0.0683, reg=0.0000, time=38.81s.
-- 325/373 [87.1%], loss=0.0625, dgw=0.0625, reg=0.0000, time=37.78s.
-- 350/373 [93.8%], loss=0.0625, dgw=0.0625, reg=0.0000, time=30.35s.
-- 373/373 [100.0%], loss=0.0625, dgw=0.0625, reg=0.0000, time=23.16s.
fit: Epoch 14/15, loss = 0.0646, best loss = 0.0646
results/tumblr_ct1_Jin_Spectral_usl_tsne_fit_14.pdf
-- 25/373 [6.7%], loss=0.0604, dgw=0.0604, reg=0.0000, time=21.68s.
-- 50/373 [13.4%], loss=0.0613, dgw=0.0613, reg=0.0000, time=35.26s.
-- 75/373 [20.1%], loss=0.0633, dgw=0.0633, reg=0.0000, time=31.23s.
-- 100/373 [26.8%], loss=0.0594, dgw=0.0594, reg=0.0000, time=50.16s.
-- 125/373 [33.5%], loss=0.0609, dgw=0.0609, reg=0.0000, time=27.71s.
-- 150/373 [40.2%], loss=0.0585, dgw=0.0585, reg=0.0000, time=42.69s.
-- 175/373 [46.9%], loss=0.0615, dgw=0.0615, reg=0.0000, time=45.09s.
-- 200/373 [53.6%], loss=0.0615, dgw=0.0615, reg=0.0000, time=39.13s.
-- 225/373 [60.3%], loss=0.0564, dgw=0.0564, reg=0.0000, time=40.04s.
-- 250/373 [67.0%], loss=0.0612, dgw=0.0612, reg=0.0000, time=42.25s.
-- 275/373 [73.7%], loss=0.0647, dgw=0.0647, reg=0.0000, time=25.25s.
-- 300/373 [80.4%], loss=0.0614, dgw=0.0614, reg=0.0000, time=38.37s.
-- 325/373 [87.1%], loss=0.0615, dgw=0.0615, reg=0.0000, time=28.29s.
-- 350/373 [93.8%], loss=0.0607, dgw=0.0607, reg=0.0000, time=40.14s.
-- 373/373 [100.0%], loss=0.0595, dgw=0.0595, reg=0.0000, time=38.84s.
fit: Epoch 15/15, loss = 0.0608, best loss = 0.0608
results/tumblr_ct1_Jin_Spectral_usl_tsne_fit_15.pdf
Best Acc  : 0.5281501340482574
Rand Score: 0.5002450344489607
Done!
