-- 25/373 [6.7%], loss=0.2434, dgw=0.2434, reg=0.0000, time=48.91s.
-- 50/373 [13.4%], loss=0.2459, dgw=0.2459, reg=0.0000, time=37.18s.
-- 75/373 [20.1%], loss=0.2438, dgw=0.2438, reg=0.0000, time=58.39s.
-- 100/373 [26.8%], loss=0.2392, dgw=0.2392, reg=0.0000, time=40.40s.
-- 125/373 [33.5%], loss=0.2356, dgw=0.2356, reg=0.0000, time=45.05s.
-- 150/373 [40.2%], loss=0.2394, dgw=0.2394, reg=0.0000, time=54.96s.
-- 175/373 [46.9%], loss=0.2336, dgw=0.2336, reg=0.0000, time=63.39s.
-- 200/373 [53.6%], loss=0.2336, dgw=0.2336, reg=0.0000, time=55.11s.
-- 225/373 [60.3%], loss=0.2312, dgw=0.2312, reg=0.0000, time=67.40s.
-- 250/373 [67.0%], loss=0.2296, dgw=0.2296, reg=0.0000, time=69.14s.
-- 275/373 [73.7%], loss=0.2260, dgw=0.2260, reg=0.0000, time=43.70s.
-- 300/373 [80.4%], loss=0.2241, dgw=0.2241, reg=0.0000, time=47.45s.
-- 325/373 [87.1%], loss=0.2237, dgw=0.2237, reg=0.0000, time=75.28s.
-- 350/373 [93.8%], loss=0.2187, dgw=0.2187, reg=0.0000, time=65.31s.
-- 373/373 [100.0%], loss=0.2178, dgw=0.2178, reg=0.0000, time=52.85s.
fit: Epoch 1/15, loss = 0.2325, best loss = 0.2325
results/tumblr_ct1_Jin_Spectral_usl_tsne_fit_1.pdf
-- 25/373 [6.7%], loss=0.2170, dgw=0.2170, reg=0.0000, time=56.22s.
-- 50/373 [13.4%], loss=0.2153, dgw=0.2153, reg=0.0000, time=35.36s.
-- 75/373 [20.1%], loss=0.2121, dgw=0.2121, reg=0.0000, time=69.64s.
-- 100/373 [26.8%], loss=0.2100, dgw=0.2100, reg=0.0000, time=91.52s.
-- 125/373 [33.5%], loss=0.2095, dgw=0.2095, reg=0.0000, time=59.47s.
-- 150/373 [40.2%], loss=0.2083, dgw=0.2083, reg=0.0000, time=56.60s.
-- 175/373 [46.9%], loss=0.2080, dgw=0.2080, reg=0.0000, time=55.95s.
-- 200/373 [53.6%], loss=0.2018, dgw=0.2018, reg=0.0000, time=68.73s.
-- 225/373 [60.3%], loss=0.2024, dgw=0.2024, reg=0.0000, time=65.45s.
-- 250/373 [67.0%], loss=0.2017, dgw=0.2017, reg=0.0000, time=74.26s.
-- 275/373 [73.7%], loss=0.1991, dgw=0.1991, reg=0.0000, time=45.67s.
-- 300/373 [80.4%], loss=0.1994, dgw=0.1994, reg=0.0000, time=53.62s.
-- 325/373 [87.1%], loss=0.1934, dgw=0.1934, reg=0.0000, time=59.54s.
-- 350/373 [93.8%], loss=0.1929, dgw=0.1929, reg=0.0000, time=69.47s.
-- 373/373 [100.0%], loss=0.1913, dgw=0.1913, reg=0.0000, time=66.60s.
fit: Epoch 2/15, loss = 0.2042, best loss = 0.2042
results/tumblr_ct1_Jin_Spectral_usl_tsne_fit_2.pdf
-- 25/373 [6.7%], loss=0.1903, dgw=0.1903, reg=0.0000, time=68.52s.
-- 50/373 [13.4%], loss=0.1858, dgw=0.1858, reg=0.0000, time=43.61s.
-- 75/373 [20.1%], loss=0.1868, dgw=0.1868, reg=0.0000, time=46.90s.
-- 100/373 [26.8%], loss=0.1887, dgw=0.1887, reg=0.0000, time=55.42s.
-- 125/373 [33.5%], loss=0.1816, dgw=0.1816, reg=0.0000, time=50.06s.
-- 150/373 [40.2%], loss=0.1814, dgw=0.1814, reg=0.0000, time=62.29s.
-- 175/373 [46.9%], loss=0.1817, dgw=0.1817, reg=0.0000, time=60.73s.
-- 200/373 [53.6%], loss=0.1815, dgw=0.1815, reg=0.0000, time=60.33s.
-- 225/373 [60.3%], loss=0.1797, dgw=0.1797, reg=0.0000, time=62.33s.
-- 250/373 [67.0%], loss=0.1743, dgw=0.1743, reg=0.0000, time=50.07s.
-- 275/373 [73.7%], loss=0.1749, dgw=0.1749, reg=0.0000, time=33.32s.
-- 300/373 [80.4%], loss=0.1753, dgw=0.1753, reg=0.0000, time=42.46s.
-- 325/373 [87.1%], loss=0.1711, dgw=0.1711, reg=0.0000, time=53.24s.
-- 350/373 [93.8%], loss=0.1684, dgw=0.1684, reg=0.0000, time=61.61s.
-- 373/373 [100.0%], loss=0.1677, dgw=0.1677, reg=0.0000, time=54.01s.
fit: Epoch 3/15, loss = 0.1793, best loss = 0.1793
results/tumblr_ct1_Jin_Spectral_usl_tsne_fit_3.pdf
-- 25/373 [6.7%], loss=0.1682, dgw=0.1682, reg=0.0000, time=64.44s.
-- 50/373 [13.4%], loss=0.1648, dgw=0.1648, reg=0.0000, time=50.65s.
-- 75/373 [20.1%], loss=0.1673, dgw=0.1673, reg=0.0000, time=54.48s.
-- 100/373 [26.8%], loss=0.1641, dgw=0.1641, reg=0.0000, time=57.31s.
-- 125/373 [33.5%], loss=0.1638, dgw=0.1638, reg=0.0000, time=48.17s.
-- 150/373 [40.2%], loss=0.1603, dgw=0.1603, reg=0.0000, time=68.33s.
-- 175/373 [46.9%], loss=0.1570, dgw=0.1570, reg=0.0000, time=61.70s.
-- 200/373 [53.6%], loss=0.1589, dgw=0.1589, reg=0.0000, time=53.19s.
-- 225/373 [60.3%], loss=0.1563, dgw=0.1563, reg=0.0000, time=57.36s.
-- 250/373 [67.0%], loss=0.1573, dgw=0.1573, reg=0.0000, time=57.82s.
-- 275/373 [73.7%], loss=0.1514, dgw=0.1514, reg=0.0000, time=47.24s.
-- 300/373 [80.4%], loss=0.1517, dgw=0.1517, reg=0.0000, time=66.50s.
-- 325/373 [87.1%], loss=0.1491, dgw=0.1491, reg=0.0000, time=47.49s.
-- 350/373 [93.8%], loss=0.1489, dgw=0.1489, reg=0.0000, time=57.34s.
-- 373/373 [100.0%], loss=0.1491, dgw=0.1491, reg=0.0000, time=63.09s.
fit: Epoch 4/15, loss = 0.1579, best loss = 0.1579
results/tumblr_ct1_Jin_Spectral_usl_tsne_fit_4.pdf
-- 25/373 [6.7%], loss=0.1473, dgw=0.1473, reg=0.0000, time=43.12s.
-- 50/373 [13.4%], loss=0.1463, dgw=0.1463, reg=0.0000, time=35.38s.
-- 75/373 [20.1%], loss=0.1439, dgw=0.1439, reg=0.0000, time=51.52s.
-- 100/373 [26.8%], loss=0.1459, dgw=0.1459, reg=0.0000, time=64.31s.
-- 125/373 [33.5%], loss=0.1434, dgw=0.1434, reg=0.0000, time=73.66s.
-- 150/373 [40.2%], loss=0.1396, dgw=0.1396, reg=0.0000, time=54.28s.
-- 175/373 [46.9%], loss=0.1426, dgw=0.1426, reg=0.0000, time=62.57s.
-- 200/373 [53.6%], loss=0.1387, dgw=0.1387, reg=0.0000, time=71.13s.
-- 225/373 [60.3%], loss=0.1412, dgw=0.1412, reg=0.0000, time=68.24s.
-- 250/373 [67.0%], loss=0.1367, dgw=0.1367, reg=0.0000, time=53.33s.
-- 275/373 [73.7%], loss=0.1342, dgw=0.1342, reg=0.0000, time=57.69s.
-- 300/373 [80.4%], loss=0.1353, dgw=0.1353, reg=0.0000, time=60.45s.
-- 325/373 [87.1%], loss=0.1352, dgw=0.1352, reg=0.0000, time=51.65s.
-- 350/373 [93.8%], loss=0.1328, dgw=0.1328, reg=0.0000, time=67.22s.
-- 373/373 [100.0%], loss=0.1353, dgw=0.1353, reg=0.0000, time=57.21s.
fit: Epoch 5/15, loss = 0.1399, best loss = 0.1399
results/tumblr_ct1_Jin_Spectral_usl_tsne_fit_5.pdf
-- 25/373 [6.7%], loss=0.1326, dgw=0.1326, reg=0.0000, time=59.08s.
-- 50/373 [13.4%], loss=0.1284, dgw=0.1284, reg=0.0000, time=44.30s.
-- 75/373 [20.1%], loss=0.1311, dgw=0.1311, reg=0.0000, time=53.64s.
-- 100/373 [26.8%], loss=0.1288, dgw=0.1288, reg=0.0000, time=46.62s.
-- 125/373 [33.5%], loss=0.1249, dgw=0.1249, reg=0.0000, time=53.46s.
-- 150/373 [40.2%], loss=0.1243, dgw=0.1243, reg=0.0000, time=66.26s.
-- 175/373 [46.9%], loss=0.1269, dgw=0.1269, reg=0.0000, time=57.67s.
-- 200/373 [53.6%], loss=0.1286, dgw=0.1286, reg=0.0000, time=59.76s.
-- 225/373 [60.3%], loss=0.1214, dgw=0.1214, reg=0.0000, time=51.85s.
-- 250/373 [67.0%], loss=0.1248, dgw=0.1248, reg=0.0000, time=58.79s.
-- 275/373 [73.7%], loss=0.1216, dgw=0.1216, reg=0.0000, time=33.76s.
-- 300/373 [80.4%], loss=0.1231, dgw=0.1231, reg=0.0000, time=59.41s.
-- 325/373 [87.1%], loss=0.1219, dgw=0.1219, reg=0.0000, time=60.56s.
-- 350/373 [93.8%], loss=0.1194, dgw=0.1194, reg=0.0000, time=71.85s.
-- 373/373 [100.0%], loss=0.1150, dgw=0.1150, reg=0.0000, time=57.36s.
fit: Epoch 6/15, loss = 0.1249, best loss = 0.1249
results/tumblr_ct1_Jin_Spectral_usl_tsne_fit_6.pdf
-- 25/373 [6.7%], loss=0.1180, dgw=0.1180, reg=0.0000, time=50.91s.
-- 50/373 [13.4%], loss=0.1154, dgw=0.1154, reg=0.0000, time=55.22s.
-- 75/373 [20.1%], loss=0.1129, dgw=0.1129, reg=0.0000, time=44.65s.
-- 100/373 [26.8%], loss=0.1169, dgw=0.1169, reg=0.0000, time=53.31s.
-- 125/373 [33.5%], loss=0.1170, dgw=0.1170, reg=0.0000, time=66.66s.
-- 150/373 [40.2%], loss=0.1137, dgw=0.1137, reg=0.0000, time=58.69s.
-- 175/373 [46.9%], loss=0.1116, dgw=0.1116, reg=0.0000, time=51.64s.
-- 200/373 [53.6%], loss=0.1129, dgw=0.1129, reg=0.0000, time=38.10s.
-- 225/373 [60.3%], loss=0.1100, dgw=0.1100, reg=0.0000, time=51.41s.
-- 250/373 [67.0%], loss=0.1095, dgw=0.1095, reg=0.0000, time=50.71s.
-- 275/373 [73.7%], loss=0.1109, dgw=0.1109, reg=0.0000, time=67.02s.
-- 300/373 [80.4%], loss=0.1105, dgw=0.1105, reg=0.0000, time=64.37s.
-- 325/373 [87.1%], loss=0.1099, dgw=0.1099, reg=0.0000, time=66.48s.
-- 350/373 [93.8%], loss=0.1100, dgw=0.1100, reg=0.0000, time=62.22s.
-- 373/373 [100.0%], loss=0.1050, dgw=0.1050, reg=0.0000, time=44.99s.
fit: Epoch 7/15, loss = 0.1123, best loss = 0.1123
results/tumblr_ct1_Jin_Spectral_usl_tsne_fit_7.pdf
-- 25/373 [6.7%], loss=0.1070, dgw=0.1070, reg=0.0000, time=60.96s.
-- 50/373 [13.4%], loss=0.1044, dgw=0.1044, reg=0.0000, time=51.09s.
-- 75/373 [20.1%], loss=0.1043, dgw=0.1043, reg=0.0000, time=43.60s.
-- 100/373 [26.8%], loss=0.1033, dgw=0.1033, reg=0.0000, time=47.75s.
-- 125/373 [33.5%], loss=0.1046, dgw=0.1046, reg=0.0000, time=57.53s.
-- 150/373 [40.2%], loss=0.1042, dgw=0.1042, reg=0.0000, time=51.57s.
-- 175/373 [46.9%], loss=0.0996, dgw=0.0996, reg=0.0000, time=53.76s.
-- 200/373 [53.6%], loss=0.0984, dgw=0.0984, reg=0.0000, time=33.77s.
-- 225/373 [60.3%], loss=0.1028, dgw=0.1028, reg=0.0000, time=51.73s.
-- 250/373 [67.0%], loss=0.0986, dgw=0.0986, reg=0.0000, time=55.72s.
-- 275/373 [73.7%], loss=0.1020, dgw=0.1020, reg=0.0000, time=52.00s.
-- 300/373 [80.4%], loss=0.1019, dgw=0.1019, reg=0.0000, time=38.65s.
-- 325/373 [87.1%], loss=0.0998, dgw=0.0998, reg=0.0000, time=41.76s.
-- 350/373 [93.8%], loss=0.0967, dgw=0.0967, reg=0.0000, time=49.48s.
-- 373/373 [100.0%], loss=0.0992, dgw=0.0992, reg=0.0000, time=46.64s.
fit: Epoch 8/15, loss = 0.1018, best loss = 0.1018
results/tumblr_ct1_Jin_Spectral_usl_tsne_fit_8.pdf
-- 25/373 [6.7%], loss=0.0965, dgw=0.0965, reg=0.0000, time=32.01s.
-- 50/373 [13.4%], loss=0.0938, dgw=0.0938, reg=0.0000, time=42.19s.
-- 75/373 [20.1%], loss=0.0957, dgw=0.0957, reg=0.0000, time=42.49s.
-- 100/373 [26.8%], loss=0.0920, dgw=0.0920, reg=0.0000, time=47.40s.
-- 125/373 [33.5%], loss=0.0961, dgw=0.0961, reg=0.0000, time=47.25s.
-- 150/373 [40.2%], loss=0.0973, dgw=0.0973, reg=0.0000, time=53.94s.
-- 175/373 [46.9%], loss=0.0927, dgw=0.0927, reg=0.0000, time=43.49s.
-- 200/373 [53.6%], loss=0.0930, dgw=0.0930, reg=0.0000, time=35.74s.
-- 225/373 [60.3%], loss=0.0919, dgw=0.0919, reg=0.0000, time=48.50s.
-- 250/373 [67.0%], loss=0.0894, dgw=0.0894, reg=0.0000, time=62.47s.
-- 275/373 [73.7%], loss=0.0932, dgw=0.0932, reg=0.0000, time=31.22s.
-- 300/373 [80.4%], loss=0.0903, dgw=0.0903, reg=0.0000, time=50.23s.
-- 325/373 [87.1%], loss=0.0904, dgw=0.0904, reg=0.0000, time=54.30s.
-- 350/373 [93.8%], loss=0.0917, dgw=0.0917, reg=0.0000, time=56.37s.
-- 373/373 [100.0%], loss=0.0899, dgw=0.0899, reg=0.0000, time=38.63s.
fit: Epoch 9/15, loss = 0.0930, best loss = 0.0930
results/tumblr_ct1_Jin_Spectral_usl_tsne_fit_9.pdf
-- 25/373 [6.7%], loss=0.0888, dgw=0.0888, reg=0.0000, time=36.82s.
-- 50/373 [13.4%], loss=0.0900, dgw=0.0900, reg=0.0000, time=38.62s.
-- 75/373 [20.1%], loss=0.0873, dgw=0.0873, reg=0.0000, time=41.90s.
-- 100/373 [26.8%], loss=0.0881, dgw=0.0881, reg=0.0000, time=43.80s.
-- 125/373 [33.5%], loss=0.0909, dgw=0.0909, reg=0.0000, time=32.84s.
-- 150/373 [40.2%], loss=0.0888, dgw=0.0888, reg=0.0000, time=45.55s.
-- 175/373 [46.9%], loss=0.0852, dgw=0.0852, reg=0.0000, time=47.67s.
-- 200/373 [53.6%], loss=0.0817, dgw=0.0817, reg=0.0000, time=34.78s.
-- 225/373 [60.3%], loss=0.0866, dgw=0.0866, reg=0.0000, time=38.94s.
-- 250/373 [67.0%], loss=0.0835, dgw=0.0835, reg=0.0000, time=36.90s.
-- 275/373 [73.7%], loss=0.0855, dgw=0.0855, reg=0.0000, time=53.88s.
-- 300/373 [80.4%], loss=0.0808, dgw=0.0808, reg=0.0000, time=42.14s.
-- 325/373 [87.1%], loss=0.0801, dgw=0.0801, reg=0.0000, time=41.53s.
-- 350/373 [93.8%], loss=0.0802, dgw=0.0802, reg=0.0000, time=38.88s.
-- 373/373 [100.0%], loss=0.0835, dgw=0.0835, reg=0.0000, time=48.25s.
fit: Epoch 10/15, loss = 0.0854, best loss = 0.0854
results/tumblr_ct1_Jin_Spectral_usl_tsne_fit_10.pdf
-- 25/373 [6.7%], loss=0.0813, dgw=0.0813, reg=0.0000, time=43.06s.
-- 50/373 [13.4%], loss=0.0841, dgw=0.0841, reg=0.0000, time=44.95s.
-- 75/373 [20.1%], loss=0.0804, dgw=0.0804, reg=0.0000, time=31.17s.
-- 100/373 [26.8%], loss=0.0790, dgw=0.0790, reg=0.0000, time=51.52s.
-- 125/373 [33.5%], loss=0.0788, dgw=0.0788, reg=0.0000, time=42.05s.
-- 150/373 [40.2%], loss=0.0795, dgw=0.0795, reg=0.0000, time=44.69s.
-- 175/373 [46.9%], loss=0.0779, dgw=0.0779, reg=0.0000, time=46.27s.
-- 200/373 [53.6%], loss=0.0790, dgw=0.0790, reg=0.0000, time=41.76s.
-- 225/373 [60.3%], loss=0.0765, dgw=0.0765, reg=0.0000, time=41.40s.
-- 250/373 [67.0%], loss=0.0777, dgw=0.0777, reg=0.0000, time=43.56s.
-- 275/373 [73.7%], loss=0.0771, dgw=0.0771, reg=0.0000, time=26.98s.
-- 300/373 [80.4%], loss=0.0777, dgw=0.0777, reg=0.0000, time=35.19s.
-- 325/373 [87.1%], loss=0.0786, dgw=0.0786, reg=0.0000, time=42.70s.
-- 350/373 [93.8%], loss=0.0769, dgw=0.0769, reg=0.0000, time=47.94s.
-- 373/373 [100.0%], loss=0.0796, dgw=0.0796, reg=0.0000, time=32.98s.
fit: Epoch 11/15, loss = 0.0789, best loss = 0.0789
results/tumblr_ct1_Jin_Spectral_usl_tsne_fit_11.pdf
-- 25/373 [6.7%], loss=0.0787, dgw=0.0787, reg=0.0000, time=40.45s.
-- 50/373 [13.4%], loss=0.0758, dgw=0.0758, reg=0.0000, time=48.31s.
-- 75/373 [20.1%], loss=0.0765, dgw=0.0765, reg=0.0000, time=32.91s.
-- 100/373 [26.8%], loss=0.0749, dgw=0.0749, reg=0.0000, time=37.34s.
-- 125/373 [33.5%], loss=0.0738, dgw=0.0738, reg=0.0000, time=44.98s.
-- 150/373 [40.2%], loss=0.0730, dgw=0.0730, reg=0.0000, time=38.74s.
-- 175/373 [46.9%], loss=0.0739, dgw=0.0739, reg=0.0000, time=40.62s.
-- 200/373 [53.6%], loss=0.0728, dgw=0.0728, reg=0.0000, time=41.11s.
-- 225/373 [60.3%], loss=0.0720, dgw=0.0720, reg=0.0000, time=41.46s.
-- 250/373 [67.0%], loss=0.0719, dgw=0.0719, reg=0.0000, time=44.04s.
-- 275/373 [73.7%], loss=0.0716, dgw=0.0716, reg=0.0000, time=33.52s.
-- 300/373 [80.4%], loss=0.0721, dgw=0.0721, reg=0.0000, time=36.48s.
-- 325/373 [87.1%], loss=0.0716, dgw=0.0716, reg=0.0000, time=55.01s.
-- 350/373 [93.8%], loss=0.0725, dgw=0.0725, reg=0.0000, time=42.36s.
-- 373/373 [100.0%], loss=0.0693, dgw=0.0693, reg=0.0000, time=47.83s.
fit: Epoch 12/15, loss = 0.0734, best loss = 0.0734
results/tumblr_ct1_Jin_Spectral_usl_tsne_fit_12.pdf
-- 25/373 [6.7%], loss=0.0720, dgw=0.0720, reg=0.0000, time=41.25s.
-- 50/373 [13.4%], loss=0.0727, dgw=0.0727, reg=0.0000, time=49.02s.
-- 75/373 [20.1%], loss=0.0684, dgw=0.0684, reg=0.0000, time=36.33s.
-- 100/373 [26.8%], loss=0.0659, dgw=0.0659, reg=0.0000, time=34.89s.
-- 125/373 [33.5%], loss=0.0669, dgw=0.0669, reg=0.0000, time=33.33s.
-- 150/373 [40.2%], loss=0.0718, dgw=0.0718, reg=0.0000, time=48.90s.
-- 175/373 [46.9%], loss=0.0711, dgw=0.0711, reg=0.0000, time=43.72s.
-- 200/373 [53.6%], loss=0.0792, dgw=0.0792, reg=0.0000, time=30.04s.
-- 225/373 [60.3%], loss=0.0694, dgw=0.0694, reg=0.0000, time=42.34s.
-- 250/373 [67.0%], loss=0.0692, dgw=0.0692, reg=0.0000, time=33.36s.
-- 275/373 [73.7%], loss=0.0680, dgw=0.0680, reg=0.0000, time=39.22s.
-- 300/373 [80.4%], loss=0.0713, dgw=0.0713, reg=0.0000, time=28.31s.
-- 325/373 [87.1%], loss=0.0678, dgw=0.0678, reg=0.0000, time=52.84s.
-- 350/373 [93.8%], loss=0.0669, dgw=0.0669, reg=0.0000, time=34.63s.
-- 373/373 [100.0%], loss=0.0665, dgw=0.0665, reg=0.0000, time=34.19s.
fit: Epoch 13/15, loss = 0.0698, best loss = 0.0698
results/tumblr_ct1_Jin_Spectral_usl_tsne_fit_13.pdf
-- 25/373 [6.7%], loss=0.0657, dgw=0.0657, reg=0.0000, time=34.04s.
-- 50/373 [13.4%], loss=0.0647, dgw=0.0647, reg=0.0000, time=31.87s.
-- 75/373 [20.1%], loss=0.0689, dgw=0.0689, reg=0.0000, time=34.27s.
-- 100/373 [26.8%], loss=0.0656, dgw=0.0656, reg=0.0000, time=33.23s.
-- 125/373 [33.5%], loss=0.0734, dgw=0.0734, reg=0.0000, time=36.60s.
-- 150/373 [40.2%], loss=0.0721, dgw=0.0721, reg=0.0000, time=33.30s.
-- 175/373 [46.9%], loss=0.0651, dgw=0.0651, reg=0.0000, time=39.28s.
-- 200/373 [53.6%], loss=0.0806, dgw=0.0806, reg=0.0000, time=32.41s.
-- 225/373 [60.3%], loss=0.0739, dgw=0.0739, reg=0.0000, time=33.13s.
-- 250/373 [67.0%], loss=0.0830, dgw=0.0830, reg=0.0000, time=27.56s.
-- 275/373 [73.7%], loss=0.0661, dgw=0.0661, reg=0.0000, time=33.69s.
-- 300/373 [80.4%], loss=0.0856, dgw=0.0856, reg=0.0000, time=34.72s.
-- 325/373 [87.1%], loss=0.1105, dgw=0.1105, reg=0.0000, time=38.57s.
-- 350/373 [93.8%], loss=0.0954, dgw=0.0954, reg=0.0000, time=32.57s.
-- 373/373 [100.0%], loss=0.0888, dgw=0.0888, reg=0.0000, time=26.45s.
fit: Epoch 14/15, loss = 0.0772, best loss = 0.0698
results/tumblr_ct1_Jin_Spectral_usl_tsne_fit_14.pdf
-- 25/373 [6.7%], loss=0.1074, dgw=0.1074, reg=0.0000, time=22.64s.
-- 50/373 [13.4%], loss=0.0895, dgw=0.0895, reg=0.0000, time=33.03s.
-- 75/373 [20.1%], loss=0.0853, dgw=0.0853, reg=0.0000, time=28.86s.
-- 100/373 [26.8%], loss=0.1098, dgw=0.1098, reg=0.0000, time=38.43s.
-- 125/373 [33.5%], loss=0.0818, dgw=0.0818, reg=0.0000, time=33.56s.
-- 150/373 [40.2%], loss=0.0743, dgw=0.0743, reg=0.0000, time=28.07s.
-- 175/373 [46.9%], loss=0.0730, dgw=0.0730, reg=0.0000, time=31.18s.
-- 200/373 [53.6%], loss=0.0702, dgw=0.0702, reg=0.0000, time=32.34s.
-- 225/373 [60.3%], loss=0.0739, dgw=0.0739, reg=0.0000, time=24.06s.
-- 250/373 [67.0%], loss=0.0687, dgw=0.0687, reg=0.0000, time=33.22s.
-- 275/373 [73.7%], loss=0.0733, dgw=0.0733, reg=0.0000, time=31.37s.
-- 300/373 [80.4%], loss=0.0760, dgw=0.0760, reg=0.0000, time=46.31s.
-- 325/373 [87.1%], loss=0.0719, dgw=0.0719, reg=0.0000, time=33.60s.
-- 350/373 [93.8%], loss=0.0774, dgw=0.0774, reg=0.0000, time=35.84s.
-- 373/373 [100.0%], loss=0.0685, dgw=0.0685, reg=0.0000, time=36.86s.
fit: Epoch 15/15, loss = 0.0801, best loss = 0.0698
results/tumblr_ct1_Jin_Spectral_usl_tsne_fit_15.pdf
Best Acc  : 0.5040214477211796
Rand Score: 0.4986883450085041
Done!
