-- 25/373 [6.7%], loss=0.2444, dgw=0.2444, reg=0.0000, time=36.57s.
-- 50/373 [13.4%], loss=0.2455, dgw=0.2455, reg=0.0000, time=38.91s.
-- 75/373 [20.1%], loss=0.2411, dgw=0.2411, reg=0.0000, time=50.86s.
-- 100/373 [26.8%], loss=0.2380, dgw=0.2380, reg=0.0000, time=49.67s.
-- 125/373 [33.5%], loss=0.2376, dgw=0.2376, reg=0.0000, time=63.38s.
-- 150/373 [40.2%], loss=0.2354, dgw=0.2354, reg=0.0000, time=42.62s.
-- 175/373 [46.9%], loss=0.2330, dgw=0.2330, reg=0.0000, time=52.92s.
-- 200/373 [53.6%], loss=0.2366, dgw=0.2366, reg=0.0000, time=64.23s.
-- 225/373 [60.3%], loss=0.2314, dgw=0.2314, reg=0.0000, time=63.36s.
-- 250/373 [67.0%], loss=0.2312, dgw=0.2312, reg=0.0000, time=74.00s.
-- 275/373 [73.7%], loss=0.2253, dgw=0.2253, reg=0.0000, time=69.75s.
-- 300/373 [80.4%], loss=0.2263, dgw=0.2263, reg=0.0000, time=62.23s.
-- 325/373 [87.1%], loss=0.2227, dgw=0.2227, reg=0.0000, time=63.59s.
-- 350/373 [93.8%], loss=0.2250, dgw=0.2250, reg=0.0000, time=70.18s.
-- 373/373 [100.0%], loss=0.2189, dgw=0.2189, reg=0.0000, time=34.22s.
fit: Epoch 1/15, loss = 0.2329, best loss = 0.2329
results/tumblr_ct1_Jin_Spectral_usl_tsne_fit_1.pdf
-- 25/373 [6.7%], loss=0.2159, dgw=0.2159, reg=0.0000, time=51.54s.
-- 50/373 [13.4%], loss=0.2163, dgw=0.2163, reg=0.0000, time=61.03s.
-- 75/373 [20.1%], loss=0.2129, dgw=0.2129, reg=0.0000, time=58.31s.
-- 100/373 [26.8%], loss=0.2124, dgw=0.2124, reg=0.0000, time=57.53s.
-- 125/373 [33.5%], loss=0.2129, dgw=0.2129, reg=0.0000, time=73.15s.
-- 150/373 [40.2%], loss=0.2077, dgw=0.2077, reg=0.0000, time=60.35s.
-- 175/373 [46.9%], loss=0.2076, dgw=0.2076, reg=0.0000, time=58.43s.
-- 200/373 [53.6%], loss=0.2063, dgw=0.2063, reg=0.0000, time=61.26s.
-- 225/373 [60.3%], loss=0.2043, dgw=0.2043, reg=0.0000, time=46.17s.
-- 250/373 [67.0%], loss=0.2011, dgw=0.2011, reg=0.0000, time=60.11s.
-- 275/373 [73.7%], loss=0.1967, dgw=0.1967, reg=0.0000, time=62.50s.
-- 300/373 [80.4%], loss=0.2016, dgw=0.2016, reg=0.0000, time=61.85s.
-- 325/373 [87.1%], loss=0.1939, dgw=0.1939, reg=0.0000, time=57.54s.
-- 350/373 [93.8%], loss=0.1926, dgw=0.1926, reg=0.0000, time=56.47s.
-- 373/373 [100.0%], loss=0.2170, dgw=0.2170, reg=0.0000, time=63.63s.
fit: Epoch 2/15, loss = 0.2066, best loss = 0.2066
results/tumblr_ct1_Jin_Spectral_usl_tsne_fit_2.pdf
-- 25/373 [6.7%], loss=0.2048, dgw=0.2048, reg=0.0000, time=59.07s.
-- 50/373 [13.4%], loss=0.2092, dgw=0.2092, reg=0.0000, time=48.49s.
-- 75/373 [20.1%], loss=0.1917, dgw=0.1917, reg=0.0000, time=50.47s.
-- 100/373 [26.8%], loss=0.1876, dgw=0.1876, reg=0.0000, time=44.50s.
-- 125/373 [33.5%], loss=0.1875, dgw=0.1875, reg=0.0000, time=45.82s.
-- 150/373 [40.2%], loss=0.1829, dgw=0.1829, reg=0.0000, time=61.08s.
-- 175/373 [46.9%], loss=0.1861, dgw=0.1861, reg=0.0000, time=45.34s.
-- 200/373 [53.6%], loss=0.1833, dgw=0.1833, reg=0.0000, time=74.53s.
-- 225/373 [60.3%], loss=0.1788, dgw=0.1788, reg=0.0000, time=61.71s.
-- 250/373 [67.0%], loss=0.1787, dgw=0.1787, reg=0.0000, time=43.42s.
-- 275/373 [73.7%], loss=0.1784, dgw=0.1784, reg=0.0000, time=58.32s.
-- 300/373 [80.4%], loss=0.1954, dgw=0.1954, reg=0.0000, time=54.79s.
-- 325/373 [87.1%], loss=0.2077, dgw=0.2077, reg=0.0000, time=57.94s.
-- 350/373 [93.8%], loss=0.2230, dgw=0.2230, reg=0.0000, time=56.80s.
-- 373/373 [100.0%], loss=0.2636, dgw=0.2636, reg=0.0000, time=66.05s.
fit: Epoch 3/15, loss = 0.1969, best loss = 0.1969
results/tumblr_ct1_Jin_Spectral_usl_tsne_fit_3.pdf
-- 25/373 [6.7%], loss=0.3014, dgw=0.3014, reg=0.0000, time=30.46s.
-- 50/373 [13.4%], loss=0.2920, dgw=0.2920, reg=0.0000, time=56.59s.
-- 75/373 [20.1%], loss=0.4059, dgw=0.4059, reg=0.0000, time=66.81s.
-- 100/373 [26.8%], loss=0.4080, dgw=0.4080, reg=0.0000, time=49.53s.
-- 125/373 [33.5%], loss=0.4986, dgw=0.4986, reg=0.0000, time=54.14s.
-- 150/373 [40.2%], loss=0.5536, dgw=0.5536, reg=0.0000, time=59.54s.
-- 175/373 [46.9%], loss=0.5806, dgw=0.5806, reg=0.0000, time=71.47s.
-- 200/373 [53.6%], loss=0.6064, dgw=0.6064, reg=0.0000, time=62.07s.
-- 225/373 [60.3%], loss=0.6302, dgw=0.6302, reg=0.0000, time=52.05s.
-- 250/373 [67.0%], loss=0.6846, dgw=0.6846, reg=0.0000, time=75.15s.
-- 275/373 [73.7%], loss=0.7239, dgw=0.7239, reg=0.0000, time=46.66s.
-- 300/373 [80.4%], loss=0.7244, dgw=0.7244, reg=0.0000, time=62.84s.
-- 325/373 [87.1%], loss=0.7495, dgw=0.7495, reg=0.0000, time=59.29s.
-- 350/373 [93.8%], loss=0.7541, dgw=0.7541, reg=0.0000, time=51.57s.
-- 373/373 [100.0%], loss=0.7986, dgw=0.7986, reg=0.0000, time=38.54s.
fit: Epoch 4/15, loss = 0.5796, best loss = 0.1969
results/tumblr_ct1_Jin_Spectral_usl_tsne_fit_4.pdf
-- 25/373 [6.7%], loss=0.7839, dgw=0.7839, reg=0.0000, time=72.93s.
-- 50/373 [13.4%], loss=0.7195, dgw=0.7195, reg=0.0000, time=69.74s.
-- 75/373 [20.1%], loss=0.7325, dgw=0.7325, reg=0.0000, time=69.25s.
-- 100/373 [26.8%], loss=0.7166, dgw=0.7166, reg=0.0000, time=51.04s.
-- 125/373 [33.5%], loss=0.6928, dgw=0.6928, reg=0.0000, time=69.60s.
-- 150/373 [40.2%], loss=0.6890, dgw=0.6890, reg=0.0000, time=42.29s.
-- 175/373 [46.9%], loss=0.6850, dgw=0.6850, reg=0.0000, time=52.87s.
-- 200/373 [53.6%], loss=0.6534, dgw=0.6534, reg=0.0000, time=61.63s.
-- 225/373 [60.3%], loss=0.6788, dgw=0.6788, reg=0.0000, time=57.15s.
-- 250/373 [67.0%], loss=0.6490, dgw=0.6490, reg=0.0000, time=68.44s.
-- 275/373 [73.7%], loss=0.7012, dgw=0.7012, reg=0.0000, time=65.80s.
-- 300/373 [80.4%], loss=0.6937, dgw=0.6937, reg=0.0000, time=55.95s.
-- 325/373 [87.1%], loss=0.6919, dgw=0.6919, reg=0.0000, time=54.86s.
-- 350/373 [93.8%], loss=0.6983, dgw=0.6983, reg=0.0000, time=63.27s.
-- 373/373 [100.0%], loss=0.7002, dgw=0.7002, reg=0.0000, time=71.09s.
fit: Epoch 5/15, loss = 0.6990, best loss = 0.1969
results/tumblr_ct1_Jin_Spectral_usl_tsne_fit_5.pdf
-- 25/373 [6.7%], loss=0.7159, dgw=0.7159, reg=0.0000, time=69.52s.
-- 50/373 [13.4%], loss=0.7036, dgw=0.7036, reg=0.0000, time=71.99s.
-- 75/373 [20.1%], loss=0.7218, dgw=0.7218, reg=0.0000, time=48.31s.
-- 100/373 [26.8%], loss=0.7295, dgw=0.7295, reg=0.0000, time=75.97s.
-- 125/373 [33.5%], loss=0.7307, dgw=0.7307, reg=0.0000, time=54.06s.
-- 150/373 [40.2%], loss=0.7690, dgw=0.7690, reg=0.0000, time=51.37s.
-- 175/373 [46.9%], loss=0.7354, dgw=0.7354, reg=0.0000, time=60.85s.
-- 200/373 [53.6%], loss=0.7334, dgw=0.7334, reg=0.0000, time=63.04s.
-- 225/373 [60.3%], loss=0.7387, dgw=0.7387, reg=0.0000, time=54.41s.
-- 250/373 [67.0%], loss=0.7423, dgw=0.7423, reg=0.0000, time=55.79s.
-- 275/373 [73.7%], loss=0.7336, dgw=0.7336, reg=0.0000, time=44.66s.
-- 300/373 [80.4%], loss=0.7650, dgw=0.7650, reg=0.0000, time=62.40s.
-- 325/373 [87.1%], loss=0.7490, dgw=0.7490, reg=0.0000, time=56.39s.
-- 350/373 [93.8%], loss=0.7402, dgw=0.7402, reg=0.0000, time=65.01s.
-- 373/373 [100.0%], loss=0.7580, dgw=0.7580, reg=0.0000, time=45.28s.
fit: Epoch 6/15, loss = 0.7376, best loss = 0.1969
results/tumblr_ct1_Jin_Spectral_usl_tsne_fit_6.pdf
-- 25/373 [6.7%], loss=0.7800, dgw=0.7800, reg=0.0000, time=57.99s.
-- 50/373 [13.4%], loss=0.7489, dgw=0.7489, reg=0.0000, time=62.34s.
-- 75/373 [20.1%], loss=0.8019, dgw=0.8019, reg=0.0000, time=60.38s.
-- 100/373 [26.8%], loss=0.7837, dgw=0.7837, reg=0.0000, time=48.00s.
-- 125/373 [33.5%], loss=0.7281, dgw=0.7281, reg=0.0000, time=51.68s.
-- 150/373 [40.2%], loss=0.7557, dgw=0.7557, reg=0.0000, time=70.63s.
-- 175/373 [46.9%], loss=0.7162, dgw=0.7162, reg=0.0000, time=71.39s.
-- 200/373 [53.6%], loss=0.7871, dgw=0.7871, reg=0.0000, time=41.77s.
-- 225/373 [60.3%], loss=0.7846, dgw=0.7846, reg=0.0000, time=44.40s.
-- 250/373 [67.0%], loss=0.7846, dgw=0.7846, reg=0.0000, time=47.01s.
-- 275/373 [73.7%], loss=0.7537, dgw=0.7537, reg=0.0000, time=64.06s.
-- 300/373 [80.4%], loss=0.8004, dgw=0.8004, reg=0.0000, time=63.22s.
-- 325/373 [87.1%], loss=0.8365, dgw=0.8365, reg=0.0000, time=41.46s.
-- 350/373 [93.8%], loss=0.7703, dgw=0.7703, reg=0.0000, time=44.42s.
-- 373/373 [100.0%], loss=0.7839, dgw=0.7839, reg=0.0000, time=67.74s.
fit: Epoch 7/15, loss = 0.7743, best loss = 0.1969
results/tumblr_ct1_Jin_Spectral_usl_tsne_fit_7.pdf
-- 25/373 [6.7%], loss=0.8063, dgw=0.8063, reg=0.0000, time=54.27s.
-- 50/373 [13.4%], loss=0.7667, dgw=0.7667, reg=0.0000, time=72.64s.
-- 75/373 [20.1%], loss=0.7663, dgw=0.7663, reg=0.0000, time=82.07s.
-- 100/373 [26.8%], loss=0.7940, dgw=0.7940, reg=0.0000, time=55.72s.
-- 125/373 [33.5%], loss=0.8033, dgw=0.8033, reg=0.0000, time=67.09s.
-- 150/373 [40.2%], loss=0.8097, dgw=0.8097, reg=0.0000, time=66.56s.
-- 175/373 [46.9%], loss=0.8180, dgw=0.8180, reg=0.0000, time=60.88s.
-- 200/373 [53.6%], loss=0.7988, dgw=0.7988, reg=0.0000, time=53.37s.
-- 225/373 [60.3%], loss=0.8211, dgw=0.8211, reg=0.0000, time=60.19s.
-- 250/373 [67.0%], loss=0.8470, dgw=0.8470, reg=0.0000, time=29.05s.
-- 275/373 [73.7%], loss=0.8028, dgw=0.8028, reg=0.0000, time=43.57s.
-- 300/373 [80.4%], loss=0.8422, dgw=0.8422, reg=0.0000, time=66.68s.
-- 325/373 [87.1%], loss=0.8378, dgw=0.8378, reg=0.0000, time=37.13s.
-- 350/373 [93.8%], loss=0.8151, dgw=0.8151, reg=0.0000, time=28.00s.
-- 373/373 [100.0%], loss=0.8231, dgw=0.8231, reg=0.0000, time=28.64s.
fit: Epoch 8/15, loss = 0.8101, best loss = 0.1969
results/tumblr_ct1_Jin_Spectral_usl_tsne_fit_8.pdf
-- 25/373 [6.7%], loss=0.8424, dgw=0.8424, reg=0.0000, time=32.94s.
-- 50/373 [13.4%], loss=0.8441, dgw=0.8441, reg=0.0000, time=52.44s.
-- 75/373 [20.1%], loss=0.8156, dgw=0.8156, reg=0.0000, time=47.39s.
-- 100/373 [26.8%], loss=0.8712, dgw=0.8712, reg=0.0000, time=34.32s.
-- 125/373 [33.5%], loss=0.8572, dgw=0.8572, reg=0.0000, time=48.42s.
-- 150/373 [40.2%], loss=0.8595, dgw=0.8595, reg=0.0000, time=45.83s.
-- 175/373 [46.9%], loss=0.8241, dgw=0.8241, reg=0.0000, time=59.79s.
-- 200/373 [53.6%], loss=0.8349, dgw=0.8349, reg=0.0000, time=56.50s.
-- 225/373 [60.3%], loss=0.8525, dgw=0.8525, reg=0.0000, time=65.70s.
-- 250/373 [67.0%], loss=0.8497, dgw=0.8497, reg=0.0000, time=65.02s.
-- 275/373 [73.7%], loss=0.8432, dgw=0.8432, reg=0.0000, time=52.13s.
-- 300/373 [80.4%], loss=0.8011, dgw=0.8011, reg=0.0000, time=51.16s.
-- 325/373 [87.1%], loss=0.8457, dgw=0.8457, reg=0.0000, time=67.71s.
-- 350/373 [93.8%], loss=0.8233, dgw=0.8233, reg=0.0000, time=38.57s.
-- 373/373 [100.0%], loss=0.8060, dgw=0.8060, reg=0.0000, time=57.84s.
fit: Epoch 9/15, loss = 0.8382, best loss = 0.1969
results/tumblr_ct1_Jin_Spectral_usl_tsne_fit_9.pdf
-- 25/373 [6.7%], loss=0.8098, dgw=0.8098, reg=0.0000, time=44.49s.
-- 50/373 [13.4%], loss=0.7684, dgw=0.7684, reg=0.0000, time=30.59s.
-- 75/373 [20.1%], loss=0.8142, dgw=0.8142, reg=0.0000, time=47.35s.
-- 100/373 [26.8%], loss=0.8155, dgw=0.8155, reg=0.0000, time=44.49s.
-- 125/373 [33.5%], loss=0.8450, dgw=0.8450, reg=0.0000, time=55.61s.
-- 150/373 [40.2%], loss=0.8520, dgw=0.8520, reg=0.0000, time=49.88s.
-- 175/373 [46.9%], loss=0.8617, dgw=0.8617, reg=0.0000, time=54.42s.
-- 200/373 [53.6%], loss=0.7803, dgw=0.7803, reg=0.0000, time=33.99s.
-- 225/373 [60.3%], loss=0.8870, dgw=0.8870, reg=0.0000, time=46.18s.
-- 250/373 [67.0%], loss=0.8210, dgw=0.8210, reg=0.0000, time=42.94s.
-- 275/373 [73.7%], loss=0.8554, dgw=0.8554, reg=0.0000, time=30.56s.
-- 300/373 [80.4%], loss=0.7943, dgw=0.7943, reg=0.0000, time=30.01s.
-- 325/373 [87.1%], loss=0.8327, dgw=0.8327, reg=0.0000, time=51.77s.
-- 350/373 [93.8%], loss=0.8514, dgw=0.8514, reg=0.0000, time=38.85s.
-- 373/373 [100.0%], loss=0.8386, dgw=0.8386, reg=0.0000, time=34.62s.
fit: Epoch 10/15, loss = 0.8284, best loss = 0.1969
results/tumblr_ct1_Jin_Spectral_usl_tsne_fit_10.pdf
-- 25/373 [6.7%], loss=0.8563, dgw=0.8563, reg=0.0000, time=39.43s.
-- 50/373 [13.4%], loss=0.8168, dgw=0.8168, reg=0.0000, time=41.85s.
-- 75/373 [20.1%], loss=0.7621, dgw=0.7621, reg=0.0000, time=47.39s.
-- 100/373 [26.8%], loss=0.8069, dgw=0.8069, reg=0.0000, time=58.18s.
-- 125/373 [33.5%], loss=0.8266, dgw=0.8266, reg=0.0000, time=28.33s.
-- 150/373 [40.2%], loss=0.8558, dgw=0.8558, reg=0.0000, time=45.77s.
-- 175/373 [46.9%], loss=0.8107, dgw=0.8107, reg=0.0000, time=42.87s.
-- 200/373 [53.6%], loss=0.8023, dgw=0.8023, reg=0.0000, time=58.08s.
-- 225/373 [60.3%], loss=0.8269, dgw=0.8269, reg=0.0000, time=46.07s.
-- 250/373 [67.0%], loss=0.8548, dgw=0.8548, reg=0.0000, time=58.87s.
-- 275/373 [73.7%], loss=0.8784, dgw=0.8784, reg=0.0000, time=47.46s.
-- 300/373 [80.4%], loss=0.8171, dgw=0.8171, reg=0.0000, time=39.75s.
-- 325/373 [87.1%], loss=0.8667, dgw=0.8667, reg=0.0000, time=43.11s.
-- 350/373 [93.8%], loss=0.8133, dgw=0.8133, reg=0.0000, time=25.57s.
-- 373/373 [100.0%], loss=0.8259, dgw=0.8259, reg=0.0000, time=38.48s.
fit: Epoch 11/15, loss = 0.8280, best loss = 0.1969
results/tumblr_ct1_Jin_Spectral_usl_tsne_fit_11.pdf
-- 25/373 [6.7%], loss=0.8185, dgw=0.8185, reg=0.0000, time=35.63s.
-- 50/373 [13.4%], loss=0.8608, dgw=0.8608, reg=0.0000, time=52.30s.
-- 75/373 [20.1%], loss=0.8627, dgw=0.8627, reg=0.0000, time=44.30s.
-- 100/373 [26.8%], loss=0.8193, dgw=0.8193, reg=0.0000, time=47.33s.
-- 125/373 [33.5%], loss=0.8462, dgw=0.8462, reg=0.0000, time=52.77s.
-- 150/373 [40.2%], loss=0.8169, dgw=0.8169, reg=0.0000, time=47.93s.
-- 175/373 [46.9%], loss=0.8722, dgw=0.8722, reg=0.0000, time=33.27s.
-- 200/373 [53.6%], loss=0.8751, dgw=0.8751, reg=0.0000, time=54.06s.
-- 225/373 [60.3%], loss=0.8418, dgw=0.8418, reg=0.0000, time=36.76s.
-- 250/373 [67.0%], loss=0.8400, dgw=0.8400, reg=0.0000, time=34.06s.
-- 275/373 [73.7%], loss=0.8538, dgw=0.8538, reg=0.0000, time=49.17s.
-- 300/373 [80.4%], loss=0.8352, dgw=0.8352, reg=0.0000, time=50.64s.
-- 325/373 [87.1%], loss=0.8419, dgw=0.8419, reg=0.0000, time=47.12s.
-- 350/373 [93.8%], loss=0.8676, dgw=0.8676, reg=0.0000, time=55.39s.
-- 373/373 [100.0%], loss=0.8523, dgw=0.8523, reg=0.0000, time=56.94s.
fit: Epoch 12/15, loss = 0.8469, best loss = 0.1969
results/tumblr_ct1_Jin_Spectral_usl_tsne_fit_12.pdf
-- 25/373 [6.7%], loss=0.8266, dgw=0.8266, reg=0.0000, time=50.14s.
-- 50/373 [13.4%], loss=0.8230, dgw=0.8230, reg=0.0000, time=57.21s.
-- 75/373 [20.1%], loss=0.8466, dgw=0.8466, reg=0.0000, time=50.18s.
-- 100/373 [26.8%], loss=0.8417, dgw=0.8417, reg=0.0000, time=46.73s.
-- 125/373 [33.5%], loss=0.8069, dgw=0.8069, reg=0.0000, time=49.08s.
-- 150/373 [40.2%], loss=0.8209, dgw=0.8209, reg=0.0000, time=34.83s.
-- 175/373 [46.9%], loss=0.8339, dgw=0.8339, reg=0.0000, time=42.96s.
-- 200/373 [53.6%], loss=0.8021, dgw=0.8021, reg=0.0000, time=49.94s.
-- 225/373 [60.3%], loss=0.8217, dgw=0.8217, reg=0.0000, time=45.27s.
-- 250/373 [67.0%], loss=0.8205, dgw=0.8205, reg=0.0000, time=47.38s.
-- 275/373 [73.7%], loss=0.8404, dgw=0.8404, reg=0.0000, time=48.95s.
-- 300/373 [80.4%], loss=0.7771, dgw=0.7771, reg=0.0000, time=36.59s.
-- 325/373 [87.1%], loss=0.8338, dgw=0.8338, reg=0.0000, time=49.28s.
-- 350/373 [93.8%], loss=0.7755, dgw=0.7755, reg=0.0000, time=54.61s.
-- 373/373 [100.0%], loss=0.7953, dgw=0.7953, reg=0.0000, time=49.40s.
fit: Epoch 13/15, loss = 0.8178, best loss = 0.1969
results/tumblr_ct1_Jin_Spectral_usl_tsne_fit_13.pdf
-- 25/373 [6.7%], loss=0.7924, dgw=0.7924, reg=0.0000, time=25.40s.
-- 50/373 [13.4%], loss=0.7431, dgw=0.7431, reg=0.0000, time=33.30s.
-- 75/373 [20.1%], loss=0.7673, dgw=0.7673, reg=0.0000, time=38.47s.
-- 100/373 [26.8%], loss=0.7551, dgw=0.7551, reg=0.0000, time=46.75s.
-- 125/373 [33.5%], loss=0.7774, dgw=0.7774, reg=0.0000, time=59.74s.
-- 150/373 [40.2%], loss=0.7550, dgw=0.7550, reg=0.0000, time=48.69s.
-- 175/373 [46.9%], loss=0.7634, dgw=0.7634, reg=0.0000, time=54.66s.
-- 200/373 [53.6%], loss=0.7502, dgw=0.7502, reg=0.0000, time=41.06s.
-- 225/373 [60.3%], loss=0.7418, dgw=0.7418, reg=0.0000, time=54.16s.
-- 250/373 [67.0%], loss=0.7734, dgw=0.7734, reg=0.0000, time=32.07s.
-- 275/373 [73.7%], loss=0.7836, dgw=0.7836, reg=0.0000, time=38.22s.
-- 300/373 [80.4%], loss=0.7384, dgw=0.7384, reg=0.0000, time=32.87s.
-- 325/373 [87.1%], loss=0.7292, dgw=0.7292, reg=0.0000, time=51.31s.
-- 350/373 [93.8%], loss=0.7449, dgw=0.7449, reg=0.0000, time=43.73s.
-- 373/373 [100.0%], loss=0.7915, dgw=0.7915, reg=0.0000, time=45.84s.
fit: Epoch 14/15, loss = 0.7603, best loss = 0.1969
results/tumblr_ct1_Jin_Spectral_usl_tsne_fit_14.pdf
-- 25/373 [6.7%], loss=0.7589, dgw=0.7589, reg=0.0000, time=41.90s.
-- 50/373 [13.4%], loss=0.7476, dgw=0.7476, reg=0.0000, time=42.17s.
-- 75/373 [20.1%], loss=0.7477, dgw=0.7477, reg=0.0000, time=34.09s.
-- 100/373 [26.8%], loss=0.7404, dgw=0.7404, reg=0.0000, time=38.95s.
-- 125/373 [33.5%], loss=0.7487, dgw=0.7487, reg=0.0000, time=40.94s.
-- 150/373 [40.2%], loss=0.7498, dgw=0.7498, reg=0.0000, time=41.33s.
-- 175/373 [46.9%], loss=0.7688, dgw=0.7688, reg=0.0000, time=31.84s.
-- 200/373 [53.6%], loss=0.7718, dgw=0.7718, reg=0.0000, time=37.73s.
-- 225/373 [60.3%], loss=0.6866, dgw=0.6866, reg=0.0000, time=32.13s.
-- 250/373 [67.0%], loss=0.7479, dgw=0.7479, reg=0.0000, time=43.89s.
-- 275/373 [73.7%], loss=0.6953, dgw=0.6953, reg=0.0000, time=30.64s.
-- 300/373 [80.4%], loss=0.6581, dgw=0.6581, reg=0.0000, time=43.35s.
-- 325/373 [87.1%], loss=0.6470, dgw=0.6470, reg=0.0000, time=37.67s.
-- 350/373 [93.8%], loss=0.6998, dgw=0.6998, reg=0.0000, time=30.52s.
-- 373/373 [100.0%], loss=0.6848, dgw=0.6848, reg=0.0000, time=26.81s.
fit: Epoch 15/15, loss = 0.7237, best loss = 0.1969
results/tumblr_ct1_Jin_Spectral_usl_tsne_fit_15.pdf
Best Acc  : 0.5308310991957105
Rand Score: 0.5005621378534982
Done!
