-- 25/373 [6.7%], loss=0.2475, dgw=0.2475, reg=0.0000, time=54.32s.
-- 50/373 [13.4%], loss=0.2448, dgw=0.2448, reg=0.0000, time=59.34s.
-- 75/373 [20.1%], loss=0.2435, dgw=0.2435, reg=0.0000, time=54.06s.
-- 100/373 [26.8%], loss=0.2426, dgw=0.2426, reg=0.0000, time=55.92s.
-- 125/373 [33.5%], loss=0.2422, dgw=0.2422, reg=0.0000, time=40.21s.
-- 150/373 [40.2%], loss=0.2343, dgw=0.2343, reg=0.0000, time=92.34s.
-- 175/373 [46.9%], loss=0.2332, dgw=0.2332, reg=0.0000, time=78.58s.
-- 200/373 [53.6%], loss=0.2349, dgw=0.2349, reg=0.0000, time=84.77s.
-- 225/373 [60.3%], loss=0.2316, dgw=0.2316, reg=0.0000, time=66.35s.
-- 250/373 [67.0%], loss=0.2274, dgw=0.2274, reg=0.0000, time=83.75s.
-- 275/373 [73.7%], loss=0.2267, dgw=0.2267, reg=0.0000, time=40.05s.
-- 300/373 [80.4%], loss=0.2281, dgw=0.2281, reg=0.0000, time=51.85s.
-- 325/373 [87.1%], loss=0.2235, dgw=0.2235, reg=0.0000, time=82.31s.
-- 350/373 [93.8%], loss=0.2222, dgw=0.2222, reg=0.0000, time=89.42s.
-- 373/373 [100.0%], loss=0.2225, dgw=0.2225, reg=0.0000, time=73.56s.
fit: Epoch 1/15, loss = 0.2337, best loss = 0.2337
results/tumblr_ct1_Jin_Spectral_usl_tsne_fit_1.pdf
-- 25/373 [6.7%], loss=0.2172, dgw=0.2172, reg=0.0000, time=55.63s.
-- 50/373 [13.4%], loss=0.2172, dgw=0.2172, reg=0.0000, time=50.11s.
-- 75/373 [20.1%], loss=0.2136, dgw=0.2136, reg=0.0000, time=68.46s.
-- 100/373 [26.8%], loss=0.2144, dgw=0.2144, reg=0.0000, time=56.85s.
-- 125/373 [33.5%], loss=0.2113, dgw=0.2113, reg=0.0000, time=59.92s.
-- 150/373 [40.2%], loss=0.2109, dgw=0.2109, reg=0.0000, time=53.42s.
-- 175/373 [46.9%], loss=0.2084, dgw=0.2084, reg=0.0000, time=63.94s.
-- 200/373 [53.6%], loss=0.2059, dgw=0.2059, reg=0.0000, time=57.30s.
-- 225/373 [60.3%], loss=0.1993, dgw=0.1993, reg=0.0000, time=76.55s.
-- 250/373 [67.0%], loss=0.2003, dgw=0.2003, reg=0.0000, time=53.99s.
-- 275/373 [73.7%], loss=0.2015, dgw=0.2015, reg=0.0000, time=76.43s.
-- 300/373 [80.4%], loss=0.1937, dgw=0.1937, reg=0.0000, time=78.99s.
-- 325/373 [87.1%], loss=0.1959, dgw=0.1959, reg=0.0000, time=72.37s.
-- 350/373 [93.8%], loss=0.1940, dgw=0.1940, reg=0.0000, time=61.13s.
-- 373/373 [100.0%], loss=0.1922, dgw=0.1922, reg=0.0000, time=25.07s.
fit: Epoch 2/15, loss = 0.2051, best loss = 0.2051
results/tumblr_ct1_Jin_Spectral_usl_tsne_fit_2.pdf
-- 25/373 [6.7%], loss=0.1912, dgw=0.1912, reg=0.0000, time=64.62s.
-- 50/373 [13.4%], loss=0.1874, dgw=0.1874, reg=0.0000, time=60.28s.
-- 75/373 [20.1%], loss=0.1881, dgw=0.1881, reg=0.0000, time=69.82s.
-- 100/373 [26.8%], loss=0.1897, dgw=0.1897, reg=0.0000, time=62.83s.
-- 125/373 [33.5%], loss=0.1828, dgw=0.1828, reg=0.0000, time=48.16s.
-- 150/373 [40.2%], loss=0.1823, dgw=0.1823, reg=0.0000, time=75.46s.
-- 175/373 [46.9%], loss=0.1824, dgw=0.1824, reg=0.0000, time=80.11s.
-- 200/373 [53.6%], loss=0.1784, dgw=0.1784, reg=0.0000, time=90.94s.
-- 225/373 [60.3%], loss=0.1771, dgw=0.1771, reg=0.0000, time=71.64s.
-- 250/373 [67.0%], loss=0.1786, dgw=0.1786, reg=0.0000, time=75.63s.
-- 275/373 [73.7%], loss=0.1725, dgw=0.1725, reg=0.0000, time=70.92s.
-- 300/373 [80.4%], loss=0.1724, dgw=0.1724, reg=0.0000, time=62.21s.
-- 325/373 [87.1%], loss=0.1752, dgw=0.1752, reg=0.0000, time=48.93s.
-- 350/373 [93.8%], loss=0.1710, dgw=0.1710, reg=0.0000, time=67.89s.
-- 373/373 [100.0%], loss=0.1695, dgw=0.1695, reg=0.0000, time=75.83s.
fit: Epoch 3/15, loss = 0.1800, best loss = 0.1800
results/tumblr_ct1_Jin_Spectral_usl_tsne_fit_3.pdf
-- 25/373 [6.7%], loss=0.1688, dgw=0.1688, reg=0.0000, time=78.18s.
-- 50/373 [13.4%], loss=0.1673, dgw=0.1673, reg=0.0000, time=71.66s.
-- 75/373 [20.1%], loss=0.1668, dgw=0.1668, reg=0.0000, time=76.57s.
-- 100/373 [26.8%], loss=0.1645, dgw=0.1645, reg=0.0000, time=75.01s.
-- 125/373 [33.5%], loss=0.1634, dgw=0.1634, reg=0.0000, time=72.25s.
-- 150/373 [40.2%], loss=0.1554, dgw=0.1554, reg=0.0000, time=78.07s.
-- 175/373 [46.9%], loss=0.1588, dgw=0.1588, reg=0.0000, time=92.86s.
-- 200/373 [53.6%], loss=0.1558, dgw=0.1558, reg=0.0000, time=72.53s.
-- 225/373 [60.3%], loss=0.1590, dgw=0.1590, reg=0.0000, time=76.74s.
-- 250/373 [67.0%], loss=0.1576, dgw=0.1576, reg=0.0000, time=67.80s.
-- 275/373 [73.7%], loss=0.1528, dgw=0.1528, reg=0.0000, time=69.55s.
-- 300/373 [80.4%], loss=0.1543, dgw=0.1543, reg=0.0000, time=56.73s.
-- 325/373 [87.1%], loss=0.1511, dgw=0.1511, reg=0.0000, time=56.36s.
-- 350/373 [93.8%], loss=0.1510, dgw=0.1510, reg=0.0000, time=103.36s.
-- 373/373 [100.0%], loss=0.1493, dgw=0.1493, reg=0.0000, time=55.26s.
fit: Epoch 4/15, loss = 0.1584, best loss = 0.1584
results/tumblr_ct1_Jin_Spectral_usl_tsne_fit_4.pdf
-- 25/373 [6.7%], loss=0.1495, dgw=0.1495, reg=0.0000, time=65.66s.
-- 50/373 [13.4%], loss=0.1480, dgw=0.1480, reg=0.0000, time=54.26s.
-- 75/373 [20.1%], loss=0.1494, dgw=0.1494, reg=0.0000, time=62.26s.
-- 100/373 [26.8%], loss=0.1404, dgw=0.1404, reg=0.0000, time=58.44s.
-- 125/373 [33.5%], loss=0.1418, dgw=0.1418, reg=0.0000, time=70.19s.
-- 150/373 [40.2%], loss=0.1406, dgw=0.1406, reg=0.0000, time=68.13s.
-- 175/373 [46.9%], loss=0.1427, dgw=0.1427, reg=0.0000, time=58.45s.
-- 200/373 [53.6%], loss=0.1381, dgw=0.1381, reg=0.0000, time=80.66s.
-- 225/373 [60.3%], loss=0.1353, dgw=0.1353, reg=0.0000, time=62.79s.
-- 250/373 [67.0%], loss=0.1405, dgw=0.1405, reg=0.0000, time=61.76s.
-- 275/373 [73.7%], loss=0.1368, dgw=0.1368, reg=0.0000, time=55.41s.
-- 300/373 [80.4%], loss=0.1411, dgw=0.1411, reg=0.0000, time=79.67s.
-- 325/373 [87.1%], loss=0.1345, dgw=0.1345, reg=0.0000, time=69.57s.
-- 350/373 [93.8%], loss=0.1350, dgw=0.1350, reg=0.0000, time=89.37s.
-- 373/373 [100.0%], loss=0.1337, dgw=0.1337, reg=0.0000, time=72.60s.
fit: Epoch 5/15, loss = 0.1405, best loss = 0.1405
results/tumblr_ct1_Jin_Spectral_usl_tsne_fit_5.pdf
-- 25/373 [6.7%], loss=0.1308, dgw=0.1308, reg=0.0000, time=71.11s.
-- 50/373 [13.4%], loss=0.1334, dgw=0.1334, reg=0.0000, time=69.95s.
-- 75/373 [20.1%], loss=0.1297, dgw=0.1297, reg=0.0000, time=86.70s.
-- 100/373 [26.8%], loss=0.1277, dgw=0.1277, reg=0.0000, time=63.67s.
-- 125/373 [33.5%], loss=0.1283, dgw=0.1283, reg=0.0000, time=72.17s.
-- 150/373 [40.2%], loss=0.1279, dgw=0.1279, reg=0.0000, time=71.68s.
-- 175/373 [46.9%], loss=0.1297, dgw=0.1297, reg=0.0000, time=73.08s.
-- 200/373 [53.6%], loss=0.1256, dgw=0.1256, reg=0.0000, time=60.62s.
-- 225/373 [60.3%], loss=0.1253, dgw=0.1253, reg=0.0000, time=60.47s.
-- 250/373 [67.0%], loss=0.1222, dgw=0.1222, reg=0.0000, time=63.63s.
-- 275/373 [73.7%], loss=0.1206, dgw=0.1206, reg=0.0000, time=60.99s.
-- 300/373 [80.4%], loss=0.1214, dgw=0.1214, reg=0.0000, time=48.88s.
-- 325/373 [87.1%], loss=0.1173, dgw=0.1173, reg=0.0000, time=73.56s.
-- 350/373 [93.8%], loss=0.1266, dgw=0.1266, reg=0.0000, time=87.05s.
-- 373/373 [100.0%], loss=0.1208, dgw=0.1208, reg=0.0000, time=81.56s.
fit: Epoch 6/15, loss = 0.1258, best loss = 0.1258
results/tumblr_ct1_Jin_Spectral_usl_tsne_fit_6.pdf
-- 25/373 [6.7%], loss=0.1171, dgw=0.1171, reg=0.0000, time=79.23s.
-- 50/373 [13.4%], loss=0.1196, dgw=0.1196, reg=0.0000, time=71.33s.
-- 75/373 [20.1%], loss=0.1186, dgw=0.1186, reg=0.0000, time=67.91s.
-- 100/373 [26.8%], loss=0.1163, dgw=0.1163, reg=0.0000, time=71.63s.
-- 125/373 [33.5%], loss=0.1151, dgw=0.1151, reg=0.0000, time=51.43s.
-- 150/373 [40.2%], loss=0.1145, dgw=0.1145, reg=0.0000, time=80.08s.
-- 175/373 [46.9%], loss=0.1115, dgw=0.1115, reg=0.0000, time=42.96s.
-- 200/373 [53.6%], loss=0.1158, dgw=0.1158, reg=0.0000, time=53.39s.
-- 225/373 [60.3%], loss=0.1120, dgw=0.1120, reg=0.0000, time=70.21s.
-- 250/373 [67.0%], loss=0.1172, dgw=0.1172, reg=0.0000, time=57.89s.
-- 275/373 [73.7%], loss=0.1091, dgw=0.1091, reg=0.0000, time=58.56s.
-- 300/373 [80.4%], loss=0.1094, dgw=0.1094, reg=0.0000, time=70.76s.
-- 325/373 [87.1%], loss=0.1103, dgw=0.1103, reg=0.0000, time=63.38s.
-- 350/373 [93.8%], loss=0.1104, dgw=0.1104, reg=0.0000, time=66.88s.
-- 373/373 [100.0%], loss=0.1059, dgw=0.1059, reg=0.0000, time=42.10s.
fit: Epoch 7/15, loss = 0.1136, best loss = 0.1136
results/tumblr_ct1_Jin_Spectral_usl_tsne_fit_7.pdf
-- 25/373 [6.7%], loss=0.1086, dgw=0.1086, reg=0.0000, time=65.25s.
-- 50/373 [13.4%], loss=0.1063, dgw=0.1063, reg=0.0000, time=71.80s.
-- 75/373 [20.1%], loss=0.1046, dgw=0.1046, reg=0.0000, time=78.44s.
-- 100/373 [26.8%], loss=0.1055, dgw=0.1055, reg=0.0000, time=68.45s.
-- 125/373 [33.5%], loss=0.1022, dgw=0.1022, reg=0.0000, time=66.13s.
-- 150/373 [40.2%], loss=0.1014, dgw=0.1014, reg=0.0000, time=78.85s.
-- 175/373 [46.9%], loss=0.1024, dgw=0.1024, reg=0.0000, time=64.80s.
-- 200/373 [53.6%], loss=0.1006, dgw=0.1006, reg=0.0000, time=62.21s.
-- 225/373 [60.3%], loss=0.1011, dgw=0.1011, reg=0.0000, time=49.72s.
-- 250/373 [67.0%], loss=0.1029, dgw=0.1029, reg=0.0000, time=34.15s.
-- 275/373 [73.7%], loss=0.1014, dgw=0.1014, reg=0.0000, time=56.48s.
-- 300/373 [80.4%], loss=0.0981, dgw=0.0981, reg=0.0000, time=72.82s.
-- 325/373 [87.1%], loss=0.0990, dgw=0.0990, reg=0.0000, time=55.76s.
-- 350/373 [93.8%], loss=0.0979, dgw=0.0979, reg=0.0000, time=49.54s.
-- 373/373 [100.0%], loss=0.0983, dgw=0.0983, reg=0.0000, time=37.01s.
fit: Epoch 8/15, loss = 0.1020, best loss = 0.1020
results/tumblr_ct1_Jin_Spectral_usl_tsne_fit_8.pdf
-- 25/373 [6.7%], loss=0.0973, dgw=0.0973, reg=0.0000, time=61.96s.
-- 50/373 [13.4%], loss=0.0947, dgw=0.0947, reg=0.0000, time=63.04s.
-- 75/373 [20.1%], loss=0.0923, dgw=0.0923, reg=0.0000, time=44.90s.
-- 100/373 [26.8%], loss=0.0973, dgw=0.0973, reg=0.0000, time=63.63s.
-- 125/373 [33.5%], loss=0.0934, dgw=0.0934, reg=0.0000, time=75.25s.
-- 150/373 [40.2%], loss=0.0946, dgw=0.0946, reg=0.0000, time=63.34s.
-- 175/373 [46.9%], loss=0.0932, dgw=0.0932, reg=0.0000, time=42.86s.
-- 200/373 [53.6%], loss=0.0927, dgw=0.0927, reg=0.0000, time=58.28s.
-- 225/373 [60.3%], loss=0.0976, dgw=0.0976, reg=0.0000, time=52.13s.
-- 250/373 [67.0%], loss=0.0921, dgw=0.0921, reg=0.0000, time=56.53s.
-- 275/373 [73.7%], loss=0.0898, dgw=0.0898, reg=0.0000, time=67.44s.
-- 300/373 [80.4%], loss=0.0897, dgw=0.0897, reg=0.0000, time=49.92s.
-- 325/373 [87.1%], loss=0.0880, dgw=0.0880, reg=0.0000, time=70.16s.
-- 350/373 [93.8%], loss=0.0898, dgw=0.0898, reg=0.0000, time=59.53s.
-- 373/373 [100.0%], loss=0.0909, dgw=0.0909, reg=0.0000, time=44.29s.
fit: Epoch 9/15, loss = 0.0929, best loss = 0.0929
results/tumblr_ct1_Jin_Spectral_usl_tsne_fit_9.pdf
-- 25/373 [6.7%], loss=0.0884, dgw=0.0884, reg=0.0000, time=62.18s.
-- 50/373 [13.4%], loss=0.0861, dgw=0.0861, reg=0.0000, time=57.20s.
-- 75/373 [20.1%], loss=0.0886, dgw=0.0886, reg=0.0000, time=54.44s.
-- 100/373 [26.8%], loss=0.0936, dgw=0.0936, reg=0.0000, time=64.86s.
-- 125/373 [33.5%], loss=0.0855, dgw=0.0855, reg=0.0000, time=60.93s.
-- 150/373 [40.2%], loss=0.0851, dgw=0.0851, reg=0.0000, time=45.16s.
-- 175/373 [46.9%], loss=0.0860, dgw=0.0860, reg=0.0000, time=51.21s.
-- 200/373 [53.6%], loss=0.0883, dgw=0.0883, reg=0.0000, time=24.76s.
-- 225/373 [60.3%], loss=0.0851, dgw=0.0851, reg=0.0000, time=39.15s.
-- 250/373 [67.0%], loss=0.0837, dgw=0.0837, reg=0.0000, time=51.25s.
-- 275/373 [73.7%], loss=0.0859, dgw=0.0859, reg=0.0000, time=27.77s.
-- 300/373 [80.4%], loss=0.0784, dgw=0.0784, reg=0.0000, time=48.49s.
-- 325/373 [87.1%], loss=0.0836, dgw=0.0836, reg=0.0000, time=47.07s.
-- 350/373 [93.8%], loss=0.0843, dgw=0.0843, reg=0.0000, time=58.55s.
-- 373/373 [100.0%], loss=0.0803, dgw=0.0803, reg=0.0000, time=57.75s.
fit: Epoch 10/15, loss = 0.0856, best loss = 0.0856
results/tumblr_ct1_Jin_Spectral_usl_tsne_fit_10.pdf
-- 25/373 [6.7%], loss=0.0822, dgw=0.0822, reg=0.0000, time=55.01s.
-- 50/373 [13.4%], loss=0.0786, dgw=0.0786, reg=0.0000, time=38.04s.
-- 75/373 [20.1%], loss=0.0791, dgw=0.0791, reg=0.0000, time=42.91s.
-- 100/373 [26.8%], loss=0.0788, dgw=0.0788, reg=0.0000, time=54.92s.
-- 125/373 [33.5%], loss=0.0836, dgw=0.0836, reg=0.0000, time=54.25s.
-- 150/373 [40.2%], loss=0.0777, dgw=0.0777, reg=0.0000, time=44.79s.
-- 175/373 [46.9%], loss=0.0813, dgw=0.0813, reg=0.0000, time=54.69s.
-- 200/373 [53.6%], loss=0.0785, dgw=0.0785, reg=0.0000, time=47.07s.
-- 225/373 [60.3%], loss=0.0778, dgw=0.0778, reg=0.0000, time=48.10s.
-- 250/373 [67.0%], loss=0.0769, dgw=0.0769, reg=0.0000, time=47.72s.
-- 275/373 [73.7%], loss=0.0842, dgw=0.0842, reg=0.0000, time=36.16s.
-- 300/373 [80.4%], loss=0.0769, dgw=0.0769, reg=0.0000, time=50.04s.
-- 325/373 [87.1%], loss=0.0766, dgw=0.0766, reg=0.0000, time=43.29s.
-- 350/373 [93.8%], loss=0.0767, dgw=0.0767, reg=0.0000, time=52.84s.
-- 373/373 [100.0%], loss=0.0794, dgw=0.0794, reg=0.0000, time=41.16s.
fit: Epoch 11/15, loss = 0.0792, best loss = 0.0792
results/tumblr_ct1_Jin_Spectral_usl_tsne_fit_11.pdf
-- 25/373 [6.7%], loss=0.0731, dgw=0.0731, reg=0.0000, time=48.68s.
-- 50/373 [13.4%], loss=0.0767, dgw=0.0767, reg=0.0000, time=47.14s.
-- 75/373 [20.1%], loss=0.0778, dgw=0.0778, reg=0.0000, time=52.09s.
-- 100/373 [26.8%], loss=0.0740, dgw=0.0740, reg=0.0000, time=54.19s.
-- 125/373 [33.5%], loss=0.0745, dgw=0.0745, reg=0.0000, time=50.58s.
-- 150/373 [40.2%], loss=0.0755, dgw=0.0755, reg=0.0000, time=34.79s.
-- 175/373 [46.9%], loss=0.0709, dgw=0.0709, reg=0.0000, time=44.71s.
-- 200/373 [53.6%], loss=0.0746, dgw=0.0746, reg=0.0000, time=48.89s.
-- 225/373 [60.3%], loss=0.0718, dgw=0.0718, reg=0.0000, time=51.91s.
-- 250/373 [67.0%], loss=0.0761, dgw=0.0761, reg=0.0000, time=54.52s.
-- 275/373 [73.7%], loss=0.0722, dgw=0.0722, reg=0.0000, time=52.16s.
-- 300/373 [80.4%], loss=0.0720, dgw=0.0720, reg=0.0000, time=56.16s.
-- 325/373 [87.1%], loss=0.0727, dgw=0.0727, reg=0.0000, time=30.64s.
-- 350/373 [93.8%], loss=0.0766, dgw=0.0766, reg=0.0000, time=45.65s.
-- 373/373 [100.0%], loss=0.0763, dgw=0.0763, reg=0.0000, time=43.76s.
fit: Epoch 12/15, loss = 0.0743, best loss = 0.0743
results/tumblr_ct1_Jin_Spectral_usl_tsne_fit_12.pdf
-- 25/373 [6.7%], loss=0.0697, dgw=0.0697, reg=0.0000, time=44.94s.
-- 50/373 [13.4%], loss=0.0683, dgw=0.0683, reg=0.0000, time=31.70s.
-- 75/373 [20.1%], loss=0.0760, dgw=0.0760, reg=0.0000, time=32.81s.
-- 100/373 [26.8%], loss=0.0755, dgw=0.0755, reg=0.0000, time=43.23s.
-- 125/373 [33.5%], loss=0.0819, dgw=0.0819, reg=0.0000, time=35.92s.
-- 150/373 [40.2%], loss=0.0805, dgw=0.0805, reg=0.0000, time=44.52s.
-- 175/373 [46.9%], loss=0.0699, dgw=0.0699, reg=0.0000, time=49.55s.
-- 200/373 [53.6%], loss=0.0837, dgw=0.0837, reg=0.0000, time=40.33s.
-- 225/373 [60.3%], loss=0.0695, dgw=0.0695, reg=0.0000, time=43.32s.
-- 250/373 [67.0%], loss=0.0793, dgw=0.0793, reg=0.0000, time=45.05s.
-- 275/373 [73.7%], loss=0.0668, dgw=0.0668, reg=0.0000, time=37.51s.
-- 300/373 [80.4%], loss=0.0851, dgw=0.0851, reg=0.0000, time=49.77s.
-- 325/373 [87.1%], loss=0.0814, dgw=0.0814, reg=0.0000, time=37.15s.
-- 350/373 [93.8%], loss=0.0883, dgw=0.0883, reg=0.0000, time=29.26s.
-- 373/373 [100.0%], loss=0.0753, dgw=0.0753, reg=0.0000, time=44.25s.
fit: Epoch 13/15, loss = 0.0768, best loss = 0.0743
results/tumblr_ct1_Jin_Spectral_usl_tsne_fit_13.pdf
-- 25/373 [6.7%], loss=0.0804, dgw=0.0804, reg=0.0000, time=43.99s.
-- 50/373 [13.4%], loss=0.0766, dgw=0.0766, reg=0.0000, time=47.06s.
-- 75/373 [20.1%], loss=0.1000, dgw=0.1000, reg=0.0000, time=45.77s.
-- 100/373 [26.8%], loss=0.0847, dgw=0.0847, reg=0.0000, time=60.61s.
-- 125/373 [33.5%], loss=0.0734, dgw=0.0734, reg=0.0000, time=56.14s.
-- 150/373 [40.2%], loss=0.0920, dgw=0.0920, reg=0.0000, time=50.61s.
-- 175/373 [46.9%], loss=0.0737, dgw=0.0737, reg=0.0000, time=37.62s.
-- 200/373 [53.6%], loss=0.0717, dgw=0.0717, reg=0.0000, time=30.94s.
-- 225/373 [60.3%], loss=0.1084, dgw=0.1084, reg=0.0000, time=50.16s.
-- 250/373 [67.0%], loss=0.1037, dgw=0.1037, reg=0.0000, time=48.57s.
-- 275/373 [73.7%], loss=0.0889, dgw=0.0889, reg=0.0000, time=45.67s.
-- 300/373 [80.4%], loss=0.0763, dgw=0.0763, reg=0.0000, time=38.60s.
-- 325/373 [87.1%], loss=0.0969, dgw=0.0969, reg=0.0000, time=40.79s.
-- 350/373 [93.8%], loss=0.1191, dgw=0.1191, reg=0.0000, time=43.64s.
-- 373/373 [100.0%], loss=0.0842, dgw=0.0842, reg=0.0000, time=24.23s.
fit: Epoch 14/15, loss = 0.0887, best loss = 0.0743
results/tumblr_ct1_Jin_Spectral_usl_tsne_fit_14.pdf
-- 25/373 [6.7%], loss=0.1183, dgw=0.1183, reg=0.0000, time=40.79s.
-- 50/373 [13.4%], loss=0.0887, dgw=0.0887, reg=0.0000, time=44.10s.
-- 75/373 [20.1%], loss=0.1036, dgw=0.1036, reg=0.0000, time=33.75s.
-- 100/373 [26.8%], loss=0.0877, dgw=0.0877, reg=0.0000, time=56.26s.
-- 125/373 [33.5%], loss=0.1334, dgw=0.1334, reg=0.0000, time=35.60s.
-- 150/373 [40.2%], loss=0.1396, dgw=0.1396, reg=0.0000, time=36.38s.
-- 175/373 [46.9%], loss=0.2060, dgw=0.2060, reg=0.0000, time=29.22s.
-- 200/373 [53.6%], loss=0.2000, dgw=0.2000, reg=0.0000, time=38.35s.
-- 225/373 [60.3%], loss=0.2495, dgw=0.2495, reg=0.0000, time=43.20s.
-- 250/373 [67.0%], loss=0.2545, dgw=0.2545, reg=0.0000, time=50.74s.
-- 275/373 [73.7%], loss=0.2975, dgw=0.2975, reg=0.0000, time=39.43s.
-- 300/373 [80.4%], loss=0.2809, dgw=0.2809, reg=0.0000, time=51.90s.
-- 325/373 [87.1%], loss=0.2890, dgw=0.2890, reg=0.0000, time=49.74s.
-- 350/373 [93.8%], loss=0.2788, dgw=0.2788, reg=0.0000, time=47.60s.
-- 373/373 [100.0%], loss=0.3040, dgw=0.3040, reg=0.0000, time=56.79s.
fit: Epoch 15/15, loss = 0.2016, best loss = 0.0743
results/tumblr_ct1_Jin_Spectral_usl_tsne_fit_15.pdf
Best Acc  : 0.5201072386058981
Rand Score: 0.4994666897287324
Done!
