-- 25/188 [13.3%], loss=0.2119, dgw=0.2119, reg=0.0000, time=7.75s.
-- 50/188 [26.6%], loss=0.2083, dgw=0.2083, reg=0.0000, time=13.85s.
-- 75/188 [39.9%], loss=0.2130, dgw=0.2130, reg=0.0000, time=13.16s.
-- 100/188 [53.2%], loss=0.2161, dgw=0.2161, reg=0.0000, time=18.31s.
-- 125/188 [66.5%], loss=0.1980, dgw=0.1980, reg=0.0000, time=12.64s.
-- 150/188 [79.8%], loss=0.1984, dgw=0.1984, reg=0.0000, time=13.31s.
-- 175/188 [93.1%], loss=0.2134, dgw=0.2134, reg=0.0000, time=18.18s.
-- 188/188 [100.0%], loss=0.2044, dgw=0.2044, reg=0.0000, time=10.56s.
fit: Epoch 1/15, loss = 0.2082, best loss = 0.2082
results/MUTAG_Jin_Spectral_usl_tsne_fit_1.pdf
-- 25/188 [13.3%], loss=0.2095, dgw=0.2095, reg=0.0000, time=27.55s.
-- 50/188 [26.6%], loss=0.1850, dgw=0.1850, reg=0.0000, time=32.65s.
-- 75/188 [39.9%], loss=0.1934, dgw=0.1934, reg=0.0000, time=45.60s.
-- 100/188 [53.2%], loss=0.2048, dgw=0.2048, reg=0.0000, time=47.05s.
-- 125/188 [66.5%], loss=0.1886, dgw=0.1886, reg=0.0000, time=43.67s.
-- 150/188 [79.8%], loss=0.1875, dgw=0.1875, reg=0.0000, time=46.87s.
-- 175/188 [93.1%], loss=0.1892, dgw=0.1892, reg=0.0000, time=46.96s.
-- 188/188 [100.0%], loss=0.1846, dgw=0.1846, reg=0.0000, time=19.41s.
fit: Epoch 2/15, loss = 0.1934, best loss = 0.1934
results/MUTAG_Jin_Spectral_usl_tsne_fit_2.pdf
-- 25/188 [13.3%], loss=0.1790, dgw=0.1790, reg=0.0000, time=47.65s.
-- 50/188 [26.6%], loss=0.1825, dgw=0.1825, reg=0.0000, time=33.19s.
-- 75/188 [39.9%], loss=0.1886, dgw=0.1886, reg=0.0000, time=39.77s.
-- 100/188 [53.2%], loss=0.1807, dgw=0.1807, reg=0.0000, time=45.56s.
-- 125/188 [66.5%], loss=0.1792, dgw=0.1792, reg=0.0000, time=37.82s.
-- 150/188 [79.8%], loss=0.1767, dgw=0.1767, reg=0.0000, time=29.99s.
-- 175/188 [93.1%], loss=0.1710, dgw=0.1710, reg=0.0000, time=16.60s.
-- 188/188 [100.0%], loss=0.1755, dgw=0.1755, reg=0.0000, time=22.13s.
fit: Epoch 3/15, loss = 0.1794, best loss = 0.1794
results/MUTAG_Jin_Spectral_usl_tsne_fit_3.pdf
-- 25/188 [13.3%], loss=0.1798, dgw=0.1798, reg=0.0000, time=49.15s.
-- 50/188 [26.6%], loss=0.1645, dgw=0.1645, reg=0.0000, time=52.16s.
-- 75/188 [39.9%], loss=0.1675, dgw=0.1675, reg=0.0000, time=27.35s.
-- 100/188 [53.2%], loss=0.1675, dgw=0.1675, reg=0.0000, time=25.67s.
-- 125/188 [66.5%], loss=0.1574, dgw=0.1574, reg=0.0000, time=50.16s.
-- 150/188 [79.8%], loss=0.1691, dgw=0.1691, reg=0.0000, time=42.42s.
-- 175/188 [93.1%], loss=0.1632, dgw=0.1632, reg=0.0000, time=41.11s.
-- 188/188 [100.0%], loss=0.1572, dgw=0.1572, reg=0.0000, time=25.77s.
fit: Epoch 4/15, loss = 0.1663, best loss = 0.1663
results/MUTAG_Jin_Spectral_usl_tsne_fit_4.pdf
-- 25/188 [13.3%], loss=0.1502, dgw=0.1502, reg=0.0000, time=47.17s.
-- 50/188 [26.6%], loss=0.1533, dgw=0.1533, reg=0.0000, time=40.29s.
-- 75/188 [39.9%], loss=0.1559, dgw=0.1559, reg=0.0000, time=39.04s.
-- 100/188 [53.2%], loss=0.1598, dgw=0.1598, reg=0.0000, time=41.43s.
-- 125/188 [66.5%], loss=0.1489, dgw=0.1489, reg=0.0000, time=48.17s.
-- 150/188 [79.8%], loss=0.1561, dgw=0.1561, reg=0.0000, time=55.80s.
-- 175/188 [93.1%], loss=0.1562, dgw=0.1562, reg=0.0000, time=55.91s.
-- 188/188 [100.0%], loss=0.1523, dgw=0.1523, reg=0.0000, time=26.98s.
fit: Epoch 5/15, loss = 0.1542, best loss = 0.1542
results/MUTAG_Jin_Spectral_usl_tsne_fit_5.pdf
-- 25/188 [13.3%], loss=0.1504, dgw=0.1504, reg=0.0000, time=41.16s.
-- 50/188 [26.6%], loss=0.1483, dgw=0.1483, reg=0.0000, time=45.79s.
-- 75/188 [39.9%], loss=0.1452, dgw=0.1452, reg=0.0000, time=35.77s.
-- 100/188 [53.2%], loss=0.1507, dgw=0.1507, reg=0.0000, time=53.43s.
-- 125/188 [66.5%], loss=0.1341, dgw=0.1341, reg=0.0000, time=45.36s.
-- 150/188 [79.8%], loss=0.1356, dgw=0.1356, reg=0.0000, time=53.05s.
-- 175/188 [93.1%], loss=0.1393, dgw=0.1393, reg=0.0000, time=42.99s.
-- 188/188 [100.0%], loss=0.1391, dgw=0.1391, reg=0.0000, time=24.59s.
fit: Epoch 6/15, loss = 0.1431, best loss = 0.1431
results/MUTAG_Jin_Spectral_usl_tsne_fit_6.pdf
-- 25/188 [13.3%], loss=0.1323, dgw=0.1323, reg=0.0000, time=57.62s.
-- 50/188 [26.6%], loss=0.1397, dgw=0.1397, reg=0.0000, time=46.98s.
-- 75/188 [39.9%], loss=0.1340, dgw=0.1340, reg=0.0000, time=51.64s.
-- 100/188 [53.2%], loss=0.1372, dgw=0.1372, reg=0.0000, time=42.14s.
-- 125/188 [66.5%], loss=0.1297, dgw=0.1297, reg=0.0000, time=35.05s.
-- 150/188 [79.8%], loss=0.1279, dgw=0.1279, reg=0.0000, time=56.04s.
-- 175/188 [93.1%], loss=0.1283, dgw=0.1283, reg=0.0000, time=25.50s.
-- 188/188 [100.0%], loss=0.1349, dgw=0.1349, reg=0.0000, time=24.08s.
fit: Epoch 7/15, loss = 0.1329, best loss = 0.1329
results/MUTAG_Jin_Spectral_usl_tsne_fit_7.pdf
-- 25/188 [13.3%], loss=0.1240, dgw=0.1240, reg=0.0000, time=37.60s.
-- 50/188 [26.6%], loss=0.1276, dgw=0.1276, reg=0.0000, time=31.19s.
-- 75/188 [39.9%], loss=0.1229, dgw=0.1229, reg=0.0000, time=51.85s.
-- 100/188 [53.2%], loss=0.1330, dgw=0.1330, reg=0.0000, time=45.36s.
-- 125/188 [66.5%], loss=0.1220, dgw=0.1220, reg=0.0000, time=33.48s.
-- 150/188 [79.8%], loss=0.1224, dgw=0.1224, reg=0.0000, time=20.18s.
-- 175/188 [93.1%], loss=0.1117, dgw=0.1117, reg=0.0000, time=33.22s.
-- 188/188 [100.0%], loss=0.1262, dgw=0.1262, reg=0.0000, time=23.79s.
fit: Epoch 8/15, loss = 0.1236, best loss = 0.1236
results/MUTAG_Jin_Spectral_usl_tsne_fit_8.pdf
-- 25/188 [13.3%], loss=0.1167, dgw=0.1167, reg=0.0000, time=36.11s.
-- 50/188 [26.6%], loss=0.1256, dgw=0.1256, reg=0.0000, time=49.09s.
-- 75/188 [39.9%], loss=0.1165, dgw=0.1165, reg=0.0000, time=41.91s.
-- 100/188 [53.2%], loss=0.1102, dgw=0.1102, reg=0.0000, time=56.15s.
-- 125/188 [66.5%], loss=0.1162, dgw=0.1162, reg=0.0000, time=36.62s.
-- 150/188 [79.8%], loss=0.1117, dgw=0.1117, reg=0.0000, time=51.61s.
-- 175/188 [93.1%], loss=0.1095, dgw=0.1095, reg=0.0000, time=45.32s.
-- 188/188 [100.0%], loss=0.1138, dgw=0.1138, reg=0.0000, time=25.45s.
fit: Epoch 9/15, loss = 0.1151, best loss = 0.1151
results/MUTAG_Jin_Spectral_usl_tsne_fit_9.pdf
-- 25/188 [13.3%], loss=0.1051, dgw=0.1051, reg=0.0000, time=36.71s.
-- 50/188 [26.6%], loss=0.1151, dgw=0.1151, reg=0.0000, time=36.77s.
-- 75/188 [39.9%], loss=0.1067, dgw=0.1067, reg=0.0000, time=40.25s.
-- 100/188 [53.2%], loss=0.1120, dgw=0.1120, reg=0.0000, time=34.77s.
-- 125/188 [66.5%], loss=0.1096, dgw=0.1096, reg=0.0000, time=42.56s.
-- 150/188 [79.8%], loss=0.1025, dgw=0.1025, reg=0.0000, time=33.51s.
-- 175/188 [93.1%], loss=0.1046, dgw=0.1046, reg=0.0000, time=49.83s.
-- 188/188 [100.0%], loss=0.0999, dgw=0.0999, reg=0.0000, time=32.39s.
fit: Epoch 10/15, loss = 0.1074, best loss = 0.1074
results/MUTAG_Jin_Spectral_usl_tsne_fit_10.pdf
-- 25/188 [13.3%], loss=0.1020, dgw=0.1020, reg=0.0000, time=23.00s.
-- 50/188 [26.6%], loss=0.1069, dgw=0.1069, reg=0.0000, time=38.58s.
-- 75/188 [39.9%], loss=0.0976, dgw=0.0976, reg=0.0000, time=43.38s.
-- 100/188 [53.2%], loss=0.1037, dgw=0.1037, reg=0.0000, time=43.16s.
-- 125/188 [66.5%], loss=0.0975, dgw=0.0975, reg=0.0000, time=38.03s.
-- 150/188 [79.8%], loss=0.1011, dgw=0.1011, reg=0.0000, time=32.03s.
-- 175/188 [93.1%], loss=0.0980, dgw=0.0980, reg=0.0000, time=38.53s.
-- 188/188 [100.0%], loss=0.0919, dgw=0.0919, reg=0.0000, time=20.88s.
fit: Epoch 11/15, loss = 0.1003, best loss = 0.1003
results/MUTAG_Jin_Spectral_usl_tsne_fit_11.pdf
-- 25/188 [13.3%], loss=0.1011, dgw=0.1011, reg=0.0000, time=31.30s.
-- 50/188 [26.6%], loss=0.0975, dgw=0.0975, reg=0.0000, time=39.50s.
-- 75/188 [39.9%], loss=0.0979, dgw=0.0979, reg=0.0000, time=46.82s.
-- 100/188 [53.2%], loss=0.0958, dgw=0.0958, reg=0.0000, time=37.67s.
-- 125/188 [66.5%], loss=0.0868, dgw=0.0868, reg=0.0000, time=49.52s.
-- 150/188 [79.8%], loss=0.0906, dgw=0.0906, reg=0.0000, time=37.64s.
-- 175/188 [93.1%], loss=0.0886, dgw=0.0886, reg=0.0000, time=54.38s.
-- 188/188 [100.0%], loss=0.0928, dgw=0.0928, reg=0.0000, time=23.13s.
fit: Epoch 12/15, loss = 0.0940, best loss = 0.0940
results/MUTAG_Jin_Spectral_usl_tsne_fit_12.pdf
-- 25/188 [13.3%], loss=0.0865, dgw=0.0865, reg=0.0000, time=41.16s.
-- 50/188 [26.6%], loss=0.0880, dgw=0.0880, reg=0.0000, time=38.75s.
-- 75/188 [39.9%], loss=0.0842, dgw=0.0842, reg=0.0000, time=51.29s.
-- 100/188 [53.2%], loss=0.0883, dgw=0.0883, reg=0.0000, time=48.81s.
-- 125/188 [66.5%], loss=0.0930, dgw=0.0930, reg=0.0000, time=43.35s.
-- 150/188 [79.8%], loss=0.0834, dgw=0.0834, reg=0.0000, time=53.21s.
-- 175/188 [93.1%], loss=0.0925, dgw=0.0925, reg=0.0000, time=44.56s.
-- 188/188 [100.0%], loss=0.0899, dgw=0.0899, reg=0.0000, time=33.21s.
fit: Epoch 13/15, loss = 0.0881, best loss = 0.0881
results/MUTAG_Jin_Spectral_usl_tsne_fit_13.pdf
-- 25/188 [13.3%], loss=0.0772, dgw=0.0772, reg=0.0000, time=41.00s.
-- 50/188 [26.6%], loss=0.0826, dgw=0.0826, reg=0.0000, time=42.62s.
-- 75/188 [39.9%], loss=0.0865, dgw=0.0865, reg=0.0000, time=45.72s.
-- 100/188 [53.2%], loss=0.0810, dgw=0.0810, reg=0.0000, time=40.28s.
-- 125/188 [66.5%], loss=0.0854, dgw=0.0854, reg=0.0000, time=54.98s.
-- 150/188 [79.8%], loss=0.0887, dgw=0.0887, reg=0.0000, time=41.42s.
-- 175/188 [93.1%], loss=0.0829, dgw=0.0829, reg=0.0000, time=35.43s.
-- 188/188 [100.0%], loss=0.0742, dgw=0.0742, reg=0.0000, time=20.76s.
fit: Epoch 14/15, loss = 0.0828, best loss = 0.0828
results/MUTAG_Jin_Spectral_usl_tsne_fit_14.pdf
-- 25/188 [13.3%], loss=0.0807, dgw=0.0807, reg=0.0000, time=41.64s.
-- 50/188 [26.6%], loss=0.0786, dgw=0.0786, reg=0.0000, time=46.39s.
-- 75/188 [39.9%], loss=0.0781, dgw=0.0781, reg=0.0000, time=50.84s.
-- 100/188 [53.2%], loss=0.0806, dgw=0.0806, reg=0.0000, time=29.04s.
-- 125/188 [66.5%], loss=0.0778, dgw=0.0778, reg=0.0000, time=26.92s.
-- 150/188 [79.8%], loss=0.0761, dgw=0.0761, reg=0.0000, time=48.08s.
-- 175/188 [93.1%], loss=0.0771, dgw=0.0771, reg=0.0000, time=40.15s.
-- 188/188 [100.0%], loss=0.0727, dgw=0.0727, reg=0.0000, time=23.88s.
fit: Epoch 15/15, loss = 0.0780, best loss = 0.0780
results/MUTAG_Jin_Spectral_usl_tsne_fit_15.pdf
Best Acc  : 0.5797872340425532
Rand Score: 0.5101262942314256
Done!
