-- 25/188 [13.3%], loss=0.2156, dgw=0.2156, reg=0.0000, time=30.23s.
-- 50/188 [26.6%], loss=0.2143, dgw=0.2143, reg=0.0000, time=46.93s.
-- 75/188 [39.9%], loss=0.2103, dgw=0.2103, reg=0.0000, time=48.22s.
-- 100/188 [53.2%], loss=0.2073, dgw=0.2073, reg=0.0000, time=42.65s.
-- 125/188 [66.5%], loss=0.1978, dgw=0.1978, reg=0.0000, time=36.71s.
-- 150/188 [79.8%], loss=0.2030, dgw=0.2030, reg=0.0000, time=37.09s.
-- 175/188 [93.1%], loss=0.2059, dgw=0.2059, reg=0.0000, time=36.19s.
-- 188/188 [100.0%], loss=0.2065, dgw=0.2065, reg=0.0000, time=19.08s.
fit: Epoch 1/15, loss = 0.2077, best loss = 0.2077
results/MUTAG_Jin_Spectral_usl_tsne_fit_1.pdf
-- 25/188 [13.3%], loss=0.2011, dgw=0.2011, reg=0.0000, time=36.49s.
-- 50/188 [26.6%], loss=0.2050, dgw=0.2050, reg=0.0000, time=29.74s.
-- 75/188 [39.9%], loss=0.1845, dgw=0.1845, reg=0.0000, time=39.08s.
-- 100/188 [53.2%], loss=0.1874, dgw=0.1874, reg=0.0000, time=49.25s.
-- 125/188 [66.5%], loss=0.1897, dgw=0.1897, reg=0.0000, time=41.24s.
-- 150/188 [79.8%], loss=0.1892, dgw=0.1892, reg=0.0000, time=32.99s.
-- 175/188 [93.1%], loss=0.1891, dgw=0.1891, reg=0.0000, time=52.81s.
-- 188/188 [100.0%], loss=0.1946, dgw=0.1946, reg=0.0000, time=31.37s.
fit: Epoch 2/15, loss = 0.1925, best loss = 0.1925
results/MUTAG_Jin_Spectral_usl_tsne_fit_2.pdf
-- 25/188 [13.3%], loss=0.1900, dgw=0.1900, reg=0.0000, time=39.97s.
-- 50/188 [26.6%], loss=0.1763, dgw=0.1763, reg=0.0000, time=42.04s.
-- 75/188 [39.9%], loss=0.1803, dgw=0.1803, reg=0.0000, time=49.37s.
-- 100/188 [53.2%], loss=0.1884, dgw=0.1884, reg=0.0000, time=44.21s.
-- 125/188 [66.5%], loss=0.1752, dgw=0.1752, reg=0.0000, time=49.07s.
-- 150/188 [79.8%], loss=0.1691, dgw=0.1691, reg=0.0000, time=43.52s.
-- 175/188 [93.1%], loss=0.1745, dgw=0.1745, reg=0.0000, time=44.09s.
-- 188/188 [100.0%], loss=0.1658, dgw=0.1658, reg=0.0000, time=33.39s.
fit: Epoch 3/15, loss = 0.1782, best loss = 0.1782
results/MUTAG_Jin_Spectral_usl_tsne_fit_3.pdf
-- 25/188 [13.3%], loss=0.1686, dgw=0.1686, reg=0.0000, time=42.83s.
-- 50/188 [26.6%], loss=0.1698, dgw=0.1698, reg=0.0000, time=40.21s.
-- 75/188 [39.9%], loss=0.1649, dgw=0.1649, reg=0.0000, time=44.03s.
-- 100/188 [53.2%], loss=0.1664, dgw=0.1664, reg=0.0000, time=44.17s.
-- 125/188 [66.5%], loss=0.1604, dgw=0.1604, reg=0.0000, time=36.71s.
-- 150/188 [79.8%], loss=0.1568, dgw=0.1568, reg=0.0000, time=50.72s.
-- 175/188 [93.1%], loss=0.1669, dgw=0.1669, reg=0.0000, time=49.76s.
-- 188/188 [100.0%], loss=0.1638, dgw=0.1638, reg=0.0000, time=22.64s.
fit: Epoch 4/15, loss = 0.1648, best loss = 0.1648
results/MUTAG_Jin_Spectral_usl_tsne_fit_4.pdf
-- 25/188 [13.3%], loss=0.1642, dgw=0.1642, reg=0.0000, time=49.20s.
-- 50/188 [26.6%], loss=0.1474, dgw=0.1474, reg=0.0000, time=46.49s.
-- 75/188 [39.9%], loss=0.1532, dgw=0.1532, reg=0.0000, time=37.28s.
-- 100/188 [53.2%], loss=0.1531, dgw=0.1531, reg=0.0000, time=37.50s.
-- 125/188 [66.5%], loss=0.1546, dgw=0.1546, reg=0.0000, time=45.44s.
-- 150/188 [79.8%], loss=0.1451, dgw=0.1451, reg=0.0000, time=57.83s.
-- 175/188 [93.1%], loss=0.1468, dgw=0.1468, reg=0.0000, time=52.25s.
-- 188/188 [100.0%], loss=0.1561, dgw=0.1561, reg=0.0000, time=26.17s.
fit: Epoch 5/15, loss = 0.1523, best loss = 0.1523
results/MUTAG_Jin_Spectral_usl_tsne_fit_5.pdf
-- 25/188 [13.3%], loss=0.1446, dgw=0.1446, reg=0.0000, time=33.17s.
-- 50/188 [26.6%], loss=0.1379, dgw=0.1379, reg=0.0000, time=41.05s.
-- 75/188 [39.9%], loss=0.1444, dgw=0.1444, reg=0.0000, time=50.47s.
-- 100/188 [53.2%], loss=0.1407, dgw=0.1407, reg=0.0000, time=48.03s.
-- 125/188 [66.5%], loss=0.1445, dgw=0.1445, reg=0.0000, time=56.63s.
-- 150/188 [79.8%], loss=0.1336, dgw=0.1336, reg=0.0000, time=32.87s.
-- 175/188 [93.1%], loss=0.1437, dgw=0.1437, reg=0.0000, time=41.42s.
-- 188/188 [100.0%], loss=0.1345, dgw=0.1345, reg=0.0000, time=19.84s.
fit: Epoch 6/15, loss = 0.1409, best loss = 0.1409
results/MUTAG_Jin_Spectral_usl_tsne_fit_6.pdf
-- 25/188 [13.3%], loss=0.1370, dgw=0.1370, reg=0.0000, time=36.02s.
-- 50/188 [26.6%], loss=0.1397, dgw=0.1397, reg=0.0000, time=48.54s.
-- 75/188 [39.9%], loss=0.1330, dgw=0.1330, reg=0.0000, time=44.89s.
-- 100/188 [53.2%], loss=0.1234, dgw=0.1234, reg=0.0000, time=42.41s.
-- 125/188 [66.5%], loss=0.1336, dgw=0.1336, reg=0.0000, time=45.96s.
-- 150/188 [79.8%], loss=0.1277, dgw=0.1277, reg=0.0000, time=49.54s.
-- 175/188 [93.1%], loss=0.1211, dgw=0.1211, reg=0.0000, time=44.48s.
-- 188/188 [100.0%], loss=0.1256, dgw=0.1256, reg=0.0000, time=22.09s.
fit: Epoch 7/15, loss = 0.1304, best loss = 0.1304
results/MUTAG_Jin_Spectral_usl_tsne_fit_7.pdf
-- 25/188 [13.3%], loss=0.1179, dgw=0.1179, reg=0.0000, time=50.91s.
-- 50/188 [26.6%], loss=0.1235, dgw=0.1235, reg=0.0000, time=40.95s.
-- 75/188 [39.9%], loss=0.1210, dgw=0.1210, reg=0.0000, time=41.92s.
-- 100/188 [53.2%], loss=0.1148, dgw=0.1148, reg=0.0000, time=40.70s.
-- 125/188 [66.5%], loss=0.1267, dgw=0.1267, reg=0.0000, time=39.36s.
-- 150/188 [79.8%], loss=0.1196, dgw=0.1196, reg=0.0000, time=30.26s.
-- 175/188 [93.1%], loss=0.1236, dgw=0.1236, reg=0.0000, time=32.75s.
-- 188/188 [100.0%], loss=0.1191, dgw=0.1191, reg=0.0000, time=27.59s.
fit: Epoch 8/15, loss = 0.1209, best loss = 0.1209
results/MUTAG_Jin_Spectral_usl_tsne_fit_8.pdf
-- 25/188 [13.3%], loss=0.1170, dgw=0.1170, reg=0.0000, time=38.67s.
-- 50/188 [26.6%], loss=0.1183, dgw=0.1183, reg=0.0000, time=32.28s.
-- 75/188 [39.9%], loss=0.1070, dgw=0.1070, reg=0.0000, time=39.72s.
-- 100/188 [53.2%], loss=0.1120, dgw=0.1120, reg=0.0000, time=36.88s.
-- 125/188 [66.5%], loss=0.1117, dgw=0.1117, reg=0.0000, time=57.60s.
-- 150/188 [79.8%], loss=0.1091, dgw=0.1091, reg=0.0000, time=56.68s.
-- 175/188 [93.1%], loss=0.1123, dgw=0.1123, reg=0.0000, time=51.81s.
-- 188/188 [100.0%], loss=0.1096, dgw=0.1096, reg=0.0000, time=16.26s.
fit: Epoch 9/15, loss = 0.1123, best loss = 0.1123
results/MUTAG_Jin_Spectral_usl_tsne_fit_9.pdf
-- 25/188 [13.3%], loss=0.1071, dgw=0.1071, reg=0.0000, time=30.52s.
-- 50/188 [26.6%], loss=0.1061, dgw=0.1061, reg=0.0000, time=37.66s.
-- 75/188 [39.9%], loss=0.1013, dgw=0.1013, reg=0.0000, time=53.68s.
-- 100/188 [53.2%], loss=0.1084, dgw=0.1084, reg=0.0000, time=39.74s.
-- 125/188 [66.5%], loss=0.1077, dgw=0.1077, reg=0.0000, time=43.10s.
-- 150/188 [79.8%], loss=0.1007, dgw=0.1007, reg=0.0000, time=41.69s.
-- 175/188 [93.1%], loss=0.1006, dgw=0.1006, reg=0.0000, time=49.57s.
-- 188/188 [100.0%], loss=0.1029, dgw=0.1029, reg=0.0000, time=27.84s.
fit: Epoch 10/15, loss = 0.1044, best loss = 0.1044
results/MUTAG_Jin_Spectral_usl_tsne_fit_10.pdf
-- 25/188 [13.3%], loss=0.0996, dgw=0.0996, reg=0.0000, time=21.58s.
-- 50/188 [26.6%], loss=0.1036, dgw=0.1036, reg=0.0000, time=49.02s.
-- 75/188 [39.9%], loss=0.1043, dgw=0.1043, reg=0.0000, time=42.52s.
-- 100/188 [53.2%], loss=0.0952, dgw=0.0952, reg=0.0000, time=48.60s.
-- 125/188 [66.5%], loss=0.0903, dgw=0.0903, reg=0.0000, time=43.08s.
-- 150/188 [79.8%], loss=0.0950, dgw=0.0950, reg=0.0000, time=45.76s.
-- 175/188 [93.1%], loss=0.0974, dgw=0.0974, reg=0.0000, time=54.17s.
-- 188/188 [100.0%], loss=0.0909, dgw=0.0909, reg=0.0000, time=25.14s.
fit: Epoch 11/15, loss = 0.0974, best loss = 0.0974
results/MUTAG_Jin_Spectral_usl_tsne_fit_11.pdf
-- 25/188 [13.3%], loss=0.0887, dgw=0.0887, reg=0.0000, time=31.47s.
-- 50/188 [26.6%], loss=0.0933, dgw=0.0933, reg=0.0000, time=51.41s.
-- 75/188 [39.9%], loss=0.0884, dgw=0.0884, reg=0.0000, time=43.97s.
-- 100/188 [53.2%], loss=0.0924, dgw=0.0924, reg=0.0000, time=51.89s.
-- 125/188 [66.5%], loss=0.0987, dgw=0.0987, reg=0.0000, time=53.19s.
-- 150/188 [79.8%], loss=0.0899, dgw=0.0899, reg=0.0000, time=59.98s.
-- 175/188 [93.1%], loss=0.0871, dgw=0.0871, reg=0.0000, time=52.04s.
-- 188/188 [100.0%], loss=0.0885, dgw=0.0885, reg=0.0000, time=23.37s.
fit: Epoch 12/15, loss = 0.0910, best loss = 0.0910
results/MUTAG_Jin_Spectral_usl_tsne_fit_12.pdf
-- 25/188 [13.3%], loss=0.0892, dgw=0.0892, reg=0.0000, time=33.98s.
-- 50/188 [26.6%], loss=0.0789, dgw=0.0789, reg=0.0000, time=27.03s.
-- 75/188 [39.9%], loss=0.0905, dgw=0.0905, reg=0.0000, time=37.70s.
-- 100/188 [53.2%], loss=0.0861, dgw=0.0861, reg=0.0000, time=52.76s.
-- 125/188 [66.5%], loss=0.0834, dgw=0.0834, reg=0.0000, time=29.75s.
-- 150/188 [79.8%], loss=0.0834, dgw=0.0834, reg=0.0000, time=39.51s.
-- 175/188 [93.1%], loss=0.0843, dgw=0.0843, reg=0.0000, time=57.19s.
-- 188/188 [100.0%], loss=0.0877, dgw=0.0877, reg=0.0000, time=24.62s.
fit: Epoch 13/15, loss = 0.0853, best loss = 0.0853
results/MUTAG_Jin_Spectral_usl_tsne_fit_13.pdf
-- 25/188 [13.3%], loss=0.0904, dgw=0.0904, reg=0.0000, time=46.07s.
-- 50/188 [26.6%], loss=0.0793, dgw=0.0793, reg=0.0000, time=47.33s.
-- 75/188 [39.9%], loss=0.0805, dgw=0.0805, reg=0.0000, time=45.03s.
-- 100/188 [53.2%], loss=0.0790, dgw=0.0790, reg=0.0000, time=41.91s.
-- 125/188 [66.5%], loss=0.0795, dgw=0.0795, reg=0.0000, time=53.33s.
-- 150/188 [79.8%], loss=0.0800, dgw=0.0800, reg=0.0000, time=43.69s.
-- 175/188 [93.1%], loss=0.0773, dgw=0.0773, reg=0.0000, time=46.61s.
-- 188/188 [100.0%], loss=0.0702, dgw=0.0702, reg=0.0000, time=21.44s.
fit: Epoch 14/15, loss = 0.0801, best loss = 0.0801
results/MUTAG_Jin_Spectral_usl_tsne_fit_14.pdf
-- 25/188 [13.3%], loss=0.0798, dgw=0.0798, reg=0.0000, time=50.13s.
-- 50/188 [26.6%], loss=0.0793, dgw=0.0793, reg=0.0000, time=52.14s.
-- 75/188 [39.9%], loss=0.0709, dgw=0.0709, reg=0.0000, time=38.02s.
-- 100/188 [53.2%], loss=0.0749, dgw=0.0749, reg=0.0000, time=56.26s.
-- 125/188 [66.5%], loss=0.0726, dgw=0.0726, reg=0.0000, time=37.70s.
-- 150/188 [79.8%], loss=0.0748, dgw=0.0748, reg=0.0000, time=37.39s.
-- 175/188 [93.1%], loss=0.0759, dgw=0.0759, reg=0.0000, time=43.91s.
-- 188/188 [100.0%], loss=0.0742, dgw=0.0742, reg=0.0000, time=25.21s.
fit: Epoch 15/15, loss = 0.0754, best loss = 0.0754
results/MUTAG_Jin_Spectral_usl_tsne_fit_15.pdf
Best Acc  : 0.5531914893617021
Rand Score: 0.5030151325520537
Done!
