-- 25/188 [13.3%], loss=0.2234, dgw=0.2234, reg=0.0000, time=33.64s.
-- 50/188 [26.6%], loss=0.2125, dgw=0.2125, reg=0.0000, time=37.73s.
-- 75/188 [39.9%], loss=0.2158, dgw=0.2158, reg=0.0000, time=40.14s.
-- 100/188 [53.2%], loss=0.2047, dgw=0.2047, reg=0.0000, time=49.18s.
-- 125/188 [66.5%], loss=0.2060, dgw=0.2060, reg=0.0000, time=43.48s.
-- 150/188 [79.8%], loss=0.2098, dgw=0.2098, reg=0.0000, time=49.52s.
-- 175/188 [93.1%], loss=0.1959, dgw=0.1959, reg=0.0000, time=52.84s.
-- 188/188 [100.0%], loss=0.1998, dgw=0.1998, reg=0.0000, time=17.39s.
fit: Epoch 1/15, loss = 0.2090, best loss = 0.2090
results/MUTAG_Jin_Spectral_usl_tsne_fit_1.pdf
-- 25/188 [13.3%], loss=0.2009, dgw=0.2009, reg=0.0000, time=47.01s.
-- 50/188 [26.6%], loss=0.2042, dgw=0.2042, reg=0.0000, time=66.49s.
-- 75/188 [39.9%], loss=0.1987, dgw=0.1987, reg=0.0000, time=81.37s.
-- 100/188 [53.2%], loss=0.1880, dgw=0.1880, reg=0.0000, time=67.37s.
-- 125/188 [66.5%], loss=0.1951, dgw=0.1951, reg=0.0000, time=72.42s.
-- 150/188 [79.8%], loss=0.1870, dgw=0.1870, reg=0.0000, time=65.52s.
-- 175/188 [93.1%], loss=0.1889, dgw=0.1889, reg=0.0000, time=52.24s.
-- 188/188 [100.0%], loss=0.1853, dgw=0.1853, reg=0.0000, time=13.84s.
fit: Epoch 2/15, loss = 0.1940, best loss = 0.1940
results/MUTAG_Jin_Spectral_usl_tsne_fit_2.pdf
-- 25/188 [13.3%], loss=0.1864, dgw=0.1864, reg=0.0000, time=65.15s.
-- 50/188 [26.6%], loss=0.1880, dgw=0.1880, reg=0.0000, time=42.08s.
-- 75/188 [39.9%], loss=0.1836, dgw=0.1836, reg=0.0000, time=48.40s.
-- 100/188 [53.2%], loss=0.1791, dgw=0.1791, reg=0.0000, time=29.56s.
-- 125/188 [66.5%], loss=0.1784, dgw=0.1784, reg=0.0000, time=58.38s.
-- 150/188 [79.8%], loss=0.1729, dgw=0.1729, reg=0.0000, time=34.15s.
-- 175/188 [93.1%], loss=0.1750, dgw=0.1750, reg=0.0000, time=43.61s.
-- 188/188 [100.0%], loss=0.1740, dgw=0.1740, reg=0.0000, time=27.11s.
fit: Epoch 3/15, loss = 0.1800, best loss = 0.1800
results/MUTAG_Jin_Spectral_usl_tsne_fit_3.pdf
-- 25/188 [13.3%], loss=0.1707, dgw=0.1707, reg=0.0000, time=56.41s.
-- 50/188 [26.6%], loss=0.1679, dgw=0.1679, reg=0.0000, time=64.46s.
-- 75/188 [39.9%], loss=0.1786, dgw=0.1786, reg=0.0000, time=69.23s.
-- 100/188 [53.2%], loss=0.1646, dgw=0.1646, reg=0.0000, time=80.99s.
-- 125/188 [66.5%], loss=0.1656, dgw=0.1656, reg=0.0000, time=69.84s.
-- 150/188 [79.8%], loss=0.1617, dgw=0.1617, reg=0.0000, time=60.03s.
-- 175/188 [93.1%], loss=0.1638, dgw=0.1638, reg=0.0000, time=59.90s.
-- 188/188 [100.0%], loss=0.1587, dgw=0.1587, reg=0.0000, time=26.53s.
fit: Epoch 4/15, loss = 0.1669, best loss = 0.1669
results/MUTAG_Jin_Spectral_usl_tsne_fit_4.pdf
-- 25/188 [13.3%], loss=0.1575, dgw=0.1575, reg=0.0000, time=46.29s.
-- 50/188 [26.6%], loss=0.1531, dgw=0.1531, reg=0.0000, time=55.72s.
-- 75/188 [39.9%], loss=0.1634, dgw=0.1634, reg=0.0000, time=65.11s.
-- 100/188 [53.2%], loss=0.1601, dgw=0.1601, reg=0.0000, time=60.17s.
-- 125/188 [66.5%], loss=0.1496, dgw=0.1496, reg=0.0000, time=64.00s.
-- 150/188 [79.8%], loss=0.1556, dgw=0.1556, reg=0.0000, time=57.27s.
-- 175/188 [93.1%], loss=0.1478, dgw=0.1478, reg=0.0000, time=48.00s.
-- 188/188 [100.0%], loss=0.1477, dgw=0.1477, reg=0.0000, time=28.90s.
fit: Epoch 5/15, loss = 0.1548, best loss = 0.1548
results/MUTAG_Jin_Spectral_usl_tsne_fit_5.pdf
-- 25/188 [13.3%], loss=0.1405, dgw=0.1405, reg=0.0000, time=67.22s.
-- 50/188 [26.6%], loss=0.1523, dgw=0.1523, reg=0.0000, time=72.09s.
-- 75/188 [39.9%], loss=0.1452, dgw=0.1452, reg=0.0000, time=58.69s.
-- 100/188 [53.2%], loss=0.1481, dgw=0.1481, reg=0.0000, time=79.81s.
-- 125/188 [66.5%], loss=0.1444, dgw=0.1444, reg=0.0000, time=79.02s.
-- 150/188 [79.8%], loss=0.1416, dgw=0.1416, reg=0.0000, time=57.96s.
-- 175/188 [93.1%], loss=0.1359, dgw=0.1359, reg=0.0000, time=32.24s.
-- 188/188 [100.0%], loss=0.1376, dgw=0.1376, reg=0.0000, time=24.93s.
fit: Epoch 6/15, loss = 0.1435, best loss = 0.1435
results/MUTAG_Jin_Spectral_usl_tsne_fit_6.pdf
-- 25/188 [13.3%], loss=0.1343, dgw=0.1343, reg=0.0000, time=62.89s.
-- 50/188 [26.6%], loss=0.1407, dgw=0.1407, reg=0.0000, time=74.24s.
-- 75/188 [39.9%], loss=0.1317, dgw=0.1317, reg=0.0000, time=65.66s.
-- 100/188 [53.2%], loss=0.1301, dgw=0.1301, reg=0.0000, time=74.75s.
-- 125/188 [66.5%], loss=0.1359, dgw=0.1359, reg=0.0000, time=53.86s.
-- 150/188 [79.8%], loss=0.1279, dgw=0.1279, reg=0.0000, time=61.55s.
-- 175/188 [93.1%], loss=0.1384, dgw=0.1384, reg=0.0000, time=71.00s.
-- 188/188 [100.0%], loss=0.1210, dgw=0.1210, reg=0.0000, time=29.38s.
fit: Epoch 7/15, loss = 0.1332, best loss = 0.1332
results/MUTAG_Jin_Spectral_usl_tsne_fit_7.pdf
-- 25/188 [13.3%], loss=0.1301, dgw=0.1301, reg=0.0000, time=52.81s.
-- 50/188 [26.6%], loss=0.1271, dgw=0.1271, reg=0.0000, time=83.41s.
-- 75/188 [39.9%], loss=0.1267, dgw=0.1267, reg=0.0000, time=70.25s.
-- 100/188 [53.2%], loss=0.1203, dgw=0.1203, reg=0.0000, time=69.85s.
-- 125/188 [66.5%], loss=0.1242, dgw=0.1242, reg=0.0000, time=54.91s.
-- 150/188 [79.8%], loss=0.1237, dgw=0.1237, reg=0.0000, time=54.23s.
-- 175/188 [93.1%], loss=0.1220, dgw=0.1220, reg=0.0000, time=65.29s.
-- 188/188 [100.0%], loss=0.1092, dgw=0.1092, reg=0.0000, time=36.25s.
fit: Epoch 8/15, loss = 0.1238, best loss = 0.1238
results/MUTAG_Jin_Spectral_usl_tsne_fit_8.pdf
-- 25/188 [13.3%], loss=0.1178, dgw=0.1178, reg=0.0000, time=73.37s.
-- 50/188 [26.6%], loss=0.1140, dgw=0.1140, reg=0.0000, time=66.96s.
-- 75/188 [39.9%], loss=0.1151, dgw=0.1151, reg=0.0000, time=54.58s.
-- 100/188 [53.2%], loss=0.1184, dgw=0.1184, reg=0.0000, time=39.41s.
-- 125/188 [66.5%], loss=0.1178, dgw=0.1178, reg=0.0000, time=51.94s.
-- 150/188 [79.8%], loss=0.1160, dgw=0.1160, reg=0.0000, time=57.52s.
-- 175/188 [93.1%], loss=0.1090, dgw=0.1090, reg=0.0000, time=35.27s.
-- 188/188 [100.0%], loss=0.1110, dgw=0.1110, reg=0.0000, time=46.89s.
fit: Epoch 9/15, loss = 0.1151, best loss = 0.1151
results/MUTAG_Jin_Spectral_usl_tsne_fit_9.pdf
-- 25/188 [13.3%], loss=0.1110, dgw=0.1110, reg=0.0000, time=81.30s.
-- 50/188 [26.6%], loss=0.1080, dgw=0.1080, reg=0.0000, time=66.17s.
-- 75/188 [39.9%], loss=0.1119, dgw=0.1119, reg=0.0000, time=51.78s.
-- 100/188 [53.2%], loss=0.1102, dgw=0.1102, reg=0.0000, time=74.35s.
-- 125/188 [66.5%], loss=0.1018, dgw=0.1018, reg=0.0000, time=65.80s.
-- 150/188 [79.8%], loss=0.1088, dgw=0.1088, reg=0.0000, time=47.01s.
-- 175/188 [93.1%], loss=0.1009, dgw=0.1009, reg=0.0000, time=38.28s.
-- 188/188 [100.0%], loss=0.1047, dgw=0.1047, reg=0.0000, time=32.24s.
fit: Epoch 10/15, loss = 0.1073, best loss = 0.1073
results/MUTAG_Jin_Spectral_usl_tsne_fit_10.pdf
-- 25/188 [13.3%], loss=0.1065, dgw=0.1065, reg=0.0000, time=46.63s.
-- 50/188 [26.6%], loss=0.1044, dgw=0.1044, reg=0.0000, time=61.12s.
-- 75/188 [39.9%], loss=0.0981, dgw=0.0981, reg=0.0000, time=68.66s.
-- 100/188 [53.2%], loss=0.0961, dgw=0.0961, reg=0.0000, time=81.72s.
-- 125/188 [66.5%], loss=0.1022, dgw=0.1022, reg=0.0000, time=79.15s.
-- 150/188 [79.8%], loss=0.1001, dgw=0.1001, reg=0.0000, time=70.64s.
-- 175/188 [93.1%], loss=0.0967, dgw=0.0967, reg=0.0000, time=59.13s.
-- 188/188 [100.0%], loss=0.0962, dgw=0.0962, reg=0.0000, time=34.77s.
fit: Epoch 11/15, loss = 0.1003, best loss = 0.1003
results/MUTAG_Jin_Spectral_usl_tsne_fit_11.pdf
-- 25/188 [13.3%], loss=0.0979, dgw=0.0979, reg=0.0000, time=49.04s.
-- 50/188 [26.6%], loss=0.0964, dgw=0.0964, reg=0.0000, time=67.26s.
-- 75/188 [39.9%], loss=0.0926, dgw=0.0926, reg=0.0000, time=60.49s.
-- 100/188 [53.2%], loss=0.0945, dgw=0.0945, reg=0.0000, time=48.21s.
-- 125/188 [66.5%], loss=0.0937, dgw=0.0937, reg=0.0000, time=63.38s.
-- 150/188 [79.8%], loss=0.0909, dgw=0.0909, reg=0.0000, time=71.49s.
-- 175/188 [93.1%], loss=0.0916, dgw=0.0916, reg=0.0000, time=52.79s.
-- 188/188 [100.0%], loss=0.0925, dgw=0.0925, reg=0.0000, time=27.93s.
fit: Epoch 12/15, loss = 0.0938, best loss = 0.0938
results/MUTAG_Jin_Spectral_usl_tsne_fit_12.pdf
-- 25/188 [13.3%], loss=0.0906, dgw=0.0906, reg=0.0000, time=40.31s.
-- 50/188 [26.6%], loss=0.0919, dgw=0.0919, reg=0.0000, time=53.27s.
-- 75/188 [39.9%], loss=0.0870, dgw=0.0870, reg=0.0000, time=65.95s.
-- 100/188 [53.2%], loss=0.0922, dgw=0.0922, reg=0.0000, time=57.37s.
-- 125/188 [66.5%], loss=0.0897, dgw=0.0897, reg=0.0000, time=55.46s.
-- 150/188 [79.8%], loss=0.0840, dgw=0.0840, reg=0.0000, time=69.29s.
-- 175/188 [93.1%], loss=0.0810, dgw=0.0810, reg=0.0000, time=36.87s.
-- 188/188 [100.0%], loss=0.0881, dgw=0.0881, reg=0.0000, time=22.42s.
fit: Epoch 13/15, loss = 0.0881, best loss = 0.0881
results/MUTAG_Jin_Spectral_usl_tsne_fit_13.pdf
-- 25/188 [13.3%], loss=0.0809, dgw=0.0809, reg=0.0000, time=44.44s.
-- 50/188 [26.6%], loss=0.0810, dgw=0.0810, reg=0.0000, time=38.63s.
-- 75/188 [39.9%], loss=0.0871, dgw=0.0871, reg=0.0000, time=42.05s.
-- 100/188 [53.2%], loss=0.0845, dgw=0.0845, reg=0.0000, time=54.55s.
-- 125/188 [66.5%], loss=0.0857, dgw=0.0857, reg=0.0000, time=65.13s.
-- 150/188 [79.8%], loss=0.0765, dgw=0.0765, reg=0.0000, time=50.37s.
-- 175/188 [93.1%], loss=0.0814, dgw=0.0814, reg=0.0000, time=57.87s.
-- 188/188 [100.0%], loss=0.0867, dgw=0.0867, reg=0.0000, time=35.12s.
fit: Epoch 14/15, loss = 0.0827, best loss = 0.0827
results/MUTAG_Jin_Spectral_usl_tsne_fit_14.pdf
-- 25/188 [13.3%], loss=0.0807, dgw=0.0807, reg=0.0000, time=52.74s.
-- 50/188 [26.6%], loss=0.0817, dgw=0.0817, reg=0.0000, time=60.31s.
-- 75/188 [39.9%], loss=0.0756, dgw=0.0756, reg=0.0000, time=82.20s.
-- 100/188 [53.2%], loss=0.0787, dgw=0.0787, reg=0.0000, time=56.71s.
-- 125/188 [66.5%], loss=0.0757, dgw=0.0757, reg=0.0000, time=60.24s.
-- 150/188 [79.8%], loss=0.0740, dgw=0.0740, reg=0.0000, time=59.12s.
-- 175/188 [93.1%], loss=0.0773, dgw=0.0773, reg=0.0000, time=34.01s.
-- 188/188 [100.0%], loss=0.0823, dgw=0.0823, reg=0.0000, time=29.59s.
fit: Epoch 15/15, loss = 0.0780, best loss = 0.0780
results/MUTAG_Jin_Spectral_usl_tsne_fit_15.pdf
Best Acc  : 0.5372340425531915
Rand Score: 0.50011377858687
Done!
