-- 25/188 [13.3%], loss=0.2064, dgw=0.2064, reg=0.0000, time=54.50s.
-- 50/188 [26.6%], loss=0.2068, dgw=0.2068, reg=0.0000, time=48.25s.
-- 75/188 [39.9%], loss=0.2077, dgw=0.2077, reg=0.0000, time=48.09s.
-- 100/188 [53.2%], loss=0.2078, dgw=0.2078, reg=0.0000, time=65.40s.
-- 125/188 [66.5%], loss=0.2016, dgw=0.2016, reg=0.0000, time=72.23s.
-- 150/188 [79.8%], loss=0.2043, dgw=0.2043, reg=0.0000, time=64.12s.
-- 175/188 [93.1%], loss=0.2064, dgw=0.2064, reg=0.0000, time=67.96s.
-- 188/188 [100.0%], loss=0.2038, dgw=0.2038, reg=0.0000, time=37.21s.
fit: Epoch 1/15, loss = 0.2057, best loss = 0.2057
results/MUTAG_Jin_Spectral_usl_tsne_fit_1.pdf
-- 25/188 [13.3%], loss=0.1944, dgw=0.1944, reg=0.0000, time=58.45s.
-- 50/188 [26.6%], loss=0.1971, dgw=0.1971, reg=0.0000, time=67.69s.
-- 75/188 [39.9%], loss=0.1866, dgw=0.1866, reg=0.0000, time=75.07s.
-- 100/188 [53.2%], loss=0.1897, dgw=0.1897, reg=0.0000, time=54.21s.
-- 125/188 [66.5%], loss=0.1917, dgw=0.1917, reg=0.0000, time=65.11s.
-- 150/188 [79.8%], loss=0.1918, dgw=0.1918, reg=0.0000, time=76.98s.
-- 175/188 [93.1%], loss=0.1860, dgw=0.1860, reg=0.0000, time=68.02s.
-- 188/188 [100.0%], loss=0.1896, dgw=0.1896, reg=0.0000, time=39.06s.
fit: Epoch 2/15, loss = 0.1909, best loss = 0.1909
results/MUTAG_Jin_Spectral_usl_tsne_fit_2.pdf
-- 25/188 [13.3%], loss=0.1743, dgw=0.1743, reg=0.0000, time=68.09s.
-- 50/188 [26.6%], loss=0.1889, dgw=0.1889, reg=0.0000, time=53.25s.
-- 75/188 [39.9%], loss=0.1789, dgw=0.1789, reg=0.0000, time=69.85s.
-- 100/188 [53.2%], loss=0.1777, dgw=0.1777, reg=0.0000, time=69.85s.
-- 125/188 [66.5%], loss=0.1737, dgw=0.1737, reg=0.0000, time=65.14s.
-- 150/188 [79.8%], loss=0.1742, dgw=0.1742, reg=0.0000, time=73.60s.
-- 175/188 [93.1%], loss=0.1792, dgw=0.1792, reg=0.0000, time=42.77s.
-- 188/188 [100.0%], loss=0.1633, dgw=0.1633, reg=0.0000, time=30.97s.
fit: Epoch 3/15, loss = 0.1771, best loss = 0.1771
results/MUTAG_Jin_Spectral_usl_tsne_fit_3.pdf
-- 25/188 [13.3%], loss=0.1790, dgw=0.1790, reg=0.0000, time=28.69s.
-- 50/188 [26.6%], loss=0.1727, dgw=0.1727, reg=0.0000, time=48.37s.
-- 75/188 [39.9%], loss=0.1710, dgw=0.1710, reg=0.0000, time=63.87s.
-- 100/188 [53.2%], loss=0.1579, dgw=0.1579, reg=0.0000, time=55.25s.
-- 125/188 [66.5%], loss=0.1609, dgw=0.1609, reg=0.0000, time=73.36s.
-- 150/188 [79.8%], loss=0.1647, dgw=0.1647, reg=0.0000, time=63.10s.
-- 175/188 [93.1%], loss=0.1533, dgw=0.1533, reg=0.0000, time=39.09s.
-- 188/188 [100.0%], loss=0.1444, dgw=0.1444, reg=0.0000, time=32.17s.
fit: Epoch 4/15, loss = 0.1642, best loss = 0.1642
results/MUTAG_Jin_Spectral_usl_tsne_fit_4.pdf
-- 25/188 [13.3%], loss=0.1534, dgw=0.1534, reg=0.0000, time=46.14s.
-- 50/188 [26.6%], loss=0.1455, dgw=0.1455, reg=0.0000, time=46.98s.
-- 75/188 [39.9%], loss=0.1586, dgw=0.1586, reg=0.0000, time=79.53s.
-- 100/188 [53.2%], loss=0.1512, dgw=0.1512, reg=0.0000, time=63.48s.
-- 125/188 [66.5%], loss=0.1474, dgw=0.1474, reg=0.0000, time=62.46s.
-- 150/188 [79.8%], loss=0.1539, dgw=0.1539, reg=0.0000, time=47.92s.
-- 175/188 [93.1%], loss=0.1540, dgw=0.1540, reg=0.0000, time=69.45s.
-- 188/188 [100.0%], loss=0.1508, dgw=0.1508, reg=0.0000, time=31.04s.
fit: Epoch 5/15, loss = 0.1519, best loss = 0.1519
results/MUTAG_Jin_Spectral_usl_tsne_fit_5.pdf
-- 25/188 [13.3%], loss=0.1464, dgw=0.1464, reg=0.0000, time=73.24s.
-- 50/188 [26.6%], loss=0.1389, dgw=0.1389, reg=0.0000, time=81.93s.
-- 75/188 [39.9%], loss=0.1475, dgw=0.1475, reg=0.0000, time=77.78s.
-- 100/188 [53.2%], loss=0.1380, dgw=0.1380, reg=0.0000, time=59.21s.
-- 125/188 [66.5%], loss=0.1402, dgw=0.1402, reg=0.0000, time=49.33s.
-- 150/188 [79.8%], loss=0.1421, dgw=0.1421, reg=0.0000, time=75.19s.
-- 175/188 [93.1%], loss=0.1354, dgw=0.1354, reg=0.0000, time=53.33s.
-- 188/188 [100.0%], loss=0.1344, dgw=0.1344, reg=0.0000, time=40.98s.
fit: Epoch 6/15, loss = 0.1407, best loss = 0.1407
results/MUTAG_Jin_Spectral_usl_tsne_fit_6.pdf
-- 25/188 [13.3%], loss=0.1405, dgw=0.1405, reg=0.0000, time=77.65s.
-- 50/188 [26.6%], loss=0.1347, dgw=0.1347, reg=0.0000, time=79.37s.
-- 75/188 [39.9%], loss=0.1262, dgw=0.1262, reg=0.0000, time=53.91s.
-- 100/188 [53.2%], loss=0.1255, dgw=0.1255, reg=0.0000, time=58.46s.
-- 125/188 [66.5%], loss=0.1323, dgw=0.1323, reg=0.0000, time=60.08s.
-- 150/188 [79.8%], loss=0.1228, dgw=0.1228, reg=0.0000, time=61.69s.
-- 175/188 [93.1%], loss=0.1298, dgw=0.1298, reg=0.0000, time=70.02s.
-- 188/188 [100.0%], loss=0.1327, dgw=0.1327, reg=0.0000, time=41.83s.
fit: Epoch 7/15, loss = 0.1304, best loss = 0.1304
results/MUTAG_Jin_Spectral_usl_tsne_fit_7.pdf
-- 25/188 [13.3%], loss=0.1295, dgw=0.1295, reg=0.0000, time=62.79s.
-- 50/188 [26.6%], loss=0.1294, dgw=0.1294, reg=0.0000, time=68.57s.
-- 75/188 [39.9%], loss=0.1132, dgw=0.1132, reg=0.0000, time=62.67s.
-- 100/188 [53.2%], loss=0.1206, dgw=0.1206, reg=0.0000, time=64.76s.
-- 125/188 [66.5%], loss=0.1220, dgw=0.1220, reg=0.0000, time=70.57s.
-- 150/188 [79.8%], loss=0.1111, dgw=0.1111, reg=0.0000, time=50.01s.
-- 175/188 [93.1%], loss=0.1205, dgw=0.1205, reg=0.0000, time=77.25s.
-- 188/188 [100.0%], loss=0.1227, dgw=0.1227, reg=0.0000, time=37.43s.
fit: Epoch 8/15, loss = 0.1210, best loss = 0.1210
results/MUTAG_Jin_Spectral_usl_tsne_fit_8.pdf
-- 25/188 [13.3%], loss=0.1180, dgw=0.1180, reg=0.0000, time=63.01s.
-- 50/188 [26.6%], loss=0.1145, dgw=0.1145, reg=0.0000, time=55.71s.
-- 75/188 [39.9%], loss=0.1073, dgw=0.1073, reg=0.0000, time=67.67s.
-- 100/188 [53.2%], loss=0.1090, dgw=0.1090, reg=0.0000, time=66.53s.
-- 125/188 [66.5%], loss=0.1180, dgw=0.1180, reg=0.0000, time=89.10s.
-- 150/188 [79.8%], loss=0.1140, dgw=0.1140, reg=0.0000, time=40.76s.
-- 175/188 [93.1%], loss=0.1096, dgw=0.1096, reg=0.0000, time=51.43s.
-- 188/188 [100.0%], loss=0.1064, dgw=0.1064, reg=0.0000, time=42.73s.
fit: Epoch 9/15, loss = 0.1125, best loss = 0.1125
results/MUTAG_Jin_Spectral_usl_tsne_fit_9.pdf
-- 25/188 [13.3%], loss=0.1083, dgw=0.1083, reg=0.0000, time=47.97s.
-- 50/188 [26.6%], loss=0.1087, dgw=0.1087, reg=0.0000, time=61.82s.
-- 75/188 [39.9%], loss=0.1122, dgw=0.1122, reg=0.0000, time=58.42s.
-- 100/188 [53.2%], loss=0.0985, dgw=0.0985, reg=0.0000, time=62.96s.
-- 125/188 [66.5%], loss=0.0992, dgw=0.0992, reg=0.0000, time=71.36s.
-- 150/188 [79.8%], loss=0.1043, dgw=0.1043, reg=0.0000, time=58.75s.
-- 175/188 [93.1%], loss=0.1031, dgw=0.1031, reg=0.0000, time=63.66s.
-- 188/188 [100.0%], loss=0.1033, dgw=0.1033, reg=0.0000, time=35.80s.
fit: Epoch 10/15, loss = 0.1048, best loss = 0.1048
results/MUTAG_Jin_Spectral_usl_tsne_fit_10.pdf
-- 25/188 [13.3%], loss=0.1067, dgw=0.1067, reg=0.0000, time=60.64s.
-- 50/188 [26.6%], loss=0.1015, dgw=0.1015, reg=0.0000, time=72.97s.
-- 75/188 [39.9%], loss=0.1017, dgw=0.1017, reg=0.0000, time=62.55s.
-- 100/188 [53.2%], loss=0.1016, dgw=0.1016, reg=0.0000, time=60.75s.
-- 125/188 [66.5%], loss=0.0927, dgw=0.0927, reg=0.0000, time=57.48s.
-- 150/188 [79.8%], loss=0.0937, dgw=0.0937, reg=0.0000, time=79.50s.
-- 175/188 [93.1%], loss=0.0946, dgw=0.0946, reg=0.0000, time=70.22s.
-- 188/188 [100.0%], loss=0.0825, dgw=0.0825, reg=0.0000, time=19.17s.
fit: Epoch 11/15, loss = 0.0978, best loss = 0.0978
results/MUTAG_Jin_Spectral_usl_tsne_fit_11.pdf
-- 25/188 [13.3%], loss=0.0912, dgw=0.0912, reg=0.0000, time=59.00s.
-- 50/188 [26.6%], loss=0.0886, dgw=0.0886, reg=0.0000, time=36.36s.
-- 75/188 [39.9%], loss=0.0898, dgw=0.0898, reg=0.0000, time=57.68s.
-- 100/188 [53.2%], loss=0.0890, dgw=0.0890, reg=0.0000, time=75.74s.
-- 125/188 [66.5%], loss=0.0911, dgw=0.0911, reg=0.0000, time=44.84s.
-- 150/188 [79.8%], loss=0.0916, dgw=0.0916, reg=0.0000, time=55.13s.
-- 175/188 [93.1%], loss=0.0942, dgw=0.0942, reg=0.0000, time=72.03s.
-- 188/188 [100.0%], loss=0.1009, dgw=0.1009, reg=0.0000, time=39.66s.
fit: Epoch 12/15, loss = 0.0915, best loss = 0.0915
results/MUTAG_Jin_Spectral_usl_tsne_fit_12.pdf
-- 25/188 [13.3%], loss=0.0901, dgw=0.0901, reg=0.0000, time=56.79s.
-- 50/188 [26.6%], loss=0.0896, dgw=0.0896, reg=0.0000, time=47.86s.
-- 75/188 [39.9%], loss=0.0808, dgw=0.0808, reg=0.0000, time=68.28s.
-- 100/188 [53.2%], loss=0.0793, dgw=0.0793, reg=0.0000, time=58.67s.
-- 125/188 [66.5%], loss=0.0877, dgw=0.0877, reg=0.0000, time=52.81s.
-- 150/188 [79.8%], loss=0.0861, dgw=0.0861, reg=0.0000, time=78.43s.
-- 175/188 [93.1%], loss=0.0889, dgw=0.0889, reg=0.0000, time=59.35s.
-- 188/188 [100.0%], loss=0.0822, dgw=0.0822, reg=0.0000, time=12.07s.
fit: Epoch 13/15, loss = 0.0858, best loss = 0.0858
results/MUTAG_Jin_Spectral_usl_tsne_fit_13.pdf
-- 25/188 [13.3%], loss=0.0852, dgw=0.0852, reg=0.0000, time=61.98s.
-- 50/188 [26.6%], loss=0.0865, dgw=0.0865, reg=0.0000, time=55.57s.
-- 75/188 [39.9%], loss=0.0855, dgw=0.0855, reg=0.0000, time=67.59s.
-- 100/188 [53.2%], loss=0.0782, dgw=0.0782, reg=0.0000, time=44.95s.
-- 125/188 [66.5%], loss=0.0766, dgw=0.0766, reg=0.0000, time=54.36s.
-- 150/188 [79.8%], loss=0.0810, dgw=0.0810, reg=0.0000, time=69.85s.
-- 175/188 [93.1%], loss=0.0764, dgw=0.0764, reg=0.0000, time=63.96s.
-- 188/188 [100.0%], loss=0.0719, dgw=0.0719, reg=0.0000, time=22.93s.
fit: Epoch 14/15, loss = 0.0807, best loss = 0.0807
results/MUTAG_Jin_Spectral_usl_tsne_fit_14.pdf
-- 25/188 [13.3%], loss=0.0775, dgw=0.0775, reg=0.0000, time=54.40s.
-- 50/188 [26.6%], loss=0.0737, dgw=0.0737, reg=0.0000, time=60.25s.
-- 75/188 [39.9%], loss=0.0740, dgw=0.0740, reg=0.0000, time=56.03s.
-- 100/188 [53.2%], loss=0.0799, dgw=0.0799, reg=0.0000, time=41.50s.
-- 125/188 [66.5%], loss=0.0777, dgw=0.0777, reg=0.0000, time=47.82s.
-- 150/188 [79.8%], loss=0.0776, dgw=0.0776, reg=0.0000, time=61.49s.
-- 175/188 [93.1%], loss=0.0731, dgw=0.0731, reg=0.0000, time=51.99s.
-- 188/188 [100.0%], loss=0.0725, dgw=0.0725, reg=0.0000, time=30.00s.
fit: Epoch 15/15, loss = 0.0760, best loss = 0.0760
results/MUTAG_Jin_Spectral_usl_tsne_fit_15.pdf
Best Acc  : 0.5053191489361701
Rand Score: 0.49738309250199114
Done!
