MORE THAN 2 CLASSES!
-- 25/592 [4.2%], loss=0.2716, dgw=0.2716, reg=0.0000, time=29.60s.
-- 50/592 [8.4%], loss=0.2682, dgw=0.2682, reg=0.0000, time=27.54s.
-- 75/592 [12.7%], loss=0.2676, dgw=0.2676, reg=0.0000, time=18.08s.
-- 100/592 [16.9%], loss=0.2623, dgw=0.2623, reg=0.0000, time=25.19s.
-- 125/592 [21.1%], loss=0.2621, dgw=0.2621, reg=0.0000, time=19.26s.
-- 150/592 [25.3%], loss=0.2572, dgw=0.2572, reg=0.0000, time=26.01s.
-- 175/592 [29.6%], loss=0.2576, dgw=0.2576, reg=0.0000, time=38.72s.
-- 200/592 [33.8%], loss=0.2566, dgw=0.2566, reg=0.0000, time=54.19s.
-- 225/592 [38.0%], loss=0.2514, dgw=0.2514, reg=0.0000, time=40.03s.
-- 250/592 [42.2%], loss=0.2530, dgw=0.2530, reg=0.0000, time=46.89s.
-- 275/592 [46.5%], loss=0.2516, dgw=0.2516, reg=0.0000, time=35.31s.
-- 300/592 [50.7%], loss=0.2472, dgw=0.2472, reg=0.0000, time=33.27s.
-- 325/592 [54.9%], loss=0.2462, dgw=0.2462, reg=0.0000, time=52.81s.
-- 350/592 [59.1%], loss=0.2465, dgw=0.2465, reg=0.0000, time=61.53s.
-- 375/592 [63.3%], loss=0.2435, dgw=0.2435, reg=0.0000, time=57.48s.
-- 400/592 [67.6%], loss=0.2419, dgw=0.2419, reg=0.0000, time=43.47s.
-- 425/592 [71.8%], loss=0.2449, dgw=0.2449, reg=0.0000, time=50.69s.
-- 450/592 [76.0%], loss=0.2397, dgw=0.2397, reg=0.0000, time=58.38s.
-- 475/592 [80.2%], loss=0.2345, dgw=0.2345, reg=0.0000, time=45.38s.
-- 500/592 [84.5%], loss=0.2371, dgw=0.2371, reg=0.0000, time=52.29s.
-- 525/592 [88.7%], loss=0.2338, dgw=0.2338, reg=0.0000, time=54.97s.
-- 550/592 [92.9%], loss=0.2336, dgw=0.2336, reg=0.0000, time=48.23s.
-- 575/592 [97.1%], loss=0.2323, dgw=0.2323, reg=0.0000, time=50.48s.
-- 592/592 [100.0%], loss=0.2283, dgw=0.2283, reg=0.0000, time=48.45s.
fit: Epoch 1/15, loss = 0.2490, best loss = 0.2490
results/ENZYMES_Original_usl_tsne_fit_1.pdf
-- 25/592 [4.2%], loss=0.2298, dgw=0.2298, reg=0.0000, time=42.15s.
-- 50/592 [8.4%], loss=0.2256, dgw=0.2256, reg=0.0000, time=44.97s.
-- 75/592 [12.7%], loss=0.2226, dgw=0.2226, reg=0.0000, time=78.99s.
-- 100/592 [16.9%], loss=0.2230, dgw=0.2230, reg=0.0000, time=45.91s.
-- 125/592 [21.1%], loss=0.2214, dgw=0.2214, reg=0.0000, time=42.24s.
-- 150/592 [25.3%], loss=0.2187, dgw=0.2187, reg=0.0000, time=47.97s.
-- 175/592 [29.6%], loss=0.2205, dgw=0.2205, reg=0.0000, time=52.94s.
-- 200/592 [33.8%], loss=0.2163, dgw=0.2163, reg=0.0000, time=38.83s.
-- 225/592 [38.0%], loss=0.2154, dgw=0.2154, reg=0.0000, time=66.43s.
-- 250/592 [42.2%], loss=0.2141, dgw=0.2141, reg=0.0000, time=43.38s.
-- 275/592 [46.5%], loss=0.2123, dgw=0.2123, reg=0.0000, time=49.65s.
-- 300/592 [50.7%], loss=0.2112, dgw=0.2112, reg=0.0000, time=56.89s.
-- 325/592 [54.9%], loss=0.2096, dgw=0.2096, reg=0.0000, time=41.23s.
-- 350/592 [59.1%], loss=0.2108, dgw=0.2108, reg=0.0000, time=59.98s.
-- 375/592 [63.3%], loss=0.2123, dgw=0.2123, reg=0.0000, time=46.84s.
-- 400/592 [67.6%], loss=0.2072, dgw=0.2072, reg=0.0000, time=48.15s.
-- 425/592 [71.8%], loss=0.2052, dgw=0.2052, reg=0.0000, time=58.35s.
-- 450/592 [76.0%], loss=0.2110, dgw=0.2110, reg=0.0000, time=55.27s.
-- 475/592 [80.2%], loss=0.2179, dgw=0.2179, reg=0.0000, time=69.58s.
-- 500/592 [84.5%], loss=0.2240, dgw=0.2240, reg=0.0000, time=61.00s.
-- 525/592 [88.7%], loss=0.2367, dgw=0.2367, reg=0.0000, time=72.29s.
-- 550/592 [92.9%], loss=0.2343, dgw=0.2343, reg=0.0000, time=47.55s.
-- 575/592 [97.1%], loss=0.2743, dgw=0.2743, reg=0.0000, time=36.83s.
-- 592/592 [100.0%], loss=0.2481, dgw=0.2481, reg=0.0000, time=30.77s.
fit: Epoch 2/15, loss = 0.2214, best loss = 0.2214
results/ENZYMES_Original_usl_tsne_fit_2.pdf
-- 25/592 [4.2%], loss=0.3251, dgw=0.3251, reg=0.0000, time=51.18s.
-- 50/592 [8.4%], loss=0.3493, dgw=0.3493, reg=0.0000, time=55.23s.
-- 75/592 [12.7%], loss=0.2693, dgw=0.2693, reg=0.0000, time=43.80s.
-- 100/592 [16.9%], loss=0.2414, dgw=0.2414, reg=0.0000, time=44.06s.
-- 125/592 [21.1%], loss=0.1985, dgw=0.1985, reg=0.0000, time=30.95s.
-- 150/592 [25.3%], loss=0.1891, dgw=0.1891, reg=0.0000, time=37.64s.
-- 175/592 [29.6%], loss=0.1867, dgw=0.1867, reg=0.0000, time=36.29s.
-- 200/592 [33.8%], loss=0.1920, dgw=0.1920, reg=0.0000, time=45.49s.
-- 225/592 [38.0%], loss=0.1860, dgw=0.1860, reg=0.0000, time=36.87s.
-- 250/592 [42.2%], loss=0.1865, dgw=0.1865, reg=0.0000, time=59.56s.
-- 275/592 [46.5%], loss=0.1812, dgw=0.1812, reg=0.0000, time=59.61s.
-- 300/592 [50.7%], loss=0.1862, dgw=0.1862, reg=0.0000, time=40.67s.
-- 325/592 [54.9%], loss=0.1873, dgw=0.1873, reg=0.0000, time=60.45s.
-- 350/592 [59.1%], loss=0.1786, dgw=0.1786, reg=0.0000, time=62.92s.
-- 375/592 [63.3%], loss=0.1762, dgw=0.1762, reg=0.0000, time=50.32s.
-- 400/592 [67.6%], loss=0.1771, dgw=0.1771, reg=0.0000, time=44.20s.
-- 425/592 [71.8%], loss=0.1789, dgw=0.1789, reg=0.0000, time=46.58s.
-- 450/592 [76.0%], loss=0.1731, dgw=0.1731, reg=0.0000, time=43.29s.
-- 475/592 [80.2%], loss=0.1746, dgw=0.1746, reg=0.0000, time=39.98s.
-- 500/592 [84.5%], loss=0.1758, dgw=0.1758, reg=0.0000, time=41.83s.
-- 525/592 [88.7%], loss=0.1728, dgw=0.1728, reg=0.0000, time=45.79s.
-- 550/592 [92.9%], loss=0.1756, dgw=0.1756, reg=0.0000, time=39.86s.
-- 575/592 [97.1%], loss=0.1671, dgw=0.1671, reg=0.0000, time=37.53s.
-- 592/592 [100.0%], loss=0.1665, dgw=0.1665, reg=0.0000, time=25.78s.
fit: Epoch 3/15, loss = 0.2002, best loss = 0.2002
results/ENZYMES_Original_usl_tsne_fit_3.pdf
-- 25/592 [4.2%], loss=0.1711, dgw=0.1711, reg=0.0000, time=47.49s.
-- 50/592 [8.4%], loss=0.1686, dgw=0.1686, reg=0.0000, time=62.72s.
-- 75/592 [12.7%], loss=0.1615, dgw=0.1615, reg=0.0000, time=35.56s.
-- 100/592 [16.9%], loss=0.1646, dgw=0.1646, reg=0.0000, time=67.54s.
-- 125/592 [21.1%], loss=0.1690, dgw=0.1690, reg=0.0000, time=48.32s.
-- 150/592 [25.3%], loss=0.1636, dgw=0.1636, reg=0.0000, time=52.14s.
-- 175/592 [29.6%], loss=0.1619, dgw=0.1619, reg=0.0000, time=41.01s.
-- 200/592 [33.8%], loss=0.1628, dgw=0.1628, reg=0.0000, time=41.83s.
-- 225/592 [38.0%], loss=0.1662, dgw=0.1662, reg=0.0000, time=30.33s.
-- 250/592 [42.2%], loss=0.1642, dgw=0.1642, reg=0.0000, time=41.40s.
-- 275/592 [46.5%], loss=0.1611, dgw=0.1611, reg=0.0000, time=49.41s.
-- 300/592 [50.7%], loss=0.1585, dgw=0.1585, reg=0.0000, time=51.92s.
-- 325/592 [54.9%], loss=0.1554, dgw=0.1554, reg=0.0000, time=62.44s.
-- 350/592 [59.1%], loss=0.1573, dgw=0.1573, reg=0.0000, time=48.71s.
-- 375/592 [63.3%], loss=0.1600, dgw=0.1600, reg=0.0000, time=52.81s.
-- 400/592 [67.6%], loss=0.1561, dgw=0.1561, reg=0.0000, time=64.65s.
-- 425/592 [71.8%], loss=0.1519, dgw=0.1519, reg=0.0000, time=38.32s.
-- 450/592 [76.0%], loss=0.1575, dgw=0.1575, reg=0.0000, time=48.94s.
-- 475/592 [80.2%], loss=0.1581, dgw=0.1581, reg=0.0000, time=46.85s.
-- 500/592 [84.5%], loss=0.1522, dgw=0.1522, reg=0.0000, time=54.43s.
-- 525/592 [88.7%], loss=0.1538, dgw=0.1538, reg=0.0000, time=44.28s.
-- 550/592 [92.9%], loss=0.1495, dgw=0.1495, reg=0.0000, time=50.74s.
-- 575/592 [97.1%], loss=0.1488, dgw=0.1488, reg=0.0000, time=70.60s.
-- 592/592 [100.0%], loss=0.1455, dgw=0.1455, reg=0.0000, time=45.88s.
fit: Epoch 4/15, loss = 0.1593, best loss = 0.1593
results/ENZYMES_Original_usl_tsne_fit_4.pdf
-- 25/592 [4.2%], loss=0.1450, dgw=0.1450, reg=0.0000, time=48.73s.
-- 50/592 [8.4%], loss=0.1519, dgw=0.1519, reg=0.0000, time=38.17s.
-- 75/592 [12.7%], loss=0.1426, dgw=0.1426, reg=0.0000, time=33.17s.
-- 100/592 [16.9%], loss=0.1457, dgw=0.1457, reg=0.0000, time=22.32s.
-- 125/592 [21.1%], loss=0.1516, dgw=0.1516, reg=0.0000, time=30.75s.
-- 150/592 [25.3%], loss=0.1417, dgw=0.1417, reg=0.0000, time=51.20s.
-- 175/592 [29.6%], loss=0.1473, dgw=0.1473, reg=0.0000, time=66.75s.
-- 200/592 [33.8%], loss=0.1469, dgw=0.1469, reg=0.0000, time=45.64s.
-- 225/592 [38.0%], loss=0.1498, dgw=0.1498, reg=0.0000, time=44.83s.
-- 250/592 [42.2%], loss=0.1406, dgw=0.1406, reg=0.0000, time=40.67s.
-- 275/592 [46.5%], loss=0.1384, dgw=0.1384, reg=0.0000, time=43.55s.
-- 300/592 [50.7%], loss=0.1391, dgw=0.1391, reg=0.0000, time=46.79s.
-- 325/592 [54.9%], loss=0.1407, dgw=0.1407, reg=0.0000, time=51.75s.
-- 350/592 [59.1%], loss=0.1417, dgw=0.1417, reg=0.0000, time=48.06s.
-- 375/592 [63.3%], loss=0.1456, dgw=0.1456, reg=0.0000, time=57.51s.
-- 400/592 [67.6%], loss=0.1426, dgw=0.1426, reg=0.0000, time=52.50s.
-- 425/592 [71.8%], loss=0.1454, dgw=0.1454, reg=0.0000, time=37.97s.
-- 450/592 [76.0%], loss=0.1460, dgw=0.1460, reg=0.0000, time=60.58s.
-- 475/592 [80.2%], loss=0.1407, dgw=0.1407, reg=0.0000, time=37.85s.
-- 500/592 [84.5%], loss=0.1339, dgw=0.1339, reg=0.0000, time=46.45s.
-- 525/592 [88.7%], loss=0.1361, dgw=0.1361, reg=0.0000, time=22.53s.
-- 550/592 [92.9%], loss=0.1338, dgw=0.1338, reg=0.0000, time=41.64s.
-- 575/592 [97.1%], loss=0.1354, dgw=0.1354, reg=0.0000, time=32.11s.
-- 592/592 [100.0%], loss=0.1269, dgw=0.1269, reg=0.0000, time=40.31s.
fit: Epoch 5/15, loss = 0.1423, best loss = 0.1423
results/ENZYMES_Original_usl_tsne_fit_5.pdf
-- 25/592 [4.2%], loss=0.1356, dgw=0.1356, reg=0.0000, time=30.17s.
-- 50/592 [8.4%], loss=0.1313, dgw=0.1313, reg=0.0000, time=49.56s.
-- 75/592 [12.7%], loss=0.1273, dgw=0.1273, reg=0.0000, time=55.26s.
-- 100/592 [16.9%], loss=0.1329, dgw=0.1329, reg=0.0000, time=49.67s.
-- 125/592 [21.1%], loss=0.1289, dgw=0.1289, reg=0.0000, time=39.10s.
-- 150/592 [25.3%], loss=0.1270, dgw=0.1270, reg=0.0000, time=49.55s.
-- 175/592 [29.6%], loss=0.1359, dgw=0.1359, reg=0.0000, time=43.07s.
-- 200/592 [33.8%], loss=0.1300, dgw=0.1300, reg=0.0000, time=45.02s.
-- 225/592 [38.0%], loss=0.1461, dgw=0.1461, reg=0.0000, time=44.17s.
-- 250/592 [42.2%], loss=0.1290, dgw=0.1290, reg=0.0000, time=59.24s.
-- 275/592 [46.5%], loss=0.1347, dgw=0.1347, reg=0.0000, time=49.43s.
-- 300/592 [50.7%], loss=0.1301, dgw=0.1301, reg=0.0000, time=46.58s.
-- 325/592 [54.9%], loss=0.1236, dgw=0.1236, reg=0.0000, time=28.81s.
-- 350/592 [59.1%], loss=0.1208, dgw=0.1208, reg=0.0000, time=46.90s.
-- 375/592 [63.3%], loss=0.1279, dgw=0.1279, reg=0.0000, time=48.75s.
-- 400/592 [67.6%], loss=0.1191, dgw=0.1191, reg=0.0000, time=45.29s.
-- 425/592 [71.8%], loss=0.1398, dgw=0.1398, reg=0.0000, time=47.54s.
-- 450/592 [76.0%], loss=0.1327, dgw=0.1327, reg=0.0000, time=30.65s.
-- 475/592 [80.2%], loss=0.1222, dgw=0.1222, reg=0.0000, time=43.87s.
-- 500/592 [84.5%], loss=0.1227, dgw=0.1227, reg=0.0000, time=51.19s.
-- 525/592 [88.7%], loss=0.1228, dgw=0.1228, reg=0.0000, time=39.10s.
-- 550/592 [92.9%], loss=0.1219, dgw=0.1219, reg=0.0000, time=44.57s.
-- 575/592 [97.1%], loss=0.1283, dgw=0.1283, reg=0.0000, time=46.34s.
-- 592/592 [100.0%], loss=0.1348, dgw=0.1348, reg=0.0000, time=35.47s.
fit: Epoch 6/15, loss = 0.1293, best loss = 0.1293
results/ENZYMES_Original_usl_tsne_fit_6.pdf
-- 25/592 [4.2%], loss=0.1246, dgw=0.1246, reg=0.0000, time=48.72s.
-- 50/592 [8.4%], loss=0.1305, dgw=0.1305, reg=0.0000, time=29.62s.
-- 75/592 [12.7%], loss=0.1193, dgw=0.1193, reg=0.0000, time=45.44s.
-- 100/592 [16.9%], loss=0.1182, dgw=0.1182, reg=0.0000, time=42.06s.
-- 125/592 [21.1%], loss=0.1182, dgw=0.1182, reg=0.0000, time=54.42s.
-- 150/592 [25.3%], loss=0.1135, dgw=0.1135, reg=0.0000, time=39.36s.
-- 175/592 [29.6%], loss=0.1189, dgw=0.1189, reg=0.0000, time=43.73s.
-- 200/592 [33.8%], loss=0.1185, dgw=0.1185, reg=0.0000, time=33.76s.
-- 225/592 [38.0%], loss=0.1336, dgw=0.1336, reg=0.0000, time=38.25s.
-- 250/592 [42.2%], loss=0.1218, dgw=0.1218, reg=0.0000, time=37.79s.
-- 275/592 [46.5%], loss=0.1124, dgw=0.1124, reg=0.0000, time=53.00s.
-- 300/592 [50.7%], loss=0.1198, dgw=0.1198, reg=0.0000, time=40.40s.
-- 325/592 [54.9%], loss=0.1160, dgw=0.1160, reg=0.0000, time=60.56s.
-- 350/592 [59.1%], loss=0.1317, dgw=0.1317, reg=0.0000, time=43.43s.
-- 375/592 [63.3%], loss=0.1168, dgw=0.1168, reg=0.0000, time=38.28s.
-- 400/592 [67.6%], loss=0.1202, dgw=0.1202, reg=0.0000, time=46.03s.
-- 425/592 [71.8%], loss=0.1246, dgw=0.1246, reg=0.0000, time=25.15s.
-- 450/592 [76.0%], loss=0.1298, dgw=0.1298, reg=0.0000, time=33.38s.
-- 475/592 [80.2%], loss=0.1169, dgw=0.1169, reg=0.0000, time=40.97s.
-- 500/592 [84.5%], loss=0.1148, dgw=0.1148, reg=0.0000, time=35.16s.
-- 525/592 [88.7%], loss=0.1066, dgw=0.1066, reg=0.0000, time=46.94s.
-- 550/592 [92.9%], loss=0.1124, dgw=0.1124, reg=0.0000, time=46.49s.
-- 575/592 [97.1%], loss=0.1126, dgw=0.1126, reg=0.0000, time=47.64s.
-- 592/592 [100.0%], loss=0.1168, dgw=0.1168, reg=0.0000, time=23.40s.
fit: Epoch 7/15, loss = 0.1196, best loss = 0.1196
results/ENZYMES_Original_usl_tsne_fit_7.pdf
-- 25/592 [4.2%], loss=0.1128, dgw=0.1128, reg=0.0000, time=40.58s.
-- 50/592 [8.4%], loss=0.1117, dgw=0.1117, reg=0.0000, time=36.48s.
-- 75/592 [12.7%], loss=0.1146, dgw=0.1146, reg=0.0000, time=40.48s.
-- 100/592 [16.9%], loss=0.1140, dgw=0.1140, reg=0.0000, time=37.70s.
-- 125/592 [21.1%], loss=0.1201, dgw=0.1201, reg=0.0000, time=36.98s.
-- 150/592 [25.3%], loss=0.1206, dgw=0.1206, reg=0.0000, time=46.16s.
-- 175/592 [29.6%], loss=0.1153, dgw=0.1153, reg=0.0000, time=52.32s.
-- 200/592 [33.8%], loss=0.1102, dgw=0.1102, reg=0.0000, time=41.17s.
-- 225/592 [38.0%], loss=0.1072, dgw=0.1072, reg=0.0000, time=29.62s.
-- 250/592 [42.2%], loss=0.1062, dgw=0.1062, reg=0.0000, time=21.69s.
-- 275/592 [46.5%], loss=0.1018, dgw=0.1018, reg=0.0000, time=41.62s.
-- 300/592 [50.7%], loss=0.1119, dgw=0.1119, reg=0.0000, time=43.16s.
-- 325/592 [54.9%], loss=0.1168, dgw=0.1168, reg=0.0000, time=37.02s.
-- 350/592 [59.1%], loss=0.1064, dgw=0.1064, reg=0.0000, time=49.29s.
-- 375/592 [63.3%], loss=0.1084, dgw=0.1084, reg=0.0000, time=45.40s.
-- 400/592 [67.6%], loss=0.1014, dgw=0.1014, reg=0.0000, time=50.66s.
-- 425/592 [71.8%], loss=0.1159, dgw=0.1159, reg=0.0000, time=49.24s.
-- 450/592 [76.0%], loss=0.1077, dgw=0.1077, reg=0.0000, time=42.11s.
-- 475/592 [80.2%], loss=0.1177, dgw=0.1177, reg=0.0000, time=32.46s.
-- 500/592 [84.5%], loss=0.1028, dgw=0.1028, reg=0.0000, time=27.25s.
-- 525/592 [88.7%], loss=0.1028, dgw=0.1028, reg=0.0000, time=56.12s.
-- 550/592 [92.9%], loss=0.1385, dgw=0.1385, reg=0.0000, time=39.18s.
-- 575/592 [97.1%], loss=0.1086, dgw=0.1086, reg=0.0000, time=45.38s.
-- 592/592 [100.0%], loss=0.1023, dgw=0.1023, reg=0.0000, time=21.08s.
fit: Epoch 8/15, loss = 0.1116, best loss = 0.1116
results/ENZYMES_Original_usl_tsne_fit_8.pdf
-- 25/592 [4.2%], loss=0.1031, dgw=0.1031, reg=0.0000, time=40.08s.
-- 50/592 [8.4%], loss=0.1151, dgw=0.1151, reg=0.0000, time=36.09s.
-- 75/592 [12.7%], loss=0.1038, dgw=0.1038, reg=0.0000, time=35.27s.
-- 100/592 [16.9%], loss=0.0948, dgw=0.0948, reg=0.0000, time=46.18s.
-- 125/592 [21.1%], loss=0.0982, dgw=0.0982, reg=0.0000, time=33.14s.
-- 150/592 [25.3%], loss=0.1018, dgw=0.1018, reg=0.0000, time=39.01s.
-- 175/592 [29.6%], loss=0.0997, dgw=0.0997, reg=0.0000, time=29.76s.
-- 200/592 [33.8%], loss=0.1051, dgw=0.1051, reg=0.0000, time=30.17s.
-- 225/592 [38.0%], loss=0.0995, dgw=0.0995, reg=0.0000, time=46.31s.
-- 250/592 [42.2%], loss=0.0991, dgw=0.0991, reg=0.0000, time=53.26s.
-- 275/592 [46.5%], loss=0.1058, dgw=0.1058, reg=0.0000, time=33.31s.
-- 300/592 [50.7%], loss=0.0938, dgw=0.0938, reg=0.0000, time=28.55s.
-- 325/592 [54.9%], loss=0.1037, dgw=0.1037, reg=0.0000, time=28.06s.
-- 350/592 [59.1%], loss=0.0913, dgw=0.0913, reg=0.0000, time=35.62s.
-- 375/592 [63.3%], loss=0.1202, dgw=0.1202, reg=0.0000, time=35.46s.
-- 400/592 [67.6%], loss=0.0938, dgw=0.0938, reg=0.0000, time=30.66s.
-- 425/592 [71.8%], loss=0.1042, dgw=0.1042, reg=0.0000, time=34.54s.
-- 450/592 [76.0%], loss=0.0982, dgw=0.0982, reg=0.0000, time=43.04s.
-- 475/592 [80.2%], loss=0.1099, dgw=0.1099, reg=0.0000, time=24.57s.
-- 500/592 [84.5%], loss=0.1001, dgw=0.1001, reg=0.0000, time=26.93s.
-- 525/592 [88.7%], loss=0.0961, dgw=0.0961, reg=0.0000, time=38.91s.
-- 550/592 [92.9%], loss=0.1020, dgw=0.1020, reg=0.0000, time=39.74s.
-- 575/592 [97.1%], loss=0.0922, dgw=0.0922, reg=0.0000, time=35.30s.
-- 592/592 [100.0%], loss=0.0973, dgw=0.0973, reg=0.0000, time=25.05s.
fit: Epoch 9/15, loss = 0.1012, best loss = 0.1012
results/ENZYMES_Original_usl_tsne_fit_9.pdf
-- 25/592 [4.2%], loss=0.0918, dgw=0.0918, reg=0.0000, time=47.41s.
-- 50/592 [8.4%], loss=0.0938, dgw=0.0938, reg=0.0000, time=22.80s.
-- 75/592 [12.7%], loss=0.1089, dgw=0.1089, reg=0.0000, time=38.23s.
-- 100/592 [16.9%], loss=0.1007, dgw=0.1007, reg=0.0000, time=36.23s.
-- 125/592 [21.1%], loss=0.1014, dgw=0.1014, reg=0.0000, time=28.53s.
-- 150/592 [25.3%], loss=0.0984, dgw=0.0984, reg=0.0000, time=38.12s.
-- 175/592 [29.6%], loss=0.1068, dgw=0.1068, reg=0.0000, time=31.88s.
-- 200/592 [33.8%], loss=0.1018, dgw=0.1018, reg=0.0000, time=55.99s.
-- 225/592 [38.0%], loss=0.0877, dgw=0.0877, reg=0.0000, time=29.95s.
-- 250/592 [42.2%], loss=0.0912, dgw=0.0912, reg=0.0000, time=34.41s.
-- 275/592 [46.5%], loss=0.0866, dgw=0.0866, reg=0.0000, time=25.31s.
-- 300/592 [50.7%], loss=0.0951, dgw=0.0951, reg=0.0000, time=19.44s.
-- 325/592 [54.9%], loss=0.1049, dgw=0.1049, reg=0.0000, time=42.76s.
-- 350/592 [59.1%], loss=0.1060, dgw=0.1060, reg=0.0000, time=45.12s.
-- 375/592 [63.3%], loss=0.0927, dgw=0.0927, reg=0.0000, time=45.30s.
-- 400/592 [67.6%], loss=0.0904, dgw=0.0904, reg=0.0000, time=34.30s.
-- 425/592 [71.8%], loss=0.0959, dgw=0.0959, reg=0.0000, time=26.63s.
-- 450/592 [76.0%], loss=0.0894, dgw=0.0894, reg=0.0000, time=30.22s.
-- 475/592 [80.2%], loss=0.0911, dgw=0.0911, reg=0.0000, time=32.32s.
-- 500/592 [84.5%], loss=0.0893, dgw=0.0893, reg=0.0000, time=28.26s.
-- 525/592 [88.7%], loss=0.0908, dgw=0.0908, reg=0.0000, time=23.74s.
-- 550/592 [92.9%], loss=0.0964, dgw=0.0964, reg=0.0000, time=31.54s.
-- 575/592 [97.1%], loss=0.1128, dgw=0.1128, reg=0.0000, time=31.74s.
-- 592/592 [100.0%], loss=0.0878, dgw=0.0878, reg=0.0000, time=18.98s.
fit: Epoch 10/15, loss = 0.0964, best loss = 0.0964
results/ENZYMES_Original_usl_tsne_fit_10.pdf
-- 25/592 [4.2%], loss=0.0865, dgw=0.0865, reg=0.0000, time=38.53s.
-- 50/592 [8.4%], loss=0.0896, dgw=0.0896, reg=0.0000, time=26.46s.
-- 75/592 [12.7%], loss=0.0974, dgw=0.0974, reg=0.0000, time=28.82s.
-- 100/592 [16.9%], loss=0.0975, dgw=0.0975, reg=0.0000, time=33.36s.
-- 125/592 [21.1%], loss=0.0882, dgw=0.0882, reg=0.0000, time=25.94s.
-- 150/592 [25.3%], loss=0.0864, dgw=0.0864, reg=0.0000, time=33.20s.
-- 175/592 [29.6%], loss=0.1059, dgw=0.1059, reg=0.0000, time=36.93s.
-- 200/592 [33.8%], loss=0.0973, dgw=0.0973, reg=0.0000, time=28.01s.
-- 225/592 [38.0%], loss=0.0972, dgw=0.0972, reg=0.0000, time=27.08s.
-- 250/592 [42.2%], loss=0.0899, dgw=0.0899, reg=0.0000, time=31.19s.
-- 275/592 [46.5%], loss=0.0850, dgw=0.0850, reg=0.0000, time=34.05s.
-- 300/592 [50.7%], loss=0.1032, dgw=0.1032, reg=0.0000, time=29.33s.
-- 325/592 [54.9%], loss=0.0899, dgw=0.0899, reg=0.0000, time=30.95s.
-- 350/592 [59.1%], loss=0.0858, dgw=0.0858, reg=0.0000, time=33.48s.
-- 375/592 [63.3%], loss=0.0914, dgw=0.0914, reg=0.0000, time=19.35s.
-- 400/592 [67.6%], loss=0.1001, dgw=0.1001, reg=0.0000, time=36.82s.
-- 425/592 [71.8%], loss=0.0891, dgw=0.0891, reg=0.0000, time=31.28s.
-- 450/592 [76.0%], loss=0.0882, dgw=0.0882, reg=0.0000, time=26.84s.
-- 475/592 [80.2%], loss=0.0983, dgw=0.0983, reg=0.0000, time=34.14s.
-- 500/592 [84.5%], loss=0.0926, dgw=0.0926, reg=0.0000, time=25.48s.
-- 525/592 [88.7%], loss=0.0963, dgw=0.0963, reg=0.0000, time=26.99s.
-- 550/592 [92.9%], loss=0.1014, dgw=0.1014, reg=0.0000, time=18.94s.
-- 575/592 [97.1%], loss=0.1074, dgw=0.1074, reg=0.0000, time=33.06s.
-- 592/592 [100.0%], loss=0.0921, dgw=0.0921, reg=0.0000, time=24.67s.
fit: Epoch 11/15, loss = 0.0941, best loss = 0.0941
results/ENZYMES_Original_usl_tsne_fit_11.pdf
-- 25/592 [4.2%], loss=0.1189, dgw=0.1189, reg=0.0000, time=23.48s.
-- 50/592 [8.4%], loss=0.1121, dgw=0.1121, reg=0.0000, time=27.34s.
-- 75/592 [12.7%], loss=0.1118, dgw=0.1118, reg=0.0000, time=36.98s.
-- 100/592 [16.9%], loss=0.1165, dgw=0.1165, reg=0.0000, time=32.72s.
-- 125/592 [21.1%], loss=0.1211, dgw=0.1211, reg=0.0000, time=19.63s.
-- 150/592 [25.3%], loss=0.1206, dgw=0.1206, reg=0.0000, time=25.55s.
-- 175/592 [29.6%], loss=0.1402, dgw=0.1402, reg=0.0000, time=30.05s.
-- 200/592 [33.8%], loss=0.1471, dgw=0.1471, reg=0.0000, time=24.21s.
-- 225/592 [38.0%], loss=0.1315, dgw=0.1315, reg=0.0000, time=27.70s.
-- 250/592 [42.2%], loss=0.1298, dgw=0.1298, reg=0.0000, time=30.23s.
-- 275/592 [46.5%], loss=0.1321, dgw=0.1321, reg=0.0000, time=29.51s.
-- 300/592 [50.7%], loss=0.1588, dgw=0.1588, reg=0.0000, time=29.31s.
-- 325/592 [54.9%], loss=0.1502, dgw=0.1502, reg=0.0000, time=24.80s.
-- 350/592 [59.1%], loss=0.1322, dgw=0.1322, reg=0.0000, time=29.52s.
-- 375/592 [63.3%], loss=0.1439, dgw=0.1439, reg=0.0000, time=34.24s.
-- 400/592 [67.6%], loss=0.1391, dgw=0.1391, reg=0.0000, time=36.43s.
-- 425/592 [71.8%], loss=0.1496, dgw=0.1496, reg=0.0000, time=25.15s.
-- 450/592 [76.0%], loss=0.1359, dgw=0.1359, reg=0.0000, time=26.81s.
-- 475/592 [80.2%], loss=0.1329, dgw=0.1329, reg=0.0000, time=19.81s.
-- 500/592 [84.5%], loss=0.1338, dgw=0.1338, reg=0.0000, time=27.14s.
-- 525/592 [88.7%], loss=0.1432, dgw=0.1432, reg=0.0000, time=24.39s.
-- 550/592 [92.9%], loss=0.1292, dgw=0.1292, reg=0.0000, time=22.87s.
-- 575/592 [97.1%], loss=0.1490, dgw=0.1490, reg=0.0000, time=21.58s.
-- 592/592 [100.0%], loss=0.1444, dgw=0.1444, reg=0.0000, time=15.36s.
fit: Epoch 12/15, loss = 0.1342, best loss = 0.0941
results/ENZYMES_Original_usl_tsne_fit_12.pdf
-- 25/592 [4.2%], loss=0.1689, dgw=0.1689, reg=0.0000, time=21.43s.
-- 50/592 [8.4%], loss=0.1486, dgw=0.1486, reg=0.0000, time=24.53s.
-- 75/592 [12.7%], loss=0.1529, dgw=0.1529, reg=0.0000, time=32.70s.
-- 100/592 [16.9%], loss=0.1464, dgw=0.1464, reg=0.0000, time=30.58s.
-- 125/592 [21.1%], loss=0.1543, dgw=0.1543, reg=0.0000, time=31.85s.
-- 150/592 [25.3%], loss=0.1702, dgw=0.1702, reg=0.0000, time=23.68s.
-- 175/592 [29.6%], loss=0.1676, dgw=0.1676, reg=0.0000, time=30.37s.
-- 200/592 [33.8%], loss=0.1694, dgw=0.1694, reg=0.0000, time=24.83s.
-- 225/592 [38.0%], loss=0.1474, dgw=0.1474, reg=0.0000, time=27.90s.
-- 250/592 [42.2%], loss=0.1658, dgw=0.1658, reg=0.0000, time=31.17s.
-- 275/592 [46.5%], loss=0.1619, dgw=0.1619, reg=0.0000, time=24.07s.
-- 300/592 [50.7%], loss=0.1733, dgw=0.1733, reg=0.0000, time=19.74s.
-- 325/592 [54.9%], loss=0.1829, dgw=0.1829, reg=0.0000, time=31.28s.
-- 350/592 [59.1%], loss=0.1792, dgw=0.1792, reg=0.0000, time=29.54s.
-- 375/592 [63.3%], loss=0.1804, dgw=0.1804, reg=0.0000, time=26.11s.
-- 400/592 [67.6%], loss=0.1752, dgw=0.1752, reg=0.0000, time=32.24s.
-- 425/592 [71.8%], loss=0.1794, dgw=0.1794, reg=0.0000, time=29.17s.
-- 450/592 [76.0%], loss=0.1862, dgw=0.1862, reg=0.0000, time=33.70s.
-- 475/592 [80.2%], loss=0.2144, dgw=0.2144, reg=0.0000, time=23.50s.
-- 500/592 [84.5%], loss=0.1820, dgw=0.1820, reg=0.0000, time=24.61s.
-- 525/592 [88.7%], loss=0.1873, dgw=0.1873, reg=0.0000, time=28.41s.
-- 550/592 [92.9%], loss=0.1657, dgw=0.1657, reg=0.0000, time=37.01s.
-- 575/592 [97.1%], loss=0.1805, dgw=0.1805, reg=0.0000, time=25.13s.
-- 592/592 [100.0%], loss=0.1903, dgw=0.1903, reg=0.0000, time=20.58s.
fit: Epoch 13/15, loss = 0.1719, best loss = 0.0941
results/ENZYMES_Original_usl_tsne_fit_13.pdf
-- 25/592 [4.2%], loss=0.1743, dgw=0.1743, reg=0.0000, time=32.53s.
-- 50/592 [8.4%], loss=0.1774, dgw=0.1774, reg=0.0000, time=24.51s.
-- 75/592 [12.7%], loss=0.1742, dgw=0.1742, reg=0.0000, time=27.30s.
-- 100/592 [16.9%], loss=0.2012, dgw=0.2012, reg=0.0000, time=25.97s.
-- 125/592 [21.1%], loss=0.1731, dgw=0.1731, reg=0.0000, time=28.57s.
-- 150/592 [25.3%], loss=0.1767, dgw=0.1767, reg=0.0000, time=18.99s.
-- 175/592 [29.6%], loss=0.1708, dgw=0.1708, reg=0.0000, time=24.27s.
-- 200/592 [33.8%], loss=0.1912, dgw=0.1912, reg=0.0000, time=33.86s.
-- 225/592 [38.0%], loss=0.1712, dgw=0.1712, reg=0.0000, time=23.45s.
-- 250/592 [42.2%], loss=0.1768, dgw=0.1768, reg=0.0000, time=31.26s.
-- 275/592 [46.5%], loss=0.1648, dgw=0.1648, reg=0.0000, time=32.77s.
-- 300/592 [50.7%], loss=0.1906, dgw=0.1906, reg=0.0000, time=17.41s.
-- 325/592 [54.9%], loss=0.1870, dgw=0.1870, reg=0.0000, time=17.17s.
-- 350/592 [59.1%], loss=0.1697, dgw=0.1697, reg=0.0000, time=37.66s.
-- 375/592 [63.3%], loss=0.1796, dgw=0.1796, reg=0.0000, time=19.79s.
-- 400/592 [67.6%], loss=0.1887, dgw=0.1887, reg=0.0000, time=27.93s.
-- 425/592 [71.8%], loss=0.1870, dgw=0.1870, reg=0.0000, time=23.70s.
-- 450/592 [76.0%], loss=0.1769, dgw=0.1769, reg=0.0000, time=44.26s.
-- 475/592 [80.2%], loss=0.1813, dgw=0.1813, reg=0.0000, time=23.85s.
-- 500/592 [84.5%], loss=0.1833, dgw=0.1833, reg=0.0000, time=19.26s.
-- 525/592 [88.7%], loss=0.1849, dgw=0.1849, reg=0.0000, time=30.26s.
-- 550/592 [92.9%], loss=0.1876, dgw=0.1876, reg=0.0000, time=22.93s.
-- 575/592 [97.1%], loss=0.1712, dgw=0.1712, reg=0.0000, time=24.37s.
-- 592/592 [100.0%], loss=0.1884, dgw=0.1884, reg=0.0000, time=15.44s.
fit: Epoch 14/15, loss = 0.1802, best loss = 0.0941
results/ENZYMES_Original_usl_tsne_fit_14.pdf
-- 25/592 [4.2%], loss=0.1846, dgw=0.1846, reg=0.0000, time=21.77s.
-- 50/592 [8.4%], loss=0.1975, dgw=0.1975, reg=0.0000, time=31.57s.
-- 75/592 [12.7%], loss=0.2031, dgw=0.2031, reg=0.0000, time=31.99s.
-- 100/592 [16.9%], loss=0.2042, dgw=0.2042, reg=0.0000, time=29.84s.
-- 125/592 [21.1%], loss=0.2077, dgw=0.2077, reg=0.0000, time=32.54s.
-- 150/592 [25.3%], loss=0.2049, dgw=0.2049, reg=0.0000, time=29.19s.
-- 175/592 [29.6%], loss=0.1977, dgw=0.1977, reg=0.0000, time=24.98s.
-- 200/592 [33.8%], loss=0.2207, dgw=0.2207, reg=0.0000, time=25.47s.
-- 225/592 [38.0%], loss=0.2097, dgw=0.2097, reg=0.0000, time=26.82s.
-- 250/592 [42.2%], loss=0.2530, dgw=0.2530, reg=0.0000, time=19.07s.
-- 275/592 [46.5%], loss=0.2208, dgw=0.2208, reg=0.0000, time=30.26s.
-- 300/592 [50.7%], loss=0.2434, dgw=0.2434, reg=0.0000, time=26.41s.
-- 325/592 [54.9%], loss=0.2478, dgw=0.2478, reg=0.0000, time=20.78s.
-- 350/592 [59.1%], loss=0.3096, dgw=0.3096, reg=0.0000, time=13.96s.
-- 375/592 [63.3%], loss=0.2796, dgw=0.2796, reg=0.0000, time=29.48s.
-- 400/592 [67.6%], loss=0.2638, dgw=0.2638, reg=0.0000, time=23.87s.
-- 425/592 [71.8%], loss=0.2622, dgw=0.2622, reg=0.0000, time=32.25s.
-- 450/592 [76.0%], loss=0.2884, dgw=0.2884, reg=0.0000, time=33.08s.
-- 475/592 [80.2%], loss=0.2895, dgw=0.2895, reg=0.0000, time=27.56s.
-- 500/592 [84.5%], loss=0.2945, dgw=0.2945, reg=0.0000, time=33.77s.
-- 525/592 [88.7%], loss=0.3002, dgw=0.3002, reg=0.0000, time=36.06s.
-- 550/592 [92.9%], loss=0.2945, dgw=0.2945, reg=0.0000, time=32.79s.
-- 575/592 [97.1%], loss=0.3213, dgw=0.3213, reg=0.0000, time=19.92s.
-- 592/592 [100.0%], loss=0.3159, dgw=0.3159, reg=0.0000, time=22.67s.
fit: Epoch 15/15, loss = 0.2497, best loss = 0.0941
results/ENZYMES_Original_usl_tsne_fit_15.pdf
Rand Score: 0.7237961311565373
Done!
