MORE THAN 2 CLASSES!
-- 25/592 [4.2%], loss=0.2679, dgw=0.2679, reg=0.0000, time=59.02s.
-- 50/592 [8.4%], loss=0.2658, dgw=0.2658, reg=0.0000, time=57.09s.
-- 75/592 [12.7%], loss=0.2679, dgw=0.2679, reg=0.0000, time=59.45s.
-- 100/592 [16.9%], loss=0.2634, dgw=0.2634, reg=0.0000, time=36.25s.
-- 125/592 [21.1%], loss=0.2618, dgw=0.2618, reg=0.0000, time=55.20s.
-- 150/592 [25.3%], loss=0.2598, dgw=0.2598, reg=0.0000, time=49.98s.
-- 175/592 [29.6%], loss=0.2563, dgw=0.2563, reg=0.0000, time=64.06s.
-- 200/592 [33.8%], loss=0.2555, dgw=0.2555, reg=0.0000, time=27.73s.
-- 225/592 [38.0%], loss=0.2540, dgw=0.2540, reg=0.0000, time=54.31s.
-- 250/592 [42.2%], loss=0.2522, dgw=0.2522, reg=0.0000, time=61.21s.
-- 275/592 [46.5%], loss=0.2484, dgw=0.2484, reg=0.0000, time=45.35s.
-- 300/592 [50.7%], loss=0.2483, dgw=0.2483, reg=0.0000, time=52.12s.
-- 325/592 [54.9%], loss=0.2474, dgw=0.2474, reg=0.0000, time=75.45s.
-- 350/592 [59.1%], loss=0.2457, dgw=0.2457, reg=0.0000, time=74.49s.
-- 375/592 [63.3%], loss=0.2414, dgw=0.2414, reg=0.0000, time=44.79s.
-- 400/592 [67.6%], loss=0.2412, dgw=0.2412, reg=0.0000, time=65.66s.
-- 425/592 [71.8%], loss=0.2402, dgw=0.2402, reg=0.0000, time=50.43s.
-- 450/592 [76.0%], loss=0.2392, dgw=0.2392, reg=0.0000, time=44.80s.
-- 475/592 [80.2%], loss=0.2354, dgw=0.2354, reg=0.0000, time=46.90s.
-- 500/592 [84.5%], loss=0.2359, dgw=0.2359, reg=0.0000, time=50.42s.
-- 525/592 [88.7%], loss=0.2327, dgw=0.2327, reg=0.0000, time=55.85s.
-- 550/592 [92.9%], loss=0.2315, dgw=0.2315, reg=0.0000, time=47.58s.
-- 575/592 [97.1%], loss=0.2310, dgw=0.2310, reg=0.0000, time=60.84s.
-- 592/592 [100.0%], loss=0.2298, dgw=0.2298, reg=0.0000, time=38.67s.
fit: Epoch 1/15, loss = 0.2483, best loss = 0.2483
results/ENZYMES_Original_usl_tsne_fit_1.pdf
-- 25/592 [4.2%], loss=0.2287, dgw=0.2287, reg=0.0000, time=62.49s.
-- 50/592 [8.4%], loss=0.2253, dgw=0.2253, reg=0.0000, time=51.62s.
-- 75/592 [12.7%], loss=0.2243, dgw=0.2243, reg=0.0000, time=54.77s.
-- 100/592 [16.9%], loss=0.2220, dgw=0.2220, reg=0.0000, time=53.07s.
-- 125/592 [21.1%], loss=0.2202, dgw=0.2202, reg=0.0000, time=64.57s.
-- 150/592 [25.3%], loss=0.2204, dgw=0.2204, reg=0.0000, time=47.05s.
-- 175/592 [29.6%], loss=0.2174, dgw=0.2174, reg=0.0000, time=51.72s.
-- 200/592 [33.8%], loss=0.2171, dgw=0.2171, reg=0.0000, time=65.90s.
-- 225/592 [38.0%], loss=0.2159, dgw=0.2159, reg=0.0000, time=60.27s.
-- 250/592 [42.2%], loss=0.2199, dgw=0.2199, reg=0.0000, time=47.54s.
-- 275/592 [46.5%], loss=0.2137, dgw=0.2137, reg=0.0000, time=55.42s.
-- 300/592 [50.7%], loss=0.2112, dgw=0.2112, reg=0.0000, time=55.17s.
-- 325/592 [54.9%], loss=0.2125, dgw=0.2125, reg=0.0000, time=52.69s.
-- 350/592 [59.1%], loss=0.2081, dgw=0.2081, reg=0.0000, time=50.26s.
-- 375/592 [63.3%], loss=0.2059, dgw=0.2059, reg=0.0000, time=43.06s.
-- 400/592 [67.6%], loss=0.2057, dgw=0.2057, reg=0.0000, time=54.95s.
-- 425/592 [71.8%], loss=0.2066, dgw=0.2066, reg=0.0000, time=46.59s.
-- 450/592 [76.0%], loss=0.2033, dgw=0.2033, reg=0.0000, time=43.06s.
-- 475/592 [80.2%], loss=0.2016, dgw=0.2016, reg=0.0000, time=46.72s.
-- 500/592 [84.5%], loss=0.2012, dgw=0.2012, reg=0.0000, time=65.79s.
-- 525/592 [88.7%], loss=0.1994, dgw=0.1994, reg=0.0000, time=48.12s.
-- 550/592 [92.9%], loss=0.1978, dgw=0.1978, reg=0.0000, time=49.77s.
-- 575/592 [97.1%], loss=0.1996, dgw=0.1996, reg=0.0000, time=43.97s.
-- 592/592 [100.0%], loss=0.1939, dgw=0.1939, reg=0.0000, time=24.56s.
fit: Epoch 2/15, loss = 0.2116, best loss = 0.2116
results/ENZYMES_Original_usl_tsne_fit_2.pdf
-- 25/592 [4.2%], loss=0.1967, dgw=0.1967, reg=0.0000, time=87.49s.
-- 50/592 [8.4%], loss=0.1972, dgw=0.1972, reg=0.0000, time=51.65s.
-- 75/592 [12.7%], loss=0.1903, dgw=0.1903, reg=0.0000, time=70.54s.
-- 100/592 [16.9%], loss=0.1905, dgw=0.1905, reg=0.0000, time=58.33s.
-- 125/592 [21.1%], loss=0.1905, dgw=0.1905, reg=0.0000, time=60.71s.
-- 150/592 [25.3%], loss=0.1911, dgw=0.1911, reg=0.0000, time=39.26s.
-- 175/592 [29.6%], loss=0.1909, dgw=0.1909, reg=0.0000, time=46.65s.
-- 200/592 [33.8%], loss=0.1861, dgw=0.1861, reg=0.0000, time=63.07s.
-- 225/592 [38.0%], loss=0.1850, dgw=0.1850, reg=0.0000, time=41.58s.
-- 250/592 [42.2%], loss=0.1835, dgw=0.1835, reg=0.0000, time=49.72s.
-- 275/592 [46.5%], loss=0.1807, dgw=0.1807, reg=0.0000, time=45.93s.
-- 300/592 [50.7%], loss=0.1864, dgw=0.1864, reg=0.0000, time=41.05s.
-- 325/592 [54.9%], loss=0.1817, dgw=0.1817, reg=0.0000, time=51.05s.
-- 350/592 [59.1%], loss=0.1832, dgw=0.1832, reg=0.0000, time=57.99s.
-- 375/592 [63.3%], loss=0.1769, dgw=0.1769, reg=0.0000, time=56.21s.
-- 400/592 [67.6%], loss=0.1792, dgw=0.1792, reg=0.0000, time=58.98s.
-- 425/592 [71.8%], loss=0.1793, dgw=0.1793, reg=0.0000, time=53.75s.
-- 450/592 [76.0%], loss=0.1813, dgw=0.1813, reg=0.0000, time=71.34s.
-- 475/592 [80.2%], loss=0.1735, dgw=0.1735, reg=0.0000, time=52.13s.
-- 500/592 [84.5%], loss=0.1730, dgw=0.1730, reg=0.0000, time=71.22s.
-- 525/592 [88.7%], loss=0.1756, dgw=0.1756, reg=0.0000, time=52.65s.
-- 550/592 [92.9%], loss=0.1739, dgw=0.1739, reg=0.0000, time=42.56s.
-- 575/592 [97.1%], loss=0.1732, dgw=0.1732, reg=0.0000, time=56.28s.
-- 592/592 [100.0%], loss=0.1695, dgw=0.1695, reg=0.0000, time=33.56s.
fit: Epoch 3/15, loss = 0.1831, best loss = 0.1831
results/ENZYMES_Original_usl_tsne_fit_3.pdf
-- 25/592 [4.2%], loss=0.1699, dgw=0.1699, reg=0.0000, time=49.68s.
-- 50/592 [8.4%], loss=0.1708, dgw=0.1708, reg=0.0000, time=73.78s.
-- 75/592 [12.7%], loss=0.1698, dgw=0.1698, reg=0.0000, time=35.63s.
-- 100/592 [16.9%], loss=0.1635, dgw=0.1635, reg=0.0000, time=46.67s.
-- 125/592 [21.1%], loss=0.1669, dgw=0.1669, reg=0.0000, time=49.21s.
-- 150/592 [25.3%], loss=0.1608, dgw=0.1608, reg=0.0000, time=46.22s.
-- 175/592 [29.6%], loss=0.1619, dgw=0.1619, reg=0.0000, time=51.29s.
-- 200/592 [33.8%], loss=0.1611, dgw=0.1611, reg=0.0000, time=62.80s.
-- 225/592 [38.0%], loss=0.1580, dgw=0.1580, reg=0.0000, time=46.25s.
-- 250/592 [42.2%], loss=0.1619, dgw=0.1619, reg=0.0000, time=69.61s.
-- 275/592 [46.5%], loss=0.1782, dgw=0.1782, reg=0.0000, time=32.94s.
-- 300/592 [50.7%], loss=0.1650, dgw=0.1650, reg=0.0000, time=44.48s.
-- 325/592 [54.9%], loss=0.1641, dgw=0.1641, reg=0.0000, time=57.90s.
-- 350/592 [59.1%], loss=0.1579, dgw=0.1579, reg=0.0000, time=43.02s.
-- 375/592 [63.3%], loss=0.1528, dgw=0.1528, reg=0.0000, time=42.53s.
-- 400/592 [67.6%], loss=0.1618, dgw=0.1618, reg=0.0000, time=45.50s.
-- 425/592 [71.8%], loss=0.1554, dgw=0.1554, reg=0.0000, time=52.46s.
-- 450/592 [76.0%], loss=0.1610, dgw=0.1610, reg=0.0000, time=44.97s.
-- 475/592 [80.2%], loss=0.1588, dgw=0.1588, reg=0.0000, time=61.19s.
-- 500/592 [84.5%], loss=0.1487, dgw=0.1487, reg=0.0000, time=75.20s.
-- 525/592 [88.7%], loss=0.1559, dgw=0.1559, reg=0.0000, time=59.85s.
-- 550/592 [92.9%], loss=0.1624, dgw=0.1624, reg=0.0000, time=39.88s.
-- 575/592 [97.1%], loss=0.1487, dgw=0.1487, reg=0.0000, time=48.28s.
-- 592/592 [100.0%], loss=0.1559, dgw=0.1559, reg=0.0000, time=28.37s.
fit: Epoch 4/15, loss = 0.1614, best loss = 0.1614
results/ENZYMES_Original_usl_tsne_fit_4.pdf
-- 25/592 [4.2%], loss=0.1512, dgw=0.1512, reg=0.0000, time=48.14s.
-- 50/592 [8.4%], loss=0.1555, dgw=0.1555, reg=0.0000, time=34.90s.
-- 75/592 [12.7%], loss=0.1619, dgw=0.1619, reg=0.0000, time=43.56s.
-- 100/592 [16.9%], loss=0.1488, dgw=0.1488, reg=0.0000, time=42.51s.
-- 125/592 [21.1%], loss=0.1538, dgw=0.1538, reg=0.0000, time=73.99s.
-- 150/592 [25.3%], loss=0.1469, dgw=0.1469, reg=0.0000, time=47.01s.
-- 175/592 [29.6%], loss=0.1475, dgw=0.1475, reg=0.0000, time=46.99s.
-- 200/592 [33.8%], loss=0.1558, dgw=0.1558, reg=0.0000, time=42.50s.
-- 225/592 [38.0%], loss=0.1544, dgw=0.1544, reg=0.0000, time=42.91s.
-- 250/592 [42.2%], loss=0.1531, dgw=0.1531, reg=0.0000, time=27.63s.
-- 275/592 [46.5%], loss=0.1518, dgw=0.1518, reg=0.0000, time=56.59s.
-- 300/592 [50.7%], loss=0.1422, dgw=0.1422, reg=0.0000, time=49.67s.
-- 325/592 [54.9%], loss=0.1590, dgw=0.1590, reg=0.0000, time=54.42s.
-- 350/592 [59.1%], loss=0.1429, dgw=0.1429, reg=0.0000, time=41.32s.
-- 375/592 [63.3%], loss=0.1483, dgw=0.1483, reg=0.0000, time=52.01s.
-- 400/592 [67.6%], loss=0.1398, dgw=0.1398, reg=0.0000, time=63.58s.
-- 425/592 [71.8%], loss=0.1479, dgw=0.1479, reg=0.0000, time=52.64s.
-- 450/592 [76.0%], loss=0.1535, dgw=0.1535, reg=0.0000, time=42.11s.
-- 475/592 [80.2%], loss=0.1568, dgw=0.1568, reg=0.0000, time=30.80s.
-- 500/592 [84.5%], loss=0.1409, dgw=0.1409, reg=0.0000, time=49.00s.
-- 525/592 [88.7%], loss=0.1387, dgw=0.1387, reg=0.0000, time=53.27s.
-- 550/592 [92.9%], loss=0.1459, dgw=0.1459, reg=0.0000, time=37.81s.
-- 575/592 [97.1%], loss=0.1434, dgw=0.1434, reg=0.0000, time=39.68s.
-- 592/592 [100.0%], loss=0.1497, dgw=0.1497, reg=0.0000, time=30.55s.
fit: Epoch 5/15, loss = 0.1496, best loss = 0.1496
results/ENZYMES_Original_usl_tsne_fit_5.pdf
-- 25/592 [4.2%], loss=0.1366, dgw=0.1366, reg=0.0000, time=50.45s.
-- 50/592 [8.4%], loss=0.1314, dgw=0.1314, reg=0.0000, time=50.00s.
-- 75/592 [12.7%], loss=0.1402, dgw=0.1402, reg=0.0000, time=47.91s.
-- 100/592 [16.9%], loss=0.1320, dgw=0.1320, reg=0.0000, time=56.24s.
-- 125/592 [21.1%], loss=0.1431, dgw=0.1431, reg=0.0000, time=30.94s.
-- 150/592 [25.3%], loss=0.1391, dgw=0.1391, reg=0.0000, time=54.03s.
-- 175/592 [29.6%], loss=0.1503, dgw=0.1503, reg=0.0000, time=51.82s.
-- 200/592 [33.8%], loss=0.1369, dgw=0.1369, reg=0.0000, time=52.93s.
-- 225/592 [38.0%], loss=0.1415, dgw=0.1415, reg=0.0000, time=45.08s.
-- 250/592 [42.2%], loss=0.1341, dgw=0.1341, reg=0.0000, time=55.96s.
-- 275/592 [46.5%], loss=0.1360, dgw=0.1360, reg=0.0000, time=53.48s.
-- 300/592 [50.7%], loss=0.1295, dgw=0.1295, reg=0.0000, time=53.41s.
-- 325/592 [54.9%], loss=0.1312, dgw=0.1312, reg=0.0000, time=40.12s.
-- 350/592 [59.1%], loss=0.1282, dgw=0.1282, reg=0.0000, time=52.57s.
-- 375/592 [63.3%], loss=0.1258, dgw=0.1258, reg=0.0000, time=38.48s.
-- 400/592 [67.6%], loss=0.1254, dgw=0.1254, reg=0.0000, time=36.07s.
-- 425/592 [71.8%], loss=0.1356, dgw=0.1356, reg=0.0000, time=34.63s.
-- 450/592 [76.0%], loss=0.1194, dgw=0.1194, reg=0.0000, time=41.43s.
-- 475/592 [80.2%], loss=0.1308, dgw=0.1308, reg=0.0000, time=31.39s.
-- 500/592 [84.5%], loss=0.1203, dgw=0.1203, reg=0.0000, time=41.48s.
-- 525/592 [88.7%], loss=0.1376, dgw=0.1376, reg=0.0000, time=41.05s.
-- 550/592 [92.9%], loss=0.1226, dgw=0.1226, reg=0.0000, time=31.93s.
-- 575/592 [97.1%], loss=0.1275, dgw=0.1275, reg=0.0000, time=47.72s.
-- 592/592 [100.0%], loss=0.1291, dgw=0.1291, reg=0.0000, time=29.93s.
fit: Epoch 6/15, loss = 0.1327, best loss = 0.1327
results/ENZYMES_Original_usl_tsne_fit_6.pdf
-- 25/592 [4.2%], loss=0.1347, dgw=0.1347, reg=0.0000, time=37.28s.
-- 50/592 [8.4%], loss=0.1203, dgw=0.1203, reg=0.0000, time=42.22s.
-- 75/592 [12.7%], loss=0.1243, dgw=0.1243, reg=0.0000, time=42.84s.
-- 100/592 [16.9%], loss=0.1224, dgw=0.1224, reg=0.0000, time=49.06s.
-- 125/592 [21.1%], loss=0.1212, dgw=0.1212, reg=0.0000, time=46.16s.
-- 150/592 [25.3%], loss=0.1203, dgw=0.1203, reg=0.0000, time=36.50s.
-- 175/592 [29.6%], loss=0.1195, dgw=0.1195, reg=0.0000, time=50.68s.
-- 200/592 [33.8%], loss=0.1269, dgw=0.1269, reg=0.0000, time=25.59s.
-- 225/592 [38.0%], loss=0.1168, dgw=0.1168, reg=0.0000, time=39.37s.
-- 250/592 [42.2%], loss=0.1255, dgw=0.1255, reg=0.0000, time=34.27s.
-- 275/592 [46.5%], loss=0.1165, dgw=0.1165, reg=0.0000, time=46.77s.
-- 300/592 [50.7%], loss=0.1231, dgw=0.1231, reg=0.0000, time=40.44s.
-- 325/592 [54.9%], loss=0.1180, dgw=0.1180, reg=0.0000, time=42.02s.
-- 350/592 [59.1%], loss=0.1140, dgw=0.1140, reg=0.0000, time=49.61s.
-- 375/592 [63.3%], loss=0.1203, dgw=0.1203, reg=0.0000, time=31.70s.
-- 400/592 [67.6%], loss=0.1113, dgw=0.1113, reg=0.0000, time=26.02s.
-- 425/592 [71.8%], loss=0.1382, dgw=0.1382, reg=0.0000, time=19.70s.
-- 450/592 [76.0%], loss=0.1149, dgw=0.1149, reg=0.0000, time=34.12s.
-- 475/592 [80.2%], loss=0.1145, dgw=0.1145, reg=0.0000, time=59.16s.
-- 500/592 [84.5%], loss=0.1109, dgw=0.1109, reg=0.0000, time=50.49s.
-- 525/592 [88.7%], loss=0.1249, dgw=0.1249, reg=0.0000, time=40.24s.
-- 550/592 [92.9%], loss=0.1115, dgw=0.1115, reg=0.0000, time=46.95s.
-- 575/592 [97.1%], loss=0.1297, dgw=0.1297, reg=0.0000, time=34.99s.
-- 592/592 [100.0%], loss=0.1093, dgw=0.1093, reg=0.0000, time=30.82s.
fit: Epoch 7/15, loss = 0.1205, best loss = 0.1205
results/ENZYMES_Original_usl_tsne_fit_7.pdf
-- 25/592 [4.2%], loss=0.1198, dgw=0.1198, reg=0.0000, time=35.31s.
-- 50/592 [8.4%], loss=0.1233, dgw=0.1233, reg=0.0000, time=45.16s.
-- 75/592 [12.7%], loss=0.1159, dgw=0.1159, reg=0.0000, time=42.64s.
-- 100/592 [16.9%], loss=0.1180, dgw=0.1180, reg=0.0000, time=50.18s.
-- 125/592 [21.1%], loss=0.1047, dgw=0.1047, reg=0.0000, time=48.09s.
-- 150/592 [25.3%], loss=0.1200, dgw=0.1200, reg=0.0000, time=35.03s.
-- 175/592 [29.6%], loss=0.1098, dgw=0.1098, reg=0.0000, time=34.46s.
-- 200/592 [33.8%], loss=0.1182, dgw=0.1182, reg=0.0000, time=35.24s.
-- 225/592 [38.0%], loss=0.1046, dgw=0.1046, reg=0.0000, time=25.91s.
-- 250/592 [42.2%], loss=0.1197, dgw=0.1197, reg=0.0000, time=31.26s.
-- 275/592 [46.5%], loss=0.1175, dgw=0.1175, reg=0.0000, time=30.64s.
-- 300/592 [50.7%], loss=0.1317, dgw=0.1317, reg=0.0000, time=36.68s.
-- 325/592 [54.9%], loss=0.1187, dgw=0.1187, reg=0.0000, time=29.86s.
-- 350/592 [59.1%], loss=0.1172, dgw=0.1172, reg=0.0000, time=36.44s.
-- 375/592 [63.3%], loss=0.1045, dgw=0.1045, reg=0.0000, time=35.23s.
-- 400/592 [67.6%], loss=0.1118, dgw=0.1118, reg=0.0000, time=42.84s.
-- 425/592 [71.8%], loss=0.1077, dgw=0.1077, reg=0.0000, time=32.96s.
-- 450/592 [76.0%], loss=0.1047, dgw=0.1047, reg=0.0000, time=35.42s.
-- 475/592 [80.2%], loss=0.1070, dgw=0.1070, reg=0.0000, time=34.24s.
-- 500/592 [84.5%], loss=0.1019, dgw=0.1019, reg=0.0000, time=42.49s.
-- 525/592 [88.7%], loss=0.1038, dgw=0.1038, reg=0.0000, time=43.81s.
-- 550/592 [92.9%], loss=0.1111, dgw=0.1111, reg=0.0000, time=29.49s.
-- 575/592 [97.1%], loss=0.0995, dgw=0.0995, reg=0.0000, time=42.10s.
-- 592/592 [100.0%], loss=0.1078, dgw=0.1078, reg=0.0000, time=15.51s.
fit: Epoch 8/15, loss = 0.1125, best loss = 0.1125
results/ENZYMES_Original_usl_tsne_fit_8.pdf
-- 25/592 [4.2%], loss=0.1098, dgw=0.1098, reg=0.0000, time=39.31s.
-- 50/592 [8.4%], loss=0.1125, dgw=0.1125, reg=0.0000, time=37.58s.
-- 75/592 [12.7%], loss=0.1290, dgw=0.1290, reg=0.0000, time=27.71s.
-- 100/592 [16.9%], loss=0.1018, dgw=0.1018, reg=0.0000, time=27.35s.
-- 125/592 [21.1%], loss=0.1040, dgw=0.1040, reg=0.0000, time=46.02s.
-- 150/592 [25.3%], loss=0.1005, dgw=0.1005, reg=0.0000, time=56.31s.
-- 175/592 [29.6%], loss=0.0945, dgw=0.0945, reg=0.0000, time=45.21s.
-- 200/592 [33.8%], loss=0.1048, dgw=0.1048, reg=0.0000, time=29.91s.
-- 225/592 [38.0%], loss=0.1040, dgw=0.1040, reg=0.0000, time=42.55s.
-- 250/592 [42.2%], loss=0.1012, dgw=0.1012, reg=0.0000, time=35.44s.
-- 275/592 [46.5%], loss=0.1001, dgw=0.1001, reg=0.0000, time=45.28s.
-- 300/592 [50.7%], loss=0.1239, dgw=0.1239, reg=0.0000, time=32.98s.
-- 325/592 [54.9%], loss=0.1015, dgw=0.1015, reg=0.0000, time=37.66s.
-- 350/592 [59.1%], loss=0.1147, dgw=0.1147, reg=0.0000, time=38.46s.
-- 375/592 [63.3%], loss=0.0993, dgw=0.0993, reg=0.0000, time=41.06s.
-- 400/592 [67.6%], loss=0.1065, dgw=0.1065, reg=0.0000, time=42.23s.
-- 425/592 [71.8%], loss=0.0984, dgw=0.0984, reg=0.0000, time=34.38s.
-- 450/592 [76.0%], loss=0.1037, dgw=0.1037, reg=0.0000, time=36.99s.
-- 475/592 [80.2%], loss=0.0991, dgw=0.0991, reg=0.0000, time=38.78s.
-- 500/592 [84.5%], loss=0.0992, dgw=0.0992, reg=0.0000, time=34.21s.
-- 525/592 [88.7%], loss=0.0965, dgw=0.0965, reg=0.0000, time=33.49s.
-- 550/592 [92.9%], loss=0.1012, dgw=0.1012, reg=0.0000, time=41.46s.
-- 575/592 [97.1%], loss=0.1019, dgw=0.1019, reg=0.0000, time=35.80s.
-- 592/592 [100.0%], loss=0.0950, dgw=0.0950, reg=0.0000, time=33.89s.
fit: Epoch 9/15, loss = 0.1044, best loss = 0.1044
results/ENZYMES_Original_usl_tsne_fit_9.pdf
-- 25/592 [4.2%], loss=0.1030, dgw=0.1030, reg=0.0000, time=35.17s.
-- 50/592 [8.4%], loss=0.0938, dgw=0.0938, reg=0.0000, time=30.96s.
-- 75/592 [12.7%], loss=0.0945, dgw=0.0945, reg=0.0000, time=33.29s.
-- 100/592 [16.9%], loss=0.1044, dgw=0.1044, reg=0.0000, time=35.74s.
-- 125/592 [21.1%], loss=0.1068, dgw=0.1068, reg=0.0000, time=36.70s.
-- 150/592 [25.3%], loss=0.0891, dgw=0.0891, reg=0.0000, time=30.74s.
-- 175/592 [29.6%], loss=0.1051, dgw=0.1051, reg=0.0000, time=27.34s.
-- 200/592 [33.8%], loss=0.0934, dgw=0.0934, reg=0.0000, time=38.61s.
-- 225/592 [38.0%], loss=0.0916, dgw=0.0916, reg=0.0000, time=45.37s.
-- 250/592 [42.2%], loss=0.0894, dgw=0.0894, reg=0.0000, time=31.76s.
-- 275/592 [46.5%], loss=0.0976, dgw=0.0976, reg=0.0000, time=26.79s.
-- 300/592 [50.7%], loss=0.1022, dgw=0.1022, reg=0.0000, time=25.11s.
-- 325/592 [54.9%], loss=0.0853, dgw=0.0853, reg=0.0000, time=41.91s.
-- 350/592 [59.1%], loss=0.1111, dgw=0.1111, reg=0.0000, time=32.09s.
-- 375/592 [63.3%], loss=0.0931, dgw=0.0931, reg=0.0000, time=33.07s.
-- 400/592 [67.6%], loss=0.1048, dgw=0.1048, reg=0.0000, time=30.16s.
-- 425/592 [71.8%], loss=0.0919, dgw=0.0919, reg=0.0000, time=32.21s.
-- 450/592 [76.0%], loss=0.0958, dgw=0.0958, reg=0.0000, time=27.01s.
-- 475/592 [80.2%], loss=0.0871, dgw=0.0871, reg=0.0000, time=45.82s.
-- 500/592 [84.5%], loss=0.0903, dgw=0.0903, reg=0.0000, time=25.40s.
-- 525/592 [88.7%], loss=0.0866, dgw=0.0866, reg=0.0000, time=33.86s.
-- 550/592 [92.9%], loss=0.1077, dgw=0.1077, reg=0.0000, time=23.40s.
-- 575/592 [97.1%], loss=0.1023, dgw=0.1023, reg=0.0000, time=25.77s.
-- 592/592 [100.0%], loss=0.0944, dgw=0.0944, reg=0.0000, time=16.29s.
fit: Epoch 10/15, loss = 0.0968, best loss = 0.0968
results/ENZYMES_Original_usl_tsne_fit_10.pdf
-- 25/592 [4.2%], loss=0.0843, dgw=0.0843, reg=0.0000, time=32.80s.
-- 50/592 [8.4%], loss=0.0831, dgw=0.0831, reg=0.0000, time=24.40s.
-- 75/592 [12.7%], loss=0.0905, dgw=0.0905, reg=0.0000, time=31.71s.
-- 100/592 [16.9%], loss=0.0923, dgw=0.0923, reg=0.0000, time=44.75s.
-- 125/592 [21.1%], loss=0.0933, dgw=0.0933, reg=0.0000, time=33.15s.
-- 150/592 [25.3%], loss=0.0916, dgw=0.0916, reg=0.0000, time=29.19s.
-- 175/592 [29.6%], loss=0.0996, dgw=0.0996, reg=0.0000, time=34.57s.
-- 200/592 [33.8%], loss=0.0937, dgw=0.0937, reg=0.0000, time=25.91s.
-- 225/592 [38.0%], loss=0.0974, dgw=0.0974, reg=0.0000, time=27.90s.
-- 250/592 [42.2%], loss=0.0940, dgw=0.0940, reg=0.0000, time=28.56s.
-- 275/592 [46.5%], loss=0.0960, dgw=0.0960, reg=0.0000, time=25.35s.
-- 300/592 [50.7%], loss=0.0843, dgw=0.0843, reg=0.0000, time=26.57s.
-- 325/592 [54.9%], loss=0.0807, dgw=0.0807, reg=0.0000, time=27.48s.
-- 350/592 [59.1%], loss=0.0868, dgw=0.0868, reg=0.0000, time=31.63s.
-- 375/592 [63.3%], loss=0.1084, dgw=0.1084, reg=0.0000, time=34.41s.
-- 400/592 [67.6%], loss=0.0975, dgw=0.0975, reg=0.0000, time=26.53s.
-- 425/592 [71.8%], loss=0.0979, dgw=0.0979, reg=0.0000, time=22.11s.
-- 450/592 [76.0%], loss=0.0907, dgw=0.0907, reg=0.0000, time=30.06s.
-- 475/592 [80.2%], loss=0.0830, dgw=0.0830, reg=0.0000, time=37.79s.
-- 500/592 [84.5%], loss=0.0839, dgw=0.0839, reg=0.0000, time=32.28s.
-- 525/592 [88.7%], loss=0.0875, dgw=0.0875, reg=0.0000, time=28.09s.
-- 550/592 [92.9%], loss=0.0845, dgw=0.0845, reg=0.0000, time=27.54s.
-- 575/592 [97.1%], loss=0.0820, dgw=0.0820, reg=0.0000, time=34.72s.
-- 592/592 [100.0%], loss=0.0994, dgw=0.0994, reg=0.0000, time=18.51s.
fit: Epoch 11/15, loss = 0.0908, best loss = 0.0908
results/ENZYMES_Original_usl_tsne_fit_11.pdf
-- 25/592 [4.2%], loss=0.0807, dgw=0.0807, reg=0.0000, time=29.77s.
-- 50/592 [8.4%], loss=0.0824, dgw=0.0824, reg=0.0000, time=29.35s.
-- 75/592 [12.7%], loss=0.1013, dgw=0.1013, reg=0.0000, time=38.19s.
-- 100/592 [16.9%], loss=0.0852, dgw=0.0852, reg=0.0000, time=22.25s.
-- 125/592 [21.1%], loss=0.0796, dgw=0.0796, reg=0.0000, time=29.65s.
-- 150/592 [25.3%], loss=0.0788, dgw=0.0788, reg=0.0000, time=35.81s.
-- 175/592 [29.6%], loss=0.1109, dgw=0.1109, reg=0.0000, time=33.95s.
-- 200/592 [33.8%], loss=0.0804, dgw=0.0804, reg=0.0000, time=40.72s.
-- 225/592 [38.0%], loss=0.0791, dgw=0.0791, reg=0.0000, time=21.65s.
-- 250/592 [42.2%], loss=0.0924, dgw=0.0924, reg=0.0000, time=26.67s.
-- 275/592 [46.5%], loss=0.0825, dgw=0.0825, reg=0.0000, time=27.69s.
-- 300/592 [50.7%], loss=0.0863, dgw=0.0863, reg=0.0000, time=36.10s.
-- 325/592 [54.9%], loss=0.0816, dgw=0.0816, reg=0.0000, time=29.68s.
-- 350/592 [59.1%], loss=0.0929, dgw=0.0929, reg=0.0000, time=30.50s.
-- 375/592 [63.3%], loss=0.1062, dgw=0.1062, reg=0.0000, time=26.53s.
-- 400/592 [67.6%], loss=0.0903, dgw=0.0903, reg=0.0000, time=26.74s.
-- 425/592 [71.8%], loss=0.0805, dgw=0.0805, reg=0.0000, time=29.05s.
-- 450/592 [76.0%], loss=0.0763, dgw=0.0763, reg=0.0000, time=26.88s.
-- 475/592 [80.2%], loss=0.0824, dgw=0.0824, reg=0.0000, time=29.37s.
-- 500/592 [84.5%], loss=0.0872, dgw=0.0872, reg=0.0000, time=32.55s.
-- 525/592 [88.7%], loss=0.0877, dgw=0.0877, reg=0.0000, time=29.71s.
-- 550/592 [92.9%], loss=0.0906, dgw=0.0906, reg=0.0000, time=24.67s.
-- 575/592 [97.1%], loss=0.0821, dgw=0.0821, reg=0.0000, time=31.22s.
-- 592/592 [100.0%], loss=0.0873, dgw=0.0873, reg=0.0000, time=23.30s.
fit: Epoch 12/15, loss = 0.0869, best loss = 0.0869
results/ENZYMES_Original_usl_tsne_fit_12.pdf
-- 25/592 [4.2%], loss=0.0796, dgw=0.0796, reg=0.0000, time=30.13s.
-- 50/592 [8.4%], loss=0.0820, dgw=0.0820, reg=0.0000, time=34.43s.
-- 75/592 [12.7%], loss=0.0932, dgw=0.0932, reg=0.0000, time=32.75s.
-- 100/592 [16.9%], loss=0.0858, dgw=0.0858, reg=0.0000, time=32.78s.
-- 125/592 [21.1%], loss=0.0901, dgw=0.0901, reg=0.0000, time=28.93s.
-- 150/592 [25.3%], loss=0.0781, dgw=0.0781, reg=0.0000, time=25.90s.
-- 175/592 [29.6%], loss=0.0816, dgw=0.0816, reg=0.0000, time=34.38s.
-- 200/592 [33.8%], loss=0.0874, dgw=0.0874, reg=0.0000, time=32.17s.
-- 225/592 [38.0%], loss=0.0753, dgw=0.0753, reg=0.0000, time=29.29s.
-- 250/592 [42.2%], loss=0.0827, dgw=0.0827, reg=0.0000, time=26.29s.
-- 275/592 [46.5%], loss=0.0764, dgw=0.0764, reg=0.0000, time=44.23s.
-- 300/592 [50.7%], loss=0.0917, dgw=0.0917, reg=0.0000, time=16.51s.
-- 325/592 [54.9%], loss=0.0754, dgw=0.0754, reg=0.0000, time=31.74s.
-- 350/592 [59.1%], loss=0.1118, dgw=0.1118, reg=0.0000, time=30.54s.
-- 375/592 [63.3%], loss=0.0738, dgw=0.0738, reg=0.0000, time=22.91s.
-- 400/592 [67.6%], loss=0.0794, dgw=0.0794, reg=0.0000, time=35.71s.
-- 425/592 [71.8%], loss=0.0881, dgw=0.0881, reg=0.0000, time=25.26s.
-- 450/592 [76.0%], loss=0.0902, dgw=0.0902, reg=0.0000, time=35.90s.
-- 475/592 [80.2%], loss=0.0837, dgw=0.0837, reg=0.0000, time=24.25s.
-- 500/592 [84.5%], loss=0.0772, dgw=0.0772, reg=0.0000, time=35.71s.
-- 525/592 [88.7%], loss=0.0777, dgw=0.0777, reg=0.0000, time=33.99s.
-- 550/592 [92.9%], loss=0.0713, dgw=0.0713, reg=0.0000, time=32.04s.
-- 575/592 [97.1%], loss=0.0892, dgw=0.0892, reg=0.0000, time=22.38s.
-- 592/592 [100.0%], loss=0.0929, dgw=0.0929, reg=0.0000, time=22.83s.
fit: Epoch 13/15, loss = 0.0838, best loss = 0.0838
results/ENZYMES_Original_usl_tsne_fit_13.pdf
-- 25/592 [4.2%], loss=0.0785, dgw=0.0785, reg=0.0000, time=34.09s.
-- 50/592 [8.4%], loss=0.0773, dgw=0.0773, reg=0.0000, time=32.62s.
-- 75/592 [12.7%], loss=0.0877, dgw=0.0877, reg=0.0000, time=34.11s.
-- 100/592 [16.9%], loss=0.0718, dgw=0.0718, reg=0.0000, time=29.66s.
-- 125/592 [21.1%], loss=0.0785, dgw=0.0785, reg=0.0000, time=34.75s.
-- 150/592 [25.3%], loss=0.0812, dgw=0.0812, reg=0.0000, time=30.37s.
-- 175/592 [29.6%], loss=0.0845, dgw=0.0845, reg=0.0000, time=31.65s.
-- 200/592 [33.8%], loss=0.0743, dgw=0.0743, reg=0.0000, time=28.57s.
-- 225/592 [38.0%], loss=0.0889, dgw=0.0889, reg=0.0000, time=32.18s.
-- 250/592 [42.2%], loss=0.0841, dgw=0.0841, reg=0.0000, time=28.86s.
-- 275/592 [46.5%], loss=0.0798, dgw=0.0798, reg=0.0000, time=30.38s.
-- 300/592 [50.7%], loss=0.0728, dgw=0.0728, reg=0.0000, time=27.14s.
-- 325/592 [54.9%], loss=0.0907, dgw=0.0907, reg=0.0000, time=31.78s.
-- 350/592 [59.1%], loss=0.0949, dgw=0.0949, reg=0.0000, time=33.80s.
-- 375/592 [63.3%], loss=0.0889, dgw=0.0889, reg=0.0000, time=25.51s.
-- 400/592 [67.6%], loss=0.0940, dgw=0.0940, reg=0.0000, time=19.88s.
-- 425/592 [71.8%], loss=0.0726, dgw=0.0726, reg=0.0000, time=27.83s.
-- 450/592 [76.0%], loss=0.0971, dgw=0.0971, reg=0.0000, time=24.85s.
-- 475/592 [80.2%], loss=0.0757, dgw=0.0757, reg=0.0000, time=34.80s.
-- 500/592 [84.5%], loss=0.0734, dgw=0.0734, reg=0.0000, time=31.84s.
-- 525/592 [88.7%], loss=0.0765, dgw=0.0765, reg=0.0000, time=25.04s.
-- 550/592 [92.9%], loss=0.0820, dgw=0.0820, reg=0.0000, time=20.42s.
-- 575/592 [97.1%], loss=0.1062, dgw=0.1062, reg=0.0000, time=29.14s.
-- 592/592 [100.0%], loss=0.0697, dgw=0.0697, reg=0.0000, time=21.31s.
fit: Epoch 14/15, loss = 0.0827, best loss = 0.0827
results/ENZYMES_Original_usl_tsne_fit_14.pdf
-- 25/592 [4.2%], loss=0.0888, dgw=0.0888, reg=0.0000, time=27.70s.
-- 50/592 [8.4%], loss=0.0911, dgw=0.0911, reg=0.0000, time=24.98s.
-- 75/592 [12.7%], loss=0.0774, dgw=0.0774, reg=0.0000, time=27.26s.
-- 100/592 [16.9%], loss=0.0712, dgw=0.0712, reg=0.0000, time=29.08s.
-- 125/592 [21.1%], loss=0.0911, dgw=0.0911, reg=0.0000, time=31.49s.
-- 150/592 [25.3%], loss=0.0717, dgw=0.0717, reg=0.0000, time=30.02s.
-- 175/592 [29.6%], loss=0.0675, dgw=0.0675, reg=0.0000, time=28.16s.
-- 200/592 [33.8%], loss=0.0892, dgw=0.0892, reg=0.0000, time=20.11s.
-- 225/592 [38.0%], loss=0.0946, dgw=0.0946, reg=0.0000, time=24.20s.
-- 250/592 [42.2%], loss=0.0745, dgw=0.0745, reg=0.0000, time=25.17s.
-- 275/592 [46.5%], loss=0.0773, dgw=0.0773, reg=0.0000, time=27.03s.
-- 300/592 [50.7%], loss=0.0731, dgw=0.0731, reg=0.0000, time=30.67s.
-- 325/592 [54.9%], loss=0.0981, dgw=0.0981, reg=0.0000, time=27.98s.
-- 350/592 [59.1%], loss=0.0771, dgw=0.0771, reg=0.0000, time=24.70s.
-- 375/592 [63.3%], loss=0.1031, dgw=0.1031, reg=0.0000, time=25.92s.
-- 400/592 [67.6%], loss=0.0807, dgw=0.0807, reg=0.0000, time=28.35s.
-- 425/592 [71.8%], loss=0.0782, dgw=0.0782, reg=0.0000, time=34.82s.
-- 450/592 [76.0%], loss=0.0779, dgw=0.0779, reg=0.0000, time=37.37s.
-- 475/592 [80.2%], loss=0.0822, dgw=0.0822, reg=0.0000, time=29.14s.
-- 500/592 [84.5%], loss=0.0814, dgw=0.0814, reg=0.0000, time=20.58s.
-- 525/592 [88.7%], loss=0.0790, dgw=0.0790, reg=0.0000, time=29.12s.
-- 550/592 [92.9%], loss=0.0757, dgw=0.0757, reg=0.0000, time=30.45s.
-- 575/592 [97.1%], loss=0.0840, dgw=0.0840, reg=0.0000, time=33.52s.
-- 592/592 [100.0%], loss=0.0723, dgw=0.0723, reg=0.0000, time=23.48s.
fit: Epoch 15/15, loss = 0.0817, best loss = 0.0817
results/ENZYMES_Original_usl_tsne_fit_15.pdf
Rand Score: 0.7210694196734806
Done!
