MORE THAN 2 CLASSES!
-- 25/592 [4.2%], loss=0.2670, dgw=0.2670, reg=0.0000, time=32.47s.
-- 50/592 [8.4%], loss=0.2664, dgw=0.2664, reg=0.0000, time=50.56s.
-- 75/592 [12.7%], loss=0.2644, dgw=0.2644, reg=0.0000, time=54.86s.
-- 100/592 [16.9%], loss=0.2595, dgw=0.2595, reg=0.0000, time=47.30s.
-- 125/592 [21.1%], loss=0.2557, dgw=0.2557, reg=0.0000, time=70.09s.
-- 150/592 [25.3%], loss=0.2591, dgw=0.2591, reg=0.0000, time=55.13s.
-- 175/592 [29.6%], loss=0.2562, dgw=0.2562, reg=0.0000, time=57.83s.
-- 200/592 [33.8%], loss=0.2543, dgw=0.2543, reg=0.0000, time=52.06s.
-- 225/592 [38.0%], loss=0.2511, dgw=0.2511, reg=0.0000, time=68.44s.
-- 250/592 [42.2%], loss=0.2513, dgw=0.2513, reg=0.0000, time=45.91s.
-- 275/592 [46.5%], loss=0.2493, dgw=0.2493, reg=0.0000, time=63.77s.
-- 300/592 [50.7%], loss=0.2494, dgw=0.2494, reg=0.0000, time=58.11s.
-- 325/592 [54.9%], loss=0.2470, dgw=0.2470, reg=0.0000, time=45.32s.
-- 350/592 [59.1%], loss=0.2462, dgw=0.2462, reg=0.0000, time=57.42s.
-- 375/592 [63.3%], loss=0.2426, dgw=0.2426, reg=0.0000, time=48.56s.
-- 400/592 [67.6%], loss=0.2413, dgw=0.2413, reg=0.0000, time=51.54s.
-- 425/592 [71.8%], loss=0.2387, dgw=0.2387, reg=0.0000, time=67.76s.
-- 450/592 [76.0%], loss=0.2363, dgw=0.2363, reg=0.0000, time=69.02s.
-- 475/592 [80.2%], loss=0.2355, dgw=0.2355, reg=0.0000, time=57.48s.
-- 500/592 [84.5%], loss=0.2351, dgw=0.2351, reg=0.0000, time=57.14s.
-- 525/592 [88.7%], loss=0.2333, dgw=0.2333, reg=0.0000, time=44.55s.
-- 550/592 [92.9%], loss=0.2318, dgw=0.2318, reg=0.0000, time=59.76s.
-- 575/592 [97.1%], loss=0.2288, dgw=0.2288, reg=0.0000, time=48.54s.
-- 592/592 [100.0%], loss=0.2276, dgw=0.2276, reg=0.0000, time=40.68s.
fit: Epoch 1/15, loss = 0.2473, best loss = 0.2473
results/ENZYMES_Original_usl_tsne_fit_1.pdf
-- 25/592 [4.2%], loss=0.2276, dgw=0.2276, reg=0.0000, time=56.32s.
-- 50/592 [8.4%], loss=0.2254, dgw=0.2254, reg=0.0000, time=49.89s.
-- 75/592 [12.7%], loss=0.2227, dgw=0.2227, reg=0.0000, time=39.38s.
-- 100/592 [16.9%], loss=0.2216, dgw=0.2216, reg=0.0000, time=46.12s.
-- 125/592 [21.1%], loss=0.2204, dgw=0.2204, reg=0.0000, time=62.53s.
-- 150/592 [25.3%], loss=0.2189, dgw=0.2189, reg=0.0000, time=64.28s.
-- 175/592 [29.6%], loss=0.2180, dgw=0.2180, reg=0.0000, time=57.08s.
-- 200/592 [33.8%], loss=0.2183, dgw=0.2183, reg=0.0000, time=80.67s.
-- 225/592 [38.0%], loss=0.2140, dgw=0.2140, reg=0.0000, time=66.99s.
-- 250/592 [42.2%], loss=0.2130, dgw=0.2130, reg=0.0000, time=51.71s.
-- 275/592 [46.5%], loss=0.2134, dgw=0.2134, reg=0.0000, time=47.81s.
-- 300/592 [50.7%], loss=0.2110, dgw=0.2110, reg=0.0000, time=73.43s.
-- 325/592 [54.9%], loss=0.2099, dgw=0.2099, reg=0.0000, time=48.03s.
-- 350/592 [59.1%], loss=0.2083, dgw=0.2083, reg=0.0000, time=56.96s.
-- 375/592 [63.3%], loss=0.2069, dgw=0.2069, reg=0.0000, time=62.52s.
-- 400/592 [67.6%], loss=0.2068, dgw=0.2068, reg=0.0000, time=52.77s.
-- 425/592 [71.8%], loss=0.2016, dgw=0.2016, reg=0.0000, time=55.93s.
-- 450/592 [76.0%], loss=0.2058, dgw=0.2058, reg=0.0000, time=54.33s.
-- 475/592 [80.2%], loss=0.2021, dgw=0.2021, reg=0.0000, time=53.31s.
-- 500/592 [84.5%], loss=0.2001, dgw=0.2001, reg=0.0000, time=69.45s.
-- 525/592 [88.7%], loss=0.2015, dgw=0.2015, reg=0.0000, time=49.17s.
-- 550/592 [92.9%], loss=0.1975, dgw=0.1975, reg=0.0000, time=37.65s.
-- 575/592 [97.1%], loss=0.2006, dgw=0.2006, reg=0.0000, time=77.73s.
-- 592/592 [100.0%], loss=0.1977, dgw=0.1977, reg=0.0000, time=32.68s.
fit: Epoch 2/15, loss = 0.2111, best loss = 0.2111
results/ENZYMES_Original_usl_tsne_fit_2.pdf
-- 25/592 [4.2%], loss=0.1932, dgw=0.1932, reg=0.0000, time=75.91s.
-- 50/592 [8.4%], loss=0.1909, dgw=0.1909, reg=0.0000, time=68.32s.
-- 75/592 [12.7%], loss=0.1940, dgw=0.1940, reg=0.0000, time=11.76s.
-- 100/592 [16.9%], loss=0.1926, dgw=0.1926, reg=0.0000, time=44.32s.
-- 125/592 [21.1%], loss=0.1901, dgw=0.1901, reg=0.0000, time=45.35s.
-- 150/592 [25.3%], loss=0.1907, dgw=0.1907, reg=0.0000, time=42.32s.
-- 175/592 [29.6%], loss=0.1878, dgw=0.1878, reg=0.0000, time=58.61s.
-- 200/592 [33.8%], loss=0.1877, dgw=0.1877, reg=0.0000, time=71.49s.
-- 225/592 [38.0%], loss=0.1875, dgw=0.1875, reg=0.0000, time=47.84s.
-- 250/592 [42.2%], loss=0.1878, dgw=0.1878, reg=0.0000, time=56.87s.
-- 275/592 [46.5%], loss=0.1848, dgw=0.1848, reg=0.0000, time=64.74s.
-- 300/592 [50.7%], loss=0.1825, dgw=0.1825, reg=0.0000, time=56.54s.
-- 325/592 [54.9%], loss=0.1808, dgw=0.1808, reg=0.0000, time=51.47s.
-- 350/592 [59.1%], loss=0.1771, dgw=0.1771, reg=0.0000, time=48.02s.
-- 375/592 [63.3%], loss=0.1801, dgw=0.1801, reg=0.0000, time=53.76s.
-- 400/592 [67.6%], loss=0.1769, dgw=0.1769, reg=0.0000, time=79.07s.
-- 425/592 [71.8%], loss=0.1860, dgw=0.1860, reg=0.0000, time=65.97s.
-- 450/592 [76.0%], loss=0.1814, dgw=0.1814, reg=0.0000, time=42.87s.
-- 475/592 [80.2%], loss=0.1745, dgw=0.1745, reg=0.0000, time=62.07s.
-- 500/592 [84.5%], loss=0.1741, dgw=0.1741, reg=0.0000, time=62.96s.
-- 525/592 [88.7%], loss=0.1737, dgw=0.1737, reg=0.0000, time=56.25s.
-- 550/592 [92.9%], loss=0.1728, dgw=0.1728, reg=0.0000, time=46.03s.
-- 575/592 [97.1%], loss=0.1746, dgw=0.1746, reg=0.0000, time=41.28s.
-- 592/592 [100.0%], loss=0.1857, dgw=0.1857, reg=0.0000, time=36.44s.
fit: Epoch 3/15, loss = 0.1836, best loss = 0.1836
results/ENZYMES_Original_usl_tsne_fit_3.pdf
-- 25/592 [4.2%], loss=0.1699, dgw=0.1699, reg=0.0000, time=33.43s.
-- 50/592 [8.4%], loss=0.1728, dgw=0.1728, reg=0.0000, time=50.71s.
-- 75/592 [12.7%], loss=0.1713, dgw=0.1713, reg=0.0000, time=49.07s.
-- 100/592 [16.9%], loss=0.1696, dgw=0.1696, reg=0.0000, time=39.76s.
-- 125/592 [21.1%], loss=0.1694, dgw=0.1694, reg=0.0000, time=41.22s.
-- 150/592 [25.3%], loss=0.1735, dgw=0.1735, reg=0.0000, time=47.54s.
-- 175/592 [29.6%], loss=0.1676, dgw=0.1676, reg=0.0000, time=56.40s.
-- 200/592 [33.8%], loss=0.1656, dgw=0.1656, reg=0.0000, time=42.49s.
-- 225/592 [38.0%], loss=0.1600, dgw=0.1600, reg=0.0000, time=53.24s.
-- 250/592 [42.2%], loss=0.1704, dgw=0.1704, reg=0.0000, time=69.08s.
-- 275/592 [46.5%], loss=0.1643, dgw=0.1643, reg=0.0000, time=46.27s.
-- 300/592 [50.7%], loss=0.1630, dgw=0.1630, reg=0.0000, time=49.49s.
-- 325/592 [54.9%], loss=0.1578, dgw=0.1578, reg=0.0000, time=38.01s.
-- 350/592 [59.1%], loss=0.1676, dgw=0.1676, reg=0.0000, time=42.06s.
-- 375/592 [63.3%], loss=0.1635, dgw=0.1635, reg=0.0000, time=53.01s.
-- 400/592 [67.6%], loss=0.1578, dgw=0.1578, reg=0.0000, time=58.36s.
-- 425/592 [71.8%], loss=0.1507, dgw=0.1507, reg=0.0000, time=73.31s.
-- 450/592 [76.0%], loss=0.1514, dgw=0.1514, reg=0.0000, time=58.29s.
-- 475/592 [80.2%], loss=0.1680, dgw=0.1680, reg=0.0000, time=55.97s.
-- 500/592 [84.5%], loss=0.1564, dgw=0.1564, reg=0.0000, time=50.43s.
-- 525/592 [88.7%], loss=0.1534, dgw=0.1534, reg=0.0000, time=57.49s.
-- 550/592 [92.9%], loss=0.1529, dgw=0.1529, reg=0.0000, time=75.40s.
-- 575/592 [97.1%], loss=0.1573, dgw=0.1573, reg=0.0000, time=61.43s.
-- 592/592 [100.0%], loss=0.1507, dgw=0.1507, reg=0.0000, time=44.06s.
fit: Epoch 4/15, loss = 0.1629, best loss = 0.1629
results/ENZYMES_Original_usl_tsne_fit_4.pdf
-- 25/592 [4.2%], loss=0.1549, dgw=0.1549, reg=0.0000, time=50.98s.
-- 50/592 [8.4%], loss=0.1519, dgw=0.1519, reg=0.0000, time=71.18s.
-- 75/592 [12.7%], loss=0.1575, dgw=0.1575, reg=0.0000, time=46.73s.
-- 100/592 [16.9%], loss=0.1491, dgw=0.1491, reg=0.0000, time=42.00s.
-- 125/592 [21.1%], loss=0.1507, dgw=0.1507, reg=0.0000, time=40.30s.
-- 150/592 [25.3%], loss=0.1502, dgw=0.1502, reg=0.0000, time=61.25s.
-- 175/592 [29.6%], loss=0.1425, dgw=0.1425, reg=0.0000, time=64.68s.
-- 200/592 [33.8%], loss=0.1517, dgw=0.1517, reg=0.0000, time=63.08s.
-- 225/592 [38.0%], loss=0.1524, dgw=0.1524, reg=0.0000, time=45.73s.
-- 250/592 [42.2%], loss=0.1493, dgw=0.1493, reg=0.0000, time=39.84s.
-- 275/592 [46.5%], loss=0.1487, dgw=0.1487, reg=0.0000, time=77.44s.
-- 300/592 [50.7%], loss=0.1424, dgw=0.1424, reg=0.0000, time=66.49s.
-- 325/592 [54.9%], loss=0.1577, dgw=0.1577, reg=0.0000, time=54.67s.
-- 350/592 [59.1%], loss=0.1466, dgw=0.1466, reg=0.0000, time=62.58s.
-- 375/592 [63.3%], loss=0.1422, dgw=0.1422, reg=0.0000, time=63.63s.
-- 400/592 [67.6%], loss=0.1409, dgw=0.1409, reg=0.0000, time=75.35s.
-- 425/592 [71.8%], loss=0.1484, dgw=0.1484, reg=0.0000, time=44.71s.
-- 450/592 [76.0%], loss=0.1433, dgw=0.1433, reg=0.0000, time=57.20s.
-- 475/592 [80.2%], loss=0.1403, dgw=0.1403, reg=0.0000, time=49.38s.
-- 500/592 [84.5%], loss=0.1440, dgw=0.1440, reg=0.0000, time=50.96s.
-- 525/592 [88.7%], loss=0.1478, dgw=0.1478, reg=0.0000, time=59.27s.
-- 550/592 [92.9%], loss=0.1372, dgw=0.1372, reg=0.0000, time=56.65s.
-- 575/592 [97.1%], loss=0.1428, dgw=0.1428, reg=0.0000, time=68.04s.
-- 592/592 [100.0%], loss=0.1398, dgw=0.1398, reg=0.0000, time=37.03s.
fit: Epoch 5/15, loss = 0.1473, best loss = 0.1473
results/ENZYMES_Original_usl_tsne_fit_5.pdf
-- 25/592 [4.2%], loss=0.1395, dgw=0.1395, reg=0.0000, time=45.87s.
-- 50/592 [8.4%], loss=0.1414, dgw=0.1414, reg=0.0000, time=36.37s.
-- 75/592 [12.7%], loss=0.1382, dgw=0.1382, reg=0.0000, time=69.18s.
-- 100/592 [16.9%], loss=0.1299, dgw=0.1299, reg=0.0000, time=82.40s.
-- 125/592 [21.1%], loss=0.1362, dgw=0.1362, reg=0.0000, time=58.59s.
-- 150/592 [25.3%], loss=0.1377, dgw=0.1377, reg=0.0000, time=40.73s.
-- 175/592 [29.6%], loss=0.1344, dgw=0.1344, reg=0.0000, time=45.44s.
-- 200/592 [33.8%], loss=0.1442, dgw=0.1442, reg=0.0000, time=73.43s.
-- 225/592 [38.0%], loss=0.1347, dgw=0.1347, reg=0.0000, time=49.26s.
-- 250/592 [42.2%], loss=0.1341, dgw=0.1341, reg=0.0000, time=30.66s.
-- 275/592 [46.5%], loss=0.1305, dgw=0.1305, reg=0.0000, time=50.07s.
-- 300/592 [50.7%], loss=0.1457, dgw=0.1457, reg=0.0000, time=50.81s.
-- 325/592 [54.9%], loss=0.1262, dgw=0.1262, reg=0.0000, time=48.29s.
-- 350/592 [59.1%], loss=0.1696, dgw=0.1696, reg=0.0000, time=36.08s.
-- 375/592 [63.3%], loss=0.1322, dgw=0.1322, reg=0.0000, time=48.54s.
-- 400/592 [67.6%], loss=0.1354, dgw=0.1354, reg=0.0000, time=56.70s.
-- 425/592 [71.8%], loss=0.1475, dgw=0.1475, reg=0.0000, time=60.04s.
-- 450/592 [76.0%], loss=0.1829, dgw=0.1829, reg=0.0000, time=51.90s.
-- 475/592 [80.2%], loss=0.1732, dgw=0.1732, reg=0.0000, time=49.57s.
-- 500/592 [84.5%], loss=0.2199, dgw=0.2199, reg=0.0000, time=61.48s.
-- 525/592 [88.7%], loss=0.1603, dgw=0.1603, reg=0.0000, time=48.33s.
-- 550/592 [92.9%], loss=0.1496, dgw=0.1496, reg=0.0000, time=61.02s.
-- 575/592 [97.1%], loss=0.1631, dgw=0.1631, reg=0.0000, time=36.12s.
-- 592/592 [100.0%], loss=0.1505, dgw=0.1505, reg=0.0000, time=39.92s.
fit: Epoch 6/15, loss = 0.1482, best loss = 0.1473
results/ENZYMES_Original_usl_tsne_fit_6.pdf
-- 25/592 [4.2%], loss=0.1306, dgw=0.1306, reg=0.0000, time=54.93s.
-- 50/592 [8.4%], loss=0.1505, dgw=0.1505, reg=0.0000, time=51.50s.
-- 75/592 [12.7%], loss=0.1397, dgw=0.1397, reg=0.0000, time=40.80s.
-- 100/592 [16.9%], loss=0.1591, dgw=0.1591, reg=0.0000, time=43.67s.
-- 125/592 [21.1%], loss=0.1274, dgw=0.1274, reg=0.0000, time=61.37s.
-- 150/592 [25.3%], loss=0.1391, dgw=0.1391, reg=0.0000, time=55.96s.
-- 175/592 [29.6%], loss=0.1297, dgw=0.1297, reg=0.0000, time=36.49s.
-- 200/592 [33.8%], loss=0.1182, dgw=0.1182, reg=0.0000, time=64.39s.
-- 225/592 [38.0%], loss=0.1356, dgw=0.1356, reg=0.0000, time=48.78s.
-- 250/592 [42.2%], loss=0.1216, dgw=0.1216, reg=0.0000, time=48.29s.
-- 275/592 [46.5%], loss=0.1162, dgw=0.1162, reg=0.0000, time=45.52s.
-- 300/592 [50.7%], loss=0.1396, dgw=0.1396, reg=0.0000, time=46.50s.
-- 325/592 [54.9%], loss=0.1292, dgw=0.1292, reg=0.0000, time=41.21s.
-- 350/592 [59.1%], loss=0.1274, dgw=0.1274, reg=0.0000, time=49.28s.
-- 375/592 [63.3%], loss=0.1255, dgw=0.1255, reg=0.0000, time=56.32s.
-- 400/592 [67.6%], loss=0.1127, dgw=0.1127, reg=0.0000, time=48.80s.
-- 425/592 [71.8%], loss=0.1273, dgw=0.1273, reg=0.0000, time=38.84s.
-- 450/592 [76.0%], loss=0.1182, dgw=0.1182, reg=0.0000, time=44.14s.
-- 475/592 [80.2%], loss=0.1148, dgw=0.1148, reg=0.0000, time=56.08s.
-- 500/592 [84.5%], loss=0.1182, dgw=0.1182, reg=0.0000, time=43.92s.
-- 525/592 [88.7%], loss=0.1255, dgw=0.1255, reg=0.0000, time=40.03s.
-- 550/592 [92.9%], loss=0.1256, dgw=0.1256, reg=0.0000, time=67.44s.
-- 575/592 [97.1%], loss=0.1237, dgw=0.1237, reg=0.0000, time=52.23s.
-- 592/592 [100.0%], loss=0.1327, dgw=0.1327, reg=0.0000, time=24.17s.
fit: Epoch 7/15, loss = 0.1286, best loss = 0.1286
results/ENZYMES_Original_usl_tsne_fit_7.pdf
-- 25/592 [4.2%], loss=0.1309, dgw=0.1309, reg=0.0000, time=40.68s.
-- 50/592 [8.4%], loss=0.1118, dgw=0.1118, reg=0.0000, time=55.45s.
-- 75/592 [12.7%], loss=0.1166, dgw=0.1166, reg=0.0000, time=44.43s.
-- 100/592 [16.9%], loss=0.1120, dgw=0.1120, reg=0.0000, time=44.33s.
-- 125/592 [21.1%], loss=0.1401, dgw=0.1401, reg=0.0000, time=53.88s.
-- 150/592 [25.3%], loss=0.1100, dgw=0.1100, reg=0.0000, time=47.86s.
-- 175/592 [29.6%], loss=0.1104, dgw=0.1104, reg=0.0000, time=37.57s.
-- 200/592 [33.8%], loss=0.1108, dgw=0.1108, reg=0.0000, time=40.00s.
-- 225/592 [38.0%], loss=0.1145, dgw=0.1145, reg=0.0000, time=52.46s.
-- 250/592 [42.2%], loss=0.1058, dgw=0.1058, reg=0.0000, time=42.88s.
-- 275/592 [46.5%], loss=0.1216, dgw=0.1216, reg=0.0000, time=47.38s.
-- 300/592 [50.7%], loss=0.1160, dgw=0.1160, reg=0.0000, time=37.28s.
-- 325/592 [54.9%], loss=0.1216, dgw=0.1216, reg=0.0000, time=47.81s.
-- 350/592 [59.1%], loss=0.1186, dgw=0.1186, reg=0.0000, time=39.03s.
-- 375/592 [63.3%], loss=0.1206, dgw=0.1206, reg=0.0000, time=33.46s.
-- 400/592 [67.6%], loss=0.1085, dgw=0.1085, reg=0.0000, time=36.81s.
-- 425/592 [71.8%], loss=0.1211, dgw=0.1211, reg=0.0000, time=28.04s.
-- 450/592 [76.0%], loss=0.1127, dgw=0.1127, reg=0.0000, time=37.88s.
-- 475/592 [80.2%], loss=0.1195, dgw=0.1195, reg=0.0000, time=39.26s.
-- 500/592 [84.5%], loss=0.1179, dgw=0.1179, reg=0.0000, time=50.99s.
-- 525/592 [88.7%], loss=0.1200, dgw=0.1200, reg=0.0000, time=55.07s.
-- 550/592 [92.9%], loss=0.1146, dgw=0.1146, reg=0.0000, time=52.89s.
-- 575/592 [97.1%], loss=0.1213, dgw=0.1213, reg=0.0000, time=49.93s.
-- 592/592 [100.0%], loss=0.1106, dgw=0.1106, reg=0.0000, time=20.56s.
fit: Epoch 8/15, loss = 0.1171, best loss = 0.1171
results/ENZYMES_Original_usl_tsne_fit_8.pdf
-- 25/592 [4.2%], loss=0.1039, dgw=0.1039, reg=0.0000, time=42.99s.
-- 50/592 [8.4%], loss=0.1164, dgw=0.1164, reg=0.0000, time=46.28s.
-- 75/592 [12.7%], loss=0.1066, dgw=0.1066, reg=0.0000, time=48.94s.
-- 100/592 [16.9%], loss=0.1096, dgw=0.1096, reg=0.0000, time=41.70s.
-- 125/592 [21.1%], loss=0.1088, dgw=0.1088, reg=0.0000, time=39.44s.
-- 150/592 [25.3%], loss=0.1213, dgw=0.1213, reg=0.0000, time=48.89s.
-- 175/592 [29.6%], loss=0.1151, dgw=0.1151, reg=0.0000, time=31.70s.
-- 200/592 [33.8%], loss=0.1086, dgw=0.1086, reg=0.0000, time=45.13s.
-- 225/592 [38.0%], loss=0.1283, dgw=0.1283, reg=0.0000, time=50.40s.
-- 250/592 [42.2%], loss=0.1163, dgw=0.1163, reg=0.0000, time=42.97s.
-- 275/592 [46.5%], loss=0.1310, dgw=0.1310, reg=0.0000, time=54.47s.
-- 300/592 [50.7%], loss=0.1138, dgw=0.1138, reg=0.0000, time=55.26s.
-- 325/592 [54.9%], loss=0.1290, dgw=0.1290, reg=0.0000, time=46.38s.
-- 350/592 [59.1%], loss=0.1214, dgw=0.1214, reg=0.0000, time=37.06s.
-- 375/592 [63.3%], loss=0.1087, dgw=0.1087, reg=0.0000, time=31.35s.
-- 400/592 [67.6%], loss=0.1374, dgw=0.1374, reg=0.0000, time=29.50s.
-- 425/592 [71.8%], loss=0.1531, dgw=0.1531, reg=0.0000, time=34.87s.
-- 450/592 [76.0%], loss=0.1464, dgw=0.1464, reg=0.0000, time=35.87s.
-- 475/592 [80.2%], loss=0.1233, dgw=0.1233, reg=0.0000, time=49.52s.
-- 500/592 [84.5%], loss=0.1292, dgw=0.1292, reg=0.0000, time=45.35s.
-- 525/592 [88.7%], loss=0.1189, dgw=0.1189, reg=0.0000, time=38.51s.
-- 550/592 [92.9%], loss=0.1350, dgw=0.1350, reg=0.0000, time=42.43s.
-- 575/592 [97.1%], loss=0.1539, dgw=0.1539, reg=0.0000, time=44.28s.
-- 592/592 [100.0%], loss=0.1325, dgw=0.1325, reg=0.0000, time=27.66s.
fit: Epoch 9/15, loss = 0.1236, best loss = 0.1171
results/ENZYMES_Original_usl_tsne_fit_9.pdf
-- 25/592 [4.2%], loss=0.1245, dgw=0.1245, reg=0.0000, time=47.31s.
-- 50/592 [8.4%], loss=0.1347, dgw=0.1347, reg=0.0000, time=40.23s.
-- 75/592 [12.7%], loss=0.1230, dgw=0.1230, reg=0.0000, time=46.42s.
-- 100/592 [16.9%], loss=0.1380, dgw=0.1380, reg=0.0000, time=34.81s.
-- 125/592 [21.1%], loss=0.1287, dgw=0.1287, reg=0.0000, time=43.05s.
-- 150/592 [25.3%], loss=0.1170, dgw=0.1170, reg=0.0000, time=68.63s.
-- 175/592 [29.6%], loss=0.1233, dgw=0.1233, reg=0.0000, time=35.62s.
-- 200/592 [33.8%], loss=0.1472, dgw=0.1472, reg=0.0000, time=32.71s.
-- 225/592 [38.0%], loss=0.1588, dgw=0.1588, reg=0.0000, time=51.08s.
-- 250/592 [42.2%], loss=0.1367, dgw=0.1367, reg=0.0000, time=34.60s.
-- 275/592 [46.5%], loss=0.1143, dgw=0.1143, reg=0.0000, time=52.45s.
-- 300/592 [50.7%], loss=0.1165, dgw=0.1165, reg=0.0000, time=56.24s.
-- 325/592 [54.9%], loss=0.1263, dgw=0.1263, reg=0.0000, time=29.06s.
-- 350/592 [59.1%], loss=0.1154, dgw=0.1154, reg=0.0000, time=39.62s.
-- 375/592 [63.3%], loss=0.0999, dgw=0.0999, reg=0.0000, time=44.11s.
-- 400/592 [67.6%], loss=0.1086, dgw=0.1086, reg=0.0000, time=56.48s.
-- 425/592 [71.8%], loss=0.1152, dgw=0.1152, reg=0.0000, time=48.64s.
-- 450/592 [76.0%], loss=0.1171, dgw=0.1171, reg=0.0000, time=35.57s.
-- 475/592 [80.2%], loss=0.0993, dgw=0.0993, reg=0.0000, time=35.51s.
-- 500/592 [84.5%], loss=0.1015, dgw=0.1015, reg=0.0000, time=49.93s.
-- 525/592 [88.7%], loss=0.0987, dgw=0.0987, reg=0.0000, time=46.39s.
-- 550/592 [92.9%], loss=0.1023, dgw=0.1023, reg=0.0000, time=36.64s.
-- 575/592 [97.1%], loss=0.1003, dgw=0.1003, reg=0.0000, time=35.48s.
-- 592/592 [100.0%], loss=0.0994, dgw=0.0994, reg=0.0000, time=32.50s.
fit: Epoch 10/15, loss = 0.1189, best loss = 0.1171
results/ENZYMES_Original_usl_tsne_fit_10.pdf
-- 25/592 [4.2%], loss=0.1000, dgw=0.1000, reg=0.0000, time=42.31s.
-- 50/592 [8.4%], loss=0.1088, dgw=0.1088, reg=0.0000, time=35.12s.
-- 75/592 [12.7%], loss=0.1001, dgw=0.1001, reg=0.0000, time=28.51s.
-- 100/592 [16.9%], loss=0.0960, dgw=0.0960, reg=0.0000, time=55.76s.
-- 125/592 [21.1%], loss=0.1019, dgw=0.1019, reg=0.0000, time=37.67s.
-- 150/592 [25.3%], loss=0.0977, dgw=0.0977, reg=0.0000, time=38.25s.
-- 175/592 [29.6%], loss=0.0937, dgw=0.0937, reg=0.0000, time=32.84s.
-- 200/592 [33.8%], loss=0.0996, dgw=0.0996, reg=0.0000, time=31.53s.
-- 225/592 [38.0%], loss=0.1108, dgw=0.1108, reg=0.0000, time=40.34s.
-- 250/592 [42.2%], loss=0.0971, dgw=0.0971, reg=0.0000, time=29.82s.
-- 275/592 [46.5%], loss=0.1109, dgw=0.1109, reg=0.0000, time=37.98s.
-- 300/592 [50.7%], loss=0.0954, dgw=0.0954, reg=0.0000, time=33.93s.
-- 325/592 [54.9%], loss=0.0943, dgw=0.0943, reg=0.0000, time=43.34s.
-- 350/592 [59.1%], loss=0.0958, dgw=0.0958, reg=0.0000, time=46.99s.
-- 375/592 [63.3%], loss=0.1122, dgw=0.1122, reg=0.0000, time=34.81s.
-- 400/592 [67.6%], loss=0.0992, dgw=0.0992, reg=0.0000, time=25.14s.
-- 425/592 [71.8%], loss=0.0994, dgw=0.0994, reg=0.0000, time=36.94s.
-- 450/592 [76.0%], loss=0.0857, dgw=0.0857, reg=0.0000, time=47.37s.
-- 475/592 [80.2%], loss=0.1173, dgw=0.1173, reg=0.0000, time=29.45s.
-- 500/592 [84.5%], loss=0.0875, dgw=0.0875, reg=0.0000, time=37.35s.
-- 525/592 [88.7%], loss=0.0871, dgw=0.0871, reg=0.0000, time=36.03s.
-- 550/592 [92.9%], loss=0.0826, dgw=0.0826, reg=0.0000, time=27.57s.
-- 575/592 [97.1%], loss=0.1095, dgw=0.1095, reg=0.0000, time=36.69s.
-- 592/592 [100.0%], loss=0.0823, dgw=0.0823, reg=0.0000, time=23.78s.
fit: Epoch 11/15, loss = 0.0988, best loss = 0.0988
results/ENZYMES_Original_usl_tsne_fit_11.pdf
-- 25/592 [4.2%], loss=0.0978, dgw=0.0978, reg=0.0000, time=28.17s.
-- 50/592 [8.4%], loss=0.0980, dgw=0.0980, reg=0.0000, time=43.21s.
-- 75/592 [12.7%], loss=0.0978, dgw=0.0978, reg=0.0000, time=33.93s.
-- 100/592 [16.9%], loss=0.0942, dgw=0.0942, reg=0.0000, time=29.16s.
-- 125/592 [21.1%], loss=0.0944, dgw=0.0944, reg=0.0000, time=34.85s.
-- 150/592 [25.3%], loss=0.0836, dgw=0.0836, reg=0.0000, time=42.18s.
-- 175/592 [29.6%], loss=0.0919, dgw=0.0919, reg=0.0000, time=49.97s.
-- 200/592 [33.8%], loss=0.1001, dgw=0.1001, reg=0.0000, time=32.43s.
-- 225/592 [38.0%], loss=0.0986, dgw=0.0986, reg=0.0000, time=30.96s.
-- 250/592 [42.2%], loss=0.0996, dgw=0.0996, reg=0.0000, time=39.26s.
-- 275/592 [46.5%], loss=0.1231, dgw=0.1231, reg=0.0000, time=29.68s.
-- 300/592 [50.7%], loss=0.0988, dgw=0.0988, reg=0.0000, time=32.65s.
-- 325/592 [54.9%], loss=0.1044, dgw=0.1044, reg=0.0000, time=30.68s.
-- 350/592 [59.1%], loss=0.1497, dgw=0.1497, reg=0.0000, time=37.17s.
-- 375/592 [63.3%], loss=0.1017, dgw=0.1017, reg=0.0000, time=44.60s.
-- 400/592 [67.6%], loss=0.1176, dgw=0.1176, reg=0.0000, time=35.82s.
-- 425/592 [71.8%], loss=0.1090, dgw=0.1090, reg=0.0000, time=40.14s.
-- 450/592 [76.0%], loss=0.1107, dgw=0.1107, reg=0.0000, time=39.61s.
-- 475/592 [80.2%], loss=0.1006, dgw=0.1006, reg=0.0000, time=49.75s.
-- 500/592 [84.5%], loss=0.0975, dgw=0.0975, reg=0.0000, time=36.60s.
-- 525/592 [88.7%], loss=0.1088, dgw=0.1088, reg=0.0000, time=38.14s.
-- 550/592 [92.9%], loss=0.1190, dgw=0.1190, reg=0.0000, time=24.34s.
-- 575/592 [97.1%], loss=0.1108, dgw=0.1108, reg=0.0000, time=27.64s.
-- 592/592 [100.0%], loss=0.1085, dgw=0.1085, reg=0.0000, time=25.51s.
fit: Epoch 12/15, loss = 0.1048, best loss = 0.0988
results/ENZYMES_Original_usl_tsne_fit_12.pdf
-- 25/592 [4.2%], loss=0.1067, dgw=0.1067, reg=0.0000, time=45.91s.
-- 50/592 [8.4%], loss=0.1013, dgw=0.1013, reg=0.0000, time=52.27s.
-- 75/592 [12.7%], loss=0.1019, dgw=0.1019, reg=0.0000, time=28.48s.
-- 100/592 [16.9%], loss=0.1140, dgw=0.1140, reg=0.0000, time=38.30s.
-- 125/592 [21.1%], loss=0.1087, dgw=0.1087, reg=0.0000, time=25.53s.
-- 150/592 [25.3%], loss=0.1322, dgw=0.1322, reg=0.0000, time=24.40s.
-- 175/592 [29.6%], loss=0.1110, dgw=0.1110, reg=0.0000, time=43.77s.
-- 200/592 [33.8%], loss=0.0945, dgw=0.0945, reg=0.0000, time=48.21s.
-- 225/592 [38.0%], loss=0.1134, dgw=0.1134, reg=0.0000, time=40.81s.
-- 250/592 [42.2%], loss=0.1025, dgw=0.1025, reg=0.0000, time=28.80s.
-- 275/592 [46.5%], loss=0.0963, dgw=0.0963, reg=0.0000, time=39.61s.
-- 300/592 [50.7%], loss=0.0949, dgw=0.0949, reg=0.0000, time=30.85s.
-- 325/592 [54.9%], loss=0.1038, dgw=0.1038, reg=0.0000, time=37.30s.
-- 350/592 [59.1%], loss=0.1062, dgw=0.1062, reg=0.0000, time=37.61s.
-- 375/592 [63.3%], loss=0.0944, dgw=0.0944, reg=0.0000, time=34.34s.
-- 400/592 [67.6%], loss=0.0896, dgw=0.0896, reg=0.0000, time=17.52s.
-- 425/592 [71.8%], loss=0.1045, dgw=0.1045, reg=0.0000, time=39.10s.
-- 450/592 [76.0%], loss=0.0924, dgw=0.0924, reg=0.0000, time=38.38s.
-- 475/592 [80.2%], loss=0.0923, dgw=0.0923, reg=0.0000, time=40.37s.
-- 500/592 [84.5%], loss=0.0896, dgw=0.0896, reg=0.0000, time=36.36s.
-- 525/592 [88.7%], loss=0.0824, dgw=0.0824, reg=0.0000, time=41.30s.
-- 550/592 [92.9%], loss=0.0821, dgw=0.0821, reg=0.0000, time=44.74s.
-- 575/592 [97.1%], loss=0.0855, dgw=0.0855, reg=0.0000, time=33.76s.
-- 592/592 [100.0%], loss=0.1200, dgw=0.1200, reg=0.0000, time=25.70s.
fit: Epoch 13/15, loss = 0.1006, best loss = 0.0988
results/ENZYMES_Original_usl_tsne_fit_13.pdf
-- 25/592 [4.2%], loss=0.0948, dgw=0.0948, reg=0.0000, time=32.34s.
-- 50/592 [8.4%], loss=0.0960, dgw=0.0960, reg=0.0000, time=38.18s.
-- 75/592 [12.7%], loss=0.0900, dgw=0.0900, reg=0.0000, time=53.75s.
-- 100/592 [16.9%], loss=0.0926, dgw=0.0926, reg=0.0000, time=35.22s.
-- 125/592 [21.1%], loss=0.0916, dgw=0.0916, reg=0.0000, time=33.54s.
-- 150/592 [25.3%], loss=0.1057, dgw=0.1057, reg=0.0000, time=28.58s.
-- 175/592 [29.6%], loss=0.1015, dgw=0.1015, reg=0.0000, time=23.32s.
-- 200/592 [33.8%], loss=0.0899, dgw=0.0899, reg=0.0000, time=36.84s.
-- 225/592 [38.0%], loss=0.0926, dgw=0.0926, reg=0.0000, time=35.01s.
-- 250/592 [42.2%], loss=0.1142, dgw=0.1142, reg=0.0000, time=35.68s.
-- 275/592 [46.5%], loss=0.0879, dgw=0.0879, reg=0.0000, time=36.32s.
-- 300/592 [50.7%], loss=0.0943, dgw=0.0943, reg=0.0000, time=41.54s.
-- 325/592 [54.9%], loss=0.0930, dgw=0.0930, reg=0.0000, time=32.83s.
-- 350/592 [59.1%], loss=0.0832, dgw=0.0832, reg=0.0000, time=31.24s.
-- 375/592 [63.3%], loss=0.0890, dgw=0.0890, reg=0.0000, time=38.80s.
-- 400/592 [67.6%], loss=0.1001, dgw=0.1001, reg=0.0000, time=32.74s.
-- 425/592 [71.8%], loss=0.0880, dgw=0.0880, reg=0.0000, time=35.45s.
-- 450/592 [76.0%], loss=0.0965, dgw=0.0965, reg=0.0000, time=32.81s.
-- 475/592 [80.2%], loss=0.1155, dgw=0.1155, reg=0.0000, time=28.59s.
-- 500/592 [84.5%], loss=0.0858, dgw=0.0858, reg=0.0000, time=46.03s.
-- 525/592 [88.7%], loss=0.1074, dgw=0.1074, reg=0.0000, time=36.72s.
-- 550/592 [92.9%], loss=0.0992, dgw=0.0992, reg=0.0000, time=29.70s.
-- 575/592 [97.1%], loss=0.0865, dgw=0.0865, reg=0.0000, time=21.33s.
-- 592/592 [100.0%], loss=0.0966, dgw=0.0966, reg=0.0000, time=25.59s.
fit: Epoch 14/15, loss = 0.0955, best loss = 0.0955
results/ENZYMES_Original_usl_tsne_fit_14.pdf
-- 25/592 [4.2%], loss=0.0958, dgw=0.0958, reg=0.0000, time=29.50s.
-- 50/592 [8.4%], loss=0.1004, dgw=0.1004, reg=0.0000, time=25.48s.
-- 75/592 [12.7%], loss=0.1083, dgw=0.1083, reg=0.0000, time=38.99s.
-- 100/592 [16.9%], loss=0.0974, dgw=0.0974, reg=0.0000, time=26.61s.
-- 125/592 [21.1%], loss=0.0844, dgw=0.0844, reg=0.0000, time=34.92s.
-- 150/592 [25.3%], loss=0.0897, dgw=0.0897, reg=0.0000, time=54.36s.
-- 175/592 [29.6%], loss=0.1341, dgw=0.1341, reg=0.0000, time=33.11s.
-- 200/592 [33.8%], loss=0.0997, dgw=0.0997, reg=0.0000, time=51.87s.
-- 225/592 [38.0%], loss=0.0970, dgw=0.0970, reg=0.0000, time=38.53s.
-- 250/592 [42.2%], loss=0.1086, dgw=0.1086, reg=0.0000, time=45.99s.
-- 275/592 [46.5%], loss=0.0936, dgw=0.0936, reg=0.0000, time=32.11s.
-- 300/592 [50.7%], loss=0.0876, dgw=0.0876, reg=0.0000, time=29.99s.
-- 325/592 [54.9%], loss=0.0826, dgw=0.0826, reg=0.0000, time=47.34s.
-- 350/592 [59.1%], loss=0.0749, dgw=0.0749, reg=0.0000, time=51.59s.
-- 375/592 [63.3%], loss=0.1090, dgw=0.1090, reg=0.0000, time=37.13s.
-- 400/592 [67.6%], loss=0.1167, dgw=0.1167, reg=0.0000, time=40.52s.
-- 425/592 [71.8%], loss=0.1126, dgw=0.1126, reg=0.0000, time=31.39s.
-- 450/592 [76.0%], loss=0.1018, dgw=0.1018, reg=0.0000, time=46.38s.
-- 475/592 [80.2%], loss=0.1042, dgw=0.1042, reg=0.0000, time=35.37s.
-- 500/592 [84.5%], loss=0.1050, dgw=0.1050, reg=0.0000, time=31.78s.
-- 525/592 [88.7%], loss=0.0880, dgw=0.0880, reg=0.0000, time=29.54s.
-- 550/592 [92.9%], loss=0.0865, dgw=0.0865, reg=0.0000, time=35.98s.
-- 575/592 [97.1%], loss=0.1250, dgw=0.1250, reg=0.0000, time=39.74s.
-- 592/592 [100.0%], loss=0.0964, dgw=0.0964, reg=0.0000, time=21.11s.
fit: Epoch 15/15, loss = 0.1000, best loss = 0.0955
results/ENZYMES_Original_usl_tsne_fit_15.pdf
Rand Score: 0.7244820963095074
Done!
