MORE THAN 2 CLASSES!
-- 25/592 [4.2%], loss=0.2698, dgw=0.2698, reg=0.0000, time=62.10s.
-- 50/592 [8.4%], loss=0.2720, dgw=0.2720, reg=0.0000, time=43.71s.
-- 75/592 [12.7%], loss=0.2690, dgw=0.2690, reg=0.0000, time=52.34s.
-- 100/592 [16.9%], loss=0.2646, dgw=0.2646, reg=0.0000, time=56.51s.
-- 125/592 [21.1%], loss=0.2633, dgw=0.2633, reg=0.0000, time=63.98s.
-- 150/592 [25.3%], loss=0.2625, dgw=0.2625, reg=0.0000, time=46.47s.
-- 175/592 [29.6%], loss=0.2591, dgw=0.2591, reg=0.0000, time=63.72s.
-- 200/592 [33.8%], loss=0.2582, dgw=0.2582, reg=0.0000, time=77.79s.
-- 225/592 [38.0%], loss=0.2577, dgw=0.2577, reg=0.0000, time=72.81s.
-- 250/592 [42.2%], loss=0.2554, dgw=0.2554, reg=0.0000, time=38.96s.
-- 275/592 [46.5%], loss=0.2539, dgw=0.2539, reg=0.0000, time=47.35s.
-- 300/592 [50.7%], loss=0.2524, dgw=0.2524, reg=0.0000, time=52.45s.
-- 325/592 [54.9%], loss=0.2485, dgw=0.2485, reg=0.0000, time=59.67s.
-- 350/592 [59.1%], loss=0.2512, dgw=0.2512, reg=0.0000, time=49.81s.
-- 375/592 [63.3%], loss=0.2462, dgw=0.2462, reg=0.0000, time=85.43s.
-- 400/592 [67.6%], loss=0.2439, dgw=0.2439, reg=0.0000, time=54.11s.
-- 425/592 [71.8%], loss=0.2435, dgw=0.2435, reg=0.0000, time=63.28s.
-- 450/592 [76.0%], loss=0.2400, dgw=0.2400, reg=0.0000, time=80.15s.
-- 475/592 [80.2%], loss=0.2396, dgw=0.2396, reg=0.0000, time=63.04s.
-- 500/592 [84.5%], loss=0.2376, dgw=0.2376, reg=0.0000, time=64.38s.
-- 525/592 [88.7%], loss=0.2356, dgw=0.2356, reg=0.0000, time=55.95s.
-- 550/592 [92.9%], loss=0.2331, dgw=0.2331, reg=0.0000, time=71.67s.
-- 575/592 [97.1%], loss=0.2342, dgw=0.2342, reg=0.0000, time=70.67s.
-- 592/592 [100.0%], loss=0.2321, dgw=0.2321, reg=0.0000, time=31.26s.
fit: Epoch 1/15, loss = 0.2512, best loss = 0.2512
results/ENZYMES_Original_usl_tsne_fit_1.pdf
-- 25/592 [4.2%], loss=0.2310, dgw=0.2310, reg=0.0000, time=59.43s.
-- 50/592 [8.4%], loss=0.2264, dgw=0.2264, reg=0.0000, time=57.99s.
-- 75/592 [12.7%], loss=0.2274, dgw=0.2274, reg=0.0000, time=48.19s.
-- 100/592 [16.9%], loss=0.2242, dgw=0.2242, reg=0.0000, time=34.39s.
-- 125/592 [21.1%], loss=0.2234, dgw=0.2234, reg=0.0000, time=78.21s.
-- 150/592 [25.3%], loss=0.2237, dgw=0.2237, reg=0.0000, time=68.04s.
-- 175/592 [29.6%], loss=0.2237, dgw=0.2237, reg=0.0000, time=75.46s.
-- 200/592 [33.8%], loss=0.2184, dgw=0.2184, reg=0.0000, time=50.57s.
-- 225/592 [38.0%], loss=0.2171, dgw=0.2171, reg=0.0000, time=76.58s.
-- 250/592 [42.2%], loss=0.2156, dgw=0.2156, reg=0.0000, time=80.87s.
-- 275/592 [46.5%], loss=0.2146, dgw=0.2146, reg=0.0000, time=66.98s.
-- 300/592 [50.7%], loss=0.2163, dgw=0.2163, reg=0.0000, time=49.03s.
-- 325/592 [54.9%], loss=0.2110, dgw=0.2110, reg=0.0000, time=76.98s.
-- 350/592 [59.1%], loss=0.2111, dgw=0.2111, reg=0.0000, time=68.66s.
-- 375/592 [63.3%], loss=0.2100, dgw=0.2100, reg=0.0000, time=87.81s.
-- 400/592 [67.6%], loss=0.2093, dgw=0.2093, reg=0.0000, time=55.81s.
-- 425/592 [71.8%], loss=0.2118, dgw=0.2118, reg=0.0000, time=61.52s.
-- 450/592 [76.0%], loss=0.2051, dgw=0.2051, reg=0.0000, time=79.00s.
-- 475/592 [80.2%], loss=0.2091, dgw=0.2091, reg=0.0000, time=67.50s.
-- 500/592 [84.5%], loss=0.2026, dgw=0.2026, reg=0.0000, time=64.47s.
-- 525/592 [88.7%], loss=0.2020, dgw=0.2020, reg=0.0000, time=34.57s.
-- 550/592 [92.9%], loss=0.1998, dgw=0.1998, reg=0.0000, time=56.03s.
-- 575/592 [97.1%], loss=0.1988, dgw=0.1988, reg=0.0000, time=37.08s.
-- 592/592 [100.0%], loss=0.1973, dgw=0.1973, reg=0.0000, time=26.54s.
fit: Epoch 2/15, loss = 0.2140, best loss = 0.2140
results/ENZYMES_Original_usl_tsne_fit_2.pdf
-- 25/592 [4.2%], loss=0.1988, dgw=0.1988, reg=0.0000, time=51.44s.
-- 50/592 [8.4%], loss=0.1968, dgw=0.1968, reg=0.0000, time=73.16s.
-- 75/592 [12.7%], loss=0.1942, dgw=0.1942, reg=0.0000, time=50.59s.
-- 100/592 [16.9%], loss=0.1938, dgw=0.1938, reg=0.0000, time=77.68s.
-- 125/592 [21.1%], loss=0.1920, dgw=0.1920, reg=0.0000, time=52.17s.
-- 150/592 [25.3%], loss=0.1915, dgw=0.1915, reg=0.0000, time=63.32s.
-- 175/592 [29.6%], loss=0.1899, dgw=0.1899, reg=0.0000, time=48.52s.
-- 200/592 [33.8%], loss=0.1902, dgw=0.1902, reg=0.0000, time=48.34s.
-- 225/592 [38.0%], loss=0.1883, dgw=0.1883, reg=0.0000, time=53.97s.
-- 250/592 [42.2%], loss=0.1839, dgw=0.1839, reg=0.0000, time=42.92s.
-- 275/592 [46.5%], loss=0.1889, dgw=0.1889, reg=0.0000, time=60.67s.
-- 300/592 [50.7%], loss=0.1854, dgw=0.1854, reg=0.0000, time=56.01s.
-- 325/592 [54.9%], loss=0.1829, dgw=0.1829, reg=0.0000, time=41.32s.
-- 350/592 [59.1%], loss=0.1866, dgw=0.1866, reg=0.0000, time=48.22s.
-- 375/592 [63.3%], loss=0.1943, dgw=0.1943, reg=0.0000, time=52.10s.
-- 400/592 [67.6%], loss=0.2031, dgw=0.2031, reg=0.0000, time=44.67s.
-- 425/592 [71.8%], loss=0.1845, dgw=0.1845, reg=0.0000, time=46.93s.
-- 450/592 [76.0%], loss=0.1790, dgw=0.1790, reg=0.0000, time=44.37s.
-- 475/592 [80.2%], loss=0.1780, dgw=0.1780, reg=0.0000, time=45.27s.
-- 500/592 [84.5%], loss=0.1808, dgw=0.1808, reg=0.0000, time=64.88s.
-- 525/592 [88.7%], loss=0.1911, dgw=0.1911, reg=0.0000, time=62.59s.
-- 550/592 [92.9%], loss=0.1718, dgw=0.1718, reg=0.0000, time=58.20s.
-- 575/592 [97.1%], loss=0.1797, dgw=0.1797, reg=0.0000, time=60.35s.
-- 592/592 [100.0%], loss=0.1768, dgw=0.1768, reg=0.0000, time=25.23s.
fit: Epoch 3/15, loss = 0.1877, best loss = 0.1877
results/ENZYMES_Original_usl_tsne_fit_3.pdf
-- 25/592 [4.2%], loss=0.1701, dgw=0.1701, reg=0.0000, time=52.31s.
-- 50/592 [8.4%], loss=0.1669, dgw=0.1669, reg=0.0000, time=55.53s.
-- 75/592 [12.7%], loss=0.1698, dgw=0.1698, reg=0.0000, time=49.37s.
-- 100/592 [16.9%], loss=0.1677, dgw=0.1677, reg=0.0000, time=36.05s.
-- 125/592 [21.1%], loss=0.1705, dgw=0.1705, reg=0.0000, time=68.83s.
-- 150/592 [25.3%], loss=0.1668, dgw=0.1668, reg=0.0000, time=56.74s.
-- 175/592 [29.6%], loss=0.1677, dgw=0.1677, reg=0.0000, time=50.54s.
-- 200/592 [33.8%], loss=0.1736, dgw=0.1736, reg=0.0000, time=72.64s.
-- 225/592 [38.0%], loss=0.1665, dgw=0.1665, reg=0.0000, time=56.80s.
-- 250/592 [42.2%], loss=0.1647, dgw=0.1647, reg=0.0000, time=61.60s.
-- 275/592 [46.5%], loss=0.1686, dgw=0.1686, reg=0.0000, time=53.51s.
-- 300/592 [50.7%], loss=0.1699, dgw=0.1699, reg=0.0000, time=51.19s.
-- 325/592 [54.9%], loss=0.1620, dgw=0.1620, reg=0.0000, time=61.97s.
-- 350/592 [59.1%], loss=0.1581, dgw=0.1581, reg=0.0000, time=39.00s.
-- 375/592 [63.3%], loss=0.1674, dgw=0.1674, reg=0.0000, time=55.60s.
-- 400/592 [67.6%], loss=0.1838, dgw=0.1838, reg=0.0000, time=53.89s.
-- 425/592 [71.8%], loss=0.1613, dgw=0.1613, reg=0.0000, time=53.97s.
-- 450/592 [76.0%], loss=0.1570, dgw=0.1570, reg=0.0000, time=72.70s.
-- 475/592 [80.2%], loss=0.1622, dgw=0.1622, reg=0.0000, time=68.83s.
-- 500/592 [84.5%], loss=0.1559, dgw=0.1559, reg=0.0000, time=81.47s.
-- 525/592 [88.7%], loss=0.1487, dgw=0.1487, reg=0.0000, time=64.07s.
-- 550/592 [92.9%], loss=0.1541, dgw=0.1541, reg=0.0000, time=49.32s.
-- 575/592 [97.1%], loss=0.1584, dgw=0.1584, reg=0.0000, time=63.65s.
-- 592/592 [100.0%], loss=0.1518, dgw=0.1518, reg=0.0000, time=32.50s.
fit: Epoch 4/15, loss = 0.1645, best loss = 0.1645
results/ENZYMES_Original_usl_tsne_fit_4.pdf
-- 25/592 [4.2%], loss=0.1608, dgw=0.1608, reg=0.0000, time=33.70s.
-- 50/592 [8.4%], loss=0.1553, dgw=0.1553, reg=0.0000, time=60.86s.
-- 75/592 [12.7%], loss=0.1491, dgw=0.1491, reg=0.0000, time=59.36s.
-- 100/592 [16.9%], loss=0.1501, dgw=0.1501, reg=0.0000, time=38.71s.
-- 125/592 [21.1%], loss=0.1584, dgw=0.1584, reg=0.0000, time=60.65s.
-- 150/592 [25.3%], loss=0.1614, dgw=0.1614, reg=0.0000, time=87.12s.
-- 175/592 [29.6%], loss=0.1644, dgw=0.1644, reg=0.0000, time=49.46s.
-- 200/592 [33.8%], loss=0.1522, dgw=0.1522, reg=0.0000, time=40.51s.
-- 225/592 [38.0%], loss=0.1487, dgw=0.1487, reg=0.0000, time=43.42s.
-- 250/592 [42.2%], loss=0.1518, dgw=0.1518, reg=0.0000, time=99.56s.
-- 275/592 [46.5%], loss=0.1419, dgw=0.1419, reg=0.0000, time=84.41s.
-- 300/592 [50.7%], loss=0.1492, dgw=0.1492, reg=0.0000, time=35.89s.
-- 325/592 [54.9%], loss=0.1566, dgw=0.1566, reg=0.0000, time=75.28s.
-- 350/592 [59.1%], loss=0.1558, dgw=0.1558, reg=0.0000, time=48.03s.
-- 375/592 [63.3%], loss=0.1413, dgw=0.1413, reg=0.0000, time=90.95s.
-- 400/592 [67.6%], loss=0.1495, dgw=0.1495, reg=0.0000, time=56.82s.
-- 425/592 [71.8%], loss=0.1430, dgw=0.1430, reg=0.0000, time=65.38s.
-- 450/592 [76.0%], loss=0.1485, dgw=0.1485, reg=0.0000, time=36.73s.
-- 475/592 [80.2%], loss=0.1486, dgw=0.1486, reg=0.0000, time=71.17s.
-- 500/592 [84.5%], loss=0.1497, dgw=0.1497, reg=0.0000, time=73.50s.
-- 525/592 [88.7%], loss=0.1376, dgw=0.1376, reg=0.0000, time=55.80s.
-- 550/592 [92.9%], loss=0.1433, dgw=0.1433, reg=0.0000, time=63.98s.
-- 575/592 [97.1%], loss=0.1554, dgw=0.1554, reg=0.0000, time=62.34s.
-- 592/592 [100.0%], loss=0.1496, dgw=0.1496, reg=0.0000, time=46.79s.
fit: Epoch 5/15, loss = 0.1509, best loss = 0.1509
results/ENZYMES_Original_usl_tsne_fit_5.pdf
-- 25/592 [4.2%], loss=0.1355, dgw=0.1355, reg=0.0000, time=82.90s.
-- 50/592 [8.4%], loss=0.1879, dgw=0.1879, reg=0.0000, time=72.91s.
-- 75/592 [12.7%], loss=0.1575, dgw=0.1575, reg=0.0000, time=45.10s.
-- 100/592 [16.9%], loss=0.1543, dgw=0.1543, reg=0.0000, time=73.13s.
-- 125/592 [21.1%], loss=0.1544, dgw=0.1544, reg=0.0000, time=62.83s.
-- 150/592 [25.3%], loss=0.1594, dgw=0.1594, reg=0.0000, time=51.75s.
-- 175/592 [29.6%], loss=0.1561, dgw=0.1561, reg=0.0000, time=61.46s.
-- 200/592 [33.8%], loss=0.1660, dgw=0.1660, reg=0.0000, time=65.78s.
-- 225/592 [38.0%], loss=0.1744, dgw=0.1744, reg=0.0000, time=86.45s.
-- 250/592 [42.2%], loss=0.2311, dgw=0.2311, reg=0.0000, time=89.57s.
-- 275/592 [46.5%], loss=0.3426, dgw=0.3426, reg=0.0000, time=62.36s.
-- 300/592 [50.7%], loss=0.3770, dgw=0.3770, reg=0.0000, time=54.77s.
-- 325/592 [54.9%], loss=0.3596, dgw=0.3596, reg=0.0000, time=41.08s.
-- 350/592 [59.1%], loss=0.4273, dgw=0.4273, reg=0.0000, time=38.36s.
-- 375/592 [63.3%], loss=0.4716, dgw=0.4716, reg=0.0000, time=52.33s.
-- 400/592 [67.6%], loss=0.6182, dgw=0.6182, reg=0.0000, time=55.43s.
-- 425/592 [71.8%], loss=0.6815, dgw=0.6815, reg=0.0000, time=58.80s.
-- 450/592 [76.0%], loss=0.8035, dgw=0.8035, reg=0.0000, time=58.19s.
-- 475/592 [80.2%], loss=0.6613, dgw=0.6613, reg=0.0000, time=48.77s.
-- 500/592 [84.5%], loss=0.7837, dgw=0.7837, reg=0.0000, time=46.64s.
-- 525/592 [88.7%], loss=0.6393, dgw=0.6393, reg=0.0000, time=42.96s.
-- 550/592 [92.9%], loss=0.6946, dgw=0.6946, reg=0.0000, time=51.00s.
-- 575/592 [97.1%], loss=0.6930, dgw=0.6930, reg=0.0000, time=54.13s.
-- 592/592 [100.0%], loss=0.8472, dgw=0.8472, reg=0.0000, time=36.47s.
fit: Epoch 6/15, loss = 0.4141, best loss = 0.1509
results/ENZYMES_Original_usl_tsne_fit_6.pdf
-- 25/592 [4.2%], loss=0.7809, dgw=0.7809, reg=0.0000, time=53.57s.
-- 50/592 [8.4%], loss=0.6858, dgw=0.6858, reg=0.0000, time=59.77s.
-- 75/592 [12.7%], loss=0.7421, dgw=0.7421, reg=0.0000, time=55.20s.
-- 100/592 [16.9%], loss=0.7233, dgw=0.7233, reg=0.0000, time=55.63s.
-- 125/592 [21.1%], loss=0.6963, dgw=0.6963, reg=0.0000, time=88.68s.
-- 150/592 [25.3%], loss=0.6861, dgw=0.6861, reg=0.0000, time=53.24s.
-- 175/592 [29.6%], loss=0.7052, dgw=0.7052, reg=0.0000, time=58.62s.
-- 200/592 [33.8%], loss=0.7128, dgw=0.7128, reg=0.0000, time=57.22s.
-- 225/592 [38.0%], loss=0.4412, dgw=0.4412, reg=0.0000, time=40.12s.
-- 250/592 [42.2%], loss=0.5905, dgw=0.5905, reg=0.0000, time=71.34s.
-- 275/592 [46.5%], loss=0.4603, dgw=0.4603, reg=0.0000, time=48.26s.
-- 300/592 [50.7%], loss=0.5169, dgw=0.5169, reg=0.0000, time=71.89s.
-- 325/592 [54.9%], loss=0.4436, dgw=0.4436, reg=0.0000, time=55.48s.
-- 350/592 [59.1%], loss=0.4487, dgw=0.4487, reg=0.0000, time=56.57s.
-- 375/592 [63.3%], loss=0.3510, dgw=0.3510, reg=0.0000, time=57.28s.
-- 400/592 [67.6%], loss=0.4070, dgw=0.4070, reg=0.0000, time=54.41s.
-- 425/592 [71.8%], loss=0.3791, dgw=0.3791, reg=0.0000, time=46.36s.
-- 450/592 [76.0%], loss=0.3094, dgw=0.3094, reg=0.0000, time=48.26s.
-- 475/592 [80.2%], loss=0.4029, dgw=0.4029, reg=0.0000, time=44.69s.
-- 500/592 [84.5%], loss=0.2712, dgw=0.2712, reg=0.0000, time=41.63s.
-- 525/592 [88.7%], loss=0.3405, dgw=0.3405, reg=0.0000, time=39.87s.
-- 550/592 [92.9%], loss=0.3049, dgw=0.3049, reg=0.0000, time=79.59s.
-- 575/592 [97.1%], loss=0.2645, dgw=0.2645, reg=0.0000, time=60.63s.
-- 592/592 [100.0%], loss=0.2456, dgw=0.2456, reg=0.0000, time=46.96s.
fit: Epoch 7/15, loss = 0.4996, best loss = 0.1509
results/ENZYMES_Original_usl_tsne_fit_7.pdf
-- 25/592 [4.2%], loss=0.2716, dgw=0.2716, reg=0.0000, time=59.48s.
-- 50/592 [8.4%], loss=0.2668, dgw=0.2668, reg=0.0000, time=42.20s.
-- 75/592 [12.7%], loss=0.2565, dgw=0.2565, reg=0.0000, time=53.58s.
-- 100/592 [16.9%], loss=0.2461, dgw=0.2461, reg=0.0000, time=45.38s.
-- 125/592 [21.1%], loss=0.2786, dgw=0.2786, reg=0.0000, time=50.83s.
-- 150/592 [25.3%], loss=0.2965, dgw=0.2965, reg=0.0000, time=37.85s.
-- 175/592 [29.6%], loss=0.2685, dgw=0.2685, reg=0.0000, time=47.26s.
-- 200/592 [33.8%], loss=0.2857, dgw=0.2857, reg=0.0000, time=37.73s.
-- 225/592 [38.0%], loss=0.2575, dgw=0.2575, reg=0.0000, time=65.56s.
-- 250/592 [42.2%], loss=0.2541, dgw=0.2541, reg=0.0000, time=52.31s.
-- 275/592 [46.5%], loss=0.2865, dgw=0.2865, reg=0.0000, time=44.88s.
-- 300/592 [50.7%], loss=0.3071, dgw=0.3071, reg=0.0000, time=48.48s.
-- 325/592 [54.9%], loss=0.3033, dgw=0.3033, reg=0.0000, time=54.72s.
-- 350/592 [59.1%], loss=0.2745, dgw=0.2745, reg=0.0000, time=53.84s.
-- 375/592 [63.3%], loss=0.2773, dgw=0.2773, reg=0.0000, time=60.37s.
-- 400/592 [67.6%], loss=0.2600, dgw=0.2600, reg=0.0000, time=51.55s.
-- 425/592 [71.8%], loss=0.2778, dgw=0.2778, reg=0.0000, time=59.97s.
-- 450/592 [76.0%], loss=0.2829, dgw=0.2829, reg=0.0000, time=50.03s.
-- 475/592 [80.2%], loss=0.2796, dgw=0.2796, reg=0.0000, time=47.56s.
-- 500/592 [84.5%], loss=0.3124, dgw=0.3124, reg=0.0000, time=48.33s.
-- 525/592 [88.7%], loss=0.3180, dgw=0.3180, reg=0.0000, time=51.38s.
-- 550/592 [92.9%], loss=0.3067, dgw=0.3067, reg=0.0000, time=41.56s.
-- 575/592 [97.1%], loss=0.3224, dgw=0.3224, reg=0.0000, time=40.31s.
-- 592/592 [100.0%], loss=0.3481, dgw=0.3481, reg=0.0000, time=18.63s.
fit: Epoch 8/15, loss = 0.2841, best loss = 0.1509
results/ENZYMES_Original_usl_tsne_fit_8.pdf
-- 25/592 [4.2%], loss=0.2824, dgw=0.2824, reg=0.0000, time=61.02s.
-- 50/592 [8.4%], loss=0.2770, dgw=0.2770, reg=0.0000, time=49.88s.
-- 75/592 [12.7%], loss=0.3157, dgw=0.3157, reg=0.0000, time=62.61s.
-- 100/592 [16.9%], loss=0.3487, dgw=0.3487, reg=0.0000, time=64.79s.
-- 125/592 [21.1%], loss=0.3130, dgw=0.3130, reg=0.0000, time=55.77s.
-- 150/592 [25.3%], loss=0.2863, dgw=0.2863, reg=0.0000, time=73.09s.
-- 175/592 [29.6%], loss=0.3189, dgw=0.3189, reg=0.0000, time=52.32s.
-- 200/592 [33.8%], loss=0.3927, dgw=0.3927, reg=0.0000, time=62.89s.
-- 225/592 [38.0%], loss=0.3397, dgw=0.3397, reg=0.0000, time=59.44s.
-- 250/592 [42.2%], loss=0.3115, dgw=0.3115, reg=0.0000, time=49.45s.
-- 275/592 [46.5%], loss=0.3380, dgw=0.3380, reg=0.0000, time=52.67s.
-- 300/592 [50.7%], loss=0.3399, dgw=0.3399, reg=0.0000, time=61.54s.
-- 325/592 [54.9%], loss=0.3842, dgw=0.3842, reg=0.0000, time=45.92s.
-- 350/592 [59.1%], loss=0.3869, dgw=0.3869, reg=0.0000, time=56.41s.
-- 375/592 [63.3%], loss=0.3828, dgw=0.3828, reg=0.0000, time=41.42s.
-- 400/592 [67.6%], loss=0.3921, dgw=0.3921, reg=0.0000, time=72.44s.
-- 425/592 [71.8%], loss=0.3722, dgw=0.3722, reg=0.0000, time=40.28s.
-- 450/592 [76.0%], loss=0.4542, dgw=0.4542, reg=0.0000, time=56.44s.
-- 475/592 [80.2%], loss=0.3591, dgw=0.3591, reg=0.0000, time=55.23s.
-- 500/592 [84.5%], loss=0.3694, dgw=0.3694, reg=0.0000, time=79.96s.
-- 525/592 [88.7%], loss=0.4308, dgw=0.4308, reg=0.0000, time=47.26s.
-- 550/592 [92.9%], loss=0.3324, dgw=0.3324, reg=0.0000, time=53.24s.
-- 575/592 [97.1%], loss=0.4089, dgw=0.4089, reg=0.0000, time=58.08s.
-- 592/592 [100.0%], loss=0.3816, dgw=0.3816, reg=0.0000, time=33.91s.
fit: Epoch 9/15, loss = 0.3546, best loss = 0.1509
results/ENZYMES_Original_usl_tsne_fit_9.pdf
-- 25/592 [4.2%], loss=0.4918, dgw=0.4918, reg=0.0000, time=33.61s.
-- 50/592 [8.4%], loss=0.3850, dgw=0.3850, reg=0.0000, time=46.92s.
-- 75/592 [12.7%], loss=0.4588, dgw=0.4588, reg=0.0000, time=58.68s.
-- 100/592 [16.9%], loss=0.4103, dgw=0.4103, reg=0.0000, time=44.56s.
-- 125/592 [21.1%], loss=0.4490, dgw=0.4490, reg=0.0000, time=58.68s.
-- 150/592 [25.3%], loss=0.4159, dgw=0.4159, reg=0.0000, time=45.40s.
-- 175/592 [29.6%], loss=0.4265, dgw=0.4265, reg=0.0000, time=44.87s.
-- 200/592 [33.8%], loss=0.4526, dgw=0.4526, reg=0.0000, time=47.73s.
-- 225/592 [38.0%], loss=0.4736, dgw=0.4736, reg=0.0000, time=34.85s.
-- 250/592 [42.2%], loss=0.4949, dgw=0.4949, reg=0.0000, time=33.47s.
-- 275/592 [46.5%], loss=0.4747, dgw=0.4747, reg=0.0000, time=33.43s.
-- 300/592 [50.7%], loss=0.4773, dgw=0.4773, reg=0.0000, time=55.98s.
-- 325/592 [54.9%], loss=0.4640, dgw=0.4640, reg=0.0000, time=47.56s.
-- 350/592 [59.1%], loss=0.4873, dgw=0.4873, reg=0.0000, time=53.04s.
-- 375/592 [63.3%], loss=0.5915, dgw=0.5915, reg=0.0000, time=52.74s.
-- 400/592 [67.6%], loss=0.5799, dgw=0.5799, reg=0.0000, time=29.71s.
-- 425/592 [71.8%], loss=0.5943, dgw=0.5943, reg=0.0000, time=37.23s.
-- 450/592 [76.0%], loss=0.6098, dgw=0.6098, reg=0.0000, time=44.55s.
-- 475/592 [80.2%], loss=0.5932, dgw=0.5932, reg=0.0000, time=49.08s.
-- 500/592 [84.5%], loss=0.6339, dgw=0.6339, reg=0.0000, time=54.35s.
-- 525/592 [88.7%], loss=0.6957, dgw=0.6957, reg=0.0000, time=39.62s.
-- 550/592 [92.9%], loss=0.6351, dgw=0.6351, reg=0.0000, time=41.22s.
-- 575/592 [97.1%], loss=0.6784, dgw=0.6784, reg=0.0000, time=45.12s.
-- 592/592 [100.0%], loss=0.7396, dgw=0.7396, reg=0.0000, time=24.10s.
fit: Epoch 10/15, loss = 0.5269, best loss = 0.1509
results/ENZYMES_Original_usl_tsne_fit_10.pdf
-- 25/592 [4.2%], loss=0.7432, dgw=0.7432, reg=0.0000, time=45.89s.
-- 50/592 [8.4%], loss=0.7538, dgw=0.7538, reg=0.0000, time=28.56s.
-- 75/592 [12.7%], loss=0.7694, dgw=0.7694, reg=0.0000, time=55.62s.
-- 100/592 [16.9%], loss=0.6839, dgw=0.6839, reg=0.0000, time=37.42s.
-- 125/592 [21.1%], loss=0.7183, dgw=0.7183, reg=0.0000, time=52.07s.
-- 150/592 [25.3%], loss=0.7665, dgw=0.7665, reg=0.0000, time=33.70s.
-- 175/592 [29.6%], loss=0.8374, dgw=0.8374, reg=0.0000, time=40.37s.
-- 200/592 [33.8%], loss=0.7886, dgw=0.7886, reg=0.0000, time=39.72s.
-- 225/592 [38.0%], loss=0.8286, dgw=0.8286, reg=0.0000, time=39.70s.
-- 250/592 [42.2%], loss=0.7970, dgw=0.7970, reg=0.0000, time=36.58s.
-- 275/592 [46.5%], loss=0.7234, dgw=0.7234, reg=0.0000, time=35.97s.
-- 300/592 [50.7%], loss=0.8045, dgw=0.8045, reg=0.0000, time=54.96s.
-- 325/592 [54.9%], loss=0.8055, dgw=0.8055, reg=0.0000, time=35.49s.
-- 350/592 [59.1%], loss=0.7446, dgw=0.7446, reg=0.0000, time=44.62s.
-- 375/592 [63.3%], loss=0.7869, dgw=0.7869, reg=0.0000, time=43.38s.
-- 400/592 [67.6%], loss=0.8322, dgw=0.8322, reg=0.0000, time=38.12s.
-- 425/592 [71.8%], loss=0.8106, dgw=0.8106, reg=0.0000, time=34.56s.
-- 450/592 [76.0%], loss=0.8562, dgw=0.8562, reg=0.0000, time=49.39s.
-- 475/592 [80.2%], loss=0.7650, dgw=0.7650, reg=0.0000, time=40.02s.
-- 500/592 [84.5%], loss=0.8291, dgw=0.8291, reg=0.0000, time=34.15s.
-- 525/592 [88.7%], loss=0.8474, dgw=0.8474, reg=0.0000, time=38.18s.
-- 550/592 [92.9%], loss=0.8424, dgw=0.8424, reg=0.0000, time=50.03s.
-- 575/592 [97.1%], loss=0.8572, dgw=0.8572, reg=0.0000, time=54.18s.
-- 592/592 [100.0%], loss=0.9542, dgw=0.9542, reg=0.0000, time=38.87s.
fit: Epoch 11/15, loss = 0.7956, best loss = 0.1509
results/ENZYMES_Original_usl_tsne_fit_11.pdf
-- 25/592 [4.2%], loss=0.7590, dgw=0.7590, reg=0.0000, time=45.18s.
-- 50/592 [8.4%], loss=0.8473, dgw=0.8473, reg=0.0000, time=42.22s.
-- 75/592 [12.7%], loss=0.7550, dgw=0.7550, reg=0.0000, time=46.44s.
-- 100/592 [16.9%], loss=0.8061, dgw=0.8061, reg=0.0000, time=40.70s.
-- 125/592 [21.1%], loss=0.8225, dgw=0.8225, reg=0.0000, time=51.20s.
-- 150/592 [25.3%], loss=0.7827, dgw=0.7827, reg=0.0000, time=49.81s.
-- 175/592 [29.6%], loss=0.7984, dgw=0.7984, reg=0.0000, time=41.99s.
-- 200/592 [33.8%], loss=0.7689, dgw=0.7689, reg=0.0000, time=51.00s.
-- 225/592 [38.0%], loss=0.8150, dgw=0.8150, reg=0.0000, time=41.05s.
-- 250/592 [42.2%], loss=0.8480, dgw=0.8480, reg=0.0000, time=57.17s.
-- 275/592 [46.5%], loss=0.8393, dgw=0.8393, reg=0.0000, time=33.23s.
-- 300/592 [50.7%], loss=0.8653, dgw=0.8653, reg=0.0000, time=33.82s.
-- 325/592 [54.9%], loss=0.8490, dgw=0.8490, reg=0.0000, time=31.59s.
-- 350/592 [59.1%], loss=0.8686, dgw=0.8686, reg=0.0000, time=42.55s.
-- 375/592 [63.3%], loss=0.8319, dgw=0.8319, reg=0.0000, time=53.11s.
-- 400/592 [67.6%], loss=0.8694, dgw=0.8694, reg=0.0000, time=38.24s.
-- 425/592 [71.8%], loss=0.8514, dgw=0.8514, reg=0.0000, time=50.11s.
-- 450/592 [76.0%], loss=0.8751, dgw=0.8751, reg=0.0000, time=33.74s.
-- 475/592 [80.2%], loss=0.8654, dgw=0.8654, reg=0.0000, time=39.09s.
-- 500/592 [84.5%], loss=0.8769, dgw=0.8769, reg=0.0000, time=38.69s.
-- 525/592 [88.7%], loss=0.9049, dgw=0.9049, reg=0.0000, time=45.40s.
-- 550/592 [92.9%], loss=0.8987, dgw=0.8987, reg=0.0000, time=40.42s.
-- 575/592 [97.1%], loss=0.8874, dgw=0.8874, reg=0.0000, time=28.71s.
-- 592/592 [100.0%], loss=0.8792, dgw=0.8792, reg=0.0000, time=27.25s.
fit: Epoch 12/15, loss = 0.8397, best loss = 0.1509
results/ENZYMES_Original_usl_tsne_fit_12.pdf
-- 25/592 [4.2%], loss=0.8919, dgw=0.8919, reg=0.0000, time=47.58s.
-- 50/592 [8.4%], loss=0.9304, dgw=0.9304, reg=0.0000, time=48.75s.
-- 75/592 [12.7%], loss=0.9218, dgw=0.9218, reg=0.0000, time=38.87s.
-- 100/592 [16.9%], loss=0.8877, dgw=0.8877, reg=0.0000, time=45.40s.
-- 125/592 [21.1%], loss=0.9073, dgw=0.9073, reg=0.0000, time=27.69s.
-- 150/592 [25.3%], loss=0.9593, dgw=0.9593, reg=0.0000, time=38.68s.
-- 175/592 [29.6%], loss=0.8758, dgw=0.8758, reg=0.0000, time=48.01s.
-- 200/592 [33.8%], loss=0.9371, dgw=0.9371, reg=0.0000, time=43.30s.
-- 225/592 [38.0%], loss=0.9060, dgw=0.9060, reg=0.0000, time=66.54s.
-- 250/592 [42.2%], loss=0.9126, dgw=0.9126, reg=0.0000, time=51.83s.
-- 275/592 [46.5%], loss=0.8653, dgw=0.8653, reg=0.0000, time=49.09s.
-- 300/592 [50.7%], loss=0.9187, dgw=0.9187, reg=0.0000, time=58.49s.
-- 325/592 [54.9%], loss=0.9182, dgw=0.9182, reg=0.0000, time=56.73s.
-- 350/592 [59.1%], loss=0.8658, dgw=0.8658, reg=0.0000, time=56.77s.
-- 375/592 [63.3%], loss=0.8532, dgw=0.8532, reg=0.0000, time=38.21s.
-- 400/592 [67.6%], loss=0.8904, dgw=0.8904, reg=0.0000, time=41.61s.
-- 425/592 [71.8%], loss=0.8628, dgw=0.8628, reg=0.0000, time=44.34s.
-- 450/592 [76.0%], loss=0.8480, dgw=0.8480, reg=0.0000, time=53.98s.
-- 475/592 [80.2%], loss=0.8642, dgw=0.8642, reg=0.0000, time=50.49s.
-- 500/592 [84.5%], loss=0.8731, dgw=0.8731, reg=0.0000, time=48.55s.
-- 525/592 [88.7%], loss=0.8942, dgw=0.8942, reg=0.0000, time=43.93s.
-- 550/592 [92.9%], loss=0.8924, dgw=0.8924, reg=0.0000, time=38.71s.
-- 575/592 [97.1%], loss=0.8917, dgw=0.8917, reg=0.0000, time=44.40s.
-- 592/592 [100.0%], loss=0.8694, dgw=0.8694, reg=0.0000, time=23.20s.
fit: Epoch 13/15, loss = 0.8935, best loss = 0.1509
results/ENZYMES_Original_usl_tsne_fit_13.pdf
-- 25/592 [4.2%], loss=0.8282, dgw=0.8282, reg=0.0000, time=44.13s.
-- 50/592 [8.4%], loss=0.8216, dgw=0.8216, reg=0.0000, time=33.73s.
-- 75/592 [12.7%], loss=0.8287, dgw=0.8287, reg=0.0000, time=31.61s.
-- 100/592 [16.9%], loss=0.8743, dgw=0.8743, reg=0.0000, time=37.34s.
-- 125/592 [21.1%], loss=0.8945, dgw=0.8945, reg=0.0000, time=53.95s.
-- 150/592 [25.3%], loss=0.8423, dgw=0.8423, reg=0.0000, time=34.13s.
-- 175/592 [29.6%], loss=0.9129, dgw=0.9129, reg=0.0000, time=36.45s.
-- 200/592 [33.8%], loss=0.8643, dgw=0.8643, reg=0.0000, time=37.99s.
-- 225/592 [38.0%], loss=0.9075, dgw=0.9075, reg=0.0000, time=51.79s.
-- 250/592 [42.2%], loss=0.8496, dgw=0.8496, reg=0.0000, time=41.65s.
-- 275/592 [46.5%], loss=0.8719, dgw=0.8719, reg=0.0000, time=45.94s.
-- 300/592 [50.7%], loss=0.8976, dgw=0.8976, reg=0.0000, time=38.91s.
-- 325/592 [54.9%], loss=0.8984, dgw=0.8984, reg=0.0000, time=34.94s.
-- 350/592 [59.1%], loss=0.8733, dgw=0.8733, reg=0.0000, time=38.86s.
-- 375/592 [63.3%], loss=0.8285, dgw=0.8285, reg=0.0000, time=41.83s.
-- 400/592 [67.6%], loss=0.9100, dgw=0.9100, reg=0.0000, time=35.81s.
-- 425/592 [71.8%], loss=0.9171, dgw=0.9171, reg=0.0000, time=42.16s.
-- 450/592 [76.0%], loss=0.9006, dgw=0.9006, reg=0.0000, time=28.17s.
-- 475/592 [80.2%], loss=0.8353, dgw=0.8353, reg=0.0000, time=36.69s.
-- 500/592 [84.5%], loss=0.8532, dgw=0.8532, reg=0.0000, time=48.18s.
-- 525/592 [88.7%], loss=0.8203, dgw=0.8203, reg=0.0000, time=51.57s.
-- 550/592 [92.9%], loss=0.8313, dgw=0.8313, reg=0.0000, time=52.03s.
-- 575/592 [97.1%], loss=0.9127, dgw=0.9127, reg=0.0000, time=59.65s.
-- 592/592 [100.0%], loss=0.8856, dgw=0.8856, reg=0.0000, time=39.49s.
fit: Epoch 14/15, loss = 0.8689, best loss = 0.1509
results/ENZYMES_Original_usl_tsne_fit_14.pdf
-- 25/592 [4.2%], loss=0.8457, dgw=0.8457, reg=0.0000, time=33.85s.
-- 50/592 [8.4%], loss=0.9299, dgw=0.9299, reg=0.0000, time=59.90s.
-- 75/592 [12.7%], loss=0.8220, dgw=0.8220, reg=0.0000, time=41.98s.
-- 100/592 [16.9%], loss=0.8568, dgw=0.8568, reg=0.0000, time=33.73s.
-- 125/592 [21.1%], loss=0.8608, dgw=0.8608, reg=0.0000, time=55.52s.
-- 150/592 [25.3%], loss=0.8805, dgw=0.8805, reg=0.0000, time=38.05s.
-- 175/592 [29.6%], loss=0.9090, dgw=0.9090, reg=0.0000, time=42.12s.
-- 200/592 [33.8%], loss=0.8801, dgw=0.8801, reg=0.0000, time=44.33s.
-- 225/592 [38.0%], loss=0.8951, dgw=0.8951, reg=0.0000, time=37.92s.
-- 250/592 [42.2%], loss=0.8556, dgw=0.8556, reg=0.0000, time=39.51s.
-- 275/592 [46.5%], loss=0.8209, dgw=0.8209, reg=0.0000, time=30.35s.
-- 300/592 [50.7%], loss=0.8544, dgw=0.8544, reg=0.0000, time=44.93s.
-- 325/592 [54.9%], loss=0.8979, dgw=0.8979, reg=0.0000, time=38.48s.
-- 350/592 [59.1%], loss=0.8583, dgw=0.8583, reg=0.0000, time=40.41s.
-- 375/592 [63.3%], loss=0.8619, dgw=0.8619, reg=0.0000, time=38.38s.
-- 400/592 [67.6%], loss=0.8358, dgw=0.8358, reg=0.0000, time=36.20s.
-- 425/592 [71.8%], loss=0.8572, dgw=0.8572, reg=0.0000, time=39.50s.
-- 450/592 [76.0%], loss=0.7998, dgw=0.7998, reg=0.0000, time=29.15s.
-- 475/592 [80.2%], loss=0.8429, dgw=0.8429, reg=0.0000, time=33.70s.
-- 500/592 [84.5%], loss=0.8151, dgw=0.8151, reg=0.0000, time=38.15s.
-- 525/592 [88.7%], loss=0.8556, dgw=0.8556, reg=0.0000, time=24.09s.
-- 550/592 [92.9%], loss=0.8518, dgw=0.8518, reg=0.0000, time=35.48s.
-- 575/592 [97.1%], loss=0.8343, dgw=0.8343, reg=0.0000, time=37.56s.
-- 592/592 [100.0%], loss=0.8627, dgw=0.8627, reg=0.0000, time=20.58s.
fit: Epoch 15/15, loss = 0.8576, best loss = 0.1509
results/ENZYMES_Original_usl_tsne_fit_15.pdf
Rand Score: 0.7240876663465496
Done!
