-- 25/344 [7.3%], loss=0.2098, dgw=0.2098, reg=0.0000, time=19.58s.
-- 50/344 [14.5%], loss=0.2046, dgw=0.2046, reg=0.0000, time=18.90s.
-- 75/344 [21.8%], loss=0.2095, dgw=0.2095, reg=0.0000, time=16.15s.
-- 100/344 [29.1%], loss=0.2109, dgw=0.2109, reg=0.0000, time=19.19s.
-- 125/344 [36.3%], loss=0.2065, dgw=0.2065, reg=0.0000, time=18.15s.
-- 150/344 [43.6%], loss=0.1994, dgw=0.1994, reg=0.0000, time=19.82s.
-- 175/344 [50.9%], loss=0.2052, dgw=0.2052, reg=0.0000, time=19.71s.
-- 200/344 [58.1%], loss=0.1844, dgw=0.1844, reg=0.0000, time=36.03s.
-- 225/344 [65.4%], loss=0.1929, dgw=0.1929, reg=0.0000, time=46.17s.
-- 250/344 [72.7%], loss=0.1881, dgw=0.1881, reg=0.0000, time=53.88s.
-- 275/344 [79.9%], loss=0.1938, dgw=0.1938, reg=0.0000, time=40.94s.
-- 300/344 [87.2%], loss=0.1819, dgw=0.1819, reg=0.0000, time=38.63s.
-- 325/344 [94.5%], loss=0.1983, dgw=0.1983, reg=0.0000, time=29.77s.
-- 344/344 [100.0%], loss=0.1824, dgw=0.1824, reg=0.0000, time=25.52s.
fit: Epoch 1/15, loss = 0.1980, best loss = 0.1980
results/PTC_MR_Jin_Multi_usl_tsne_fit_1.pdf
-- 25/344 [7.3%], loss=0.1915, dgw=0.1915, reg=0.0000, time=49.35s.
-- 50/344 [14.5%], loss=0.1834, dgw=0.1834, reg=0.0000, time=54.74s.
-- 75/344 [21.8%], loss=0.1805, dgw=0.1805, reg=0.0000, time=63.28s.
-- 100/344 [29.1%], loss=0.1817, dgw=0.1817, reg=0.0000, time=42.39s.
-- 125/344 [36.3%], loss=0.1814, dgw=0.1814, reg=0.0000, time=43.59s.
-- 150/344 [43.6%], loss=0.1731, dgw=0.1731, reg=0.0000, time=35.15s.
-- 175/344 [50.9%], loss=0.1680, dgw=0.1680, reg=0.0000, time=57.87s.
-- 200/344 [58.1%], loss=0.1711, dgw=0.1711, reg=0.0000, time=68.69s.
-- 225/344 [65.4%], loss=0.1701, dgw=0.1701, reg=0.0000, time=47.70s.
-- 250/344 [72.7%], loss=0.1698, dgw=0.1698, reg=0.0000, time=44.44s.
-- 275/344 [79.9%], loss=0.1718, dgw=0.1718, reg=0.0000, time=54.20s.
-- 300/344 [87.2%], loss=0.1663, dgw=0.1663, reg=0.0000, time=54.49s.
-- 325/344 [94.5%], loss=0.1754, dgw=0.1754, reg=0.0000, time=49.87s.
-- 344/344 [100.0%], loss=0.1650, dgw=0.1650, reg=0.0000, time=25.92s.
fit: Epoch 2/15, loss = 0.1751, best loss = 0.1751
results/PTC_MR_Jin_Multi_usl_tsne_fit_2.pdf
-- 25/344 [7.3%], loss=0.1669, dgw=0.1669, reg=0.0000, time=58.95s.
-- 50/344 [14.5%], loss=0.1636, dgw=0.1636, reg=0.0000, time=56.76s.
-- 75/344 [21.8%], loss=0.1520, dgw=0.1520, reg=0.0000, time=49.33s.
-- 100/344 [29.1%], loss=0.1623, dgw=0.1623, reg=0.0000, time=44.39s.
-- 125/344 [36.3%], loss=0.1581, dgw=0.1581, reg=0.0000, time=48.95s.
-- 150/344 [43.6%], loss=0.1639, dgw=0.1639, reg=0.0000, time=56.55s.
-- 175/344 [50.9%], loss=0.1585, dgw=0.1585, reg=0.0000, time=60.13s.
-- 200/344 [58.1%], loss=0.1608, dgw=0.1608, reg=0.0000, time=63.45s.
-- 225/344 [65.4%], loss=0.1480, dgw=0.1480, reg=0.0000, time=50.00s.
-- 250/344 [72.7%], loss=0.1572, dgw=0.1572, reg=0.0000, time=55.15s.
-- 275/344 [79.9%], loss=0.1401, dgw=0.1401, reg=0.0000, time=52.85s.
-- 300/344 [87.2%], loss=0.1447, dgw=0.1447, reg=0.0000, time=64.07s.
-- 325/344 [94.5%], loss=0.1467, dgw=0.1467, reg=0.0000, time=64.06s.
-- 344/344 [100.0%], loss=0.1436, dgw=0.1436, reg=0.0000, time=36.78s.
fit: Epoch 3/15, loss = 0.1549, best loss = 0.1549
results/PTC_MR_Jin_Multi_usl_tsne_fit_3.pdf
-- 25/344 [7.3%], loss=0.1467, dgw=0.1467, reg=0.0000, time=51.22s.
-- 50/344 [14.5%], loss=0.1469, dgw=0.1469, reg=0.0000, time=51.05s.
-- 75/344 [21.8%], loss=0.1419, dgw=0.1419, reg=0.0000, time=51.86s.
-- 100/344 [29.1%], loss=0.1361, dgw=0.1361, reg=0.0000, time=52.26s.
-- 125/344 [36.3%], loss=0.1480, dgw=0.1480, reg=0.0000, time=47.62s.
-- 150/344 [43.6%], loss=0.1370, dgw=0.1370, reg=0.0000, time=48.08s.
-- 175/344 [50.9%], loss=0.1307, dgw=0.1307, reg=0.0000, time=59.08s.
-- 200/344 [58.1%], loss=0.1336, dgw=0.1336, reg=0.0000, time=62.23s.
-- 225/344 [65.4%], loss=0.1423, dgw=0.1423, reg=0.0000, time=72.32s.
-- 250/344 [72.7%], loss=0.1342, dgw=0.1342, reg=0.0000, time=53.32s.
-- 275/344 [79.9%], loss=0.1283, dgw=0.1283, reg=0.0000, time=47.44s.
-- 300/344 [87.2%], loss=0.1425, dgw=0.1425, reg=0.0000, time=45.18s.
-- 325/344 [94.5%], loss=0.1295, dgw=0.1295, reg=0.0000, time=37.59s.
-- 344/344 [100.0%], loss=0.1246, dgw=0.1246, reg=0.0000, time=40.74s.
fit: Epoch 4/15, loss = 0.1375, best loss = 0.1375
results/PTC_MR_Jin_Multi_usl_tsne_fit_4.pdf
-- 25/344 [7.3%], loss=0.1225, dgw=0.1225, reg=0.0000, time=49.10s.
-- 50/344 [14.5%], loss=0.1299, dgw=0.1299, reg=0.0000, time=60.13s.
-- 75/344 [21.8%], loss=0.1328, dgw=0.1328, reg=0.0000, time=63.82s.
-- 100/344 [29.1%], loss=0.1253, dgw=0.1253, reg=0.0000, time=60.12s.
-- 125/344 [36.3%], loss=0.1198, dgw=0.1198, reg=0.0000, time=49.11s.
-- 150/344 [43.6%], loss=0.1242, dgw=0.1242, reg=0.0000, time=55.31s.
-- 175/344 [50.9%], loss=0.1323, dgw=0.1323, reg=0.0000, time=49.60s.
-- 200/344 [58.1%], loss=0.1247, dgw=0.1247, reg=0.0000, time=49.61s.
-- 225/344 [65.4%], loss=0.1226, dgw=0.1226, reg=0.0000, time=34.65s.
-- 250/344 [72.7%], loss=0.1091, dgw=0.1091, reg=0.0000, time=48.40s.
-- 275/344 [79.9%], loss=0.1136, dgw=0.1136, reg=0.0000, time=46.58s.
-- 300/344 [87.2%], loss=0.1199, dgw=0.1199, reg=0.0000, time=32.11s.
-- 325/344 [94.5%], loss=0.1189, dgw=0.1189, reg=0.0000, time=46.71s.
-- 344/344 [100.0%], loss=0.1207, dgw=0.1207, reg=0.0000, time=34.39s.
fit: Epoch 5/15, loss = 0.1226, best loss = 0.1226
results/PTC_MR_Jin_Multi_usl_tsne_fit_5.pdf
-- 25/344 [7.3%], loss=0.1080, dgw=0.1080, reg=0.0000, time=36.96s.
-- 50/344 [14.5%], loss=0.1161, dgw=0.1161, reg=0.0000, time=41.95s.
-- 75/344 [21.8%], loss=0.1139, dgw=0.1139, reg=0.0000, time=55.81s.
-- 100/344 [29.1%], loss=0.1127, dgw=0.1127, reg=0.0000, time=51.22s.
-- 125/344 [36.3%], loss=0.1201, dgw=0.1201, reg=0.0000, time=52.72s.
-- 150/344 [43.6%], loss=0.1118, dgw=0.1118, reg=0.0000, time=54.53s.
-- 175/344 [50.9%], loss=0.1011, dgw=0.1011, reg=0.0000, time=42.07s.
-- 200/344 [58.1%], loss=0.1112, dgw=0.1112, reg=0.0000, time=30.76s.
-- 225/344 [65.4%], loss=0.1140, dgw=0.1140, reg=0.0000, time=53.68s.
-- 250/344 [72.7%], loss=0.1054, dgw=0.1054, reg=0.0000, time=61.54s.
-- 275/344 [79.9%], loss=0.1127, dgw=0.1127, reg=0.0000, time=58.07s.
-- 300/344 [87.2%], loss=0.0992, dgw=0.0992, reg=0.0000, time=57.24s.
-- 325/344 [94.5%], loss=0.1068, dgw=0.1068, reg=0.0000, time=56.89s.
-- 344/344 [100.0%], loss=0.1133, dgw=0.1133, reg=0.0000, time=45.95s.
fit: Epoch 6/15, loss = 0.1104, best loss = 0.1104
results/PTC_MR_Jin_Multi_usl_tsne_fit_6.pdf
-- 25/344 [7.3%], loss=0.0985, dgw=0.0985, reg=0.0000, time=22.84s.
-- 50/344 [14.5%], loss=0.1090, dgw=0.1090, reg=0.0000, time=48.83s.
-- 75/344 [21.8%], loss=0.1093, dgw=0.1093, reg=0.0000, time=41.10s.
-- 100/344 [29.1%], loss=0.1033, dgw=0.1033, reg=0.0000, time=55.78s.
-- 125/344 [36.3%], loss=0.1002, dgw=0.1002, reg=0.0000, time=47.47s.
-- 150/344 [43.6%], loss=0.1010, dgw=0.1010, reg=0.0000, time=71.91s.
-- 175/344 [50.9%], loss=0.1082, dgw=0.1082, reg=0.0000, time=61.48s.
-- 200/344 [58.1%], loss=0.0938, dgw=0.0938, reg=0.0000, time=53.20s.
-- 225/344 [65.4%], loss=0.1059, dgw=0.1059, reg=0.0000, time=57.30s.
-- 250/344 [72.7%], loss=0.0945, dgw=0.0945, reg=0.0000, time=45.55s.
-- 275/344 [79.9%], loss=0.0902, dgw=0.0902, reg=0.0000, time=49.88s.
-- 300/344 [87.2%], loss=0.0966, dgw=0.0966, reg=0.0000, time=44.79s.
-- 325/344 [94.5%], loss=0.0892, dgw=0.0892, reg=0.0000, time=39.77s.
-- 344/344 [100.0%], loss=0.0976, dgw=0.0976, reg=0.0000, time=50.86s.
fit: Epoch 7/15, loss = 0.0998, best loss = 0.0998
results/PTC_MR_Jin_Multi_usl_tsne_fit_7.pdf
-- 25/344 [7.3%], loss=0.0955, dgw=0.0955, reg=0.0000, time=60.95s.
-- 50/344 [14.5%], loss=0.0866, dgw=0.0866, reg=0.0000, time=55.30s.
-- 75/344 [21.8%], loss=0.0955, dgw=0.0955, reg=0.0000, time=50.55s.
-- 100/344 [29.1%], loss=0.0857, dgw=0.0857, reg=0.0000, time=45.23s.
-- 125/344 [36.3%], loss=0.0948, dgw=0.0948, reg=0.0000, time=59.67s.
-- 150/344 [43.6%], loss=0.1008, dgw=0.1008, reg=0.0000, time=60.32s.
-- 175/344 [50.9%], loss=0.0874, dgw=0.0874, reg=0.0000, time=59.45s.
-- 200/344 [58.1%], loss=0.0891, dgw=0.0891, reg=0.0000, time=26.34s.
-- 225/344 [65.4%], loss=0.0887, dgw=0.0887, reg=0.0000, time=50.64s.
-- 250/344 [72.7%], loss=0.0988, dgw=0.0988, reg=0.0000, time=59.37s.
-- 275/344 [79.9%], loss=0.0855, dgw=0.0855, reg=0.0000, time=62.30s.
-- 300/344 [87.2%], loss=0.0972, dgw=0.0972, reg=0.0000, time=51.28s.
-- 325/344 [94.5%], loss=0.0858, dgw=0.0858, reg=0.0000, time=60.11s.
-- 344/344 [100.0%], loss=0.0826, dgw=0.0826, reg=0.0000, time=48.80s.
fit: Epoch 8/15, loss = 0.0911, best loss = 0.0911
results/PTC_MR_Jin_Multi_usl_tsne_fit_8.pdf
-- 25/344 [7.3%], loss=0.0896, dgw=0.0896, reg=0.0000, time=53.52s.
-- 50/344 [14.5%], loss=0.0882, dgw=0.0882, reg=0.0000, time=38.13s.
-- 75/344 [21.8%], loss=0.0896, dgw=0.0896, reg=0.0000, time=34.52s.
-- 100/344 [29.1%], loss=0.0836, dgw=0.0836, reg=0.0000, time=43.38s.
-- 125/344 [36.3%], loss=0.0851, dgw=0.0851, reg=0.0000, time=50.15s.
-- 150/344 [43.6%], loss=0.0848, dgw=0.0848, reg=0.0000, time=56.08s.
-- 175/344 [50.9%], loss=0.0976, dgw=0.0976, reg=0.0000, time=59.54s.
-- 200/344 [58.1%], loss=0.0745, dgw=0.0745, reg=0.0000, time=54.84s.
-- 225/344 [65.4%], loss=0.0847, dgw=0.0847, reg=0.0000, time=60.48s.
-- 250/344 [72.7%], loss=0.0754, dgw=0.0754, reg=0.0000, time=56.20s.
-- 275/344 [79.9%], loss=0.0876, dgw=0.0876, reg=0.0000, time=47.58s.
-- 300/344 [87.2%], loss=0.0749, dgw=0.0749, reg=0.0000, time=43.42s.
-- 325/344 [94.5%], loss=0.0770, dgw=0.0770, reg=0.0000, time=49.03s.
-- 344/344 [100.0%], loss=0.0768, dgw=0.0768, reg=0.0000, time=41.44s.
fit: Epoch 9/15, loss = 0.0837, best loss = 0.0837
results/PTC_MR_Jin_Multi_usl_tsne_fit_9.pdf
-- 25/344 [7.3%], loss=0.0831, dgw=0.0831, reg=0.0000, time=22.27s.
-- 50/344 [14.5%], loss=0.0793, dgw=0.0793, reg=0.0000, time=26.74s.
-- 75/344 [21.8%], loss=0.0761, dgw=0.0761, reg=0.0000, time=47.30s.
-- 100/344 [29.1%], loss=0.0772, dgw=0.0772, reg=0.0000, time=56.08s.
-- 125/344 [36.3%], loss=0.0873, dgw=0.0873, reg=0.0000, time=52.07s.
-- 150/344 [43.6%], loss=0.0787, dgw=0.0787, reg=0.0000, time=42.77s.
-- 175/344 [50.9%], loss=0.0872, dgw=0.0872, reg=0.0000, time=57.94s.
-- 200/344 [58.1%], loss=0.0792, dgw=0.0792, reg=0.0000, time=48.08s.
-- 225/344 [65.4%], loss=0.0666, dgw=0.0666, reg=0.0000, time=46.76s.
-- 250/344 [72.7%], loss=0.0771, dgw=0.0771, reg=0.0000, time=37.85s.
-- 275/344 [79.9%], loss=0.0751, dgw=0.0751, reg=0.0000, time=31.76s.
-- 300/344 [87.2%], loss=0.0769, dgw=0.0769, reg=0.0000, time=37.63s.
-- 325/344 [94.5%], loss=0.0684, dgw=0.0684, reg=0.0000, time=26.86s.
-- 344/344 [100.0%], loss=0.0708, dgw=0.0708, reg=0.0000, time=34.85s.
fit: Epoch 10/15, loss = 0.0775, best loss = 0.0775
results/PTC_MR_Jin_Multi_usl_tsne_fit_10.pdf
-- 25/344 [7.3%], loss=0.0690, dgw=0.0690, reg=0.0000, time=33.54s.
-- 50/344 [14.5%], loss=0.0824, dgw=0.0824, reg=0.0000, time=37.68s.
-- 75/344 [21.8%], loss=0.0671, dgw=0.0671, reg=0.0000, time=35.86s.
-- 100/344 [29.1%], loss=0.0697, dgw=0.0697, reg=0.0000, time=38.14s.
-- 125/344 [36.3%], loss=0.0619, dgw=0.0619, reg=0.0000, time=40.58s.
-- 150/344 [43.6%], loss=0.0806, dgw=0.0806, reg=0.0000, time=49.84s.
-- 175/344 [50.9%], loss=0.0736, dgw=0.0736, reg=0.0000, time=48.98s.
-- 200/344 [58.1%], loss=0.0807, dgw=0.0807, reg=0.0000, time=46.94s.
-- 225/344 [65.4%], loss=0.0765, dgw=0.0765, reg=0.0000, time=46.47s.
-- 250/344 [72.7%], loss=0.0699, dgw=0.0699, reg=0.0000, time=44.01s.
-- 275/344 [79.9%], loss=0.0718, dgw=0.0718, reg=0.0000, time=40.04s.
-- 300/344 [87.2%], loss=0.0617, dgw=0.0617, reg=0.0000, time=43.27s.
-- 325/344 [94.5%], loss=0.0814, dgw=0.0814, reg=0.0000, time=31.96s.
-- 344/344 [100.0%], loss=0.0588, dgw=0.0588, reg=0.0000, time=31.36s.
fit: Epoch 11/15, loss = 0.0720, best loss = 0.0720
results/PTC_MR_Jin_Multi_usl_tsne_fit_11.pdf
-- 25/344 [7.3%], loss=0.0605, dgw=0.0605, reg=0.0000, time=42.96s.
-- 50/344 [14.5%], loss=0.0771, dgw=0.0771, reg=0.0000, time=51.07s.
-- 75/344 [21.8%], loss=0.0708, dgw=0.0708, reg=0.0000, time=39.47s.
-- 100/344 [29.1%], loss=0.0715, dgw=0.0715, reg=0.0000, time=30.80s.
-- 125/344 [36.3%], loss=0.0697, dgw=0.0697, reg=0.0000, time=25.65s.
-- 150/344 [43.6%], loss=0.0699, dgw=0.0699, reg=0.0000, time=38.14s.
-- 175/344 [50.9%], loss=0.0757, dgw=0.0757, reg=0.0000, time=42.34s.
-- 200/344 [58.1%], loss=0.0624, dgw=0.0624, reg=0.0000, time=45.18s.
-- 225/344 [65.4%], loss=0.0648, dgw=0.0648, reg=0.0000, time=47.34s.
-- 250/344 [72.7%], loss=0.0600, dgw=0.0600, reg=0.0000, time=41.41s.
-- 275/344 [79.9%], loss=0.0637, dgw=0.0637, reg=0.0000, time=41.23s.
-- 300/344 [87.2%], loss=0.0700, dgw=0.0700, reg=0.0000, time=29.77s.
-- 325/344 [94.5%], loss=0.0635, dgw=0.0635, reg=0.0000, time=37.87s.
-- 344/344 [100.0%], loss=0.0616, dgw=0.0616, reg=0.0000, time=32.03s.
fit: Epoch 12/15, loss = 0.0673, best loss = 0.0673
results/PTC_MR_Jin_Multi_usl_tsne_fit_12.pdf
-- 25/344 [7.3%], loss=0.0647, dgw=0.0647, reg=0.0000, time=35.32s.
-- 50/344 [14.5%], loss=0.0613, dgw=0.0613, reg=0.0000, time=39.60s.
-- 75/344 [21.8%], loss=0.0736, dgw=0.0736, reg=0.0000, time=37.82s.
-- 100/344 [29.1%], loss=0.0605, dgw=0.0605, reg=0.0000, time=40.84s.
-- 125/344 [36.3%], loss=0.0619, dgw=0.0619, reg=0.0000, time=35.95s.
-- 150/344 [43.6%], loss=0.0611, dgw=0.0611, reg=0.0000, time=37.70s.
-- 175/344 [50.9%], loss=0.0646, dgw=0.0646, reg=0.0000, time=32.49s.
-- 200/344 [58.1%], loss=0.0660, dgw=0.0660, reg=0.0000, time=35.22s.
-- 225/344 [65.4%], loss=0.0589, dgw=0.0589, reg=0.0000, time=34.99s.
-- 250/344 [72.7%], loss=0.0537, dgw=0.0537, reg=0.0000, time=38.19s.
-- 275/344 [79.9%], loss=0.0620, dgw=0.0620, reg=0.0000, time=41.66s.
-- 300/344 [87.2%], loss=0.0618, dgw=0.0618, reg=0.0000, time=42.27s.
-- 325/344 [94.5%], loss=0.0589, dgw=0.0589, reg=0.0000, time=40.72s.
-- 344/344 [100.0%], loss=0.0798, dgw=0.0798, reg=0.0000, time=26.53s.
fit: Epoch 13/15, loss = 0.0632, best loss = 0.0632
results/PTC_MR_Jin_Multi_usl_tsne_fit_13.pdf
-- 25/344 [7.3%], loss=0.0659, dgw=0.0659, reg=0.0000, time=21.69s.
-- 50/344 [14.5%], loss=0.0531, dgw=0.0531, reg=0.0000, time=35.93s.
-- 75/344 [21.8%], loss=0.0630, dgw=0.0630, reg=0.0000, time=22.24s.
-- 100/344 [29.1%], loss=0.0640, dgw=0.0640, reg=0.0000, time=41.25s.
-- 125/344 [36.3%], loss=0.0619, dgw=0.0619, reg=0.0000, time=26.94s.
-- 150/344 [43.6%], loss=0.0740, dgw=0.0740, reg=0.0000, time=41.47s.
-- 175/344 [50.9%], loss=0.0551, dgw=0.0551, reg=0.0000, time=28.53s.
-- 200/344 [58.1%], loss=0.0606, dgw=0.0606, reg=0.0000, time=24.48s.
-- 225/344 [65.4%], loss=0.0451, dgw=0.0451, reg=0.0000, time=34.51s.
-- 250/344 [72.7%], loss=0.0575, dgw=0.0575, reg=0.0000, time=48.32s.
-- 275/344 [79.9%], loss=0.0579, dgw=0.0579, reg=0.0000, time=46.09s.
-- 300/344 [87.2%], loss=0.0555, dgw=0.0555, reg=0.0000, time=38.60s.
-- 325/344 [94.5%], loss=0.0621, dgw=0.0621, reg=0.0000, time=40.25s.
-- 344/344 [100.0%], loss=0.0576, dgw=0.0576, reg=0.0000, time=29.28s.
fit: Epoch 14/15, loss = 0.0596, best loss = 0.0596
results/PTC_MR_Jin_Multi_usl_tsne_fit_14.pdf
-- 25/344 [7.3%], loss=0.0747, dgw=0.0747, reg=0.0000, time=28.47s.
-- 50/344 [14.5%], loss=0.0487, dgw=0.0487, reg=0.0000, time=44.90s.
-- 75/344 [21.8%], loss=0.0593, dgw=0.0593, reg=0.0000, time=34.94s.
-- 100/344 [29.1%], loss=0.0538, dgw=0.0538, reg=0.0000, time=32.32s.
-- 125/344 [36.3%], loss=0.0482, dgw=0.0482, reg=0.0000, time=40.30s.
-- 150/344 [43.6%], loss=0.0579, dgw=0.0579, reg=0.0000, time=50.97s.
-- 175/344 [50.9%], loss=0.0617, dgw=0.0617, reg=0.0000, time=49.08s.
-- 200/344 [58.1%], loss=0.0481, dgw=0.0481, reg=0.0000, time=35.81s.
-- 225/344 [65.4%], loss=0.0624, dgw=0.0624, reg=0.0000, time=46.14s.
-- 250/344 [72.7%], loss=0.0558, dgw=0.0558, reg=0.0000, time=44.24s.
-- 275/344 [79.9%], loss=0.0482, dgw=0.0482, reg=0.0000, time=39.12s.
-- 300/344 [87.2%], loss=0.0559, dgw=0.0559, reg=0.0000, time=29.18s.
-- 325/344 [94.5%], loss=0.0529, dgw=0.0529, reg=0.0000, time=28.69s.
-- 344/344 [100.0%], loss=0.0618, dgw=0.0618, reg=0.0000, time=24.07s.
fit: Epoch 15/15, loss = 0.0563, best loss = 0.0563
results/PTC_MR_Jin_Multi_usl_tsne_fit_15.pdf
Best Acc  : 0.561046511627907
Rand Score: 0.5060173571089566
Done!
