-- 25/344 [7.3%], loss=0.2096, dgw=0.2096, reg=0.0000, time=44.44s.
-- 50/344 [14.5%], loss=0.2268, dgw=0.2268, reg=0.0000, time=47.86s.
-- 75/344 [21.8%], loss=0.2031, dgw=0.2031, reg=0.0000, time=47.23s.
-- 100/344 [29.1%], loss=0.1942, dgw=0.1942, reg=0.0000, time=36.00s.
-- 125/344 [36.3%], loss=0.1870, dgw=0.1870, reg=0.0000, time=35.50s.
-- 150/344 [43.6%], loss=0.2047, dgw=0.2047, reg=0.0000, time=45.65s.
-- 175/344 [50.9%], loss=0.2087, dgw=0.2087, reg=0.0000, time=46.95s.
-- 200/344 [58.1%], loss=0.1970, dgw=0.1970, reg=0.0000, time=51.45s.
-- 225/344 [65.4%], loss=0.1992, dgw=0.1992, reg=0.0000, time=48.61s.
-- 250/344 [72.7%], loss=0.2011, dgw=0.2011, reg=0.0000, time=63.36s.
-- 275/344 [79.9%], loss=0.1958, dgw=0.1958, reg=0.0000, time=56.64s.
-- 300/344 [87.2%], loss=0.1946, dgw=0.1946, reg=0.0000, time=45.07s.
-- 325/344 [94.5%], loss=0.1927, dgw=0.1927, reg=0.0000, time=37.40s.
-- 344/344 [100.0%], loss=0.1994, dgw=0.1994, reg=0.0000, time=49.12s.
fit: Epoch 1/15, loss = 0.2010, best loss = 0.2010
results/PTC_MR_Jin_Multi_usl_tsne_fit_1.pdf
-- 25/344 [7.3%], loss=0.1855, dgw=0.1855, reg=0.0000, time=35.30s.
-- 50/344 [14.5%], loss=0.1784, dgw=0.1784, reg=0.0000, time=48.68s.
-- 75/344 [21.8%], loss=0.1856, dgw=0.1856, reg=0.0000, time=74.21s.
-- 100/344 [29.1%], loss=0.1794, dgw=0.1794, reg=0.0000, time=58.74s.
-- 125/344 [36.3%], loss=0.1852, dgw=0.1852, reg=0.0000, time=49.90s.
-- 150/344 [43.6%], loss=0.1767, dgw=0.1767, reg=0.0000, time=41.15s.
-- 175/344 [50.9%], loss=0.1755, dgw=0.1755, reg=0.0000, time=71.53s.
-- 200/344 [58.1%], loss=0.1822, dgw=0.1822, reg=0.0000, time=66.77s.
-- 225/344 [65.4%], loss=0.1832, dgw=0.1832, reg=0.0000, time=57.26s.
-- 250/344 [72.7%], loss=0.1767, dgw=0.1767, reg=0.0000, time=41.91s.
-- 275/344 [79.9%], loss=0.1775, dgw=0.1775, reg=0.0000, time=57.31s.
-- 300/344 [87.2%], loss=0.1721, dgw=0.1721, reg=0.0000, time=64.08s.
-- 325/344 [94.5%], loss=0.1732, dgw=0.1732, reg=0.0000, time=55.26s.
-- 344/344 [100.0%], loss=0.1570, dgw=0.1570, reg=0.0000, time=38.25s.
fit: Epoch 2/15, loss = 0.1781, best loss = 0.1781
results/PTC_MR_Jin_Multi_usl_tsne_fit_2.pdf
-- 25/344 [7.3%], loss=0.1717, dgw=0.1717, reg=0.0000, time=53.64s.
-- 50/344 [14.5%], loss=0.1636, dgw=0.1636, reg=0.0000, time=51.68s.
-- 75/344 [21.8%], loss=0.1727, dgw=0.1727, reg=0.0000, time=60.24s.
-- 100/344 [29.1%], loss=0.1609, dgw=0.1609, reg=0.0000, time=63.56s.
-- 125/344 [36.3%], loss=0.1519, dgw=0.1519, reg=0.0000, time=62.30s.
-- 150/344 [43.6%], loss=0.1664, dgw=0.1664, reg=0.0000, time=66.37s.
-- 175/344 [50.9%], loss=0.1626, dgw=0.1626, reg=0.0000, time=53.66s.
-- 200/344 [58.1%], loss=0.1507, dgw=0.1507, reg=0.0000, time=58.70s.
-- 225/344 [65.4%], loss=0.1516, dgw=0.1516, reg=0.0000, time=55.10s.
-- 250/344 [72.7%], loss=0.1550, dgw=0.1550, reg=0.0000, time=39.71s.
-- 275/344 [79.9%], loss=0.1549, dgw=0.1549, reg=0.0000, time=49.48s.
-- 300/344 [87.2%], loss=0.1510, dgw=0.1510, reg=0.0000, time=53.32s.
-- 325/344 [94.5%], loss=0.1567, dgw=0.1567, reg=0.0000, time=59.67s.
-- 344/344 [100.0%], loss=0.1378, dgw=0.1378, reg=0.0000, time=51.33s.
fit: Epoch 3/15, loss = 0.1580, best loss = 0.1580
results/PTC_MR_Jin_Multi_usl_tsne_fit_3.pdf
-- 25/344 [7.3%], loss=0.1539, dgw=0.1539, reg=0.0000, time=53.58s.
-- 50/344 [14.5%], loss=0.1476, dgw=0.1476, reg=0.0000, time=52.15s.
-- 75/344 [21.8%], loss=0.1440, dgw=0.1440, reg=0.0000, time=29.78s.
-- 100/344 [29.1%], loss=0.1400, dgw=0.1400, reg=0.0000, time=41.57s.
-- 125/344 [36.3%], loss=0.1552, dgw=0.1552, reg=0.0000, time=54.11s.
-- 150/344 [43.6%], loss=0.1353, dgw=0.1353, reg=0.0000, time=52.37s.
-- 175/344 [50.9%], loss=0.1452, dgw=0.1452, reg=0.0000, time=46.43s.
-- 200/344 [58.1%], loss=0.1449, dgw=0.1449, reg=0.0000, time=56.06s.
-- 225/344 [65.4%], loss=0.1301, dgw=0.1301, reg=0.0000, time=67.51s.
-- 250/344 [72.7%], loss=0.1399, dgw=0.1399, reg=0.0000, time=57.65s.
-- 275/344 [79.9%], loss=0.1283, dgw=0.1283, reg=0.0000, time=47.62s.
-- 300/344 [87.2%], loss=0.1305, dgw=0.1305, reg=0.0000, time=37.23s.
-- 325/344 [94.5%], loss=0.1336, dgw=0.1336, reg=0.0000, time=43.62s.
-- 344/344 [100.0%], loss=0.1380, dgw=0.1380, reg=0.0000, time=40.31s.
fit: Epoch 4/15, loss = 0.1405, best loss = 0.1405
results/PTC_MR_Jin_Multi_usl_tsne_fit_4.pdf
-- 25/344 [7.3%], loss=0.1348, dgw=0.1348, reg=0.0000, time=49.11s.
-- 50/344 [14.5%], loss=0.1290, dgw=0.1290, reg=0.0000, time=50.99s.
-- 75/344 [21.8%], loss=0.1360, dgw=0.1360, reg=0.0000, time=39.93s.
-- 100/344 [29.1%], loss=0.1222, dgw=0.1222, reg=0.0000, time=61.12s.
-- 125/344 [36.3%], loss=0.1312, dgw=0.1312, reg=0.0000, time=53.54s.
-- 150/344 [43.6%], loss=0.1274, dgw=0.1274, reg=0.0000, time=53.56s.
-- 175/344 [50.9%], loss=0.1297, dgw=0.1297, reg=0.0000, time=45.57s.
-- 200/344 [58.1%], loss=0.1315, dgw=0.1315, reg=0.0000, time=51.92s.
-- 225/344 [65.4%], loss=0.1127, dgw=0.1127, reg=0.0000, time=63.47s.
-- 250/344 [72.7%], loss=0.1279, dgw=0.1279, reg=0.0000, time=59.48s.
-- 275/344 [79.9%], loss=0.1269, dgw=0.1269, reg=0.0000, time=56.67s.
-- 300/344 [87.2%], loss=0.1186, dgw=0.1186, reg=0.0000, time=45.75s.
-- 325/344 [94.5%], loss=0.1201, dgw=0.1201, reg=0.0000, time=46.93s.
-- 344/344 [100.0%], loss=0.1091, dgw=0.1091, reg=0.0000, time=35.07s.
fit: Epoch 5/15, loss = 0.1258, best loss = 0.1258
results/PTC_MR_Jin_Multi_usl_tsne_fit_5.pdf
-- 25/344 [7.3%], loss=0.1159, dgw=0.1159, reg=0.0000, time=51.81s.
-- 50/344 [14.5%], loss=0.1213, dgw=0.1213, reg=0.0000, time=55.57s.
-- 75/344 [21.8%], loss=0.1243, dgw=0.1243, reg=0.0000, time=52.84s.
-- 100/344 [29.1%], loss=0.1149, dgw=0.1149, reg=0.0000, time=63.89s.
-- 125/344 [36.3%], loss=0.1144, dgw=0.1144, reg=0.0000, time=53.05s.
-- 150/344 [43.6%], loss=0.1142, dgw=0.1142, reg=0.0000, time=56.19s.
-- 175/344 [50.9%], loss=0.1086, dgw=0.1086, reg=0.0000, time=49.20s.
-- 200/344 [58.1%], loss=0.1126, dgw=0.1126, reg=0.0000, time=46.27s.
-- 225/344 [65.4%], loss=0.1129, dgw=0.1129, reg=0.0000, time=45.00s.
-- 250/344 [72.7%], loss=0.1189, dgw=0.1189, reg=0.0000, time=46.14s.
-- 275/344 [79.9%], loss=0.1070, dgw=0.1070, reg=0.0000, time=36.70s.
-- 300/344 [87.2%], loss=0.1058, dgw=0.1058, reg=0.0000, time=74.79s.
-- 325/344 [94.5%], loss=0.1041, dgw=0.1041, reg=0.0000, time=63.69s.
-- 344/344 [100.0%], loss=0.1121, dgw=0.1121, reg=0.0000, time=40.40s.
fit: Epoch 6/15, loss = 0.1134, best loss = 0.1134
results/PTC_MR_Jin_Multi_usl_tsne_fit_6.pdf
-- 25/344 [7.3%], loss=0.1162, dgw=0.1162, reg=0.0000, time=31.15s.
-- 50/344 [14.5%], loss=0.1063, dgw=0.1063, reg=0.0000, time=38.63s.
-- 75/344 [21.8%], loss=0.1124, dgw=0.1124, reg=0.0000, time=43.87s.
-- 100/344 [29.1%], loss=0.1033, dgw=0.1033, reg=0.0000, time=53.51s.
-- 125/344 [36.3%], loss=0.1121, dgw=0.1121, reg=0.0000, time=67.79s.
-- 150/344 [43.6%], loss=0.1052, dgw=0.1052, reg=0.0000, time=53.50s.
-- 175/344 [50.9%], loss=0.0950, dgw=0.0950, reg=0.0000, time=54.86s.
-- 200/344 [58.1%], loss=0.0967, dgw=0.0967, reg=0.0000, time=53.35s.
-- 225/344 [65.4%], loss=0.0986, dgw=0.0986, reg=0.0000, time=60.78s.
-- 250/344 [72.7%], loss=0.0983, dgw=0.0983, reg=0.0000, time=53.26s.
-- 275/344 [79.9%], loss=0.0968, dgw=0.0968, reg=0.0000, time=65.29s.
-- 300/344 [87.2%], loss=0.1028, dgw=0.1028, reg=0.0000, time=59.91s.
-- 325/344 [94.5%], loss=0.1019, dgw=0.1019, reg=0.0000, time=68.11s.
-- 344/344 [100.0%], loss=0.0932, dgw=0.0932, reg=0.0000, time=37.13s.
fit: Epoch 7/15, loss = 0.1029, best loss = 0.1029
results/PTC_MR_Jin_Multi_usl_tsne_fit_7.pdf
-- 25/344 [7.3%], loss=0.1033, dgw=0.1033, reg=0.0000, time=40.31s.
-- 50/344 [14.5%], loss=0.1083, dgw=0.1083, reg=0.0000, time=56.44s.
-- 75/344 [21.8%], loss=0.1048, dgw=0.1048, reg=0.0000, time=52.22s.
-- 100/344 [29.1%], loss=0.0885, dgw=0.0885, reg=0.0000, time=43.81s.
-- 125/344 [36.3%], loss=0.0960, dgw=0.0960, reg=0.0000, time=46.13s.
-- 150/344 [43.6%], loss=0.0838, dgw=0.0838, reg=0.0000, time=55.50s.
-- 175/344 [50.9%], loss=0.0930, dgw=0.0930, reg=0.0000, time=53.28s.
-- 200/344 [58.1%], loss=0.0982, dgw=0.0982, reg=0.0000, time=47.99s.
-- 225/344 [65.4%], loss=0.0914, dgw=0.0914, reg=0.0000, time=40.06s.
-- 250/344 [72.7%], loss=0.0951, dgw=0.0951, reg=0.0000, time=51.02s.
-- 275/344 [79.9%], loss=0.0909, dgw=0.0909, reg=0.0000, time=59.55s.
-- 300/344 [87.2%], loss=0.0851, dgw=0.0851, reg=0.0000, time=60.65s.
-- 325/344 [94.5%], loss=0.0924, dgw=0.0924, reg=0.0000, time=58.81s.
-- 344/344 [100.0%], loss=0.0857, dgw=0.0857, reg=0.0000, time=43.46s.
fit: Epoch 8/15, loss = 0.0942, best loss = 0.0942
results/PTC_MR_Jin_Multi_usl_tsne_fit_8.pdf
-- 25/344 [7.3%], loss=0.1008, dgw=0.1008, reg=0.0000, time=47.87s.
-- 50/344 [14.5%], loss=0.0942, dgw=0.0942, reg=0.0000, time=35.64s.
-- 75/344 [21.8%], loss=0.0828, dgw=0.0828, reg=0.0000, time=42.82s.
-- 100/344 [29.1%], loss=0.0846, dgw=0.0846, reg=0.0000, time=48.22s.
-- 125/344 [36.3%], loss=0.0818, dgw=0.0818, reg=0.0000, time=57.65s.
-- 150/344 [43.6%], loss=0.0812, dgw=0.0812, reg=0.0000, time=53.35s.
-- 175/344 [50.9%], loss=0.0928, dgw=0.0928, reg=0.0000, time=45.23s.
-- 200/344 [58.1%], loss=0.0893, dgw=0.0893, reg=0.0000, time=52.36s.
-- 225/344 [65.4%], loss=0.0866, dgw=0.0866, reg=0.0000, time=56.39s.
-- 250/344 [72.7%], loss=0.0775, dgw=0.0775, reg=0.0000, time=37.41s.
-- 275/344 [79.9%], loss=0.0798, dgw=0.0798, reg=0.0000, time=51.03s.
-- 300/344 [87.2%], loss=0.0919, dgw=0.0919, reg=0.0000, time=33.90s.
-- 325/344 [94.5%], loss=0.0935, dgw=0.0935, reg=0.0000, time=46.47s.
-- 344/344 [100.0%], loss=0.0751, dgw=0.0751, reg=0.0000, time=46.39s.
fit: Epoch 9/15, loss = 0.0868, best loss = 0.0868
results/PTC_MR_Jin_Multi_usl_tsne_fit_9.pdf
-- 25/344 [7.3%], loss=0.0829, dgw=0.0829, reg=0.0000, time=24.21s.
-- 50/344 [14.5%], loss=0.0878, dgw=0.0878, reg=0.0000, time=43.95s.
-- 75/344 [21.8%], loss=0.0841, dgw=0.0841, reg=0.0000, time=48.31s.
-- 100/344 [29.1%], loss=0.0805, dgw=0.0805, reg=0.0000, time=48.24s.
-- 125/344 [36.3%], loss=0.0785, dgw=0.0785, reg=0.0000, time=45.77s.
-- 150/344 [43.6%], loss=0.0880, dgw=0.0880, reg=0.0000, time=39.61s.
-- 175/344 [50.9%], loss=0.0798, dgw=0.0798, reg=0.0000, time=43.08s.
-- 200/344 [58.1%], loss=0.0840, dgw=0.0840, reg=0.0000, time=33.20s.
-- 225/344 [65.4%], loss=0.0691, dgw=0.0691, reg=0.0000, time=41.56s.
-- 250/344 [72.7%], loss=0.0821, dgw=0.0821, reg=0.0000, time=41.72s.
-- 275/344 [79.9%], loss=0.0750, dgw=0.0750, reg=0.0000, time=55.58s.
-- 300/344 [87.2%], loss=0.0793, dgw=0.0793, reg=0.0000, time=44.60s.
-- 325/344 [94.5%], loss=0.0772, dgw=0.0772, reg=0.0000, time=38.44s.
-- 344/344 [100.0%], loss=0.0770, dgw=0.0770, reg=0.0000, time=31.42s.
fit: Epoch 10/15, loss = 0.0804, best loss = 0.0804
results/PTC_MR_Jin_Multi_usl_tsne_fit_10.pdf
-- 25/344 [7.3%], loss=0.0684, dgw=0.0684, reg=0.0000, time=31.94s.
-- 50/344 [14.5%], loss=0.0746, dgw=0.0746, reg=0.0000, time=39.11s.
-- 75/344 [21.8%], loss=0.0786, dgw=0.0786, reg=0.0000, time=43.05s.
-- 100/344 [29.1%], loss=0.0742, dgw=0.0742, reg=0.0000, time=38.68s.
-- 125/344 [36.3%], loss=0.0824, dgw=0.0824, reg=0.0000, time=29.53s.
-- 150/344 [43.6%], loss=0.0821, dgw=0.0821, reg=0.0000, time=37.39s.
-- 175/344 [50.9%], loss=0.0767, dgw=0.0767, reg=0.0000, time=56.11s.
-- 200/344 [58.1%], loss=0.0729, dgw=0.0729, reg=0.0000, time=41.18s.
-- 225/344 [65.4%], loss=0.0748, dgw=0.0748, reg=0.0000, time=33.78s.
-- 250/344 [72.7%], loss=0.0809, dgw=0.0809, reg=0.0000, time=43.01s.
-- 275/344 [79.9%], loss=0.0737, dgw=0.0737, reg=0.0000, time=39.68s.
-- 300/344 [87.2%], loss=0.0710, dgw=0.0710, reg=0.0000, time=46.55s.
-- 325/344 [94.5%], loss=0.0637, dgw=0.0637, reg=0.0000, time=42.24s.
-- 344/344 [100.0%], loss=0.0744, dgw=0.0744, reg=0.0000, time=29.36s.
fit: Epoch 11/15, loss = 0.0749, best loss = 0.0749
results/PTC_MR_Jin_Multi_usl_tsne_fit_11.pdf
-- 25/344 [7.3%], loss=0.0735, dgw=0.0735, reg=0.0000, time=31.28s.
-- 50/344 [14.5%], loss=0.0750, dgw=0.0750, reg=0.0000, time=31.81s.
-- 75/344 [21.8%], loss=0.0680, dgw=0.0680, reg=0.0000, time=33.44s.
-- 100/344 [29.1%], loss=0.0649, dgw=0.0649, reg=0.0000, time=48.77s.
-- 125/344 [36.3%], loss=0.0654, dgw=0.0654, reg=0.0000, time=46.70s.
-- 150/344 [43.6%], loss=0.0778, dgw=0.0778, reg=0.0000, time=17.09s.
-- 175/344 [50.9%], loss=0.0687, dgw=0.0687, reg=0.0000, time=40.80s.
-- 200/344 [58.1%], loss=0.0659, dgw=0.0659, reg=0.0000, time=41.44s.
-- 225/344 [65.4%], loss=0.0688, dgw=0.0688, reg=0.0000, time=45.77s.
-- 250/344 [72.7%], loss=0.0754, dgw=0.0754, reg=0.0000, time=36.67s.
-- 275/344 [79.9%], loss=0.0692, dgw=0.0692, reg=0.0000, time=48.32s.
-- 300/344 [87.2%], loss=0.0812, dgw=0.0812, reg=0.0000, time=37.03s.
-- 325/344 [94.5%], loss=0.0638, dgw=0.0638, reg=0.0000, time=25.52s.
-- 344/344 [100.0%], loss=0.0614, dgw=0.0614, reg=0.0000, time=26.63s.
fit: Epoch 12/15, loss = 0.0701, best loss = 0.0701
results/PTC_MR_Jin_Multi_usl_tsne_fit_12.pdf
-- 25/344 [7.3%], loss=0.0609, dgw=0.0609, reg=0.0000, time=36.88s.
-- 50/344 [14.5%], loss=0.0639, dgw=0.0639, reg=0.0000, time=37.57s.
-- 75/344 [21.8%], loss=0.0702, dgw=0.0702, reg=0.0000, time=32.40s.
-- 100/344 [29.1%], loss=0.0730, dgw=0.0730, reg=0.0000, time=42.12s.
-- 125/344 [36.3%], loss=0.0752, dgw=0.0752, reg=0.0000, time=45.21s.
-- 150/344 [43.6%], loss=0.0666, dgw=0.0666, reg=0.0000, time=41.10s.
-- 175/344 [50.9%], loss=0.0648, dgw=0.0648, reg=0.0000, time=25.06s.
-- 200/344 [58.1%], loss=0.0620, dgw=0.0620, reg=0.0000, time=41.01s.
-- 225/344 [65.4%], loss=0.0637, dgw=0.0637, reg=0.0000, time=36.03s.
-- 250/344 [72.7%], loss=0.0692, dgw=0.0692, reg=0.0000, time=34.53s.
-- 275/344 [79.9%], loss=0.0635, dgw=0.0635, reg=0.0000, time=36.19s.
-- 300/344 [87.2%], loss=0.0608, dgw=0.0608, reg=0.0000, time=29.24s.
-- 325/344 [94.5%], loss=0.0622, dgw=0.0622, reg=0.0000, time=44.28s.
-- 344/344 [100.0%], loss=0.0636, dgw=0.0636, reg=0.0000, time=33.30s.
fit: Epoch 13/15, loss = 0.0657, best loss = 0.0657
results/PTC_MR_Jin_Multi_usl_tsne_fit_13.pdf
-- 25/344 [7.3%], loss=0.0786, dgw=0.0786, reg=0.0000, time=43.76s.
-- 50/344 [14.5%], loss=0.0690, dgw=0.0690, reg=0.0000, time=32.41s.
-- 75/344 [21.8%], loss=0.0555, dgw=0.0555, reg=0.0000, time=38.40s.
-- 100/344 [29.1%], loss=0.0586, dgw=0.0586, reg=0.0000, time=28.96s.
-- 125/344 [36.3%], loss=0.0528, dgw=0.0528, reg=0.0000, time=33.95s.
-- 150/344 [43.6%], loss=0.0540, dgw=0.0540, reg=0.0000, time=27.30s.
-- 175/344 [50.9%], loss=0.0607, dgw=0.0607, reg=0.0000, time=33.06s.
-- 200/344 [58.1%], loss=0.0523, dgw=0.0523, reg=0.0000, time=46.06s.
-- 225/344 [65.4%], loss=0.0615, dgw=0.0615, reg=0.0000, time=38.86s.
-- 250/344 [72.7%], loss=0.0627, dgw=0.0627, reg=0.0000, time=32.94s.
-- 275/344 [79.9%], loss=0.0792, dgw=0.0792, reg=0.0000, time=49.11s.
-- 300/344 [87.2%], loss=0.0632, dgw=0.0632, reg=0.0000, time=49.62s.
-- 325/344 [94.5%], loss=0.0604, dgw=0.0604, reg=0.0000, time=49.05s.
-- 344/344 [100.0%], loss=0.0557, dgw=0.0557, reg=0.0000, time=33.77s.
fit: Epoch 14/15, loss = 0.0618, best loss = 0.0618
results/PTC_MR_Jin_Multi_usl_tsne_fit_14.pdf
-- 25/344 [7.3%], loss=0.0590, dgw=0.0590, reg=0.0000, time=36.22s.
-- 50/344 [14.5%], loss=0.0647, dgw=0.0647, reg=0.0000, time=37.09s.
-- 75/344 [21.8%], loss=0.0583, dgw=0.0583, reg=0.0000, time=22.65s.
-- 100/344 [29.1%], loss=0.0594, dgw=0.0594, reg=0.0000, time=23.33s.
-- 125/344 [36.3%], loss=0.0539, dgw=0.0539, reg=0.0000, time=28.67s.
-- 150/344 [43.6%], loss=0.0559, dgw=0.0559, reg=0.0000, time=29.15s.
-- 175/344 [50.9%], loss=0.0549, dgw=0.0549, reg=0.0000, time=40.14s.
-- 200/344 [58.1%], loss=0.0587, dgw=0.0587, reg=0.0000, time=34.20s.
-- 225/344 [65.4%], loss=0.0514, dgw=0.0514, reg=0.0000, time=28.39s.
-- 250/344 [72.7%], loss=0.0600, dgw=0.0600, reg=0.0000, time=32.84s.
-- 275/344 [79.9%], loss=0.0703, dgw=0.0703, reg=0.0000, time=24.13s.
-- 300/344 [87.2%], loss=0.0617, dgw=0.0617, reg=0.0000, time=30.22s.
-- 325/344 [94.5%], loss=0.0497, dgw=0.0497, reg=0.0000, time=26.78s.
-- 344/344 [100.0%], loss=0.0582, dgw=0.0582, reg=0.0000, time=35.96s.
fit: Epoch 15/15, loss = 0.0583, best loss = 0.0583
results/PTC_MR_Jin_Multi_usl_tsne_fit_15.pdf
Best Acc  : 0.5901162790697674
Rand Score: 0.5148315140009492
Done!
