-- 25/344 [7.3%], loss=0.2068, dgw=0.2068, reg=0.0000, time=40.06s.
-- 50/344 [14.5%], loss=0.2080, dgw=0.2080, reg=0.0000, time=41.61s.
-- 75/344 [21.8%], loss=0.2202, dgw=0.2202, reg=0.0000, time=32.23s.
-- 100/344 [29.1%], loss=0.2027, dgw=0.2027, reg=0.0000, time=47.53s.
-- 125/344 [36.3%], loss=0.2066, dgw=0.2066, reg=0.0000, time=49.46s.
-- 150/344 [43.6%], loss=0.1951, dgw=0.1951, reg=0.0000, time=46.88s.
-- 175/344 [50.9%], loss=0.2120, dgw=0.2120, reg=0.0000, time=51.64s.
-- 200/344 [58.1%], loss=0.1878, dgw=0.1878, reg=0.0000, time=60.03s.
-- 225/344 [65.4%], loss=0.1935, dgw=0.1935, reg=0.0000, time=65.58s.
-- 250/344 [72.7%], loss=0.1968, dgw=0.1968, reg=0.0000, time=56.76s.
-- 275/344 [79.9%], loss=0.1871, dgw=0.1871, reg=0.0000, time=53.16s.
-- 300/344 [87.2%], loss=0.1936, dgw=0.1936, reg=0.0000, time=58.12s.
-- 325/344 [94.5%], loss=0.1863, dgw=0.1863, reg=0.0000, time=60.28s.
-- 344/344 [100.0%], loss=0.1926, dgw=0.1926, reg=0.0000, time=52.96s.
fit: Epoch 1/15, loss = 0.1993, best loss = 0.1993
results/PTC_MR_Jin_Multi_usl_tsne_fit_1.pdf
-- 25/344 [7.3%], loss=0.1936, dgw=0.1936, reg=0.0000, time=39.35s.
-- 50/344 [14.5%], loss=0.1834, dgw=0.1834, reg=0.0000, time=58.72s.
-- 75/344 [21.8%], loss=0.1849, dgw=0.1849, reg=0.0000, time=37.94s.
-- 100/344 [29.1%], loss=0.1826, dgw=0.1826, reg=0.0000, time=38.21s.
-- 125/344 [36.3%], loss=0.1722, dgw=0.1722, reg=0.0000, time=55.55s.
-- 150/344 [43.6%], loss=0.1734, dgw=0.1734, reg=0.0000, time=52.65s.
-- 175/344 [50.9%], loss=0.1753, dgw=0.1753, reg=0.0000, time=64.56s.
-- 200/344 [58.1%], loss=0.1736, dgw=0.1736, reg=0.0000, time=48.75s.
-- 225/344 [65.4%], loss=0.1686, dgw=0.1686, reg=0.0000, time=60.30s.
-- 250/344 [72.7%], loss=0.1787, dgw=0.1787, reg=0.0000, time=54.59s.
-- 275/344 [79.9%], loss=0.1711, dgw=0.1711, reg=0.0000, time=52.22s.
-- 300/344 [87.2%], loss=0.1764, dgw=0.1764, reg=0.0000, time=57.03s.
-- 325/344 [94.5%], loss=0.1625, dgw=0.1625, reg=0.0000, time=43.28s.
-- 344/344 [100.0%], loss=0.1720, dgw=0.1720, reg=0.0000, time=30.17s.
fit: Epoch 2/15, loss = 0.1764, best loss = 0.1764
results/PTC_MR_Jin_Multi_usl_tsne_fit_2.pdf
-- 25/344 [7.3%], loss=0.1675, dgw=0.1675, reg=0.0000, time=25.21s.
-- 50/344 [14.5%], loss=0.1562, dgw=0.1562, reg=0.0000, time=53.99s.
-- 75/344 [21.8%], loss=0.1538, dgw=0.1538, reg=0.0000, time=58.34s.
-- 100/344 [29.1%], loss=0.1655, dgw=0.1655, reg=0.0000, time=49.53s.
-- 125/344 [36.3%], loss=0.1612, dgw=0.1612, reg=0.0000, time=64.15s.
-- 150/344 [43.6%], loss=0.1615, dgw=0.1615, reg=0.0000, time=52.47s.
-- 175/344 [50.9%], loss=0.1606, dgw=0.1606, reg=0.0000, time=51.50s.
-- 200/344 [58.1%], loss=0.1572, dgw=0.1572, reg=0.0000, time=47.08s.
-- 225/344 [65.4%], loss=0.1506, dgw=0.1506, reg=0.0000, time=41.19s.
-- 250/344 [72.7%], loss=0.1537, dgw=0.1537, reg=0.0000, time=68.16s.
-- 275/344 [79.9%], loss=0.1512, dgw=0.1512, reg=0.0000, time=40.09s.
-- 300/344 [87.2%], loss=0.1527, dgw=0.1527, reg=0.0000, time=57.22s.
-- 325/344 [94.5%], loss=0.1434, dgw=0.1434, reg=0.0000, time=42.40s.
-- 344/344 [100.0%], loss=0.1447, dgw=0.1447, reg=0.0000, time=32.19s.
fit: Epoch 3/15, loss = 0.1559, best loss = 0.1559
results/PTC_MR_Jin_Multi_usl_tsne_fit_3.pdf
-- 25/344 [7.3%], loss=0.1430, dgw=0.1430, reg=0.0000, time=48.14s.
-- 50/344 [14.5%], loss=0.1384, dgw=0.1384, reg=0.0000, time=40.96s.
-- 75/344 [21.8%], loss=0.1335, dgw=0.1335, reg=0.0000, time=43.98s.
-- 100/344 [29.1%], loss=0.1433, dgw=0.1433, reg=0.0000, time=50.91s.
-- 125/344 [36.3%], loss=0.1429, dgw=0.1429, reg=0.0000, time=39.64s.
-- 150/344 [43.6%], loss=0.1501, dgw=0.1501, reg=0.0000, time=59.86s.
-- 175/344 [50.9%], loss=0.1353, dgw=0.1353, reg=0.0000, time=52.34s.
-- 200/344 [58.1%], loss=0.1411, dgw=0.1411, reg=0.0000, time=70.24s.
-- 225/344 [65.4%], loss=0.1350, dgw=0.1350, reg=0.0000, time=55.32s.
-- 250/344 [72.7%], loss=0.1357, dgw=0.1357, reg=0.0000, time=51.33s.
-- 275/344 [79.9%], loss=0.1333, dgw=0.1333, reg=0.0000, time=50.59s.
-- 300/344 [87.2%], loss=0.1316, dgw=0.1316, reg=0.0000, time=47.99s.
-- 325/344 [94.5%], loss=0.1310, dgw=0.1310, reg=0.0000, time=47.84s.
-- 344/344 [100.0%], loss=0.1428, dgw=0.1428, reg=0.0000, time=38.78s.
fit: Epoch 4/15, loss = 0.1383, best loss = 0.1383
results/PTC_MR_Jin_Multi_usl_tsne_fit_4.pdf
-- 25/344 [7.3%], loss=0.1276, dgw=0.1276, reg=0.0000, time=46.98s.
-- 50/344 [14.5%], loss=0.1247, dgw=0.1247, reg=0.0000, time=49.50s.
-- 75/344 [21.8%], loss=0.1257, dgw=0.1257, reg=0.0000, time=41.25s.
-- 100/344 [29.1%], loss=0.1299, dgw=0.1299, reg=0.0000, time=40.24s.
-- 125/344 [36.3%], loss=0.1246, dgw=0.1246, reg=0.0000, time=52.66s.
-- 150/344 [43.6%], loss=0.1260, dgw=0.1260, reg=0.0000, time=53.82s.
-- 175/344 [50.9%], loss=0.1264, dgw=0.1264, reg=0.0000, time=59.18s.
-- 200/344 [58.1%], loss=0.1206, dgw=0.1206, reg=0.0000, time=58.08s.
-- 225/344 [65.4%], loss=0.1262, dgw=0.1262, reg=0.0000, time=54.83s.
-- 250/344 [72.7%], loss=0.1237, dgw=0.1237, reg=0.0000, time=40.18s.
-- 275/344 [79.9%], loss=0.1169, dgw=0.1169, reg=0.0000, time=65.38s.
-- 300/344 [87.2%], loss=0.1210, dgw=0.1210, reg=0.0000, time=46.97s.
-- 325/344 [94.5%], loss=0.1141, dgw=0.1141, reg=0.0000, time=63.41s.
-- 344/344 [100.0%], loss=0.1169, dgw=0.1169, reg=0.0000, time=53.04s.
fit: Epoch 5/15, loss = 0.1233, best loss = 0.1233
results/PTC_MR_Jin_Multi_usl_tsne_fit_5.pdf
-- 25/344 [7.3%], loss=0.1173, dgw=0.1173, reg=0.0000, time=32.22s.
-- 50/344 [14.5%], loss=0.1148, dgw=0.1148, reg=0.0000, time=64.95s.
-- 75/344 [21.8%], loss=0.1059, dgw=0.1059, reg=0.0000, time=45.81s.
-- 100/344 [29.1%], loss=0.1063, dgw=0.1063, reg=0.0000, time=48.57s.
-- 125/344 [36.3%], loss=0.1133, dgw=0.1133, reg=0.0000, time=48.49s.
-- 150/344 [43.6%], loss=0.1164, dgw=0.1164, reg=0.0000, time=55.50s.
-- 175/344 [50.9%], loss=0.1064, dgw=0.1064, reg=0.0000, time=58.01s.
-- 200/344 [58.1%], loss=0.1145, dgw=0.1145, reg=0.0000, time=47.35s.
-- 225/344 [65.4%], loss=0.1123, dgw=0.1123, reg=0.0000, time=60.28s.
-- 250/344 [72.7%], loss=0.1170, dgw=0.1170, reg=0.0000, time=63.73s.
-- 275/344 [79.9%], loss=0.1091, dgw=0.1091, reg=0.0000, time=43.55s.
-- 300/344 [87.2%], loss=0.1023, dgw=0.1023, reg=0.0000, time=42.30s.
-- 325/344 [94.5%], loss=0.1113, dgw=0.1113, reg=0.0000, time=52.17s.
-- 344/344 [100.0%], loss=0.1021, dgw=0.1021, reg=0.0000, time=56.86s.
fit: Epoch 6/15, loss = 0.1108, best loss = 0.1108
results/PTC_MR_Jin_Multi_usl_tsne_fit_6.pdf
-- 25/344 [7.3%], loss=0.0988, dgw=0.0988, reg=0.0000, time=68.64s.
-- 50/344 [14.5%], loss=0.1044, dgw=0.1044, reg=0.0000, time=54.03s.
-- 75/344 [21.8%], loss=0.1110, dgw=0.1110, reg=0.0000, time=56.58s.
-- 100/344 [29.1%], loss=0.0989, dgw=0.0989, reg=0.0000, time=57.55s.
-- 125/344 [36.3%], loss=0.1104, dgw=0.1104, reg=0.0000, time=59.90s.
-- 150/344 [43.6%], loss=0.1048, dgw=0.1048, reg=0.0000, time=30.13s.
-- 175/344 [50.9%], loss=0.1007, dgw=0.1007, reg=0.0000, time=44.16s.
-- 200/344 [58.1%], loss=0.1045, dgw=0.1045, reg=0.0000, time=47.22s.
-- 225/344 [65.4%], loss=0.0961, dgw=0.0961, reg=0.0000, time=60.45s.
-- 250/344 [72.7%], loss=0.0983, dgw=0.0983, reg=0.0000, time=50.31s.
-- 275/344 [79.9%], loss=0.0956, dgw=0.0956, reg=0.0000, time=56.78s.
-- 300/344 [87.2%], loss=0.0904, dgw=0.0904, reg=0.0000, time=51.97s.
-- 325/344 [94.5%], loss=0.1017, dgw=0.1017, reg=0.0000, time=53.68s.
-- 344/344 [100.0%], loss=0.0852, dgw=0.0852, reg=0.0000, time=37.80s.
fit: Epoch 7/15, loss = 0.1003, best loss = 0.1003
results/PTC_MR_Jin_Multi_usl_tsne_fit_7.pdf
-- 25/344 [7.3%], loss=0.0992, dgw=0.0992, reg=0.0000, time=72.48s.
-- 50/344 [14.5%], loss=0.0978, dgw=0.0978, reg=0.0000, time=70.16s.
-- 75/344 [21.8%], loss=0.0908, dgw=0.0908, reg=0.0000, time=57.44s.
-- 100/344 [29.1%], loss=0.1038, dgw=0.1038, reg=0.0000, time=30.15s.
-- 125/344 [36.3%], loss=0.0989, dgw=0.0989, reg=0.0000, time=54.39s.
-- 150/344 [43.6%], loss=0.0865, dgw=0.0865, reg=0.0000, time=44.34s.
-- 175/344 [50.9%], loss=0.0930, dgw=0.0930, reg=0.0000, time=51.06s.
-- 200/344 [58.1%], loss=0.0941, dgw=0.0941, reg=0.0000, time=58.40s.
-- 225/344 [65.4%], loss=0.0901, dgw=0.0901, reg=0.0000, time=61.23s.
-- 250/344 [72.7%], loss=0.0889, dgw=0.0889, reg=0.0000, time=64.64s.
-- 275/344 [79.9%], loss=0.0869, dgw=0.0869, reg=0.0000, time=61.04s.
-- 300/344 [87.2%], loss=0.0809, dgw=0.0809, reg=0.0000, time=56.98s.
-- 325/344 [94.5%], loss=0.0896, dgw=0.0896, reg=0.0000, time=54.68s.
-- 344/344 [100.0%], loss=0.0772, dgw=0.0772, reg=0.0000, time=41.50s.
fit: Epoch 8/15, loss = 0.0915, best loss = 0.0915
results/PTC_MR_Jin_Multi_usl_tsne_fit_8.pdf
-- 25/344 [7.3%], loss=0.0902, dgw=0.0902, reg=0.0000, time=36.20s.
-- 50/344 [14.5%], loss=0.0829, dgw=0.0829, reg=0.0000, time=68.40s.
-- 75/344 [21.8%], loss=0.0845, dgw=0.0845, reg=0.0000, time=67.92s.
-- 100/344 [29.1%], loss=0.0869, dgw=0.0869, reg=0.0000, time=49.45s.
-- 125/344 [36.3%], loss=0.0860, dgw=0.0860, reg=0.0000, time=59.42s.
-- 150/344 [43.6%], loss=0.0867, dgw=0.0867, reg=0.0000, time=46.84s.
-- 175/344 [50.9%], loss=0.0855, dgw=0.0855, reg=0.0000, time=48.22s.
-- 200/344 [58.1%], loss=0.0789, dgw=0.0789, reg=0.0000, time=41.19s.
-- 225/344 [65.4%], loss=0.0890, dgw=0.0890, reg=0.0000, time=38.63s.
-- 250/344 [72.7%], loss=0.0880, dgw=0.0880, reg=0.0000, time=68.79s.
-- 275/344 [79.9%], loss=0.0847, dgw=0.0847, reg=0.0000, time=58.49s.
-- 300/344 [87.2%], loss=0.0790, dgw=0.0790, reg=0.0000, time=54.44s.
-- 325/344 [94.5%], loss=0.0733, dgw=0.0733, reg=0.0000, time=52.67s.
-- 344/344 [100.0%], loss=0.0787, dgw=0.0787, reg=0.0000, time=28.53s.
fit: Epoch 9/15, loss = 0.0840, best loss = 0.0840
results/PTC_MR_Jin_Multi_usl_tsne_fit_9.pdf
-- 25/344 [7.3%], loss=0.0838, dgw=0.0838, reg=0.0000, time=33.52s.
-- 50/344 [14.5%], loss=0.0793, dgw=0.0793, reg=0.0000, time=46.61s.
-- 75/344 [21.8%], loss=0.0825, dgw=0.0825, reg=0.0000, time=57.83s.
-- 100/344 [29.1%], loss=0.0838, dgw=0.0838, reg=0.0000, time=51.69s.
-- 125/344 [36.3%], loss=0.0675, dgw=0.0675, reg=0.0000, time=56.93s.
-- 150/344 [43.6%], loss=0.0761, dgw=0.0761, reg=0.0000, time=60.60s.
-- 175/344 [50.9%], loss=0.0815, dgw=0.0815, reg=0.0000, time=48.04s.
-- 200/344 [58.1%], loss=0.0740, dgw=0.0740, reg=0.0000, time=41.58s.
-- 225/344 [65.4%], loss=0.0864, dgw=0.0864, reg=0.0000, time=49.39s.
-- 250/344 [72.7%], loss=0.0770, dgw=0.0770, reg=0.0000, time=37.88s.
-- 275/344 [79.9%], loss=0.0693, dgw=0.0693, reg=0.0000, time=40.63s.
-- 300/344 [87.2%], loss=0.0734, dgw=0.0734, reg=0.0000, time=44.01s.
-- 325/344 [94.5%], loss=0.0748, dgw=0.0748, reg=0.0000, time=50.68s.
-- 344/344 [100.0%], loss=0.0762, dgw=0.0762, reg=0.0000, time=39.93s.
fit: Epoch 10/15, loss = 0.0776, best loss = 0.0776
results/PTC_MR_Jin_Multi_usl_tsne_fit_10.pdf
-- 25/344 [7.3%], loss=0.0672, dgw=0.0672, reg=0.0000, time=41.37s.
-- 50/344 [14.5%], loss=0.0674, dgw=0.0674, reg=0.0000, time=44.01s.
-- 75/344 [21.8%], loss=0.0694, dgw=0.0694, reg=0.0000, time=46.87s.
-- 100/344 [29.1%], loss=0.0741, dgw=0.0741, reg=0.0000, time=33.72s.
-- 125/344 [36.3%], loss=0.0778, dgw=0.0778, reg=0.0000, time=33.39s.
-- 150/344 [43.6%], loss=0.0735, dgw=0.0735, reg=0.0000, time=39.82s.
-- 175/344 [50.9%], loss=0.0613, dgw=0.0613, reg=0.0000, time=33.00s.
-- 200/344 [58.1%], loss=0.0680, dgw=0.0680, reg=0.0000, time=45.39s.
-- 225/344 [65.4%], loss=0.0735, dgw=0.0735, reg=0.0000, time=47.92s.
-- 250/344 [72.7%], loss=0.0678, dgw=0.0678, reg=0.0000, time=54.95s.
-- 275/344 [79.9%], loss=0.0745, dgw=0.0745, reg=0.0000, time=40.10s.
-- 300/344 [87.2%], loss=0.0741, dgw=0.0741, reg=0.0000, time=37.22s.
-- 325/344 [94.5%], loss=0.0843, dgw=0.0843, reg=0.0000, time=37.47s.
-- 344/344 [100.0%], loss=0.0764, dgw=0.0764, reg=0.0000, time=34.47s.
fit: Epoch 11/15, loss = 0.0720, best loss = 0.0720
results/PTC_MR_Jin_Multi_usl_tsne_fit_11.pdf
-- 25/344 [7.3%], loss=0.0665, dgw=0.0665, reg=0.0000, time=45.31s.
-- 50/344 [14.5%], loss=0.0630, dgw=0.0630, reg=0.0000, time=48.93s.
-- 75/344 [21.8%], loss=0.0680, dgw=0.0680, reg=0.0000, time=23.12s.
-- 100/344 [29.1%], loss=0.0639, dgw=0.0639, reg=0.0000, time=41.38s.
-- 125/344 [36.3%], loss=0.0611, dgw=0.0611, reg=0.0000, time=31.70s.
-- 150/344 [43.6%], loss=0.0684, dgw=0.0684, reg=0.0000, time=46.02s.
-- 175/344 [50.9%], loss=0.0731, dgw=0.0731, reg=0.0000, time=49.42s.
-- 200/344 [58.1%], loss=0.0705, dgw=0.0705, reg=0.0000, time=44.97s.
-- 225/344 [65.4%], loss=0.0840, dgw=0.0840, reg=0.0000, time=38.24s.
-- 250/344 [72.7%], loss=0.0616, dgw=0.0616, reg=0.0000, time=32.22s.
-- 275/344 [79.9%], loss=0.0656, dgw=0.0656, reg=0.0000, time=47.12s.
-- 300/344 [87.2%], loss=0.0593, dgw=0.0593, reg=0.0000, time=55.23s.
-- 325/344 [94.5%], loss=0.0724, dgw=0.0724, reg=0.0000, time=38.27s.
-- 344/344 [100.0%], loss=0.0605, dgw=0.0605, reg=0.0000, time=33.45s.
fit: Epoch 12/15, loss = 0.0671, best loss = 0.0671
results/PTC_MR_Jin_Multi_usl_tsne_fit_12.pdf
-- 25/344 [7.3%], loss=0.0751, dgw=0.0751, reg=0.0000, time=37.40s.
-- 50/344 [14.5%], loss=0.0704, dgw=0.0704, reg=0.0000, time=40.62s.
-- 75/344 [21.8%], loss=0.0571, dgw=0.0571, reg=0.0000, time=41.23s.
-- 100/344 [29.1%], loss=0.0649, dgw=0.0649, reg=0.0000, time=50.51s.
-- 125/344 [36.3%], loss=0.0560, dgw=0.0560, reg=0.0000, time=48.43s.
-- 150/344 [43.6%], loss=0.0634, dgw=0.0634, reg=0.0000, time=52.69s.
-- 175/344 [50.9%], loss=0.0566, dgw=0.0566, reg=0.0000, time=38.56s.
-- 200/344 [58.1%], loss=0.0708, dgw=0.0708, reg=0.0000, time=37.59s.
-- 225/344 [65.4%], loss=0.0706, dgw=0.0706, reg=0.0000, time=38.66s.
-- 250/344 [72.7%], loss=0.0613, dgw=0.0613, reg=0.0000, time=44.54s.
-- 275/344 [79.9%], loss=0.0560, dgw=0.0560, reg=0.0000, time=43.92s.
-- 300/344 [87.2%], loss=0.0577, dgw=0.0577, reg=0.0000, time=45.66s.
-- 325/344 [94.5%], loss=0.0581, dgw=0.0581, reg=0.0000, time=56.45s.
-- 344/344 [100.0%], loss=0.0596, dgw=0.0596, reg=0.0000, time=48.20s.
fit: Epoch 13/15, loss = 0.0627, best loss = 0.0627
results/PTC_MR_Jin_Multi_usl_tsne_fit_13.pdf
-- 25/344 [7.3%], loss=0.0573, dgw=0.0573, reg=0.0000, time=37.58s.
-- 50/344 [14.5%], loss=0.0515, dgw=0.0515, reg=0.0000, time=43.83s.
-- 75/344 [21.8%], loss=0.0544, dgw=0.0544, reg=0.0000, time=40.58s.
-- 100/344 [29.1%], loss=0.0547, dgw=0.0547, reg=0.0000, time=41.94s.
-- 125/344 [36.3%], loss=0.0702, dgw=0.0702, reg=0.0000, time=47.92s.
-- 150/344 [43.6%], loss=0.0607, dgw=0.0607, reg=0.0000, time=46.32s.
-- 175/344 [50.9%], loss=0.0676, dgw=0.0676, reg=0.0000, time=28.76s.
-- 200/344 [58.1%], loss=0.0576, dgw=0.0576, reg=0.0000, time=43.14s.
-- 225/344 [65.4%], loss=0.0573, dgw=0.0573, reg=0.0000, time=40.59s.
-- 250/344 [72.7%], loss=0.0591, dgw=0.0591, reg=0.0000, time=26.18s.
-- 275/344 [79.9%], loss=0.0575, dgw=0.0575, reg=0.0000, time=41.70s.
-- 300/344 [87.2%], loss=0.0527, dgw=0.0527, reg=0.0000, time=45.46s.
-- 325/344 [94.5%], loss=0.0599, dgw=0.0599, reg=0.0000, time=47.44s.
-- 344/344 [100.0%], loss=0.0638, dgw=0.0638, reg=0.0000, time=45.26s.
fit: Epoch 14/15, loss = 0.0588, best loss = 0.0588
results/PTC_MR_Jin_Multi_usl_tsne_fit_14.pdf
-- 25/344 [7.3%], loss=0.0556, dgw=0.0556, reg=0.0000, time=44.82s.
-- 50/344 [14.5%], loss=0.0544, dgw=0.0544, reg=0.0000, time=39.19s.
-- 75/344 [21.8%], loss=0.0657, dgw=0.0657, reg=0.0000, time=40.35s.
-- 100/344 [29.1%], loss=0.0494, dgw=0.0494, reg=0.0000, time=35.31s.
-- 125/344 [36.3%], loss=0.0568, dgw=0.0568, reg=0.0000, time=44.34s.
-- 150/344 [43.6%], loss=0.0629, dgw=0.0629, reg=0.0000, time=37.63s.
-- 175/344 [50.9%], loss=0.0549, dgw=0.0549, reg=0.0000, time=45.68s.
-- 200/344 [58.1%], loss=0.0500, dgw=0.0500, reg=0.0000, time=45.26s.
-- 225/344 [65.4%], loss=0.0603, dgw=0.0603, reg=0.0000, time=42.58s.
-- 250/344 [72.7%], loss=0.0492, dgw=0.0492, reg=0.0000, time=36.70s.
-- 275/344 [79.9%], loss=0.0561, dgw=0.0561, reg=0.0000, time=32.46s.
-- 300/344 [87.2%], loss=0.0537, dgw=0.0537, reg=0.0000, time=47.04s.
-- 325/344 [94.5%], loss=0.0529, dgw=0.0529, reg=0.0000, time=46.49s.
-- 344/344 [100.0%], loss=0.0507, dgw=0.0507, reg=0.0000, time=21.82s.
fit: Epoch 15/15, loss = 0.0553, best loss = 0.0553
results/PTC_MR_Jin_Multi_usl_tsne_fit_15.pdf
Best Acc  : 0.5813953488372092
Rand Score: 0.5118313105973287
Done!
