-- 25/344 [7.3%], loss=0.2056, dgw=0.2056, reg=0.0000, time=32.08s.
-- 50/344 [14.5%], loss=0.2022, dgw=0.2022, reg=0.0000, time=47.80s.
-- 75/344 [21.8%], loss=0.2104, dgw=0.2104, reg=0.0000, time=64.37s.
-- 100/344 [29.1%], loss=0.1992, dgw=0.1992, reg=0.0000, time=46.33s.
-- 125/344 [36.3%], loss=0.2121, dgw=0.2121, reg=0.0000, time=67.17s.
-- 150/344 [43.6%], loss=0.2030, dgw=0.2030, reg=0.0000, time=67.78s.
-- 175/344 [50.9%], loss=0.2058, dgw=0.2058, reg=0.0000, time=48.19s.
-- 200/344 [58.1%], loss=0.2035, dgw=0.2035, reg=0.0000, time=69.97s.
-- 225/344 [65.4%], loss=0.1893, dgw=0.1893, reg=0.0000, time=62.38s.
-- 250/344 [72.7%], loss=0.1959, dgw=0.1959, reg=0.0000, time=63.87s.
-- 275/344 [79.9%], loss=0.2067, dgw=0.2067, reg=0.0000, time=78.82s.
-- 300/344 [87.2%], loss=0.1949, dgw=0.1949, reg=0.0000, time=69.62s.
-- 325/344 [94.5%], loss=0.1924, dgw=0.1924, reg=0.0000, time=50.82s.
-- 344/344 [100.0%], loss=0.1862, dgw=0.1862, reg=0.0000, time=32.08s.
fit: Epoch 1/15, loss = 0.2008, best loss = 0.2008
results/PTC_MR_Jin_Multi_usl_tsne_fit_1.pdf
-- 25/344 [7.3%], loss=0.1791, dgw=0.1791, reg=0.0000, time=62.73s.
-- 50/344 [14.5%], loss=0.1756, dgw=0.1756, reg=0.0000, time=58.57s.
-- 75/344 [21.8%], loss=0.1875, dgw=0.1875, reg=0.0000, time=60.35s.
-- 100/344 [29.1%], loss=0.1797, dgw=0.1797, reg=0.0000, time=61.96s.
-- 125/344 [36.3%], loss=0.1854, dgw=0.1854, reg=0.0000, time=58.49s.
-- 150/344 [43.6%], loss=0.1713, dgw=0.1713, reg=0.0000, time=67.07s.
-- 175/344 [50.9%], loss=0.1830, dgw=0.1830, reg=0.0000, time=62.69s.
-- 200/344 [58.1%], loss=0.1796, dgw=0.1796, reg=0.0000, time=47.88s.
-- 225/344 [65.4%], loss=0.1714, dgw=0.1714, reg=0.0000, time=54.69s.
-- 250/344 [72.7%], loss=0.1795, dgw=0.1795, reg=0.0000, time=71.25s.
-- 275/344 [79.9%], loss=0.1778, dgw=0.1778, reg=0.0000, time=79.66s.
-- 300/344 [87.2%], loss=0.1709, dgw=0.1709, reg=0.0000, time=68.57s.
-- 325/344 [94.5%], loss=0.1689, dgw=0.1689, reg=0.0000, time=58.40s.
-- 344/344 [100.0%], loss=0.1714, dgw=0.1714, reg=0.0000, time=53.46s.
fit: Epoch 2/15, loss = 0.1773, best loss = 0.1773
results/PTC_MR_Jin_Multi_usl_tsne_fit_2.pdf
-- 25/344 [7.3%], loss=0.1523, dgw=0.1523, reg=0.0000, time=62.40s.
-- 50/344 [14.5%], loss=0.1638, dgw=0.1638, reg=0.0000, time=59.79s.
-- 75/344 [21.8%], loss=0.1644, dgw=0.1644, reg=0.0000, time=53.99s.
-- 100/344 [29.1%], loss=0.1614, dgw=0.1614, reg=0.0000, time=72.55s.
-- 125/344 [36.3%], loss=0.1550, dgw=0.1550, reg=0.0000, time=47.69s.
-- 150/344 [43.6%], loss=0.1690, dgw=0.1690, reg=0.0000, time=62.88s.
-- 175/344 [50.9%], loss=0.1463, dgw=0.1463, reg=0.0000, time=40.42s.
-- 200/344 [58.1%], loss=0.1645, dgw=0.1645, reg=0.0000, time=64.99s.
-- 225/344 [65.4%], loss=0.1514, dgw=0.1514, reg=0.0000, time=62.88s.
-- 250/344 [72.7%], loss=0.1630, dgw=0.1630, reg=0.0000, time=73.38s.
-- 275/344 [79.9%], loss=0.1486, dgw=0.1486, reg=0.0000, time=79.93s.
-- 300/344 [87.2%], loss=0.1542, dgw=0.1542, reg=0.0000, time=77.51s.
-- 325/344 [94.5%], loss=0.1546, dgw=0.1546, reg=0.0000, time=61.73s.
-- 344/344 [100.0%], loss=0.1450, dgw=0.1450, reg=0.0000, time=57.95s.
fit: Epoch 3/15, loss = 0.1569, best loss = 0.1569
results/PTC_MR_Jin_Multi_usl_tsne_fit_3.pdf
-- 25/344 [7.3%], loss=0.1479, dgw=0.1479, reg=0.0000, time=57.75s.
-- 50/344 [14.5%], loss=0.1450, dgw=0.1450, reg=0.0000, time=50.22s.
-- 75/344 [21.8%], loss=0.1463, dgw=0.1463, reg=0.0000, time=27.15s.
-- 100/344 [29.1%], loss=0.1473, dgw=0.1473, reg=0.0000, time=54.58s.
-- 125/344 [36.3%], loss=0.1410, dgw=0.1410, reg=0.0000, time=71.47s.
-- 150/344 [43.6%], loss=0.1421, dgw=0.1421, reg=0.0000, time=76.54s.
-- 175/344 [50.9%], loss=0.1368, dgw=0.1368, reg=0.0000, time=70.96s.
-- 200/344 [58.1%], loss=0.1453, dgw=0.1453, reg=0.0000, time=79.56s.
-- 225/344 [65.4%], loss=0.1360, dgw=0.1360, reg=0.0000, time=52.44s.
-- 250/344 [72.7%], loss=0.1343, dgw=0.1343, reg=0.0000, time=67.04s.
-- 275/344 [79.9%], loss=0.1313, dgw=0.1313, reg=0.0000, time=60.18s.
-- 300/344 [87.2%], loss=0.1363, dgw=0.1363, reg=0.0000, time=61.40s.
-- 325/344 [94.5%], loss=0.1306, dgw=0.1306, reg=0.0000, time=66.18s.
-- 344/344 [100.0%], loss=0.1287, dgw=0.1287, reg=0.0000, time=56.23s.
fit: Epoch 4/15, loss = 0.1394, best loss = 0.1394
results/PTC_MR_Jin_Multi_usl_tsne_fit_4.pdf
-- 25/344 [7.3%], loss=0.1413, dgw=0.1413, reg=0.0000, time=64.66s.
-- 50/344 [14.5%], loss=0.1315, dgw=0.1315, reg=0.0000, time=48.02s.
-- 75/344 [21.8%], loss=0.1264, dgw=0.1264, reg=0.0000, time=49.71s.
-- 100/344 [29.1%], loss=0.1234, dgw=0.1234, reg=0.0000, time=60.51s.
-- 125/344 [36.3%], loss=0.1271, dgw=0.1271, reg=0.0000, time=61.95s.
-- 150/344 [43.6%], loss=0.1223, dgw=0.1223, reg=0.0000, time=59.38s.
-- 175/344 [50.9%], loss=0.1267, dgw=0.1267, reg=0.0000, time=60.73s.
-- 200/344 [58.1%], loss=0.1253, dgw=0.1253, reg=0.0000, time=76.65s.
-- 225/344 [65.4%], loss=0.1230, dgw=0.1230, reg=0.0000, time=71.39s.
-- 250/344 [72.7%], loss=0.1220, dgw=0.1220, reg=0.0000, time=59.45s.
-- 275/344 [79.9%], loss=0.1251, dgw=0.1251, reg=0.0000, time=37.75s.
-- 300/344 [87.2%], loss=0.1175, dgw=0.1175, reg=0.0000, time=61.71s.
-- 325/344 [94.5%], loss=0.1103, dgw=0.1103, reg=0.0000, time=73.84s.
-- 344/344 [100.0%], loss=0.1200, dgw=0.1200, reg=0.0000, time=52.79s.
fit: Epoch 5/15, loss = 0.1245, best loss = 0.1245
results/PTC_MR_Jin_Multi_usl_tsne_fit_5.pdf
-- 25/344 [7.3%], loss=0.1189, dgw=0.1189, reg=0.0000, time=66.32s.
-- 50/344 [14.5%], loss=0.1214, dgw=0.1214, reg=0.0000, time=52.64s.
-- 75/344 [21.8%], loss=0.1118, dgw=0.1118, reg=0.0000, time=69.20s.
-- 100/344 [29.1%], loss=0.1100, dgw=0.1100, reg=0.0000, time=50.43s.
-- 125/344 [36.3%], loss=0.1180, dgw=0.1180, reg=0.0000, time=53.73s.
-- 150/344 [43.6%], loss=0.1118, dgw=0.1118, reg=0.0000, time=51.94s.
-- 175/344 [50.9%], loss=0.1118, dgw=0.1118, reg=0.0000, time=61.38s.
-- 200/344 [58.1%], loss=0.1200, dgw=0.1200, reg=0.0000, time=52.26s.
-- 225/344 [65.4%], loss=0.1041, dgw=0.1041, reg=0.0000, time=60.00s.
-- 250/344 [72.7%], loss=0.1149, dgw=0.1149, reg=0.0000, time=52.43s.
-- 275/344 [79.9%], loss=0.1012, dgw=0.1012, reg=0.0000, time=74.45s.
-- 300/344 [87.2%], loss=0.1060, dgw=0.1060, reg=0.0000, time=68.39s.
-- 325/344 [94.5%], loss=0.1078, dgw=0.1078, reg=0.0000, time=70.99s.
-- 344/344 [100.0%], loss=0.1073, dgw=0.1073, reg=0.0000, time=59.18s.
fit: Epoch 6/15, loss = 0.1119, best loss = 0.1119
results/PTC_MR_Jin_Multi_usl_tsne_fit_6.pdf
-- 25/344 [7.3%], loss=0.1113, dgw=0.1113, reg=0.0000, time=40.28s.
-- 50/344 [14.5%], loss=0.1074, dgw=0.1074, reg=0.0000, time=68.51s.
-- 75/344 [21.8%], loss=0.0983, dgw=0.0983, reg=0.0000, time=47.11s.
-- 100/344 [29.1%], loss=0.1009, dgw=0.1009, reg=0.0000, time=57.17s.
-- 125/344 [36.3%], loss=0.1089, dgw=0.1089, reg=0.0000, time=62.02s.
-- 150/344 [43.6%], loss=0.1002, dgw=0.1002, reg=0.0000, time=60.49s.
-- 175/344 [50.9%], loss=0.0999, dgw=0.0999, reg=0.0000, time=63.41s.
-- 200/344 [58.1%], loss=0.1013, dgw=0.1013, reg=0.0000, time=51.93s.
-- 225/344 [65.4%], loss=0.1014, dgw=0.1014, reg=0.0000, time=66.25s.
-- 250/344 [72.7%], loss=0.0985, dgw=0.0985, reg=0.0000, time=57.89s.
-- 275/344 [79.9%], loss=0.0950, dgw=0.0950, reg=0.0000, time=58.98s.
-- 300/344 [87.2%], loss=0.0984, dgw=0.0984, reg=0.0000, time=54.05s.
-- 325/344 [94.5%], loss=0.1016, dgw=0.1016, reg=0.0000, time=74.03s.
-- 344/344 [100.0%], loss=0.0930, dgw=0.0930, reg=0.0000, time=51.46s.
fit: Epoch 7/15, loss = 0.1013, best loss = 0.1013
results/PTC_MR_Jin_Multi_usl_tsne_fit_7.pdf
-- 25/344 [7.3%], loss=0.0893, dgw=0.0893, reg=0.0000, time=63.74s.
-- 50/344 [14.5%], loss=0.0873, dgw=0.0873, reg=0.0000, time=42.23s.
-- 75/344 [21.8%], loss=0.0970, dgw=0.0970, reg=0.0000, time=37.20s.
-- 100/344 [29.1%], loss=0.0972, dgw=0.0972, reg=0.0000, time=63.74s.
-- 125/344 [36.3%], loss=0.0926, dgw=0.0926, reg=0.0000, time=51.45s.
-- 150/344 [43.6%], loss=0.1094, dgw=0.1094, reg=0.0000, time=34.60s.
-- 175/344 [50.9%], loss=0.0958, dgw=0.0958, reg=0.0000, time=76.01s.
-- 200/344 [58.1%], loss=0.0852, dgw=0.0852, reg=0.0000, time=66.24s.
-- 225/344 [65.4%], loss=0.0866, dgw=0.0866, reg=0.0000, time=41.36s.
-- 250/344 [72.7%], loss=0.0848, dgw=0.0848, reg=0.0000, time=68.71s.
-- 275/344 [79.9%], loss=0.0975, dgw=0.0975, reg=0.0000, time=60.32s.
-- 300/344 [87.2%], loss=0.0869, dgw=0.0869, reg=0.0000, time=64.06s.
-- 325/344 [94.5%], loss=0.0934, dgw=0.0934, reg=0.0000, time=69.45s.
-- 344/344 [100.0%], loss=0.0875, dgw=0.0875, reg=0.0000, time=34.76s.
fit: Epoch 8/15, loss = 0.0923, best loss = 0.0923
results/PTC_MR_Jin_Multi_usl_tsne_fit_8.pdf
-- 25/344 [7.3%], loss=0.0886, dgw=0.0886, reg=0.0000, time=52.53s.
-- 50/344 [14.5%], loss=0.0912, dgw=0.0912, reg=0.0000, time=53.48s.
-- 75/344 [21.8%], loss=0.0832, dgw=0.0832, reg=0.0000, time=48.35s.
-- 100/344 [29.1%], loss=0.0879, dgw=0.0879, reg=0.0000, time=47.89s.
-- 125/344 [36.3%], loss=0.0815, dgw=0.0815, reg=0.0000, time=39.19s.
-- 150/344 [43.6%], loss=0.0954, dgw=0.0954, reg=0.0000, time=63.54s.
-- 175/344 [50.9%], loss=0.0923, dgw=0.0923, reg=0.0000, time=57.55s.
-- 200/344 [58.1%], loss=0.0762, dgw=0.0762, reg=0.0000, time=64.81s.
-- 225/344 [65.4%], loss=0.0754, dgw=0.0754, reg=0.0000, time=77.57s.
-- 250/344 [72.7%], loss=0.0882, dgw=0.0882, reg=0.0000, time=49.19s.
-- 275/344 [79.9%], loss=0.0834, dgw=0.0834, reg=0.0000, time=55.38s.
-- 300/344 [87.2%], loss=0.0851, dgw=0.0851, reg=0.0000, time=61.39s.
-- 325/344 [94.5%], loss=0.0714, dgw=0.0714, reg=0.0000, time=58.91s.
-- 344/344 [100.0%], loss=0.0856, dgw=0.0856, reg=0.0000, time=39.64s.
fit: Epoch 9/15, loss = 0.0847, best loss = 0.0847
results/PTC_MR_Jin_Multi_usl_tsne_fit_9.pdf
-- 25/344 [7.3%], loss=0.0785, dgw=0.0785, reg=0.0000, time=48.62s.
-- 50/344 [14.5%], loss=0.0834, dgw=0.0834, reg=0.0000, time=40.83s.
-- 75/344 [21.8%], loss=0.0718, dgw=0.0718, reg=0.0000, time=55.03s.
-- 100/344 [29.1%], loss=0.0799, dgw=0.0799, reg=0.0000, time=68.69s.
-- 125/344 [36.3%], loss=0.0733, dgw=0.0733, reg=0.0000, time=61.33s.
-- 150/344 [43.6%], loss=0.0795, dgw=0.0795, reg=0.0000, time=45.20s.
-- 175/344 [50.9%], loss=0.0769, dgw=0.0769, reg=0.0000, time=41.64s.
-- 200/344 [58.1%], loss=0.0870, dgw=0.0870, reg=0.0000, time=42.27s.
-- 225/344 [65.4%], loss=0.0870, dgw=0.0870, reg=0.0000, time=50.15s.
-- 250/344 [72.7%], loss=0.0814, dgw=0.0814, reg=0.0000, time=58.57s.
-- 275/344 [79.9%], loss=0.0708, dgw=0.0708, reg=0.0000, time=51.46s.
-- 300/344 [87.2%], loss=0.0730, dgw=0.0730, reg=0.0000, time=46.69s.
-- 325/344 [94.5%], loss=0.0722, dgw=0.0722, reg=0.0000, time=50.22s.
-- 344/344 [100.0%], loss=0.0808, dgw=0.0808, reg=0.0000, time=41.87s.
fit: Epoch 10/15, loss = 0.0782, best loss = 0.0782
results/PTC_MR_Jin_Multi_usl_tsne_fit_10.pdf
-- 25/344 [7.3%], loss=0.0750, dgw=0.0750, reg=0.0000, time=26.56s.
-- 50/344 [14.5%], loss=0.0671, dgw=0.0671, reg=0.0000, time=60.97s.
-- 75/344 [21.8%], loss=0.0722, dgw=0.0722, reg=0.0000, time=39.87s.
-- 100/344 [29.1%], loss=0.0636, dgw=0.0636, reg=0.0000, time=52.69s.
-- 125/344 [36.3%], loss=0.0822, dgw=0.0822, reg=0.0000, time=44.29s.
-- 150/344 [43.6%], loss=0.0692, dgw=0.0692, reg=0.0000, time=50.60s.
-- 175/344 [50.9%], loss=0.0797, dgw=0.0797, reg=0.0000, time=58.42s.
-- 200/344 [58.1%], loss=0.0896, dgw=0.0896, reg=0.0000, time=61.39s.
-- 225/344 [65.4%], loss=0.0724, dgw=0.0724, reg=0.0000, time=55.73s.
-- 250/344 [72.7%], loss=0.0816, dgw=0.0816, reg=0.0000, time=61.12s.
-- 275/344 [79.9%], loss=0.0667, dgw=0.0667, reg=0.0000, time=38.67s.
-- 300/344 [87.2%], loss=0.0692, dgw=0.0692, reg=0.0000, time=54.38s.
-- 325/344 [94.5%], loss=0.0605, dgw=0.0605, reg=0.0000, time=44.14s.
-- 344/344 [100.0%], loss=0.0654, dgw=0.0654, reg=0.0000, time=41.01s.
fit: Epoch 11/15, loss = 0.0726, best loss = 0.0726
results/PTC_MR_Jin_Multi_usl_tsne_fit_11.pdf
-- 25/344 [7.3%], loss=0.0648, dgw=0.0648, reg=0.0000, time=41.43s.
-- 50/344 [14.5%], loss=0.0740, dgw=0.0740, reg=0.0000, time=43.76s.
-- 75/344 [21.8%], loss=0.0785, dgw=0.0785, reg=0.0000, time=52.52s.
-- 100/344 [29.1%], loss=0.0708, dgw=0.0708, reg=0.0000, time=47.28s.
-- 125/344 [36.3%], loss=0.0640, dgw=0.0640, reg=0.0000, time=42.34s.
-- 150/344 [43.6%], loss=0.0724, dgw=0.0724, reg=0.0000, time=44.13s.
-- 175/344 [50.9%], loss=0.0700, dgw=0.0700, reg=0.0000, time=40.62s.
-- 200/344 [58.1%], loss=0.0695, dgw=0.0695, reg=0.0000, time=26.29s.
-- 225/344 [65.4%], loss=0.0560, dgw=0.0560, reg=0.0000, time=43.37s.
-- 250/344 [72.7%], loss=0.0672, dgw=0.0672, reg=0.0000, time=51.39s.
-- 275/344 [79.9%], loss=0.0691, dgw=0.0691, reg=0.0000, time=38.98s.
-- 300/344 [87.2%], loss=0.0729, dgw=0.0729, reg=0.0000, time=37.51s.
-- 325/344 [94.5%], loss=0.0609, dgw=0.0609, reg=0.0000, time=39.68s.
-- 344/344 [100.0%], loss=0.0554, dgw=0.0554, reg=0.0000, time=35.82s.
fit: Epoch 12/15, loss = 0.0677, best loss = 0.0677
results/PTC_MR_Jin_Multi_usl_tsne_fit_12.pdf
-- 25/344 [7.3%], loss=0.0586, dgw=0.0586, reg=0.0000, time=46.89s.
-- 50/344 [14.5%], loss=0.0644, dgw=0.0644, reg=0.0000, time=62.00s.
-- 75/344 [21.8%], loss=0.0666, dgw=0.0666, reg=0.0000, time=54.88s.
-- 100/344 [29.1%], loss=0.0634, dgw=0.0634, reg=0.0000, time=48.31s.
-- 125/344 [36.3%], loss=0.0706, dgw=0.0706, reg=0.0000, time=55.35s.
-- 150/344 [43.6%], loss=0.0740, dgw=0.0740, reg=0.0000, time=45.14s.
-- 175/344 [50.9%], loss=0.0692, dgw=0.0692, reg=0.0000, time=44.94s.
-- 200/344 [58.1%], loss=0.0657, dgw=0.0657, reg=0.0000, time=52.86s.
-- 225/344 [65.4%], loss=0.0620, dgw=0.0620, reg=0.0000, time=34.81s.
-- 250/344 [72.7%], loss=0.0573, dgw=0.0573, reg=0.0000, time=32.93s.
-- 275/344 [79.9%], loss=0.0600, dgw=0.0600, reg=0.0000, time=40.60s.
-- 300/344 [87.2%], loss=0.0575, dgw=0.0575, reg=0.0000, time=54.24s.
-- 325/344 [94.5%], loss=0.0612, dgw=0.0612, reg=0.0000, time=36.62s.
-- 344/344 [100.0%], loss=0.0555, dgw=0.0555, reg=0.0000, time=31.35s.
fit: Epoch 13/15, loss = 0.0634, best loss = 0.0634
results/PTC_MR_Jin_Multi_usl_tsne_fit_13.pdf
-- 25/344 [7.3%], loss=0.0582, dgw=0.0582, reg=0.0000, time=43.61s.
-- 50/344 [14.5%], loss=0.0665, dgw=0.0665, reg=0.0000, time=38.84s.
-- 75/344 [21.8%], loss=0.0594, dgw=0.0594, reg=0.0000, time=43.27s.
-- 100/344 [29.1%], loss=0.0643, dgw=0.0643, reg=0.0000, time=33.21s.
-- 125/344 [36.3%], loss=0.0599, dgw=0.0599, reg=0.0000, time=50.54s.
-- 150/344 [43.6%], loss=0.0671, dgw=0.0671, reg=0.0000, time=49.16s.
-- 175/344 [50.9%], loss=0.0624, dgw=0.0624, reg=0.0000, time=48.20s.
-- 200/344 [58.1%], loss=0.0598, dgw=0.0598, reg=0.0000, time=42.63s.
-- 225/344 [65.4%], loss=0.0545, dgw=0.0545, reg=0.0000, time=48.38s.
-- 250/344 [72.7%], loss=0.0550, dgw=0.0550, reg=0.0000, time=49.04s.
-- 275/344 [79.9%], loss=0.0617, dgw=0.0617, reg=0.0000, time=46.52s.
-- 300/344 [87.2%], loss=0.0526, dgw=0.0526, reg=0.0000, time=44.22s.
-- 325/344 [94.5%], loss=0.0580, dgw=0.0580, reg=0.0000, time=49.57s.
-- 344/344 [100.0%], loss=0.0532, dgw=0.0532, reg=0.0000, time=36.66s.
fit: Epoch 14/15, loss = 0.0596, best loss = 0.0596
results/PTC_MR_Jin_Multi_usl_tsne_fit_14.pdf
-- 25/344 [7.3%], loss=0.0517, dgw=0.0517, reg=0.0000, time=38.04s.
-- 50/344 [14.5%], loss=0.0677, dgw=0.0677, reg=0.0000, time=42.44s.
-- 75/344 [21.8%], loss=0.0542, dgw=0.0542, reg=0.0000, time=41.50s.
-- 100/344 [29.1%], loss=0.0615, dgw=0.0615, reg=0.0000, time=34.06s.
-- 125/344 [36.3%], loss=0.0577, dgw=0.0577, reg=0.0000, time=45.27s.
-- 150/344 [43.6%], loss=0.0597, dgw=0.0597, reg=0.0000, time=44.99s.
-- 175/344 [50.9%], loss=0.0527, dgw=0.0527, reg=0.0000, time=36.69s.
-- 200/344 [58.1%], loss=0.0537, dgw=0.0537, reg=0.0000, time=43.32s.
-- 225/344 [65.4%], loss=0.0513, dgw=0.0513, reg=0.0000, time=30.37s.
-- 250/344 [72.7%], loss=0.0521, dgw=0.0521, reg=0.0000, time=34.24s.
-- 275/344 [79.9%], loss=0.0529, dgw=0.0529, reg=0.0000, time=27.39s.
-- 300/344 [87.2%], loss=0.0661, dgw=0.0661, reg=0.0000, time=46.55s.
-- 325/344 [94.5%], loss=0.0496, dgw=0.0496, reg=0.0000, time=38.34s.
-- 344/344 [100.0%], loss=0.0545, dgw=0.0545, reg=0.0000, time=18.50s.
fit: Epoch 15/15, loss = 0.0561, best loss = 0.0561
results/PTC_MR_Jin_Multi_usl_tsne_fit_15.pdf
Best Acc  : 0.6017441860465116
Rand Score: 0.519306393653807
Done!
