-- 25/373 [6.7%], loss=0.2507, dgw=0.2507, reg=0.0000, time=22.51s.
-- 50/373 [13.4%], loss=0.2480, dgw=0.2480, reg=0.0000, time=22.84s.
-- 75/373 [20.1%], loss=0.2437, dgw=0.2437, reg=0.0000, time=22.82s.
-- 100/373 [26.8%], loss=0.2432, dgw=0.2432, reg=0.0000, time=18.18s.
-- 125/373 [33.5%], loss=0.2384, dgw=0.2384, reg=0.0000, time=22.35s.
-- 150/373 [40.2%], loss=0.2381, dgw=0.2381, reg=0.0000, time=25.92s.
-- 175/373 [46.9%], loss=0.2386, dgw=0.2386, reg=0.0000, time=44.89s.
-- 200/373 [53.6%], loss=0.2360, dgw=0.2360, reg=0.0000, time=58.68s.
-- 225/373 [60.3%], loss=0.2317, dgw=0.2317, reg=0.0000, time=63.22s.
-- 250/373 [67.0%], loss=0.2323, dgw=0.2323, reg=0.0000, time=42.38s.
-- 275/373 [73.7%], loss=0.2295, dgw=0.2295, reg=0.0000, time=38.18s.
-- 300/373 [80.4%], loss=0.2273, dgw=0.2273, reg=0.0000, time=52.17s.
-- 325/373 [87.1%], loss=0.2276, dgw=0.2276, reg=0.0000, time=55.64s.
-- 350/373 [93.8%], loss=0.2233, dgw=0.2233, reg=0.0000, time=66.13s.
-- 373/373 [100.0%], loss=0.2221, dgw=0.2221, reg=0.0000, time=60.82s.
fit: Epoch 1/15, loss = 0.2354, best loss = 0.2354
results/tumblr_ct1_Our_Iter_usl_tsne_fit_1.pdf
-- 25/373 [6.7%], loss=0.2199, dgw=0.2199, reg=0.0000, time=38.74s.
-- 50/373 [13.4%], loss=0.2177, dgw=0.2177, reg=0.0000, time=42.01s.
-- 75/373 [20.1%], loss=0.2146, dgw=0.2146, reg=0.0000, time=74.44s.
-- 100/373 [26.8%], loss=0.2144, dgw=0.2144, reg=0.0000, time=40.60s.
-- 125/373 [33.5%], loss=0.2135, dgw=0.2135, reg=0.0000, time=58.09s.
-- 150/373 [40.2%], loss=0.2099, dgw=0.2099, reg=0.0000, time=65.81s.
-- 175/373 [46.9%], loss=0.2091, dgw=0.2091, reg=0.0000, time=73.10s.
-- 200/373 [53.6%], loss=0.2062, dgw=0.2062, reg=0.0000, time=55.59s.
-- 225/373 [60.3%], loss=0.2059, dgw=0.2059, reg=0.0000, time=52.18s.
-- 250/373 [67.0%], loss=0.2028, dgw=0.2028, reg=0.0000, time=68.93s.
-- 275/373 [73.7%], loss=0.2009, dgw=0.2009, reg=0.0000, time=66.22s.
-- 300/373 [80.4%], loss=0.2000, dgw=0.2000, reg=0.0000, time=60.36s.
-- 325/373 [87.1%], loss=0.1966, dgw=0.1966, reg=0.0000, time=58.31s.
-- 350/373 [93.8%], loss=0.1977, dgw=0.1977, reg=0.0000, time=66.13s.
-- 373/373 [100.0%], loss=0.1953, dgw=0.1953, reg=0.0000, time=60.86s.
fit: Epoch 2/15, loss = 0.2070, best loss = 0.2070
results/tumblr_ct1_Our_Iter_usl_tsne_fit_2.pdf
-- 25/373 [6.7%], loss=0.1921, dgw=0.1921, reg=0.0000, time=57.88s.
-- 50/373 [13.4%], loss=0.1928, dgw=0.1928, reg=0.0000, time=44.31s.
-- 75/373 [20.1%], loss=0.1898, dgw=0.1898, reg=0.0000, time=63.78s.
-- 100/373 [26.8%], loss=0.1878, dgw=0.1878, reg=0.0000, time=67.20s.
-- 125/373 [33.5%], loss=0.1862, dgw=0.1862, reg=0.0000, time=70.13s.
-- 150/373 [40.2%], loss=0.1842, dgw=0.1842, reg=0.0000, time=71.87s.
-- 175/373 [46.9%], loss=0.1838, dgw=0.1838, reg=0.0000, time=53.83s.
-- 200/373 [53.6%], loss=0.1815, dgw=0.1815, reg=0.0000, time=72.25s.
-- 225/373 [60.3%], loss=0.1792, dgw=0.1792, reg=0.0000, time=59.62s.
-- 250/373 [67.0%], loss=0.1772, dgw=0.1772, reg=0.0000, time=60.06s.
-- 275/373 [73.7%], loss=0.1776, dgw=0.1776, reg=0.0000, time=63.15s.
-- 300/373 [80.4%], loss=0.1828, dgw=0.1828, reg=0.0000, time=62.52s.
-- 325/373 [87.1%], loss=0.1746, dgw=0.1746, reg=0.0000, time=80.29s.
-- 350/373 [93.8%], loss=0.1731, dgw=0.1731, reg=0.0000, time=83.16s.
-- 373/373 [100.0%], loss=0.1719, dgw=0.1719, reg=0.0000, time=59.82s.
fit: Epoch 3/15, loss = 0.1824, best loss = 0.1824
results/tumblr_ct1_Our_Iter_usl_tsne_fit_3.pdf
-- 25/373 [6.7%], loss=0.1690, dgw=0.1690, reg=0.0000, time=46.40s.
-- 50/373 [13.4%], loss=0.1686, dgw=0.1686, reg=0.0000, time=71.98s.
-- 75/373 [20.1%], loss=0.1670, dgw=0.1670, reg=0.0000, time=48.60s.
-- 100/373 [26.8%], loss=0.1687, dgw=0.1687, reg=0.0000, time=68.97s.
-- 125/373 [33.5%], loss=0.1629, dgw=0.1629, reg=0.0000, time=78.04s.
-- 150/373 [40.2%], loss=0.1624, dgw=0.1624, reg=0.0000, time=61.19s.
-- 175/373 [46.9%], loss=0.1631, dgw=0.1631, reg=0.0000, time=55.09s.
-- 200/373 [53.6%], loss=0.1611, dgw=0.1611, reg=0.0000, time=60.42s.
-- 225/373 [60.3%], loss=0.1588, dgw=0.1588, reg=0.0000, time=61.95s.
-- 250/373 [67.0%], loss=0.1580, dgw=0.1580, reg=0.0000, time=55.07s.
-- 275/373 [73.7%], loss=0.1544, dgw=0.1544, reg=0.0000, time=59.90s.
-- 300/373 [80.4%], loss=0.1574, dgw=0.1574, reg=0.0000, time=53.44s.
-- 325/373 [87.1%], loss=0.1532, dgw=0.1532, reg=0.0000, time=48.82s.
-- 350/373 [93.8%], loss=0.1525, dgw=0.1525, reg=0.0000, time=55.61s.
-- 373/373 [100.0%], loss=0.1523, dgw=0.1523, reg=0.0000, time=47.07s.
fit: Epoch 4/15, loss = 0.1607, best loss = 0.1607
results/tumblr_ct1_Our_Iter_usl_tsne_fit_4.pdf
-- 25/373 [6.7%], loss=0.1501, dgw=0.1501, reg=0.0000, time=50.34s.
-- 50/373 [13.4%], loss=0.1485, dgw=0.1485, reg=0.0000, time=59.35s.
-- 75/373 [20.1%], loss=0.1467, dgw=0.1467, reg=0.0000, time=54.01s.
-- 100/373 [26.8%], loss=0.1455, dgw=0.1455, reg=0.0000, time=60.77s.
-- 125/373 [33.5%], loss=0.1453, dgw=0.1453, reg=0.0000, time=55.40s.
-- 150/373 [40.2%], loss=0.1436, dgw=0.1436, reg=0.0000, time=47.24s.
-- 175/373 [46.9%], loss=0.1434, dgw=0.1434, reg=0.0000, time=59.37s.
-- 200/373 [53.6%], loss=0.1405, dgw=0.1405, reg=0.0000, time=46.21s.
-- 225/373 [60.3%], loss=0.1407, dgw=0.1407, reg=0.0000, time=63.14s.
-- 250/373 [67.0%], loss=0.1388, dgw=0.1388, reg=0.0000, time=67.58s.
-- 275/373 [73.7%], loss=0.1380, dgw=0.1380, reg=0.0000, time=70.28s.
-- 300/373 [80.4%], loss=0.1381, dgw=0.1381, reg=0.0000, time=56.56s.
-- 325/373 [87.1%], loss=0.1378, dgw=0.1378, reg=0.0000, time=59.29s.
-- 350/373 [93.8%], loss=0.1355, dgw=0.1355, reg=0.0000, time=67.32s.
-- 373/373 [100.0%], loss=0.1343, dgw=0.1343, reg=0.0000, time=55.78s.
fit: Epoch 5/15, loss = 0.1418, best loss = 0.1418
results/tumblr_ct1_Our_Iter_usl_tsne_fit_5.pdf
-- 25/373 [6.7%], loss=0.1327, dgw=0.1327, reg=0.0000, time=45.95s.
-- 50/373 [13.4%], loss=0.1314, dgw=0.1314, reg=0.0000, time=57.25s.
-- 75/373 [20.1%], loss=0.1309, dgw=0.1309, reg=0.0000, time=71.77s.
-- 100/373 [26.8%], loss=0.1307, dgw=0.1307, reg=0.0000, time=56.97s.
-- 125/373 [33.5%], loss=0.1297, dgw=0.1297, reg=0.0000, time=68.90s.
-- 150/373 [40.2%], loss=0.1272, dgw=0.1272, reg=0.0000, time=49.41s.
-- 175/373 [46.9%], loss=0.1269, dgw=0.1269, reg=0.0000, time=52.92s.
-- 200/373 [53.6%], loss=0.1252, dgw=0.1252, reg=0.0000, time=40.30s.
-- 225/373 [60.3%], loss=0.1292, dgw=0.1292, reg=0.0000, time=50.12s.
-- 250/373 [67.0%], loss=0.1245, dgw=0.1245, reg=0.0000, time=77.27s.
-- 275/373 [73.7%], loss=0.1240, dgw=0.1240, reg=0.0000, time=44.39s.
-- 300/373 [80.4%], loss=0.1233, dgw=0.1233, reg=0.0000, time=68.33s.
-- 325/373 [87.1%], loss=0.1210, dgw=0.1210, reg=0.0000, time=54.29s.
-- 350/373 [93.8%], loss=0.1201, dgw=0.1201, reg=0.0000, time=55.90s.
-- 373/373 [100.0%], loss=0.1195, dgw=0.1195, reg=0.0000, time=41.83s.
fit: Epoch 6/15, loss = 0.1265, best loss = 0.1265
results/tumblr_ct1_Our_Iter_usl_tsne_fit_6.pdf
-- 25/373 [6.7%], loss=0.1187, dgw=0.1187, reg=0.0000, time=51.88s.
-- 50/373 [13.4%], loss=0.1181, dgw=0.1181, reg=0.0000, time=60.72s.
-- 75/373 [20.1%], loss=0.1180, dgw=0.1180, reg=0.0000, time=48.96s.
-- 100/373 [26.8%], loss=0.1166, dgw=0.1166, reg=0.0000, time=51.58s.
-- 125/373 [33.5%], loss=0.1166, dgw=0.1166, reg=0.0000, time=47.77s.
-- 150/373 [40.2%], loss=0.1145, dgw=0.1145, reg=0.0000, time=57.50s.
-- 175/373 [46.9%], loss=0.1130, dgw=0.1130, reg=0.0000, time=61.17s.
-- 200/373 [53.6%], loss=0.1145, dgw=0.1145, reg=0.0000, time=54.17s.
-- 225/373 [60.3%], loss=0.1111, dgw=0.1111, reg=0.0000, time=68.42s.
-- 250/373 [67.0%], loss=0.1114, dgw=0.1114, reg=0.0000, time=52.57s.
-- 275/373 [73.7%], loss=0.1135, dgw=0.1135, reg=0.0000, time=54.93s.
-- 300/373 [80.4%], loss=0.1092, dgw=0.1092, reg=0.0000, time=50.10s.
-- 325/373 [87.1%], loss=0.1168, dgw=0.1168, reg=0.0000, time=41.71s.
-- 350/373 [93.8%], loss=0.1081, dgw=0.1081, reg=0.0000, time=64.37s.
-- 373/373 [100.0%], loss=0.1084, dgw=0.1084, reg=0.0000, time=62.59s.
fit: Epoch 7/15, loss = 0.1139, best loss = 0.1139
results/tumblr_ct1_Our_Iter_usl_tsne_fit_7.pdf
-- 25/373 [6.7%], loss=0.1073, dgw=0.1073, reg=0.0000, time=46.99s.
-- 50/373 [13.4%], loss=0.1058, dgw=0.1058, reg=0.0000, time=66.92s.
-- 75/373 [20.1%], loss=0.1052, dgw=0.1052, reg=0.0000, time=36.80s.
-- 100/373 [26.8%], loss=0.1046, dgw=0.1046, reg=0.0000, time=44.91s.
-- 125/373 [33.5%], loss=0.1037, dgw=0.1037, reg=0.0000, time=56.63s.
-- 150/373 [40.2%], loss=0.1039, dgw=0.1039, reg=0.0000, time=66.14s.
-- 175/373 [46.9%], loss=0.1043, dgw=0.1043, reg=0.0000, time=46.03s.
-- 200/373 [53.6%], loss=0.1009, dgw=0.1009, reg=0.0000, time=40.29s.
-- 225/373 [60.3%], loss=0.1056, dgw=0.1056, reg=0.0000, time=61.29s.
-- 250/373 [67.0%], loss=0.1017, dgw=0.1017, reg=0.0000, time=55.83s.
-- 275/373 [73.7%], loss=0.1017, dgw=0.1017, reg=0.0000, time=49.92s.
-- 300/373 [80.4%], loss=0.1005, dgw=0.1005, reg=0.0000, time=60.86s.
-- 325/373 [87.1%], loss=0.0987, dgw=0.0987, reg=0.0000, time=56.70s.
-- 350/373 [93.8%], loss=0.0982, dgw=0.0982, reg=0.0000, time=56.78s.
-- 373/373 [100.0%], loss=0.1006, dgw=0.1006, reg=0.0000, time=43.87s.
fit: Epoch 8/15, loss = 0.1029, best loss = 0.1029
results/tumblr_ct1_Our_Iter_usl_tsne_fit_8.pdf
-- 25/373 [6.7%], loss=0.0969, dgw=0.0969, reg=0.0000, time=47.61s.
-- 50/373 [13.4%], loss=0.1010, dgw=0.1010, reg=0.0000, time=53.04s.
-- 75/373 [20.1%], loss=0.0993, dgw=0.0993, reg=0.0000, time=51.48s.
-- 100/373 [26.8%], loss=0.0952, dgw=0.0952, reg=0.0000, time=41.09s.
-- 125/373 [33.5%], loss=0.0935, dgw=0.0935, reg=0.0000, time=51.41s.
-- 150/373 [40.2%], loss=0.0951, dgw=0.0951, reg=0.0000, time=47.68s.
-- 175/373 [46.9%], loss=0.0939, dgw=0.0939, reg=0.0000, time=31.80s.
-- 200/373 [53.6%], loss=0.0928, dgw=0.0928, reg=0.0000, time=53.07s.
-- 225/373 [60.3%], loss=0.0911, dgw=0.0911, reg=0.0000, time=53.10s.
-- 250/373 [67.0%], loss=0.0908, dgw=0.0908, reg=0.0000, time=49.09s.
-- 275/373 [73.7%], loss=0.0914, dgw=0.0914, reg=0.0000, time=50.53s.
-- 300/373 [80.4%], loss=0.0933, dgw=0.0933, reg=0.0000, time=59.29s.
-- 325/373 [87.1%], loss=0.0925, dgw=0.0925, reg=0.0000, time=42.75s.
-- 350/373 [93.8%], loss=0.0897, dgw=0.0897, reg=0.0000, time=42.81s.
-- 373/373 [100.0%], loss=0.0901, dgw=0.0901, reg=0.0000, time=47.31s.
fit: Epoch 9/15, loss = 0.0938, best loss = 0.0938
results/tumblr_ct1_Our_Iter_usl_tsne_fit_9.pdf
-- 25/373 [6.7%], loss=0.0890, dgw=0.0890, reg=0.0000, time=49.72s.
-- 50/373 [13.4%], loss=0.0897, dgw=0.0897, reg=0.0000, time=58.30s.
-- 75/373 [20.1%], loss=0.0885, dgw=0.0885, reg=0.0000, time=42.63s.
-- 100/373 [26.8%], loss=0.0879, dgw=0.0879, reg=0.0000, time=48.15s.
-- 125/373 [33.5%], loss=0.0869, dgw=0.0869, reg=0.0000, time=48.12s.
-- 150/373 [40.2%], loss=0.0859, dgw=0.0859, reg=0.0000, time=41.26s.
-- 175/373 [46.9%], loss=0.0854, dgw=0.0854, reg=0.0000, time=41.59s.
-- 200/373 [53.6%], loss=0.0907, dgw=0.0907, reg=0.0000, time=53.12s.
-- 225/373 [60.3%], loss=0.0840, dgw=0.0840, reg=0.0000, time=29.60s.
-- 250/373 [67.0%], loss=0.0840, dgw=0.0840, reg=0.0000, time=35.58s.
-- 275/373 [73.7%], loss=0.0825, dgw=0.0825, reg=0.0000, time=43.00s.
-- 300/373 [80.4%], loss=0.0861, dgw=0.0861, reg=0.0000, time=54.18s.
-- 325/373 [87.1%], loss=0.0837, dgw=0.0837, reg=0.0000, time=34.92s.
-- 350/373 [93.8%], loss=0.0819, dgw=0.0819, reg=0.0000, time=42.21s.
-- 373/373 [100.0%], loss=0.0815, dgw=0.0815, reg=0.0000, time=38.56s.
fit: Epoch 10/15, loss = 0.0859, best loss = 0.0859
results/tumblr_ct1_Our_Iter_usl_tsne_fit_10.pdf
-- 25/373 [6.7%], loss=0.0827, dgw=0.0827, reg=0.0000, time=46.24s.
-- 50/373 [13.4%], loss=0.0819, dgw=0.0819, reg=0.0000, time=44.03s.
-- 75/373 [20.1%], loss=0.0783, dgw=0.0783, reg=0.0000, time=49.08s.
-- 100/373 [26.8%], loss=0.0836, dgw=0.0836, reg=0.0000, time=42.79s.
-- 125/373 [33.5%], loss=0.0876, dgw=0.0876, reg=0.0000, time=55.95s.
-- 150/373 [40.2%], loss=0.0780, dgw=0.0780, reg=0.0000, time=45.22s.
-- 175/373 [46.9%], loss=0.0782, dgw=0.0782, reg=0.0000, time=49.39s.
-- 200/373 [53.6%], loss=0.0788, dgw=0.0788, reg=0.0000, time=40.33s.
-- 225/373 [60.3%], loss=0.0791, dgw=0.0791, reg=0.0000, time=49.43s.
-- 250/373 [67.0%], loss=0.0785, dgw=0.0785, reg=0.0000, time=49.07s.
-- 275/373 [73.7%], loss=0.0813, dgw=0.0813, reg=0.0000, time=39.49s.
-- 300/373 [80.4%], loss=0.0789, dgw=0.0789, reg=0.0000, time=42.45s.
-- 325/373 [87.1%], loss=0.0808, dgw=0.0808, reg=0.0000, time=48.71s.
-- 350/373 [93.8%], loss=0.0777, dgw=0.0777, reg=0.0000, time=43.66s.
-- 373/373 [100.0%], loss=0.0789, dgw=0.0789, reg=0.0000, time=32.83s.
fit: Epoch 11/15, loss = 0.0803, best loss = 0.0803
results/tumblr_ct1_Our_Iter_usl_tsne_fit_11.pdf
-- 25/373 [6.7%], loss=0.0813, dgw=0.0813, reg=0.0000, time=44.65s.
-- 50/373 [13.4%], loss=0.0842, dgw=0.0842, reg=0.0000, time=50.72s.
-- 75/373 [20.1%], loss=0.0797, dgw=0.0797, reg=0.0000, time=48.01s.
-- 100/373 [26.8%], loss=0.0764, dgw=0.0764, reg=0.0000, time=45.07s.
-- 125/373 [33.5%], loss=0.0758, dgw=0.0758, reg=0.0000, time=37.90s.
-- 150/373 [40.2%], loss=0.0746, dgw=0.0746, reg=0.0000, time=42.47s.
-- 175/373 [46.9%], loss=0.0770, dgw=0.0770, reg=0.0000, time=36.93s.
-- 200/373 [53.6%], loss=0.0769, dgw=0.0769, reg=0.0000, time=42.31s.
-- 225/373 [60.3%], loss=0.0776, dgw=0.0776, reg=0.0000, time=38.58s.
-- 250/373 [67.0%], loss=0.0873, dgw=0.0873, reg=0.0000, time=30.57s.
-- 275/373 [73.7%], loss=0.0789, dgw=0.0789, reg=0.0000, time=49.09s.
-- 300/373 [80.4%], loss=0.0837, dgw=0.0837, reg=0.0000, time=56.78s.
-- 325/373 [87.1%], loss=0.0729, dgw=0.0729, reg=0.0000, time=46.16s.
-- 350/373 [93.8%], loss=0.0816, dgw=0.0816, reg=0.0000, time=49.56s.
-- 373/373 [100.0%], loss=0.0734, dgw=0.0734, reg=0.0000, time=46.35s.
fit: Epoch 12/15, loss = 0.0788, best loss = 0.0788
results/tumblr_ct1_Our_Iter_usl_tsne_fit_12.pdf
-- 25/373 [6.7%], loss=0.0730, dgw=0.0730, reg=0.0000, time=42.81s.
-- 50/373 [13.4%], loss=0.0780, dgw=0.0780, reg=0.0000, time=36.19s.
-- 75/373 [20.1%], loss=0.0821, dgw=0.0821, reg=0.0000, time=41.62s.
-- 100/373 [26.8%], loss=0.0888, dgw=0.0888, reg=0.0000, time=42.34s.
-- 125/373 [33.5%], loss=0.0707, dgw=0.0707, reg=0.0000, time=39.74s.
-- 150/373 [40.2%], loss=0.0829, dgw=0.0829, reg=0.0000, time=30.37s.
-- 175/373 [46.9%], loss=0.0755, dgw=0.0755, reg=0.0000, time=47.16s.
-- 200/373 [53.6%], loss=0.0707, dgw=0.0707, reg=0.0000, time=39.94s.
-- 225/373 [60.3%], loss=0.0750, dgw=0.0750, reg=0.0000, time=43.47s.
-- 250/373 [67.0%], loss=0.0791, dgw=0.0791, reg=0.0000, time=59.57s.
-- 275/373 [73.7%], loss=0.0780, dgw=0.0780, reg=0.0000, time=39.40s.
-- 300/373 [80.4%], loss=0.0826, dgw=0.0826, reg=0.0000, time=41.47s.
-- 325/373 [87.1%], loss=0.0893, dgw=0.0893, reg=0.0000, time=41.88s.
-- 350/373 [93.8%], loss=0.0881, dgw=0.0881, reg=0.0000, time=32.31s.
-- 373/373 [100.0%], loss=0.0973, dgw=0.0973, reg=0.0000, time=30.47s.
fit: Epoch 13/15, loss = 0.0806, best loss = 0.0788
results/tumblr_ct1_Our_Iter_usl_tsne_fit_13.pdf
-- 25/373 [6.7%], loss=0.0925, dgw=0.0925, reg=0.0000, time=23.08s.
-- 50/373 [13.4%], loss=0.0982, dgw=0.0982, reg=0.0000, time=40.61s.
-- 75/373 [20.1%], loss=0.0807, dgw=0.0807, reg=0.0000, time=31.65s.
-- 100/373 [26.8%], loss=0.0830, dgw=0.0830, reg=0.0000, time=32.59s.
-- 125/373 [33.5%], loss=0.0917, dgw=0.0917, reg=0.0000, time=29.57s.
-- 150/373 [40.2%], loss=0.0954, dgw=0.0954, reg=0.0000, time=33.41s.
-- 175/373 [46.9%], loss=0.0881, dgw=0.0881, reg=0.0000, time=21.30s.
-- 200/373 [53.6%], loss=0.0954, dgw=0.0954, reg=0.0000, time=26.44s.
-- 225/373 [60.3%], loss=0.0975, dgw=0.0975, reg=0.0000, time=35.20s.
-- 250/373 [67.0%], loss=0.0866, dgw=0.0866, reg=0.0000, time=42.13s.
-- 275/373 [73.7%], loss=0.0856, dgw=0.0856, reg=0.0000, time=34.00s.
-- 300/373 [80.4%], loss=0.0918, dgw=0.0918, reg=0.0000, time=32.34s.
-- 325/373 [87.1%], loss=0.0880, dgw=0.0880, reg=0.0000, time=31.47s.
-- 350/373 [93.8%], loss=0.0982, dgw=0.0982, reg=0.0000, time=29.15s.
-- 373/373 [100.0%], loss=0.0860, dgw=0.0860, reg=0.0000, time=31.86s.
fit: Epoch 14/15, loss = 0.0906, best loss = 0.0788
results/tumblr_ct1_Our_Iter_usl_tsne_fit_14.pdf
-- 25/373 [6.7%], loss=0.0791, dgw=0.0791, reg=0.0000, time=28.83s.
-- 50/373 [13.4%], loss=0.0857, dgw=0.0857, reg=0.0000, time=36.04s.
-- 75/373 [20.1%], loss=0.0982, dgw=0.0982, reg=0.0000, time=41.61s.
-- 100/373 [26.8%], loss=0.0891, dgw=0.0891, reg=0.0000, time=29.70s.
-- 125/373 [33.5%], loss=0.0810, dgw=0.0810, reg=0.0000, time=36.79s.
-- 150/373 [40.2%], loss=0.0796, dgw=0.0796, reg=0.0000, time=34.93s.
-- 175/373 [46.9%], loss=0.0819, dgw=0.0819, reg=0.0000, time=30.71s.
-- 200/373 [53.6%], loss=0.0817, dgw=0.0817, reg=0.0000, time=33.06s.
-- 225/373 [60.3%], loss=0.0775, dgw=0.0775, reg=0.0000, time=45.78s.
-- 250/373 [67.0%], loss=0.0775, dgw=0.0775, reg=0.0000, time=37.96s.
-- 275/373 [73.7%], loss=0.0722, dgw=0.0722, reg=0.0000, time=36.44s.
-- 300/373 [80.4%], loss=0.0778, dgw=0.0778, reg=0.0000, time=33.80s.
-- 325/373 [87.1%], loss=0.0728, dgw=0.0728, reg=0.0000, time=31.30s.
-- 350/373 [93.8%], loss=0.0707, dgw=0.0707, reg=0.0000, time=33.01s.
-- 373/373 [100.0%], loss=0.0765, dgw=0.0765, reg=0.0000, time=16.90s.
fit: Epoch 15/15, loss = 0.0801, best loss = 0.0788
results/tumblr_ct1_Our_Iter_usl_tsne_fit_15.pdf
Best Acc  : 0.5254691689008043
Rand Score: 0.499956758626654
Done!
