-- 25/373 [6.7%], loss=0.2525, dgw=0.2525, reg=0.0000, time=51.63s.
-- 50/373 [13.4%], loss=0.2471, dgw=0.2471, reg=0.0000, time=58.13s.
-- 75/373 [20.1%], loss=0.2459, dgw=0.2459, reg=0.0000, time=38.32s.
-- 100/373 [26.8%], loss=0.2445, dgw=0.2445, reg=0.0000, time=42.57s.
-- 125/373 [33.5%], loss=0.2427, dgw=0.2427, reg=0.0000, time=42.59s.
-- 150/373 [40.2%], loss=0.2417, dgw=0.2417, reg=0.0000, time=57.80s.
-- 175/373 [46.9%], loss=0.2383, dgw=0.2383, reg=0.0000, time=56.68s.
-- 200/373 [53.6%], loss=0.2361, dgw=0.2361, reg=0.0000, time=57.83s.
-- 225/373 [60.3%], loss=0.2343, dgw=0.2343, reg=0.0000, time=59.82s.
-- 250/373 [67.0%], loss=0.2317, dgw=0.2317, reg=0.0000, time=64.57s.
-- 275/373 [73.7%], loss=0.2301, dgw=0.2301, reg=0.0000, time=45.39s.
-- 300/373 [80.4%], loss=0.2271, dgw=0.2271, reg=0.0000, time=48.16s.
-- 325/373 [87.1%], loss=0.2273, dgw=0.2273, reg=0.0000, time=75.21s.
-- 350/373 [93.8%], loss=0.2227, dgw=0.2227, reg=0.0000, time=42.19s.
-- 373/373 [100.0%], loss=0.2209, dgw=0.2209, reg=0.0000, time=30.25s.
fit: Epoch 1/15, loss = 0.2363, best loss = 0.2363
results/tumblr_ct1_Our_Iter_usl_tsne_fit_1.pdf
-- 25/373 [6.7%], loss=0.2207, dgw=0.2207, reg=0.0000, time=72.41s.
-- 50/373 [13.4%], loss=0.2184, dgw=0.2184, reg=0.0000, time=35.71s.
-- 75/373 [20.1%], loss=0.2184, dgw=0.2184, reg=0.0000, time=47.12s.
-- 100/373 [26.8%], loss=0.2155, dgw=0.2155, reg=0.0000, time=54.65s.
-- 125/373 [33.5%], loss=0.2120, dgw=0.2120, reg=0.0000, time=60.21s.
-- 150/373 [40.2%], loss=0.2098, dgw=0.2098, reg=0.0000, time=65.52s.
-- 175/373 [46.9%], loss=0.2082, dgw=0.2082, reg=0.0000, time=63.60s.
-- 200/373 [53.6%], loss=0.2132, dgw=0.2132, reg=0.0000, time=60.96s.
-- 225/373 [60.3%], loss=0.2359, dgw=0.2359, reg=0.0000, time=68.69s.
-- 250/373 [67.0%], loss=0.2577, dgw=0.2577, reg=0.0000, time=63.08s.
-- 275/373 [73.7%], loss=0.3155, dgw=0.3155, reg=0.0000, time=68.17s.
-- 300/373 [80.4%], loss=0.3777, dgw=0.3777, reg=0.0000, time=50.82s.
-- 325/373 [87.1%], loss=0.4044, dgw=0.4044, reg=0.0000, time=53.05s.
-- 350/373 [93.8%], loss=0.4225, dgw=0.4225, reg=0.0000, time=58.00s.
-- 373/373 [100.0%], loss=0.4337, dgw=0.4337, reg=0.0000, time=64.10s.
fit: Epoch 2/15, loss = 0.2767, best loss = 0.2363
results/tumblr_ct1_Our_Iter_usl_tsne_fit_2.pdf
-- 25/373 [6.7%], loss=0.4832, dgw=0.4832, reg=0.0000, time=51.43s.
-- 50/373 [13.4%], loss=0.4738, dgw=0.4738, reg=0.0000, time=75.03s.
-- 75/373 [20.1%], loss=0.4631, dgw=0.4631, reg=0.0000, time=60.70s.
-- 100/373 [26.8%], loss=0.4949, dgw=0.4949, reg=0.0000, time=65.12s.
-- 125/373 [33.5%], loss=0.5274, dgw=0.5274, reg=0.0000, time=60.21s.
-- 150/373 [40.2%], loss=0.4644, dgw=0.4644, reg=0.0000, time=56.41s.
-- 175/373 [46.9%], loss=0.5016, dgw=0.5016, reg=0.0000, time=68.74s.
-- 200/373 [53.6%], loss=0.4227, dgw=0.4227, reg=0.0000, time=66.69s.
-- 225/373 [60.3%], loss=0.4266, dgw=0.4266, reg=0.0000, time=70.98s.
-- 250/373 [67.0%], loss=0.4049, dgw=0.4049, reg=0.0000, time=66.35s.
-- 275/373 [73.7%], loss=0.3770, dgw=0.3770, reg=0.0000, time=37.16s.
-- 300/373 [80.4%], loss=0.4208, dgw=0.4208, reg=0.0000, time=43.15s.
-- 325/373 [87.1%], loss=0.4319, dgw=0.4319, reg=0.0000, time=42.10s.
-- 350/373 [93.8%], loss=0.5349, dgw=0.5349, reg=0.0000, time=38.68s.
-- 373/373 [100.0%], loss=0.5514, dgw=0.5514, reg=0.0000, time=58.09s.
fit: Epoch 3/15, loss = 0.4648, best loss = 0.2363
results/tumblr_ct1_Our_Iter_usl_tsne_fit_3.pdf
-- 25/373 [6.7%], loss=0.6156, dgw=0.6156, reg=0.0000, time=57.67s.
-- 50/373 [13.4%], loss=0.6358, dgw=0.6358, reg=0.0000, time=72.99s.
-- 75/373 [20.1%], loss=0.6696, dgw=0.6696, reg=0.0000, time=56.97s.
-- 100/373 [26.8%], loss=0.7016, dgw=0.7016, reg=0.0000, time=51.97s.
-- 125/373 [33.5%], loss=0.7553, dgw=0.7553, reg=0.0000, time=51.56s.
-- 150/373 [40.2%], loss=0.7592, dgw=0.7592, reg=0.0000, time=55.20s.
-- 175/373 [46.9%], loss=0.8208, dgw=0.8208, reg=0.0000, time=51.99s.
-- 200/373 [53.6%], loss=0.8179, dgw=0.8179, reg=0.0000, time=43.44s.
-- 225/373 [60.3%], loss=0.8022, dgw=0.8022, reg=0.0000, time=56.99s.
-- 250/373 [67.0%], loss=0.7874, dgw=0.7874, reg=0.0000, time=49.27s.
-- 275/373 [73.7%], loss=0.8163, dgw=0.8163, reg=0.0000, time=53.36s.
-- 300/373 [80.4%], loss=0.8403, dgw=0.8403, reg=0.0000, time=44.90s.
-- 325/373 [87.1%], loss=0.8306, dgw=0.8306, reg=0.0000, time=60.88s.
-- 350/373 [93.8%], loss=0.8637, dgw=0.8637, reg=0.0000, time=69.32s.
-- 373/373 [100.0%], loss=0.8520, dgw=0.8520, reg=0.0000, time=56.30s.
fit: Epoch 4/15, loss = 0.7708, best loss = 0.2363
results/tumblr_ct1_Our_Iter_usl_tsne_fit_4.pdf
-- 25/373 [6.7%], loss=0.8569, dgw=0.8569, reg=0.0000, time=42.53s.
-- 50/373 [13.4%], loss=0.8755, dgw=0.8755, reg=0.0000, time=57.34s.
-- 75/373 [20.1%], loss=0.8868, dgw=0.8868, reg=0.0000, time=53.07s.
-- 100/373 [26.8%], loss=0.9148, dgw=0.9148, reg=0.0000, time=48.81s.
-- 125/373 [33.5%], loss=0.9237, dgw=0.9237, reg=0.0000, time=47.29s.
-- 150/373 [40.2%], loss=0.9453, dgw=0.9453, reg=0.0000, time=45.84s.
-- 175/373 [46.9%], loss=0.9036, dgw=0.9036, reg=0.0000, time=64.23s.
-- 200/373 [53.6%], loss=0.9504, dgw=0.9504, reg=0.0000, time=74.39s.
-- 225/373 [60.3%], loss=0.9342, dgw=0.9342, reg=0.0000, time=63.38s.
-- 250/373 [67.0%], loss=0.9444, dgw=0.9444, reg=0.0000, time=69.60s.
-- 275/373 [73.7%], loss=0.9607, dgw=0.9607, reg=0.0000, time=62.17s.
-- 300/373 [80.4%], loss=0.9376, dgw=0.9376, reg=0.0000, time=53.83s.
-- 325/373 [87.1%], loss=0.9048, dgw=0.9048, reg=0.0000, time=69.38s.
-- 350/373 [93.8%], loss=0.9368, dgw=0.9368, reg=0.0000, time=59.30s.
-- 373/373 [100.0%], loss=0.9042, dgw=0.9042, reg=0.0000, time=59.80s.
fit: Epoch 5/15, loss = 0.9187, best loss = 0.2363
results/tumblr_ct1_Our_Iter_usl_tsne_fit_5.pdf
-- 25/373 [6.7%], loss=0.9491, dgw=0.9491, reg=0.0000, time=47.85s.
-- 50/373 [13.4%], loss=0.9334, dgw=0.9334, reg=0.0000, time=49.09s.
-- 75/373 [20.1%], loss=0.9134, dgw=0.9134, reg=0.0000, time=52.19s.
-- 100/373 [26.8%], loss=0.9307, dgw=0.9307, reg=0.0000, time=55.14s.
-- 125/373 [33.5%], loss=0.9302, dgw=0.9302, reg=0.0000, time=34.49s.
-- 150/373 [40.2%], loss=0.9188, dgw=0.9188, reg=0.0000, time=42.29s.
-- 175/373 [46.9%], loss=0.9065, dgw=0.9065, reg=0.0000, time=61.31s.
-- 200/373 [53.6%], loss=0.9368, dgw=0.9368, reg=0.0000, time=67.24s.
-- 225/373 [60.3%], loss=0.9239, dgw=0.9239, reg=0.0000, time=52.46s.
-- 250/373 [67.0%], loss=0.9072, dgw=0.9072, reg=0.0000, time=65.42s.
-- 275/373 [73.7%], loss=0.9073, dgw=0.9073, reg=0.0000, time=67.15s.
-- 300/373 [80.4%], loss=0.9113, dgw=0.9113, reg=0.0000, time=50.50s.
-- 325/373 [87.1%], loss=0.9268, dgw=0.9268, reg=0.0000, time=53.37s.
-- 350/373 [93.8%], loss=0.9296, dgw=0.9296, reg=0.0000, time=63.08s.
-- 373/373 [100.0%], loss=0.9057, dgw=0.9057, reg=0.0000, time=45.06s.
fit: Epoch 6/15, loss = 0.9221, best loss = 0.2363
results/tumblr_ct1_Our_Iter_usl_tsne_fit_6.pdf
-- 25/373 [6.7%], loss=0.9078, dgw=0.9078, reg=0.0000, time=51.71s.
-- 50/373 [13.4%], loss=0.8818, dgw=0.8818, reg=0.0000, time=51.10s.
-- 75/373 [20.1%], loss=0.8902, dgw=0.8902, reg=0.0000, time=47.43s.
-- 100/373 [26.8%], loss=0.9073, dgw=0.9073, reg=0.0000, time=44.96s.
-- 125/373 [33.5%], loss=0.8901, dgw=0.8901, reg=0.0000, time=51.95s.
-- 150/373 [40.2%], loss=0.8881, dgw=0.8881, reg=0.0000, time=47.39s.
-- 175/373 [46.9%], loss=0.9021, dgw=0.9021, reg=0.0000, time=58.96s.
-- 200/373 [53.6%], loss=0.8780, dgw=0.8780, reg=0.0000, time=56.79s.
-- 225/373 [60.3%], loss=0.8795, dgw=0.8795, reg=0.0000, time=50.53s.
-- 250/373 [67.0%], loss=0.8962, dgw=0.8962, reg=0.0000, time=49.58s.
-- 275/373 [73.7%], loss=0.8833, dgw=0.8833, reg=0.0000, time=51.96s.
-- 300/373 [80.4%], loss=0.8838, dgw=0.8838, reg=0.0000, time=43.70s.
-- 325/373 [87.1%], loss=0.8676, dgw=0.8676, reg=0.0000, time=55.27s.
-- 350/373 [93.8%], loss=0.8825, dgw=0.8825, reg=0.0000, time=51.92s.
-- 373/373 [100.0%], loss=0.8876, dgw=0.8876, reg=0.0000, time=57.89s.
fit: Epoch 7/15, loss = 0.8884, best loss = 0.2363
results/tumblr_ct1_Our_Iter_usl_tsne_fit_7.pdf
-- 25/373 [6.7%], loss=0.8852, dgw=0.8852, reg=0.0000, time=52.99s.
-- 50/373 [13.4%], loss=0.8741, dgw=0.8741, reg=0.0000, time=62.11s.
-- 75/373 [20.1%], loss=0.8640, dgw=0.8640, reg=0.0000, time=32.21s.
-- 100/373 [26.8%], loss=0.8674, dgw=0.8674, reg=0.0000, time=51.09s.
-- 125/373 [33.5%], loss=0.8706, dgw=0.8706, reg=0.0000, time=50.10s.
-- 150/373 [40.2%], loss=0.8579, dgw=0.8579, reg=0.0000, time=62.52s.
-- 175/373 [46.9%], loss=0.8652, dgw=0.8652, reg=0.0000, time=47.33s.
-- 200/373 [53.6%], loss=0.8739, dgw=0.8739, reg=0.0000, time=47.60s.
-- 225/373 [60.3%], loss=0.8560, dgw=0.8560, reg=0.0000, time=56.89s.
-- 250/373 [67.0%], loss=0.8636, dgw=0.8636, reg=0.0000, time=57.40s.
-- 275/373 [73.7%], loss=0.8700, dgw=0.8700, reg=0.0000, time=52.07s.
-- 300/373 [80.4%], loss=0.8339, dgw=0.8339, reg=0.0000, time=60.91s.
-- 325/373 [87.1%], loss=0.8358, dgw=0.8358, reg=0.0000, time=58.14s.
-- 350/373 [93.8%], loss=0.8302, dgw=0.8302, reg=0.0000, time=55.41s.
-- 373/373 [100.0%], loss=0.8290, dgw=0.8290, reg=0.0000, time=37.11s.
fit: Epoch 8/15, loss = 0.8586, best loss = 0.2363
results/tumblr_ct1_Our_Iter_usl_tsne_fit_8.pdf
-- 25/373 [6.7%], loss=0.8099, dgw=0.8099, reg=0.0000, time=49.25s.
-- 50/373 [13.4%], loss=0.8140, dgw=0.8140, reg=0.0000, time=47.14s.
-- 75/373 [20.1%], loss=0.8226, dgw=0.8226, reg=0.0000, time=60.65s.
-- 100/373 [26.8%], loss=0.8367, dgw=0.8367, reg=0.0000, time=39.09s.
-- 125/373 [33.5%], loss=0.8121, dgw=0.8121, reg=0.0000, time=49.55s.
-- 150/373 [40.2%], loss=0.8144, dgw=0.8144, reg=0.0000, time=39.78s.
-- 175/373 [46.9%], loss=0.8031, dgw=0.8031, reg=0.0000, time=44.12s.
-- 200/373 [53.6%], loss=0.8217, dgw=0.8217, reg=0.0000, time=50.24s.
-- 225/373 [60.3%], loss=0.8275, dgw=0.8275, reg=0.0000, time=52.70s.
-- 250/373 [67.0%], loss=0.7951, dgw=0.7951, reg=0.0000, time=47.58s.
-- 275/373 [73.7%], loss=0.7866, dgw=0.7866, reg=0.0000, time=47.42s.
-- 300/373 [80.4%], loss=0.8248, dgw=0.8248, reg=0.0000, time=53.93s.
-- 325/373 [87.1%], loss=0.8151, dgw=0.8151, reg=0.0000, time=50.52s.
-- 350/373 [93.8%], loss=0.7986, dgw=0.7986, reg=0.0000, time=30.35s.
-- 373/373 [100.0%], loss=0.8062, dgw=0.8062, reg=0.0000, time=34.80s.
fit: Epoch 9/15, loss = 0.8126, best loss = 0.2363
results/tumblr_ct1_Our_Iter_usl_tsne_fit_9.pdf
-- 25/373 [6.7%], loss=0.8349, dgw=0.8349, reg=0.0000, time=53.88s.
-- 50/373 [13.4%], loss=0.8170, dgw=0.8170, reg=0.0000, time=40.83s.
-- 75/373 [20.1%], loss=0.8329, dgw=0.8329, reg=0.0000, time=62.05s.
-- 100/373 [26.8%], loss=0.8044, dgw=0.8044, reg=0.0000, time=35.97s.
-- 125/373 [33.5%], loss=0.8159, dgw=0.8159, reg=0.0000, time=21.81s.
-- 150/373 [40.2%], loss=0.8028, dgw=0.8028, reg=0.0000, time=44.36s.
-- 175/373 [46.9%], loss=0.8331, dgw=0.8331, reg=0.0000, time=49.75s.
-- 200/373 [53.6%], loss=0.8225, dgw=0.8225, reg=0.0000, time=45.31s.
-- 225/373 [60.3%], loss=0.8478, dgw=0.8478, reg=0.0000, time=28.55s.
-- 250/373 [67.0%], loss=0.8393, dgw=0.8393, reg=0.0000, time=45.18s.
-- 275/373 [73.7%], loss=0.8397, dgw=0.8397, reg=0.0000, time=46.44s.
-- 300/373 [80.4%], loss=0.8626, dgw=0.8626, reg=0.0000, time=36.38s.
-- 325/373 [87.1%], loss=0.8465, dgw=0.8465, reg=0.0000, time=37.87s.
-- 350/373 [93.8%], loss=0.8544, dgw=0.8544, reg=0.0000, time=47.74s.
-- 373/373 [100.0%], loss=0.8344, dgw=0.8344, reg=0.0000, time=43.37s.
fit: Epoch 10/15, loss = 0.8325, best loss = 0.2363
results/tumblr_ct1_Our_Iter_usl_tsne_fit_10.pdf
-- 25/373 [6.7%], loss=0.8549, dgw=0.8549, reg=0.0000, time=39.15s.
-- 50/373 [13.4%], loss=0.8595, dgw=0.8595, reg=0.0000, time=55.00s.
-- 75/373 [20.1%], loss=0.8488, dgw=0.8488, reg=0.0000, time=41.70s.
-- 100/373 [26.8%], loss=0.8493, dgw=0.8493, reg=0.0000, time=40.81s.
-- 125/373 [33.5%], loss=0.8403, dgw=0.8403, reg=0.0000, time=41.10s.
-- 150/373 [40.2%], loss=0.8599, dgw=0.8599, reg=0.0000, time=35.91s.
-- 175/373 [46.9%], loss=0.8411, dgw=0.8411, reg=0.0000, time=51.92s.
-- 200/373 [53.6%], loss=0.8644, dgw=0.8644, reg=0.0000, time=46.51s.
-- 225/373 [60.3%], loss=0.8684, dgw=0.8684, reg=0.0000, time=42.48s.
-- 250/373 [67.0%], loss=0.8640, dgw=0.8640, reg=0.0000, time=44.46s.
-- 275/373 [73.7%], loss=0.8654, dgw=0.8654, reg=0.0000, time=44.01s.
-- 300/373 [80.4%], loss=0.8540, dgw=0.8540, reg=0.0000, time=40.57s.
-- 325/373 [87.1%], loss=0.8391, dgw=0.8391, reg=0.0000, time=33.59s.
-- 350/373 [93.8%], loss=0.8462, dgw=0.8462, reg=0.0000, time=32.82s.
-- 373/373 [100.0%], loss=0.8786, dgw=0.8786, reg=0.0000, time=37.57s.
fit: Epoch 11/15, loss = 0.8555, best loss = 0.2363
results/tumblr_ct1_Our_Iter_usl_tsne_fit_11.pdf
-- 25/373 [6.7%], loss=0.8669, dgw=0.8669, reg=0.0000, time=22.74s.
-- 50/373 [13.4%], loss=0.8704, dgw=0.8704, reg=0.0000, time=27.84s.
-- 75/373 [20.1%], loss=0.8640, dgw=0.8640, reg=0.0000, time=44.61s.
-- 100/373 [26.8%], loss=0.8595, dgw=0.8595, reg=0.0000, time=40.14s.
-- 125/373 [33.5%], loss=0.8510, dgw=0.8510, reg=0.0000, time=52.18s.
-- 150/373 [40.2%], loss=0.8747, dgw=0.8747, reg=0.0000, time=48.89s.
-- 175/373 [46.9%], loss=0.8618, dgw=0.8618, reg=0.0000, time=36.69s.
-- 200/373 [53.6%], loss=0.8562, dgw=0.8562, reg=0.0000, time=40.88s.
-- 225/373 [60.3%], loss=0.8570, dgw=0.8570, reg=0.0000, time=32.30s.
-- 250/373 [67.0%], loss=0.8751, dgw=0.8751, reg=0.0000, time=34.34s.
-- 275/373 [73.7%], loss=0.8523, dgw=0.8523, reg=0.0000, time=35.28s.
-- 300/373 [80.4%], loss=0.8484, dgw=0.8484, reg=0.0000, time=39.22s.
-- 325/373 [87.1%], loss=0.8454, dgw=0.8454, reg=0.0000, time=45.33s.
-- 350/373 [93.8%], loss=0.8619, dgw=0.8619, reg=0.0000, time=37.75s.
-- 373/373 [100.0%], loss=0.8661, dgw=0.8661, reg=0.0000, time=38.14s.
fit: Epoch 12/15, loss = 0.8607, best loss = 0.2363
results/tumblr_ct1_Our_Iter_usl_tsne_fit_12.pdf
-- 25/373 [6.7%], loss=0.8689, dgw=0.8689, reg=0.0000, time=44.50s.
-- 50/373 [13.4%], loss=0.8508, dgw=0.8508, reg=0.0000, time=48.75s.
-- 75/373 [20.1%], loss=0.8806, dgw=0.8806, reg=0.0000, time=50.74s.
-- 100/373 [26.8%], loss=0.8711, dgw=0.8711, reg=0.0000, time=41.67s.
-- 125/373 [33.5%], loss=0.8634, dgw=0.8634, reg=0.0000, time=29.31s.
-- 150/373 [40.2%], loss=0.8798, dgw=0.8798, reg=0.0000, time=34.68s.
-- 175/373 [46.9%], loss=0.8597, dgw=0.8597, reg=0.0000, time=30.77s.
-- 200/373 [53.6%], loss=0.8795, dgw=0.8795, reg=0.0000, time=36.52s.
-- 225/373 [60.3%], loss=0.8748, dgw=0.8748, reg=0.0000, time=51.11s.
-- 250/373 [67.0%], loss=0.8781, dgw=0.8781, reg=0.0000, time=33.41s.
-- 275/373 [73.7%], loss=0.8811, dgw=0.8811, reg=0.0000, time=20.47s.
-- 300/373 [80.4%], loss=0.8938, dgw=0.8938, reg=0.0000, time=32.88s.
-- 325/373 [87.1%], loss=0.8705, dgw=0.8705, reg=0.0000, time=34.88s.
-- 350/373 [93.8%], loss=0.8913, dgw=0.8913, reg=0.0000, time=33.97s.
-- 373/373 [100.0%], loss=0.8761, dgw=0.8761, reg=0.0000, time=37.21s.
fit: Epoch 13/15, loss = 0.8746, best loss = 0.2363
results/tumblr_ct1_Our_Iter_usl_tsne_fit_13.pdf
-- 25/373 [6.7%], loss=0.8948, dgw=0.8948, reg=0.0000, time=41.38s.
-- 50/373 [13.4%], loss=0.8902, dgw=0.8902, reg=0.0000, time=30.43s.
-- 75/373 [20.1%], loss=0.8880, dgw=0.8880, reg=0.0000, time=35.19s.
-- 100/373 [26.8%], loss=0.8999, dgw=0.8999, reg=0.0000, time=41.68s.
-- 125/373 [33.5%], loss=0.8784, dgw=0.8784, reg=0.0000, time=27.74s.
-- 150/373 [40.2%], loss=0.9077, dgw=0.9077, reg=0.0000, time=30.28s.
-- 175/373 [46.9%], loss=0.9197, dgw=0.9197, reg=0.0000, time=33.34s.
-- 200/373 [53.6%], loss=0.8857, dgw=0.8857, reg=0.0000, time=31.57s.
-- 225/373 [60.3%], loss=0.9178, dgw=0.9178, reg=0.0000, time=52.13s.
-- 250/373 [67.0%], loss=0.8895, dgw=0.8895, reg=0.0000, time=40.17s.
-- 275/373 [73.7%], loss=0.9031, dgw=0.9031, reg=0.0000, time=36.83s.
-- 300/373 [80.4%], loss=0.9024, dgw=0.9024, reg=0.0000, time=43.76s.
-- 325/373 [87.1%], loss=0.9079, dgw=0.9079, reg=0.0000, time=24.18s.
-- 350/373 [93.8%], loss=0.9121, dgw=0.9121, reg=0.0000, time=35.16s.
-- 373/373 [100.0%], loss=0.9194, dgw=0.9194, reg=0.0000, time=27.17s.
fit: Epoch 14/15, loss = 0.9010, best loss = 0.2363
results/tumblr_ct1_Our_Iter_usl_tsne_fit_14.pdf
-- 25/373 [6.7%], loss=0.9100, dgw=0.9100, reg=0.0000, time=28.91s.
-- 50/373 [13.4%], loss=0.8980, dgw=0.8980, reg=0.0000, time=17.18s.
-- 75/373 [20.1%], loss=0.9124, dgw=0.9124, reg=0.0000, time=30.02s.
-- 100/373 [26.8%], loss=0.9006, dgw=0.9006, reg=0.0000, time=29.04s.
-- 125/373 [33.5%], loss=0.9252, dgw=0.9252, reg=0.0000, time=26.72s.
-- 150/373 [40.2%], loss=0.8998, dgw=0.8998, reg=0.0000, time=29.72s.
-- 175/373 [46.9%], loss=0.9085, dgw=0.9085, reg=0.0000, time=27.12s.
-- 200/373 [53.6%], loss=0.9053, dgw=0.9053, reg=0.0000, time=25.80s.
-- 225/373 [60.3%], loss=0.9116, dgw=0.9116, reg=0.0000, time=44.32s.
-- 250/373 [67.0%], loss=0.8999, dgw=0.8999, reg=0.0000, time=35.11s.
-- 275/373 [73.7%], loss=0.9121, dgw=0.9121, reg=0.0000, time=37.05s.
-- 300/373 [80.4%], loss=0.9149, dgw=0.9149, reg=0.0000, time=25.91s.
-- 325/373 [87.1%], loss=0.8999, dgw=0.8999, reg=0.0000, time=25.53s.
-- 350/373 [93.8%], loss=0.9029, dgw=0.9029, reg=0.0000, time=25.07s.
-- 373/373 [100.0%], loss=0.9115, dgw=0.9115, reg=0.0000, time=33.28s.
fit: Epoch 15/15, loss = 0.9075, best loss = 0.2363
results/tumblr_ct1_Our_Iter_usl_tsne_fit_15.pdf
Best Acc  : 0.5227882037533512
Rand Score: 0.4996973103865779
Done!
