-- 25/373 [6.7%], loss=0.2481, dgw=0.2481, reg=0.0000, time=34.71s.
-- 50/373 [13.4%], loss=0.2490, dgw=0.2490, reg=0.0000, time=41.73s.
-- 75/373 [20.1%], loss=0.2476, dgw=0.2476, reg=0.0000, time=61.22s.
-- 100/373 [26.8%], loss=0.2433, dgw=0.2433, reg=0.0000, time=53.28s.
-- 125/373 [33.5%], loss=0.2431, dgw=0.2431, reg=0.0000, time=65.24s.
-- 150/373 [40.2%], loss=0.2401, dgw=0.2401, reg=0.0000, time=69.84s.
-- 175/373 [46.9%], loss=0.2369, dgw=0.2369, reg=0.0000, time=70.62s.
-- 200/373 [53.6%], loss=0.2352, dgw=0.2352, reg=0.0000, time=67.64s.
-- 225/373 [60.3%], loss=0.2341, dgw=0.2341, reg=0.0000, time=78.78s.
-- 250/373 [67.0%], loss=0.2296, dgw=0.2296, reg=0.0000, time=86.63s.
-- 275/373 [73.7%], loss=0.2309, dgw=0.2309, reg=0.0000, time=73.61s.
-- 300/373 [80.4%], loss=0.2287, dgw=0.2287, reg=0.0000, time=69.47s.
-- 325/373 [87.1%], loss=0.2270, dgw=0.2270, reg=0.0000, time=53.84s.
-- 350/373 [93.8%], loss=0.2264, dgw=0.2264, reg=0.0000, time=55.33s.
-- 373/373 [100.0%], loss=0.2220, dgw=0.2220, reg=0.0000, time=82.59s.
fit: Epoch 1/15, loss = 0.2362, best loss = 0.2362
results/tumblr_ct1_Our_Iter_usl_tsne_fit_1.pdf
-- 25/373 [6.7%], loss=0.2198, dgw=0.2198, reg=0.0000, time=66.96s.
-- 50/373 [13.4%], loss=0.2187, dgw=0.2187, reg=0.0000, time=60.51s.
-- 75/373 [20.1%], loss=0.2166, dgw=0.2166, reg=0.0000, time=61.38s.
-- 100/373 [26.8%], loss=0.2159, dgw=0.2159, reg=0.0000, time=54.65s.
-- 125/373 [33.5%], loss=0.2126, dgw=0.2126, reg=0.0000, time=70.59s.
-- 150/373 [40.2%], loss=0.2106, dgw=0.2106, reg=0.0000, time=69.30s.
-- 175/373 [46.9%], loss=0.2099, dgw=0.2099, reg=0.0000, time=76.54s.
-- 200/373 [53.6%], loss=0.2044, dgw=0.2044, reg=0.0000, time=72.08s.
-- 225/373 [60.3%], loss=0.2060, dgw=0.2060, reg=0.0000, time=81.92s.
-- 250/373 [67.0%], loss=0.2032, dgw=0.2032, reg=0.0000, time=59.91s.
-- 275/373 [73.7%], loss=0.2019, dgw=0.2019, reg=0.0000, time=56.38s.
-- 300/373 [80.4%], loss=0.2020, dgw=0.2020, reg=0.0000, time=81.44s.
-- 325/373 [87.1%], loss=0.1974, dgw=0.1974, reg=0.0000, time=81.93s.
-- 350/373 [93.8%], loss=0.1974, dgw=0.1974, reg=0.0000, time=65.36s.
-- 373/373 [100.0%], loss=0.1926, dgw=0.1926, reg=0.0000, time=42.55s.
fit: Epoch 2/15, loss = 0.2073, best loss = 0.2073
results/tumblr_ct1_Our_Iter_usl_tsne_fit_2.pdf
-- 25/373 [6.7%], loss=0.1919, dgw=0.1919, reg=0.0000, time=50.29s.
-- 50/373 [13.4%], loss=0.1908, dgw=0.1908, reg=0.0000, time=91.80s.
-- 75/373 [20.1%], loss=0.1889, dgw=0.1889, reg=0.0000, time=70.02s.
-- 100/373 [26.8%], loss=0.1875, dgw=0.1875, reg=0.0000, time=68.09s.
-- 125/373 [33.5%], loss=0.1867, dgw=0.1867, reg=0.0000, time=65.96s.
-- 150/373 [40.2%], loss=0.1835, dgw=0.1835, reg=0.0000, time=85.30s.
-- 175/373 [46.9%], loss=0.1833, dgw=0.1833, reg=0.0000, time=92.15s.
-- 200/373 [53.6%], loss=0.1815, dgw=0.1815, reg=0.0000, time=78.39s.
-- 225/373 [60.3%], loss=0.1805, dgw=0.1805, reg=0.0000, time=64.53s.
-- 250/373 [67.0%], loss=0.1790, dgw=0.1790, reg=0.0000, time=88.62s.
-- 275/373 [73.7%], loss=0.1762, dgw=0.1762, reg=0.0000, time=69.35s.
-- 300/373 [80.4%], loss=0.1762, dgw=0.1762, reg=0.0000, time=68.14s.
-- 325/373 [87.1%], loss=0.1754, dgw=0.1754, reg=0.0000, time=77.14s.
-- 350/373 [93.8%], loss=0.1751, dgw=0.1751, reg=0.0000, time=82.53s.
-- 373/373 [100.0%], loss=0.1703, dgw=0.1703, reg=0.0000, time=85.69s.
fit: Epoch 3/15, loss = 0.1818, best loss = 0.1818
results/tumblr_ct1_Our_Iter_usl_tsne_fit_3.pdf
-- 25/373 [6.7%], loss=0.1708, dgw=0.1708, reg=0.0000, time=53.43s.
-- 50/373 [13.4%], loss=0.1681, dgw=0.1681, reg=0.0000, time=45.68s.
-- 75/373 [20.1%], loss=0.1665, dgw=0.1665, reg=0.0000, time=45.13s.
-- 100/373 [26.8%], loss=0.1656, dgw=0.1656, reg=0.0000, time=52.06s.
-- 125/373 [33.5%], loss=0.1637, dgw=0.1637, reg=0.0000, time=41.98s.
-- 150/373 [40.2%], loss=0.1639, dgw=0.1639, reg=0.0000, time=54.43s.
-- 175/373 [46.9%], loss=0.1610, dgw=0.1610, reg=0.0000, time=60.48s.
-- 200/373 [53.6%], loss=0.1583, dgw=0.1583, reg=0.0000, time=61.33s.
-- 225/373 [60.3%], loss=0.1586, dgw=0.1586, reg=0.0000, time=75.68s.
-- 250/373 [67.0%], loss=0.1565, dgw=0.1565, reg=0.0000, time=68.33s.
-- 275/373 [73.7%], loss=0.1558, dgw=0.1558, reg=0.0000, time=72.88s.
-- 300/373 [80.4%], loss=0.1548, dgw=0.1548, reg=0.0000, time=51.13s.
-- 325/373 [87.1%], loss=0.1526, dgw=0.1526, reg=0.0000, time=57.90s.
-- 350/373 [93.8%], loss=0.1522, dgw=0.1522, reg=0.0000, time=66.77s.
-- 373/373 [100.0%], loss=0.1508, dgw=0.1508, reg=0.0000, time=59.55s.
fit: Epoch 4/15, loss = 0.1600, best loss = 0.1600
results/tumblr_ct1_Our_Iter_usl_tsne_fit_4.pdf
-- 25/373 [6.7%], loss=0.1494, dgw=0.1494, reg=0.0000, time=69.28s.
-- 50/373 [13.4%], loss=0.1485, dgw=0.1485, reg=0.0000, time=47.27s.
-- 75/373 [20.1%], loss=0.1472, dgw=0.1472, reg=0.0000, time=63.26s.
-- 100/373 [26.8%], loss=0.1456, dgw=0.1456, reg=0.0000, time=54.68s.
-- 125/373 [33.5%], loss=0.1449, dgw=0.1449, reg=0.0000, time=77.49s.
-- 150/373 [40.2%], loss=0.1434, dgw=0.1434, reg=0.0000, time=58.22s.
-- 175/373 [46.9%], loss=0.1405, dgw=0.1405, reg=0.0000, time=56.45s.
-- 200/373 [53.6%], loss=0.1420, dgw=0.1420, reg=0.0000, time=60.53s.
-- 225/373 [60.3%], loss=0.1413, dgw=0.1413, reg=0.0000, time=69.88s.
-- 250/373 [67.0%], loss=0.1383, dgw=0.1383, reg=0.0000, time=54.94s.
-- 275/373 [73.7%], loss=0.1381, dgw=0.1381, reg=0.0000, time=63.70s.
-- 300/373 [80.4%], loss=0.1372, dgw=0.1372, reg=0.0000, time=48.48s.
-- 325/373 [87.1%], loss=0.1388, dgw=0.1388, reg=0.0000, time=41.37s.
-- 350/373 [93.8%], loss=0.1368, dgw=0.1368, reg=0.0000, time=63.32s.
-- 373/373 [100.0%], loss=0.1366, dgw=0.1366, reg=0.0000, time=55.98s.
fit: Epoch 5/15, loss = 0.1419, best loss = 0.1419
results/tumblr_ct1_Our_Iter_usl_tsne_fit_5.pdf
-- 25/373 [6.7%], loss=0.1354, dgw=0.1354, reg=0.0000, time=49.40s.
-- 50/373 [13.4%], loss=0.1362, dgw=0.1362, reg=0.0000, time=46.59s.
-- 75/373 [20.1%], loss=0.1378, dgw=0.1378, reg=0.0000, time=73.28s.
-- 100/373 [26.8%], loss=0.1331, dgw=0.1331, reg=0.0000, time=76.00s.
-- 125/373 [33.5%], loss=0.1294, dgw=0.1294, reg=0.0000, time=37.06s.
-- 150/373 [40.2%], loss=0.1308, dgw=0.1308, reg=0.0000, time=62.68s.
-- 175/373 [46.9%], loss=0.1294, dgw=0.1294, reg=0.0000, time=40.27s.
-- 200/373 [53.6%], loss=0.1418, dgw=0.1418, reg=0.0000, time=52.84s.
-- 225/373 [60.3%], loss=0.1250, dgw=0.1250, reg=0.0000, time=54.25s.
-- 250/373 [67.0%], loss=0.1263, dgw=0.1263, reg=0.0000, time=46.97s.
-- 275/373 [73.7%], loss=0.1335, dgw=0.1335, reg=0.0000, time=53.73s.
-- 300/373 [80.4%], loss=0.1389, dgw=0.1389, reg=0.0000, time=44.60s.
-- 325/373 [87.1%], loss=0.1407, dgw=0.1407, reg=0.0000, time=66.53s.
-- 350/373 [93.8%], loss=0.1322, dgw=0.1322, reg=0.0000, time=58.57s.
-- 373/373 [100.0%], loss=0.1318, dgw=0.1318, reg=0.0000, time=56.53s.
fit: Epoch 6/15, loss = 0.1335, best loss = 0.1335
results/tumblr_ct1_Our_Iter_usl_tsne_fit_6.pdf
-- 25/373 [6.7%], loss=0.1390, dgw=0.1390, reg=0.0000, time=68.88s.
-- 50/373 [13.4%], loss=0.1211, dgw=0.1211, reg=0.0000, time=71.30s.
-- 75/373 [20.1%], loss=0.1439, dgw=0.1439, reg=0.0000, time=36.08s.
-- 100/373 [26.8%], loss=0.1350, dgw=0.1350, reg=0.0000, time=66.51s.
-- 125/373 [33.5%], loss=0.1194, dgw=0.1194, reg=0.0000, time=69.83s.
-- 150/373 [40.2%], loss=0.1276, dgw=0.1276, reg=0.0000, time=65.72s.
-- 175/373 [46.9%], loss=0.1287, dgw=0.1287, reg=0.0000, time=57.82s.
-- 200/373 [53.6%], loss=0.1363, dgw=0.1363, reg=0.0000, time=54.78s.
-- 225/373 [60.3%], loss=0.1312, dgw=0.1312, reg=0.0000, time=50.88s.
-- 250/373 [67.0%], loss=0.1395, dgw=0.1395, reg=0.0000, time=65.21s.
-- 275/373 [73.7%], loss=0.1224, dgw=0.1224, reg=0.0000, time=48.33s.
-- 300/373 [80.4%], loss=0.1260, dgw=0.1260, reg=0.0000, time=69.56s.
-- 325/373 [87.1%], loss=0.1140, dgw=0.1140, reg=0.0000, time=48.59s.
-- 350/373 [93.8%], loss=0.1222, dgw=0.1222, reg=0.0000, time=46.22s.
-- 373/373 [100.0%], loss=0.1249, dgw=0.1249, reg=0.0000, time=39.74s.
fit: Epoch 7/15, loss = 0.1287, best loss = 0.1287
results/tumblr_ct1_Our_Iter_usl_tsne_fit_7.pdf
-- 25/373 [6.7%], loss=0.1116, dgw=0.1116, reg=0.0000, time=36.14s.
-- 50/373 [13.4%], loss=0.1152, dgw=0.1152, reg=0.0000, time=59.30s.
-- 75/373 [20.1%], loss=0.1134, dgw=0.1134, reg=0.0000, time=49.13s.
-- 100/373 [26.8%], loss=0.1140, dgw=0.1140, reg=0.0000, time=43.72s.
-- 125/373 [33.5%], loss=0.1186, dgw=0.1186, reg=0.0000, time=33.27s.
-- 150/373 [40.2%], loss=0.1149, dgw=0.1149, reg=0.0000, time=63.12s.
-- 175/373 [46.9%], loss=0.1119, dgw=0.1119, reg=0.0000, time=54.91s.
-- 200/373 [53.6%], loss=0.1037, dgw=0.1037, reg=0.0000, time=47.33s.
-- 225/373 [60.3%], loss=0.1088, dgw=0.1088, reg=0.0000, time=62.05s.
-- 250/373 [67.0%], loss=0.1125, dgw=0.1125, reg=0.0000, time=43.13s.
-- 275/373 [73.7%], loss=0.1107, dgw=0.1107, reg=0.0000, time=39.81s.
-- 300/373 [80.4%], loss=0.1030, dgw=0.1030, reg=0.0000, time=58.04s.
-- 325/373 [87.1%], loss=0.1040, dgw=0.1040, reg=0.0000, time=49.73s.
-- 350/373 [93.8%], loss=0.1133, dgw=0.1133, reg=0.0000, time=42.58s.
-- 373/373 [100.0%], loss=0.1054, dgw=0.1054, reg=0.0000, time=43.15s.
fit: Epoch 8/15, loss = 0.1108, best loss = 0.1108
results/tumblr_ct1_Our_Iter_usl_tsne_fit_8.pdf
-- 25/373 [6.7%], loss=0.1011, dgw=0.1011, reg=0.0000, time=30.52s.
-- 50/373 [13.4%], loss=0.1169, dgw=0.1169, reg=0.0000, time=50.87s.
-- 75/373 [20.1%], loss=0.1160, dgw=0.1160, reg=0.0000, time=52.48s.
-- 100/373 [26.8%], loss=0.0997, dgw=0.0997, reg=0.0000, time=32.68s.
-- 125/373 [33.5%], loss=0.1127, dgw=0.1127, reg=0.0000, time=49.80s.
-- 150/373 [40.2%], loss=0.1079, dgw=0.1079, reg=0.0000, time=62.76s.
-- 175/373 [46.9%], loss=0.1237, dgw=0.1237, reg=0.0000, time=55.46s.
-- 200/373 [53.6%], loss=0.1269, dgw=0.1269, reg=0.0000, time=44.95s.
-- 225/373 [60.3%], loss=0.1290, dgw=0.1290, reg=0.0000, time=49.20s.
-- 250/373 [67.0%], loss=0.1406, dgw=0.1406, reg=0.0000, time=43.04s.
-- 275/373 [73.7%], loss=0.1083, dgw=0.1083, reg=0.0000, time=54.76s.
-- 300/373 [80.4%], loss=0.1093, dgw=0.1093, reg=0.0000, time=60.78s.
-- 325/373 [87.1%], loss=0.1299, dgw=0.1299, reg=0.0000, time=45.73s.
-- 350/373 [93.8%], loss=0.1381, dgw=0.1381, reg=0.0000, time=35.99s.
-- 373/373 [100.0%], loss=0.1232, dgw=0.1232, reg=0.0000, time=36.56s.
fit: Epoch 9/15, loss = 0.1189, best loss = 0.1108
results/tumblr_ct1_Our_Iter_usl_tsne_fit_9.pdf
-- 25/373 [6.7%], loss=0.1752, dgw=0.1752, reg=0.0000, time=53.04s.
-- 50/373 [13.4%], loss=0.1330, dgw=0.1330, reg=0.0000, time=45.38s.
-- 75/373 [20.1%], loss=0.1334, dgw=0.1334, reg=0.0000, time=37.62s.
-- 100/373 [26.8%], loss=0.1498, dgw=0.1498, reg=0.0000, time=24.50s.
-- 125/373 [33.5%], loss=0.1263, dgw=0.1263, reg=0.0000, time=43.75s.
-- 150/373 [40.2%], loss=0.1468, dgw=0.1468, reg=0.0000, time=29.60s.
-- 175/373 [46.9%], loss=0.1258, dgw=0.1258, reg=0.0000, time=48.97s.
-- 200/373 [53.6%], loss=0.1295, dgw=0.1295, reg=0.0000, time=49.41s.
-- 225/373 [60.3%], loss=0.1219, dgw=0.1219, reg=0.0000, time=49.08s.
-- 250/373 [67.0%], loss=0.1218, dgw=0.1218, reg=0.0000, time=21.87s.
-- 275/373 [73.7%], loss=0.1467, dgw=0.1467, reg=0.0000, time=58.28s.
-- 300/373 [80.4%], loss=0.1440, dgw=0.1440, reg=0.0000, time=33.94s.
-- 325/373 [87.1%], loss=0.1402, dgw=0.1402, reg=0.0000, time=40.64s.
-- 350/373 [93.8%], loss=0.1383, dgw=0.1383, reg=0.0000, time=45.29s.
-- 373/373 [100.0%], loss=0.1348, dgw=0.1348, reg=0.0000, time=39.34s.
fit: Epoch 10/15, loss = 0.1378, best loss = 0.1108
results/tumblr_ct1_Our_Iter_usl_tsne_fit_10.pdf
-- 25/373 [6.7%], loss=0.1426, dgw=0.1426, reg=0.0000, time=39.68s.
-- 50/373 [13.4%], loss=0.1308, dgw=0.1308, reg=0.0000, time=40.31s.
-- 75/373 [20.1%], loss=0.1639, dgw=0.1639, reg=0.0000, time=52.51s.
-- 100/373 [26.8%], loss=0.1351, dgw=0.1351, reg=0.0000, time=51.38s.
-- 125/373 [33.5%], loss=0.1785, dgw=0.1785, reg=0.0000, time=50.46s.
-- 150/373 [40.2%], loss=0.1490, dgw=0.1490, reg=0.0000, time=50.28s.
-- 175/373 [46.9%], loss=0.1217, dgw=0.1217, reg=0.0000, time=54.72s.
-- 200/373 [53.6%], loss=0.1355, dgw=0.1355, reg=0.0000, time=47.12s.
-- 225/373 [60.3%], loss=0.1638, dgw=0.1638, reg=0.0000, time=50.46s.
-- 250/373 [67.0%], loss=0.1359, dgw=0.1359, reg=0.0000, time=37.77s.
-- 275/373 [73.7%], loss=0.1484, dgw=0.1484, reg=0.0000, time=57.17s.
-- 300/373 [80.4%], loss=0.1133, dgw=0.1133, reg=0.0000, time=43.34s.
-- 325/373 [87.1%], loss=0.1356, dgw=0.1356, reg=0.0000, time=51.92s.
-- 350/373 [93.8%], loss=0.1203, dgw=0.1203, reg=0.0000, time=33.27s.
-- 373/373 [100.0%], loss=0.1276, dgw=0.1276, reg=0.0000, time=38.09s.
fit: Epoch 11/15, loss = 0.1402, best loss = 0.1108
results/tumblr_ct1_Our_Iter_usl_tsne_fit_11.pdf
-- 25/373 [6.7%], loss=0.1125, dgw=0.1125, reg=0.0000, time=23.96s.
-- 50/373 [13.4%], loss=0.1358, dgw=0.1358, reg=0.0000, time=45.09s.
-- 75/373 [20.1%], loss=0.1394, dgw=0.1394, reg=0.0000, time=55.15s.
-- 100/373 [26.8%], loss=0.0960, dgw=0.0960, reg=0.0000, time=43.22s.
-- 125/373 [33.5%], loss=0.1108, dgw=0.1108, reg=0.0000, time=61.00s.
-- 150/373 [40.2%], loss=0.1138, dgw=0.1138, reg=0.0000, time=55.01s.
-- 175/373 [46.9%], loss=0.0987, dgw=0.0987, reg=0.0000, time=57.98s.
-- 200/373 [53.6%], loss=0.0997, dgw=0.0997, reg=0.0000, time=49.55s.
-- 225/373 [60.3%], loss=0.1256, dgw=0.1256, reg=0.0000, time=42.78s.
-- 250/373 [67.0%], loss=0.1215, dgw=0.1215, reg=0.0000, time=45.14s.
-- 275/373 [73.7%], loss=0.1364, dgw=0.1364, reg=0.0000, time=40.31s.
-- 300/373 [80.4%], loss=0.1051, dgw=0.1051, reg=0.0000, time=47.30s.
-- 325/373 [87.1%], loss=0.1303, dgw=0.1303, reg=0.0000, time=51.15s.
-- 350/373 [93.8%], loss=0.0968, dgw=0.0968, reg=0.0000, time=27.19s.
-- 373/373 [100.0%], loss=0.1391, dgw=0.1391, reg=0.0000, time=40.91s.
fit: Epoch 12/15, loss = 0.1173, best loss = 0.1108
results/tumblr_ct1_Our_Iter_usl_tsne_fit_12.pdf
-- 25/373 [6.7%], loss=0.1156, dgw=0.1156, reg=0.0000, time=41.07s.
-- 50/373 [13.4%], loss=0.1012, dgw=0.1012, reg=0.0000, time=37.31s.
-- 75/373 [20.1%], loss=0.1086, dgw=0.1086, reg=0.0000, time=49.57s.
-- 100/373 [26.8%], loss=0.1225, dgw=0.1225, reg=0.0000, time=43.41s.
-- 125/373 [33.5%], loss=0.1318, dgw=0.1318, reg=0.0000, time=36.21s.
-- 150/373 [40.2%], loss=0.1115, dgw=0.1115, reg=0.0000, time=40.34s.
-- 175/373 [46.9%], loss=0.1133, dgw=0.1133, reg=0.0000, time=38.44s.
-- 200/373 [53.6%], loss=0.1301, dgw=0.1301, reg=0.0000, time=41.83s.
-- 225/373 [60.3%], loss=0.1023, dgw=0.1023, reg=0.0000, time=37.59s.
-- 250/373 [67.0%], loss=0.1064, dgw=0.1064, reg=0.0000, time=48.59s.
-- 275/373 [73.7%], loss=0.1121, dgw=0.1121, reg=0.0000, time=51.82s.
-- 300/373 [80.4%], loss=0.1099, dgw=0.1099, reg=0.0000, time=46.96s.
-- 325/373 [87.1%], loss=0.1170, dgw=0.1170, reg=0.0000, time=40.18s.
-- 350/373 [93.8%], loss=0.1127, dgw=0.1127, reg=0.0000, time=57.66s.
-- 373/373 [100.0%], loss=0.1115, dgw=0.1115, reg=0.0000, time=48.86s.
fit: Epoch 13/15, loss = 0.1138, best loss = 0.1108
results/tumblr_ct1_Our_Iter_usl_tsne_fit_13.pdf
-- 25/373 [6.7%], loss=0.1421, dgw=0.1421, reg=0.0000, time=36.33s.
-- 50/373 [13.4%], loss=0.1173, dgw=0.1173, reg=0.0000, time=40.29s.
-- 75/373 [20.1%], loss=0.1146, dgw=0.1146, reg=0.0000, time=28.77s.
-- 100/373 [26.8%], loss=0.1139, dgw=0.1139, reg=0.0000, time=44.81s.
-- 125/373 [33.5%], loss=0.1249, dgw=0.1249, reg=0.0000, time=58.71s.
-- 150/373 [40.2%], loss=0.0909, dgw=0.0909, reg=0.0000, time=56.55s.
-- 175/373 [46.9%], loss=0.1037, dgw=0.1037, reg=0.0000, time=30.03s.
-- 200/373 [53.6%], loss=0.1090, dgw=0.1090, reg=0.0000, time=26.96s.
-- 225/373 [60.3%], loss=0.1115, dgw=0.1115, reg=0.0000, time=41.48s.
-- 250/373 [67.0%], loss=0.1254, dgw=0.1254, reg=0.0000, time=37.13s.
-- 275/373 [73.7%], loss=0.1307, dgw=0.1307, reg=0.0000, time=25.87s.
-- 300/373 [80.4%], loss=0.1196, dgw=0.1196, reg=0.0000, time=37.29s.
-- 325/373 [87.1%], loss=0.0958, dgw=0.0958, reg=0.0000, time=31.39s.
-- 350/373 [93.8%], loss=0.1045, dgw=0.1045, reg=0.0000, time=30.49s.
-- 373/373 [100.0%], loss=0.1288, dgw=0.1288, reg=0.0000, time=29.85s.
fit: Epoch 14/15, loss = 0.1155, best loss = 0.1108
results/tumblr_ct1_Our_Iter_usl_tsne_fit_14.pdf
-- 25/373 [6.7%], loss=0.1030, dgw=0.1030, reg=0.0000, time=32.79s.
-- 50/373 [13.4%], loss=0.0899, dgw=0.0899, reg=0.0000, time=35.96s.
-- 75/373 [20.1%], loss=0.1162, dgw=0.1162, reg=0.0000, time=27.47s.
-- 100/373 [26.8%], loss=0.1191, dgw=0.1191, reg=0.0000, time=26.25s.
-- 125/373 [33.5%], loss=0.0986, dgw=0.0986, reg=0.0000, time=52.22s.
-- 150/373 [40.2%], loss=0.1222, dgw=0.1222, reg=0.0000, time=34.09s.
-- 175/373 [46.9%], loss=0.1008, dgw=0.1008, reg=0.0000, time=28.64s.
-- 200/373 [53.6%], loss=0.0947, dgw=0.0947, reg=0.0000, time=27.16s.
-- 225/373 [60.3%], loss=0.1110, dgw=0.1110, reg=0.0000, time=32.34s.
-- 250/373 [67.0%], loss=0.0773, dgw=0.0773, reg=0.0000, time=32.60s.
-- 275/373 [73.7%], loss=0.0873, dgw=0.0873, reg=0.0000, time=37.10s.
-- 300/373 [80.4%], loss=0.0960, dgw=0.0960, reg=0.0000, time=45.03s.
-- 325/373 [87.1%], loss=0.1116, dgw=0.1116, reg=0.0000, time=36.06s.
-- 350/373 [93.8%], loss=0.1493, dgw=0.1493, reg=0.0000, time=40.42s.
-- 373/373 [100.0%], loss=0.1196, dgw=0.1196, reg=0.0000, time=40.73s.
fit: Epoch 15/15, loss = 0.1064, best loss = 0.1064
results/tumblr_ct1_Our_Iter_usl_tsne_fit_15.pdf
Best Acc  : 0.5281501340482574
Rand Score: 0.5002450344489607
Done!
