-- 25/373 [6.7%], loss=0.2528, dgw=0.2528, reg=0.0000, time=71.94s.
-- 50/373 [13.4%], loss=0.2478, dgw=0.2478, reg=0.0000, time=58.48s.
-- 75/373 [20.1%], loss=0.2440, dgw=0.2440, reg=0.0000, time=62.09s.
-- 100/373 [26.8%], loss=0.2452, dgw=0.2452, reg=0.0000, time=67.97s.
-- 125/373 [33.5%], loss=0.2407, dgw=0.2407, reg=0.0000, time=77.48s.
-- 150/373 [40.2%], loss=0.2403, dgw=0.2403, reg=0.0000, time=73.49s.
-- 175/373 [46.9%], loss=0.2382, dgw=0.2382, reg=0.0000, time=93.72s.
-- 200/373 [53.6%], loss=0.2384, dgw=0.2384, reg=0.0000, time=68.18s.
-- 225/373 [60.3%], loss=0.2333, dgw=0.2333, reg=0.0000, time=68.67s.
-- 250/373 [67.0%], loss=0.2331, dgw=0.2331, reg=0.0000, time=62.03s.
-- 275/373 [73.7%], loss=0.2299, dgw=0.2299, reg=0.0000, time=56.61s.
-- 300/373 [80.4%], loss=0.2276, dgw=0.2276, reg=0.0000, time=76.15s.
-- 325/373 [87.1%], loss=0.2285, dgw=0.2285, reg=0.0000, time=69.76s.
-- 350/373 [93.8%], loss=0.2265, dgw=0.2265, reg=0.0000, time=84.67s.
-- 373/373 [100.0%], loss=0.2224, dgw=0.2224, reg=0.0000, time=65.17s.
fit: Epoch 1/15, loss = 0.2367, best loss = 0.2367
results/tumblr_ct1_Our_Iter_usl_tsne_fit_1.pdf
-- 25/373 [6.7%], loss=0.2200, dgw=0.2200, reg=0.0000, time=83.81s.
-- 50/373 [13.4%], loss=0.2166, dgw=0.2166, reg=0.0000, time=66.62s.
-- 75/373 [20.1%], loss=0.2190, dgw=0.2190, reg=0.0000, time=63.64s.
-- 100/373 [26.8%], loss=0.2154, dgw=0.2154, reg=0.0000, time=55.34s.
-- 125/373 [33.5%], loss=0.2124, dgw=0.2124, reg=0.0000, time=77.87s.
-- 150/373 [40.2%], loss=0.2141, dgw=0.2141, reg=0.0000, time=68.35s.
-- 175/373 [46.9%], loss=0.2096, dgw=0.2096, reg=0.0000, time=67.80s.
-- 200/373 [53.6%], loss=0.2051, dgw=0.2051, reg=0.0000, time=61.11s.
-- 225/373 [60.3%], loss=0.2056, dgw=0.2056, reg=0.0000, time=78.51s.
-- 250/373 [67.0%], loss=0.2041, dgw=0.2041, reg=0.0000, time=60.53s.
-- 275/373 [73.7%], loss=0.2021, dgw=0.2021, reg=0.0000, time=58.72s.
-- 300/373 [80.4%], loss=0.2005, dgw=0.2005, reg=0.0000, time=68.59s.
-- 325/373 [87.1%], loss=0.1994, dgw=0.1994, reg=0.0000, time=62.08s.
-- 350/373 [93.8%], loss=0.1973, dgw=0.1973, reg=0.0000, time=81.45s.
-- 373/373 [100.0%], loss=0.1961, dgw=0.1961, reg=0.0000, time=55.11s.
fit: Epoch 2/15, loss = 0.2079, best loss = 0.2079
results/tumblr_ct1_Our_Iter_usl_tsne_fit_2.pdf
-- 25/373 [6.7%], loss=0.1924, dgw=0.1924, reg=0.0000, time=66.61s.
-- 50/373 [13.4%], loss=0.1924, dgw=0.1924, reg=0.0000, time=70.09s.
-- 75/373 [20.1%], loss=0.1910, dgw=0.1910, reg=0.0000, time=64.54s.
-- 100/373 [26.8%], loss=0.1888, dgw=0.1888, reg=0.0000, time=61.57s.
-- 125/373 [33.5%], loss=0.1900, dgw=0.1900, reg=0.0000, time=90.27s.
-- 150/373 [40.2%], loss=0.1857, dgw=0.1857, reg=0.0000, time=88.72s.
-- 175/373 [46.9%], loss=0.1841, dgw=0.1841, reg=0.0000, time=55.20s.
-- 200/373 [53.6%], loss=0.1840, dgw=0.1840, reg=0.0000, time=79.22s.
-- 225/373 [60.3%], loss=0.1788, dgw=0.1788, reg=0.0000, time=64.67s.
-- 250/373 [67.0%], loss=0.1822, dgw=0.1822, reg=0.0000, time=59.59s.
-- 275/373 [73.7%], loss=0.1768, dgw=0.1768, reg=0.0000, time=69.36s.
-- 300/373 [80.4%], loss=0.1801, dgw=0.1801, reg=0.0000, time=90.11s.
-- 325/373 [87.1%], loss=0.1765, dgw=0.1765, reg=0.0000, time=87.27s.
-- 350/373 [93.8%], loss=0.1747, dgw=0.1747, reg=0.0000, time=85.20s.
-- 373/373 [100.0%], loss=0.1717, dgw=0.1717, reg=0.0000, time=64.78s.
fit: Epoch 3/15, loss = 0.1833, best loss = 0.1833
results/tumblr_ct1_Our_Iter_usl_tsne_fit_3.pdf
-- 25/373 [6.7%], loss=0.1693, dgw=0.1693, reg=0.0000, time=66.44s.
-- 50/373 [13.4%], loss=0.1699, dgw=0.1699, reg=0.0000, time=84.29s.
-- 75/373 [20.1%], loss=0.1691, dgw=0.1691, reg=0.0000, time=86.51s.
-- 100/373 [26.8%], loss=0.1659, dgw=0.1659, reg=0.0000, time=61.48s.
-- 125/373 [33.5%], loss=0.1666, dgw=0.1666, reg=0.0000, time=62.58s.
-- 150/373 [40.2%], loss=0.1727, dgw=0.1727, reg=0.0000, time=70.07s.
-- 175/373 [46.9%], loss=0.1709, dgw=0.1709, reg=0.0000, time=61.47s.
-- 200/373 [53.6%], loss=0.1747, dgw=0.1747, reg=0.0000, time=86.01s.
-- 225/373 [60.3%], loss=0.1649, dgw=0.1649, reg=0.0000, time=65.46s.
-- 250/373 [67.0%], loss=0.1633, dgw=0.1633, reg=0.0000, time=60.39s.
-- 275/373 [73.7%], loss=0.1610, dgw=0.1610, reg=0.0000, time=101.17s.
-- 300/373 [80.4%], loss=0.1804, dgw=0.1804, reg=0.0000, time=66.18s.
-- 325/373 [87.1%], loss=0.1626, dgw=0.1626, reg=0.0000, time=71.77s.
-- 350/373 [93.8%], loss=0.1762, dgw=0.1762, reg=0.0000, time=61.39s.
-- 373/373 [100.0%], loss=0.1760, dgw=0.1760, reg=0.0000, time=63.63s.
fit: Epoch 4/15, loss = 0.1695, best loss = 0.1695
results/tumblr_ct1_Our_Iter_usl_tsne_fit_4.pdf
-- 25/373 [6.7%], loss=0.1750, dgw=0.1750, reg=0.0000, time=71.36s.
-- 50/373 [13.4%], loss=0.1924, dgw=0.1924, reg=0.0000, time=85.09s.
-- 75/373 [20.1%], loss=0.1906, dgw=0.1906, reg=0.0000, time=89.26s.
-- 100/373 [26.8%], loss=0.1844, dgw=0.1844, reg=0.0000, time=71.84s.
-- 125/373 [33.5%], loss=0.1921, dgw=0.1921, reg=0.0000, time=50.12s.
-- 150/373 [40.2%], loss=0.1972, dgw=0.1972, reg=0.0000, time=52.56s.
-- 175/373 [46.9%], loss=0.2070, dgw=0.2070, reg=0.0000, time=65.17s.
-- 200/373 [53.6%], loss=0.2216, dgw=0.2216, reg=0.0000, time=69.67s.
-- 225/373 [60.3%], loss=0.2117, dgw=0.2117, reg=0.0000, time=68.98s.
-- 250/373 [67.0%], loss=0.2573, dgw=0.2573, reg=0.0000, time=80.05s.
-- 275/373 [73.7%], loss=0.2930, dgw=0.2930, reg=0.0000, time=74.91s.
-- 300/373 [80.4%], loss=0.3296, dgw=0.3296, reg=0.0000, time=88.94s.
-- 325/373 [87.1%], loss=0.3252, dgw=0.3252, reg=0.0000, time=87.21s.
-- 350/373 [93.8%], loss=0.3821, dgw=0.3821, reg=0.0000, time=82.13s.
-- 373/373 [100.0%], loss=0.4493, dgw=0.4493, reg=0.0000, time=69.75s.
fit: Epoch 5/15, loss = 0.2528, best loss = 0.1695
results/tumblr_ct1_Our_Iter_usl_tsne_fit_5.pdf
-- 25/373 [6.7%], loss=0.4362, dgw=0.4362, reg=0.0000, time=74.60s.
-- 50/373 [13.4%], loss=0.3999, dgw=0.3999, reg=0.0000, time=74.94s.
-- 75/373 [20.1%], loss=0.4276, dgw=0.4276, reg=0.0000, time=64.09s.
-- 100/373 [26.8%], loss=0.4088, dgw=0.4088, reg=0.0000, time=55.49s.
-- 125/373 [33.5%], loss=0.4129, dgw=0.4129, reg=0.0000, time=67.89s.
-- 150/373 [40.2%], loss=0.4568, dgw=0.4568, reg=0.0000, time=50.05s.
-- 175/373 [46.9%], loss=0.3855, dgw=0.3855, reg=0.0000, time=67.57s.
-- 200/373 [53.6%], loss=0.4435, dgw=0.4435, reg=0.0000, time=55.90s.
-- 225/373 [60.3%], loss=0.4433, dgw=0.4433, reg=0.0000, time=60.12s.
-- 250/373 [67.0%], loss=0.4769, dgw=0.4769, reg=0.0000, time=67.43s.
-- 275/373 [73.7%], loss=0.4030, dgw=0.4030, reg=0.0000, time=75.74s.
-- 300/373 [80.4%], loss=0.3942, dgw=0.3942, reg=0.0000, time=73.92s.
-- 325/373 [87.1%], loss=0.4211, dgw=0.4211, reg=0.0000, time=54.96s.
-- 350/373 [93.8%], loss=0.4556, dgw=0.4556, reg=0.0000, time=73.13s.
-- 373/373 [100.0%], loss=0.3898, dgw=0.3898, reg=0.0000, time=79.99s.
fit: Epoch 6/15, loss = 0.4238, best loss = 0.1695
results/tumblr_ct1_Our_Iter_usl_tsne_fit_6.pdf
-- 25/373 [6.7%], loss=0.3700, dgw=0.3700, reg=0.0000, time=42.88s.
-- 50/373 [13.4%], loss=0.4140, dgw=0.4140, reg=0.0000, time=62.75s.
-- 75/373 [20.1%], loss=0.3962, dgw=0.3962, reg=0.0000, time=55.51s.
-- 100/373 [26.8%], loss=0.3542, dgw=0.3542, reg=0.0000, time=84.32s.
-- 125/373 [33.5%], loss=0.3835, dgw=0.3835, reg=0.0000, time=49.13s.
-- 150/373 [40.2%], loss=0.3668, dgw=0.3668, reg=0.0000, time=58.00s.
-- 175/373 [46.9%], loss=0.3416, dgw=0.3416, reg=0.0000, time=65.22s.
-- 200/373 [53.6%], loss=0.2968, dgw=0.2968, reg=0.0000, time=62.95s.
-- 225/373 [60.3%], loss=0.2951, dgw=0.2951, reg=0.0000, time=75.07s.
-- 250/373 [67.0%], loss=0.3019, dgw=0.3019, reg=0.0000, time=62.34s.
-- 275/373 [73.7%], loss=0.2882, dgw=0.2882, reg=0.0000, time=69.94s.
-- 300/373 [80.4%], loss=0.2691, dgw=0.2691, reg=0.0000, time=66.90s.
-- 325/373 [87.1%], loss=0.2822, dgw=0.2822, reg=0.0000, time=70.15s.
-- 350/373 [93.8%], loss=0.2935, dgw=0.2935, reg=0.0000, time=67.13s.
-- 373/373 [100.0%], loss=0.2901, dgw=0.2901, reg=0.0000, time=51.21s.
fit: Epoch 7/15, loss = 0.3298, best loss = 0.1695
results/tumblr_ct1_Our_Iter_usl_tsne_fit_7.pdf
-- 25/373 [6.7%], loss=0.2953, dgw=0.2953, reg=0.0000, time=49.58s.
-- 50/373 [13.4%], loss=0.2795, dgw=0.2795, reg=0.0000, time=52.09s.
-- 75/373 [20.1%], loss=0.2810, dgw=0.2810, reg=0.0000, time=65.38s.
-- 100/373 [26.8%], loss=0.2752, dgw=0.2752, reg=0.0000, time=50.77s.
-- 125/373 [33.5%], loss=0.2837, dgw=0.2837, reg=0.0000, time=41.70s.
-- 150/373 [40.2%], loss=0.2848, dgw=0.2848, reg=0.0000, time=59.56s.
-- 175/373 [46.9%], loss=0.2888, dgw=0.2888, reg=0.0000, time=57.57s.
-- 200/373 [53.6%], loss=0.2802, dgw=0.2802, reg=0.0000, time=55.19s.
-- 225/373 [60.3%], loss=0.2760, dgw=0.2760, reg=0.0000, time=55.17s.
-- 250/373 [67.0%], loss=0.2703, dgw=0.2703, reg=0.0000, time=69.22s.
-- 275/373 [73.7%], loss=0.2682, dgw=0.2682, reg=0.0000, time=59.67s.
-- 300/373 [80.4%], loss=0.3109, dgw=0.3109, reg=0.0000, time=46.79s.
-- 325/373 [87.1%], loss=0.2490, dgw=0.2490, reg=0.0000, time=58.67s.
-- 350/373 [93.8%], loss=0.2546, dgw=0.2546, reg=0.0000, time=59.58s.
-- 373/373 [100.0%], loss=0.2617, dgw=0.2617, reg=0.0000, time=40.98s.
fit: Epoch 8/15, loss = 0.2774, best loss = 0.1695
results/tumblr_ct1_Our_Iter_usl_tsne_fit_8.pdf
-- 25/373 [6.7%], loss=0.2401, dgw=0.2401, reg=0.0000, time=59.01s.
-- 50/373 [13.4%], loss=0.2739, dgw=0.2739, reg=0.0000, time=50.94s.
-- 75/373 [20.1%], loss=0.2183, dgw=0.2183, reg=0.0000, time=68.26s.
-- 100/373 [26.8%], loss=0.2617, dgw=0.2617, reg=0.0000, time=57.84s.
-- 125/373 [33.5%], loss=0.2559, dgw=0.2559, reg=0.0000, time=64.85s.
-- 150/373 [40.2%], loss=0.2294, dgw=0.2294, reg=0.0000, time=47.44s.
-- 175/373 [46.9%], loss=0.2487, dgw=0.2487, reg=0.0000, time=43.60s.
-- 200/373 [53.6%], loss=0.2516, dgw=0.2516, reg=0.0000, time=40.08s.
-- 225/373 [60.3%], loss=0.2187, dgw=0.2187, reg=0.0000, time=48.62s.
-- 250/373 [67.0%], loss=0.2063, dgw=0.2063, reg=0.0000, time=49.28s.
-- 275/373 [73.7%], loss=0.2297, dgw=0.2297, reg=0.0000, time=60.53s.
-- 300/373 [80.4%], loss=0.1970, dgw=0.1970, reg=0.0000, time=68.79s.
-- 325/373 [87.1%], loss=0.2019, dgw=0.2019, reg=0.0000, time=60.59s.
-- 350/373 [93.8%], loss=0.1943, dgw=0.1943, reg=0.0000, time=62.08s.
-- 373/373 [100.0%], loss=0.2006, dgw=0.2006, reg=0.0000, time=56.93s.
fit: Epoch 9/15, loss = 0.2287, best loss = 0.1695
results/tumblr_ct1_Our_Iter_usl_tsne_fit_9.pdf
-- 25/373 [6.7%], loss=0.2010, dgw=0.2010, reg=0.0000, time=59.20s.
-- 50/373 [13.4%], loss=0.1793, dgw=0.1793, reg=0.0000, time=47.60s.
-- 75/373 [20.1%], loss=0.2068, dgw=0.2068, reg=0.0000, time=50.27s.
-- 100/373 [26.8%], loss=0.1875, dgw=0.1875, reg=0.0000, time=49.56s.
-- 125/373 [33.5%], loss=0.1704, dgw=0.1704, reg=0.0000, time=61.69s.
-- 150/373 [40.2%], loss=0.1498, dgw=0.1498, reg=0.0000, time=43.02s.
-- 175/373 [46.9%], loss=0.1584, dgw=0.1584, reg=0.0000, time=51.60s.
-- 200/373 [53.6%], loss=0.1386, dgw=0.1386, reg=0.0000, time=38.55s.
-- 225/373 [60.3%], loss=0.1553, dgw=0.1553, reg=0.0000, time=52.14s.
-- 250/373 [67.0%], loss=0.1301, dgw=0.1301, reg=0.0000, time=39.52s.
-- 275/373 [73.7%], loss=0.1307, dgw=0.1307, reg=0.0000, time=43.76s.
-- 300/373 [80.4%], loss=0.1329, dgw=0.1329, reg=0.0000, time=57.08s.
-- 325/373 [87.1%], loss=0.1233, dgw=0.1233, reg=0.0000, time=49.33s.
-- 350/373 [93.8%], loss=0.1125, dgw=0.1125, reg=0.0000, time=75.66s.
-- 373/373 [100.0%], loss=0.1237, dgw=0.1237, reg=0.0000, time=46.16s.
fit: Epoch 10/15, loss = 0.1535, best loss = 0.1535
results/tumblr_ct1_Our_Iter_usl_tsne_fit_10.pdf
-- 25/373 [6.7%], loss=0.1247, dgw=0.1247, reg=0.0000, time=50.20s.
-- 50/373 [13.4%], loss=0.1150, dgw=0.1150, reg=0.0000, time=49.62s.
-- 75/373 [20.1%], loss=0.1208, dgw=0.1208, reg=0.0000, time=52.59s.
-- 100/373 [26.8%], loss=0.1231, dgw=0.1231, reg=0.0000, time=41.92s.
-- 125/373 [33.5%], loss=0.1092, dgw=0.1092, reg=0.0000, time=53.24s.
-- 150/373 [40.2%], loss=0.1053, dgw=0.1053, reg=0.0000, time=52.68s.
-- 175/373 [46.9%], loss=0.1017, dgw=0.1017, reg=0.0000, time=28.78s.
-- 200/373 [53.6%], loss=0.1136, dgw=0.1136, reg=0.0000, time=38.85s.
-- 225/373 [60.3%], loss=0.1226, dgw=0.1226, reg=0.0000, time=37.23s.
-- 250/373 [67.0%], loss=0.0875, dgw=0.0875, reg=0.0000, time=48.17s.
-- 275/373 [73.7%], loss=0.1191, dgw=0.1191, reg=0.0000, time=45.07s.
-- 300/373 [80.4%], loss=0.1073, dgw=0.1073, reg=0.0000, time=44.97s.
-- 325/373 [87.1%], loss=0.1067, dgw=0.1067, reg=0.0000, time=58.11s.
-- 350/373 [93.8%], loss=0.1048, dgw=0.1048, reg=0.0000, time=58.56s.
-- 373/373 [100.0%], loss=0.1052, dgw=0.1052, reg=0.0000, time=50.41s.
fit: Epoch 11/15, loss = 0.1111, best loss = 0.1111
results/tumblr_ct1_Our_Iter_usl_tsne_fit_11.pdf
-- 25/373 [6.7%], loss=0.1143, dgw=0.1143, reg=0.0000, time=53.20s.
-- 50/373 [13.4%], loss=0.1042, dgw=0.1042, reg=0.0000, time=63.25s.
-- 75/373 [20.1%], loss=0.1053, dgw=0.1053, reg=0.0000, time=40.58s.
-- 100/373 [26.8%], loss=0.1019, dgw=0.1019, reg=0.0000, time=51.09s.
-- 125/373 [33.5%], loss=0.1057, dgw=0.1057, reg=0.0000, time=53.31s.
-- 150/373 [40.2%], loss=0.0947, dgw=0.0947, reg=0.0000, time=55.20s.
-- 175/373 [46.9%], loss=0.1032, dgw=0.1032, reg=0.0000, time=48.99s.
-- 200/373 [53.6%], loss=0.1069, dgw=0.1069, reg=0.0000, time=48.29s.
-- 225/373 [60.3%], loss=0.1022, dgw=0.1022, reg=0.0000, time=64.87s.
-- 250/373 [67.0%], loss=0.0932, dgw=0.0932, reg=0.0000, time=35.76s.
-- 275/373 [73.7%], loss=0.0866, dgw=0.0866, reg=0.0000, time=44.87s.
-- 300/373 [80.4%], loss=0.0941, dgw=0.0941, reg=0.0000, time=44.10s.
-- 325/373 [87.1%], loss=0.1100, dgw=0.1100, reg=0.0000, time=40.66s.
-- 350/373 [93.8%], loss=0.0936, dgw=0.0936, reg=0.0000, time=55.85s.
-- 373/373 [100.0%], loss=0.1097, dgw=0.1097, reg=0.0000, time=40.89s.
fit: Epoch 12/15, loss = 0.1017, best loss = 0.1017
results/tumblr_ct1_Our_Iter_usl_tsne_fit_12.pdf
-- 25/373 [6.7%], loss=0.0937, dgw=0.0937, reg=0.0000, time=38.57s.
-- 50/373 [13.4%], loss=0.0837, dgw=0.0837, reg=0.0000, time=28.89s.
-- 75/373 [20.1%], loss=0.0855, dgw=0.0855, reg=0.0000, time=51.76s.
-- 100/373 [26.8%], loss=0.0853, dgw=0.0853, reg=0.0000, time=38.02s.
-- 125/373 [33.5%], loss=0.0815, dgw=0.0815, reg=0.0000, time=43.01s.
-- 150/373 [40.2%], loss=0.0799, dgw=0.0799, reg=0.0000, time=37.45s.
-- 175/373 [46.9%], loss=0.0728, dgw=0.0728, reg=0.0000, time=33.79s.
-- 200/373 [53.6%], loss=0.0749, dgw=0.0749, reg=0.0000, time=31.77s.
-- 225/373 [60.3%], loss=0.0703, dgw=0.0703, reg=0.0000, time=38.34s.
-- 250/373 [67.0%], loss=0.0744, dgw=0.0744, reg=0.0000, time=48.37s.
-- 275/373 [73.7%], loss=0.0718, dgw=0.0718, reg=0.0000, time=46.36s.
-- 300/373 [80.4%], loss=0.0802, dgw=0.0802, reg=0.0000, time=53.83s.
-- 325/373 [87.1%], loss=0.0695, dgw=0.0695, reg=0.0000, time=40.86s.
-- 350/373 [93.8%], loss=0.0778, dgw=0.0778, reg=0.0000, time=43.08s.
-- 373/373 [100.0%], loss=0.0763, dgw=0.0763, reg=0.0000, time=42.00s.
fit: Epoch 13/15, loss = 0.0785, best loss = 0.0785
results/tumblr_ct1_Our_Iter_usl_tsne_fit_13.pdf
-- 25/373 [6.7%], loss=0.0685, dgw=0.0685, reg=0.0000, time=30.71s.
-- 50/373 [13.4%], loss=0.0757, dgw=0.0757, reg=0.0000, time=58.77s.
-- 75/373 [20.1%], loss=0.0680, dgw=0.0680, reg=0.0000, time=47.89s.
-- 100/373 [26.8%], loss=0.0658, dgw=0.0658, reg=0.0000, time=47.83s.
-- 125/373 [33.5%], loss=0.0697, dgw=0.0697, reg=0.0000, time=28.82s.
-- 150/373 [40.2%], loss=0.0670, dgw=0.0670, reg=0.0000, time=26.93s.
-- 175/373 [46.9%], loss=0.0657, dgw=0.0657, reg=0.0000, time=44.03s.
-- 200/373 [53.6%], loss=0.0724, dgw=0.0724, reg=0.0000, time=39.45s.
-- 225/373 [60.3%], loss=0.0653, dgw=0.0653, reg=0.0000, time=56.50s.
-- 250/373 [67.0%], loss=0.0706, dgw=0.0706, reg=0.0000, time=30.21s.
-- 275/373 [73.7%], loss=0.0740, dgw=0.0740, reg=0.0000, time=35.84s.
-- 300/373 [80.4%], loss=0.0617, dgw=0.0617, reg=0.0000, time=46.95s.
-- 325/373 [87.1%], loss=0.0664, dgw=0.0664, reg=0.0000, time=33.56s.
-- 350/373 [93.8%], loss=0.0681, dgw=0.0681, reg=0.0000, time=45.92s.
-- 373/373 [100.0%], loss=0.0687, dgw=0.0687, reg=0.0000, time=45.82s.
fit: Epoch 14/15, loss = 0.0685, best loss = 0.0685
results/tumblr_ct1_Our_Iter_usl_tsne_fit_14.pdf
-- 25/373 [6.7%], loss=0.0664, dgw=0.0664, reg=0.0000, time=52.85s.
-- 50/373 [13.4%], loss=0.0671, dgw=0.0671, reg=0.0000, time=53.88s.
-- 75/373 [20.1%], loss=0.0627, dgw=0.0627, reg=0.0000, time=43.71s.
-- 100/373 [26.8%], loss=0.0654, dgw=0.0654, reg=0.0000, time=34.47s.
-- 125/373 [33.5%], loss=0.0685, dgw=0.0685, reg=0.0000, time=38.28s.
-- 150/373 [40.2%], loss=0.0682, dgw=0.0682, reg=0.0000, time=35.18s.
-- 175/373 [46.9%], loss=0.0628, dgw=0.0628, reg=0.0000, time=37.83s.
-- 200/373 [53.6%], loss=0.0662, dgw=0.0662, reg=0.0000, time=53.49s.
-- 225/373 [60.3%], loss=0.0612, dgw=0.0612, reg=0.0000, time=54.15s.
-- 250/373 [67.0%], loss=0.0629, dgw=0.0629, reg=0.0000, time=41.62s.
-- 275/373 [73.7%], loss=0.0586, dgw=0.0586, reg=0.0000, time=58.43s.
-- 300/373 [80.4%], loss=0.0603, dgw=0.0603, reg=0.0000, time=45.34s.
-- 325/373 [87.1%], loss=0.0581, dgw=0.0581, reg=0.0000, time=52.04s.
-- 350/373 [93.8%], loss=0.0642, dgw=0.0642, reg=0.0000, time=57.87s.
-- 373/373 [100.0%], loss=0.0624, dgw=0.0624, reg=0.0000, time=48.25s.
fit: Epoch 15/15, loss = 0.0637, best loss = 0.0637
results/tumblr_ct1_Our_Iter_usl_tsne_fit_15.pdf
Best Acc  : 0.5013404825737265
Rand Score: 0.49865951742627346
Done!
