-- 25/373 [6.7%], loss=0.2536, dgw=0.2536, reg=0.0000, time=147.31s.
-- 50/373 [13.4%], loss=0.2522, dgw=0.2522, reg=0.0000, time=335.62s.
-- 75/373 [20.1%], loss=0.2498, dgw=0.2498, reg=0.0000, time=310.26s.
-- 100/373 [26.8%], loss=0.2476, dgw=0.2476, reg=0.0000, time=265.37s.
-- 125/373 [33.5%], loss=0.2451, dgw=0.2451, reg=0.0000, time=236.72s.
-- 150/373 [40.2%], loss=0.2438, dgw=0.2438, reg=0.0000, time=338.76s.
-- 175/373 [46.9%], loss=0.2409, dgw=0.2409, reg=0.0000, time=274.19s.
-- 200/373 [53.6%], loss=0.2385, dgw=0.2385, reg=0.0000, time=297.50s.
-- 225/373 [60.3%], loss=0.2364, dgw=0.2364, reg=0.0000, time=287.27s.
-- 250/373 [67.0%], loss=0.2348, dgw=0.2348, reg=0.0000, time=361.78s.
-- 275/373 [73.7%], loss=0.2321, dgw=0.2321, reg=0.0000, time=389.97s.
-- 300/373 [80.4%], loss=0.2370, dgw=0.2370, reg=0.0000, time=351.02s.
-- 325/373 [87.1%], loss=0.2433, dgw=0.2433, reg=0.0000, time=316.35s.
-- 350/373 [93.8%], loss=0.2328, dgw=0.2328, reg=0.0000, time=348.05s.
-- 373/373 [100.0%], loss=0.2245, dgw=0.2245, reg=0.0000, time=261.49s.
fit: Epoch 1/15, loss = 0.2409, best loss = 0.2409
results/tumblr_ct1_Original_usl_tsne_fit_1.pdf
-- 25/373 [6.7%], loss=0.2296, dgw=0.2296, reg=0.0000, time=304.90s.
-- 50/373 [13.4%], loss=0.2422, dgw=0.2422, reg=0.0000, time=299.37s.
-- 75/373 [20.1%], loss=0.2181, dgw=0.2181, reg=0.0000, time=340.99s.
-- 100/373 [26.8%], loss=0.2356, dgw=0.2356, reg=0.0000, time=287.27s.
-- 125/373 [33.5%], loss=0.2795, dgw=0.2795, reg=0.0000, time=282.72s.
-- 150/373 [40.2%], loss=0.3338, dgw=0.3338, reg=0.0000, time=340.20s.
-- 175/373 [46.9%], loss=0.2622, dgw=0.2622, reg=0.0000, time=282.25s.
-- 200/373 [53.6%], loss=0.2476, dgw=0.2476, reg=0.0000, time=299.24s.
-- 225/373 [60.3%], loss=0.2908, dgw=0.2908, reg=0.0000, time=271.47s.
-- 250/373 [67.0%], loss=0.2290, dgw=0.2290, reg=0.0000, time=280.43s.
-- 275/373 [73.7%], loss=0.2521, dgw=0.2521, reg=0.0000, time=319.96s.
-- 300/373 [80.4%], loss=0.2354, dgw=0.2354, reg=0.0000, time=259.37s.
-- 325/373 [87.1%], loss=0.2632, dgw=0.2632, reg=0.0000, time=211.89s.
-- 350/373 [93.8%], loss=0.2315, dgw=0.2315, reg=0.0000, time=236.21s.
-- 373/373 [100.0%], loss=0.2262, dgw=0.2262, reg=0.0000, time=197.48s.
fit: Epoch 2/15, loss = 0.2519, best loss = 0.2409
results/tumblr_ct1_Original_usl_tsne_fit_2.pdf
-- 25/373 [6.7%], loss=0.2631, dgw=0.2631, reg=0.0000, time=187.23s.
-- 50/373 [13.4%], loss=0.2355, dgw=0.2355, reg=0.0000, time=249.55s.
-- 75/373 [20.1%], loss=0.2669, dgw=0.2669, reg=0.0000, time=226.61s.
-- 100/373 [26.8%], loss=0.2490, dgw=0.2490, reg=0.0000, time=249.74s.
-- 125/373 [33.5%], loss=0.2456, dgw=0.2456, reg=0.0000, time=298.98s.
-- 150/373 [40.2%], loss=0.3029, dgw=0.3029, reg=0.0000, time=210.40s.
-- 175/373 [46.9%], loss=0.2663, dgw=0.2663, reg=0.0000, time=222.46s.
-- 200/373 [53.6%], loss=0.2898, dgw=0.2898, reg=0.0000, time=208.23s.
-- 225/373 [60.3%], loss=0.2425, dgw=0.2425, reg=0.0000, time=197.95s.
-- 250/373 [67.0%], loss=0.2223, dgw=0.2223, reg=0.0000, time=162.35s.
-- 275/373 [73.7%], loss=0.2185, dgw=0.2185, reg=0.0000, time=173.12s.
-- 300/373 [80.4%], loss=0.2116, dgw=0.2116, reg=0.0000, time=180.18s.
-- 325/373 [87.1%], loss=0.3021, dgw=0.3021, reg=0.0000, time=185.40s.
-- 350/373 [93.8%], loss=0.2198, dgw=0.2198, reg=0.0000, time=161.76s.
-- 373/373 [100.0%], loss=0.2661, dgw=0.2661, reg=0.0000, time=152.59s.
fit: Epoch 3/15, loss = 0.2534, best loss = 0.2409
results/tumblr_ct1_Original_usl_tsne_fit_3.pdf
-- 25/373 [6.7%], loss=0.2152, dgw=0.2152, reg=0.0000, time=161.56s.
-- 50/373 [13.4%], loss=0.2715, dgw=0.2715, reg=0.0000, time=137.25s.
-- 75/373 [20.1%], loss=0.2363, dgw=0.2363, reg=0.0000, time=153.77s.
-- 100/373 [26.8%], loss=0.2193, dgw=0.2193, reg=0.0000, time=173.77s.
-- 125/373 [33.5%], loss=0.1719, dgw=0.1719, reg=0.0000, time=158.71s.
-- 150/373 [40.2%], loss=0.1964, dgw=0.1964, reg=0.0000, time=175.13s.
-- 175/373 [46.9%], loss=0.2235, dgw=0.2235, reg=0.0000, time=152.56s.
-- 200/373 [53.6%], loss=0.1786, dgw=0.1786, reg=0.0000, time=128.99s.
-- 225/373 [60.3%], loss=0.1930, dgw=0.1930, reg=0.0000, time=157.67s.
-- 250/373 [67.0%], loss=0.1670, dgw=0.1670, reg=0.0000, time=178.49s.
-- 275/373 [73.7%], loss=0.1526, dgw=0.1526, reg=0.0000, time=151.31s.
-- 300/373 [80.4%], loss=0.1951, dgw=0.1951, reg=0.0000, time=138.93s.
-- 325/373 [87.1%], loss=0.1671, dgw=0.1671, reg=0.0000, time=184.85s.
-- 350/373 [93.8%], loss=0.1604, dgw=0.1604, reg=0.0000, time=190.39s.
-- 373/373 [100.0%], loss=0.1468, dgw=0.1468, reg=0.0000, time=110.23s.
fit: Epoch 4/15, loss = 0.1932, best loss = 0.1932
results/tumblr_ct1_Original_usl_tsne_fit_4.pdf
-- 25/373 [6.7%], loss=0.1636, dgw=0.1636, reg=0.0000, time=147.21s.
-- 50/373 [13.4%], loss=0.1575, dgw=0.1575, reg=0.0000, time=182.17s.
-- 75/373 [20.1%], loss=0.1513, dgw=0.1513, reg=0.0000, time=133.52s.
-- 100/373 [26.8%], loss=0.1399, dgw=0.1399, reg=0.0000, time=116.68s.
-- 125/373 [33.5%], loss=0.1412, dgw=0.1412, reg=0.0000, time=134.86s.
-- 150/373 [40.2%], loss=0.1377, dgw=0.1377, reg=0.0000, time=135.20s.
-- 175/373 [46.9%], loss=0.1423, dgw=0.1423, reg=0.0000, time=108.28s.
-- 200/373 [53.6%], loss=0.2093, dgw=0.2093, reg=0.0000, time=95.32s.
-- 225/373 [60.3%], loss=0.1349, dgw=0.1349, reg=0.0000, time=93.94s.
-- 250/373 [67.0%], loss=0.1391, dgw=0.1391, reg=0.0000, time=90.96s.
-- 275/373 [73.7%], loss=0.1417, dgw=0.1417, reg=0.0000, time=64.97s.
-- 300/373 [80.4%], loss=0.1305, dgw=0.1305, reg=0.0000, time=86.59s.
-- 325/373 [87.1%], loss=0.1300, dgw=0.1300, reg=0.0000, time=81.72s.
-- 350/373 [93.8%], loss=0.1467, dgw=0.1467, reg=0.0000, time=83.81s.
-- 373/373 [100.0%], loss=0.1280, dgw=0.1280, reg=0.0000, time=84.30s.
fit: Epoch 5/15, loss = 0.1463, best loss = 0.1463
results/tumblr_ct1_Original_usl_tsne_fit_5.pdf
-- 25/373 [6.7%], loss=0.1322, dgw=0.1322, reg=0.0000, time=106.36s.
-- 50/373 [13.4%], loss=0.1698, dgw=0.1698, reg=0.0000, time=89.01s.
-- 75/373 [20.1%], loss=0.1604, dgw=0.1604, reg=0.0000, time=96.77s.
-- 100/373 [26.8%], loss=0.1436, dgw=0.1436, reg=0.0000, time=86.01s.
-- 125/373 [33.5%], loss=0.1645, dgw=0.1645, reg=0.0000, time=80.97s.
-- 150/373 [40.2%], loss=0.1395, dgw=0.1395, reg=0.0000, time=71.46s.
-- 175/373 [46.9%], loss=0.1512, dgw=0.1512, reg=0.0000, time=91.85s.
-- 200/373 [53.6%], loss=0.1769, dgw=0.1769, reg=0.0000, time=99.67s.
-- 225/373 [60.3%], loss=0.1347, dgw=0.1347, reg=0.0000, time=116.55s.
-- 250/373 [67.0%], loss=0.1280, dgw=0.1280, reg=0.0000, time=113.75s.
-- 275/373 [73.7%], loss=0.1925, dgw=0.1925, reg=0.0000, time=77.02s.
-- 300/373 [80.4%], loss=0.2026, dgw=0.2026, reg=0.0000, time=92.44s.
-- 325/373 [87.1%], loss=0.2477, dgw=0.2477, reg=0.0000, time=59.48s.
-- 350/373 [93.8%], loss=0.2261, dgw=0.2261, reg=0.0000, time=68.65s.
-- 373/373 [100.0%], loss=0.3092, dgw=0.3092, reg=0.0000, time=84.97s.
fit: Epoch 6/15, loss = 0.1779, best loss = 0.1463
results/tumblr_ct1_Original_usl_tsne_fit_6.pdf
-- 25/373 [6.7%], loss=0.2370, dgw=0.2370, reg=0.0000, time=189.62s.
-- 50/373 [13.4%], loss=0.3383, dgw=0.3383, reg=0.0000, time=372.53s.
-- 75/373 [20.1%], loss=0.3873, dgw=0.3873, reg=0.0000, time=349.31s.
-- 100/373 [26.8%], loss=0.4459, dgw=0.4459, reg=0.0000, time=375.10s.
-- 125/373 [33.5%], loss=0.5076, dgw=0.5076, reg=0.0000, time=369.76s.
-- 150/373 [40.2%], loss=0.5408, dgw=0.5408, reg=0.0000, time=374.15s.
-- 175/373 [46.9%], loss=0.6494, dgw=0.6494, reg=0.0000, time=402.86s.
-- 200/373 [53.6%], loss=0.5651, dgw=0.5651, reg=0.0000, time=295.91s.
-- 225/373 [60.3%], loss=0.7129, dgw=0.7129, reg=0.0000, time=288.74s.
-- 250/373 [67.0%], loss=0.7908, dgw=0.7908, reg=0.0000, time=389.57s.
-- 275/373 [73.7%], loss=0.8452, dgw=0.8452, reg=0.0000, time=394.92s.
-- 300/373 [80.4%], loss=0.8405, dgw=0.8405, reg=0.0000, time=366.17s.
-- 325/373 [87.1%], loss=0.7749, dgw=0.7749, reg=0.0000, time=358.64s.
-- 350/373 [93.8%], loss=0.9702, dgw=0.9702, reg=0.0000, time=371.57s.
-- 373/373 [100.0%], loss=0.9549, dgw=0.9549, reg=0.0000, time=505.07s.
fit: Epoch 7/15, loss = 0.6357, best loss = 0.1463
results/tumblr_ct1_Original_usl_tsne_fit_7.pdf
-- 25/373 [6.7%], loss=0.8306, dgw=0.8306, reg=0.0000, time=351.27s.
-- 50/373 [13.4%], loss=1.0099, dgw=1.0099, reg=0.0000, time=354.26s.
-- 75/373 [20.1%], loss=0.9600, dgw=0.9600, reg=0.0000, time=385.75s.
-- 100/373 [26.8%], loss=0.9366, dgw=0.9366, reg=0.0000, time=445.62s.
-- 125/373 [33.5%], loss=0.9682, dgw=0.9682, reg=0.0000, time=396.31s.
-- 150/373 [40.2%], loss=0.9770, dgw=0.9770, reg=0.0000, time=449.64s.
-- 175/373 [46.9%], loss=0.9695, dgw=0.9695, reg=0.0000, time=507.65s.
-- 200/373 [53.6%], loss=0.9763, dgw=0.9763, reg=0.0000, time=402.45s.
-- 225/373 [60.3%], loss=0.9948, dgw=0.9948, reg=0.0000, time=281.34s.
-- 250/373 [67.0%], loss=0.9543, dgw=0.9543, reg=0.0000, time=332.81s.
-- 275/373 [73.7%], loss=0.9564, dgw=0.9564, reg=0.0000, time=402.21s.
-- 300/373 [80.4%], loss=0.9864, dgw=0.9864, reg=0.0000, time=314.22s.
-- 325/373 [87.1%], loss=0.9355, dgw=0.9355, reg=0.0000, time=296.32s.
-- 350/373 [93.8%], loss=0.9491, dgw=0.9491, reg=0.0000, time=297.60s.
-- 373/373 [100.0%], loss=0.9336, dgw=0.9336, reg=0.0000, time=299.99s.
fit: Epoch 8/15, loss = 0.9560, best loss = 0.1463
results/tumblr_ct1_Original_usl_tsne_fit_8.pdf
-- 25/373 [6.7%], loss=0.9662, dgw=0.9662, reg=0.0000, time=293.57s.
-- 50/373 [13.4%], loss=0.9652, dgw=0.9652, reg=0.0000, time=281.13s.
-- 75/373 [20.1%], loss=0.9822, dgw=0.9822, reg=0.0000, time=399.24s.
-- 100/373 [26.8%], loss=0.9207, dgw=0.9207, reg=0.0000, time=535.22s.
-- 125/373 [33.5%], loss=0.9650, dgw=0.9650, reg=0.0000, time=336.75s.
-- 150/373 [40.2%], loss=0.9754, dgw=0.9754, reg=0.0000, time=212.97s.
-- 175/373 [46.9%], loss=0.9736, dgw=0.9736, reg=0.0000, time=281.31s.
-- 200/373 [53.6%], loss=0.9242, dgw=0.9242, reg=0.0000, time=181.24s.
-- 225/373 [60.3%], loss=0.9478, dgw=0.9478, reg=0.0000, time=310.09s.
-- 250/373 [67.0%], loss=0.9808, dgw=0.9808, reg=0.0000, time=281.29s.
-- 275/373 [73.7%], loss=0.9868, dgw=0.9868, reg=0.0000, time=225.10s.
-- 300/373 [80.4%], loss=0.9858, dgw=0.9858, reg=0.0000, time=239.46s.
-- 325/373 [87.1%], loss=0.9872, dgw=0.9872, reg=0.0000, time=188.78s.
-- 350/373 [93.8%], loss=0.9888, dgw=0.9888, reg=0.0000, time=182.84s.
-- 373/373 [100.0%], loss=0.9908, dgw=0.9908, reg=0.0000, time=166.38s.
fit: Epoch 9/15, loss = 0.9693, best loss = 0.1463
results/tumblr_ct1_Original_usl_tsne_fit_9.pdf
-- 25/373 [6.7%], loss=0.9736, dgw=0.9736, reg=0.0000, time=232.24s.
-- 50/373 [13.4%], loss=0.9856, dgw=0.9856, reg=0.0000, time=274.93s.
-- 75/373 [20.1%], loss=0.9896, dgw=0.9896, reg=0.0000, time=201.97s.
-- 100/373 [26.8%], loss=0.9696, dgw=0.9696, reg=0.0000, time=232.33s.
-- 125/373 [33.5%], loss=0.9826, dgw=0.9826, reg=0.0000, time=187.63s.
-- 150/373 [40.2%], loss=0.9835, dgw=0.9835, reg=0.0000, time=251.10s.
-- 175/373 [46.9%], loss=1.0026, dgw=1.0026, reg=0.0000, time=258.85s.
-- 200/373 [53.6%], loss=0.9903, dgw=0.9903, reg=0.0000, time=264.44s.
-- 225/373 [60.3%], loss=0.9909, dgw=0.9909, reg=0.0000, time=341.18s.
-- 250/373 [67.0%], loss=0.9849, dgw=0.9849, reg=0.0000, time=241.32s.
-- 275/373 [73.7%], loss=0.9790, dgw=0.9790, reg=0.0000, time=181.83s.
-- 300/373 [80.4%], loss=0.9785, dgw=0.9785, reg=0.0000, time=248.63s.
-- 325/373 [87.1%], loss=0.9755, dgw=0.9755, reg=0.0000, time=181.36s.
-- 350/373 [93.8%], loss=0.9930, dgw=0.9930, reg=0.0000, time=249.57s.
-- 373/373 [100.0%], loss=1.0053, dgw=1.0053, reg=0.0000, time=227.19s.
fit: Epoch 10/15, loss = 0.9855, best loss = 0.1463
results/tumblr_ct1_Original_usl_tsne_fit_10.pdf
-- 25/373 [6.7%], loss=0.9736, dgw=0.9736, reg=0.0000, time=155.91s.
-- 50/373 [13.4%], loss=0.9938, dgw=0.9938, reg=0.0000, time=142.61s.
-- 75/373 [20.1%], loss=0.9935, dgw=0.9935, reg=0.0000, time=165.70s.
-- 100/373 [26.8%], loss=1.0004, dgw=1.0004, reg=0.0000, time=149.99s.
-- 125/373 [33.5%], loss=0.9938, dgw=0.9938, reg=0.0000, time=144.30s.
-- 150/373 [40.2%], loss=0.9992, dgw=0.9992, reg=0.0000, time=149.53s.
-- 175/373 [46.9%], loss=0.9827, dgw=0.9827, reg=0.0000, time=159.54s.
-- 200/373 [53.6%], loss=0.9967, dgw=0.9967, reg=0.0000, time=214.36s.
-- 225/373 [60.3%], loss=0.9820, dgw=0.9820, reg=0.0000, time=205.26s.
-- 250/373 [67.0%], loss=0.9891, dgw=0.9891, reg=0.0000, time=162.83s.
-- 275/373 [73.7%], loss=0.9961, dgw=0.9961, reg=0.0000, time=156.38s.
-- 300/373 [80.4%], loss=0.9673, dgw=0.9673, reg=0.0000, time=142.21s.
-- 325/373 [87.1%], loss=0.9965, dgw=0.9965, reg=0.0000, time=120.30s.
-- 350/373 [93.8%], loss=0.9981, dgw=0.9981, reg=0.0000, time=184.12s.
-- 373/373 [100.0%], loss=0.9982, dgw=0.9982, reg=0.0000, time=182.80s.
fit: Epoch 11/15, loss = 0.9907, best loss = 0.1463
results/tumblr_ct1_Original_usl_tsne_fit_11.pdf
-- 25/373 [6.7%], loss=0.9930, dgw=0.9930, reg=0.0000, time=173.51s.
-- 50/373 [13.4%], loss=0.9967, dgw=0.9967, reg=0.0000, time=220.86s.
-- 75/373 [20.1%], loss=0.9968, dgw=0.9968, reg=0.0000, time=230.98s.
-- 100/373 [26.8%], loss=0.9971, dgw=0.9971, reg=0.0000, time=224.65s.
-- 125/373 [33.5%], loss=0.9735, dgw=0.9735, reg=0.0000, time=245.61s.
-- 150/373 [40.2%], loss=0.9934, dgw=0.9934, reg=0.0000, time=187.14s.
-- 175/373 [46.9%], loss=0.9951, dgw=0.9951, reg=0.0000, time=184.47s.
-- 200/373 [53.6%], loss=0.9810, dgw=0.9810, reg=0.0000, time=166.98s.
-- 225/373 [60.3%], loss=0.9927, dgw=0.9927, reg=0.0000, time=162.68s.
-- 250/373 [67.0%], loss=0.9972, dgw=0.9972, reg=0.0000, time=140.50s.
-- 275/373 [73.7%], loss=0.9690, dgw=0.9690, reg=0.0000, time=128.28s.
-- 300/373 [80.4%], loss=0.9910, dgw=0.9910, reg=0.0000, time=120.82s.
-- 325/373 [87.1%], loss=0.9907, dgw=0.9907, reg=0.0000, time=114.93s.
-- 350/373 [93.8%], loss=0.9814, dgw=0.9814, reg=0.0000, time=117.65s.
-- 373/373 [100.0%], loss=0.9901, dgw=0.9901, reg=0.0000, time=94.61s.
fit: Epoch 12/15, loss = 0.9892, best loss = 0.1463
results/tumblr_ct1_Original_usl_tsne_fit_12.pdf
-- 25/373 [6.7%], loss=0.9917, dgw=0.9917, reg=0.0000, time=108.71s.
-- 50/373 [13.4%], loss=0.9902, dgw=0.9902, reg=0.0000, time=126.82s.
-- 75/373 [20.1%], loss=0.9821, dgw=0.9821, reg=0.0000, time=172.07s.
-- 100/373 [26.8%], loss=0.9878, dgw=0.9878, reg=0.0000, time=222.80s.
-- 125/373 [33.5%], loss=0.9730, dgw=0.9730, reg=0.0000, time=167.67s.
-- 150/373 [40.2%], loss=0.9776, dgw=0.9776, reg=0.0000, time=132.99s.
-- 175/373 [46.9%], loss=0.9899, dgw=0.9899, reg=0.0000, time=122.99s.
-- 200/373 [53.6%], loss=0.9711, dgw=0.9711, reg=0.0000, time=94.01s.
-- 225/373 [60.3%], loss=0.9855, dgw=0.9855, reg=0.0000, time=100.66s.
-- 250/373 [67.0%], loss=0.9757, dgw=0.9757, reg=0.0000, time=146.79s.
-- 275/373 [73.7%], loss=0.9691, dgw=0.9691, reg=0.0000, time=231.99s.
-- 300/373 [80.4%], loss=0.9860, dgw=0.9860, reg=0.0000, time=166.54s.
-- 325/373 [87.1%], loss=0.9727, dgw=0.9727, reg=0.0000, time=148.14s.
-- 350/373 [93.8%], loss=0.9535, dgw=0.9535, reg=0.0000, time=105.83s.
-- 373/373 [100.0%], loss=0.9487, dgw=0.9487, reg=0.0000, time=104.57s.
fit: Epoch 13/15, loss = 0.9771, best loss = 0.1463
results/tumblr_ct1_Original_usl_tsne_fit_13.pdf
-- 25/373 [6.7%], loss=0.9840, dgw=0.9840, reg=0.0000, time=85.24s.
-- 50/373 [13.4%], loss=0.9785, dgw=0.9785, reg=0.0000, time=108.11s.
-- 75/373 [20.1%], loss=0.9527, dgw=0.9527, reg=0.0000, time=74.85s.
-- 100/373 [26.8%], loss=0.9789, dgw=0.9789, reg=0.0000, time=77.49s.
-- 125/373 [33.5%], loss=0.9449, dgw=0.9449, reg=0.0000, time=59.79s.
-- 150/373 [40.2%], loss=0.9162, dgw=0.9162, reg=0.0000, time=56.93s.
-- 175/373 [46.9%], loss=0.9424, dgw=0.9424, reg=0.0000, time=98.56s.
-- 200/373 [53.6%], loss=0.8951, dgw=0.8951, reg=0.0000, time=98.47s.
-- 225/373 [60.3%], loss=0.8639, dgw=0.8639, reg=0.0000, time=65.45s.
-- 250/373 [67.0%], loss=0.8399, dgw=0.8399, reg=0.0000, time=57.57s.
-- 275/373 [73.7%], loss=0.8128, dgw=0.8128, reg=0.0000, time=79.67s.
-- 300/373 [80.4%], loss=0.7999, dgw=0.7999, reg=0.0000, time=76.62s.
-- 325/373 [87.1%], loss=0.7662, dgw=0.7662, reg=0.0000, time=80.26s.
-- 350/373 [93.8%], loss=0.7567, dgw=0.7567, reg=0.0000, time=51.33s.
-- 373/373 [100.0%], loss=0.7694, dgw=0.7694, reg=0.0000, time=60.06s.
fit: Epoch 14/15, loss = 0.8807, best loss = 0.1463
results/tumblr_ct1_Original_usl_tsne_fit_14.pdf
-- 25/373 [6.7%], loss=0.7239, dgw=0.7239, reg=0.0000, time=53.30s.
-- 50/373 [13.4%], loss=0.6867, dgw=0.6867, reg=0.0000, time=52.30s.
-- 75/373 [20.1%], loss=0.6945, dgw=0.6945, reg=0.0000, time=60.14s.
-- 100/373 [26.8%], loss=0.6641, dgw=0.6641, reg=0.0000, time=53.40s.
-- 125/373 [33.5%], loss=0.6530, dgw=0.6530, reg=0.0000, time=55.49s.
-- 150/373 [40.2%], loss=0.6503, dgw=0.6503, reg=0.0000, time=53.07s.
-- 175/373 [46.9%], loss=0.6717, dgw=0.6717, reg=0.0000, time=44.44s.
-- 200/373 [53.6%], loss=0.6570, dgw=0.6570, reg=0.0000, time=56.86s.
-- 225/373 [60.3%], loss=0.6195, dgw=0.6195, reg=0.0000, time=66.29s.
-- 250/373 [67.0%], loss=0.5800, dgw=0.5800, reg=0.0000, time=42.65s.
-- 275/373 [73.7%], loss=0.5441, dgw=0.5441, reg=0.0000, time=47.23s.
-- 300/373 [80.4%], loss=0.5772, dgw=0.5772, reg=0.0000, time=40.65s.
-- 325/373 [87.1%], loss=0.5922, dgw=0.5922, reg=0.0000, time=49.69s.
-- 350/373 [93.8%], loss=0.6043, dgw=0.6043, reg=0.0000, time=42.06s.
-- 373/373 [100.0%], loss=0.6071, dgw=0.6071, reg=0.0000, time=39.25s.
fit: Epoch 15/15, loss = 0.6352, best loss = 0.1463
results/tumblr_ct1_Original_usl_tsne_fit_15.pdf
Best Acc  : 0.5281501340482574
Rand Score: 0.5002450344489607
Done!
