-- 25/373 [6.7%], loss=0.2551, dgw=0.2551, reg=0.0000, time=279.81s.
-- 50/373 [13.4%], loss=0.2528, dgw=0.2528, reg=0.0000, time=237.97s.
-- 75/373 [20.1%], loss=0.2504, dgw=0.2504, reg=0.0000, time=274.18s.
-- 100/373 [26.8%], loss=0.2481, dgw=0.2481, reg=0.0000, time=229.04s.
-- 125/373 [33.5%], loss=0.2459, dgw=0.2459, reg=0.0000, time=237.32s.
-- 150/373 [40.2%], loss=0.2438, dgw=0.2438, reg=0.0000, time=263.36s.
-- 175/373 [46.9%], loss=0.2416, dgw=0.2416, reg=0.0000, time=252.59s.
-- 200/373 [53.6%], loss=0.2400, dgw=0.2400, reg=0.0000, time=242.66s.
-- 225/373 [60.3%], loss=0.2366, dgw=0.2366, reg=0.0000, time=230.89s.
-- 250/373 [67.0%], loss=0.2418, dgw=0.2418, reg=0.0000, time=226.86s.
-- 275/373 [73.7%], loss=0.2387, dgw=0.2387, reg=0.0000, time=274.96s.
-- 300/373 [80.4%], loss=0.2888, dgw=0.2888, reg=0.0000, time=389.77s.
-- 325/373 [87.1%], loss=0.2345, dgw=0.2345, reg=0.0000, time=340.94s.
-- 350/373 [93.8%], loss=0.2266, dgw=0.2266, reg=0.0000, time=350.16s.
-- 373/373 [100.0%], loss=0.2243, dgw=0.2243, reg=0.0000, time=241.65s.
fit: Epoch 1/15, loss = 0.2447, best loss = 0.2447
results/tumblr_ct1_Original_usl_tsne_fit_1.pdf
-- 25/373 [6.7%], loss=0.2320, dgw=0.2320, reg=0.0000, time=248.28s.
-- 50/373 [13.4%], loss=0.2207, dgw=0.2207, reg=0.0000, time=274.59s.
-- 75/373 [20.1%], loss=0.2183, dgw=0.2183, reg=0.0000, time=295.43s.
-- 100/373 [26.8%], loss=0.2160, dgw=0.2160, reg=0.0000, time=280.15s.
-- 125/373 [33.5%], loss=0.2142, dgw=0.2142, reg=0.0000, time=318.99s.
-- 150/373 [40.2%], loss=0.2122, dgw=0.2122, reg=0.0000, time=254.86s.
-- 175/373 [46.9%], loss=0.2103, dgw=0.2103, reg=0.0000, time=238.79s.
-- 200/373 [53.6%], loss=0.2084, dgw=0.2084, reg=0.0000, time=227.21s.
-- 225/373 [60.3%], loss=0.2064, dgw=0.2064, reg=0.0000, time=216.03s.
-- 250/373 [67.0%], loss=0.2037, dgw=0.2037, reg=0.0000, time=311.80s.
-- 275/373 [73.7%], loss=0.2025, dgw=0.2025, reg=0.0000, time=319.68s.
-- 300/373 [80.4%], loss=0.2002, dgw=0.2002, reg=0.0000, time=247.89s.
-- 325/373 [87.1%], loss=0.1979, dgw=0.1979, reg=0.0000, time=195.85s.
-- 350/373 [93.8%], loss=0.1969, dgw=0.1969, reg=0.0000, time=261.53s.
-- 373/373 [100.0%], loss=0.1985, dgw=0.1985, reg=0.0000, time=182.03s.
fit: Epoch 2/15, loss = 0.2093, best loss = 0.2093
results/tumblr_ct1_Original_usl_tsne_fit_2.pdf
-- 25/373 [6.7%], loss=0.1932, dgw=0.1932, reg=0.0000, time=246.90s.
-- 50/373 [13.4%], loss=0.1909, dgw=0.1909, reg=0.0000, time=229.63s.
-- 75/373 [20.1%], loss=0.1897, dgw=0.1897, reg=0.0000, time=231.30s.
-- 100/373 [26.8%], loss=0.1878, dgw=0.1878, reg=0.0000, time=340.66s.
-- 125/373 [33.5%], loss=0.1860, dgw=0.1860, reg=0.0000, time=257.02s.
-- 150/373 [40.2%], loss=0.1847, dgw=0.1847, reg=0.0000, time=154.18s.
-- 175/373 [46.9%], loss=0.1819, dgw=0.1819, reg=0.0000, time=176.96s.
-- 200/373 [53.6%], loss=0.1968, dgw=0.1968, reg=0.0000, time=233.91s.
-- 225/373 [60.3%], loss=0.1796, dgw=0.1796, reg=0.0000, time=211.85s.
-- 250/373 [67.0%], loss=0.1775, dgw=0.1775, reg=0.0000, time=179.21s.
-- 275/373 [73.7%], loss=0.1784, dgw=0.1784, reg=0.0000, time=227.93s.
-- 300/373 [80.4%], loss=0.1736, dgw=0.1736, reg=0.0000, time=205.44s.
-- 325/373 [87.1%], loss=0.1721, dgw=0.1721, reg=0.0000, time=135.70s.
-- 350/373 [93.8%], loss=0.1703, dgw=0.1703, reg=0.0000, time=119.80s.
-- 373/373 [100.0%], loss=0.1684, dgw=0.1684, reg=0.0000, time=144.51s.
fit: Epoch 3/15, loss = 0.1821, best loss = 0.1821
results/tumblr_ct1_Original_usl_tsne_fit_3.pdf
-- 25/373 [6.7%], loss=0.1679, dgw=0.1679, reg=0.0000, time=134.21s.
-- 50/373 [13.4%], loss=0.1656, dgw=0.1656, reg=0.0000, time=159.27s.
-- 75/373 [20.1%], loss=0.1639, dgw=0.1639, reg=0.0000, time=137.96s.
-- 100/373 [26.8%], loss=0.1627, dgw=0.1627, reg=0.0000, time=179.52s.
-- 125/373 [33.5%], loss=0.1609, dgw=0.1609, reg=0.0000, time=140.53s.
-- 150/373 [40.2%], loss=0.1591, dgw=0.1591, reg=0.0000, time=172.05s.
-- 175/373 [46.9%], loss=0.1747, dgw=0.1747, reg=0.0000, time=132.40s.
-- 200/373 [53.6%], loss=0.1565, dgw=0.1565, reg=0.0000, time=121.19s.
-- 225/373 [60.3%], loss=0.1557, dgw=0.1557, reg=0.0000, time=134.43s.
-- 250/373 [67.0%], loss=0.1539, dgw=0.1539, reg=0.0000, time=125.46s.
-- 275/373 [73.7%], loss=0.1535, dgw=0.1535, reg=0.0000, time=89.72s.
-- 300/373 [80.4%], loss=0.1523, dgw=0.1523, reg=0.0000, time=145.46s.
-- 325/373 [87.1%], loss=0.1503, dgw=0.1503, reg=0.0000, time=142.10s.
-- 350/373 [93.8%], loss=0.1488, dgw=0.1488, reg=0.0000, time=135.99s.
-- 373/373 [100.0%], loss=0.1466, dgw=0.1466, reg=0.0000, time=142.16s.
fit: Epoch 4/15, loss = 0.1582, best loss = 0.1582
results/tumblr_ct1_Original_usl_tsne_fit_4.pdf
-- 25/373 [6.7%], loss=0.1560, dgw=0.1560, reg=0.0000, time=144.02s.
-- 50/373 [13.4%], loss=0.1449, dgw=0.1449, reg=0.0000, time=126.22s.
-- 75/373 [20.1%], loss=0.1429, dgw=0.1429, reg=0.0000, time=174.20s.
-- 100/373 [26.8%], loss=0.1419, dgw=0.1419, reg=0.0000, time=118.67s.
-- 125/373 [33.5%], loss=0.1404, dgw=0.1404, reg=0.0000, time=126.07s.
-- 150/373 [40.2%], loss=0.1397, dgw=0.1397, reg=0.0000, time=137.59s.
-- 175/373 [46.9%], loss=0.1381, dgw=0.1381, reg=0.0000, time=147.90s.
-- 200/373 [53.6%], loss=0.1368, dgw=0.1368, reg=0.0000, time=115.57s.
-- 225/373 [60.3%], loss=0.1351, dgw=0.1351, reg=0.0000, time=116.93s.
-- 250/373 [67.0%], loss=0.1331, dgw=0.1331, reg=0.0000, time=124.86s.
-- 275/373 [73.7%], loss=0.1323, dgw=0.1323, reg=0.0000, time=122.70s.
-- 300/373 [80.4%], loss=0.1316, dgw=0.1316, reg=0.0000, time=114.91s.
-- 325/373 [87.1%], loss=0.1303, dgw=0.1303, reg=0.0000, time=138.73s.
-- 350/373 [93.8%], loss=0.1332, dgw=0.1332, reg=0.0000, time=141.42s.
-- 373/373 [100.0%], loss=0.1288, dgw=0.1288, reg=0.0000, time=97.03s.
fit: Epoch 5/15, loss = 0.1377, best loss = 0.1377
results/tumblr_ct1_Original_usl_tsne_fit_5.pdf
-- 25/373 [6.7%], loss=0.1278, dgw=0.1278, reg=0.0000, time=103.04s.
-- 50/373 [13.4%], loss=0.1289, dgw=0.1289, reg=0.0000, time=66.14s.
-- 75/373 [20.1%], loss=0.1244, dgw=0.1244, reg=0.0000, time=88.74s.
-- 100/373 [26.8%], loss=0.1227, dgw=0.1227, reg=0.0000, time=108.10s.
-- 125/373 [33.5%], loss=0.1229, dgw=0.1229, reg=0.0000, time=94.88s.
-- 150/373 [40.2%], loss=0.1219, dgw=0.1219, reg=0.0000, time=72.27s.
-- 175/373 [46.9%], loss=0.1205, dgw=0.1205, reg=0.0000, time=89.78s.
-- 200/373 [53.6%], loss=0.1194, dgw=0.1194, reg=0.0000, time=66.13s.
-- 225/373 [60.3%], loss=0.1180, dgw=0.1180, reg=0.0000, time=76.91s.
-- 250/373 [67.0%], loss=0.1176, dgw=0.1176, reg=0.0000, time=90.98s.
-- 275/373 [73.7%], loss=0.1171, dgw=0.1171, reg=0.0000, time=74.94s.
-- 300/373 [80.4%], loss=0.1154, dgw=0.1154, reg=0.0000, time=86.17s.
-- 325/373 [87.1%], loss=0.1147, dgw=0.1147, reg=0.0000, time=65.39s.
-- 350/373 [93.8%], loss=0.1144, dgw=0.1144, reg=0.0000, time=66.50s.
-- 373/373 [100.0%], loss=0.1135, dgw=0.1135, reg=0.0000, time=76.27s.
fit: Epoch 6/15, loss = 0.1200, best loss = 0.1200
results/tumblr_ct1_Original_usl_tsne_fit_6.pdf
-- 25/373 [6.7%], loss=0.1123, dgw=0.1123, reg=0.0000, time=82.99s.
-- 50/373 [13.4%], loss=0.1098, dgw=0.1098, reg=0.0000, time=89.15s.
-- 75/373 [20.1%], loss=0.1098, dgw=0.1098, reg=0.0000, time=80.96s.
-- 100/373 [26.8%], loss=0.1094, dgw=0.1094, reg=0.0000, time=97.25s.
-- 125/373 [33.5%], loss=0.1085, dgw=0.1085, reg=0.0000, time=72.15s.
-- 150/373 [40.2%], loss=0.1075, dgw=0.1075, reg=0.0000, time=83.38s.
-- 175/373 [46.9%], loss=0.1057, dgw=0.1057, reg=0.0000, time=84.27s.
-- 200/373 [53.6%], loss=0.1048, dgw=0.1048, reg=0.0000, time=111.23s.
-- 225/373 [60.3%], loss=0.1036, dgw=0.1036, reg=0.0000, time=310.93s.
-- 250/373 [67.0%], loss=0.1023, dgw=0.1023, reg=0.0000, time=279.16s.
-- 275/373 [73.7%], loss=0.1023, dgw=0.1023, reg=0.0000, time=351.63s.
-- 300/373 [80.4%], loss=0.1018, dgw=0.1018, reg=0.0000, time=360.56s.
-- 325/373 [87.1%], loss=0.1020, dgw=0.1020, reg=0.0000, time=394.02s.
-- 350/373 [93.8%], loss=0.1008, dgw=0.1008, reg=0.0000, time=395.53s.
-- 373/373 [100.0%], loss=0.1032, dgw=0.1032, reg=0.0000, time=390.44s.
fit: Epoch 7/15, loss = 0.1056, best loss = 0.1056
results/tumblr_ct1_Original_usl_tsne_fit_7.pdf
-- 25/373 [6.7%], loss=0.0989, dgw=0.0989, reg=0.0000, time=206.05s.
-- 50/373 [13.4%], loss=0.0994, dgw=0.0994, reg=0.0000, time=249.65s.
-- 75/373 [20.1%], loss=0.0973, dgw=0.0973, reg=0.0000, time=292.64s.
-- 100/373 [26.8%], loss=0.0964, dgw=0.0964, reg=0.0000, time=259.32s.
-- 125/373 [33.5%], loss=0.0958, dgw=0.0958, reg=0.0000, time=249.33s.
-- 150/373 [40.2%], loss=0.0954, dgw=0.0954, reg=0.0000, time=293.63s.
-- 175/373 [46.9%], loss=0.0946, dgw=0.0946, reg=0.0000, time=276.77s.
-- 200/373 [53.6%], loss=0.0935, dgw=0.0935, reg=0.0000, time=265.03s.
-- 225/373 [60.3%], loss=0.0908, dgw=0.0908, reg=0.0000, time=355.80s.
-- 250/373 [67.0%], loss=0.0933, dgw=0.0933, reg=0.0000, time=285.32s.
-- 275/373 [73.7%], loss=0.0909, dgw=0.0909, reg=0.0000, time=284.31s.
-- 300/373 [80.4%], loss=0.0907, dgw=0.0907, reg=0.0000, time=266.42s.
-- 325/373 [87.1%], loss=0.0893, dgw=0.0893, reg=0.0000, time=292.37s.
-- 350/373 [93.8%], loss=0.0892, dgw=0.0892, reg=0.0000, time=418.91s.
-- 373/373 [100.0%], loss=0.0894, dgw=0.0894, reg=0.0000, time=263.27s.
fit: Epoch 8/15, loss = 0.0937, best loss = 0.0937
results/tumblr_ct1_Original_usl_tsne_fit_8.pdf
-- 25/373 [6.7%], loss=0.0868, dgw=0.0868, reg=0.0000, time=451.61s.
-- 50/373 [13.4%], loss=0.0886, dgw=0.0886, reg=0.0000, time=468.56s.
-- 75/373 [20.1%], loss=0.0852, dgw=0.0852, reg=0.0000, time=360.67s.
-- 100/373 [26.8%], loss=0.0852, dgw=0.0852, reg=0.0000, time=316.88s.
-- 125/373 [33.5%], loss=0.0855, dgw=0.0855, reg=0.0000, time=299.69s.
-- 150/373 [40.2%], loss=0.0845, dgw=0.0845, reg=0.0000, time=236.07s.
-- 175/373 [46.9%], loss=0.0834, dgw=0.0834, reg=0.0000, time=268.14s.
-- 200/373 [53.6%], loss=0.0827, dgw=0.0827, reg=0.0000, time=286.11s.
-- 225/373 [60.3%], loss=0.0858, dgw=0.0858, reg=0.0000, time=185.61s.
-- 250/373 [67.0%], loss=0.0817, dgw=0.0817, reg=0.0000, time=287.81s.
-- 275/373 [73.7%], loss=0.0821, dgw=0.0821, reg=0.0000, time=239.77s.
-- 300/373 [80.4%], loss=0.0837, dgw=0.0837, reg=0.0000, time=199.39s.
-- 325/373 [87.1%], loss=0.0820, dgw=0.0820, reg=0.0000, time=216.22s.
-- 350/373 [93.8%], loss=0.0793, dgw=0.0793, reg=0.0000, time=237.42s.
-- 373/373 [100.0%], loss=0.0798, dgw=0.0798, reg=0.0000, time=193.35s.
fit: Epoch 9/15, loss = 0.0838, best loss = 0.0838
results/tumblr_ct1_Original_usl_tsne_fit_9.pdf
-- 25/373 [6.7%], loss=0.0781, dgw=0.0781, reg=0.0000, time=244.65s.
-- 50/373 [13.4%], loss=0.0804, dgw=0.0804, reg=0.0000, time=220.45s.
-- 75/373 [20.1%], loss=0.0785, dgw=0.0785, reg=0.0000, time=247.33s.
-- 100/373 [26.8%], loss=0.0768, dgw=0.0768, reg=0.0000, time=354.71s.
-- 125/373 [33.5%], loss=0.0762, dgw=0.0762, reg=0.0000, time=269.86s.
-- 150/373 [40.2%], loss=0.0749, dgw=0.0749, reg=0.0000, time=277.28s.
-- 175/373 [46.9%], loss=0.0756, dgw=0.0756, reg=0.0000, time=183.79s.
-- 200/373 [53.6%], loss=0.0754, dgw=0.0754, reg=0.0000, time=216.68s.
-- 225/373 [60.3%], loss=0.0758, dgw=0.0758, reg=0.0000, time=274.34s.
-- 250/373 [67.0%], loss=0.0734, dgw=0.0734, reg=0.0000, time=268.65s.
-- 275/373 [73.7%], loss=0.0743, dgw=0.0743, reg=0.0000, time=182.07s.
-- 300/373 [80.4%], loss=0.0708, dgw=0.0708, reg=0.0000, time=187.85s.
-- 325/373 [87.1%], loss=0.0770, dgw=0.0770, reg=0.0000, time=111.71s.
-- 350/373 [93.8%], loss=0.0714, dgw=0.0714, reg=0.0000, time=110.99s.
-- 373/373 [100.0%], loss=0.0717, dgw=0.0717, reg=0.0000, time=145.64s.
fit: Epoch 10/15, loss = 0.0754, best loss = 0.0754
results/tumblr_ct1_Original_usl_tsne_fit_10.pdf
-- 25/373 [6.7%], loss=0.0712, dgw=0.0712, reg=0.0000, time=151.98s.
-- 50/373 [13.4%], loss=0.0751, dgw=0.0751, reg=0.0000, time=118.80s.
-- 75/373 [20.1%], loss=0.0691, dgw=0.0691, reg=0.0000, time=163.92s.
-- 100/373 [26.8%], loss=0.0697, dgw=0.0697, reg=0.0000, time=136.19s.
-- 125/373 [33.5%], loss=0.0701, dgw=0.0701, reg=0.0000, time=150.29s.
-- 150/373 [40.2%], loss=0.0668, dgw=0.0668, reg=0.0000, time=150.47s.
-- 175/373 [46.9%], loss=0.0686, dgw=0.0686, reg=0.0000, time=134.52s.
-- 200/373 [53.6%], loss=0.0674, dgw=0.0674, reg=0.0000, time=114.28s.
-- 225/373 [60.3%], loss=0.0662, dgw=0.0662, reg=0.0000, time=141.64s.
-- 250/373 [67.0%], loss=0.0680, dgw=0.0680, reg=0.0000, time=141.34s.
-- 275/373 [73.7%], loss=0.0673, dgw=0.0673, reg=0.0000, time=152.75s.
-- 300/373 [80.4%], loss=0.0685, dgw=0.0685, reg=0.0000, time=147.63s.
-- 325/373 [87.1%], loss=0.0661, dgw=0.0661, reg=0.0000, time=185.33s.
-- 350/373 [93.8%], loss=0.0667, dgw=0.0667, reg=0.0000, time=193.44s.
-- 373/373 [100.0%], loss=0.0639, dgw=0.0639, reg=0.0000, time=146.23s.
fit: Epoch 11/15, loss = 0.0683, best loss = 0.0683
results/tumblr_ct1_Original_usl_tsne_fit_11.pdf
-- 25/373 [6.7%], loss=0.0677, dgw=0.0677, reg=0.0000, time=147.09s.
-- 50/373 [13.4%], loss=0.0656, dgw=0.0656, reg=0.0000, time=207.84s.
-- 75/373 [20.1%], loss=0.0639, dgw=0.0639, reg=0.0000, time=227.25s.
-- 100/373 [26.8%], loss=0.0655, dgw=0.0655, reg=0.0000, time=214.26s.
-- 125/373 [33.5%], loss=0.0616, dgw=0.0616, reg=0.0000, time=143.23s.
-- 150/373 [40.2%], loss=0.0629, dgw=0.0629, reg=0.0000, time=151.05s.
-- 175/373 [46.9%], loss=0.0646, dgw=0.0646, reg=0.0000, time=175.53s.
-- 200/373 [53.6%], loss=0.0607, dgw=0.0607, reg=0.0000, time=164.86s.
-- 225/373 [60.3%], loss=0.0650, dgw=0.0650, reg=0.0000, time=143.07s.
-- 250/373 [67.0%], loss=0.0612, dgw=0.0612, reg=0.0000, time=130.28s.
-- 275/373 [73.7%], loss=0.0619, dgw=0.0619, reg=0.0000, time=137.68s.
-- 300/373 [80.4%], loss=0.0597, dgw=0.0597, reg=0.0000, time=129.45s.
-- 325/373 [87.1%], loss=0.0615, dgw=0.0615, reg=0.0000, time=121.40s.
-- 350/373 [93.8%], loss=0.0639, dgw=0.0639, reg=0.0000, time=122.02s.
-- 373/373 [100.0%], loss=0.0571, dgw=0.0571, reg=0.0000, time=114.87s.
fit: Epoch 12/15, loss = 0.0629, best loss = 0.0629
results/tumblr_ct1_Original_usl_tsne_fit_12.pdf
-- 25/373 [6.7%], loss=0.0608, dgw=0.0608, reg=0.0000, time=129.14s.
-- 50/373 [13.4%], loss=0.0582, dgw=0.0582, reg=0.0000, time=149.22s.
-- 75/373 [20.1%], loss=0.0601, dgw=0.0601, reg=0.0000, time=106.34s.
-- 100/373 [26.8%], loss=0.0592, dgw=0.0592, reg=0.0000, time=104.93s.
-- 125/373 [33.5%], loss=0.0561, dgw=0.0561, reg=0.0000, time=147.70s.
-- 150/373 [40.2%], loss=0.0590, dgw=0.0590, reg=0.0000, time=124.18s.
-- 175/373 [46.9%], loss=0.0587, dgw=0.0587, reg=0.0000, time=161.98s.
-- 200/373 [53.6%], loss=0.0586, dgw=0.0586, reg=0.0000, time=126.82s.
-- 225/373 [60.3%], loss=0.0569, dgw=0.0569, reg=0.0000, time=153.99s.
-- 250/373 [67.0%], loss=0.0548, dgw=0.0548, reg=0.0000, time=187.34s.
-- 275/373 [73.7%], loss=0.0572, dgw=0.0572, reg=0.0000, time=91.77s.
-- 300/373 [80.4%], loss=0.0557, dgw=0.0557, reg=0.0000, time=116.02s.
-- 325/373 [87.1%], loss=0.0574, dgw=0.0574, reg=0.0000, time=87.08s.
-- 350/373 [93.8%], loss=0.0544, dgw=0.0544, reg=0.0000, time=110.19s.
-- 373/373 [100.0%], loss=0.0574, dgw=0.0574, reg=0.0000, time=97.31s.
fit: Epoch 13/15, loss = 0.0576, best loss = 0.0576
results/tumblr_ct1_Original_usl_tsne_fit_13.pdf
-- 25/373 [6.7%], loss=0.0559, dgw=0.0559, reg=0.0000, time=104.25s.
-- 50/373 [13.4%], loss=0.0543, dgw=0.0543, reg=0.0000, time=169.00s.
-- 75/373 [20.1%], loss=0.0537, dgw=0.0537, reg=0.0000, time=162.32s.
-- 100/373 [26.8%], loss=0.0520, dgw=0.0520, reg=0.0000, time=176.57s.
-- 125/373 [33.5%], loss=0.0585, dgw=0.0585, reg=0.0000, time=105.55s.
-- 150/373 [40.2%], loss=0.0523, dgw=0.0523, reg=0.0000, time=104.52s.
-- 175/373 [46.9%], loss=0.0548, dgw=0.0548, reg=0.0000, time=127.18s.
-- 200/373 [53.6%], loss=0.0533, dgw=0.0533, reg=0.0000, time=151.35s.
-- 225/373 [60.3%], loss=0.0556, dgw=0.0556, reg=0.0000, time=201.43s.
-- 250/373 [67.0%], loss=0.0528, dgw=0.0528, reg=0.0000, time=201.41s.
-- 275/373 [73.7%], loss=0.0534, dgw=0.0534, reg=0.0000, time=185.62s.
-- 300/373 [80.4%], loss=0.0510, dgw=0.0510, reg=0.0000, time=141.11s.
-- 325/373 [87.1%], loss=0.0529, dgw=0.0529, reg=0.0000, time=95.57s.
-- 350/373 [93.8%], loss=0.0554, dgw=0.0554, reg=0.0000, time=100.45s.
-- 373/373 [100.0%], loss=0.0495, dgw=0.0495, reg=0.0000, time=101.02s.
fit: Epoch 14/15, loss = 0.0537, best loss = 0.0537
results/tumblr_ct1_Original_usl_tsne_fit_14.pdf
-- 25/373 [6.7%], loss=0.0545, dgw=0.0545, reg=0.0000, time=86.09s.
-- 50/373 [13.4%], loss=0.0488, dgw=0.0488, reg=0.0000, time=108.25s.
-- 75/373 [20.1%], loss=0.0507, dgw=0.0507, reg=0.0000, time=79.86s.
-- 100/373 [26.8%], loss=0.0539, dgw=0.0539, reg=0.0000, time=118.57s.
-- 125/373 [33.5%], loss=0.0590, dgw=0.0590, reg=0.0000, time=101.63s.
-- 150/373 [40.2%], loss=0.0511, dgw=0.0511, reg=0.0000, time=119.82s.
-- 175/373 [46.9%], loss=0.0539, dgw=0.0539, reg=0.0000, time=93.53s.
-- 200/373 [53.6%], loss=0.0593, dgw=0.0593, reg=0.0000, time=82.23s.
-- 225/373 [60.3%], loss=0.0516, dgw=0.0516, reg=0.0000, time=105.22s.
-- 250/373 [67.0%], loss=0.0579, dgw=0.0579, reg=0.0000, time=124.46s.
-- 275/373 [73.7%], loss=0.0752, dgw=0.0752, reg=0.0000, time=88.92s.
-- 300/373 [80.4%], loss=0.0630, dgw=0.0630, reg=0.0000, time=125.69s.
-- 325/373 [87.1%], loss=0.0830, dgw=0.0830, reg=0.0000, time=95.04s.
-- 350/373 [93.8%], loss=0.0642, dgw=0.0642, reg=0.0000, time=96.48s.
-- 373/373 [100.0%], loss=0.0832, dgw=0.0832, reg=0.0000, time=86.50s.
fit: Epoch 15/15, loss = 0.0605, best loss = 0.0537
results/tumblr_ct1_Original_usl_tsne_fit_15.pdf
Best Acc  : 0.5040214477211796
Rand Score: 0.4986883450085041
Done!
