-- 25/373 [6.7%], loss=0.2547, dgw=0.2547, reg=0.0000, time=286.38s.
-- 50/373 [13.4%], loss=0.2516, dgw=0.2516, reg=0.0000, time=248.81s.
-- 75/373 [20.1%], loss=0.2499, dgw=0.2499, reg=0.0000, time=236.50s.
-- 100/373 [26.8%], loss=0.2466, dgw=0.2466, reg=0.0000, time=235.51s.
-- 125/373 [33.5%], loss=0.2448, dgw=0.2448, reg=0.0000, time=224.99s.
-- 150/373 [40.2%], loss=0.2431, dgw=0.2431, reg=0.0000, time=245.89s.
-- 175/373 [46.9%], loss=0.2409, dgw=0.2409, reg=0.0000, time=355.77s.
-- 200/373 [53.6%], loss=0.2391, dgw=0.2391, reg=0.0000, time=441.92s.
-- 225/373 [60.3%], loss=0.2361, dgw=0.2361, reg=0.0000, time=314.54s.
-- 250/373 [67.0%], loss=0.2341, dgw=0.2341, reg=0.0000, time=312.75s.
-- 275/373 [73.7%], loss=0.2321, dgw=0.2321, reg=0.0000, time=310.42s.
-- 300/373 [80.4%], loss=0.2306, dgw=0.2306, reg=0.0000, time=297.50s.
-- 325/373 [87.1%], loss=0.2275, dgw=0.2275, reg=0.0000, time=300.43s.
-- 350/373 [93.8%], loss=0.2247, dgw=0.2247, reg=0.0000, time=221.55s.
-- 373/373 [100.0%], loss=0.2233, dgw=0.2233, reg=0.0000, time=220.05s.
fit: Epoch 1/15, loss = 0.2387, best loss = 0.2387
results/tumblr_ct1_Original_usl_tsne_fit_1.pdf
-- 25/373 [6.7%], loss=0.2210, dgw=0.2210, reg=0.0000, time=257.48s.
-- 50/373 [13.4%], loss=0.2203, dgw=0.2203, reg=0.0000, time=293.39s.
-- 75/373 [20.1%], loss=0.2174, dgw=0.2174, reg=0.0000, time=268.11s.
-- 100/373 [26.8%], loss=0.2148, dgw=0.2148, reg=0.0000, time=216.67s.
-- 125/373 [33.5%], loss=0.2134, dgw=0.2134, reg=0.0000, time=238.37s.
-- 150/373 [40.2%], loss=0.2120, dgw=0.2120, reg=0.0000, time=352.07s.
-- 175/373 [46.9%], loss=0.2099, dgw=0.2099, reg=0.0000, time=296.82s.
-- 200/373 [53.6%], loss=0.2072, dgw=0.2072, reg=0.0000, time=247.00s.
-- 225/373 [60.3%], loss=0.2059, dgw=0.2059, reg=0.0000, time=242.90s.
-- 250/373 [67.0%], loss=0.2037, dgw=0.2037, reg=0.0000, time=227.58s.
-- 275/373 [73.7%], loss=0.2021, dgw=0.2021, reg=0.0000, time=269.48s.
-- 300/373 [80.4%], loss=0.1998, dgw=0.1998, reg=0.0000, time=282.09s.
-- 325/373 [87.1%], loss=0.1980, dgw=0.1980, reg=0.0000, time=330.19s.
-- 350/373 [93.8%], loss=0.1958, dgw=0.1958, reg=0.0000, time=228.25s.
-- 373/373 [100.0%], loss=0.1940, dgw=0.1940, reg=0.0000, time=243.51s.
fit: Epoch 2/15, loss = 0.2078, best loss = 0.2078
results/tumblr_ct1_Original_usl_tsne_fit_2.pdf
-- 25/373 [6.7%], loss=0.1928, dgw=0.1928, reg=0.0000, time=271.88s.
-- 50/373 [13.4%], loss=0.1911, dgw=0.1911, reg=0.0000, time=213.88s.
-- 75/373 [20.1%], loss=0.1883, dgw=0.1883, reg=0.0000, time=214.68s.
-- 100/373 [26.8%], loss=0.1870, dgw=0.1870, reg=0.0000, time=273.36s.
-- 125/373 [33.5%], loss=0.1853, dgw=0.1853, reg=0.0000, time=276.55s.
-- 150/373 [40.2%], loss=0.1836, dgw=0.1836, reg=0.0000, time=216.08s.
-- 175/373 [46.9%], loss=0.1822, dgw=0.1822, reg=0.0000, time=190.93s.
-- 200/373 [53.6%], loss=0.1809, dgw=0.1809, reg=0.0000, time=216.36s.
-- 225/373 [60.3%], loss=0.1787, dgw=0.1787, reg=0.0000, time=201.20s.
-- 250/373 [67.0%], loss=0.1757, dgw=0.1757, reg=0.0000, time=178.07s.
-- 275/373 [73.7%], loss=0.1754, dgw=0.1754, reg=0.0000, time=175.35s.
-- 300/373 [80.4%], loss=0.1732, dgw=0.1732, reg=0.0000, time=252.78s.
-- 325/373 [87.1%], loss=0.1720, dgw=0.1720, reg=0.0000, time=250.82s.
-- 350/373 [93.8%], loss=0.1701, dgw=0.1701, reg=0.0000, time=199.09s.
-- 373/373 [100.0%], loss=0.1678, dgw=0.1678, reg=0.0000, time=163.58s.
fit: Epoch 3/15, loss = 0.1803, best loss = 0.1803
results/tumblr_ct1_Original_usl_tsne_fit_3.pdf
-- 25/373 [6.7%], loss=0.1667, dgw=0.1667, reg=0.0000, time=227.22s.
-- 50/373 [13.4%], loss=0.1653, dgw=0.1653, reg=0.0000, time=237.72s.
-- 75/373 [20.1%], loss=0.1638, dgw=0.1638, reg=0.0000, time=269.82s.
-- 100/373 [26.8%], loss=0.1623, dgw=0.1623, reg=0.0000, time=272.12s.
-- 125/373 [33.5%], loss=0.1604, dgw=0.1604, reg=0.0000, time=229.17s.
-- 150/373 [40.2%], loss=0.1593, dgw=0.1593, reg=0.0000, time=175.75s.
-- 175/373 [46.9%], loss=0.1585, dgw=0.1585, reg=0.0000, time=142.42s.
-- 200/373 [53.6%], loss=0.1564, dgw=0.1564, reg=0.0000, time=145.61s.
-- 225/373 [60.3%], loss=0.1548, dgw=0.1548, reg=0.0000, time=131.88s.
-- 250/373 [67.0%], loss=0.1535, dgw=0.1535, reg=0.0000, time=173.11s.
-- 275/373 [73.7%], loss=0.1522, dgw=0.1522, reg=0.0000, time=131.65s.
-- 300/373 [80.4%], loss=0.1504, dgw=0.1504, reg=0.0000, time=131.14s.
-- 325/373 [87.1%], loss=0.1499, dgw=0.1499, reg=0.0000, time=151.50s.
-- 350/373 [93.8%], loss=0.1493, dgw=0.1493, reg=0.0000, time=143.76s.
-- 373/373 [100.0%], loss=0.1466, dgw=0.1466, reg=0.0000, time=150.12s.
fit: Epoch 4/15, loss = 0.1567, best loss = 0.1567
results/tumblr_ct1_Original_usl_tsne_fit_4.pdf
-- 25/373 [6.7%], loss=0.1453, dgw=0.1453, reg=0.0000, time=187.28s.
-- 50/373 [13.4%], loss=0.1439, dgw=0.1439, reg=0.0000, time=166.29s.
-- 75/373 [20.1%], loss=0.1409, dgw=0.1409, reg=0.0000, time=164.03s.
-- 100/373 [26.8%], loss=0.1410, dgw=0.1410, reg=0.0000, time=164.48s.
-- 125/373 [33.5%], loss=0.1406, dgw=0.1406, reg=0.0000, time=161.48s.
-- 150/373 [40.2%], loss=0.1393, dgw=0.1393, reg=0.0000, time=178.38s.
-- 175/373 [46.9%], loss=0.1371, dgw=0.1371, reg=0.0000, time=213.54s.
-- 200/373 [53.6%], loss=0.1364, dgw=0.1364, reg=0.0000, time=150.35s.
-- 225/373 [60.3%], loss=0.1357, dgw=0.1357, reg=0.0000, time=135.40s.
-- 250/373 [67.0%], loss=0.1331, dgw=0.1331, reg=0.0000, time=156.20s.
-- 275/373 [73.7%], loss=0.1324, dgw=0.1324, reg=0.0000, time=159.84s.
-- 300/373 [80.4%], loss=0.1319, dgw=0.1319, reg=0.0000, time=152.44s.
-- 325/373 [87.1%], loss=0.1317, dgw=0.1317, reg=0.0000, time=131.14s.
-- 350/373 [93.8%], loss=0.1294, dgw=0.1294, reg=0.0000, time=214.19s.
-- 373/373 [100.0%], loss=0.1284, dgw=0.1284, reg=0.0000, time=217.96s.
fit: Epoch 5/15, loss = 0.1365, best loss = 0.1365
results/tumblr_ct1_Original_usl_tsne_fit_5.pdf
-- 25/373 [6.7%], loss=0.1280, dgw=0.1280, reg=0.0000, time=197.33s.
-- 50/373 [13.4%], loss=0.1263, dgw=0.1263, reg=0.0000, time=215.49s.
-- 75/373 [20.1%], loss=0.1249, dgw=0.1249, reg=0.0000, time=163.27s.
-- 100/373 [26.8%], loss=0.1225, dgw=0.1225, reg=0.0000, time=129.33s.
-- 125/373 [33.5%], loss=0.1216, dgw=0.1216, reg=0.0000, time=121.12s.
-- 150/373 [40.2%], loss=0.1208, dgw=0.1208, reg=0.0000, time=149.04s.
-- 175/373 [46.9%], loss=0.1197, dgw=0.1197, reg=0.0000, time=124.67s.
-- 200/373 [53.6%], loss=0.1201, dgw=0.1201, reg=0.0000, time=166.82s.
-- 225/373 [60.3%], loss=0.1177, dgw=0.1177, reg=0.0000, time=219.15s.
-- 250/373 [67.0%], loss=0.1170, dgw=0.1170, reg=0.0000, time=244.82s.
-- 275/373 [73.7%], loss=0.1171, dgw=0.1171, reg=0.0000, time=164.96s.
-- 300/373 [80.4%], loss=0.1154, dgw=0.1154, reg=0.0000, time=122.40s.
-- 325/373 [87.1%], loss=0.1146, dgw=0.1146, reg=0.0000, time=123.78s.
-- 350/373 [93.8%], loss=0.1137, dgw=0.1137, reg=0.0000, time=134.21s.
-- 373/373 [100.0%], loss=0.1194, dgw=0.1194, reg=0.0000, time=108.91s.
fit: Epoch 6/15, loss = 0.1199, best loss = 0.1199
results/tumblr_ct1_Original_usl_tsne_fit_6.pdf
-- 25/373 [6.7%], loss=0.1215, dgw=0.1215, reg=0.0000, time=108.08s.
-- 50/373 [13.4%], loss=0.1128, dgw=0.1128, reg=0.0000, time=163.55s.
-- 75/373 [20.1%], loss=0.1255, dgw=0.1255, reg=0.0000, time=143.22s.
-- 100/373 [26.8%], loss=0.1195, dgw=0.1195, reg=0.0000, time=139.66s.
-- 125/373 [33.5%], loss=0.1278, dgw=0.1278, reg=0.0000, time=119.02s.
-- 150/373 [40.2%], loss=0.1836, dgw=0.1836, reg=0.0000, time=120.08s.
-- 175/373 [46.9%], loss=0.1819, dgw=0.1819, reg=0.0000, time=141.16s.
-- 200/373 [53.6%], loss=0.2605, dgw=0.2605, reg=0.0000, time=112.57s.
-- 225/373 [60.3%], loss=0.3038, dgw=0.3038, reg=0.0000, time=148.30s.
-- 250/373 [67.0%], loss=0.2404, dgw=0.2404, reg=0.0000, time=129.47s.
-- 275/373 [73.7%], loss=0.2581, dgw=0.2581, reg=0.0000, time=137.64s.
-- 300/373 [80.4%], loss=0.2677, dgw=0.2677, reg=0.0000, time=149.25s.
-- 325/373 [87.1%], loss=0.3118, dgw=0.3118, reg=0.0000, time=194.10s.
-- 350/373 [93.8%], loss=0.3604, dgw=0.3604, reg=0.0000, time=172.15s.
-- 373/373 [100.0%], loss=0.2995, dgw=0.2995, reg=0.0000, time=149.95s.
fit: Epoch 7/15, loss = 0.2179, best loss = 0.1199
results/tumblr_ct1_Original_usl_tsne_fit_7.pdf
-- 25/373 [6.7%], loss=0.3106, dgw=0.3106, reg=0.0000, time=189.56s.
-- 50/373 [13.4%], loss=0.3407, dgw=0.3407, reg=0.0000, time=181.45s.
-- 75/373 [20.1%], loss=0.4480, dgw=0.4480, reg=0.0000, time=155.17s.
-- 100/373 [26.8%], loss=0.5982, dgw=0.5982, reg=0.0000, time=125.34s.
-- 125/373 [33.5%], loss=0.6384, dgw=0.6384, reg=0.0000, time=136.41s.
-- 150/373 [40.2%], loss=0.6729, dgw=0.6729, reg=0.0000, time=141.36s.
-- 175/373 [46.9%], loss=0.6825, dgw=0.6825, reg=0.0000, time=107.32s.
-- 200/373 [53.6%], loss=0.7583, dgw=0.7583, reg=0.0000, time=126.70s.
-- 225/373 [60.3%], loss=0.7374, dgw=0.7374, reg=0.0000, time=158.70s.
-- 250/373 [67.0%], loss=0.7687, dgw=0.7687, reg=0.0000, time=128.42s.
-- 275/373 [73.7%], loss=0.7659, dgw=0.7659, reg=0.0000, time=167.83s.
-- 300/373 [80.4%], loss=0.8342, dgw=0.8342, reg=0.0000, time=137.25s.
-- 325/373 [87.1%], loss=0.7758, dgw=0.7758, reg=0.0000, time=151.77s.
-- 350/373 [93.8%], loss=0.7577, dgw=0.7577, reg=0.0000, time=125.49s.
-- 373/373 [100.0%], loss=0.7568, dgw=0.7568, reg=0.0000, time=111.40s.
fit: Epoch 8/15, loss = 0.6559, best loss = 0.1199
results/tumblr_ct1_Original_usl_tsne_fit_8.pdf
-- 25/373 [6.7%], loss=0.7472, dgw=0.7472, reg=0.0000, time=146.10s.
-- 50/373 [13.4%], loss=0.7228, dgw=0.7228, reg=0.0000, time=158.87s.
-- 75/373 [20.1%], loss=0.6982, dgw=0.6982, reg=0.0000, time=124.28s.
-- 100/373 [26.8%], loss=0.7357, dgw=0.7357, reg=0.0000, time=209.70s.
-- 125/373 [33.5%], loss=0.6864, dgw=0.6864, reg=0.0000, time=185.24s.
-- 150/373 [40.2%], loss=0.7188, dgw=0.7188, reg=0.0000, time=169.84s.
-- 175/373 [46.9%], loss=0.6737, dgw=0.6737, reg=0.0000, time=133.73s.
-- 200/373 [53.6%], loss=0.6634, dgw=0.6634, reg=0.0000, time=113.76s.
-- 225/373 [60.3%], loss=0.6829, dgw=0.6829, reg=0.0000, time=86.68s.
-- 250/373 [67.0%], loss=0.6558, dgw=0.6558, reg=0.0000, time=117.69s.
-- 275/373 [73.7%], loss=0.6768, dgw=0.6768, reg=0.0000, time=135.74s.
-- 300/373 [80.4%], loss=0.6679, dgw=0.6679, reg=0.0000, time=104.77s.
-- 325/373 [87.1%], loss=0.6934, dgw=0.6934, reg=0.0000, time=179.18s.
-- 350/373 [93.8%], loss=0.7032, dgw=0.7032, reg=0.0000, time=149.87s.
-- 373/373 [100.0%], loss=0.6615, dgw=0.6615, reg=0.0000, time=129.92s.
fit: Epoch 9/15, loss = 0.6927, best loss = 0.1199
results/tumblr_ct1_Original_usl_tsne_fit_9.pdf
-- 25/373 [6.7%], loss=0.6908, dgw=0.6908, reg=0.0000, time=103.58s.
-- 50/373 [13.4%], loss=0.6765, dgw=0.6765, reg=0.0000, time=89.87s.
-- 75/373 [20.1%], loss=0.6456, dgw=0.6456, reg=0.0000, time=57.30s.
-- 100/373 [26.8%], loss=0.6571, dgw=0.6571, reg=0.0000, time=78.54s.
-- 125/373 [33.5%], loss=0.6838, dgw=0.6838, reg=0.0000, time=59.35s.
-- 150/373 [40.2%], loss=0.6655, dgw=0.6655, reg=0.0000, time=48.39s.
-- 175/373 [46.9%], loss=0.6418, dgw=0.6418, reg=0.0000, time=55.78s.
-- 200/373 [53.6%], loss=0.6692, dgw=0.6692, reg=0.0000, time=54.93s.
-- 225/373 [60.3%], loss=0.6610, dgw=0.6610, reg=0.0000, time=49.09s.
-- 250/373 [67.0%], loss=0.6672, dgw=0.6672, reg=0.0000, time=57.50s.
-- 275/373 [73.7%], loss=0.6864, dgw=0.6864, reg=0.0000, time=60.17s.
-- 300/373 [80.4%], loss=0.6785, dgw=0.6785, reg=0.0000, time=54.67s.
-- 325/373 [87.1%], loss=0.6778, dgw=0.6778, reg=0.0000, time=50.05s.
-- 350/373 [93.8%], loss=0.6447, dgw=0.6447, reg=0.0000, time=60.34s.
-- 373/373 [100.0%], loss=0.6823, dgw=0.6823, reg=0.0000, time=43.81s.
fit: Epoch 10/15, loss = 0.6685, best loss = 0.1199
results/tumblr_ct1_Original_usl_tsne_fit_10.pdf
-- 25/373 [6.7%], loss=0.6566, dgw=0.6566, reg=0.0000, time=47.40s.
-- 50/373 [13.4%], loss=0.6731, dgw=0.6731, reg=0.0000, time=88.32s.
-- 75/373 [20.1%], loss=0.6482, dgw=0.6482, reg=0.0000, time=70.75s.
-- 100/373 [26.8%], loss=0.6228, dgw=0.6228, reg=0.0000, time=51.34s.
-- 125/373 [33.5%], loss=0.6503, dgw=0.6503, reg=0.0000, time=34.89s.
-- 150/373 [40.2%], loss=0.6516, dgw=0.6516, reg=0.0000, time=49.40s.
-- 175/373 [46.9%], loss=0.6584, dgw=0.6584, reg=0.0000, time=47.02s.
-- 200/373 [53.6%], loss=0.6585, dgw=0.6585, reg=0.0000, time=39.28s.
-- 225/373 [60.3%], loss=0.6641, dgw=0.6641, reg=0.0000, time=58.58s.
-- 250/373 [67.0%], loss=0.6318, dgw=0.6318, reg=0.0000, time=75.70s.
-- 275/373 [73.7%], loss=0.6584, dgw=0.6584, reg=0.0000, time=44.19s.
-- 300/373 [80.4%], loss=0.6584, dgw=0.6584, reg=0.0000, time=38.04s.
-- 325/373 [87.1%], loss=0.6389, dgw=0.6389, reg=0.0000, time=34.09s.
-- 350/373 [93.8%], loss=0.6701, dgw=0.6701, reg=0.0000, time=37.85s.
-- 373/373 [100.0%], loss=0.6811, dgw=0.6811, reg=0.0000, time=36.83s.
fit: Epoch 11/15, loss = 0.6547, best loss = 0.1199
results/tumblr_ct1_Original_usl_tsne_fit_11.pdf
-- 25/373 [6.7%], loss=0.6363, dgw=0.6363, reg=0.0000, time=34.00s.
-- 50/373 [13.4%], loss=0.6741, dgw=0.6741, reg=0.0000, time=35.35s.
-- 75/373 [20.1%], loss=0.6488, dgw=0.6488, reg=0.0000, time=33.92s.
-- 100/373 [26.8%], loss=0.6594, dgw=0.6594, reg=0.0000, time=30.48s.
-- 125/373 [33.5%], loss=0.6465, dgw=0.6465, reg=0.0000, time=32.87s.
-- 150/373 [40.2%], loss=0.6635, dgw=0.6635, reg=0.0000, time=30.44s.
-- 175/373 [46.9%], loss=0.6586, dgw=0.6586, reg=0.0000, time=30.59s.
-- 200/373 [53.6%], loss=0.6491, dgw=0.6491, reg=0.0000, time=28.14s.
-- 225/373 [60.3%], loss=0.6501, dgw=0.6501, reg=0.0000, time=32.24s.
-- 250/373 [67.0%], loss=0.6546, dgw=0.6546, reg=0.0000, time=25.38s.
-- 275/373 [73.7%], loss=0.6423, dgw=0.6423, reg=0.0000, time=28.63s.
-- 300/373 [80.4%], loss=0.6581, dgw=0.6581, reg=0.0000, time=35.04s.
-- 325/373 [87.1%], loss=0.6320, dgw=0.6320, reg=0.0000, time=30.53s.
-- 350/373 [93.8%], loss=0.6219, dgw=0.6219, reg=0.0000, time=25.49s.
-- 373/373 [100.0%], loss=0.6487, dgw=0.6487, reg=0.0000, time=26.58s.
fit: Epoch 12/15, loss = 0.6496, best loss = 0.1199
results/tumblr_ct1_Original_usl_tsne_fit_12.pdf
-- 25/373 [6.7%], loss=0.6383, dgw=0.6383, reg=0.0000, time=26.30s.
-- 50/373 [13.4%], loss=0.6448, dgw=0.6448, reg=0.0000, time=28.29s.
-- 75/373 [20.1%], loss=0.6395, dgw=0.6395, reg=0.0000, time=29.22s.
-- 100/373 [26.8%], loss=0.6782, dgw=0.6782, reg=0.0000, time=27.49s.
-- 125/373 [33.5%], loss=0.6513, dgw=0.6513, reg=0.0000, time=27.64s.
-- 150/373 [40.2%], loss=0.6285, dgw=0.6285, reg=0.0000, time=23.33s.
-- 175/373 [46.9%], loss=0.6422, dgw=0.6422, reg=0.0000, time=22.76s.
-- 200/373 [53.6%], loss=0.6289, dgw=0.6289, reg=0.0000, time=28.67s.
-- 225/373 [60.3%], loss=0.6381, dgw=0.6381, reg=0.0000, time=26.11s.
-- 250/373 [67.0%], loss=0.6199, dgw=0.6199, reg=0.0000, time=25.62s.
-- 275/373 [73.7%], loss=0.6560, dgw=0.6560, reg=0.0000, time=30.60s.
-- 300/373 [80.4%], loss=0.6316, dgw=0.6316, reg=0.0000, time=32.36s.
-- 325/373 [87.1%], loss=0.6543, dgw=0.6543, reg=0.0000, time=31.25s.
-- 350/373 [93.8%], loss=0.6566, dgw=0.6566, reg=0.0000, time=28.01s.
-- 373/373 [100.0%], loss=0.6476, dgw=0.6476, reg=0.0000, time=44.72s.
fit: Epoch 13/15, loss = 0.6437, best loss = 0.1199
results/tumblr_ct1_Original_usl_tsne_fit_13.pdf
-- 25/373 [6.7%], loss=0.6362, dgw=0.6362, reg=0.0000, time=35.63s.
-- 50/373 [13.4%], loss=0.5853, dgw=0.5853, reg=0.0000, time=32.83s.
-- 75/373 [20.1%], loss=0.6618, dgw=0.6618, reg=0.0000, time=27.24s.
-- 100/373 [26.8%], loss=0.6735, dgw=0.6735, reg=0.0000, time=26.55s.
-- 125/373 [33.5%], loss=0.6403, dgw=0.6403, reg=0.0000, time=34.19s.
-- 150/373 [40.2%], loss=0.6302, dgw=0.6302, reg=0.0000, time=28.28s.
-- 175/373 [46.9%], loss=0.6662, dgw=0.6662, reg=0.0000, time=34.41s.
-- 200/373 [53.6%], loss=0.6579, dgw=0.6579, reg=0.0000, time=33.51s.
-- 225/373 [60.3%], loss=0.6298, dgw=0.6298, reg=0.0000, time=30.80s.
-- 250/373 [67.0%], loss=0.6500, dgw=0.6500, reg=0.0000, time=26.27s.
-- 275/373 [73.7%], loss=0.6196, dgw=0.6196, reg=0.0000, time=28.88s.
-- 300/373 [80.4%], loss=0.6236, dgw=0.6236, reg=0.0000, time=22.74s.
-- 325/373 [87.1%], loss=0.6577, dgw=0.6577, reg=0.0000, time=26.24s.
-- 350/373 [93.8%], loss=0.6402, dgw=0.6402, reg=0.0000, time=31.36s.
-- 373/373 [100.0%], loss=0.6335, dgw=0.6335, reg=0.0000, time=26.56s.
fit: Epoch 14/15, loss = 0.6404, best loss = 0.1199
results/tumblr_ct1_Original_usl_tsne_fit_14.pdf
-- 25/373 [6.7%], loss=0.6486, dgw=0.6486, reg=0.0000, time=29.77s.
-- 50/373 [13.4%], loss=0.6664, dgw=0.6664, reg=0.0000, time=31.44s.
-- 75/373 [20.1%], loss=0.6371, dgw=0.6371, reg=0.0000, time=29.43s.
-- 100/373 [26.8%], loss=0.6443, dgw=0.6443, reg=0.0000, time=32.23s.
-- 125/373 [33.5%], loss=0.6495, dgw=0.6495, reg=0.0000, time=32.00s.
-- 150/373 [40.2%], loss=0.6293, dgw=0.6293, reg=0.0000, time=28.14s.
-- 175/373 [46.9%], loss=0.6575, dgw=0.6575, reg=0.0000, time=30.88s.
-- 200/373 [53.6%], loss=0.6577, dgw=0.6577, reg=0.0000, time=30.15s.
-- 225/373 [60.3%], loss=0.6237, dgw=0.6237, reg=0.0000, time=28.34s.
-- 250/373 [67.0%], loss=0.5858, dgw=0.5858, reg=0.0000, time=40.35s.
-- 275/373 [73.7%], loss=0.6498, dgw=0.6498, reg=0.0000, time=42.74s.
-- 300/373 [80.4%], loss=0.6161, dgw=0.6161, reg=0.0000, time=28.90s.
-- 325/373 [87.1%], loss=0.6098, dgw=0.6098, reg=0.0000, time=27.35s.
-- 350/373 [93.8%], loss=0.6309, dgw=0.6309, reg=0.0000, time=28.97s.
-- 373/373 [100.0%], loss=0.6556, dgw=0.6556, reg=0.0000, time=25.15s.
fit: Epoch 15/15, loss = 0.6374, best loss = 0.1199
results/tumblr_ct1_Original_usl_tsne_fit_15.pdf
Best Acc  : 0.5093833780160858
Rand Score: 0.49883248291965754
Done!
