-- 25/373 [6.7%], loss=0.2560, dgw=0.2560, reg=0.0000, time=382.03s.
-- 50/373 [13.4%], loss=0.2529, dgw=0.2529, reg=0.0000, time=256.20s.
-- 75/373 [20.1%], loss=0.2519, dgw=0.2519, reg=0.0000, time=380.33s.
-- 100/373 [26.8%], loss=0.2487, dgw=0.2487, reg=0.0000, time=353.39s.
-- 125/373 [33.5%], loss=0.2465, dgw=0.2465, reg=0.0000, time=317.22s.
-- 150/373 [40.2%], loss=0.2427, dgw=0.2427, reg=0.0000, time=220.96s.
-- 175/373 [46.9%], loss=0.2415, dgw=0.2415, reg=0.0000, time=324.74s.
-- 200/373 [53.6%], loss=0.2387, dgw=0.2387, reg=0.0000, time=252.27s.
-- 225/373 [60.3%], loss=0.2374, dgw=0.2374, reg=0.0000, time=317.82s.
-- 250/373 [67.0%], loss=0.2357, dgw=0.2357, reg=0.0000, time=320.05s.
-- 275/373 [73.7%], loss=0.2333, dgw=0.2333, reg=0.0000, time=270.74s.
-- 300/373 [80.4%], loss=0.2321, dgw=0.2321, reg=0.0000, time=343.65s.
-- 325/373 [87.1%], loss=0.2288, dgw=0.2288, reg=0.0000, time=282.63s.
-- 350/373 [93.8%], loss=0.2271, dgw=0.2271, reg=0.0000, time=329.43s.
-- 373/373 [100.0%], loss=0.2246, dgw=0.2246, reg=0.0000, time=259.46s.
fit: Epoch 1/15, loss = 0.2399, best loss = 0.2399
results/tumblr_ct1_Original_usl_tsne_fit_1.pdf
-- 25/373 [6.7%], loss=0.2235, dgw=0.2235, reg=0.0000, time=352.09s.
-- 50/373 [13.4%], loss=0.2206, dgw=0.2206, reg=0.0000, time=272.82s.
-- 75/373 [20.1%], loss=0.2184, dgw=0.2184, reg=0.0000, time=265.30s.
-- 100/373 [26.8%], loss=0.2165, dgw=0.2165, reg=0.0000, time=316.16s.
-- 125/373 [33.5%], loss=0.2145, dgw=0.2145, reg=0.0000, time=308.22s.
-- 150/373 [40.2%], loss=0.2121, dgw=0.2121, reg=0.0000, time=306.55s.
-- 175/373 [46.9%], loss=0.2108, dgw=0.2108, reg=0.0000, time=384.83s.
-- 200/373 [53.6%], loss=0.2087, dgw=0.2087, reg=0.0000, time=273.77s.
-- 225/373 [60.3%], loss=0.2067, dgw=0.2067, reg=0.0000, time=355.78s.
-- 250/373 [67.0%], loss=0.2041, dgw=0.2041, reg=0.0000, time=332.32s.
-- 275/373 [73.7%], loss=0.2021, dgw=0.2021, reg=0.0000, time=278.38s.
-- 300/373 [80.4%], loss=0.2008, dgw=0.2008, reg=0.0000, time=349.70s.
-- 325/373 [87.1%], loss=0.1993, dgw=0.1993, reg=0.0000, time=297.30s.
-- 350/373 [93.8%], loss=0.1972, dgw=0.1972, reg=0.0000, time=314.97s.
-- 373/373 [100.0%], loss=0.1951, dgw=0.1951, reg=0.0000, time=298.26s.
fit: Epoch 2/15, loss = 0.2088, best loss = 0.2088
results/tumblr_ct1_Original_usl_tsne_fit_2.pdf
-- 25/373 [6.7%], loss=0.1934, dgw=0.1934, reg=0.0000, time=284.04s.
-- 50/373 [13.4%], loss=0.1912, dgw=0.1912, reg=0.0000, time=243.08s.
-- 75/373 [20.1%], loss=0.1897, dgw=0.1897, reg=0.0000, time=338.29s.
-- 100/373 [26.8%], loss=0.1878, dgw=0.1878, reg=0.0000, time=206.28s.
-- 125/373 [33.5%], loss=0.1871, dgw=0.1871, reg=0.0000, time=231.65s.
-- 150/373 [40.2%], loss=0.1846, dgw=0.1846, reg=0.0000, time=317.85s.
-- 175/373 [46.9%], loss=0.1825, dgw=0.1825, reg=0.0000, time=219.24s.
-- 200/373 [53.6%], loss=0.1812, dgw=0.1812, reg=0.0000, time=234.83s.
-- 225/373 [60.3%], loss=0.1796, dgw=0.1796, reg=0.0000, time=275.63s.
-- 250/373 [67.0%], loss=0.1778, dgw=0.1778, reg=0.0000, time=312.17s.
-- 275/373 [73.7%], loss=0.1759, dgw=0.1759, reg=0.0000, time=251.81s.
-- 300/373 [80.4%], loss=0.1730, dgw=0.1730, reg=0.0000, time=227.55s.
-- 325/373 [87.1%], loss=0.1726, dgw=0.1726, reg=0.0000, time=264.82s.
-- 350/373 [93.8%], loss=0.1802, dgw=0.1802, reg=0.0000, time=136.08s.
-- 373/373 [100.0%], loss=0.2001, dgw=0.2001, reg=0.0000, time=215.74s.
fit: Epoch 3/15, loss = 0.1837, best loss = 0.1837
results/tumblr_ct1_Original_usl_tsne_fit_3.pdf
-- 25/373 [6.7%], loss=0.1777, dgw=0.1777, reg=0.0000, time=245.45s.
-- 50/373 [13.4%], loss=0.1840, dgw=0.1840, reg=0.0000, time=256.21s.
-- 75/373 [20.1%], loss=0.1801, dgw=0.1801, reg=0.0000, time=171.67s.
-- 100/373 [26.8%], loss=0.1776, dgw=0.1776, reg=0.0000, time=196.72s.
-- 125/373 [33.5%], loss=0.1719, dgw=0.1719, reg=0.0000, time=166.67s.
-- 150/373 [40.2%], loss=0.1796, dgw=0.1796, reg=0.0000, time=155.20s.
-- 175/373 [46.9%], loss=0.1578, dgw=0.1578, reg=0.0000, time=167.55s.
-- 200/373 [53.6%], loss=0.1560, dgw=0.1560, reg=0.0000, time=151.85s.
-- 225/373 [60.3%], loss=0.1635, dgw=0.1635, reg=0.0000, time=159.68s.
-- 250/373 [67.0%], loss=0.1544, dgw=0.1544, reg=0.0000, time=156.65s.
-- 275/373 [73.7%], loss=0.1582, dgw=0.1582, reg=0.0000, time=162.30s.
-- 300/373 [80.4%], loss=0.1602, dgw=0.1602, reg=0.0000, time=140.31s.
-- 325/373 [87.1%], loss=0.1580, dgw=0.1580, reg=0.0000, time=179.92s.
-- 350/373 [93.8%], loss=0.1491, dgw=0.1491, reg=0.0000, time=176.84s.
-- 373/373 [100.0%], loss=0.1474, dgw=0.1474, reg=0.0000, time=163.82s.
fit: Epoch 4/15, loss = 0.1651, best loss = 0.1651
results/tumblr_ct1_Original_usl_tsne_fit_4.pdf
-- 25/373 [6.7%], loss=0.1449, dgw=0.1449, reg=0.0000, time=159.45s.
-- 50/373 [13.4%], loss=0.1444, dgw=0.1444, reg=0.0000, time=176.71s.
-- 75/373 [20.1%], loss=0.1439, dgw=0.1439, reg=0.0000, time=159.32s.
-- 100/373 [26.8%], loss=0.1424, dgw=0.1424, reg=0.0000, time=191.63s.
-- 125/373 [33.5%], loss=0.1412, dgw=0.1412, reg=0.0000, time=157.17s.
-- 150/373 [40.2%], loss=0.1381, dgw=0.1381, reg=0.0000, time=198.86s.
-- 175/373 [46.9%], loss=0.1397, dgw=0.1397, reg=0.0000, time=233.61s.
-- 200/373 [53.6%], loss=0.1366, dgw=0.1366, reg=0.0000, time=240.23s.
-- 225/373 [60.3%], loss=0.1352, dgw=0.1352, reg=0.0000, time=144.16s.
-- 250/373 [67.0%], loss=0.1348, dgw=0.1348, reg=0.0000, time=172.42s.
-- 275/373 [73.7%], loss=0.1335, dgw=0.1335, reg=0.0000, time=223.15s.
-- 300/373 [80.4%], loss=0.1322, dgw=0.1322, reg=0.0000, time=168.49s.
-- 325/373 [87.1%], loss=0.1311, dgw=0.1311, reg=0.0000, time=99.53s.
-- 350/373 [93.8%], loss=0.1370, dgw=0.1370, reg=0.0000, time=151.16s.
-- 373/373 [100.0%], loss=0.1373, dgw=0.1373, reg=0.0000, time=159.09s.
fit: Epoch 5/15, loss = 0.1382, best loss = 0.1382
results/tumblr_ct1_Original_usl_tsne_fit_5.pdf
-- 25/373 [6.7%], loss=0.1260, dgw=0.1260, reg=0.0000, time=183.39s.
-- 50/373 [13.4%], loss=0.1260, dgw=0.1260, reg=0.0000, time=140.18s.
-- 75/373 [20.1%], loss=0.1236, dgw=0.1236, reg=0.0000, time=131.50s.
-- 100/373 [26.8%], loss=0.1235, dgw=0.1235, reg=0.0000, time=164.67s.
-- 125/373 [33.5%], loss=0.1232, dgw=0.1232, reg=0.0000, time=114.99s.
-- 150/373 [40.2%], loss=0.1219, dgw=0.1219, reg=0.0000, time=127.72s.
-- 175/373 [46.9%], loss=0.1200, dgw=0.1200, reg=0.0000, time=113.97s.
-- 200/373 [53.6%], loss=0.1216, dgw=0.1216, reg=0.0000, time=107.73s.
-- 225/373 [60.3%], loss=0.1192, dgw=0.1192, reg=0.0000, time=114.58s.
-- 250/373 [67.0%], loss=0.1379, dgw=0.1379, reg=0.0000, time=141.46s.
-- 275/373 [73.7%], loss=0.1250, dgw=0.1250, reg=0.0000, time=145.41s.
-- 300/373 [80.4%], loss=0.1163, dgw=0.1163, reg=0.0000, time=149.23s.
-- 325/373 [87.1%], loss=0.1153, dgw=0.1153, reg=0.0000, time=173.68s.
-- 350/373 [93.8%], loss=0.1140, dgw=0.1140, reg=0.0000, time=126.84s.
-- 373/373 [100.0%], loss=0.1140, dgw=0.1140, reg=0.0000, time=80.05s.
fit: Epoch 6/15, loss = 0.1219, best loss = 0.1219
results/tumblr_ct1_Original_usl_tsne_fit_6.pdf
-- 25/373 [6.7%], loss=0.1117, dgw=0.1117, reg=0.0000, time=130.53s.
-- 50/373 [13.4%], loss=0.1097, dgw=0.1097, reg=0.0000, time=105.95s.
-- 75/373 [20.1%], loss=0.1102, dgw=0.1102, reg=0.0000, time=98.38s.
-- 100/373 [26.8%], loss=0.1097, dgw=0.1097, reg=0.0000, time=153.93s.
-- 125/373 [33.5%], loss=0.1092, dgw=0.1092, reg=0.0000, time=139.10s.
-- 150/373 [40.2%], loss=0.1064, dgw=0.1064, reg=0.0000, time=147.66s.
-- 175/373 [46.9%], loss=0.1084, dgw=0.1084, reg=0.0000, time=114.56s.
-- 200/373 [53.6%], loss=0.1055, dgw=0.1055, reg=0.0000, time=123.26s.
-- 225/373 [60.3%], loss=0.1037, dgw=0.1037, reg=0.0000, time=122.56s.
-- 250/373 [67.0%], loss=0.1031, dgw=0.1031, reg=0.0000, time=135.87s.
-- 275/373 [73.7%], loss=0.1022, dgw=0.1022, reg=0.0000, time=193.80s.
-- 300/373 [80.4%], loss=0.1014, dgw=0.1014, reg=0.0000, time=238.51s.
-- 325/373 [87.1%], loss=0.1026, dgw=0.1026, reg=0.0000, time=198.61s.
-- 350/373 [93.8%], loss=0.1009, dgw=0.1009, reg=0.0000, time=152.99s.
-- 373/373 [100.0%], loss=0.0984, dgw=0.0984, reg=0.0000, time=135.81s.
fit: Epoch 7/15, loss = 0.1056, best loss = 0.1056
results/tumblr_ct1_Original_usl_tsne_fit_7.pdf
-- 25/373 [6.7%], loss=0.0987, dgw=0.0987, reg=0.0000, time=102.37s.
-- 50/373 [13.4%], loss=0.0994, dgw=0.0994, reg=0.0000, time=118.36s.
-- 75/373 [20.1%], loss=0.0977, dgw=0.0977, reg=0.0000, time=88.35s.
-- 100/373 [26.8%], loss=0.0951, dgw=0.0951, reg=0.0000, time=109.90s.
-- 125/373 [33.5%], loss=0.0968, dgw=0.0968, reg=0.0000, time=106.95s.
-- 150/373 [40.2%], loss=0.0944, dgw=0.0944, reg=0.0000, time=101.08s.
-- 175/373 [46.9%], loss=0.0944, dgw=0.0944, reg=0.0000, time=95.94s.
-- 200/373 [53.6%], loss=0.0934, dgw=0.0934, reg=0.0000, time=93.18s.
-- 225/373 [60.3%], loss=0.0922, dgw=0.0922, reg=0.0000, time=118.33s.
-- 250/373 [67.0%], loss=0.0914, dgw=0.0914, reg=0.0000, time=142.74s.
-- 275/373 [73.7%], loss=0.0933, dgw=0.0933, reg=0.0000, time=144.24s.
-- 300/373 [80.4%], loss=0.0906, dgw=0.0906, reg=0.0000, time=136.34s.
-- 325/373 [87.1%], loss=0.0894, dgw=0.0894, reg=0.0000, time=118.16s.
-- 350/373 [93.8%], loss=0.0877, dgw=0.0877, reg=0.0000, time=142.86s.
-- 373/373 [100.0%], loss=0.0887, dgw=0.0887, reg=0.0000, time=106.19s.
fit: Epoch 8/15, loss = 0.0936, best loss = 0.0936
results/tumblr_ct1_Original_usl_tsne_fit_8.pdf
-- 25/373 [6.7%], loss=0.0870, dgw=0.0870, reg=0.0000, time=125.05s.
-- 50/373 [13.4%], loss=0.0855, dgw=0.0855, reg=0.0000, time=99.45s.
-- 75/373 [20.1%], loss=0.0864, dgw=0.0864, reg=0.0000, time=92.32s.
-- 100/373 [26.8%], loss=0.0869, dgw=0.0869, reg=0.0000, time=74.50s.
-- 125/373 [33.5%], loss=0.0851, dgw=0.0851, reg=0.0000, time=110.49s.
-- 150/373 [40.2%], loss=0.0856, dgw=0.0856, reg=0.0000, time=153.40s.
-- 175/373 [46.9%], loss=0.0858, dgw=0.0858, reg=0.0000, time=138.77s.
-- 200/373 [53.6%], loss=0.0829, dgw=0.0829, reg=0.0000, time=121.93s.
-- 225/373 [60.3%], loss=0.0854, dgw=0.0854, reg=0.0000, time=104.75s.
-- 250/373 [67.0%], loss=0.0829, dgw=0.0829, reg=0.0000, time=92.57s.
-- 275/373 [73.7%], loss=0.0815, dgw=0.0815, reg=0.0000, time=108.34s.
-- 300/373 [80.4%], loss=0.0787, dgw=0.0787, reg=0.0000, time=94.44s.
-- 325/373 [87.1%], loss=0.0790, dgw=0.0790, reg=0.0000, time=99.59s.
-- 350/373 [93.8%], loss=0.0803, dgw=0.0803, reg=0.0000, time=99.14s.
-- 373/373 [100.0%], loss=0.0799, dgw=0.0799, reg=0.0000, time=61.03s.
fit: Epoch 9/15, loss = 0.0835, best loss = 0.0835
results/tumblr_ct1_Original_usl_tsne_fit_9.pdf
-- 25/373 [6.7%], loss=0.0780, dgw=0.0780, reg=0.0000, time=53.54s.
-- 50/373 [13.4%], loss=0.0782, dgw=0.0782, reg=0.0000, time=43.17s.
-- 75/373 [20.1%], loss=0.0793, dgw=0.0793, reg=0.0000, time=58.57s.
-- 100/373 [26.8%], loss=0.0755, dgw=0.0755, reg=0.0000, time=89.19s.
-- 125/373 [33.5%], loss=0.0765, dgw=0.0765, reg=0.0000, time=97.35s.
-- 150/373 [40.2%], loss=0.0761, dgw=0.0761, reg=0.0000, time=57.41s.
-- 175/373 [46.9%], loss=0.0735, dgw=0.0735, reg=0.0000, time=49.51s.
-- 200/373 [53.6%], loss=0.0763, dgw=0.0763, reg=0.0000, time=47.52s.
-- 225/373 [60.3%], loss=0.0747, dgw=0.0747, reg=0.0000, time=67.70s.
-- 250/373 [67.0%], loss=0.0745, dgw=0.0745, reg=0.0000, time=72.34s.
-- 275/373 [73.7%], loss=0.0735, dgw=0.0735, reg=0.0000, time=54.47s.
-- 300/373 [80.4%], loss=0.0733, dgw=0.0733, reg=0.0000, time=47.71s.
-- 325/373 [87.1%], loss=0.0721, dgw=0.0721, reg=0.0000, time=56.83s.
-- 350/373 [93.8%], loss=0.0738, dgw=0.0738, reg=0.0000, time=43.30s.
-- 373/373 [100.0%], loss=0.0713, dgw=0.0713, reg=0.0000, time=51.04s.
fit: Epoch 10/15, loss = 0.0751, best loss = 0.0751
results/tumblr_ct1_Original_usl_tsne_fit_10.pdf
-- 25/373 [6.7%], loss=0.0700, dgw=0.0700, reg=0.0000, time=57.91s.
-- 50/373 [13.4%], loss=0.0698, dgw=0.0698, reg=0.0000, time=68.80s.
-- 75/373 [20.1%], loss=0.0683, dgw=0.0683, reg=0.0000, time=57.80s.
-- 100/373 [26.8%], loss=0.0700, dgw=0.0700, reg=0.0000, time=53.87s.
-- 125/373 [33.5%], loss=0.0689, dgw=0.0689, reg=0.0000, time=52.84s.
-- 150/373 [40.2%], loss=0.0702, dgw=0.0702, reg=0.0000, time=46.63s.
-- 175/373 [46.9%], loss=0.0687, dgw=0.0687, reg=0.0000, time=48.18s.
-- 200/373 [53.6%], loss=0.0682, dgw=0.0682, reg=0.0000, time=37.66s.
-- 225/373 [60.3%], loss=0.0699, dgw=0.0699, reg=0.0000, time=40.06s.
-- 250/373 [67.0%], loss=0.0656, dgw=0.0656, reg=0.0000, time=46.51s.
-- 275/373 [73.7%], loss=0.0686, dgw=0.0686, reg=0.0000, time=43.09s.
-- 300/373 [80.4%], loss=0.0657, dgw=0.0657, reg=0.0000, time=40.90s.
-- 325/373 [87.1%], loss=0.0670, dgw=0.0670, reg=0.0000, time=44.28s.
-- 350/373 [93.8%], loss=0.0629, dgw=0.0629, reg=0.0000, time=42.95s.
-- 373/373 [100.0%], loss=0.0668, dgw=0.0668, reg=0.0000, time=24.54s.
fit: Epoch 11/15, loss = 0.0680, best loss = 0.0680
results/tumblr_ct1_Original_usl_tsne_fit_11.pdf
-- 25/373 [6.7%], loss=0.0655, dgw=0.0655, reg=0.0000, time=31.06s.
-- 50/373 [13.4%], loss=0.0646, dgw=0.0646, reg=0.0000, time=27.79s.
-- 75/373 [20.1%], loss=0.0633, dgw=0.0633, reg=0.0000, time=28.68s.
-- 100/373 [26.8%], loss=0.0639, dgw=0.0639, reg=0.0000, time=29.04s.
-- 125/373 [33.5%], loss=0.0652, dgw=0.0652, reg=0.0000, time=29.70s.
-- 150/373 [40.2%], loss=0.0613, dgw=0.0613, reg=0.0000, time=28.92s.
-- 175/373 [46.9%], loss=0.0619, dgw=0.0619, reg=0.0000, time=27.68s.
-- 200/373 [53.6%], loss=0.0621, dgw=0.0621, reg=0.0000, time=35.03s.
-- 225/373 [60.3%], loss=0.0584, dgw=0.0584, reg=0.0000, time=31.10s.
-- 250/373 [67.0%], loss=0.0674, dgw=0.0674, reg=0.0000, time=39.30s.
-- 275/373 [73.7%], loss=0.0626, dgw=0.0626, reg=0.0000, time=34.11s.
-- 300/373 [80.4%], loss=0.0620, dgw=0.0620, reg=0.0000, time=28.28s.
-- 325/373 [87.1%], loss=0.0594, dgw=0.0594, reg=0.0000, time=32.54s.
-- 350/373 [93.8%], loss=0.0595, dgw=0.0595, reg=0.0000, time=28.03s.
-- 373/373 [100.0%], loss=0.0677, dgw=0.0677, reg=0.0000, time=30.88s.
fit: Epoch 12/15, loss = 0.0630, best loss = 0.0630
results/tumblr_ct1_Original_usl_tsne_fit_12.pdf
-- 25/373 [6.7%], loss=0.0581, dgw=0.0581, reg=0.0000, time=35.97s.
-- 50/373 [13.4%], loss=0.0583, dgw=0.0583, reg=0.0000, time=25.92s.
-- 75/373 [20.1%], loss=0.0590, dgw=0.0590, reg=0.0000, time=40.51s.
-- 100/373 [26.8%], loss=0.0657, dgw=0.0657, reg=0.0000, time=50.61s.
-- 125/373 [33.5%], loss=0.0568, dgw=0.0568, reg=0.0000, time=29.23s.
-- 150/373 [40.2%], loss=0.0592, dgw=0.0592, reg=0.0000, time=30.58s.
-- 175/373 [46.9%], loss=0.0603, dgw=0.0603, reg=0.0000, time=31.18s.
-- 200/373 [53.6%], loss=0.0542, dgw=0.0542, reg=0.0000, time=28.44s.
-- 225/373 [60.3%], loss=0.0564, dgw=0.0564, reg=0.0000, time=27.74s.
-- 250/373 [67.0%], loss=0.0635, dgw=0.0635, reg=0.0000, time=26.50s.
-- 275/373 [73.7%], loss=0.0549, dgw=0.0549, reg=0.0000, time=25.53s.
-- 300/373 [80.4%], loss=0.0558, dgw=0.0558, reg=0.0000, time=32.63s.
-- 325/373 [87.1%], loss=0.0550, dgw=0.0550, reg=0.0000, time=28.38s.
-- 350/373 [93.8%], loss=0.0565, dgw=0.0565, reg=0.0000, time=25.02s.
-- 373/373 [100.0%], loss=0.0542, dgw=0.0542, reg=0.0000, time=27.45s.
fit: Epoch 13/15, loss = 0.0579, best loss = 0.0579
results/tumblr_ct1_Original_usl_tsne_fit_13.pdf
-- 25/373 [6.7%], loss=0.0555, dgw=0.0555, reg=0.0000, time=37.15s.
-- 50/373 [13.4%], loss=0.0540, dgw=0.0540, reg=0.0000, time=32.01s.
-- 75/373 [20.1%], loss=0.0628, dgw=0.0628, reg=0.0000, time=30.83s.
-- 100/373 [26.8%], loss=0.0526, dgw=0.0526, reg=0.0000, time=33.00s.
-- 125/373 [33.5%], loss=0.0551, dgw=0.0551, reg=0.0000, time=38.65s.
-- 150/373 [40.2%], loss=0.0513, dgw=0.0513, reg=0.0000, time=40.37s.
-- 175/373 [46.9%], loss=0.0521, dgw=0.0521, reg=0.0000, time=35.80s.
-- 200/373 [53.6%], loss=0.0511, dgw=0.0511, reg=0.0000, time=31.39s.
-- 225/373 [60.3%], loss=0.0511, dgw=0.0511, reg=0.0000, time=35.44s.
-- 250/373 [67.0%], loss=0.0592, dgw=0.0592, reg=0.0000, time=31.77s.
-- 275/373 [73.7%], loss=0.0528, dgw=0.0528, reg=0.0000, time=29.18s.
-- 300/373 [80.4%], loss=0.0516, dgw=0.0516, reg=0.0000, time=33.47s.
-- 325/373 [87.1%], loss=0.0495, dgw=0.0495, reg=0.0000, time=35.59s.
-- 350/373 [93.8%], loss=0.0508, dgw=0.0508, reg=0.0000, time=31.72s.
-- 373/373 [100.0%], loss=0.0536, dgw=0.0536, reg=0.0000, time=27.84s.
fit: Epoch 14/15, loss = 0.0536, best loss = 0.0536
results/tumblr_ct1_Original_usl_tsne_fit_14.pdf
-- 25/373 [6.7%], loss=0.0585, dgw=0.0585, reg=0.0000, time=28.69s.
-- 50/373 [13.4%], loss=0.0498, dgw=0.0498, reg=0.0000, time=27.43s.
-- 75/373 [20.1%], loss=0.0499, dgw=0.0499, reg=0.0000, time=29.15s.
-- 100/373 [26.8%], loss=0.0512, dgw=0.0512, reg=0.0000, time=29.25s.
-- 125/373 [33.5%], loss=0.0510, dgw=0.0510, reg=0.0000, time=25.32s.
-- 150/373 [40.2%], loss=0.0494, dgw=0.0494, reg=0.0000, time=27.84s.
-- 175/373 [46.9%], loss=0.0500, dgw=0.0500, reg=0.0000, time=28.59s.
-- 200/373 [53.6%], loss=0.0478, dgw=0.0478, reg=0.0000, time=32.77s.
-- 225/373 [60.3%], loss=0.0572, dgw=0.0572, reg=0.0000, time=23.08s.
-- 250/373 [67.0%], loss=0.0459, dgw=0.0459, reg=0.0000, time=26.72s.
-- 275/373 [73.7%], loss=0.0479, dgw=0.0479, reg=0.0000, time=24.69s.
-- 300/373 [80.4%], loss=0.0493, dgw=0.0493, reg=0.0000, time=27.14s.
-- 325/373 [87.1%], loss=0.0483, dgw=0.0483, reg=0.0000, time=29.08s.
-- 350/373 [93.8%], loss=0.0450, dgw=0.0450, reg=0.0000, time=29.99s.
-- 373/373 [100.0%], loss=0.0475, dgw=0.0475, reg=0.0000, time=23.82s.
fit: Epoch 15/15, loss = 0.0499, best loss = 0.0499
results/tumblr_ct1_Original_usl_tsne_fit_15.pdf
Best Acc  : 0.514745308310992
Rand Score: 0.49909193115973366
Done!
