-- 25/344 [7.3%], loss=0.2115, dgw=0.2115, reg=0.0000, time=8.17s.
-- 50/344 [14.5%], loss=0.2179, dgw=0.2179, reg=0.0000, time=13.67s.
-- 75/344 [21.8%], loss=0.2086, dgw=0.2086, reg=0.0000, time=15.01s.
-- 100/344 [29.1%], loss=0.2109, dgw=0.2109, reg=0.0000, time=19.44s.
-- 125/344 [36.3%], loss=0.2057, dgw=0.2057, reg=0.0000, time=15.39s.
-- 150/344 [43.6%], loss=0.2053, dgw=0.2053, reg=0.0000, time=16.24s.
-- 175/344 [50.9%], loss=0.2032, dgw=0.2032, reg=0.0000, time=14.95s.
-- 200/344 [58.1%], loss=0.2067, dgw=0.2067, reg=0.0000, time=24.43s.
-- 225/344 [65.4%], loss=0.2040, dgw=0.2040, reg=0.0000, time=28.49s.
-- 250/344 [72.7%], loss=0.2031, dgw=0.2031, reg=0.0000, time=31.52s.
-- 275/344 [79.9%], loss=0.1953, dgw=0.1953, reg=0.0000, time=34.81s.
-- 300/344 [87.2%], loss=0.1929, dgw=0.1929, reg=0.0000, time=41.35s.
-- 325/344 [94.5%], loss=0.1857, dgw=0.1857, reg=0.0000, time=42.94s.
-- 344/344 [100.0%], loss=0.1865, dgw=0.1865, reg=0.0000, time=27.48s.
fit: Epoch 1/15, loss = 0.2029, best loss = 0.2029
results/PTC_MR_Our_Iter_usl_tsne_fit_1.pdf
-- 25/344 [7.3%], loss=0.2011, dgw=0.2011, reg=0.0000, time=31.95s.
-- 50/344 [14.5%], loss=0.1907, dgw=0.1907, reg=0.0000, time=47.04s.
-- 75/344 [21.8%], loss=0.1825, dgw=0.1825, reg=0.0000, time=52.87s.
-- 100/344 [29.1%], loss=0.1910, dgw=0.1910, reg=0.0000, time=42.81s.
-- 125/344 [36.3%], loss=0.1803, dgw=0.1803, reg=0.0000, time=47.38s.
-- 150/344 [43.6%], loss=0.1783, dgw=0.1783, reg=0.0000, time=29.55s.
-- 175/344 [50.9%], loss=0.1740, dgw=0.1740, reg=0.0000, time=49.51s.
-- 200/344 [58.1%], loss=0.1789, dgw=0.1789, reg=0.0000, time=42.13s.
-- 225/344 [65.4%], loss=0.1782, dgw=0.1782, reg=0.0000, time=39.35s.
-- 250/344 [72.7%], loss=0.1842, dgw=0.1842, reg=0.0000, time=53.43s.
-- 275/344 [79.9%], loss=0.1686, dgw=0.1686, reg=0.0000, time=57.04s.
-- 300/344 [87.2%], loss=0.1714, dgw=0.1714, reg=0.0000, time=49.07s.
-- 325/344 [94.5%], loss=0.1805, dgw=0.1805, reg=0.0000, time=40.62s.
-- 344/344 [100.0%], loss=0.1723, dgw=0.1723, reg=0.0000, time=31.87s.
fit: Epoch 2/15, loss = 0.1810, best loss = 0.1810
results/PTC_MR_Our_Iter_usl_tsne_fit_2.pdf
-- 25/344 [7.3%], loss=0.1737, dgw=0.1737, reg=0.0000, time=41.85s.
-- 50/344 [14.5%], loss=0.1639, dgw=0.1639, reg=0.0000, time=41.18s.
-- 75/344 [21.8%], loss=0.1649, dgw=0.1649, reg=0.0000, time=38.60s.
-- 100/344 [29.1%], loss=0.1731, dgw=0.1731, reg=0.0000, time=40.60s.
-- 125/344 [36.3%], loss=0.1630, dgw=0.1630, reg=0.0000, time=52.40s.
-- 150/344 [43.6%], loss=0.1662, dgw=0.1662, reg=0.0000, time=50.36s.
-- 175/344 [50.9%], loss=0.1584, dgw=0.1584, reg=0.0000, time=40.03s.
-- 200/344 [58.1%], loss=0.1611, dgw=0.1611, reg=0.0000, time=40.58s.
-- 225/344 [65.4%], loss=0.1597, dgw=0.1597, reg=0.0000, time=39.44s.
-- 250/344 [72.7%], loss=0.1686, dgw=0.1686, reg=0.0000, time=48.72s.
-- 275/344 [79.9%], loss=0.1448, dgw=0.1448, reg=0.0000, time=56.37s.
-- 300/344 [87.2%], loss=0.1490, dgw=0.1490, reg=0.0000, time=49.47s.
-- 325/344 [94.5%], loss=0.1582, dgw=0.1582, reg=0.0000, time=39.52s.
-- 344/344 [100.0%], loss=0.1586, dgw=0.1586, reg=0.0000, time=41.48s.
fit: Epoch 3/15, loss = 0.1617, best loss = 0.1617
results/PTC_MR_Our_Iter_usl_tsne_fit_3.pdf
-- 25/344 [7.3%], loss=0.1561, dgw=0.1561, reg=0.0000, time=34.29s.
-- 50/344 [14.5%], loss=0.1546, dgw=0.1546, reg=0.0000, time=42.98s.
-- 75/344 [21.8%], loss=0.1518, dgw=0.1518, reg=0.0000, time=33.57s.
-- 100/344 [29.1%], loss=0.1424, dgw=0.1424, reg=0.0000, time=35.95s.
-- 125/344 [36.3%], loss=0.1480, dgw=0.1480, reg=0.0000, time=50.05s.
-- 150/344 [43.6%], loss=0.1539, dgw=0.1539, reg=0.0000, time=47.77s.
-- 175/344 [50.9%], loss=0.1482, dgw=0.1482, reg=0.0000, time=63.31s.
-- 200/344 [58.1%], loss=0.1525, dgw=0.1525, reg=0.0000, time=56.46s.
-- 225/344 [65.4%], loss=0.1350, dgw=0.1350, reg=0.0000, time=47.03s.
-- 250/344 [72.7%], loss=0.1366, dgw=0.1366, reg=0.0000, time=40.42s.
-- 275/344 [79.9%], loss=0.1430, dgw=0.1430, reg=0.0000, time=46.94s.
-- 300/344 [87.2%], loss=0.1422, dgw=0.1422, reg=0.0000, time=46.78s.
-- 325/344 [94.5%], loss=0.1263, dgw=0.1263, reg=0.0000, time=60.73s.
-- 344/344 [100.0%], loss=0.1366, dgw=0.1366, reg=0.0000, time=39.03s.
fit: Epoch 4/15, loss = 0.1449, best loss = 0.1449
results/PTC_MR_Our_Iter_usl_tsne_fit_4.pdf
-- 25/344 [7.3%], loss=0.1369, dgw=0.1369, reg=0.0000, time=41.70s.
-- 50/344 [14.5%], loss=0.1289, dgw=0.1289, reg=0.0000, time=39.48s.
-- 75/344 [21.8%], loss=0.1407, dgw=0.1407, reg=0.0000, time=60.56s.
-- 100/344 [29.1%], loss=0.1373, dgw=0.1373, reg=0.0000, time=50.04s.
-- 125/344 [36.3%], loss=0.1354, dgw=0.1354, reg=0.0000, time=40.07s.
-- 150/344 [43.6%], loss=0.1323, dgw=0.1323, reg=0.0000, time=46.84s.
-- 175/344 [50.9%], loss=0.1303, dgw=0.1303, reg=0.0000, time=33.94s.
-- 200/344 [58.1%], loss=0.1314, dgw=0.1314, reg=0.0000, time=42.94s.
-- 225/344 [65.4%], loss=0.1313, dgw=0.1313, reg=0.0000, time=42.52s.
-- 250/344 [72.7%], loss=0.1258, dgw=0.1258, reg=0.0000, time=35.50s.
-- 275/344 [79.9%], loss=0.1249, dgw=0.1249, reg=0.0000, time=35.90s.
-- 300/344 [87.2%], loss=0.1211, dgw=0.1211, reg=0.0000, time=34.38s.
-- 325/344 [94.5%], loss=0.1284, dgw=0.1284, reg=0.0000, time=61.70s.
-- 344/344 [100.0%], loss=0.1216, dgw=0.1216, reg=0.0000, time=17.10s.
fit: Epoch 5/15, loss = 0.1306, best loss = 0.1306
results/PTC_MR_Our_Iter_usl_tsne_fit_5.pdf
-- 25/344 [7.3%], loss=0.1310, dgw=0.1310, reg=0.0000, time=42.92s.
-- 50/344 [14.5%], loss=0.1215, dgw=0.1215, reg=0.0000, time=33.44s.
-- 75/344 [21.8%], loss=0.1279, dgw=0.1279, reg=0.0000, time=30.12s.
-- 100/344 [29.1%], loss=0.1302, dgw=0.1302, reg=0.0000, time=40.94s.
-- 125/344 [36.3%], loss=0.1158, dgw=0.1158, reg=0.0000, time=39.12s.
-- 150/344 [43.6%], loss=0.1122, dgw=0.1122, reg=0.0000, time=27.24s.
-- 175/344 [50.9%], loss=0.1195, dgw=0.1195, reg=0.0000, time=33.16s.
-- 200/344 [58.1%], loss=0.1222, dgw=0.1222, reg=0.0000, time=41.92s.
-- 225/344 [65.4%], loss=0.1135, dgw=0.1135, reg=0.0000, time=27.49s.
-- 250/344 [72.7%], loss=0.1151, dgw=0.1151, reg=0.0000, time=27.26s.
-- 275/344 [79.9%], loss=0.1203, dgw=0.1203, reg=0.0000, time=52.20s.
-- 300/344 [87.2%], loss=0.1113, dgw=0.1113, reg=0.0000, time=51.88s.
-- 325/344 [94.5%], loss=0.1104, dgw=0.1104, reg=0.0000, time=38.57s.
-- 344/344 [100.0%], loss=0.1021, dgw=0.1021, reg=0.0000, time=21.34s.
fit: Epoch 6/15, loss = 0.1184, best loss = 0.1184
results/PTC_MR_Our_Iter_usl_tsne_fit_6.pdf
-- 25/344 [7.3%], loss=0.1119, dgw=0.1119, reg=0.0000, time=36.31s.
-- 50/344 [14.5%], loss=0.1226, dgw=0.1226, reg=0.0000, time=48.04s.
-- 75/344 [21.8%], loss=0.1038, dgw=0.1038, reg=0.0000, time=41.66s.
-- 100/344 [29.1%], loss=0.1184, dgw=0.1184, reg=0.0000, time=56.08s.
-- 125/344 [36.3%], loss=0.1085, dgw=0.1085, reg=0.0000, time=35.24s.
-- 150/344 [43.6%], loss=0.1062, dgw=0.1062, reg=0.0000, time=41.19s.
-- 175/344 [50.9%], loss=0.1002, dgw=0.1002, reg=0.0000, time=38.48s.
-- 200/344 [58.1%], loss=0.1062, dgw=0.1062, reg=0.0000, time=51.48s.
-- 225/344 [65.4%], loss=0.1018, dgw=0.1018, reg=0.0000, time=52.48s.
-- 250/344 [72.7%], loss=0.1088, dgw=0.1088, reg=0.0000, time=41.99s.
-- 275/344 [79.9%], loss=0.1079, dgw=0.1079, reg=0.0000, time=53.81s.
-- 300/344 [87.2%], loss=0.1103, dgw=0.1103, reg=0.0000, time=51.27s.
-- 325/344 [94.5%], loss=0.1041, dgw=0.1041, reg=0.0000, time=48.21s.
-- 344/344 [100.0%], loss=0.0996, dgw=0.0996, reg=0.0000, time=39.25s.
fit: Epoch 7/15, loss = 0.1080, best loss = 0.1080
results/PTC_MR_Our_Iter_usl_tsne_fit_7.pdf
-- 25/344 [7.3%], loss=0.1048, dgw=0.1048, reg=0.0000, time=41.16s.
-- 50/344 [14.5%], loss=0.0981, dgw=0.0981, reg=0.0000, time=55.27s.
-- 75/344 [21.8%], loss=0.0999, dgw=0.0999, reg=0.0000, time=39.68s.
-- 100/344 [29.1%], loss=0.1001, dgw=0.1001, reg=0.0000, time=44.80s.
-- 125/344 [36.3%], loss=0.0949, dgw=0.0949, reg=0.0000, time=53.71s.
-- 150/344 [43.6%], loss=0.1003, dgw=0.1003, reg=0.0000, time=62.03s.
-- 175/344 [50.9%], loss=0.0957, dgw=0.0957, reg=0.0000, time=55.59s.
-- 200/344 [58.1%], loss=0.1014, dgw=0.1014, reg=0.0000, time=55.69s.
-- 225/344 [65.4%], loss=0.0894, dgw=0.0894, reg=0.0000, time=49.08s.
-- 250/344 [72.7%], loss=0.0968, dgw=0.0968, reg=0.0000, time=50.17s.
-- 275/344 [79.9%], loss=0.1083, dgw=0.1083, reg=0.0000, time=37.79s.
-- 300/344 [87.2%], loss=0.0966, dgw=0.0966, reg=0.0000, time=44.13s.
-- 325/344 [94.5%], loss=0.0958, dgw=0.0958, reg=0.0000, time=39.01s.
-- 344/344 [100.0%], loss=0.1118, dgw=0.1118, reg=0.0000, time=36.74s.
fit: Epoch 8/15, loss = 0.0994, best loss = 0.0994
results/PTC_MR_Our_Iter_usl_tsne_fit_8.pdf
-- 25/344 [7.3%], loss=0.0905, dgw=0.0905, reg=0.0000, time=41.85s.
-- 50/344 [14.5%], loss=0.1032, dgw=0.1032, reg=0.0000, time=50.67s.
-- 75/344 [21.8%], loss=0.1062, dgw=0.1062, reg=0.0000, time=37.35s.
-- 100/344 [29.1%], loss=0.0878, dgw=0.0878, reg=0.0000, time=40.19s.
-- 125/344 [36.3%], loss=0.0915, dgw=0.0915, reg=0.0000, time=40.80s.
-- 150/344 [43.6%], loss=0.0834, dgw=0.0834, reg=0.0000, time=34.35s.
-- 175/344 [50.9%], loss=0.0957, dgw=0.0957, reg=0.0000, time=44.71s.
-- 200/344 [58.1%], loss=0.0861, dgw=0.0861, reg=0.0000, time=40.53s.
-- 225/344 [65.4%], loss=0.0921, dgw=0.0921, reg=0.0000, time=45.88s.
-- 250/344 [72.7%], loss=0.0933, dgw=0.0933, reg=0.0000, time=58.84s.
-- 275/344 [79.9%], loss=0.0817, dgw=0.0817, reg=0.0000, time=48.07s.
-- 300/344 [87.2%], loss=0.0901, dgw=0.0901, reg=0.0000, time=32.16s.
-- 325/344 [94.5%], loss=0.0939, dgw=0.0939, reg=0.0000, time=43.67s.
-- 344/344 [100.0%], loss=0.0905, dgw=0.0905, reg=0.0000, time=34.45s.
fit: Epoch 9/15, loss = 0.0919, best loss = 0.0919
results/PTC_MR_Our_Iter_usl_tsne_fit_9.pdf
-- 25/344 [7.3%], loss=0.0853, dgw=0.0853, reg=0.0000, time=44.56s.
-- 50/344 [14.5%], loss=0.0815, dgw=0.0815, reg=0.0000, time=51.26s.
-- 75/344 [21.8%], loss=0.0938, dgw=0.0938, reg=0.0000, time=56.83s.
-- 100/344 [29.1%], loss=0.0825, dgw=0.0825, reg=0.0000, time=45.92s.
-- 125/344 [36.3%], loss=0.0872, dgw=0.0872, reg=0.0000, time=52.91s.
-- 150/344 [43.6%], loss=0.0924, dgw=0.0924, reg=0.0000, time=42.79s.
-- 175/344 [50.9%], loss=0.0772, dgw=0.0772, reg=0.0000, time=42.07s.
-- 200/344 [58.1%], loss=0.0933, dgw=0.0933, reg=0.0000, time=47.41s.
-- 225/344 [65.4%], loss=0.0834, dgw=0.0834, reg=0.0000, time=46.40s.
-- 250/344 [72.7%], loss=0.0771, dgw=0.0771, reg=0.0000, time=37.41s.
-- 275/344 [79.9%], loss=0.0771, dgw=0.0771, reg=0.0000, time=30.92s.
-- 300/344 [87.2%], loss=0.0877, dgw=0.0877, reg=0.0000, time=48.42s.
-- 325/344 [94.5%], loss=0.0934, dgw=0.0934, reg=0.0000, time=40.79s.
-- 344/344 [100.0%], loss=0.0874, dgw=0.0874, reg=0.0000, time=49.24s.
fit: Epoch 10/15, loss = 0.0856, best loss = 0.0856
results/PTC_MR_Our_Iter_usl_tsne_fit_10.pdf
-- 25/344 [7.3%], loss=0.0826, dgw=0.0826, reg=0.0000, time=32.88s.
-- 50/344 [14.5%], loss=0.0810, dgw=0.0810, reg=0.0000, time=36.13s.
-- 75/344 [21.8%], loss=0.0779, dgw=0.0779, reg=0.0000, time=35.11s.
-- 100/344 [29.1%], loss=0.0849, dgw=0.0849, reg=0.0000, time=51.65s.
-- 125/344 [36.3%], loss=0.0787, dgw=0.0787, reg=0.0000, time=47.28s.
-- 150/344 [43.6%], loss=0.0763, dgw=0.0763, reg=0.0000, time=35.35s.
-- 175/344 [50.9%], loss=0.0746, dgw=0.0746, reg=0.0000, time=33.92s.
-- 200/344 [58.1%], loss=0.0780, dgw=0.0780, reg=0.0000, time=55.50s.
-- 225/344 [65.4%], loss=0.0808, dgw=0.0808, reg=0.0000, time=33.32s.
-- 250/344 [72.7%], loss=0.0789, dgw=0.0789, reg=0.0000, time=55.13s.
-- 275/344 [79.9%], loss=0.0750, dgw=0.0750, reg=0.0000, time=39.83s.
-- 300/344 [87.2%], loss=0.0950, dgw=0.0950, reg=0.0000, time=31.50s.
-- 325/344 [94.5%], loss=0.0825, dgw=0.0825, reg=0.0000, time=40.88s.
-- 344/344 [100.0%], loss=0.0771, dgw=0.0771, reg=0.0000, time=31.27s.
fit: Epoch 11/15, loss = 0.0803, best loss = 0.0803
results/PTC_MR_Our_Iter_usl_tsne_fit_11.pdf
-- 25/344 [7.3%], loss=0.0806, dgw=0.0806, reg=0.0000, time=30.82s.
-- 50/344 [14.5%], loss=0.0960, dgw=0.0960, reg=0.0000, time=40.31s.
-- 75/344 [21.8%], loss=0.0794, dgw=0.0794, reg=0.0000, time=31.49s.
-- 100/344 [29.1%], loss=0.0654, dgw=0.0654, reg=0.0000, time=43.54s.
-- 125/344 [36.3%], loss=0.0817, dgw=0.0817, reg=0.0000, time=46.44s.
-- 150/344 [43.6%], loss=0.0758, dgw=0.0758, reg=0.0000, time=42.29s.
-- 175/344 [50.9%], loss=0.0788, dgw=0.0788, reg=0.0000, time=39.62s.
-- 200/344 [58.1%], loss=0.0738, dgw=0.0738, reg=0.0000, time=32.81s.
-- 225/344 [65.4%], loss=0.0751, dgw=0.0751, reg=0.0000, time=38.03s.
-- 250/344 [72.7%], loss=0.0726, dgw=0.0726, reg=0.0000, time=37.65s.
-- 275/344 [79.9%], loss=0.0668, dgw=0.0668, reg=0.0000, time=34.76s.
-- 300/344 [87.2%], loss=0.0690, dgw=0.0690, reg=0.0000, time=36.53s.
-- 325/344 [94.5%], loss=0.0699, dgw=0.0699, reg=0.0000, time=54.10s.
-- 344/344 [100.0%], loss=0.0742, dgw=0.0742, reg=0.0000, time=28.14s.
fit: Epoch 12/15, loss = 0.0757, best loss = 0.0757
results/PTC_MR_Our_Iter_usl_tsne_fit_12.pdf
-- 25/344 [7.3%], loss=0.0850, dgw=0.0850, reg=0.0000, time=41.49s.
-- 50/344 [14.5%], loss=0.0663, dgw=0.0663, reg=0.0000, time=42.89s.
-- 75/344 [21.8%], loss=0.0752, dgw=0.0752, reg=0.0000, time=43.38s.
-- 100/344 [29.1%], loss=0.0757, dgw=0.0757, reg=0.0000, time=33.87s.
-- 125/344 [36.3%], loss=0.0656, dgw=0.0656, reg=0.0000, time=27.63s.
-- 150/344 [43.6%], loss=0.0703, dgw=0.0703, reg=0.0000, time=32.73s.
-- 175/344 [50.9%], loss=0.0726, dgw=0.0726, reg=0.0000, time=49.50s.
-- 200/344 [58.1%], loss=0.0774, dgw=0.0774, reg=0.0000, time=43.99s.
-- 225/344 [65.4%], loss=0.0866, dgw=0.0866, reg=0.0000, time=38.65s.
-- 250/344 [72.7%], loss=0.0643, dgw=0.0643, reg=0.0000, time=48.85s.
-- 275/344 [79.9%], loss=0.0579, dgw=0.0579, reg=0.0000, time=35.97s.
-- 300/344 [87.2%], loss=0.0725, dgw=0.0725, reg=0.0000, time=37.33s.
-- 325/344 [94.5%], loss=0.0691, dgw=0.0691, reg=0.0000, time=38.15s.
-- 344/344 [100.0%], loss=0.0624, dgw=0.0624, reg=0.0000, time=28.18s.
fit: Epoch 13/15, loss = 0.0717, best loss = 0.0717
results/PTC_MR_Our_Iter_usl_tsne_fit_13.pdf
-- 25/344 [7.3%], loss=0.0852, dgw=0.0852, reg=0.0000, time=23.82s.
-- 50/344 [14.5%], loss=0.0714, dgw=0.0714, reg=0.0000, time=33.81s.
-- 75/344 [21.8%], loss=0.0649, dgw=0.0649, reg=0.0000, time=34.24s.
-- 100/344 [29.1%], loss=0.0652, dgw=0.0652, reg=0.0000, time=29.54s.
-- 125/344 [36.3%], loss=0.0667, dgw=0.0667, reg=0.0000, time=33.45s.
-- 150/344 [43.6%], loss=0.0633, dgw=0.0633, reg=0.0000, time=34.01s.
-- 175/344 [50.9%], loss=0.0760, dgw=0.0760, reg=0.0000, time=39.19s.
-- 200/344 [58.1%], loss=0.0725, dgw=0.0725, reg=0.0000, time=35.76s.
-- 225/344 [65.4%], loss=0.0729, dgw=0.0729, reg=0.0000, time=33.49s.
-- 250/344 [72.7%], loss=0.0664, dgw=0.0664, reg=0.0000, time=35.16s.
-- 275/344 [79.9%], loss=0.0645, dgw=0.0645, reg=0.0000, time=39.24s.
-- 300/344 [87.2%], loss=0.0609, dgw=0.0609, reg=0.0000, time=29.58s.
-- 325/344 [94.5%], loss=0.0632, dgw=0.0632, reg=0.0000, time=30.13s.
-- 344/344 [100.0%], loss=0.0651, dgw=0.0651, reg=0.0000, time=23.36s.
fit: Epoch 14/15, loss = 0.0685, best loss = 0.0685
results/PTC_MR_Our_Iter_usl_tsne_fit_14.pdf
-- 25/344 [7.3%], loss=0.0568, dgw=0.0568, reg=0.0000, time=36.59s.
-- 50/344 [14.5%], loss=0.0573, dgw=0.0573, reg=0.0000, time=30.41s.
-- 75/344 [21.8%], loss=0.0676, dgw=0.0676, reg=0.0000, time=35.86s.
-- 100/344 [29.1%], loss=0.0685, dgw=0.0685, reg=0.0000, time=28.62s.
-- 125/344 [36.3%], loss=0.0625, dgw=0.0625, reg=0.0000, time=31.44s.
-- 150/344 [43.6%], loss=0.0605, dgw=0.0605, reg=0.0000, time=26.98s.
-- 175/344 [50.9%], loss=0.0619, dgw=0.0619, reg=0.0000, time=27.18s.
-- 200/344 [58.1%], loss=0.0681, dgw=0.0681, reg=0.0000, time=29.07s.
-- 225/344 [65.4%], loss=0.0648, dgw=0.0648, reg=0.0000, time=35.90s.
-- 250/344 [72.7%], loss=0.0796, dgw=0.0796, reg=0.0000, time=34.60s.
-- 275/344 [79.9%], loss=0.0760, dgw=0.0760, reg=0.0000, time=33.14s.
-- 300/344 [87.2%], loss=0.0648, dgw=0.0648, reg=0.0000, time=34.18s.
-- 325/344 [94.5%], loss=0.0609, dgw=0.0609, reg=0.0000, time=24.94s.
-- 344/344 [100.0%], loss=0.0692, dgw=0.0692, reg=0.0000, time=21.19s.
fit: Epoch 15/15, loss = 0.0655, best loss = 0.0655
results/PTC_MR_Our_Iter_usl_tsne_fit_15.pdf
Best Acc  : 0.5494186046511628
Rand Score: 0.5034409112482202
Done!
