-- 25/344 [7.3%], loss=0.2101, dgw=0.2101, reg=0.0000, time=49.31s.
-- 50/344 [14.5%], loss=0.2200, dgw=0.2200, reg=0.0000, time=51.27s.
-- 75/344 [21.8%], loss=0.2209, dgw=0.2209, reg=0.0000, time=48.82s.
-- 100/344 [29.1%], loss=0.2081, dgw=0.2081, reg=0.0000, time=37.15s.
-- 125/344 [36.3%], loss=0.2183, dgw=0.2183, reg=0.0000, time=28.72s.
-- 150/344 [43.6%], loss=0.1987, dgw=0.1987, reg=0.0000, time=43.96s.
-- 175/344 [50.9%], loss=0.2166, dgw=0.2166, reg=0.0000, time=50.54s.
-- 200/344 [58.1%], loss=0.2022, dgw=0.2022, reg=0.0000, time=73.18s.
-- 225/344 [65.4%], loss=0.2080, dgw=0.2080, reg=0.0000, time=55.70s.
-- 250/344 [72.7%], loss=0.2117, dgw=0.2117, reg=0.0000, time=62.71s.
-- 275/344 [79.9%], loss=0.1984, dgw=0.1984, reg=0.0000, time=51.79s.
-- 300/344 [87.2%], loss=0.1911, dgw=0.1911, reg=0.0000, time=30.40s.
-- 325/344 [94.5%], loss=0.2025, dgw=0.2025, reg=0.0000, time=43.24s.
-- 344/344 [100.0%], loss=0.1988, dgw=0.1988, reg=0.0000, time=48.66s.
fit: Epoch 1/15, loss = 0.2077, best loss = 0.2077
results/PTC_MR_Our_Iter_usl_tsne_fit_1.pdf
-- 25/344 [7.3%], loss=0.1776, dgw=0.1776, reg=0.0000, time=32.60s.
-- 50/344 [14.5%], loss=0.1975, dgw=0.1975, reg=0.0000, time=56.61s.
-- 75/344 [21.8%], loss=0.1843, dgw=0.1843, reg=0.0000, time=69.81s.
-- 100/344 [29.1%], loss=0.1905, dgw=0.1905, reg=0.0000, time=55.17s.
-- 125/344 [36.3%], loss=0.1822, dgw=0.1822, reg=0.0000, time=44.01s.
-- 150/344 [43.6%], loss=0.1932, dgw=0.1932, reg=0.0000, time=56.16s.
-- 175/344 [50.9%], loss=0.1858, dgw=0.1858, reg=0.0000, time=72.19s.
-- 200/344 [58.1%], loss=0.1877, dgw=0.1877, reg=0.0000, time=60.47s.
-- 225/344 [65.4%], loss=0.1915, dgw=0.1915, reg=0.0000, time=57.94s.
-- 250/344 [72.7%], loss=0.1822, dgw=0.1822, reg=0.0000, time=59.93s.
-- 275/344 [79.9%], loss=0.1788, dgw=0.1788, reg=0.0000, time=54.19s.
-- 300/344 [87.2%], loss=0.1962, dgw=0.1962, reg=0.0000, time=53.73s.
-- 325/344 [94.5%], loss=0.1777, dgw=0.1777, reg=0.0000, time=58.82s.
-- 344/344 [100.0%], loss=0.1751, dgw=0.1751, reg=0.0000, time=48.14s.
fit: Epoch 2/15, loss = 0.1859, best loss = 0.1859
results/PTC_MR_Our_Iter_usl_tsne_fit_2.pdf
-- 25/344 [7.3%], loss=0.1775, dgw=0.1775, reg=0.0000, time=43.03s.
-- 50/344 [14.5%], loss=0.1738, dgw=0.1738, reg=0.0000, time=51.05s.
-- 75/344 [21.8%], loss=0.1733, dgw=0.1733, reg=0.0000, time=62.75s.
-- 100/344 [29.1%], loss=0.1725, dgw=0.1725, reg=0.0000, time=44.78s.
-- 125/344 [36.3%], loss=0.1703, dgw=0.1703, reg=0.0000, time=50.70s.
-- 150/344 [43.6%], loss=0.1571, dgw=0.1571, reg=0.0000, time=60.42s.
-- 175/344 [50.9%], loss=0.1708, dgw=0.1708, reg=0.0000, time=71.18s.
-- 200/344 [58.1%], loss=0.1704, dgw=0.1704, reg=0.0000, time=59.25s.
-- 225/344 [65.4%], loss=0.1541, dgw=0.1541, reg=0.0000, time=64.10s.
-- 250/344 [72.7%], loss=0.1595, dgw=0.1595, reg=0.0000, time=39.10s.
-- 275/344 [79.9%], loss=0.1679, dgw=0.1679, reg=0.0000, time=37.33s.
-- 300/344 [87.2%], loss=0.1614, dgw=0.1614, reg=0.0000, time=43.69s.
-- 325/344 [94.5%], loss=0.1572, dgw=0.1572, reg=0.0000, time=61.83s.
-- 344/344 [100.0%], loss=0.1667, dgw=0.1667, reg=0.0000, time=44.81s.
fit: Epoch 3/15, loss = 0.1666, best loss = 0.1666
results/PTC_MR_Our_Iter_usl_tsne_fit_3.pdf
-- 25/344 [7.3%], loss=0.1621, dgw=0.1621, reg=0.0000, time=70.01s.
-- 50/344 [14.5%], loss=0.1614, dgw=0.1614, reg=0.0000, time=47.89s.
-- 75/344 [21.8%], loss=0.1449, dgw=0.1449, reg=0.0000, time=44.73s.
-- 100/344 [29.1%], loss=0.1612, dgw=0.1612, reg=0.0000, time=42.95s.
-- 125/344 [36.3%], loss=0.1638, dgw=0.1638, reg=0.0000, time=35.37s.
-- 150/344 [43.6%], loss=0.1525, dgw=0.1525, reg=0.0000, time=42.84s.
-- 175/344 [50.9%], loss=0.1459, dgw=0.1459, reg=0.0000, time=52.68s.
-- 200/344 [58.1%], loss=0.1497, dgw=0.1497, reg=0.0000, time=50.40s.
-- 225/344 [65.4%], loss=0.1424, dgw=0.1424, reg=0.0000, time=59.91s.
-- 250/344 [72.7%], loss=0.1463, dgw=0.1463, reg=0.0000, time=56.28s.
-- 275/344 [79.9%], loss=0.1424, dgw=0.1424, reg=0.0000, time=46.32s.
-- 300/344 [87.2%], loss=0.1434, dgw=0.1434, reg=0.0000, time=53.09s.
-- 325/344 [94.5%], loss=0.1361, dgw=0.1361, reg=0.0000, time=42.07s.
-- 344/344 [100.0%], loss=0.1418, dgw=0.1418, reg=0.0000, time=36.54s.
fit: Epoch 4/15, loss = 0.1497, best loss = 0.1497
results/PTC_MR_Our_Iter_usl_tsne_fit_4.pdf
-- 25/344 [7.3%], loss=0.1502, dgw=0.1502, reg=0.0000, time=29.90s.
-- 50/344 [14.5%], loss=0.1369, dgw=0.1369, reg=0.0000, time=39.73s.
-- 75/344 [21.8%], loss=0.1268, dgw=0.1268, reg=0.0000, time=45.78s.
-- 100/344 [29.1%], loss=0.1400, dgw=0.1400, reg=0.0000, time=57.93s.
-- 125/344 [36.3%], loss=0.1362, dgw=0.1362, reg=0.0000, time=54.70s.
-- 150/344 [43.6%], loss=0.1361, dgw=0.1361, reg=0.0000, time=49.59s.
-- 175/344 [50.9%], loss=0.1389, dgw=0.1389, reg=0.0000, time=63.91s.
-- 200/344 [58.1%], loss=0.1245, dgw=0.1245, reg=0.0000, time=61.09s.
-- 225/344 [65.4%], loss=0.1290, dgw=0.1290, reg=0.0000, time=56.56s.
-- 250/344 [72.7%], loss=0.1355, dgw=0.1355, reg=0.0000, time=58.74s.
-- 275/344 [79.9%], loss=0.1417, dgw=0.1417, reg=0.0000, time=51.25s.
-- 300/344 [87.2%], loss=0.1265, dgw=0.1265, reg=0.0000, time=58.78s.
-- 325/344 [94.5%], loss=0.1375, dgw=0.1375, reg=0.0000, time=48.66s.
-- 344/344 [100.0%], loss=0.1319, dgw=0.1319, reg=0.0000, time=34.81s.
fit: Epoch 5/15, loss = 0.1352, best loss = 0.1352
results/PTC_MR_Our_Iter_usl_tsne_fit_5.pdf
-- 25/344 [7.3%], loss=0.1410, dgw=0.1410, reg=0.0000, time=61.79s.
-- 50/344 [14.5%], loss=0.1263, dgw=0.1263, reg=0.0000, time=48.41s.
-- 75/344 [21.8%], loss=0.1148, dgw=0.1148, reg=0.0000, time=54.50s.
-- 100/344 [29.1%], loss=0.1207, dgw=0.1207, reg=0.0000, time=49.64s.
-- 125/344 [36.3%], loss=0.1344, dgw=0.1344, reg=0.0000, time=55.76s.
-- 150/344 [43.6%], loss=0.1168, dgw=0.1168, reg=0.0000, time=50.71s.
-- 175/344 [50.9%], loss=0.1237, dgw=0.1237, reg=0.0000, time=42.40s.
-- 200/344 [58.1%], loss=0.1164, dgw=0.1164, reg=0.0000, time=43.24s.
-- 225/344 [65.4%], loss=0.1284, dgw=0.1284, reg=0.0000, time=57.05s.
-- 250/344 [72.7%], loss=0.1246, dgw=0.1246, reg=0.0000, time=48.92s.
-- 275/344 [79.9%], loss=0.1003, dgw=0.1003, reg=0.0000, time=57.34s.
-- 300/344 [87.2%], loss=0.1224, dgw=0.1224, reg=0.0000, time=65.86s.
-- 325/344 [94.5%], loss=0.1215, dgw=0.1215, reg=0.0000, time=53.87s.
-- 344/344 [100.0%], loss=0.1293, dgw=0.1293, reg=0.0000, time=34.74s.
fit: Epoch 6/15, loss = 0.1228, best loss = 0.1228
results/PTC_MR_Our_Iter_usl_tsne_fit_6.pdf
-- 25/344 [7.3%], loss=0.1176, dgw=0.1176, reg=0.0000, time=32.13s.
-- 50/344 [14.5%], loss=0.1109, dgw=0.1109, reg=0.0000, time=40.74s.
-- 75/344 [21.8%], loss=0.1216, dgw=0.1216, reg=0.0000, time=22.73s.
-- 100/344 [29.1%], loss=0.1193, dgw=0.1193, reg=0.0000, time=40.86s.
-- 125/344 [36.3%], loss=0.1140, dgw=0.1140, reg=0.0000, time=38.77s.
-- 150/344 [43.6%], loss=0.1192, dgw=0.1192, reg=0.0000, time=46.97s.
-- 175/344 [50.9%], loss=0.1142, dgw=0.1142, reg=0.0000, time=62.37s.
-- 200/344 [58.1%], loss=0.1091, dgw=0.1091, reg=0.0000, time=49.66s.
-- 225/344 [65.4%], loss=0.1215, dgw=0.1215, reg=0.0000, time=47.51s.
-- 250/344 [72.7%], loss=0.0965, dgw=0.0965, reg=0.0000, time=51.58s.
-- 275/344 [79.9%], loss=0.1034, dgw=0.1034, reg=0.0000, time=42.82s.
-- 300/344 [87.2%], loss=0.1087, dgw=0.1087, reg=0.0000, time=36.55s.
-- 325/344 [94.5%], loss=0.1152, dgw=0.1152, reg=0.0000, time=54.09s.
-- 344/344 [100.0%], loss=0.0962, dgw=0.0962, reg=0.0000, time=46.01s.
fit: Epoch 7/15, loss = 0.1122, best loss = 0.1122
results/PTC_MR_Our_Iter_usl_tsne_fit_7.pdf
-- 25/344 [7.3%], loss=0.1056, dgw=0.1056, reg=0.0000, time=59.98s.
-- 50/344 [14.5%], loss=0.1086, dgw=0.1086, reg=0.0000, time=61.72s.
-- 75/344 [21.8%], loss=0.1035, dgw=0.1035, reg=0.0000, time=53.15s.
-- 100/344 [29.1%], loss=0.1087, dgw=0.1087, reg=0.0000, time=40.94s.
-- 125/344 [36.3%], loss=0.1102, dgw=0.1102, reg=0.0000, time=43.74s.
-- 150/344 [43.6%], loss=0.0918, dgw=0.0918, reg=0.0000, time=39.69s.
-- 175/344 [50.9%], loss=0.1059, dgw=0.1059, reg=0.0000, time=51.41s.
-- 200/344 [58.1%], loss=0.1043, dgw=0.1043, reg=0.0000, time=63.53s.
-- 225/344 [65.4%], loss=0.0993, dgw=0.0993, reg=0.0000, time=57.34s.
-- 250/344 [72.7%], loss=0.0937, dgw=0.0937, reg=0.0000, time=47.63s.
-- 275/344 [79.9%], loss=0.1037, dgw=0.1037, reg=0.0000, time=37.53s.
-- 300/344 [87.2%], loss=0.1045, dgw=0.1045, reg=0.0000, time=44.50s.
-- 325/344 [94.5%], loss=0.0980, dgw=0.0980, reg=0.0000, time=56.37s.
-- 344/344 [100.0%], loss=0.1057, dgw=0.1057, reg=0.0000, time=35.90s.
fit: Epoch 8/15, loss = 0.1031, best loss = 0.1031
results/PTC_MR_Our_Iter_usl_tsne_fit_8.pdf
-- 25/344 [7.3%], loss=0.0898, dgw=0.0898, reg=0.0000, time=60.48s.
-- 50/344 [14.5%], loss=0.0995, dgw=0.0995, reg=0.0000, time=60.48s.
-- 75/344 [21.8%], loss=0.0925, dgw=0.0925, reg=0.0000, time=51.10s.
-- 100/344 [29.1%], loss=0.0990, dgw=0.0990, reg=0.0000, time=36.62s.
-- 125/344 [36.3%], loss=0.0927, dgw=0.0927, reg=0.0000, time=42.80s.
-- 150/344 [43.6%], loss=0.0953, dgw=0.0953, reg=0.0000, time=43.14s.
-- 175/344 [50.9%], loss=0.0987, dgw=0.0987, reg=0.0000, time=49.72s.
-- 200/344 [58.1%], loss=0.0976, dgw=0.0976, reg=0.0000, time=54.55s.
-- 225/344 [65.4%], loss=0.0928, dgw=0.0928, reg=0.0000, time=43.50s.
-- 250/344 [72.7%], loss=0.0982, dgw=0.0982, reg=0.0000, time=57.52s.
-- 275/344 [79.9%], loss=0.0950, dgw=0.0950, reg=0.0000, time=55.06s.
-- 300/344 [87.2%], loss=0.1028, dgw=0.1028, reg=0.0000, time=47.92s.
-- 325/344 [94.5%], loss=0.0964, dgw=0.0964, reg=0.0000, time=37.95s.
-- 344/344 [100.0%], loss=0.0819, dgw=0.0819, reg=0.0000, time=43.98s.
fit: Epoch 9/15, loss = 0.0954, best loss = 0.0954
results/PTC_MR_Our_Iter_usl_tsne_fit_9.pdf
-- 25/344 [7.3%], loss=0.0941, dgw=0.0941, reg=0.0000, time=51.20s.
-- 50/344 [14.5%], loss=0.0877, dgw=0.0877, reg=0.0000, time=57.05s.
-- 75/344 [21.8%], loss=0.0910, dgw=0.0910, reg=0.0000, time=52.16s.
-- 100/344 [29.1%], loss=0.0870, dgw=0.0870, reg=0.0000, time=38.87s.
-- 125/344 [36.3%], loss=0.0955, dgw=0.0955, reg=0.0000, time=56.47s.
-- 150/344 [43.6%], loss=0.0878, dgw=0.0878, reg=0.0000, time=33.97s.
-- 175/344 [50.9%], loss=0.1018, dgw=0.1018, reg=0.0000, time=26.90s.
-- 200/344 [58.1%], loss=0.0806, dgw=0.0806, reg=0.0000, time=42.09s.
-- 225/344 [65.4%], loss=0.0905, dgw=0.0905, reg=0.0000, time=42.46s.
-- 250/344 [72.7%], loss=0.0892, dgw=0.0892, reg=0.0000, time=37.29s.
-- 275/344 [79.9%], loss=0.0873, dgw=0.0873, reg=0.0000, time=45.71s.
-- 300/344 [87.2%], loss=0.0880, dgw=0.0880, reg=0.0000, time=57.82s.
-- 325/344 [94.5%], loss=0.0816, dgw=0.0816, reg=0.0000, time=39.53s.
-- 344/344 [100.0%], loss=0.0801, dgw=0.0801, reg=0.0000, time=27.81s.
fit: Epoch 10/15, loss = 0.0889, best loss = 0.0889
results/PTC_MR_Our_Iter_usl_tsne_fit_10.pdf
-- 25/344 [7.3%], loss=0.0809, dgw=0.0809, reg=0.0000, time=50.76s.
-- 50/344 [14.5%], loss=0.0786, dgw=0.0786, reg=0.0000, time=32.75s.
-- 75/344 [21.8%], loss=0.0869, dgw=0.0869, reg=0.0000, time=33.46s.
-- 100/344 [29.1%], loss=0.0880, dgw=0.0880, reg=0.0000, time=36.87s.
-- 125/344 [36.3%], loss=0.0823, dgw=0.0823, reg=0.0000, time=46.52s.
-- 150/344 [43.6%], loss=0.0846, dgw=0.0846, reg=0.0000, time=38.08s.
-- 175/344 [50.9%], loss=0.0846, dgw=0.0846, reg=0.0000, time=41.67s.
-- 200/344 [58.1%], loss=0.0859, dgw=0.0859, reg=0.0000, time=46.07s.
-- 225/344 [65.4%], loss=0.0866, dgw=0.0866, reg=0.0000, time=40.77s.
-- 250/344 [72.7%], loss=0.0851, dgw=0.0851, reg=0.0000, time=34.48s.
-- 275/344 [79.9%], loss=0.0848, dgw=0.0848, reg=0.0000, time=31.61s.
-- 300/344 [87.2%], loss=0.0732, dgw=0.0732, reg=0.0000, time=42.53s.
-- 325/344 [94.5%], loss=0.0845, dgw=0.0845, reg=0.0000, time=34.80s.
-- 344/344 [100.0%], loss=0.0793, dgw=0.0793, reg=0.0000, time=32.72s.
fit: Epoch 11/15, loss = 0.0833, best loss = 0.0833
results/PTC_MR_Our_Iter_usl_tsne_fit_11.pdf
-- 25/344 [7.3%], loss=0.0833, dgw=0.0833, reg=0.0000, time=41.94s.
-- 50/344 [14.5%], loss=0.0717, dgw=0.0717, reg=0.0000, time=32.37s.
-- 75/344 [21.8%], loss=0.0805, dgw=0.0805, reg=0.0000, time=25.62s.
-- 100/344 [29.1%], loss=0.0930, dgw=0.0930, reg=0.0000, time=33.54s.
-- 125/344 [36.3%], loss=0.0687, dgw=0.0687, reg=0.0000, time=40.71s.
-- 150/344 [43.6%], loss=0.0836, dgw=0.0836, reg=0.0000, time=53.03s.
-- 175/344 [50.9%], loss=0.0764, dgw=0.0764, reg=0.0000, time=35.58s.
-- 200/344 [58.1%], loss=0.0704, dgw=0.0704, reg=0.0000, time=37.89s.
-- 225/344 [65.4%], loss=0.0730, dgw=0.0730, reg=0.0000, time=40.29s.
-- 250/344 [72.7%], loss=0.0827, dgw=0.0827, reg=0.0000, time=44.72s.
-- 275/344 [79.9%], loss=0.0850, dgw=0.0850, reg=0.0000, time=37.29s.
-- 300/344 [87.2%], loss=0.0762, dgw=0.0762, reg=0.0000, time=39.22s.
-- 325/344 [94.5%], loss=0.0777, dgw=0.0777, reg=0.0000, time=37.78s.
-- 344/344 [100.0%], loss=0.0728, dgw=0.0728, reg=0.0000, time=24.76s.
fit: Epoch 12/15, loss = 0.0783, best loss = 0.0783
results/PTC_MR_Our_Iter_usl_tsne_fit_12.pdf
-- 25/344 [7.3%], loss=0.0758, dgw=0.0758, reg=0.0000, time=34.87s.
-- 50/344 [14.5%], loss=0.0776, dgw=0.0776, reg=0.0000, time=38.24s.
-- 75/344 [21.8%], loss=0.0678, dgw=0.0678, reg=0.0000, time=40.61s.
-- 100/344 [29.1%], loss=0.0809, dgw=0.0809, reg=0.0000, time=36.22s.
-- 125/344 [36.3%], loss=0.0780, dgw=0.0780, reg=0.0000, time=36.55s.
-- 150/344 [43.6%], loss=0.0722, dgw=0.0722, reg=0.0000, time=39.50s.
-- 175/344 [50.9%], loss=0.0613, dgw=0.0613, reg=0.0000, time=26.35s.
-- 200/344 [58.1%], loss=0.0818, dgw=0.0818, reg=0.0000, time=34.70s.
-- 225/344 [65.4%], loss=0.0723, dgw=0.0723, reg=0.0000, time=39.09s.
-- 250/344 [72.7%], loss=0.0660, dgw=0.0660, reg=0.0000, time=36.18s.
-- 275/344 [79.9%], loss=0.0705, dgw=0.0705, reg=0.0000, time=37.81s.
-- 300/344 [87.2%], loss=0.0702, dgw=0.0702, reg=0.0000, time=29.09s.
-- 325/344 [94.5%], loss=0.0845, dgw=0.0845, reg=0.0000, time=43.27s.
-- 344/344 [100.0%], loss=0.0805, dgw=0.0805, reg=0.0000, time=33.04s.
fit: Epoch 13/15, loss = 0.0741, best loss = 0.0741
results/PTC_MR_Our_Iter_usl_tsne_fit_13.pdf
-- 25/344 [7.3%], loss=0.0889, dgw=0.0889, reg=0.0000, time=27.33s.
-- 50/344 [14.5%], loss=0.0819, dgw=0.0819, reg=0.0000, time=40.64s.
-- 75/344 [21.8%], loss=0.0685, dgw=0.0685, reg=0.0000, time=38.75s.
-- 100/344 [29.1%], loss=0.0704, dgw=0.0704, reg=0.0000, time=31.30s.
-- 125/344 [36.3%], loss=0.0665, dgw=0.0665, reg=0.0000, time=20.55s.
-- 150/344 [43.6%], loss=0.0711, dgw=0.0711, reg=0.0000, time=31.93s.
-- 175/344 [50.9%], loss=0.0631, dgw=0.0631, reg=0.0000, time=33.94s.
-- 200/344 [58.1%], loss=0.0723, dgw=0.0723, reg=0.0000, time=32.39s.
-- 225/344 [65.4%], loss=0.0587, dgw=0.0587, reg=0.0000, time=38.57s.
-- 250/344 [72.7%], loss=0.0660, dgw=0.0660, reg=0.0000, time=42.58s.
-- 275/344 [79.9%], loss=0.0758, dgw=0.0758, reg=0.0000, time=36.96s.
-- 300/344 [87.2%], loss=0.0704, dgw=0.0704, reg=0.0000, time=45.54s.
-- 325/344 [94.5%], loss=0.0644, dgw=0.0644, reg=0.0000, time=50.32s.
-- 344/344 [100.0%], loss=0.0660, dgw=0.0660, reg=0.0000, time=31.12s.
fit: Epoch 14/15, loss = 0.0704, best loss = 0.0704
results/PTC_MR_Our_Iter_usl_tsne_fit_14.pdf
-- 25/344 [7.3%], loss=0.0648, dgw=0.0648, reg=0.0000, time=42.45s.
-- 50/344 [14.5%], loss=0.0663, dgw=0.0663, reg=0.0000, time=40.44s.
-- 75/344 [21.8%], loss=0.0724, dgw=0.0724, reg=0.0000, time=44.74s.
-- 100/344 [29.1%], loss=0.0623, dgw=0.0623, reg=0.0000, time=39.39s.
-- 125/344 [36.3%], loss=0.0637, dgw=0.0637, reg=0.0000, time=24.95s.
-- 150/344 [43.6%], loss=0.0683, dgw=0.0683, reg=0.0000, time=30.67s.
-- 175/344 [50.9%], loss=0.0769, dgw=0.0769, reg=0.0000, time=39.09s.
-- 200/344 [58.1%], loss=0.0577, dgw=0.0577, reg=0.0000, time=41.95s.
-- 225/344 [65.4%], loss=0.0706, dgw=0.0706, reg=0.0000, time=27.44s.
-- 250/344 [72.7%], loss=0.0697, dgw=0.0697, reg=0.0000, time=35.64s.
-- 275/344 [79.9%], loss=0.0674, dgw=0.0674, reg=0.0000, time=22.80s.
-- 300/344 [87.2%], loss=0.0673, dgw=0.0673, reg=0.0000, time=21.78s.
-- 325/344 [94.5%], loss=0.0614, dgw=0.0614, reg=0.0000, time=33.82s.
-- 344/344 [100.0%], loss=0.0712, dgw=0.0712, reg=0.0000, time=20.36s.
fit: Epoch 15/15, loss = 0.0671, best loss = 0.0671
results/PTC_MR_Our_Iter_usl_tsne_fit_15.pdf
Best Acc  : 0.5872093023255813
Rand Score: 0.5137975455963116
Done!
