-- 25/344 [7.3%], loss=0.2155, dgw=0.2155, reg=0.0000, time=35.97s.
-- 50/344 [14.5%], loss=0.2108, dgw=0.2108, reg=0.0000, time=41.15s.
-- 75/344 [21.8%], loss=0.2115, dgw=0.2115, reg=0.0000, time=45.90s.
-- 100/344 [29.1%], loss=0.2182, dgw=0.2182, reg=0.0000, time=37.49s.
-- 125/344 [36.3%], loss=0.2168, dgw=0.2168, reg=0.0000, time=52.43s.
-- 150/344 [43.6%], loss=0.2033, dgw=0.2033, reg=0.0000, time=59.19s.
-- 175/344 [50.9%], loss=0.1997, dgw=0.1997, reg=0.0000, time=48.53s.
-- 200/344 [58.1%], loss=0.2124, dgw=0.2124, reg=0.0000, time=60.73s.
-- 225/344 [65.4%], loss=0.2019, dgw=0.2019, reg=0.0000, time=48.84s.
-- 250/344 [72.7%], loss=0.2087, dgw=0.2087, reg=0.0000, time=62.14s.
-- 275/344 [79.9%], loss=0.1935, dgw=0.1935, reg=0.0000, time=63.60s.
-- 300/344 [87.2%], loss=0.1862, dgw=0.1862, reg=0.0000, time=58.13s.
-- 325/344 [94.5%], loss=0.1946, dgw=0.1946, reg=0.0000, time=48.47s.
-- 344/344 [100.0%], loss=0.1828, dgw=0.1828, reg=0.0000, time=33.52s.
fit: Epoch 1/15, loss = 0.2044, best loss = 0.2044
results/PTC_MR_Our_Iter_usl_tsne_fit_1.pdf
-- 25/344 [7.3%], loss=0.1841, dgw=0.1841, reg=0.0000, time=47.62s.
-- 50/344 [14.5%], loss=0.1751, dgw=0.1751, reg=0.0000, time=43.26s.
-- 75/344 [21.8%], loss=0.1930, dgw=0.1930, reg=0.0000, time=62.35s.
-- 100/344 [29.1%], loss=0.1838, dgw=0.1838, reg=0.0000, time=47.46s.
-- 125/344 [36.3%], loss=0.1918, dgw=0.1918, reg=0.0000, time=59.97s.
-- 150/344 [43.6%], loss=0.1823, dgw=0.1823, reg=0.0000, time=60.80s.
-- 175/344 [50.9%], loss=0.1866, dgw=0.1866, reg=0.0000, time=66.87s.
-- 200/344 [58.1%], loss=0.1930, dgw=0.1930, reg=0.0000, time=70.33s.
-- 225/344 [65.4%], loss=0.1754, dgw=0.1754, reg=0.0000, time=52.44s.
-- 250/344 [72.7%], loss=0.1747, dgw=0.1747, reg=0.0000, time=55.48s.
-- 275/344 [79.9%], loss=0.1784, dgw=0.1784, reg=0.0000, time=43.60s.
-- 300/344 [87.2%], loss=0.1833, dgw=0.1833, reg=0.0000, time=62.83s.
-- 325/344 [94.5%], loss=0.1680, dgw=0.1680, reg=0.0000, time=55.51s.
-- 344/344 [100.0%], loss=0.1705, dgw=0.1705, reg=0.0000, time=29.61s.
fit: Epoch 2/15, loss = 0.1816, best loss = 0.1816
results/PTC_MR_Our_Iter_usl_tsne_fit_2.pdf
-- 25/344 [7.3%], loss=0.1734, dgw=0.1734, reg=0.0000, time=51.78s.
-- 50/344 [14.5%], loss=0.1714, dgw=0.1714, reg=0.0000, time=48.89s.
-- 75/344 [21.8%], loss=0.1688, dgw=0.1688, reg=0.0000, time=55.24s.
-- 100/344 [29.1%], loss=0.1714, dgw=0.1714, reg=0.0000, time=35.41s.
-- 125/344 [36.3%], loss=0.1639, dgw=0.1639, reg=0.0000, time=41.52s.
-- 150/344 [43.6%], loss=0.1617, dgw=0.1617, reg=0.0000, time=59.87s.
-- 175/344 [50.9%], loss=0.1607, dgw=0.1607, reg=0.0000, time=51.92s.
-- 200/344 [58.1%], loss=0.1606, dgw=0.1606, reg=0.0000, time=51.13s.
-- 225/344 [65.4%], loss=0.1618, dgw=0.1618, reg=0.0000, time=50.64s.
-- 250/344 [72.7%], loss=0.1583, dgw=0.1583, reg=0.0000, time=39.54s.
-- 275/344 [79.9%], loss=0.1587, dgw=0.1587, reg=0.0000, time=35.69s.
-- 300/344 [87.2%], loss=0.1539, dgw=0.1539, reg=0.0000, time=59.05s.
-- 325/344 [94.5%], loss=0.1551, dgw=0.1551, reg=0.0000, time=59.52s.
-- 344/344 [100.0%], loss=0.1468, dgw=0.1468, reg=0.0000, time=42.70s.
fit: Epoch 3/15, loss = 0.1622, best loss = 0.1622
results/PTC_MR_Our_Iter_usl_tsne_fit_3.pdf
-- 25/344 [7.3%], loss=0.1481, dgw=0.1481, reg=0.0000, time=47.15s.
-- 50/344 [14.5%], loss=0.1597, dgw=0.1597, reg=0.0000, time=37.12s.
-- 75/344 [21.8%], loss=0.1504, dgw=0.1504, reg=0.0000, time=47.26s.
-- 100/344 [29.1%], loss=0.1417, dgw=0.1417, reg=0.0000, time=48.12s.
-- 125/344 [36.3%], loss=0.1545, dgw=0.1545, reg=0.0000, time=61.06s.
-- 150/344 [43.6%], loss=0.1455, dgw=0.1455, reg=0.0000, time=36.12s.
-- 175/344 [50.9%], loss=0.1486, dgw=0.1486, reg=0.0000, time=53.61s.
-- 200/344 [58.1%], loss=0.1433, dgw=0.1433, reg=0.0000, time=53.11s.
-- 225/344 [65.4%], loss=0.1412, dgw=0.1412, reg=0.0000, time=55.76s.
-- 250/344 [72.7%], loss=0.1434, dgw=0.1434, reg=0.0000, time=38.62s.
-- 275/344 [79.9%], loss=0.1408, dgw=0.1408, reg=0.0000, time=42.43s.
-- 300/344 [87.2%], loss=0.1355, dgw=0.1355, reg=0.0000, time=45.37s.
-- 325/344 [94.5%], loss=0.1473, dgw=0.1473, reg=0.0000, time=56.32s.
-- 344/344 [100.0%], loss=0.1278, dgw=0.1278, reg=0.0000, time=37.38s.
fit: Epoch 4/15, loss = 0.1451, best loss = 0.1451
results/PTC_MR_Our_Iter_usl_tsne_fit_4.pdf
-- 25/344 [7.3%], loss=0.1358, dgw=0.1358, reg=0.0000, time=48.88s.
-- 50/344 [14.5%], loss=0.1289, dgw=0.1289, reg=0.0000, time=59.72s.
-- 75/344 [21.8%], loss=0.1362, dgw=0.1362, reg=0.0000, time=54.87s.
-- 100/344 [29.1%], loss=0.1314, dgw=0.1314, reg=0.0000, time=66.67s.
-- 125/344 [36.3%], loss=0.1273, dgw=0.1273, reg=0.0000, time=64.18s.
-- 150/344 [43.6%], loss=0.1302, dgw=0.1302, reg=0.0000, time=55.37s.
-- 175/344 [50.9%], loss=0.1318, dgw=0.1318, reg=0.0000, time=48.69s.
-- 200/344 [58.1%], loss=0.1323, dgw=0.1323, reg=0.0000, time=61.59s.
-- 225/344 [65.4%], loss=0.1227, dgw=0.1227, reg=0.0000, time=39.60s.
-- 250/344 [72.7%], loss=0.1203, dgw=0.1203, reg=0.0000, time=58.72s.
-- 275/344 [79.9%], loss=0.1319, dgw=0.1319, reg=0.0000, time=51.42s.
-- 300/344 [87.2%], loss=0.1306, dgw=0.1306, reg=0.0000, time=67.16s.
-- 325/344 [94.5%], loss=0.1361, dgw=0.1361, reg=0.0000, time=52.94s.
-- 344/344 [100.0%], loss=0.1346, dgw=0.1346, reg=0.0000, time=45.63s.
fit: Epoch 5/15, loss = 0.1306, best loss = 0.1306
results/PTC_MR_Our_Iter_usl_tsne_fit_5.pdf
-- 25/344 [7.3%], loss=0.1260, dgw=0.1260, reg=0.0000, time=45.37s.
-- 50/344 [14.5%], loss=0.1378, dgw=0.1378, reg=0.0000, time=54.06s.
-- 75/344 [21.8%], loss=0.1278, dgw=0.1278, reg=0.0000, time=39.80s.
-- 100/344 [29.1%], loss=0.1300, dgw=0.1300, reg=0.0000, time=48.04s.
-- 125/344 [36.3%], loss=0.1136, dgw=0.1136, reg=0.0000, time=39.84s.
-- 150/344 [43.6%], loss=0.1186, dgw=0.1186, reg=0.0000, time=65.20s.
-- 175/344 [50.9%], loss=0.1111, dgw=0.1111, reg=0.0000, time=68.26s.
-- 200/344 [58.1%], loss=0.1199, dgw=0.1199, reg=0.0000, time=54.63s.
-- 225/344 [65.4%], loss=0.1193, dgw=0.1193, reg=0.0000, time=58.37s.
-- 250/344 [72.7%], loss=0.1130, dgw=0.1130, reg=0.0000, time=43.02s.
-- 275/344 [79.9%], loss=0.1147, dgw=0.1147, reg=0.0000, time=58.27s.
-- 300/344 [87.2%], loss=0.1068, dgw=0.1068, reg=0.0000, time=60.74s.
-- 325/344 [94.5%], loss=0.1080, dgw=0.1080, reg=0.0000, time=81.03s.
-- 344/344 [100.0%], loss=0.1096, dgw=0.1096, reg=0.0000, time=43.31s.
fit: Epoch 6/15, loss = 0.1184, best loss = 0.1184
results/PTC_MR_Our_Iter_usl_tsne_fit_6.pdf
-- 25/344 [7.3%], loss=0.1211, dgw=0.1211, reg=0.0000, time=57.62s.
-- 50/344 [14.5%], loss=0.1247, dgw=0.1247, reg=0.0000, time=48.04s.
-- 75/344 [21.8%], loss=0.1027, dgw=0.1027, reg=0.0000, time=64.48s.
-- 100/344 [29.1%], loss=0.1098, dgw=0.1098, reg=0.0000, time=41.17s.
-- 125/344 [36.3%], loss=0.1136, dgw=0.1136, reg=0.0000, time=51.08s.
-- 150/344 [43.6%], loss=0.1081, dgw=0.1081, reg=0.0000, time=55.78s.
-- 175/344 [50.9%], loss=0.1077, dgw=0.1077, reg=0.0000, time=60.33s.
-- 200/344 [58.1%], loss=0.1116, dgw=0.1116, reg=0.0000, time=47.58s.
-- 225/344 [65.4%], loss=0.1079, dgw=0.1079, reg=0.0000, time=60.32s.
-- 250/344 [72.7%], loss=0.1038, dgw=0.1038, reg=0.0000, time=64.04s.
-- 275/344 [79.9%], loss=0.1042, dgw=0.1042, reg=0.0000, time=57.77s.
-- 300/344 [87.2%], loss=0.0974, dgw=0.0974, reg=0.0000, time=41.58s.
-- 325/344 [94.5%], loss=0.0930, dgw=0.0930, reg=0.0000, time=68.73s.
-- 344/344 [100.0%], loss=0.1083, dgw=0.1083, reg=0.0000, time=56.76s.
fit: Epoch 7/15, loss = 0.1081, best loss = 0.1081
results/PTC_MR_Our_Iter_usl_tsne_fit_7.pdf
-- 25/344 [7.3%], loss=0.0945, dgw=0.0945, reg=0.0000, time=32.47s.
-- 50/344 [14.5%], loss=0.1018, dgw=0.1018, reg=0.0000, time=53.58s.
-- 75/344 [21.8%], loss=0.1138, dgw=0.1138, reg=0.0000, time=60.95s.
-- 100/344 [29.1%], loss=0.0962, dgw=0.0962, reg=0.0000, time=45.27s.
-- 125/344 [36.3%], loss=0.1032, dgw=0.1032, reg=0.0000, time=39.45s.
-- 150/344 [43.6%], loss=0.0986, dgw=0.0986, reg=0.0000, time=32.40s.
-- 175/344 [50.9%], loss=0.1012, dgw=0.1012, reg=0.0000, time=46.50s.
-- 200/344 [58.1%], loss=0.0933, dgw=0.0933, reg=0.0000, time=54.81s.
-- 225/344 [65.4%], loss=0.0911, dgw=0.0911, reg=0.0000, time=56.82s.
-- 250/344 [72.7%], loss=0.0911, dgw=0.0911, reg=0.0000, time=58.83s.
-- 275/344 [79.9%], loss=0.0974, dgw=0.0974, reg=0.0000, time=44.68s.
-- 300/344 [87.2%], loss=0.1007, dgw=0.1007, reg=0.0000, time=58.03s.
-- 325/344 [94.5%], loss=0.1044, dgw=0.1044, reg=0.0000, time=60.46s.
-- 344/344 [100.0%], loss=0.1007, dgw=0.1007, reg=0.0000, time=47.33s.
fit: Epoch 8/15, loss = 0.0991, best loss = 0.0991
results/PTC_MR_Our_Iter_usl_tsne_fit_8.pdf
-- 25/344 [7.3%], loss=0.0896, dgw=0.0896, reg=0.0000, time=40.22s.
-- 50/344 [14.5%], loss=0.0916, dgw=0.0916, reg=0.0000, time=66.17s.
-- 75/344 [21.8%], loss=0.0890, dgw=0.0890, reg=0.0000, time=71.65s.
-- 100/344 [29.1%], loss=0.0883, dgw=0.0883, reg=0.0000, time=54.24s.
-- 125/344 [36.3%], loss=0.0976, dgw=0.0976, reg=0.0000, time=62.14s.
-- 150/344 [43.6%], loss=0.1005, dgw=0.1005, reg=0.0000, time=45.20s.
-- 175/344 [50.9%], loss=0.0837, dgw=0.0837, reg=0.0000, time=45.68s.
-- 200/344 [58.1%], loss=0.0962, dgw=0.0962, reg=0.0000, time=45.07s.
-- 225/344 [65.4%], loss=0.0819, dgw=0.0819, reg=0.0000, time=75.42s.
-- 250/344 [72.7%], loss=0.0941, dgw=0.0941, reg=0.0000, time=65.49s.
-- 275/344 [79.9%], loss=0.0929, dgw=0.0929, reg=0.0000, time=50.35s.
-- 300/344 [87.2%], loss=0.0912, dgw=0.0912, reg=0.0000, time=47.29s.
-- 325/344 [94.5%], loss=0.0918, dgw=0.0918, reg=0.0000, time=46.69s.
-- 344/344 [100.0%], loss=0.0940, dgw=0.0940, reg=0.0000, time=35.46s.
fit: Epoch 9/15, loss = 0.0916, best loss = 0.0916
results/PTC_MR_Our_Iter_usl_tsne_fit_9.pdf
-- 25/344 [7.3%], loss=0.0835, dgw=0.0835, reg=0.0000, time=45.65s.
-- 50/344 [14.5%], loss=0.0823, dgw=0.0823, reg=0.0000, time=58.22s.
-- 75/344 [21.8%], loss=0.0973, dgw=0.0973, reg=0.0000, time=46.15s.
-- 100/344 [29.1%], loss=0.0911, dgw=0.0911, reg=0.0000, time=40.31s.
-- 125/344 [36.3%], loss=0.0854, dgw=0.0854, reg=0.0000, time=60.92s.
-- 150/344 [43.6%], loss=0.0813, dgw=0.0813, reg=0.0000, time=61.11s.
-- 175/344 [50.9%], loss=0.0790, dgw=0.0790, reg=0.0000, time=52.72s.
-- 200/344 [58.1%], loss=0.0899, dgw=0.0899, reg=0.0000, time=56.85s.
-- 225/344 [65.4%], loss=0.0856, dgw=0.0856, reg=0.0000, time=38.43s.
-- 250/344 [72.7%], loss=0.0870, dgw=0.0870, reg=0.0000, time=38.88s.
-- 275/344 [79.9%], loss=0.0830, dgw=0.0830, reg=0.0000, time=37.05s.
-- 300/344 [87.2%], loss=0.0819, dgw=0.0819, reg=0.0000, time=57.86s.
-- 325/344 [94.5%], loss=0.0944, dgw=0.0944, reg=0.0000, time=46.00s.
-- 344/344 [100.0%], loss=0.0681, dgw=0.0681, reg=0.0000, time=42.75s.
fit: Epoch 10/15, loss = 0.0853, best loss = 0.0853
results/PTC_MR_Our_Iter_usl_tsne_fit_10.pdf
-- 25/344 [7.3%], loss=0.0747, dgw=0.0747, reg=0.0000, time=47.14s.
-- 50/344 [14.5%], loss=0.0751, dgw=0.0751, reg=0.0000, time=43.27s.
-- 75/344 [21.8%], loss=0.0954, dgw=0.0954, reg=0.0000, time=45.02s.
-- 100/344 [29.1%], loss=0.0731, dgw=0.0731, reg=0.0000, time=28.32s.
-- 125/344 [36.3%], loss=0.0844, dgw=0.0844, reg=0.0000, time=48.95s.
-- 150/344 [43.6%], loss=0.0843, dgw=0.0843, reg=0.0000, time=24.15s.
-- 175/344 [50.9%], loss=0.0724, dgw=0.0724, reg=0.0000, time=43.99s.
-- 200/344 [58.1%], loss=0.0875, dgw=0.0875, reg=0.0000, time=41.44s.
-- 225/344 [65.4%], loss=0.0820, dgw=0.0820, reg=0.0000, time=40.61s.
-- 250/344 [72.7%], loss=0.0774, dgw=0.0774, reg=0.0000, time=45.28s.
-- 275/344 [79.9%], loss=0.0738, dgw=0.0738, reg=0.0000, time=36.76s.
-- 300/344 [87.2%], loss=0.0768, dgw=0.0768, reg=0.0000, time=41.76s.
-- 325/344 [94.5%], loss=0.0900, dgw=0.0900, reg=0.0000, time=59.29s.
-- 344/344 [100.0%], loss=0.0695, dgw=0.0695, reg=0.0000, time=46.39s.
fit: Epoch 11/15, loss = 0.0799, best loss = 0.0799
results/PTC_MR_Our_Iter_usl_tsne_fit_11.pdf
-- 25/344 [7.3%], loss=0.0756, dgw=0.0756, reg=0.0000, time=21.66s.
-- 50/344 [14.5%], loss=0.0870, dgw=0.0870, reg=0.0000, time=32.42s.
-- 75/344 [21.8%], loss=0.0845, dgw=0.0845, reg=0.0000, time=36.41s.
-- 100/344 [29.1%], loss=0.0671, dgw=0.0671, reg=0.0000, time=39.28s.
-- 125/344 [36.3%], loss=0.0775, dgw=0.0775, reg=0.0000, time=39.56s.
-- 150/344 [43.6%], loss=0.0787, dgw=0.0787, reg=0.0000, time=45.94s.
-- 175/344 [50.9%], loss=0.0704, dgw=0.0704, reg=0.0000, time=45.84s.
-- 200/344 [58.1%], loss=0.0717, dgw=0.0717, reg=0.0000, time=42.77s.
-- 225/344 [65.4%], loss=0.0708, dgw=0.0708, reg=0.0000, time=37.15s.
-- 250/344 [72.7%], loss=0.0702, dgw=0.0702, reg=0.0000, time=44.67s.
-- 275/344 [79.9%], loss=0.0728, dgw=0.0728, reg=0.0000, time=53.15s.
-- 300/344 [87.2%], loss=0.0758, dgw=0.0758, reg=0.0000, time=28.59s.
-- 325/344 [94.5%], loss=0.0773, dgw=0.0773, reg=0.0000, time=36.89s.
-- 344/344 [100.0%], loss=0.0719, dgw=0.0719, reg=0.0000, time=39.92s.
fit: Epoch 12/15, loss = 0.0751, best loss = 0.0751
results/PTC_MR_Our_Iter_usl_tsne_fit_12.pdf
-- 25/344 [7.3%], loss=0.0687, dgw=0.0687, reg=0.0000, time=50.12s.
-- 50/344 [14.5%], loss=0.0754, dgw=0.0754, reg=0.0000, time=46.87s.
-- 75/344 [21.8%], loss=0.0907, dgw=0.0907, reg=0.0000, time=50.17s.
-- 100/344 [29.1%], loss=0.0747, dgw=0.0747, reg=0.0000, time=37.10s.
-- 125/344 [36.3%], loss=0.0687, dgw=0.0687, reg=0.0000, time=41.76s.
-- 150/344 [43.6%], loss=0.0662, dgw=0.0662, reg=0.0000, time=48.94s.
-- 175/344 [50.9%], loss=0.0806, dgw=0.0806, reg=0.0000, time=49.16s.
-- 200/344 [58.1%], loss=0.0677, dgw=0.0677, reg=0.0000, time=30.52s.
-- 225/344 [65.4%], loss=0.0650, dgw=0.0650, reg=0.0000, time=32.49s.
-- 250/344 [72.7%], loss=0.0659, dgw=0.0659, reg=0.0000, time=45.74s.
-- 275/344 [79.9%], loss=0.0708, dgw=0.0708, reg=0.0000, time=47.82s.
-- 300/344 [87.2%], loss=0.0634, dgw=0.0634, reg=0.0000, time=46.83s.
-- 325/344 [94.5%], loss=0.0700, dgw=0.0700, reg=0.0000, time=57.00s.
-- 344/344 [100.0%], loss=0.0689, dgw=0.0689, reg=0.0000, time=26.26s.
fit: Epoch 13/15, loss = 0.0712, best loss = 0.0712
results/PTC_MR_Our_Iter_usl_tsne_fit_13.pdf
-- 25/344 [7.3%], loss=0.0606, dgw=0.0606, reg=0.0000, time=32.45s.
-- 50/344 [14.5%], loss=0.0708, dgw=0.0708, reg=0.0000, time=44.70s.
-- 75/344 [21.8%], loss=0.0617, dgw=0.0617, reg=0.0000, time=31.55s.
-- 100/344 [29.1%], loss=0.0795, dgw=0.0795, reg=0.0000, time=50.67s.
-- 125/344 [36.3%], loss=0.0715, dgw=0.0715, reg=0.0000, time=50.07s.
-- 150/344 [43.6%], loss=0.0710, dgw=0.0710, reg=0.0000, time=32.04s.
-- 175/344 [50.9%], loss=0.0750, dgw=0.0750, reg=0.0000, time=30.47s.
-- 200/344 [58.1%], loss=0.0708, dgw=0.0708, reg=0.0000, time=43.03s.
-- 225/344 [65.4%], loss=0.0661, dgw=0.0661, reg=0.0000, time=45.79s.
-- 250/344 [72.7%], loss=0.0653, dgw=0.0653, reg=0.0000, time=44.75s.
-- 275/344 [79.9%], loss=0.0712, dgw=0.0712, reg=0.0000, time=49.86s.
-- 300/344 [87.2%], loss=0.0626, dgw=0.0626, reg=0.0000, time=61.36s.
-- 325/344 [94.5%], loss=0.0592, dgw=0.0592, reg=0.0000, time=59.04s.
-- 344/344 [100.0%], loss=0.0595, dgw=0.0595, reg=0.0000, time=31.82s.
fit: Epoch 14/15, loss = 0.0676, best loss = 0.0676
results/PTC_MR_Our_Iter_usl_tsne_fit_14.pdf
-- 25/344 [7.3%], loss=0.0703, dgw=0.0703, reg=0.0000, time=41.18s.
-- 50/344 [14.5%], loss=0.0631, dgw=0.0631, reg=0.0000, time=43.53s.
-- 75/344 [21.8%], loss=0.0637, dgw=0.0637, reg=0.0000, time=35.43s.
-- 100/344 [29.1%], loss=0.0585, dgw=0.0585, reg=0.0000, time=34.89s.
-- 125/344 [36.3%], loss=0.0777, dgw=0.0777, reg=0.0000, time=39.85s.
-- 150/344 [43.6%], loss=0.0656, dgw=0.0656, reg=0.0000, time=27.65s.
-- 175/344 [50.9%], loss=0.0670, dgw=0.0670, reg=0.0000, time=40.90s.
-- 200/344 [58.1%], loss=0.0585, dgw=0.0585, reg=0.0000, time=45.79s.
-- 225/344 [65.4%], loss=0.0722, dgw=0.0722, reg=0.0000, time=44.80s.
-- 250/344 [72.7%], loss=0.0693, dgw=0.0693, reg=0.0000, time=30.05s.
-- 275/344 [79.9%], loss=0.0614, dgw=0.0614, reg=0.0000, time=36.57s.
-- 300/344 [87.2%], loss=0.0552, dgw=0.0552, reg=0.0000, time=36.24s.
-- 325/344 [94.5%], loss=0.0582, dgw=0.0582, reg=0.0000, time=37.76s.
-- 344/344 [100.0%], loss=0.0648, dgw=0.0648, reg=0.0000, time=37.87s.
fit: Epoch 15/15, loss = 0.0647, best loss = 0.0647
results/PTC_MR_Our_Iter_usl_tsne_fit_15.pdf
Best Acc  : 0.5523255813953488
Rand Score: 0.5040341718082582
Done!
