-- 25/344 [7.3%], loss=0.2382, dgw=0.2382, reg=0.0000, time=53.66s.
-- 50/344 [14.5%], loss=0.2200, dgw=0.2200, reg=0.0000, time=51.68s.
-- 75/344 [21.8%], loss=0.2231, dgw=0.2231, reg=0.0000, time=50.30s.
-- 100/344 [29.1%], loss=0.2209, dgw=0.2209, reg=0.0000, time=59.52s.
-- 125/344 [36.3%], loss=0.2104, dgw=0.2104, reg=0.0000, time=60.24s.
-- 150/344 [43.6%], loss=0.2109, dgw=0.2109, reg=0.0000, time=54.24s.
-- 175/344 [50.9%], loss=0.2051, dgw=0.2051, reg=0.0000, time=60.54s.
-- 200/344 [58.1%], loss=0.2047, dgw=0.2047, reg=0.0000, time=71.51s.
-- 225/344 [65.4%], loss=0.1906, dgw=0.1906, reg=0.0000, time=86.50s.
-- 250/344 [72.7%], loss=0.2205, dgw=0.2205, reg=0.0000, time=67.14s.
-- 275/344 [79.9%], loss=0.1886, dgw=0.1886, reg=0.0000, time=65.84s.
-- 300/344 [87.2%], loss=0.1970, dgw=0.1970, reg=0.0000, time=52.65s.
-- 325/344 [94.5%], loss=0.2150, dgw=0.2150, reg=0.0000, time=51.87s.
-- 344/344 [100.0%], loss=0.1893, dgw=0.1893, reg=0.0000, time=56.51s.
fit: Epoch 1/15, loss = 0.2099, best loss = 0.2099
results/PTC_MR_Our_Iter_usl_tsne_fit_1.pdf
-- 25/344 [7.3%], loss=0.2004, dgw=0.2004, reg=0.0000, time=53.43s.
-- 50/344 [14.5%], loss=0.1988, dgw=0.1988, reg=0.0000, time=76.07s.
-- 75/344 [21.8%], loss=0.1800, dgw=0.1800, reg=0.0000, time=66.44s.
-- 100/344 [29.1%], loss=0.1920, dgw=0.1920, reg=0.0000, time=57.16s.
-- 125/344 [36.3%], loss=0.1945, dgw=0.1945, reg=0.0000, time=62.10s.
-- 150/344 [43.6%], loss=0.1977, dgw=0.1977, reg=0.0000, time=64.32s.
-- 175/344 [50.9%], loss=0.1810, dgw=0.1810, reg=0.0000, time=56.09s.
-- 200/344 [58.1%], loss=0.1857, dgw=0.1857, reg=0.0000, time=56.83s.
-- 225/344 [65.4%], loss=0.1764, dgw=0.1764, reg=0.0000, time=64.17s.
-- 250/344 [72.7%], loss=0.1933, dgw=0.1933, reg=0.0000, time=61.10s.
-- 275/344 [79.9%], loss=0.1875, dgw=0.1875, reg=0.0000, time=23.94s.
-- 300/344 [87.2%], loss=0.1721, dgw=0.1721, reg=0.0000, time=71.59s.
-- 325/344 [94.5%], loss=0.1871, dgw=0.1871, reg=0.0000, time=48.18s.
-- 344/344 [100.0%], loss=0.1713, dgw=0.1713, reg=0.0000, time=43.94s.
fit: Epoch 2/15, loss = 0.1873, best loss = 0.1873
results/PTC_MR_Our_Iter_usl_tsne_fit_2.pdf
-- 25/344 [7.3%], loss=0.1634, dgw=0.1634, reg=0.0000, time=61.45s.
-- 50/344 [14.5%], loss=0.1699, dgw=0.1699, reg=0.0000, time=64.02s.
-- 75/344 [21.8%], loss=0.1613, dgw=0.1613, reg=0.0000, time=62.82s.
-- 100/344 [29.1%], loss=0.1808, dgw=0.1808, reg=0.0000, time=72.68s.
-- 125/344 [36.3%], loss=0.1637, dgw=0.1637, reg=0.0000, time=77.97s.
-- 150/344 [43.6%], loss=0.1639, dgw=0.1639, reg=0.0000, time=33.15s.
-- 175/344 [50.9%], loss=0.1601, dgw=0.1601, reg=0.0000, time=45.77s.
-- 200/344 [58.1%], loss=0.1710, dgw=0.1710, reg=0.0000, time=61.82s.
-- 225/344 [65.4%], loss=0.1715, dgw=0.1715, reg=0.0000, time=69.01s.
-- 250/344 [72.7%], loss=0.1648, dgw=0.1648, reg=0.0000, time=59.03s.
-- 275/344 [79.9%], loss=0.1754, dgw=0.1754, reg=0.0000, time=73.77s.
-- 300/344 [87.2%], loss=0.1600, dgw=0.1600, reg=0.0000, time=68.10s.
-- 325/344 [94.5%], loss=0.1737, dgw=0.1737, reg=0.0000, time=76.11s.
-- 344/344 [100.0%], loss=0.1662, dgw=0.1662, reg=0.0000, time=57.58s.
fit: Epoch 3/15, loss = 0.1676, best loss = 0.1676
results/PTC_MR_Our_Iter_usl_tsne_fit_3.pdf
-- 25/344 [7.3%], loss=0.1468, dgw=0.1468, reg=0.0000, time=66.61s.
-- 50/344 [14.5%], loss=0.1616, dgw=0.1616, reg=0.0000, time=61.31s.
-- 75/344 [21.8%], loss=0.1484, dgw=0.1484, reg=0.0000, time=67.28s.
-- 100/344 [29.1%], loss=0.1553, dgw=0.1553, reg=0.0000, time=61.24s.
-- 125/344 [36.3%], loss=0.1502, dgw=0.1502, reg=0.0000, time=67.40s.
-- 150/344 [43.6%], loss=0.1584, dgw=0.1584, reg=0.0000, time=80.44s.
-- 175/344 [50.9%], loss=0.1440, dgw=0.1440, reg=0.0000, time=81.97s.
-- 200/344 [58.1%], loss=0.1513, dgw=0.1513, reg=0.0000, time=67.65s.
-- 225/344 [65.4%], loss=0.1494, dgw=0.1494, reg=0.0000, time=56.49s.
-- 250/344 [72.7%], loss=0.1444, dgw=0.1444, reg=0.0000, time=61.20s.
-- 275/344 [79.9%], loss=0.1545, dgw=0.1545, reg=0.0000, time=50.58s.
-- 300/344 [87.2%], loss=0.1458, dgw=0.1458, reg=0.0000, time=63.77s.
-- 325/344 [94.5%], loss=0.1488, dgw=0.1488, reg=0.0000, time=60.57s.
-- 344/344 [100.0%], loss=0.1454, dgw=0.1454, reg=0.0000, time=58.30s.
fit: Epoch 4/15, loss = 0.1504, best loss = 0.1504
results/PTC_MR_Our_Iter_usl_tsne_fit_4.pdf
-- 25/344 [7.3%], loss=0.1319, dgw=0.1319, reg=0.0000, time=67.97s.
-- 50/344 [14.5%], loss=0.1463, dgw=0.1463, reg=0.0000, time=69.22s.
-- 75/344 [21.8%], loss=0.1549, dgw=0.1549, reg=0.0000, time=56.40s.
-- 100/344 [29.1%], loss=0.1310, dgw=0.1310, reg=0.0000, time=66.82s.
-- 125/344 [36.3%], loss=0.1410, dgw=0.1410, reg=0.0000, time=74.78s.
-- 150/344 [43.6%], loss=0.1266, dgw=0.1266, reg=0.0000, time=52.92s.
-- 175/344 [50.9%], loss=0.1398, dgw=0.1398, reg=0.0000, time=46.52s.
-- 200/344 [58.1%], loss=0.1356, dgw=0.1356, reg=0.0000, time=72.38s.
-- 225/344 [65.4%], loss=0.1407, dgw=0.1407, reg=0.0000, time=57.01s.
-- 250/344 [72.7%], loss=0.1263, dgw=0.1263, reg=0.0000, time=52.01s.
-- 275/344 [79.9%], loss=0.1283, dgw=0.1283, reg=0.0000, time=56.01s.
-- 300/344 [87.2%], loss=0.1295, dgw=0.1295, reg=0.0000, time=61.69s.
-- 325/344 [94.5%], loss=0.1378, dgw=0.1378, reg=0.0000, time=70.90s.
-- 344/344 [100.0%], loss=0.1267, dgw=0.1267, reg=0.0000, time=46.89s.
fit: Epoch 5/15, loss = 0.1356, best loss = 0.1356
results/PTC_MR_Our_Iter_usl_tsne_fit_5.pdf
-- 25/344 [7.3%], loss=0.1199, dgw=0.1199, reg=0.0000, time=63.98s.
-- 50/344 [14.5%], loss=0.1300, dgw=0.1300, reg=0.0000, time=43.76s.
-- 75/344 [21.8%], loss=0.1324, dgw=0.1324, reg=0.0000, time=43.93s.
-- 100/344 [29.1%], loss=0.1240, dgw=0.1240, reg=0.0000, time=68.23s.
-- 125/344 [36.3%], loss=0.1290, dgw=0.1290, reg=0.0000, time=65.41s.
-- 150/344 [43.6%], loss=0.1313, dgw=0.1313, reg=0.0000, time=47.56s.
-- 175/344 [50.9%], loss=0.1239, dgw=0.1239, reg=0.0000, time=52.15s.
-- 200/344 [58.1%], loss=0.1241, dgw=0.1241, reg=0.0000, time=66.96s.
-- 225/344 [65.4%], loss=0.1157, dgw=0.1157, reg=0.0000, time=59.19s.
-- 250/344 [72.7%], loss=0.1223, dgw=0.1223, reg=0.0000, time=56.98s.
-- 275/344 [79.9%], loss=0.1156, dgw=0.1156, reg=0.0000, time=77.95s.
-- 300/344 [87.2%], loss=0.1225, dgw=0.1225, reg=0.0000, time=54.61s.
-- 325/344 [94.5%], loss=0.1041, dgw=0.1041, reg=0.0000, time=76.67s.
-- 344/344 [100.0%], loss=0.1300, dgw=0.1300, reg=0.0000, time=59.04s.
fit: Epoch 6/15, loss = 0.1231, best loss = 0.1231
results/PTC_MR_Our_Iter_usl_tsne_fit_6.pdf
-- 25/344 [7.3%], loss=0.1148, dgw=0.1148, reg=0.0000, time=44.25s.
-- 50/344 [14.5%], loss=0.1184, dgw=0.1184, reg=0.0000, time=66.81s.
-- 75/344 [21.8%], loss=0.1140, dgw=0.1140, reg=0.0000, time=54.38s.
-- 100/344 [29.1%], loss=0.1167, dgw=0.1167, reg=0.0000, time=49.93s.
-- 125/344 [36.3%], loss=0.1277, dgw=0.1277, reg=0.0000, time=64.40s.
-- 150/344 [43.6%], loss=0.1060, dgw=0.1060, reg=0.0000, time=63.03s.
-- 175/344 [50.9%], loss=0.1228, dgw=0.1228, reg=0.0000, time=40.70s.
-- 200/344 [58.1%], loss=0.1105, dgw=0.1105, reg=0.0000, time=61.03s.
-- 225/344 [65.4%], loss=0.1059, dgw=0.1059, reg=0.0000, time=38.11s.
-- 250/344 [72.7%], loss=0.1125, dgw=0.1125, reg=0.0000, time=45.68s.
-- 275/344 [79.9%], loss=0.1067, dgw=0.1067, reg=0.0000, time=63.42s.
-- 300/344 [87.2%], loss=0.1021, dgw=0.1021, reg=0.0000, time=74.14s.
-- 325/344 [94.5%], loss=0.1110, dgw=0.1110, reg=0.0000, time=59.53s.
-- 344/344 [100.0%], loss=0.1028, dgw=0.1028, reg=0.0000, time=46.48s.
fit: Epoch 7/15, loss = 0.1124, best loss = 0.1124
results/PTC_MR_Our_Iter_usl_tsne_fit_7.pdf
-- 25/344 [7.3%], loss=0.1090, dgw=0.1090, reg=0.0000, time=72.62s.
-- 50/344 [14.5%], loss=0.1031, dgw=0.1031, reg=0.0000, time=66.53s.
-- 75/344 [21.8%], loss=0.1065, dgw=0.1065, reg=0.0000, time=59.48s.
-- 100/344 [29.1%], loss=0.1103, dgw=0.1103, reg=0.0000, time=74.80s.
-- 125/344 [36.3%], loss=0.1171, dgw=0.1171, reg=0.0000, time=52.27s.
-- 150/344 [43.6%], loss=0.1127, dgw=0.1127, reg=0.0000, time=46.32s.
-- 175/344 [50.9%], loss=0.1031, dgw=0.1031, reg=0.0000, time=46.14s.
-- 200/344 [58.1%], loss=0.0839, dgw=0.0839, reg=0.0000, time=68.41s.
-- 225/344 [65.4%], loss=0.1003, dgw=0.1003, reg=0.0000, time=66.05s.
-- 250/344 [72.7%], loss=0.0969, dgw=0.0969, reg=0.0000, time=66.53s.
-- 275/344 [79.9%], loss=0.1059, dgw=0.1059, reg=0.0000, time=41.38s.
-- 300/344 [87.2%], loss=0.0972, dgw=0.0972, reg=0.0000, time=50.91s.
-- 325/344 [94.5%], loss=0.1011, dgw=0.1011, reg=0.0000, time=59.01s.
-- 344/344 [100.0%], loss=0.0954, dgw=0.0954, reg=0.0000, time=49.29s.
fit: Epoch 8/15, loss = 0.1032, best loss = 0.1032
results/PTC_MR_Our_Iter_usl_tsne_fit_8.pdf
-- 25/344 [7.3%], loss=0.1026, dgw=0.1026, reg=0.0000, time=63.77s.
-- 50/344 [14.5%], loss=0.0977, dgw=0.0977, reg=0.0000, time=60.85s.
-- 75/344 [21.8%], loss=0.0933, dgw=0.0933, reg=0.0000, time=45.51s.
-- 100/344 [29.1%], loss=0.0899, dgw=0.0899, reg=0.0000, time=55.00s.
-- 125/344 [36.3%], loss=0.1005, dgw=0.1005, reg=0.0000, time=59.82s.
-- 150/344 [43.6%], loss=0.0970, dgw=0.0970, reg=0.0000, time=60.42s.
-- 175/344 [50.9%], loss=0.1064, dgw=0.1064, reg=0.0000, time=56.66s.
-- 200/344 [58.1%], loss=0.1071, dgw=0.1071, reg=0.0000, time=54.79s.
-- 225/344 [65.4%], loss=0.0943, dgw=0.0943, reg=0.0000, time=41.13s.
-- 250/344 [72.7%], loss=0.0877, dgw=0.0877, reg=0.0000, time=59.38s.
-- 275/344 [79.9%], loss=0.0892, dgw=0.0892, reg=0.0000, time=40.59s.
-- 300/344 [87.2%], loss=0.0881, dgw=0.0881, reg=0.0000, time=54.09s.
-- 325/344 [94.5%], loss=0.0932, dgw=0.0932, reg=0.0000, time=41.51s.
-- 344/344 [100.0%], loss=0.0884, dgw=0.0884, reg=0.0000, time=29.84s.
fit: Epoch 9/15, loss = 0.0955, best loss = 0.0955
results/PTC_MR_Our_Iter_usl_tsne_fit_9.pdf
-- 25/344 [7.3%], loss=0.0913, dgw=0.0913, reg=0.0000, time=60.72s.
-- 50/344 [14.5%], loss=0.0987, dgw=0.0987, reg=0.0000, time=32.70s.
-- 75/344 [21.8%], loss=0.0842, dgw=0.0842, reg=0.0000, time=49.64s.
-- 100/344 [29.1%], loss=0.0879, dgw=0.0879, reg=0.0000, time=42.47s.
-- 125/344 [36.3%], loss=0.0896, dgw=0.0896, reg=0.0000, time=84.62s.
-- 150/344 [43.6%], loss=0.0909, dgw=0.0909, reg=0.0000, time=44.59s.
-- 175/344 [50.9%], loss=0.0965, dgw=0.0965, reg=0.0000, time=49.24s.
-- 200/344 [58.1%], loss=0.0911, dgw=0.0911, reg=0.0000, time=47.31s.
-- 225/344 [65.4%], loss=0.0840, dgw=0.0840, reg=0.0000, time=40.13s.
-- 250/344 [72.7%], loss=0.0883, dgw=0.0883, reg=0.0000, time=55.72s.
-- 275/344 [79.9%], loss=0.0956, dgw=0.0956, reg=0.0000, time=58.18s.
-- 300/344 [87.2%], loss=0.0841, dgw=0.0841, reg=0.0000, time=49.07s.
-- 325/344 [94.5%], loss=0.0800, dgw=0.0800, reg=0.0000, time=54.67s.
-- 344/344 [100.0%], loss=0.0788, dgw=0.0788, reg=0.0000, time=45.58s.
fit: Epoch 10/15, loss = 0.0888, best loss = 0.0888
results/PTC_MR_Our_Iter_usl_tsne_fit_10.pdf
-- 25/344 [7.3%], loss=0.0810, dgw=0.0810, reg=0.0000, time=43.31s.
-- 50/344 [14.5%], loss=0.0819, dgw=0.0819, reg=0.0000, time=46.95s.
-- 75/344 [21.8%], loss=0.0892, dgw=0.0892, reg=0.0000, time=55.44s.
-- 100/344 [29.1%], loss=0.0849, dgw=0.0849, reg=0.0000, time=53.95s.
-- 125/344 [36.3%], loss=0.0818, dgw=0.0818, reg=0.0000, time=44.76s.
-- 150/344 [43.6%], loss=0.0881, dgw=0.0881, reg=0.0000, time=57.19s.
-- 175/344 [50.9%], loss=0.0941, dgw=0.0941, reg=0.0000, time=56.67s.
-- 200/344 [58.1%], loss=0.0807, dgw=0.0807, reg=0.0000, time=52.54s.
-- 225/344 [65.4%], loss=0.0727, dgw=0.0727, reg=0.0000, time=62.44s.
-- 250/344 [72.7%], loss=0.0784, dgw=0.0784, reg=0.0000, time=57.10s.
-- 275/344 [79.9%], loss=0.0763, dgw=0.0763, reg=0.0000, time=40.84s.
-- 300/344 [87.2%], loss=0.0862, dgw=0.0862, reg=0.0000, time=55.08s.
-- 325/344 [94.5%], loss=0.0844, dgw=0.0844, reg=0.0000, time=63.02s.
-- 344/344 [100.0%], loss=0.0845, dgw=0.0845, reg=0.0000, time=40.20s.
fit: Epoch 11/15, loss = 0.0831, best loss = 0.0831
results/PTC_MR_Our_Iter_usl_tsne_fit_11.pdf
-- 25/344 [7.3%], loss=0.0781, dgw=0.0781, reg=0.0000, time=42.36s.
-- 50/344 [14.5%], loss=0.0851, dgw=0.0851, reg=0.0000, time=54.98s.
-- 75/344 [21.8%], loss=0.0880, dgw=0.0880, reg=0.0000, time=56.45s.
-- 100/344 [29.1%], loss=0.0797, dgw=0.0797, reg=0.0000, time=39.81s.
-- 125/344 [36.3%], loss=0.0739, dgw=0.0739, reg=0.0000, time=43.47s.
-- 150/344 [43.6%], loss=0.0784, dgw=0.0784, reg=0.0000, time=45.86s.
-- 175/344 [50.9%], loss=0.0763, dgw=0.0763, reg=0.0000, time=34.69s.
-- 200/344 [58.1%], loss=0.0749, dgw=0.0749, reg=0.0000, time=49.76s.
-- 225/344 [65.4%], loss=0.0688, dgw=0.0688, reg=0.0000, time=47.35s.
-- 250/344 [72.7%], loss=0.0873, dgw=0.0873, reg=0.0000, time=57.83s.
-- 275/344 [79.9%], loss=0.0796, dgw=0.0796, reg=0.0000, time=47.27s.
-- 300/344 [87.2%], loss=0.0810, dgw=0.0810, reg=0.0000, time=47.59s.
-- 325/344 [94.5%], loss=0.0723, dgw=0.0723, reg=0.0000, time=55.16s.
-- 344/344 [100.0%], loss=0.0695, dgw=0.0695, reg=0.0000, time=35.41s.
fit: Epoch 12/15, loss = 0.0782, best loss = 0.0782
results/PTC_MR_Our_Iter_usl_tsne_fit_12.pdf
-- 25/344 [7.3%], loss=0.0712, dgw=0.0712, reg=0.0000, time=37.81s.
-- 50/344 [14.5%], loss=0.0778, dgw=0.0778, reg=0.0000, time=58.91s.
-- 75/344 [21.8%], loss=0.0878, dgw=0.0878, reg=0.0000, time=42.43s.
-- 100/344 [29.1%], loss=0.0806, dgw=0.0806, reg=0.0000, time=45.39s.
-- 125/344 [36.3%], loss=0.0721, dgw=0.0721, reg=0.0000, time=50.79s.
-- 150/344 [43.6%], loss=0.0687, dgw=0.0687, reg=0.0000, time=57.34s.
-- 175/344 [50.9%], loss=0.0723, dgw=0.0723, reg=0.0000, time=48.16s.
-- 200/344 [58.1%], loss=0.0620, dgw=0.0620, reg=0.0000, time=44.93s.
-- 225/344 [65.4%], loss=0.0683, dgw=0.0683, reg=0.0000, time=36.39s.
-- 250/344 [72.7%], loss=0.0788, dgw=0.0788, reg=0.0000, time=47.60s.
-- 275/344 [79.9%], loss=0.0740, dgw=0.0740, reg=0.0000, time=42.61s.
-- 300/344 [87.2%], loss=0.0705, dgw=0.0705, reg=0.0000, time=49.12s.
-- 325/344 [94.5%], loss=0.0851, dgw=0.0851, reg=0.0000, time=49.64s.
-- 344/344 [100.0%], loss=0.0630, dgw=0.0630, reg=0.0000, time=34.12s.
fit: Epoch 13/15, loss = 0.0739, best loss = 0.0739
results/PTC_MR_Our_Iter_usl_tsne_fit_13.pdf
-- 25/344 [7.3%], loss=0.0746, dgw=0.0746, reg=0.0000, time=39.47s.
-- 50/344 [14.5%], loss=0.0751, dgw=0.0751, reg=0.0000, time=46.33s.
-- 75/344 [21.8%], loss=0.0674, dgw=0.0674, reg=0.0000, time=45.92s.
-- 100/344 [29.1%], loss=0.0717, dgw=0.0717, reg=0.0000, time=53.20s.
-- 125/344 [36.3%], loss=0.0718, dgw=0.0718, reg=0.0000, time=42.37s.
-- 150/344 [43.6%], loss=0.0695, dgw=0.0695, reg=0.0000, time=41.26s.
-- 175/344 [50.9%], loss=0.0671, dgw=0.0671, reg=0.0000, time=48.82s.
-- 200/344 [58.1%], loss=0.0724, dgw=0.0724, reg=0.0000, time=45.37s.
-- 225/344 [65.4%], loss=0.0659, dgw=0.0659, reg=0.0000, time=49.08s.
-- 250/344 [72.7%], loss=0.0725, dgw=0.0725, reg=0.0000, time=48.60s.
-- 275/344 [79.9%], loss=0.0673, dgw=0.0673, reg=0.0000, time=46.78s.
-- 300/344 [87.2%], loss=0.0697, dgw=0.0697, reg=0.0000, time=47.43s.
-- 325/344 [94.5%], loss=0.0723, dgw=0.0723, reg=0.0000, time=41.28s.
-- 344/344 [100.0%], loss=0.0645, dgw=0.0645, reg=0.0000, time=40.69s.
fit: Epoch 14/15, loss = 0.0702, best loss = 0.0702
results/PTC_MR_Our_Iter_usl_tsne_fit_14.pdf
-- 25/344 [7.3%], loss=0.0611, dgw=0.0611, reg=0.0000, time=37.60s.
-- 50/344 [14.5%], loss=0.0608, dgw=0.0608, reg=0.0000, time=38.17s.
-- 75/344 [21.8%], loss=0.0595, dgw=0.0595, reg=0.0000, time=44.25s.
-- 100/344 [29.1%], loss=0.0710, dgw=0.0710, reg=0.0000, time=35.25s.
-- 125/344 [36.3%], loss=0.0628, dgw=0.0628, reg=0.0000, time=37.56s.
-- 150/344 [43.6%], loss=0.0672, dgw=0.0672, reg=0.0000, time=44.24s.
-- 175/344 [50.9%], loss=0.0793, dgw=0.0793, reg=0.0000, time=36.56s.
-- 200/344 [58.1%], loss=0.0722, dgw=0.0722, reg=0.0000, time=40.34s.
-- 225/344 [65.4%], loss=0.0589, dgw=0.0589, reg=0.0000, time=49.62s.
-- 250/344 [72.7%], loss=0.0601, dgw=0.0601, reg=0.0000, time=48.00s.
-- 275/344 [79.9%], loss=0.0597, dgw=0.0597, reg=0.0000, time=46.76s.
-- 300/344 [87.2%], loss=0.0789, dgw=0.0789, reg=0.0000, time=35.37s.
-- 325/344 [94.5%], loss=0.0720, dgw=0.0720, reg=0.0000, time=37.84s.
-- 344/344 [100.0%], loss=0.0751, dgw=0.0751, reg=0.0000, time=36.78s.
fit: Epoch 15/15, loss = 0.0669, best loss = 0.0669
results/PTC_MR_Our_Iter_usl_tsne_fit_15.pdf
Best Acc  : 0.5843023255813953
Rand Score: 0.5127974777951048
Done!
