MORE THAN 2 CLASSES!
-- 25/221 [11.3%], loss=0.2326, dgw=0.2326, reg=0.0000, time=23.82s.
-- 50/221 [22.6%], loss=0.2303, dgw=0.2303, reg=0.0000, time=24.24s.
-- 75/221 [33.9%], loss=0.2277, dgw=0.2277, reg=0.0000, time=16.96s.
-- 100/221 [45.2%], loss=0.2266, dgw=0.2266, reg=0.0000, time=18.71s.
-- 125/221 [56.6%], loss=0.2240, dgw=0.2240, reg=0.0000, time=20.03s.
-- 150/221 [67.9%], loss=0.2222, dgw=0.2222, reg=0.0000, time=18.17s.
-- 175/221 [79.2%], loss=0.2209, dgw=0.2209, reg=0.0000, time=26.66s.
-- 200/221 [90.5%], loss=0.2171, dgw=0.2171, reg=0.0000, time=46.31s.
-- 221/221 [100.0%], loss=0.2153, dgw=0.2153, reg=0.0000, time=52.59s.
fit: Epoch 1/15, loss = 0.2242, best loss = 0.2242
results/MSRC_9_Chen_GW_usl_tsne_fit_1.pdf
-- 25/221 [11.3%], loss=0.2129, dgw=0.2129, reg=0.0000, time=43.33s.
-- 50/221 [22.6%], loss=0.2118, dgw=0.2118, reg=0.0000, time=48.33s.
-- 75/221 [33.9%], loss=0.2076, dgw=0.2076, reg=0.0000, time=54.47s.
-- 100/221 [45.2%], loss=0.2072, dgw=0.2072, reg=0.0000, time=49.40s.
-- 125/221 [56.6%], loss=0.2044, dgw=0.2044, reg=0.0000, time=61.52s.
-- 150/221 [67.9%], loss=0.2034, dgw=0.2034, reg=0.0000, time=66.54s.
-- 175/221 [79.2%], loss=0.2005, dgw=0.2005, reg=0.0000, time=62.84s.
-- 200/221 [90.5%], loss=0.1986, dgw=0.1986, reg=0.0000, time=45.71s.
-- 221/221 [100.0%], loss=0.1976, dgw=0.1976, reg=0.0000, time=30.83s.
fit: Epoch 2/15, loss = 0.2050, best loss = 0.2050
results/MSRC_9_Chen_GW_usl_tsne_fit_2.pdf
-- 25/221 [11.3%], loss=0.1946, dgw=0.1946, reg=0.0000, time=52.29s.
-- 50/221 [22.6%], loss=0.1928, dgw=0.1928, reg=0.0000, time=60.89s.
-- 75/221 [33.9%], loss=0.1921, dgw=0.1921, reg=0.0000, time=59.35s.
-- 100/221 [45.2%], loss=0.1894, dgw=0.1894, reg=0.0000, time=56.46s.
-- 125/221 [56.6%], loss=0.1869, dgw=0.1869, reg=0.0000, time=38.17s.
-- 150/221 [67.9%], loss=0.1849, dgw=0.1849, reg=0.0000, time=46.83s.
-- 175/221 [79.2%], loss=0.1829, dgw=0.1829, reg=0.0000, time=69.81s.
-- 200/221 [90.5%], loss=0.1799, dgw=0.1799, reg=0.0000, time=70.71s.
-- 221/221 [100.0%], loss=0.1788, dgw=0.1788, reg=0.0000, time=56.08s.
fit: Epoch 3/15, loss = 0.1871, best loss = 0.1871
results/MSRC_9_Chen_GW_usl_tsne_fit_3.pdf
-- 25/221 [11.3%], loss=0.1773, dgw=0.1773, reg=0.0000, time=48.54s.
-- 50/221 [22.6%], loss=0.1753, dgw=0.1753, reg=0.0000, time=41.40s.
-- 75/221 [33.9%], loss=0.1745, dgw=0.1745, reg=0.0000, time=57.71s.
-- 100/221 [45.2%], loss=0.1724, dgw=0.1724, reg=0.0000, time=60.34s.
-- 125/221 [56.6%], loss=0.1703, dgw=0.1703, reg=0.0000, time=59.77s.
-- 150/221 [67.9%], loss=0.1684, dgw=0.1684, reg=0.0000, time=54.49s.
-- 175/221 [79.2%], loss=0.1670, dgw=0.1670, reg=0.0000, time=56.00s.
-- 200/221 [90.5%], loss=0.1650, dgw=0.1650, reg=0.0000, time=67.31s.
-- 221/221 [100.0%], loss=0.1631, dgw=0.1631, reg=0.0000, time=56.78s.
fit: Epoch 4/15, loss = 0.1705, best loss = 0.1705
results/MSRC_9_Chen_GW_usl_tsne_fit_4.pdf
-- 25/221 [11.3%], loss=0.1622, dgw=0.1622, reg=0.0000, time=72.46s.
-- 50/221 [22.6%], loss=0.1593, dgw=0.1593, reg=0.0000, time=61.42s.
-- 75/221 [33.9%], loss=0.1589, dgw=0.1589, reg=0.0000, time=62.95s.
-- 100/221 [45.2%], loss=0.1566, dgw=0.1566, reg=0.0000, time=39.23s.
-- 125/221 [56.6%], loss=0.1553, dgw=0.1553, reg=0.0000, time=57.97s.
-- 150/221 [67.9%], loss=0.1537, dgw=0.1537, reg=0.0000, time=61.41s.
-- 175/221 [79.2%], loss=0.1514, dgw=0.1514, reg=0.0000, time=57.58s.
-- 200/221 [90.5%], loss=0.1505, dgw=0.1505, reg=0.0000, time=58.65s.
-- 221/221 [100.0%], loss=0.1491, dgw=0.1491, reg=0.0000, time=59.40s.
fit: Epoch 5/15, loss = 0.1553, best loss = 0.1553
results/MSRC_9_Chen_GW_usl_tsne_fit_5.pdf
-- 25/221 [11.3%], loss=0.1472, dgw=0.1472, reg=0.0000, time=41.44s.
-- 50/221 [22.6%], loss=0.1459, dgw=0.1459, reg=0.0000, time=55.95s.
-- 75/221 [33.9%], loss=0.1432, dgw=0.1432, reg=0.0000, time=30.49s.
-- 100/221 [45.2%], loss=0.1431, dgw=0.1431, reg=0.0000, time=43.86s.
-- 125/221 [56.6%], loss=0.1415, dgw=0.1415, reg=0.0000, time=59.56s.
-- 150/221 [67.9%], loss=0.1406, dgw=0.1406, reg=0.0000, time=56.93s.
-- 175/221 [79.2%], loss=0.1386, dgw=0.1386, reg=0.0000, time=57.94s.
-- 200/221 [90.5%], loss=0.1373, dgw=0.1373, reg=0.0000, time=63.44s.
-- 221/221 [100.0%], loss=0.1354, dgw=0.1354, reg=0.0000, time=48.78s.
fit: Epoch 6/15, loss = 0.1415, best loss = 0.1415
results/MSRC_9_Chen_GW_usl_tsne_fit_6.pdf
-- 25/221 [11.3%], loss=0.1339, dgw=0.1339, reg=0.0000, time=34.44s.
-- 50/221 [22.6%], loss=0.1331, dgw=0.1331, reg=0.0000, time=65.57s.
-- 75/221 [33.9%], loss=0.1320, dgw=0.1320, reg=0.0000, time=64.06s.
-- 100/221 [45.2%], loss=0.1304, dgw=0.1304, reg=0.0000, time=49.85s.
-- 125/221 [56.6%], loss=0.1298, dgw=0.1298, reg=0.0000, time=59.70s.
-- 150/221 [67.9%], loss=0.1278, dgw=0.1278, reg=0.0000, time=42.28s.
-- 175/221 [79.2%], loss=0.1260, dgw=0.1260, reg=0.0000, time=71.49s.
-- 200/221 [90.5%], loss=0.1242, dgw=0.1242, reg=0.0000, time=57.15s.
-- 221/221 [100.0%], loss=0.1242, dgw=0.1242, reg=0.0000, time=43.84s.
fit: Epoch 7/15, loss = 0.1291, best loss = 0.1291
results/MSRC_9_Chen_GW_usl_tsne_fit_7.pdf
-- 25/221 [11.3%], loss=0.1224, dgw=0.1224, reg=0.0000, time=64.46s.
-- 50/221 [22.6%], loss=0.1219, dgw=0.1219, reg=0.0000, time=49.60s.
-- 75/221 [33.9%], loss=0.1206, dgw=0.1206, reg=0.0000, time=63.05s.
-- 100/221 [45.2%], loss=0.1189, dgw=0.1189, reg=0.0000, time=46.61s.
-- 125/221 [56.6%], loss=0.1177, dgw=0.1177, reg=0.0000, time=50.97s.
-- 150/221 [67.9%], loss=0.1167, dgw=0.1167, reg=0.0000, time=53.55s.
-- 175/221 [79.2%], loss=0.1154, dgw=0.1154, reg=0.0000, time=71.87s.
-- 200/221 [90.5%], loss=0.1139, dgw=0.1139, reg=0.0000, time=67.54s.
-- 221/221 [100.0%], loss=0.1129, dgw=0.1129, reg=0.0000, time=51.95s.
fit: Epoch 8/15, loss = 0.1179, best loss = 0.1179
results/MSRC_9_Chen_GW_usl_tsne_fit_8.pdf
-- 25/221 [11.3%], loss=0.1120, dgw=0.1120, reg=0.0000, time=55.59s.
-- 50/221 [22.6%], loss=0.1109, dgw=0.1109, reg=0.0000, time=52.22s.
-- 75/221 [33.9%], loss=0.1101, dgw=0.1101, reg=0.0000, time=40.04s.
-- 100/221 [45.2%], loss=0.1091, dgw=0.1091, reg=0.0000, time=56.71s.
-- 125/221 [56.6%], loss=0.1070, dgw=0.1070, reg=0.0000, time=59.55s.
-- 150/221 [67.9%], loss=0.1069, dgw=0.1069, reg=0.0000, time=75.10s.
-- 175/221 [79.2%], loss=0.1059, dgw=0.1059, reg=0.0000, time=82.75s.
-- 200/221 [90.5%], loss=0.1046, dgw=0.1046, reg=0.0000, time=49.33s.
-- 221/221 [100.0%], loss=0.1042, dgw=0.1042, reg=0.0000, time=44.68s.
fit: Epoch 9/15, loss = 0.1079, best loss = 0.1079
results/MSRC_9_Chen_GW_usl_tsne_fit_9.pdf
-- 25/221 [11.3%], loss=0.1025, dgw=0.1025, reg=0.0000, time=49.56s.
-- 50/221 [22.6%], loss=0.1814, dgw=0.1814, reg=0.0000, time=45.58s.
-- 75/221 [33.9%], loss=0.1799, dgw=0.1799, reg=0.0000, time=58.93s.
-- 100/221 [45.2%], loss=0.2202, dgw=0.2202, reg=0.0000, time=76.98s.
-- 125/221 [56.6%], loss=0.3435, dgw=0.3435, reg=0.0000, time=63.12s.
-- 150/221 [67.9%], loss=0.5786, dgw=0.5786, reg=0.0000, time=54.85s.
-- 175/221 [79.2%], loss=0.9771, dgw=0.9771, reg=0.0000, time=60.45s.
-- 200/221 [90.5%], loss=1.0963, dgw=1.0963, reg=0.0000, time=37.98s.
-- 221/221 [100.0%], loss=1.0953, dgw=1.0953, reg=0.0000, time=41.55s.
fit: Epoch 10/15, loss = 0.5203, best loss = 0.1079
results/MSRC_9_Chen_GW_usl_tsne_fit_10.pdf
-- 25/221 [11.3%], loss=1.0944, dgw=1.0944, reg=0.0000, time=51.47s.
-- 50/221 [22.6%], loss=1.0938, dgw=1.0938, reg=0.0000, time=54.76s.
-- 75/221 [33.9%], loss=1.0924, dgw=1.0924, reg=0.0000, time=56.42s.
-- 100/221 [45.2%], loss=1.0907, dgw=1.0907, reg=0.0000, time=57.82s.
-- 125/221 [56.6%], loss=1.0914, dgw=1.0914, reg=0.0000, time=56.65s.
-- 150/221 [67.9%], loss=1.0906, dgw=1.0906, reg=0.0000, time=57.12s.
-- 175/221 [79.2%], loss=1.0892, dgw=1.0892, reg=0.0000, time=54.01s.
-- 200/221 [90.5%], loss=1.0878, dgw=1.0878, reg=0.0000, time=63.41s.
-- 221/221 [100.0%], loss=1.0876, dgw=1.0876, reg=0.0000, time=49.88s.
fit: Epoch 11/15, loss = 1.0910, best loss = 0.1079
results/MSRC_9_Chen_GW_usl_tsne_fit_11.pdf
-- 25/221 [11.3%], loss=1.0862, dgw=1.0862, reg=0.0000, time=45.71s.
-- 50/221 [22.6%], loss=1.0858, dgw=1.0858, reg=0.0000, time=45.89s.
-- 75/221 [33.9%], loss=1.0851, dgw=1.0851, reg=0.0000, time=53.31s.
-- 100/221 [45.2%], loss=1.0851, dgw=1.0851, reg=0.0000, time=58.01s.
-- 125/221 [56.6%], loss=1.0828, dgw=1.0828, reg=0.0000, time=63.88s.
-- 150/221 [67.9%], loss=1.0837, dgw=1.0837, reg=0.0000, time=73.03s.
-- 175/221 [79.2%], loss=1.0827, dgw=1.0827, reg=0.0000, time=67.06s.
-- 200/221 [90.5%], loss=1.0821, dgw=1.0821, reg=0.0000, time=48.01s.
-- 221/221 [100.0%], loss=1.0803, dgw=1.0803, reg=0.0000, time=24.09s.
fit: Epoch 12/15, loss = 1.0838, best loss = 0.1079
results/MSRC_9_Chen_GW_usl_tsne_fit_12.pdf
-- 25/221 [11.3%], loss=1.0801, dgw=1.0801, reg=0.0000, time=50.64s.
-- 50/221 [22.6%], loss=1.0799, dgw=1.0799, reg=0.0000, time=50.47s.
-- 75/221 [33.9%], loss=1.0776, dgw=1.0776, reg=0.0000, time=46.30s.
-- 100/221 [45.2%], loss=1.0780, dgw=1.0780, reg=0.0000, time=49.70s.
-- 125/221 [56.6%], loss=1.0778, dgw=1.0778, reg=0.0000, time=58.28s.
-- 150/221 [67.9%], loss=1.0771, dgw=1.0771, reg=0.0000, time=60.52s.
-- 175/221 [79.2%], loss=1.0758, dgw=1.0758, reg=0.0000, time=61.48s.
-- 200/221 [90.5%], loss=1.0756, dgw=1.0756, reg=0.0000, time=59.79s.
-- 221/221 [100.0%], loss=1.0746, dgw=1.0746, reg=0.0000, time=43.57s.
fit: Epoch 13/15, loss = 1.0774, best loss = 0.1079
results/MSRC_9_Chen_GW_usl_tsne_fit_13.pdf
-- 25/221 [11.3%], loss=1.0739, dgw=1.0739, reg=0.0000, time=46.47s.
-- 50/221 [22.6%], loss=1.0735, dgw=1.0735, reg=0.0000, time=40.66s.
-- 75/221 [33.9%], loss=1.0732, dgw=1.0732, reg=0.0000, time=54.10s.
-- 100/221 [45.2%], loss=1.0725, dgw=1.0725, reg=0.0000, time=60.99s.
-- 125/221 [56.6%], loss=1.0711, dgw=1.0711, reg=0.0000, time=40.29s.
-- 150/221 [67.9%], loss=1.0709, dgw=1.0709, reg=0.0000, time=34.98s.
-- 175/221 [79.2%], loss=1.0709, dgw=1.0709, reg=0.0000, time=45.32s.
-- 200/221 [90.5%], loss=1.0702, dgw=1.0702, reg=0.0000, time=43.80s.
-- 221/221 [100.0%], loss=1.0692, dgw=1.0692, reg=0.0000, time=29.43s.
fit: Epoch 14/15, loss = 1.0718, best loss = 0.1079
results/MSRC_9_Chen_GW_usl_tsne_fit_14.pdf
-- 25/221 [11.3%], loss=1.0689, dgw=1.0689, reg=0.0000, time=34.39s.
-- 50/221 [22.6%], loss=1.0683, dgw=1.0683, reg=0.0000, time=48.15s.
-- 75/221 [33.9%], loss=1.0675, dgw=1.0675, reg=0.0000, time=52.36s.
-- 100/221 [45.2%], loss=1.0669, dgw=1.0669, reg=0.0000, time=53.54s.
-- 125/221 [56.6%], loss=1.0666, dgw=1.0666, reg=0.0000, time=44.91s.
-- 150/221 [67.9%], loss=1.0657, dgw=1.0657, reg=0.0000, time=38.14s.
-- 175/221 [79.2%], loss=1.0662, dgw=1.0662, reg=0.0000, time=51.74s.
-- 200/221 [90.5%], loss=1.0653, dgw=1.0653, reg=0.0000, time=52.87s.
-- 221/221 [100.0%], loss=1.0645, dgw=1.0645, reg=0.0000, time=40.22s.
fit: Epoch 15/15, loss = 1.0667, best loss = 0.1079
results/MSRC_9_Chen_GW_usl_tsne_fit_15.pdf
Rand Score: 0.7765117235705471
Done!
