MORE THAN 2 CLASSES!
-- 25/221 [11.3%], loss=0.2340, dgw=0.2340, reg=0.0000, time=33.15s.
-- 50/221 [22.6%], loss=0.2319, dgw=0.2319, reg=0.0000, time=43.73s.
-- 75/221 [33.9%], loss=0.2278, dgw=0.2278, reg=0.0000, time=45.04s.
-- 100/221 [45.2%], loss=0.2263, dgw=0.2263, reg=0.0000, time=40.80s.
-- 125/221 [56.6%], loss=0.2238, dgw=0.2238, reg=0.0000, time=36.49s.
-- 150/221 [67.9%], loss=0.2220, dgw=0.2220, reg=0.0000, time=44.32s.
-- 175/221 [79.2%], loss=0.2196, dgw=0.2196, reg=0.0000, time=41.76s.
-- 200/221 [90.5%], loss=0.2173, dgw=0.2173, reg=0.0000, time=51.16s.
-- 221/221 [100.0%], loss=0.2151, dgw=0.2151, reg=0.0000, time=39.06s.
fit: Epoch 1/15, loss = 0.2244, best loss = 0.2244
results/MSRC_9_Chen_GW_usl_tsne_fit_1.pdf
-- 25/221 [11.3%], loss=0.2148, dgw=0.2148, reg=0.0000, time=42.92s.
-- 50/221 [22.6%], loss=0.2121, dgw=0.2121, reg=0.0000, time=42.22s.
-- 75/221 [33.9%], loss=0.2084, dgw=0.2084, reg=0.0000, time=42.59s.
-- 100/221 [45.2%], loss=0.2075, dgw=0.2075, reg=0.0000, time=32.47s.
-- 125/221 [56.6%], loss=0.2043, dgw=0.2043, reg=0.0000, time=49.56s.
-- 150/221 [67.9%], loss=0.2025, dgw=0.2025, reg=0.0000, time=64.40s.
-- 175/221 [79.2%], loss=0.2017, dgw=0.2017, reg=0.0000, time=53.45s.
-- 200/221 [90.5%], loss=0.1969, dgw=0.1969, reg=0.0000, time=40.68s.
-- 221/221 [100.0%], loss=0.1972, dgw=0.1972, reg=0.0000, time=27.76s.
fit: Epoch 2/15, loss = 0.2052, best loss = 0.2052
results/MSRC_9_Chen_GW_usl_tsne_fit_2.pdf
-- 25/221 [11.3%], loss=0.1952, dgw=0.1952, reg=0.0000, time=41.40s.
-- 50/221 [22.6%], loss=0.1928, dgw=0.1928, reg=0.0000, time=44.39s.
-- 75/221 [33.9%], loss=0.1890, dgw=0.1890, reg=0.0000, time=42.00s.
-- 100/221 [45.2%], loss=0.1896, dgw=0.1896, reg=0.0000, time=46.71s.
-- 125/221 [56.6%], loss=0.1870, dgw=0.1870, reg=0.0000, time=54.83s.
-- 150/221 [67.9%], loss=0.1852, dgw=0.1852, reg=0.0000, time=47.64s.
-- 175/221 [79.2%], loss=0.1839, dgw=0.1839, reg=0.0000, time=44.64s.
-- 200/221 [90.5%], loss=0.1820, dgw=0.1820, reg=0.0000, time=53.46s.
-- 221/221 [100.0%], loss=0.1796, dgw=0.1796, reg=0.0000, time=40.07s.
fit: Epoch 3/15, loss = 0.1873, best loss = 0.1873
results/MSRC_9_Chen_GW_usl_tsne_fit_3.pdf
-- 25/221 [11.3%], loss=0.1777, dgw=0.1777, reg=0.0000, time=61.35s.
-- 50/221 [22.6%], loss=0.1763, dgw=0.1763, reg=0.0000, time=49.08s.
-- 75/221 [33.9%], loss=0.1732, dgw=0.1732, reg=0.0000, time=60.78s.
-- 100/221 [45.2%], loss=0.1724, dgw=0.1724, reg=0.0000, time=50.58s.
-- 125/221 [56.6%], loss=0.1715, dgw=0.1715, reg=0.0000, time=48.04s.
-- 150/221 [67.9%], loss=0.1688, dgw=0.1688, reg=0.0000, time=50.19s.
-- 175/221 [79.2%], loss=0.1671, dgw=0.1671, reg=0.0000, time=48.62s.
-- 200/221 [90.5%], loss=0.1646, dgw=0.1646, reg=0.0000, time=45.20s.
-- 221/221 [100.0%], loss=0.1634, dgw=0.1634, reg=0.0000, time=52.18s.
fit: Epoch 4/15, loss = 0.1707, best loss = 0.1707
results/MSRC_9_Chen_GW_usl_tsne_fit_4.pdf
-- 25/221 [11.3%], loss=0.1622, dgw=0.1622, reg=0.0000, time=45.52s.
-- 50/221 [22.6%], loss=0.1602, dgw=0.1602, reg=0.0000, time=51.87s.
-- 75/221 [33.9%], loss=0.1596, dgw=0.1596, reg=0.0000, time=46.30s.
-- 100/221 [45.2%], loss=0.1562, dgw=0.1562, reg=0.0000, time=55.78s.
-- 125/221 [56.6%], loss=0.1549, dgw=0.1549, reg=0.0000, time=55.59s.
-- 150/221 [67.9%], loss=0.1534, dgw=0.1534, reg=0.0000, time=57.09s.
-- 175/221 [79.2%], loss=0.1515, dgw=0.1515, reg=0.0000, time=38.36s.
-- 200/221 [90.5%], loss=0.1501, dgw=0.1501, reg=0.0000, time=54.00s.
-- 221/221 [100.0%], loss=0.1505, dgw=0.1505, reg=0.0000, time=44.15s.
fit: Epoch 5/15, loss = 0.1555, best loss = 0.1555
results/MSRC_9_Chen_GW_usl_tsne_fit_5.pdf
-- 25/221 [11.3%], loss=0.1472, dgw=0.1472, reg=0.0000, time=41.08s.
-- 50/221 [22.6%], loss=0.1468, dgw=0.1468, reg=0.0000, time=33.51s.
-- 75/221 [33.9%], loss=0.1442, dgw=0.1442, reg=0.0000, time=30.21s.
-- 100/221 [45.2%], loss=0.1427, dgw=0.1427, reg=0.0000, time=37.15s.
-- 125/221 [56.6%], loss=0.1414, dgw=0.1414, reg=0.0000, time=25.84s.
-- 150/221 [67.9%], loss=0.1402, dgw=0.1402, reg=0.0000, time=28.39s.
-- 175/221 [79.2%], loss=0.1390, dgw=0.1390, reg=0.0000, time=41.01s.
-- 200/221 [90.5%], loss=0.1365, dgw=0.1365, reg=0.0000, time=39.27s.
-- 221/221 [100.0%], loss=0.1363, dgw=0.1363, reg=0.0000, time=40.52s.
fit: Epoch 6/15, loss = 0.1417, best loss = 0.1417
results/MSRC_9_Chen_GW_usl_tsne_fit_6.pdf
-- 25/221 [11.3%], loss=0.1345, dgw=0.1345, reg=0.0000, time=32.29s.
-- 50/221 [22.6%], loss=0.1329, dgw=0.1329, reg=0.0000, time=41.89s.
-- 75/221 [33.9%], loss=0.1314, dgw=0.1314, reg=0.0000, time=51.26s.
-- 100/221 [45.2%], loss=0.1300, dgw=0.1300, reg=0.0000, time=28.10s.
-- 125/221 [56.6%], loss=0.1298, dgw=0.1298, reg=0.0000, time=37.26s.
-- 150/221 [67.9%], loss=0.1276, dgw=0.1276, reg=0.0000, time=47.27s.
-- 175/221 [79.2%], loss=0.1270, dgw=0.1270, reg=0.0000, time=35.16s.
-- 200/221 [90.5%], loss=0.1255, dgw=0.1255, reg=0.0000, time=33.00s.
-- 221/221 [100.0%], loss=0.1237, dgw=0.1237, reg=0.0000, time=37.46s.
fit: Epoch 7/15, loss = 0.1293, best loss = 0.1293
results/MSRC_9_Chen_GW_usl_tsne_fit_7.pdf
-- 25/221 [11.3%], loss=0.1233, dgw=0.1233, reg=0.0000, time=32.33s.
-- 50/221 [22.6%], loss=0.1215, dgw=0.1215, reg=0.0000, time=38.29s.
-- 75/221 [33.9%], loss=0.1199, dgw=0.1199, reg=0.0000, time=62.71s.
-- 100/221 [45.2%], loss=0.1196, dgw=0.1196, reg=0.0000, time=50.39s.
-- 125/221 [56.6%], loss=0.1176, dgw=0.1176, reg=0.0000, time=49.68s.
-- 150/221 [67.9%], loss=0.1168, dgw=0.1168, reg=0.0000, time=50.57s.
-- 175/221 [79.2%], loss=0.1148, dgw=0.1148, reg=0.0000, time=34.82s.
-- 200/221 [90.5%], loss=0.1147, dgw=0.1147, reg=0.0000, time=58.10s.
-- 221/221 [100.0%], loss=0.1138, dgw=0.1138, reg=0.0000, time=44.83s.
fit: Epoch 8/15, loss = 0.1181, best loss = 0.1181
results/MSRC_9_Chen_GW_usl_tsne_fit_8.pdf
-- 25/221 [11.3%], loss=0.1124, dgw=0.1124, reg=0.0000, time=45.02s.
-- 50/221 [22.6%], loss=0.1113, dgw=0.1113, reg=0.0000, time=36.87s.
-- 75/221 [33.9%], loss=0.1095, dgw=0.1095, reg=0.0000, time=45.55s.
-- 100/221 [45.2%], loss=0.1085, dgw=0.1085, reg=0.0000, time=46.75s.
-- 125/221 [56.6%], loss=0.1086, dgw=0.1086, reg=0.0000, time=48.20s.
-- 150/221 [67.9%], loss=0.1067, dgw=0.1067, reg=0.0000, time=39.88s.
-- 175/221 [79.2%], loss=0.1061, dgw=0.1061, reg=0.0000, time=45.55s.
-- 200/221 [90.5%], loss=0.1049, dgw=0.1049, reg=0.0000, time=49.30s.
-- 221/221 [100.0%], loss=0.1039, dgw=0.1039, reg=0.0000, time=42.08s.
fit: Epoch 9/15, loss = 0.1081, best loss = 0.1081
results/MSRC_9_Chen_GW_usl_tsne_fit_9.pdf
-- 25/221 [11.3%], loss=0.1028, dgw=0.1028, reg=0.0000, time=67.27s.
-- 50/221 [22.6%], loss=0.1018, dgw=0.1018, reg=0.0000, time=40.15s.
-- 75/221 [33.9%], loss=0.1011, dgw=0.1011, reg=0.0000, time=45.08s.
-- 100/221 [45.2%], loss=0.1000, dgw=0.1000, reg=0.0000, time=50.28s.
-- 125/221 [56.6%], loss=0.0995, dgw=0.0995, reg=0.0000, time=46.30s.
-- 150/221 [67.9%], loss=0.0975, dgw=0.0975, reg=0.0000, time=44.01s.
-- 175/221 [79.2%], loss=0.0970, dgw=0.0970, reg=0.0000, time=59.01s.
-- 200/221 [90.5%], loss=0.0960, dgw=0.0960, reg=0.0000, time=44.32s.
-- 221/221 [100.0%], loss=0.0957, dgw=0.0957, reg=0.0000, time=42.40s.
fit: Epoch 10/15, loss = 0.0991, best loss = 0.0991
results/MSRC_9_Chen_GW_usl_tsne_fit_10.pdf
-- 25/221 [11.3%], loss=0.0948, dgw=0.0948, reg=0.0000, time=18.88s.
-- 50/221 [22.6%], loss=0.0935, dgw=0.0935, reg=0.0000, time=52.95s.
-- 75/221 [33.9%], loss=0.0925, dgw=0.0925, reg=0.0000, time=56.31s.
-- 100/221 [45.2%], loss=0.0913, dgw=0.0913, reg=0.0000, time=31.12s.
-- 125/221 [56.6%], loss=0.0908, dgw=0.0908, reg=0.0000, time=28.68s.
-- 150/221 [67.9%], loss=0.0905, dgw=0.0905, reg=0.0000, time=45.90s.
-- 175/221 [79.2%], loss=0.0895, dgw=0.0895, reg=0.0000, time=47.48s.
-- 200/221 [90.5%], loss=0.0886, dgw=0.0886, reg=0.0000, time=48.81s.
-- 221/221 [100.0%], loss=0.0879, dgw=0.0879, reg=0.0000, time=37.10s.
fit: Epoch 11/15, loss = 0.0911, best loss = 0.0911
results/MSRC_9_Chen_GW_usl_tsne_fit_11.pdf
-- 25/221 [11.3%], loss=0.0873, dgw=0.0873, reg=0.0000, time=39.91s.
-- 50/221 [22.6%], loss=0.0858, dgw=0.0858, reg=0.0000, time=48.86s.
-- 75/221 [33.9%], loss=0.0858, dgw=0.0858, reg=0.0000, time=44.25s.
-- 100/221 [45.2%], loss=0.0841, dgw=0.0841, reg=0.0000, time=47.26s.
-- 125/221 [56.6%], loss=0.0838, dgw=0.0838, reg=0.0000, time=56.79s.
-- 150/221 [67.9%], loss=0.0828, dgw=0.0828, reg=0.0000, time=41.40s.
-- 175/221 [79.2%], loss=0.0829, dgw=0.0829, reg=0.0000, time=55.50s.
-- 200/221 [90.5%], loss=0.0814, dgw=0.0814, reg=0.0000, time=47.49s.
-- 221/221 [100.0%], loss=0.0811, dgw=0.0811, reg=0.0000, time=41.38s.
fit: Epoch 12/15, loss = 0.0839, best loss = 0.0839
results/MSRC_9_Chen_GW_usl_tsne_fit_12.pdf
-- 25/221 [11.3%], loss=0.0794, dgw=0.0794, reg=0.0000, time=49.63s.
-- 50/221 [22.6%], loss=0.0799, dgw=0.0799, reg=0.0000, time=51.36s.
-- 75/221 [33.9%], loss=0.0789, dgw=0.0789, reg=0.0000, time=42.36s.
-- 100/221 [45.2%], loss=0.0786, dgw=0.0786, reg=0.0000, time=54.62s.
-- 125/221 [56.6%], loss=0.0777, dgw=0.0777, reg=0.0000, time=57.14s.
-- 150/221 [67.9%], loss=0.0757, dgw=0.0757, reg=0.0000, time=52.91s.
-- 175/221 [79.2%], loss=0.1161, dgw=0.1161, reg=0.0000, time=47.57s.
-- 200/221 [90.5%], loss=0.0758, dgw=0.0758, reg=0.0000, time=52.18s.
-- 221/221 [100.0%], loss=0.0753, dgw=0.0753, reg=0.0000, time=36.34s.
fit: Epoch 13/15, loss = 0.0821, best loss = 0.0821
results/MSRC_9_Chen_GW_usl_tsne_fit_13.pdf
-- 25/221 [11.3%], loss=0.1144, dgw=0.1144, reg=0.0000, time=44.04s.
-- 50/221 [22.6%], loss=0.0733, dgw=0.0733, reg=0.0000, time=49.85s.
-- 75/221 [33.9%], loss=0.0729, dgw=0.0729, reg=0.0000, time=48.24s.
-- 100/221 [45.2%], loss=0.1123, dgw=0.1123, reg=0.0000, time=51.06s.
-- 125/221 [56.6%], loss=0.1117, dgw=0.1117, reg=0.0000, time=60.27s.
-- 150/221 [67.9%], loss=0.3511, dgw=0.3511, reg=0.0000, time=42.56s.
-- 175/221 [79.2%], loss=0.7104, dgw=0.7104, reg=0.0000, time=34.41s.
-- 200/221 [90.5%], loss=0.9898, dgw=0.9898, reg=0.0000, time=48.78s.
-- 221/221 [100.0%], loss=1.0702, dgw=1.0702, reg=0.0000, time=35.99s.
fit: Epoch 14/15, loss = 0.3885, best loss = 0.0821
results/MSRC_9_Chen_GW_usl_tsne_fit_14.pdf
-- 25/221 [11.3%], loss=1.0691, dgw=1.0691, reg=0.0000, time=31.91s.
-- 50/221 [22.6%], loss=1.0679, dgw=1.0679, reg=0.0000, time=36.51s.
-- 75/221 [33.9%], loss=1.0674, dgw=1.0674, reg=0.0000, time=50.97s.
-- 100/221 [45.2%], loss=1.0670, dgw=1.0670, reg=0.0000, time=49.33s.
-- 125/221 [56.6%], loss=1.0671, dgw=1.0671, reg=0.0000, time=44.24s.
-- 150/221 [67.9%], loss=1.0664, dgw=1.0664, reg=0.0000, time=49.85s.
-- 175/221 [79.2%], loss=1.0659, dgw=1.0659, reg=0.0000, time=38.02s.
-- 200/221 [90.5%], loss=1.0651, dgw=1.0651, reg=0.0000, time=38.03s.
-- 221/221 [100.0%], loss=1.0638, dgw=1.0638, reg=0.0000, time=35.39s.
fit: Epoch 15/15, loss = 1.0667, best loss = 0.0821
results/MSRC_9_Chen_GW_usl_tsne_fit_15.pdf
Rand Score: 0.7784450843274373
Done!
