MORE THAN 2 CLASSES!
-- 25/221 [11.3%], loss=0.2306, dgw=0.2306, reg=0.0000, time=38.02s.
-- 50/221 [22.6%], loss=0.2307, dgw=0.2307, reg=0.0000, time=46.34s.
-- 75/221 [33.9%], loss=0.2291, dgw=0.2291, reg=0.0000, time=51.44s.
-- 100/221 [45.2%], loss=0.2262, dgw=0.2262, reg=0.0000, time=29.27s.
-- 125/221 [56.6%], loss=0.2230, dgw=0.2230, reg=0.0000, time=46.21s.
-- 150/221 [67.9%], loss=0.2229, dgw=0.2229, reg=0.0000, time=49.00s.
-- 175/221 [79.2%], loss=0.2208, dgw=0.2208, reg=0.0000, time=50.58s.
-- 200/221 [90.5%], loss=0.2179, dgw=0.2179, reg=0.0000, time=58.83s.
-- 221/221 [100.0%], loss=0.2156, dgw=0.2156, reg=0.0000, time=62.22s.
fit: Epoch 1/15, loss = 0.2242, best loss = 0.2242
results/MSRC_9_Chen_GW_usl_tsne_fit_1.pdf
-- 25/221 [11.3%], loss=0.2130, dgw=0.2130, reg=0.0000, time=50.94s.
-- 50/221 [22.6%], loss=0.2118, dgw=0.2118, reg=0.0000, time=75.77s.
-- 75/221 [33.9%], loss=0.2097, dgw=0.2097, reg=0.0000, time=44.50s.
-- 100/221 [45.2%], loss=0.2077, dgw=0.2077, reg=0.0000, time=76.45s.
-- 125/221 [56.6%], loss=0.2048, dgw=0.2048, reg=0.0000, time=57.45s.
-- 150/221 [67.9%], loss=0.2027, dgw=0.2027, reg=0.0000, time=57.26s.
-- 175/221 [79.2%], loss=0.2008, dgw=0.2008, reg=0.0000, time=70.58s.
-- 200/221 [90.5%], loss=0.1986, dgw=0.1986, reg=0.0000, time=55.51s.
-- 221/221 [100.0%], loss=0.1958, dgw=0.1958, reg=0.0000, time=58.59s.
fit: Epoch 2/15, loss = 0.2051, best loss = 0.2051
results/MSRC_9_Chen_GW_usl_tsne_fit_2.pdf
-- 25/221 [11.3%], loss=0.1939, dgw=0.1939, reg=0.0000, time=41.04s.
-- 50/221 [22.6%], loss=0.1938, dgw=0.1938, reg=0.0000, time=68.94s.
-- 75/221 [33.9%], loss=0.1920, dgw=0.1920, reg=0.0000, time=48.85s.
-- 100/221 [45.2%], loss=0.1895, dgw=0.1895, reg=0.0000, time=35.92s.
-- 125/221 [56.6%], loss=0.1867, dgw=0.1867, reg=0.0000, time=44.52s.
-- 150/221 [67.9%], loss=0.1840, dgw=0.1840, reg=0.0000, time=52.78s.
-- 175/221 [79.2%], loss=0.1824, dgw=0.1824, reg=0.0000, time=47.08s.
-- 200/221 [90.5%], loss=0.1820, dgw=0.1820, reg=0.0000, time=69.25s.
-- 221/221 [100.0%], loss=0.1801, dgw=0.1801, reg=0.0000, time=60.14s.
fit: Epoch 3/15, loss = 0.1873, best loss = 0.1873
results/MSRC_9_Chen_GW_usl_tsne_fit_3.pdf
-- 25/221 [11.3%], loss=0.1775, dgw=0.1775, reg=0.0000, time=39.05s.
-- 50/221 [22.6%], loss=0.1762, dgw=0.1762, reg=0.0000, time=32.23s.
-- 75/221 [33.9%], loss=0.1749, dgw=0.1749, reg=0.0000, time=40.36s.
-- 100/221 [45.2%], loss=0.1720, dgw=0.1720, reg=0.0000, time=44.79s.
-- 125/221 [56.6%], loss=0.1706, dgw=0.1706, reg=0.0000, time=67.05s.
-- 150/221 [67.9%], loss=0.1691, dgw=0.1691, reg=0.0000, time=47.84s.
-- 175/221 [79.2%], loss=0.1664, dgw=0.1664, reg=0.0000, time=30.38s.
-- 200/221 [90.5%], loss=0.1648, dgw=0.1648, reg=0.0000, time=48.02s.
-- 221/221 [100.0%], loss=0.1640, dgw=0.1640, reg=0.0000, time=38.41s.
fit: Epoch 4/15, loss = 0.1707, best loss = 0.1707
results/MSRC_9_Chen_GW_usl_tsne_fit_4.pdf
-- 25/221 [11.3%], loss=0.1627, dgw=0.1627, reg=0.0000, time=42.36s.
-- 50/221 [22.6%], loss=0.1604, dgw=0.1604, reg=0.0000, time=51.91s.
-- 75/221 [33.9%], loss=0.1572, dgw=0.1572, reg=0.0000, time=66.22s.
-- 100/221 [45.2%], loss=0.1578, dgw=0.1578, reg=0.0000, time=62.83s.
-- 125/221 [56.6%], loss=0.1551, dgw=0.1551, reg=0.0000, time=49.37s.
-- 150/221 [67.9%], loss=0.1538, dgw=0.1538, reg=0.0000, time=58.37s.
-- 175/221 [79.2%], loss=0.1522, dgw=0.1522, reg=0.0000, time=47.15s.
-- 200/221 [90.5%], loss=0.1505, dgw=0.1505, reg=0.0000, time=40.71s.
-- 221/221 [100.0%], loss=0.1496, dgw=0.1496, reg=0.0000, time=47.97s.
fit: Epoch 5/15, loss = 0.1556, best loss = 0.1556
results/MSRC_9_Chen_GW_usl_tsne_fit_5.pdf
-- 25/221 [11.3%], loss=0.1475, dgw=0.1475, reg=0.0000, time=61.12s.
-- 50/221 [22.6%], loss=0.1456, dgw=0.1456, reg=0.0000, time=54.84s.
-- 75/221 [33.9%], loss=0.1443, dgw=0.1443, reg=0.0000, time=57.68s.
-- 100/221 [45.2%], loss=0.1435, dgw=0.1435, reg=0.0000, time=58.72s.
-- 125/221 [56.6%], loss=0.1419, dgw=0.1419, reg=0.0000, time=46.28s.
-- 150/221 [67.9%], loss=0.1399, dgw=0.1399, reg=0.0000, time=62.76s.
-- 175/221 [79.2%], loss=0.1390, dgw=0.1390, reg=0.0000, time=57.08s.
-- 200/221 [90.5%], loss=0.1378, dgw=0.1378, reg=0.0000, time=35.19s.
-- 221/221 [100.0%], loss=0.1358, dgw=0.1358, reg=0.0000, time=44.52s.
fit: Epoch 6/15, loss = 0.1418, best loss = 0.1418
results/MSRC_9_Chen_GW_usl_tsne_fit_6.pdf
-- 25/221 [11.3%], loss=0.1347, dgw=0.1347, reg=0.0000, time=53.55s.
-- 50/221 [22.6%], loss=0.1333, dgw=0.1333, reg=0.0000, time=56.41s.
-- 75/221 [33.9%], loss=0.1323, dgw=0.1323, reg=0.0000, time=59.53s.
-- 100/221 [45.2%], loss=0.1306, dgw=0.1306, reg=0.0000, time=66.68s.
-- 125/221 [56.6%], loss=0.1289, dgw=0.1289, reg=0.0000, time=71.25s.
-- 150/221 [67.9%], loss=0.1277, dgw=0.1277, reg=0.0000, time=39.27s.
-- 175/221 [79.2%], loss=0.1262, dgw=0.1262, reg=0.0000, time=69.99s.
-- 200/221 [90.5%], loss=0.1258, dgw=0.1258, reg=0.0000, time=74.84s.
-- 221/221 [100.0%], loss=0.1241, dgw=0.1241, reg=0.0000, time=41.28s.
fit: Epoch 7/15, loss = 0.1294, best loss = 0.1294
results/MSRC_9_Chen_GW_usl_tsne_fit_7.pdf
-- 25/221 [11.3%], loss=0.1229, dgw=0.1229, reg=0.0000, time=51.44s.
-- 50/221 [22.6%], loss=0.1216, dgw=0.1216, reg=0.0000, time=60.13s.
-- 75/221 [33.9%], loss=0.1207, dgw=0.1207, reg=0.0000, time=56.18s.
-- 100/221 [45.2%], loss=0.1195, dgw=0.1195, reg=0.0000, time=51.87s.
-- 125/221 [56.6%], loss=0.1186, dgw=0.1186, reg=0.0000, time=51.74s.
-- 150/221 [67.9%], loss=0.1169, dgw=0.1169, reg=0.0000, time=46.43s.
-- 175/221 [79.2%], loss=0.1158, dgw=0.1158, reg=0.0000, time=56.24s.
-- 200/221 [90.5%], loss=0.1146, dgw=0.1146, reg=0.0000, time=70.21s.
-- 221/221 [100.0%], loss=0.1130, dgw=0.1130, reg=0.0000, time=56.24s.
fit: Epoch 8/15, loss = 0.1183, best loss = 0.1183
results/MSRC_9_Chen_GW_usl_tsne_fit_8.pdf
-- 25/221 [11.3%], loss=0.1135, dgw=0.1135, reg=0.0000, time=49.90s.
-- 50/221 [22.6%], loss=0.1106, dgw=0.1106, reg=0.0000, time=51.02s.
-- 75/221 [33.9%], loss=0.1109, dgw=0.1109, reg=0.0000, time=63.41s.
-- 100/221 [45.2%], loss=0.1090, dgw=0.1090, reg=0.0000, time=85.60s.
-- 125/221 [56.6%], loss=0.1080, dgw=0.1080, reg=0.0000, time=62.54s.
-- 150/221 [67.9%], loss=0.1069, dgw=0.1069, reg=0.0000, time=56.76s.
-- 175/221 [79.2%], loss=0.1058, dgw=0.1058, reg=0.0000, time=70.92s.
-- 200/221 [90.5%], loss=0.1051, dgw=0.1051, reg=0.0000, time=63.09s.
-- 221/221 [100.0%], loss=0.1040, dgw=0.1040, reg=0.0000, time=51.83s.
fit: Epoch 9/15, loss = 0.1083, best loss = 0.1083
results/MSRC_9_Chen_GW_usl_tsne_fit_9.pdf
-- 25/221 [11.3%], loss=0.1033, dgw=0.1033, reg=0.0000, time=55.56s.
-- 50/221 [22.6%], loss=0.1018, dgw=0.1018, reg=0.0000, time=53.71s.
-- 75/221 [33.9%], loss=0.1013, dgw=0.1013, reg=0.0000, time=47.82s.
-- 100/221 [45.2%], loss=0.1003, dgw=0.1003, reg=0.0000, time=55.09s.
-- 125/221 [56.6%], loss=0.0993, dgw=0.0993, reg=0.0000, time=58.19s.
-- 150/221 [67.9%], loss=0.1012, dgw=0.1012, reg=0.0000, time=44.16s.
-- 175/221 [79.2%], loss=0.0972, dgw=0.0972, reg=0.0000, time=41.28s.
-- 200/221 [90.5%], loss=0.0965, dgw=0.0965, reg=0.0000, time=49.04s.
-- 221/221 [100.0%], loss=0.2377, dgw=0.2377, reg=0.0000, time=60.34s.
fit: Epoch 10/15, loss = 0.1132, best loss = 0.1083
results/MSRC_9_Chen_GW_usl_tsne_fit_10.pdf
-- 25/221 [11.3%], loss=0.1099, dgw=0.1099, reg=0.0000, time=69.14s.
-- 50/221 [22.6%], loss=0.1737, dgw=0.1737, reg=0.0000, time=38.29s.
-- 75/221 [33.9%], loss=0.1336, dgw=0.1336, reg=0.0000, time=46.95s.
-- 100/221 [45.2%], loss=0.1922, dgw=0.1922, reg=0.0000, time=49.56s.
-- 125/221 [56.6%], loss=0.0918, dgw=0.0918, reg=0.0000, time=62.00s.
-- 150/221 [67.9%], loss=0.1306, dgw=0.1306, reg=0.0000, time=62.56s.
-- 175/221 [79.2%], loss=0.0897, dgw=0.0897, reg=0.0000, time=41.56s.
-- 200/221 [90.5%], loss=0.0879, dgw=0.0879, reg=0.0000, time=45.29s.
-- 221/221 [100.0%], loss=0.0877, dgw=0.0877, reg=0.0000, time=57.44s.
fit: Epoch 11/15, loss = 0.1225, best loss = 0.1083
results/MSRC_9_Chen_GW_usl_tsne_fit_11.pdf
-- 25/221 [11.3%], loss=0.0867, dgw=0.0867, reg=0.0000, time=43.27s.
-- 50/221 [22.6%], loss=0.0865, dgw=0.0865, reg=0.0000, time=58.65s.
-- 75/221 [33.9%], loss=0.0864, dgw=0.0864, reg=0.0000, time=48.12s.
-- 100/221 [45.2%], loss=0.0848, dgw=0.0848, reg=0.0000, time=42.03s.
-- 125/221 [56.6%], loss=0.0848, dgw=0.0848, reg=0.0000, time=55.26s.
-- 150/221 [67.9%], loss=0.0842, dgw=0.0842, reg=0.0000, time=54.76s.
-- 175/221 [79.2%], loss=0.0827, dgw=0.0827, reg=0.0000, time=67.14s.
-- 200/221 [90.5%], loss=0.0812, dgw=0.0812, reg=0.0000, time=75.19s.
-- 221/221 [100.0%], loss=0.0812, dgw=0.0812, reg=0.0000, time=66.08s.
fit: Epoch 12/15, loss = 0.0843, best loss = 0.0843
results/MSRC_9_Chen_GW_usl_tsne_fit_12.pdf
-- 25/221 [11.3%], loss=0.0807, dgw=0.0807, reg=0.0000, time=43.57s.
-- 50/221 [22.6%], loss=0.0803, dgw=0.0803, reg=0.0000, time=60.69s.
-- 75/221 [33.9%], loss=0.0790, dgw=0.0790, reg=0.0000, time=36.52s.
-- 100/221 [45.2%], loss=0.0789, dgw=0.0789, reg=0.0000, time=72.81s.
-- 125/221 [56.6%], loss=0.0784, dgw=0.0784, reg=0.0000, time=70.81s.
-- 150/221 [67.9%], loss=0.0766, dgw=0.0766, reg=0.0000, time=71.22s.
-- 175/221 [79.2%], loss=0.0764, dgw=0.0764, reg=0.0000, time=44.78s.
-- 200/221 [90.5%], loss=0.0759, dgw=0.0759, reg=0.0000, time=35.72s.
-- 221/221 [100.0%], loss=0.0752, dgw=0.0752, reg=0.0000, time=60.35s.
fit: Epoch 13/15, loss = 0.0780, best loss = 0.0780
results/MSRC_9_Chen_GW_usl_tsne_fit_13.pdf
-- 25/221 [11.3%], loss=0.0746, dgw=0.0746, reg=0.0000, time=48.97s.
-- 50/221 [22.6%], loss=0.0740, dgw=0.0740, reg=0.0000, time=50.14s.
-- 75/221 [33.9%], loss=0.0739, dgw=0.0739, reg=0.0000, time=39.87s.
-- 100/221 [45.2%], loss=0.0726, dgw=0.0726, reg=0.0000, time=34.79s.
-- 125/221 [56.6%], loss=0.0723, dgw=0.0723, reg=0.0000, time=46.21s.
-- 150/221 [67.9%], loss=0.0721, dgw=0.0721, reg=0.0000, time=54.49s.
-- 175/221 [79.2%], loss=0.0710, dgw=0.0710, reg=0.0000, time=59.82s.
-- 200/221 [90.5%], loss=0.0702, dgw=0.0702, reg=0.0000, time=43.15s.
-- 221/221 [100.0%], loss=0.0696, dgw=0.0696, reg=0.0000, time=22.12s.
fit: Epoch 14/15, loss = 0.0723, best loss = 0.0723
results/MSRC_9_Chen_GW_usl_tsne_fit_14.pdf
-- 25/221 [11.3%], loss=0.0696, dgw=0.0696, reg=0.0000, time=36.82s.
-- 50/221 [22.6%], loss=0.0690, dgw=0.0690, reg=0.0000, time=55.79s.
-- 75/221 [33.9%], loss=0.0682, dgw=0.0682, reg=0.0000, time=40.49s.
-- 100/221 [45.2%], loss=0.0686, dgw=0.0686, reg=0.0000, time=57.12s.
-- 125/221 [56.6%], loss=0.0672, dgw=0.0672, reg=0.0000, time=36.68s.
-- 150/221 [67.9%], loss=0.0665, dgw=0.0665, reg=0.0000, time=41.13s.
-- 175/221 [79.2%], loss=0.0653, dgw=0.0653, reg=0.0000, time=43.33s.
-- 200/221 [90.5%], loss=0.0658, dgw=0.0658, reg=0.0000, time=45.14s.
-- 221/221 [100.0%], loss=0.0648, dgw=0.0648, reg=0.0000, time=36.90s.
fit: Epoch 15/15, loss = 0.0673, best loss = 0.0673
results/MSRC_9_Chen_GW_usl_tsne_fit_15.pdf
Rand Score: 0.7807075277663513
Done!
