MORE THAN 2 CLASSES!
-- 25/221 [11.3%], loss=0.2334, dgw=0.2334, reg=0.0000, time=52.42s.
-- 50/221 [22.6%], loss=0.2305, dgw=0.2305, reg=0.0000, time=44.42s.
-- 75/221 [33.9%], loss=0.2287, dgw=0.2287, reg=0.0000, time=49.55s.
-- 100/221 [45.2%], loss=0.2267, dgw=0.2267, reg=0.0000, time=54.31s.
-- 125/221 [56.6%], loss=0.2234, dgw=0.2234, reg=0.0000, time=40.17s.
-- 150/221 [67.9%], loss=0.2211, dgw=0.2211, reg=0.0000, time=58.55s.
-- 175/221 [79.2%], loss=0.2196, dgw=0.2196, reg=0.0000, time=62.60s.
-- 200/221 [90.5%], loss=0.2172, dgw=0.2172, reg=0.0000, time=55.70s.
-- 221/221 [100.0%], loss=0.2151, dgw=0.2151, reg=0.0000, time=51.27s.
fit: Epoch 1/15, loss = 0.2241, best loss = 0.2241
results/MSRC_9_Chen_GW_usl_tsne_fit_1.pdf
-- 25/221 [11.3%], loss=0.2130, dgw=0.2130, reg=0.0000, time=49.11s.
-- 50/221 [22.6%], loss=0.2115, dgw=0.2115, reg=0.0000, time=81.12s.
-- 75/221 [33.9%], loss=0.2088, dgw=0.2088, reg=0.0000, time=48.11s.
-- 100/221 [45.2%], loss=0.2072, dgw=0.2072, reg=0.0000, time=72.45s.
-- 125/221 [56.6%], loss=0.2047, dgw=0.2047, reg=0.0000, time=56.53s.
-- 150/221 [67.9%], loss=0.2032, dgw=0.2032, reg=0.0000, time=58.54s.
-- 175/221 [79.2%], loss=0.1998, dgw=0.1998, reg=0.0000, time=64.00s.
-- 200/221 [90.5%], loss=0.1987, dgw=0.1987, reg=0.0000, time=60.59s.
-- 221/221 [100.0%], loss=0.1967, dgw=0.1967, reg=0.0000, time=62.40s.
fit: Epoch 2/15, loss = 0.2050, best loss = 0.2050
results/MSRC_9_Chen_GW_usl_tsne_fit_2.pdf
-- 25/221 [11.3%], loss=0.1947, dgw=0.1947, reg=0.0000, time=52.89s.
-- 50/221 [22.6%], loss=0.1923, dgw=0.1923, reg=0.0000, time=61.38s.
-- 75/221 [33.9%], loss=0.1902, dgw=0.1902, reg=0.0000, time=54.28s.
-- 100/221 [45.2%], loss=0.1890, dgw=0.1890, reg=0.0000, time=49.89s.
-- 125/221 [56.6%], loss=0.1868, dgw=0.1868, reg=0.0000, time=60.68s.
-- 150/221 [67.9%], loss=0.1843, dgw=0.1843, reg=0.0000, time=69.13s.
-- 175/221 [79.2%], loss=0.1844, dgw=0.1844, reg=0.0000, time=44.20s.
-- 200/221 [90.5%], loss=0.1812, dgw=0.1812, reg=0.0000, time=60.38s.
-- 221/221 [100.0%], loss=0.1797, dgw=0.1797, reg=0.0000, time=45.61s.
fit: Epoch 3/15, loss = 0.1871, best loss = 0.1871
results/MSRC_9_Chen_GW_usl_tsne_fit_3.pdf
-- 25/221 [11.3%], loss=0.1770, dgw=0.1770, reg=0.0000, time=33.10s.
-- 50/221 [22.6%], loss=0.1756, dgw=0.1756, reg=0.0000, time=51.40s.
-- 75/221 [33.9%], loss=0.1754, dgw=0.1754, reg=0.0000, time=42.53s.
-- 100/221 [45.2%], loss=0.1714, dgw=0.1714, reg=0.0000, time=35.52s.
-- 125/221 [56.6%], loss=0.1708, dgw=0.1708, reg=0.0000, time=60.13s.
-- 150/221 [67.9%], loss=0.1687, dgw=0.1687, reg=0.0000, time=45.89s.
-- 175/221 [79.2%], loss=0.1668, dgw=0.1668, reg=0.0000, time=75.63s.
-- 200/221 [90.5%], loss=0.1650, dgw=0.1650, reg=0.0000, time=49.43s.
-- 221/221 [100.0%], loss=0.1630, dgw=0.1630, reg=0.0000, time=45.99s.
fit: Epoch 4/15, loss = 0.1705, best loss = 0.1705
results/MSRC_9_Chen_GW_usl_tsne_fit_4.pdf
-- 25/221 [11.3%], loss=0.1610, dgw=0.1610, reg=0.0000, time=38.03s.
-- 50/221 [22.6%], loss=0.1609, dgw=0.1609, reg=0.0000, time=36.62s.
-- 75/221 [33.9%], loss=0.1584, dgw=0.1584, reg=0.0000, time=61.19s.
-- 100/221 [45.2%], loss=0.1562, dgw=0.1562, reg=0.0000, time=49.25s.
-- 125/221 [56.6%], loss=0.1559, dgw=0.1559, reg=0.0000, time=63.97s.
-- 150/221 [67.9%], loss=0.1531, dgw=0.1531, reg=0.0000, time=56.66s.
-- 175/221 [79.2%], loss=0.1514, dgw=0.1514, reg=0.0000, time=50.38s.
-- 200/221 [90.5%], loss=0.1509, dgw=0.1509, reg=0.0000, time=72.91s.
-- 221/221 [100.0%], loss=0.1498, dgw=0.1498, reg=0.0000, time=57.46s.
fit: Epoch 5/15, loss = 0.1554, best loss = 0.1554
results/MSRC_9_Chen_GW_usl_tsne_fit_5.pdf
-- 25/221 [11.3%], loss=0.1471, dgw=0.1471, reg=0.0000, time=52.84s.
-- 50/221 [22.6%], loss=0.1455, dgw=0.1455, reg=0.0000, time=47.06s.
-- 75/221 [33.9%], loss=0.1445, dgw=0.1445, reg=0.0000, time=60.16s.
-- 100/221 [45.2%], loss=0.1428, dgw=0.1428, reg=0.0000, time=52.72s.
-- 125/221 [56.6%], loss=0.1417, dgw=0.1417, reg=0.0000, time=55.90s.
-- 150/221 [67.9%], loss=0.1406, dgw=0.1406, reg=0.0000, time=55.48s.
-- 175/221 [79.2%], loss=0.1385, dgw=0.1385, reg=0.0000, time=57.76s.
-- 200/221 [90.5%], loss=0.1372, dgw=0.1372, reg=0.0000, time=66.58s.
-- 221/221 [100.0%], loss=0.1357, dgw=0.1357, reg=0.0000, time=57.12s.
fit: Epoch 6/15, loss = 0.1416, best loss = 0.1416
results/MSRC_9_Chen_GW_usl_tsne_fit_6.pdf
-- 25/221 [11.3%], loss=0.1350, dgw=0.1350, reg=0.0000, time=48.24s.
-- 50/221 [22.6%], loss=0.1330, dgw=0.1330, reg=0.0000, time=54.19s.
-- 75/221 [33.9%], loss=0.1317, dgw=0.1317, reg=0.0000, time=58.49s.
-- 100/221 [45.2%], loss=0.1306, dgw=0.1306, reg=0.0000, time=51.60s.
-- 125/221 [56.6%], loss=0.1292, dgw=0.1292, reg=0.0000, time=63.25s.
-- 150/221 [67.9%], loss=0.1273, dgw=0.1273, reg=0.0000, time=60.10s.
-- 175/221 [79.2%], loss=0.1262, dgw=0.1262, reg=0.0000, time=79.06s.
-- 200/221 [90.5%], loss=0.1256, dgw=0.1256, reg=0.0000, time=65.59s.
-- 221/221 [100.0%], loss=0.1233, dgw=0.1233, reg=0.0000, time=28.11s.
fit: Epoch 7/15, loss = 0.1292, best loss = 0.1292
results/MSRC_9_Chen_GW_usl_tsne_fit_7.pdf
-- 25/221 [11.3%], loss=0.1232, dgw=0.1232, reg=0.0000, time=67.06s.
-- 50/221 [22.6%], loss=0.1208, dgw=0.1208, reg=0.0000, time=53.60s.
-- 75/221 [33.9%], loss=0.1208, dgw=0.1208, reg=0.0000, time=55.29s.
-- 100/221 [45.2%], loss=0.1194, dgw=0.1194, reg=0.0000, time=57.41s.
-- 125/221 [56.6%], loss=0.1178, dgw=0.1178, reg=0.0000, time=62.29s.
-- 150/221 [67.9%], loss=0.1169, dgw=0.1169, reg=0.0000, time=52.98s.
-- 175/221 [79.2%], loss=0.1159, dgw=0.1159, reg=0.0000, time=64.20s.
-- 200/221 [90.5%], loss=0.1140, dgw=0.1140, reg=0.0000, time=59.79s.
-- 221/221 [100.0%], loss=0.1128, dgw=0.1128, reg=0.0000, time=60.19s.
fit: Epoch 8/15, loss = 0.1180, best loss = 0.1180
results/MSRC_9_Chen_GW_usl_tsne_fit_8.pdf
-- 25/221 [11.3%], loss=0.1126, dgw=0.1126, reg=0.0000, time=51.76s.
-- 50/221 [22.6%], loss=0.1112, dgw=0.1112, reg=0.0000, time=74.20s.
-- 75/221 [33.9%], loss=0.1098, dgw=0.1098, reg=0.0000, time=76.00s.
-- 100/221 [45.2%], loss=0.1091, dgw=0.1091, reg=0.0000, time=63.33s.
-- 125/221 [56.6%], loss=0.1075, dgw=0.1075, reg=0.0000, time=66.83s.
-- 150/221 [67.9%], loss=0.1073, dgw=0.1073, reg=0.0000, time=71.49s.
-- 175/221 [79.2%], loss=0.1063, dgw=0.1063, reg=0.0000, time=60.07s.
-- 200/221 [90.5%], loss=0.1040, dgw=0.1040, reg=0.0000, time=67.16s.
-- 221/221 [100.0%], loss=0.1040, dgw=0.1040, reg=0.0000, time=39.46s.
fit: Epoch 9/15, loss = 0.1080, best loss = 0.1080
results/MSRC_9_Chen_GW_usl_tsne_fit_9.pdf
-- 25/221 [11.3%], loss=0.1030, dgw=0.1030, reg=0.0000, time=52.83s.
-- 50/221 [22.6%], loss=0.1018, dgw=0.1018, reg=0.0000, time=51.35s.
-- 75/221 [33.9%], loss=0.1009, dgw=0.1009, reg=0.0000, time=49.78s.
-- 100/221 [45.2%], loss=0.0997, dgw=0.0997, reg=0.0000, time=56.54s.
-- 125/221 [56.6%], loss=0.0985, dgw=0.0985, reg=0.0000, time=65.35s.
-- 150/221 [67.9%], loss=0.0985, dgw=0.0985, reg=0.0000, time=68.38s.
-- 175/221 [79.2%], loss=0.0975, dgw=0.0975, reg=0.0000, time=62.74s.
-- 200/221 [90.5%], loss=0.0964, dgw=0.0964, reg=0.0000, time=50.01s.
-- 221/221 [100.0%], loss=0.0951, dgw=0.0951, reg=0.0000, time=36.50s.
fit: Epoch 10/15, loss = 0.0991, best loss = 0.0991
results/MSRC_9_Chen_GW_usl_tsne_fit_10.pdf
-- 25/221 [11.3%], loss=0.0944, dgw=0.0944, reg=0.0000, time=37.97s.
-- 50/221 [22.6%], loss=0.0932, dgw=0.0932, reg=0.0000, time=37.65s.
-- 75/221 [33.9%], loss=0.0932, dgw=0.0932, reg=0.0000, time=42.48s.
-- 100/221 [45.2%], loss=0.0919, dgw=0.0919, reg=0.0000, time=44.61s.
-- 125/221 [56.6%], loss=0.0919, dgw=0.0919, reg=0.0000, time=58.51s.
-- 150/221 [67.9%], loss=0.0899, dgw=0.0899, reg=0.0000, time=55.63s.
-- 175/221 [79.2%], loss=0.0894, dgw=0.0894, reg=0.0000, time=63.17s.
-- 200/221 [90.5%], loss=0.0886, dgw=0.0886, reg=0.0000, time=60.72s.
-- 221/221 [100.0%], loss=0.0871, dgw=0.0871, reg=0.0000, time=34.99s.
fit: Epoch 11/15, loss = 0.0911, best loss = 0.0911
results/MSRC_9_Chen_GW_usl_tsne_fit_11.pdf
-- 25/221 [11.3%], loss=0.0868, dgw=0.0868, reg=0.0000, time=45.81s.
-- 50/221 [22.6%], loss=0.0863, dgw=0.0863, reg=0.0000, time=59.62s.
-- 75/221 [33.9%], loss=0.0856, dgw=0.0856, reg=0.0000, time=63.37s.
-- 100/221 [45.2%], loss=0.0849, dgw=0.0849, reg=0.0000, time=61.09s.
-- 125/221 [56.6%], loss=0.0838, dgw=0.0838, reg=0.0000, time=70.25s.
-- 150/221 [67.9%], loss=0.0827, dgw=0.0827, reg=0.0000, time=56.15s.
-- 175/221 [79.2%], loss=0.0826, dgw=0.0826, reg=0.0000, time=51.16s.
-- 200/221 [90.5%], loss=0.0818, dgw=0.0818, reg=0.0000, time=43.39s.
-- 221/221 [100.0%], loss=0.0813, dgw=0.0813, reg=0.0000, time=47.94s.
fit: Epoch 12/15, loss = 0.0840, best loss = 0.0840
results/MSRC_9_Chen_GW_usl_tsne_fit_12.pdf
-- 25/221 [11.3%], loss=0.0798, dgw=0.0798, reg=0.0000, time=58.63s.
-- 50/221 [22.6%], loss=0.0799, dgw=0.0799, reg=0.0000, time=74.52s.
-- 75/221 [33.9%], loss=0.0792, dgw=0.0792, reg=0.0000, time=49.32s.
-- 100/221 [45.2%], loss=0.0789, dgw=0.0789, reg=0.0000, time=55.40s.
-- 125/221 [56.6%], loss=0.0780, dgw=0.0780, reg=0.0000, time=45.87s.
-- 150/221 [67.9%], loss=0.0769, dgw=0.0769, reg=0.0000, time=61.38s.
-- 175/221 [79.2%], loss=0.0764, dgw=0.0764, reg=0.0000, time=51.24s.
-- 200/221 [90.5%], loss=0.0755, dgw=0.0755, reg=0.0000, time=60.69s.
-- 221/221 [100.0%], loss=0.0739, dgw=0.0739, reg=0.0000, time=32.61s.
fit: Epoch 13/15, loss = 0.0777, best loss = 0.0777
results/MSRC_9_Chen_GW_usl_tsne_fit_13.pdf
-- 25/221 [11.3%], loss=0.0735, dgw=0.0735, reg=0.0000, time=53.70s.
-- 50/221 [22.6%], loss=0.0731, dgw=0.0731, reg=0.0000, time=39.50s.
-- 75/221 [33.9%], loss=0.0730, dgw=0.0730, reg=0.0000, time=57.74s.
-- 100/221 [45.2%], loss=0.0734, dgw=0.0734, reg=0.0000, time=56.60s.
-- 125/221 [56.6%], loss=0.0719, dgw=0.0719, reg=0.0000, time=49.20s.
-- 150/221 [67.9%], loss=0.0716, dgw=0.0716, reg=0.0000, time=40.03s.
-- 175/221 [79.2%], loss=0.0704, dgw=0.0704, reg=0.0000, time=41.90s.
-- 200/221 [90.5%], loss=0.0706, dgw=0.0706, reg=0.0000, time=59.35s.
-- 221/221 [100.0%], loss=0.0704, dgw=0.0704, reg=0.0000, time=49.91s.
fit: Epoch 14/15, loss = 0.0720, best loss = 0.0720
results/MSRC_9_Chen_GW_usl_tsne_fit_14.pdf
-- 25/221 [11.3%], loss=0.0695, dgw=0.0695, reg=0.0000, time=36.96s.
-- 50/221 [22.6%], loss=0.0685, dgw=0.0685, reg=0.0000, time=42.85s.
-- 75/221 [33.9%], loss=0.0680, dgw=0.0680, reg=0.0000, time=37.57s.
-- 100/221 [45.2%], loss=0.0671, dgw=0.0671, reg=0.0000, time=43.91s.
-- 125/221 [56.6%], loss=0.0672, dgw=0.0672, reg=0.0000, time=28.38s.
-- 150/221 [67.9%], loss=0.0664, dgw=0.0664, reg=0.0000, time=61.86s.
-- 175/221 [79.2%], loss=0.0656, dgw=0.0656, reg=0.0000, time=39.57s.
-- 200/221 [90.5%], loss=0.0644, dgw=0.0644, reg=0.0000, time=70.09s.
-- 221/221 [100.0%], loss=0.0654, dgw=0.0654, reg=0.0000, time=48.73s.
fit: Epoch 15/15, loss = 0.0669, best loss = 0.0669
results/MSRC_9_Chen_GW_usl_tsne_fit_15.pdf
Rand Score: 0.7810777457836281
Done!
