MORE THAN 2 CLASSES!
-- 25/592 [4.2%], loss=0.2353, dgw=0.2353, reg=0.0000, time=9.95s.
-- 50/592 [8.4%], loss=0.2389, dgw=0.2389, reg=0.0000, time=15.50s.
-- 75/592 [12.7%], loss=0.2200, dgw=0.2200, reg=0.0000, time=17.53s.
-- 100/592 [16.9%], loss=0.2198, dgw=0.2198, reg=0.0000, time=20.71s.
-- 125/592 [21.1%], loss=0.2277, dgw=0.2277, reg=0.0000, time=17.65s.
-- 150/592 [25.3%], loss=0.2285, dgw=0.2285, reg=0.0000, time=21.17s.
-- 175/592 [29.6%], loss=0.2273, dgw=0.2273, reg=0.0000, time=20.12s.
-- 200/592 [33.8%], loss=0.2208, dgw=0.2208, reg=0.0000, time=35.06s.
-- 225/592 [38.0%], loss=0.2219, dgw=0.2219, reg=0.0000, time=34.40s.
-- 250/592 [42.2%], loss=0.2244, dgw=0.2244, reg=0.0000, time=47.77s.
-- 275/592 [46.5%], loss=0.2160, dgw=0.2160, reg=0.0000, time=30.36s.
-- 300/592 [50.7%], loss=0.2110, dgw=0.2110, reg=0.0000, time=46.05s.
-- 325/592 [54.9%], loss=0.2125, dgw=0.2125, reg=0.0000, time=46.13s.
-- 350/592 [59.1%], loss=0.2038, dgw=0.2038, reg=0.0000, time=47.10s.
-- 375/592 [63.3%], loss=0.2124, dgw=0.2124, reg=0.0000, time=46.75s.
-- 400/592 [67.6%], loss=0.2121, dgw=0.2121, reg=0.0000, time=56.25s.
-- 425/592 [71.8%], loss=0.1913, dgw=0.1913, reg=0.0000, time=43.53s.
-- 450/592 [76.0%], loss=0.2074, dgw=0.2074, reg=0.0000, time=48.71s.
-- 475/592 [80.2%], loss=0.2043, dgw=0.2043, reg=0.0000, time=47.28s.
-- 500/592 [84.5%], loss=0.2030, dgw=0.2030, reg=0.0000, time=46.99s.
-- 525/592 [88.7%], loss=0.2053, dgw=0.2053, reg=0.0000, time=40.60s.
-- 550/592 [92.9%], loss=0.1944, dgw=0.1944, reg=0.0000, time=37.21s.
-- 575/592 [97.1%], loss=0.1941, dgw=0.1941, reg=0.0000, time=50.17s.
-- 592/592 [100.0%], loss=0.1925, dgw=0.1925, reg=0.0000, time=36.25s.
fit: Epoch 1/15, loss = 0.2138, best loss = 0.2138
results/ENZYMES_Our_Iter_usl_tsne_fit_1.pdf
-- 25/592 [4.2%], loss=0.1944, dgw=0.1944, reg=0.0000, time=29.96s.
-- 50/592 [8.4%], loss=0.2035, dgw=0.2035, reg=0.0000, time=45.14s.
-- 75/592 [12.7%], loss=0.1871, dgw=0.1871, reg=0.0000, time=45.39s.
-- 100/592 [16.9%], loss=0.1893, dgw=0.1893, reg=0.0000, time=44.92s.
-- 125/592 [21.1%], loss=0.1822, dgw=0.1822, reg=0.0000, time=48.38s.
-- 150/592 [25.3%], loss=0.1819, dgw=0.1819, reg=0.0000, time=42.17s.
-- 175/592 [29.6%], loss=0.1772, dgw=0.1772, reg=0.0000, time=53.02s.
-- 200/592 [33.8%], loss=0.1843, dgw=0.1843, reg=0.0000, time=61.64s.
-- 225/592 [38.0%], loss=0.1800, dgw=0.1800, reg=0.0000, time=49.68s.
-- 250/592 [42.2%], loss=0.1822, dgw=0.1822, reg=0.0000, time=38.87s.
-- 275/592 [46.5%], loss=0.1795, dgw=0.1795, reg=0.0000, time=50.72s.
-- 300/592 [50.7%], loss=0.1736, dgw=0.1736, reg=0.0000, time=62.28s.
-- 325/592 [54.9%], loss=0.1798, dgw=0.1798, reg=0.0000, time=64.66s.
-- 350/592 [59.1%], loss=0.1761, dgw=0.1761, reg=0.0000, time=52.39s.
-- 375/592 [63.3%], loss=0.1717, dgw=0.1717, reg=0.0000, time=51.89s.
-- 400/592 [67.6%], loss=0.1690, dgw=0.1690, reg=0.0000, time=55.72s.
-- 425/592 [71.8%], loss=0.1729, dgw=0.1729, reg=0.0000, time=49.43s.
-- 450/592 [76.0%], loss=0.1714, dgw=0.1714, reg=0.0000, time=43.08s.
-- 475/592 [80.2%], loss=0.1651, dgw=0.1651, reg=0.0000, time=45.53s.
-- 500/592 [84.5%], loss=0.1676, dgw=0.1676, reg=0.0000, time=54.14s.
-- 525/592 [88.7%], loss=0.1629, dgw=0.1629, reg=0.0000, time=54.00s.
-- 550/592 [92.9%], loss=0.1636, dgw=0.1636, reg=0.0000, time=55.02s.
-- 575/592 [97.1%], loss=0.1643, dgw=0.1643, reg=0.0000, time=63.20s.
-- 592/592 [100.0%], loss=0.1627, dgw=0.1627, reg=0.0000, time=32.70s.
fit: Epoch 2/15, loss = 0.1770, best loss = 0.1770
results/ENZYMES_Our_Iter_usl_tsne_fit_2.pdf
-- 25/592 [4.2%], loss=0.1550, dgw=0.1550, reg=0.0000, time=50.75s.
-- 50/592 [8.4%], loss=0.1596, dgw=0.1596, reg=0.0000, time=51.23s.
-- 75/592 [12.7%], loss=0.1573, dgw=0.1573, reg=0.0000, time=45.17s.
-- 100/592 [16.9%], loss=0.1559, dgw=0.1559, reg=0.0000, time=39.89s.
-- 125/592 [21.1%], loss=0.1555, dgw=0.1555, reg=0.0000, time=56.89s.
-- 150/592 [25.3%], loss=0.1554, dgw=0.1554, reg=0.0000, time=48.84s.
-- 175/592 [29.6%], loss=0.1508, dgw=0.1508, reg=0.0000, time=56.76s.
-- 200/592 [33.8%], loss=0.1490, dgw=0.1490, reg=0.0000, time=41.37s.
-- 225/592 [38.0%], loss=0.1505, dgw=0.1505, reg=0.0000, time=42.17s.
-- 250/592 [42.2%], loss=0.1576, dgw=0.1576, reg=0.0000, time=40.62s.
-- 275/592 [46.5%], loss=0.1503, dgw=0.1503, reg=0.0000, time=37.42s.
-- 300/592 [50.7%], loss=0.1530, dgw=0.1530, reg=0.0000, time=35.93s.
-- 325/592 [54.9%], loss=0.1444, dgw=0.1444, reg=0.0000, time=31.81s.
-- 350/592 [59.1%], loss=0.1429, dgw=0.1429, reg=0.0000, time=33.11s.
-- 375/592 [63.3%], loss=0.1424, dgw=0.1424, reg=0.0000, time=49.57s.
-- 400/592 [67.6%], loss=0.1503, dgw=0.1503, reg=0.0000, time=28.41s.
-- 425/592 [71.8%], loss=0.1440, dgw=0.1440, reg=0.0000, time=46.25s.
-- 450/592 [76.0%], loss=0.1537, dgw=0.1537, reg=0.0000, time=43.32s.
-- 475/592 [80.2%], loss=0.1426, dgw=0.1426, reg=0.0000, time=51.96s.
-- 500/592 [84.5%], loss=0.1389, dgw=0.1389, reg=0.0000, time=31.29s.
-- 525/592 [88.7%], loss=0.1365, dgw=0.1365, reg=0.0000, time=30.73s.
-- 550/592 [92.9%], loss=0.1361, dgw=0.1361, reg=0.0000, time=23.18s.
-- 575/592 [97.1%], loss=0.1371, dgw=0.1371, reg=0.0000, time=34.11s.
-- 592/592 [100.0%], loss=0.1293, dgw=0.1293, reg=0.0000, time=17.58s.
fit: Epoch 3/15, loss = 0.1481, best loss = 0.1481
results/ENZYMES_Our_Iter_usl_tsne_fit_3.pdf
-- 25/592 [4.2%], loss=0.1332, dgw=0.1332, reg=0.0000, time=34.76s.
-- 50/592 [8.4%], loss=0.1386, dgw=0.1386, reg=0.0000, time=35.07s.
-- 75/592 [12.7%], loss=0.1324, dgw=0.1324, reg=0.0000, time=41.73s.
-- 100/592 [16.9%], loss=0.1327, dgw=0.1327, reg=0.0000, time=45.60s.
-- 125/592 [21.1%], loss=0.1311, dgw=0.1311, reg=0.0000, time=39.83s.
-- 150/592 [25.3%], loss=0.1297, dgw=0.1297, reg=0.0000, time=43.05s.
-- 175/592 [29.6%], loss=0.1289, dgw=0.1289, reg=0.0000, time=31.62s.
-- 200/592 [33.8%], loss=0.1304, dgw=0.1304, reg=0.0000, time=61.35s.
-- 225/592 [38.0%], loss=0.1276, dgw=0.1276, reg=0.0000, time=47.31s.
-- 250/592 [42.2%], loss=0.1298, dgw=0.1298, reg=0.0000, time=33.47s.
-- 275/592 [46.5%], loss=0.1265, dgw=0.1265, reg=0.0000, time=52.39s.
-- 300/592 [50.7%], loss=0.1256, dgw=0.1256, reg=0.0000, time=55.77s.
-- 325/592 [54.9%], loss=0.1256, dgw=0.1256, reg=0.0000, time=46.64s.
-- 350/592 [59.1%], loss=0.1233, dgw=0.1233, reg=0.0000, time=43.91s.
-- 375/592 [63.3%], loss=0.1259, dgw=0.1259, reg=0.0000, time=52.58s.
-- 400/592 [67.6%], loss=0.1225, dgw=0.1225, reg=0.0000, time=47.42s.
-- 425/592 [71.8%], loss=0.1169, dgw=0.1169, reg=0.0000, time=40.30s.
-- 450/592 [76.0%], loss=0.1226, dgw=0.1226, reg=0.0000, time=41.45s.
-- 475/592 [80.2%], loss=0.1191, dgw=0.1191, reg=0.0000, time=39.53s.
-- 500/592 [84.5%], loss=0.1250, dgw=0.1250, reg=0.0000, time=43.91s.
-- 525/592 [88.7%], loss=0.1220, dgw=0.1220, reg=0.0000, time=53.09s.
-- 550/592 [92.9%], loss=0.1254, dgw=0.1254, reg=0.0000, time=52.45s.
-- 575/592 [97.1%], loss=0.1277, dgw=0.1277, reg=0.0000, time=53.73s.
-- 592/592 [100.0%], loss=0.1401, dgw=0.1401, reg=0.0000, time=40.72s.
fit: Epoch 4/15, loss = 0.1274, best loss = 0.1274
results/ENZYMES_Our_Iter_usl_tsne_fit_4.pdf
-- 25/592 [4.2%], loss=0.1232, dgw=0.1232, reg=0.0000, time=54.93s.
-- 50/592 [8.4%], loss=0.1439, dgw=0.1439, reg=0.0000, time=46.11s.
-- 75/592 [12.7%], loss=0.1402, dgw=0.1402, reg=0.0000, time=48.21s.
-- 100/592 [16.9%], loss=0.1358, dgw=0.1358, reg=0.0000, time=51.04s.
-- 125/592 [21.1%], loss=0.1277, dgw=0.1277, reg=0.0000, time=54.69s.
-- 150/592 [25.3%], loss=0.1336, dgw=0.1336, reg=0.0000, time=52.02s.
-- 175/592 [29.6%], loss=0.1344, dgw=0.1344, reg=0.0000, time=50.73s.
-- 200/592 [33.8%], loss=0.1158, dgw=0.1158, reg=0.0000, time=52.97s.
-- 225/592 [38.0%], loss=0.1212, dgw=0.1212, reg=0.0000, time=56.15s.
-- 250/592 [42.2%], loss=0.1314, dgw=0.1314, reg=0.0000, time=43.96s.
-- 275/592 [46.5%], loss=0.1339, dgw=0.1339, reg=0.0000, time=42.37s.
-- 300/592 [50.7%], loss=0.1251, dgw=0.1251, reg=0.0000, time=32.42s.
-- 325/592 [54.9%], loss=0.1185, dgw=0.1185, reg=0.0000, time=56.18s.
-- 350/592 [59.1%], loss=0.1139, dgw=0.1139, reg=0.0000, time=67.20s.
-- 375/592 [63.3%], loss=0.1114, dgw=0.1114, reg=0.0000, time=49.35s.
-- 400/592 [67.6%], loss=0.1118, dgw=0.1118, reg=0.0000, time=45.31s.
-- 425/592 [71.8%], loss=0.1146, dgw=0.1146, reg=0.0000, time=44.77s.
-- 450/592 [76.0%], loss=0.1052, dgw=0.1052, reg=0.0000, time=51.47s.
-- 475/592 [80.2%], loss=0.1260, dgw=0.1260, reg=0.0000, time=42.25s.
-- 500/592 [84.5%], loss=0.1086, dgw=0.1086, reg=0.0000, time=40.12s.
-- 525/592 [88.7%], loss=0.1140, dgw=0.1140, reg=0.0000, time=41.56s.
-- 550/592 [92.9%], loss=0.1101, dgw=0.1101, reg=0.0000, time=42.02s.
-- 575/592 [97.1%], loss=0.1030, dgw=0.1030, reg=0.0000, time=39.79s.
-- 592/592 [100.0%], loss=0.1206, dgw=0.1206, reg=0.0000, time=37.96s.
fit: Epoch 5/15, loss = 0.1218, best loss = 0.1218
results/ENZYMES_Our_Iter_usl_tsne_fit_5.pdf
-- 25/592 [4.2%], loss=0.1066, dgw=0.1066, reg=0.0000, time=53.69s.
-- 50/592 [8.4%], loss=0.1309, dgw=0.1309, reg=0.0000, time=51.38s.
-- 75/592 [12.7%], loss=0.1270, dgw=0.1270, reg=0.0000, time=59.88s.
-- 100/592 [16.9%], loss=0.1184, dgw=0.1184, reg=0.0000, time=52.03s.
-- 125/592 [21.1%], loss=0.1132, dgw=0.1132, reg=0.0000, time=53.30s.
-- 150/592 [25.3%], loss=0.1260, dgw=0.1260, reg=0.0000, time=47.29s.
-- 175/592 [29.6%], loss=0.1071, dgw=0.1071, reg=0.0000, time=57.90s.
-- 200/592 [33.8%], loss=0.1086, dgw=0.1086, reg=0.0000, time=43.16s.
-- 225/592 [38.0%], loss=0.1183, dgw=0.1183, reg=0.0000, time=41.60s.
-- 250/592 [42.2%], loss=0.1393, dgw=0.1393, reg=0.0000, time=43.74s.
-- 275/592 [46.5%], loss=0.1385, dgw=0.1385, reg=0.0000, time=49.43s.
-- 300/592 [50.7%], loss=0.1268, dgw=0.1268, reg=0.0000, time=45.26s.
-- 325/592 [54.9%], loss=0.1421, dgw=0.1421, reg=0.0000, time=40.43s.
-- 350/592 [59.1%], loss=0.1047, dgw=0.1047, reg=0.0000, time=47.55s.
-- 375/592 [63.3%], loss=0.1275, dgw=0.1275, reg=0.0000, time=46.36s.
-- 400/592 [67.6%], loss=0.1218, dgw=0.1218, reg=0.0000, time=59.92s.
-- 425/592 [71.8%], loss=0.1529, dgw=0.1529, reg=0.0000, time=67.38s.
-- 450/592 [76.0%], loss=0.1335, dgw=0.1335, reg=0.0000, time=41.68s.
-- 475/592 [80.2%], loss=0.1235, dgw=0.1235, reg=0.0000, time=39.19s.
-- 500/592 [84.5%], loss=0.1209, dgw=0.1209, reg=0.0000, time=43.91s.
-- 525/592 [88.7%], loss=0.1192, dgw=0.1192, reg=0.0000, time=50.66s.
-- 550/592 [92.9%], loss=0.1056, dgw=0.1056, reg=0.0000, time=41.51s.
-- 575/592 [97.1%], loss=0.1094, dgw=0.1094, reg=0.0000, time=39.28s.
-- 592/592 [100.0%], loss=0.1219, dgw=0.1219, reg=0.0000, time=26.62s.
fit: Epoch 6/15, loss = 0.1227, best loss = 0.1218
results/ENZYMES_Our_Iter_usl_tsne_fit_6.pdf
-- 25/592 [4.2%], loss=0.1191, dgw=0.1191, reg=0.0000, time=51.35s.
-- 50/592 [8.4%], loss=0.1361, dgw=0.1361, reg=0.0000, time=25.53s.
-- 75/592 [12.7%], loss=0.1045, dgw=0.1045, reg=0.0000, time=42.20s.
-- 100/592 [16.9%], loss=0.1003, dgw=0.1003, reg=0.0000, time=37.22s.
-- 125/592 [21.1%], loss=0.1109, dgw=0.1109, reg=0.0000, time=49.58s.
-- 150/592 [25.3%], loss=0.1078, dgw=0.1078, reg=0.0000, time=36.11s.
-- 175/592 [29.6%], loss=0.1162, dgw=0.1162, reg=0.0000, time=45.42s.
-- 200/592 [33.8%], loss=0.1390, dgw=0.1390, reg=0.0000, time=46.44s.
-- 225/592 [38.0%], loss=0.1125, dgw=0.1125, reg=0.0000, time=37.25s.
-- 250/592 [42.2%], loss=0.1192, dgw=0.1192, reg=0.0000, time=32.20s.
-- 275/592 [46.5%], loss=0.1063, dgw=0.1063, reg=0.0000, time=49.53s.
-- 300/592 [50.7%], loss=0.1112, dgw=0.1112, reg=0.0000, time=54.26s.
-- 325/592 [54.9%], loss=0.0910, dgw=0.0910, reg=0.0000, time=38.51s.
-- 350/592 [59.1%], loss=0.0919, dgw=0.0919, reg=0.0000, time=29.74s.
-- 375/592 [63.3%], loss=0.1127, dgw=0.1127, reg=0.0000, time=36.65s.
-- 400/592 [67.6%], loss=0.0996, dgw=0.0996, reg=0.0000, time=38.09s.
-- 425/592 [71.8%], loss=0.0931, dgw=0.0931, reg=0.0000, time=39.63s.
-- 450/592 [76.0%], loss=0.0933, dgw=0.0933, reg=0.0000, time=38.20s.
-- 475/592 [80.2%], loss=0.1226, dgw=0.1226, reg=0.0000, time=48.97s.
-- 500/592 [84.5%], loss=0.1115, dgw=0.1115, reg=0.0000, time=41.94s.
-- 525/592 [88.7%], loss=0.1310, dgw=0.1310, reg=0.0000, time=34.06s.
-- 550/592 [92.9%], loss=0.1088, dgw=0.1088, reg=0.0000, time=40.21s.
-- 575/592 [97.1%], loss=0.1345, dgw=0.1345, reg=0.0000, time=33.45s.
-- 592/592 [100.0%], loss=0.1419, dgw=0.1419, reg=0.0000, time=32.71s.
fit: Epoch 7/15, loss = 0.1127, best loss = 0.1127
results/ENZYMES_Our_Iter_usl_tsne_fit_7.pdf
-- 25/592 [4.2%], loss=0.1632, dgw=0.1632, reg=0.0000, time=34.78s.
-- 50/592 [8.4%], loss=0.1467, dgw=0.1467, reg=0.0000, time=34.51s.
-- 75/592 [12.7%], loss=0.1787, dgw=0.1787, reg=0.0000, time=51.53s.
-- 100/592 [16.9%], loss=0.1806, dgw=0.1806, reg=0.0000, time=47.49s.
-- 125/592 [21.1%], loss=0.2398, dgw=0.2398, reg=0.0000, time=43.01s.
-- 150/592 [25.3%], loss=0.2045, dgw=0.2045, reg=0.0000, time=39.09s.
-- 175/592 [29.6%], loss=0.2449, dgw=0.2449, reg=0.0000, time=36.19s.
-- 200/592 [33.8%], loss=0.2258, dgw=0.2258, reg=0.0000, time=32.03s.
-- 225/592 [38.0%], loss=0.2722, dgw=0.2722, reg=0.0000, time=44.05s.
-- 250/592 [42.2%], loss=0.2757, dgw=0.2757, reg=0.0000, time=48.00s.
-- 275/592 [46.5%], loss=0.2703, dgw=0.2703, reg=0.0000, time=34.42s.
-- 300/592 [50.7%], loss=0.2689, dgw=0.2689, reg=0.0000, time=36.27s.
-- 325/592 [54.9%], loss=0.2736, dgw=0.2736, reg=0.0000, time=36.08s.
-- 350/592 [59.1%], loss=0.2926, dgw=0.2926, reg=0.0000, time=38.09s.
-- 375/592 [63.3%], loss=0.2457, dgw=0.2457, reg=0.0000, time=40.80s.
-- 400/592 [67.6%], loss=0.2691, dgw=0.2691, reg=0.0000, time=33.81s.
-- 425/592 [71.8%], loss=0.2622, dgw=0.2622, reg=0.0000, time=25.73s.
-- 450/592 [76.0%], loss=0.2437, dgw=0.2437, reg=0.0000, time=42.02s.
-- 475/592 [80.2%], loss=0.2228, dgw=0.2228, reg=0.0000, time=39.70s.
-- 500/592 [84.5%], loss=0.2809, dgw=0.2809, reg=0.0000, time=34.61s.
-- 525/592 [88.7%], loss=0.2744, dgw=0.2744, reg=0.0000, time=34.94s.
-- 550/592 [92.9%], loss=0.2629, dgw=0.2629, reg=0.0000, time=44.66s.
-- 575/592 [97.1%], loss=0.2661, dgw=0.2661, reg=0.0000, time=27.81s.
-- 592/592 [100.0%], loss=0.2441, dgw=0.2441, reg=0.0000, time=18.43s.
fit: Epoch 8/15, loss = 0.2420, best loss = 0.1127
results/ENZYMES_Our_Iter_usl_tsne_fit_8.pdf
-- 25/592 [4.2%], loss=0.2636, dgw=0.2636, reg=0.0000, time=33.28s.
-- 50/592 [8.4%], loss=0.2648, dgw=0.2648, reg=0.0000, time=37.65s.
-- 75/592 [12.7%], loss=0.2999, dgw=0.2999, reg=0.0000, time=37.98s.
-- 100/592 [16.9%], loss=0.2621, dgw=0.2621, reg=0.0000, time=40.48s.
-- 125/592 [21.1%], loss=0.2419, dgw=0.2419, reg=0.0000, time=18.78s.
-- 150/592 [25.3%], loss=0.2445, dgw=0.2445, reg=0.0000, time=34.86s.
-- 175/592 [29.6%], loss=0.2647, dgw=0.2647, reg=0.0000, time=31.72s.
-- 200/592 [33.8%], loss=0.2939, dgw=0.2939, reg=0.0000, time=33.37s.
-- 225/592 [38.0%], loss=0.2989, dgw=0.2989, reg=0.0000, time=40.16s.
-- 250/592 [42.2%], loss=0.2945, dgw=0.2945, reg=0.0000, time=33.90s.
-- 275/592 [46.5%], loss=0.2736, dgw=0.2736, reg=0.0000, time=27.28s.
-- 300/592 [50.7%], loss=0.3446, dgw=0.3446, reg=0.0000, time=33.71s.
-- 325/592 [54.9%], loss=0.3034, dgw=0.3034, reg=0.0000, time=34.32s.
-- 350/592 [59.1%], loss=0.3317, dgw=0.3317, reg=0.0000, time=37.87s.
-- 375/592 [63.3%], loss=0.3072, dgw=0.3072, reg=0.0000, time=35.54s.
-- 400/592 [67.6%], loss=0.3070, dgw=0.3070, reg=0.0000, time=33.04s.
-- 425/592 [71.8%], loss=0.2761, dgw=0.2761, reg=0.0000, time=36.91s.
-- 450/592 [76.0%], loss=0.3181, dgw=0.3181, reg=0.0000, time=33.19s.
-- 475/592 [80.2%], loss=0.3230, dgw=0.3230, reg=0.0000, time=44.63s.
-- 500/592 [84.5%], loss=0.3272, dgw=0.3272, reg=0.0000, time=41.51s.
-- 525/592 [88.7%], loss=0.3256, dgw=0.3256, reg=0.0000, time=39.74s.
-- 550/592 [92.9%], loss=0.2712, dgw=0.2712, reg=0.0000, time=27.08s.
-- 575/592 [97.1%], loss=0.3037, dgw=0.3037, reg=0.0000, time=43.29s.
-- 592/592 [100.0%], loss=0.3078, dgw=0.3078, reg=0.0000, time=22.04s.
fit: Epoch 9/15, loss = 0.2935, best loss = 0.1127
results/ENZYMES_Our_Iter_usl_tsne_fit_9.pdf
-- 25/592 [4.2%], loss=0.2894, dgw=0.2894, reg=0.0000, time=32.57s.
-- 50/592 [8.4%], loss=0.2872, dgw=0.2872, reg=0.0000, time=42.16s.
-- 75/592 [12.7%], loss=0.2978, dgw=0.2978, reg=0.0000, time=40.35s.
-- 100/592 [16.9%], loss=0.2767, dgw=0.2767, reg=0.0000, time=23.29s.
-- 125/592 [21.1%], loss=0.3324, dgw=0.3324, reg=0.0000, time=33.09s.
-- 150/592 [25.3%], loss=0.2892, dgw=0.2892, reg=0.0000, time=42.60s.
-- 175/592 [29.6%], loss=0.3083, dgw=0.3083, reg=0.0000, time=39.94s.
-- 200/592 [33.8%], loss=0.2578, dgw=0.2578, reg=0.0000, time=35.50s.
-- 225/592 [38.0%], loss=0.3230, dgw=0.3230, reg=0.0000, time=40.78s.
-- 250/592 [42.2%], loss=0.2694, dgw=0.2694, reg=0.0000, time=39.04s.
-- 275/592 [46.5%], loss=0.2790, dgw=0.2790, reg=0.0000, time=38.76s.
-- 300/592 [50.7%], loss=0.2539, dgw=0.2539, reg=0.0000, time=36.94s.
-- 325/592 [54.9%], loss=0.2798, dgw=0.2798, reg=0.0000, time=34.98s.
-- 350/592 [59.1%], loss=0.2571, dgw=0.2571, reg=0.0000, time=31.61s.
-- 375/592 [63.3%], loss=0.2701, dgw=0.2701, reg=0.0000, time=36.81s.
-- 400/592 [67.6%], loss=0.2687, dgw=0.2687, reg=0.0000, time=33.30s.
-- 425/592 [71.8%], loss=0.2580, dgw=0.2580, reg=0.0000, time=41.20s.
-- 450/592 [76.0%], loss=0.2499, dgw=0.2499, reg=0.0000, time=40.04s.
-- 475/592 [80.2%], loss=0.2448, dgw=0.2448, reg=0.0000, time=47.81s.
-- 500/592 [84.5%], loss=0.2472, dgw=0.2472, reg=0.0000, time=32.62s.
-- 525/592 [88.7%], loss=0.2896, dgw=0.2896, reg=0.0000, time=26.82s.
-- 550/592 [92.9%], loss=0.2730, dgw=0.2730, reg=0.0000, time=29.55s.
-- 575/592 [97.1%], loss=0.2522, dgw=0.2522, reg=0.0000, time=35.79s.
-- 592/592 [100.0%], loss=0.2355, dgw=0.2355, reg=0.0000, time=29.02s.
fit: Epoch 10/15, loss = 0.2751, best loss = 0.1127
results/ENZYMES_Our_Iter_usl_tsne_fit_10.pdf
-- 25/592 [4.2%], loss=0.2429, dgw=0.2429, reg=0.0000, time=45.05s.
-- 50/592 [8.4%], loss=0.2672, dgw=0.2672, reg=0.0000, time=29.52s.
-- 75/592 [12.7%], loss=0.2750, dgw=0.2750, reg=0.0000, time=30.17s.
-- 100/592 [16.9%], loss=0.2767, dgw=0.2767, reg=0.0000, time=23.08s.
-- 125/592 [21.1%], loss=0.2627, dgw=0.2627, reg=0.0000, time=25.76s.
-- 150/592 [25.3%], loss=0.2691, dgw=0.2691, reg=0.0000, time=30.97s.
-- 175/592 [29.6%], loss=0.2496, dgw=0.2496, reg=0.0000, time=34.90s.
-- 200/592 [33.8%], loss=0.2466, dgw=0.2466, reg=0.0000, time=34.60s.
-- 225/592 [38.0%], loss=0.2753, dgw=0.2753, reg=0.0000, time=32.35s.
-- 250/592 [42.2%], loss=0.2559, dgw=0.2559, reg=0.0000, time=32.95s.
-- 275/592 [46.5%], loss=0.2568, dgw=0.2568, reg=0.0000, time=26.52s.
-- 300/592 [50.7%], loss=0.2809, dgw=0.2809, reg=0.0000, time=27.56s.
-- 325/592 [54.9%], loss=0.2813, dgw=0.2813, reg=0.0000, time=26.34s.
-- 350/592 [59.1%], loss=0.2785, dgw=0.2785, reg=0.0000, time=30.00s.
-- 375/592 [63.3%], loss=0.2602, dgw=0.2602, reg=0.0000, time=33.88s.
-- 400/592 [67.6%], loss=0.2644, dgw=0.2644, reg=0.0000, time=28.42s.
-- 425/592 [71.8%], loss=0.2757, dgw=0.2757, reg=0.0000, time=23.47s.
-- 450/592 [76.0%], loss=0.2590, dgw=0.2590, reg=0.0000, time=28.21s.
-- 475/592 [80.2%], loss=0.2714, dgw=0.2714, reg=0.0000, time=28.53s.
-- 500/592 [84.5%], loss=0.2690, dgw=0.2690, reg=0.0000, time=25.72s.
-- 525/592 [88.7%], loss=0.2659, dgw=0.2659, reg=0.0000, time=28.54s.
-- 550/592 [92.9%], loss=0.2646, dgw=0.2646, reg=0.0000, time=37.49s.
-- 575/592 [97.1%], loss=0.2590, dgw=0.2590, reg=0.0000, time=35.12s.
-- 592/592 [100.0%], loss=0.2686, dgw=0.2686, reg=0.0000, time=21.53s.
fit: Epoch 11/15, loss = 0.2656, best loss = 0.1127
results/ENZYMES_Our_Iter_usl_tsne_fit_11.pdf
-- 25/592 [4.2%], loss=0.2698, dgw=0.2698, reg=0.0000, time=26.90s.
-- 50/592 [8.4%], loss=0.2654, dgw=0.2654, reg=0.0000, time=28.06s.
-- 75/592 [12.7%], loss=0.2536, dgw=0.2536, reg=0.0000, time=29.85s.
-- 100/592 [16.9%], loss=0.2640, dgw=0.2640, reg=0.0000, time=22.96s.
-- 125/592 [21.1%], loss=0.2476, dgw=0.2476, reg=0.0000, time=25.71s.
-- 150/592 [25.3%], loss=0.2701, dgw=0.2701, reg=0.0000, time=38.55s.
-- 175/592 [29.6%], loss=0.2684, dgw=0.2684, reg=0.0000, time=35.37s.
-- 200/592 [33.8%], loss=0.2669, dgw=0.2669, reg=0.0000, time=40.72s.
-- 225/592 [38.0%], loss=0.2785, dgw=0.2785, reg=0.0000, time=31.89s.
-- 250/592 [42.2%], loss=0.2624, dgw=0.2624, reg=0.0000, time=31.16s.
-- 275/592 [46.5%], loss=0.2716, dgw=0.2716, reg=0.0000, time=20.28s.
-- 300/592 [50.7%], loss=0.2696, dgw=0.2696, reg=0.0000, time=30.18s.
-- 325/592 [54.9%], loss=0.2457, dgw=0.2457, reg=0.0000, time=31.82s.
-- 350/592 [59.1%], loss=0.2846, dgw=0.2846, reg=0.0000, time=14.04s.
-- 375/592 [63.3%], loss=0.2720, dgw=0.2720, reg=0.0000, time=28.53s.
-- 400/592 [67.6%], loss=0.2840, dgw=0.2840, reg=0.0000, time=32.55s.
-- 425/592 [71.8%], loss=0.3028, dgw=0.3028, reg=0.0000, time=27.11s.
-- 450/592 [76.0%], loss=0.3059, dgw=0.3059, reg=0.0000, time=25.63s.
-- 475/592 [80.2%], loss=0.2740, dgw=0.2740, reg=0.0000, time=26.31s.
-- 500/592 [84.5%], loss=0.3154, dgw=0.3154, reg=0.0000, time=22.51s.
-- 525/592 [88.7%], loss=0.3250, dgw=0.3250, reg=0.0000, time=24.43s.
-- 550/592 [92.9%], loss=0.2967, dgw=0.2967, reg=0.0000, time=17.71s.
-- 575/592 [97.1%], loss=0.3014, dgw=0.3014, reg=0.0000, time=29.49s.
-- 592/592 [100.0%], loss=0.3196, dgw=0.3196, reg=0.0000, time=18.60s.
fit: Epoch 12/15, loss = 0.2793, best loss = 0.1127
results/ENZYMES_Our_Iter_usl_tsne_fit_12.pdf
-- 25/592 [4.2%], loss=0.2988, dgw=0.2988, reg=0.0000, time=24.48s.
-- 50/592 [8.4%], loss=0.3026, dgw=0.3026, reg=0.0000, time=33.14s.
-- 75/592 [12.7%], loss=0.2887, dgw=0.2887, reg=0.0000, time=33.05s.
-- 100/592 [16.9%], loss=0.2920, dgw=0.2920, reg=0.0000, time=20.60s.
-- 125/592 [21.1%], loss=0.3200, dgw=0.3200, reg=0.0000, time=22.19s.
-- 150/592 [25.3%], loss=0.3366, dgw=0.3366, reg=0.0000, time=24.92s.
-- 175/592 [29.6%], loss=0.3171, dgw=0.3171, reg=0.0000, time=30.10s.
-- 200/592 [33.8%], loss=0.2993, dgw=0.2993, reg=0.0000, time=26.32s.
-- 225/592 [38.0%], loss=0.3079, dgw=0.3079, reg=0.0000, time=25.41s.
-- 250/592 [42.2%], loss=0.3442, dgw=0.3442, reg=0.0000, time=26.27s.
-- 275/592 [46.5%], loss=0.3372, dgw=0.3372, reg=0.0000, time=28.32s.
-- 300/592 [50.7%], loss=0.3019, dgw=0.3019, reg=0.0000, time=24.71s.
-- 325/592 [54.9%], loss=0.3034, dgw=0.3034, reg=0.0000, time=29.59s.
-- 350/592 [59.1%], loss=0.2594, dgw=0.2594, reg=0.0000, time=21.27s.
-- 375/592 [63.3%], loss=0.2950, dgw=0.2950, reg=0.0000, time=25.31s.
-- 400/592 [67.6%], loss=0.3119, dgw=0.3119, reg=0.0000, time=23.22s.
-- 425/592 [71.8%], loss=0.3180, dgw=0.3180, reg=0.0000, time=33.25s.
-- 450/592 [76.0%], loss=0.3009, dgw=0.3009, reg=0.0000, time=34.10s.
-- 475/592 [80.2%], loss=0.3187, dgw=0.3187, reg=0.0000, time=26.63s.
-- 500/592 [84.5%], loss=0.3124, dgw=0.3124, reg=0.0000, time=25.57s.
-- 525/592 [88.7%], loss=0.3328, dgw=0.3328, reg=0.0000, time=27.68s.
-- 550/592 [92.9%], loss=0.2963, dgw=0.2963, reg=0.0000, time=38.31s.
-- 575/592 [97.1%], loss=0.3426, dgw=0.3426, reg=0.0000, time=36.76s.
-- 592/592 [100.0%], loss=0.3487, dgw=0.3487, reg=0.0000, time=16.96s.
fit: Epoch 13/15, loss = 0.3114, best loss = 0.1127
results/ENZYMES_Our_Iter_usl_tsne_fit_13.pdf
-- 25/592 [4.2%], loss=0.3439, dgw=0.3439, reg=0.0000, time=24.76s.
-- 50/592 [8.4%], loss=0.3791, dgw=0.3791, reg=0.0000, time=19.90s.
-- 75/592 [12.7%], loss=0.3597, dgw=0.3597, reg=0.0000, time=25.07s.
-- 100/592 [16.9%], loss=0.3475, dgw=0.3475, reg=0.0000, time=23.81s.
-- 125/592 [21.1%], loss=0.3579, dgw=0.3579, reg=0.0000, time=32.46s.
-- 150/592 [25.3%], loss=0.3256, dgw=0.3256, reg=0.0000, time=23.76s.
-- 175/592 [29.6%], loss=0.3254, dgw=0.3254, reg=0.0000, time=36.30s.
-- 200/592 [33.8%], loss=0.3463, dgw=0.3463, reg=0.0000, time=27.45s.
-- 225/592 [38.0%], loss=0.3582, dgw=0.3582, reg=0.0000, time=21.53s.
-- 250/592 [42.2%], loss=0.3541, dgw=0.3541, reg=0.0000, time=20.59s.
-- 275/592 [46.5%], loss=0.3573, dgw=0.3573, reg=0.0000, time=17.81s.
-- 300/592 [50.7%], loss=0.3600, dgw=0.3600, reg=0.0000, time=24.52s.
-- 325/592 [54.9%], loss=0.3740, dgw=0.3740, reg=0.0000, time=25.91s.
-- 350/592 [59.1%], loss=0.3662, dgw=0.3662, reg=0.0000, time=33.89s.
-- 375/592 [63.3%], loss=0.3462, dgw=0.3462, reg=0.0000, time=31.35s.
-- 400/592 [67.6%], loss=0.3782, dgw=0.3782, reg=0.0000, time=28.74s.
-- 425/592 [71.8%], loss=0.3881, dgw=0.3881, reg=0.0000, time=28.05s.
-- 450/592 [76.0%], loss=0.3402, dgw=0.3402, reg=0.0000, time=28.50s.
-- 475/592 [80.2%], loss=0.3681, dgw=0.3681, reg=0.0000, time=23.74s.
-- 500/592 [84.5%], loss=0.3564, dgw=0.3564, reg=0.0000, time=20.39s.
-- 525/592 [88.7%], loss=0.3496, dgw=0.3496, reg=0.0000, time=23.26s.
-- 550/592 [92.9%], loss=0.3862, dgw=0.3862, reg=0.0000, time=24.77s.
-- 575/592 [97.1%], loss=0.3887, dgw=0.3887, reg=0.0000, time=26.02s.
-- 592/592 [100.0%], loss=0.3989, dgw=0.3989, reg=0.0000, time=16.36s.
fit: Epoch 14/15, loss = 0.3601, best loss = 0.1127
results/ENZYMES_Our_Iter_usl_tsne_fit_14.pdf
-- 25/592 [4.2%], loss=0.4118, dgw=0.4118, reg=0.0000, time=25.81s.
-- 50/592 [8.4%], loss=0.4523, dgw=0.4523, reg=0.0000, time=28.18s.
-- 75/592 [12.7%], loss=0.4440, dgw=0.4440, reg=0.0000, time=24.15s.
-- 100/592 [16.9%], loss=0.4271, dgw=0.4271, reg=0.0000, time=31.43s.
-- 125/592 [21.1%], loss=0.4234, dgw=0.4234, reg=0.0000, time=23.48s.
-- 150/592 [25.3%], loss=0.4217, dgw=0.4217, reg=0.0000, time=35.31s.
-- 175/592 [29.6%], loss=0.4680, dgw=0.4680, reg=0.0000, time=37.53s.
-- 200/592 [33.8%], loss=0.4254, dgw=0.4254, reg=0.0000, time=30.36s.
-- 225/592 [38.0%], loss=0.5002, dgw=0.5002, reg=0.0000, time=22.07s.
-- 250/592 [42.2%], loss=0.4786, dgw=0.4786, reg=0.0000, time=30.14s.
-- 275/592 [46.5%], loss=0.5120, dgw=0.5120, reg=0.0000, time=35.06s.
-- 300/592 [50.7%], loss=0.4759, dgw=0.4759, reg=0.0000, time=31.64s.
-- 325/592 [54.9%], loss=0.5245, dgw=0.5245, reg=0.0000, time=29.98s.
-- 350/592 [59.1%], loss=0.4979, dgw=0.4979, reg=0.0000, time=23.59s.
-- 375/592 [63.3%], loss=0.5263, dgw=0.5263, reg=0.0000, time=25.83s.
-- 400/592 [67.6%], loss=0.5410, dgw=0.5410, reg=0.0000, time=22.67s.
-- 425/592 [71.8%], loss=0.5436, dgw=0.5436, reg=0.0000, time=24.50s.
-- 450/592 [76.0%], loss=0.5067, dgw=0.5067, reg=0.0000, time=28.80s.
-- 475/592 [80.2%], loss=0.5400, dgw=0.5400, reg=0.0000, time=30.07s.
-- 500/592 [84.5%], loss=0.5234, dgw=0.5234, reg=0.0000, time=21.28s.
-- 525/592 [88.7%], loss=0.5646, dgw=0.5646, reg=0.0000, time=20.53s.
-- 550/592 [92.9%], loss=0.5264, dgw=0.5264, reg=0.0000, time=24.81s.
-- 575/592 [97.1%], loss=0.5655, dgw=0.5655, reg=0.0000, time=26.27s.
-- 592/592 [100.0%], loss=0.5643, dgw=0.5643, reg=0.0000, time=13.33s.
fit: Epoch 15/15, loss = 0.4934, best loss = 0.1127
results/ENZYMES_Our_Iter_usl_tsne_fit_15.pdf
Rand Score: 0.7225842593862899
Done!
