MORE THAN 2 CLASSES!
-- 25/592 [4.2%], loss=0.2438, dgw=0.2438, reg=0.0000, time=38.37s.
-- 50/592 [8.4%], loss=0.2352, dgw=0.2352, reg=0.0000, time=45.42s.
-- 75/592 [12.7%], loss=0.2238, dgw=0.2238, reg=0.0000, time=34.85s.
-- 100/592 [16.9%], loss=0.2375, dgw=0.2375, reg=0.0000, time=42.02s.
-- 125/592 [21.1%], loss=0.2386, dgw=0.2386, reg=0.0000, time=37.37s.
-- 150/592 [25.3%], loss=0.2262, dgw=0.2262, reg=0.0000, time=41.28s.
-- 175/592 [29.6%], loss=0.2201, dgw=0.2201, reg=0.0000, time=39.76s.
-- 200/592 [33.8%], loss=0.2331, dgw=0.2331, reg=0.0000, time=56.79s.
-- 225/592 [38.0%], loss=0.2190, dgw=0.2190, reg=0.0000, time=46.13s.
-- 250/592 [42.2%], loss=0.2328, dgw=0.2328, reg=0.0000, time=46.18s.
-- 275/592 [46.5%], loss=0.2220, dgw=0.2220, reg=0.0000, time=39.08s.
-- 300/592 [50.7%], loss=0.2089, dgw=0.2089, reg=0.0000, time=46.23s.
-- 325/592 [54.9%], loss=0.2134, dgw=0.2134, reg=0.0000, time=53.04s.
-- 350/592 [59.1%], loss=0.2135, dgw=0.2135, reg=0.0000, time=29.59s.
-- 375/592 [63.3%], loss=0.2051, dgw=0.2051, reg=0.0000, time=48.06s.
-- 400/592 [67.6%], loss=0.2024, dgw=0.2024, reg=0.0000, time=54.52s.
-- 425/592 [71.8%], loss=0.2025, dgw=0.2025, reg=0.0000, time=60.82s.
-- 450/592 [76.0%], loss=0.2158, dgw=0.2158, reg=0.0000, time=41.21s.
-- 475/592 [80.2%], loss=0.2056, dgw=0.2056, reg=0.0000, time=37.53s.
-- 500/592 [84.5%], loss=0.2059, dgw=0.2059, reg=0.0000, time=58.04s.
-- 525/592 [88.7%], loss=0.2050, dgw=0.2050, reg=0.0000, time=51.68s.
-- 550/592 [92.9%], loss=0.1947, dgw=0.1947, reg=0.0000, time=47.01s.
-- 575/592 [97.1%], loss=0.1997, dgw=0.1997, reg=0.0000, time=46.35s.
-- 592/592 [100.0%], loss=0.2033, dgw=0.2033, reg=0.0000, time=39.12s.
fit: Epoch 1/15, loss = 0.2172, best loss = 0.2172
results/ENZYMES_Our_Iter_usl_tsne_fit_1.pdf
-- 25/592 [4.2%], loss=0.1918, dgw=0.1918, reg=0.0000, time=41.74s.
-- 50/592 [8.4%], loss=0.1892, dgw=0.1892, reg=0.0000, time=43.32s.
-- 75/592 [12.7%], loss=0.1956, dgw=0.1956, reg=0.0000, time=47.43s.
-- 100/592 [16.9%], loss=0.1956, dgw=0.1956, reg=0.0000, time=50.62s.
-- 125/592 [21.1%], loss=0.1979, dgw=0.1979, reg=0.0000, time=48.90s.
-- 150/592 [25.3%], loss=0.1923, dgw=0.1923, reg=0.0000, time=53.62s.
-- 175/592 [29.6%], loss=0.1865, dgw=0.1865, reg=0.0000, time=46.75s.
-- 200/592 [33.8%], loss=0.1768, dgw=0.1768, reg=0.0000, time=65.73s.
-- 225/592 [38.0%], loss=0.1751, dgw=0.1751, reg=0.0000, time=51.99s.
-- 250/592 [42.2%], loss=0.1848, dgw=0.1848, reg=0.0000, time=46.52s.
-- 275/592 [46.5%], loss=0.1787, dgw=0.1787, reg=0.0000, time=36.19s.
-- 300/592 [50.7%], loss=0.1872, dgw=0.1872, reg=0.0000, time=37.92s.
-- 325/592 [54.9%], loss=0.1809, dgw=0.1809, reg=0.0000, time=50.69s.
-- 350/592 [59.1%], loss=0.1753, dgw=0.1753, reg=0.0000, time=59.63s.
-- 375/592 [63.3%], loss=0.1829, dgw=0.1829, reg=0.0000, time=54.35s.
-- 400/592 [67.6%], loss=0.1764, dgw=0.1764, reg=0.0000, time=59.39s.
-- 425/592 [71.8%], loss=0.1674, dgw=0.1674, reg=0.0000, time=44.31s.
-- 450/592 [76.0%], loss=0.1678, dgw=0.1678, reg=0.0000, time=51.22s.
-- 475/592 [80.2%], loss=0.1701, dgw=0.1701, reg=0.0000, time=52.91s.
-- 500/592 [84.5%], loss=0.1709, dgw=0.1709, reg=0.0000, time=62.29s.
-- 525/592 [88.7%], loss=0.1702, dgw=0.1702, reg=0.0000, time=49.47s.
-- 550/592 [92.9%], loss=0.1744, dgw=0.1744, reg=0.0000, time=52.46s.
-- 575/592 [97.1%], loss=0.1686, dgw=0.1686, reg=0.0000, time=53.77s.
-- 592/592 [100.0%], loss=0.1576, dgw=0.1576, reg=0.0000, time=43.36s.
fit: Epoch 2/15, loss = 0.1800, best loss = 0.1800
results/ENZYMES_Our_Iter_usl_tsne_fit_2.pdf
-- 25/592 [4.2%], loss=0.1647, dgw=0.1647, reg=0.0000, time=29.27s.
-- 50/592 [8.4%], loss=0.1590, dgw=0.1590, reg=0.0000, time=38.33s.
-- 75/592 [12.7%], loss=0.1574, dgw=0.1574, reg=0.0000, time=32.75s.
-- 100/592 [16.9%], loss=0.1558, dgw=0.1558, reg=0.0000, time=47.31s.
-- 125/592 [21.1%], loss=0.1580, dgw=0.1580, reg=0.0000, time=45.37s.
-- 150/592 [25.3%], loss=0.1561, dgw=0.1561, reg=0.0000, time=47.57s.
-- 175/592 [29.6%], loss=0.1614, dgw=0.1614, reg=0.0000, time=53.97s.
-- 200/592 [33.8%], loss=0.1569, dgw=0.1569, reg=0.0000, time=50.06s.
-- 225/592 [38.0%], loss=0.1503, dgw=0.1503, reg=0.0000, time=46.08s.
-- 250/592 [42.2%], loss=0.1534, dgw=0.1534, reg=0.0000, time=41.45s.
-- 275/592 [46.5%], loss=0.1526, dgw=0.1526, reg=0.0000, time=43.44s.
-- 300/592 [50.7%], loss=0.1466, dgw=0.1466, reg=0.0000, time=51.01s.
-- 325/592 [54.9%], loss=0.1460, dgw=0.1460, reg=0.0000, time=41.43s.
-- 350/592 [59.1%], loss=0.1486, dgw=0.1486, reg=0.0000, time=39.49s.
-- 375/592 [63.3%], loss=0.1448, dgw=0.1448, reg=0.0000, time=46.07s.
-- 400/592 [67.6%], loss=0.1538, dgw=0.1538, reg=0.0000, time=34.47s.
-- 425/592 [71.8%], loss=0.1476, dgw=0.1476, reg=0.0000, time=34.32s.
-- 450/592 [76.0%], loss=0.1484, dgw=0.1484, reg=0.0000, time=44.29s.
-- 475/592 [80.2%], loss=0.1464, dgw=0.1464, reg=0.0000, time=44.22s.
-- 500/592 [84.5%], loss=0.1462, dgw=0.1462, reg=0.0000, time=40.67s.
-- 525/592 [88.7%], loss=0.1456, dgw=0.1456, reg=0.0000, time=38.77s.
-- 550/592 [92.9%], loss=0.1415, dgw=0.1415, reg=0.0000, time=48.91s.
-- 575/592 [97.1%], loss=0.1389, dgw=0.1389, reg=0.0000, time=50.40s.
-- 592/592 [100.0%], loss=0.1340, dgw=0.1340, reg=0.0000, time=33.00s.
fit: Epoch 3/15, loss = 0.1508, best loss = 0.1508
results/ENZYMES_Our_Iter_usl_tsne_fit_3.pdf
-- 25/592 [4.2%], loss=0.1386, dgw=0.1386, reg=0.0000, time=35.54s.
-- 50/592 [8.4%], loss=0.1304, dgw=0.1304, reg=0.0000, time=43.64s.
-- 75/592 [12.7%], loss=0.1331, dgw=0.1331, reg=0.0000, time=48.53s.
-- 100/592 [16.9%], loss=0.1402, dgw=0.1402, reg=0.0000, time=48.58s.
-- 125/592 [21.1%], loss=0.1395, dgw=0.1395, reg=0.0000, time=47.65s.
-- 150/592 [25.3%], loss=0.1272, dgw=0.1272, reg=0.0000, time=35.14s.
-- 175/592 [29.6%], loss=0.1350, dgw=0.1350, reg=0.0000, time=38.51s.
-- 200/592 [33.8%], loss=0.1318, dgw=0.1318, reg=0.0000, time=40.76s.
-- 225/592 [38.0%], loss=0.1311, dgw=0.1311, reg=0.0000, time=42.31s.
-- 250/592 [42.2%], loss=0.1280, dgw=0.1280, reg=0.0000, time=43.80s.
-- 275/592 [46.5%], loss=0.1347, dgw=0.1347, reg=0.0000, time=55.41s.
-- 300/592 [50.7%], loss=0.1305, dgw=0.1305, reg=0.0000, time=46.92s.
-- 325/592 [54.9%], loss=0.1288, dgw=0.1288, reg=0.0000, time=49.06s.
-- 350/592 [59.1%], loss=0.1210, dgw=0.1210, reg=0.0000, time=58.92s.
-- 375/592 [63.3%], loss=0.1239, dgw=0.1239, reg=0.0000, time=63.05s.
-- 400/592 [67.6%], loss=0.1359, dgw=0.1359, reg=0.0000, time=58.28s.
-- 425/592 [71.8%], loss=0.1240, dgw=0.1240, reg=0.0000, time=38.97s.
-- 450/592 [76.0%], loss=0.1259, dgw=0.1259, reg=0.0000, time=48.59s.
-- 475/592 [80.2%], loss=0.1283, dgw=0.1283, reg=0.0000, time=51.69s.
-- 500/592 [84.5%], loss=0.1221, dgw=0.1221, reg=0.0000, time=44.77s.
-- 525/592 [88.7%], loss=0.1231, dgw=0.1231, reg=0.0000, time=53.57s.
-- 550/592 [92.9%], loss=0.1167, dgw=0.1167, reg=0.0000, time=52.19s.
-- 575/592 [97.1%], loss=0.1134, dgw=0.1134, reg=0.0000, time=61.72s.
-- 592/592 [100.0%], loss=0.1133, dgw=0.1133, reg=0.0000, time=29.09s.
fit: Epoch 4/15, loss = 0.1284, best loss = 0.1284
results/ENZYMES_Our_Iter_usl_tsne_fit_4.pdf
-- 25/592 [4.2%], loss=0.1243, dgw=0.1243, reg=0.0000, time=51.61s.
-- 50/592 [8.4%], loss=0.1199, dgw=0.1199, reg=0.0000, time=38.34s.
-- 75/592 [12.7%], loss=0.1204, dgw=0.1204, reg=0.0000, time=37.41s.
-- 100/592 [16.9%], loss=0.1164, dgw=0.1164, reg=0.0000, time=55.91s.
-- 125/592 [21.1%], loss=0.1138, dgw=0.1138, reg=0.0000, time=43.46s.
-- 150/592 [25.3%], loss=0.1144, dgw=0.1144, reg=0.0000, time=48.08s.
-- 175/592 [29.6%], loss=0.1157, dgw=0.1157, reg=0.0000, time=51.23s.
-- 200/592 [33.8%], loss=0.1125, dgw=0.1125, reg=0.0000, time=38.17s.
-- 225/592 [38.0%], loss=0.1133, dgw=0.1133, reg=0.0000, time=30.64s.
-- 250/592 [42.2%], loss=0.1142, dgw=0.1142, reg=0.0000, time=48.86s.
-- 275/592 [46.5%], loss=0.1190, dgw=0.1190, reg=0.0000, time=44.44s.
-- 300/592 [50.7%], loss=0.1099, dgw=0.1099, reg=0.0000, time=40.84s.
-- 325/592 [54.9%], loss=0.1071, dgw=0.1071, reg=0.0000, time=56.21s.
-- 350/592 [59.1%], loss=0.1073, dgw=0.1073, reg=0.0000, time=43.60s.
-- 375/592 [63.3%], loss=0.1062, dgw=0.1062, reg=0.0000, time=51.85s.
-- 400/592 [67.6%], loss=0.1068, dgw=0.1068, reg=0.0000, time=39.85s.
-- 425/592 [71.8%], loss=0.1170, dgw=0.1170, reg=0.0000, time=39.25s.
-- 450/592 [76.0%], loss=0.1117, dgw=0.1117, reg=0.0000, time=50.90s.
-- 475/592 [80.2%], loss=0.1042, dgw=0.1042, reg=0.0000, time=53.25s.
-- 500/592 [84.5%], loss=0.1040, dgw=0.1040, reg=0.0000, time=46.31s.
-- 525/592 [88.7%], loss=0.1076, dgw=0.1076, reg=0.0000, time=49.44s.
-- 550/592 [92.9%], loss=0.1034, dgw=0.1034, reg=0.0000, time=44.34s.
-- 575/592 [97.1%], loss=0.1011, dgw=0.1011, reg=0.0000, time=32.72s.
-- 592/592 [100.0%], loss=0.1018, dgw=0.1018, reg=0.0000, time=25.52s.
fit: Epoch 5/15, loss = 0.1115, best loss = 0.1115
results/ENZYMES_Our_Iter_usl_tsne_fit_5.pdf
-- 25/592 [4.2%], loss=0.1047, dgw=0.1047, reg=0.0000, time=32.75s.
-- 50/592 [8.4%], loss=0.1057, dgw=0.1057, reg=0.0000, time=51.29s.
-- 75/592 [12.7%], loss=0.1038, dgw=0.1038, reg=0.0000, time=29.86s.
-- 100/592 [16.9%], loss=0.0949, dgw=0.0949, reg=0.0000, time=40.00s.
-- 125/592 [21.1%], loss=0.1062, dgw=0.1062, reg=0.0000, time=42.88s.
-- 150/592 [25.3%], loss=0.1008, dgw=0.1008, reg=0.0000, time=35.54s.
-- 175/592 [29.6%], loss=0.0967, dgw=0.0967, reg=0.0000, time=50.52s.
-- 200/592 [33.8%], loss=0.0943, dgw=0.0943, reg=0.0000, time=45.62s.
-- 225/592 [38.0%], loss=0.1085, dgw=0.1085, reg=0.0000, time=42.16s.
-- 250/592 [42.2%], loss=0.0978, dgw=0.0978, reg=0.0000, time=64.75s.
-- 275/592 [46.5%], loss=0.0984, dgw=0.0984, reg=0.0000, time=52.31s.
-- 300/592 [50.7%], loss=0.0930, dgw=0.0930, reg=0.0000, time=28.57s.
-- 325/592 [54.9%], loss=0.0957, dgw=0.0957, reg=0.0000, time=40.16s.
-- 350/592 [59.1%], loss=0.0934, dgw=0.0934, reg=0.0000, time=47.64s.
-- 375/592 [63.3%], loss=0.0998, dgw=0.0998, reg=0.0000, time=34.63s.
-- 400/592 [67.6%], loss=0.1023, dgw=0.1023, reg=0.0000, time=47.46s.
-- 425/592 [71.8%], loss=0.1026, dgw=0.1026, reg=0.0000, time=33.71s.
-- 450/592 [76.0%], loss=0.0969, dgw=0.0969, reg=0.0000, time=31.02s.
-- 475/592 [80.2%], loss=0.0975, dgw=0.0975, reg=0.0000, time=37.59s.
-- 500/592 [84.5%], loss=0.0966, dgw=0.0966, reg=0.0000, time=50.28s.
-- 525/592 [88.7%], loss=0.0973, dgw=0.0973, reg=0.0000, time=28.31s.
-- 550/592 [92.9%], loss=0.0918, dgw=0.0918, reg=0.0000, time=40.79s.
-- 575/592 [97.1%], loss=0.0952, dgw=0.0952, reg=0.0000, time=52.73s.
-- 592/592 [100.0%], loss=0.0906, dgw=0.0906, reg=0.0000, time=36.39s.
fit: Epoch 6/15, loss = 0.0986, best loss = 0.0986
results/ENZYMES_Our_Iter_usl_tsne_fit_6.pdf
-- 25/592 [4.2%], loss=0.0914, dgw=0.0914, reg=0.0000, time=32.62s.
-- 50/592 [8.4%], loss=0.0937, dgw=0.0937, reg=0.0000, time=46.32s.
-- 75/592 [12.7%], loss=0.0851, dgw=0.0851, reg=0.0000, time=49.50s.
-- 100/592 [16.9%], loss=0.0932, dgw=0.0932, reg=0.0000, time=54.22s.
-- 125/592 [21.1%], loss=0.0901, dgw=0.0901, reg=0.0000, time=35.73s.
-- 150/592 [25.3%], loss=0.0902, dgw=0.0902, reg=0.0000, time=48.12s.
-- 175/592 [29.6%], loss=0.0834, dgw=0.0834, reg=0.0000, time=43.36s.
-- 200/592 [33.8%], loss=0.0924, dgw=0.0924, reg=0.0000, time=43.17s.
-- 225/592 [38.0%], loss=0.0875, dgw=0.0875, reg=0.0000, time=43.32s.
-- 250/592 [42.2%], loss=0.0929, dgw=0.0929, reg=0.0000, time=40.73s.
-- 275/592 [46.5%], loss=0.1063, dgw=0.1063, reg=0.0000, time=47.06s.
-- 300/592 [50.7%], loss=0.0881, dgw=0.0881, reg=0.0000, time=48.46s.
-- 325/592 [54.9%], loss=0.0837, dgw=0.0837, reg=0.0000, time=48.07s.
-- 350/592 [59.1%], loss=0.0911, dgw=0.0911, reg=0.0000, time=28.36s.
-- 375/592 [63.3%], loss=0.0908, dgw=0.0908, reg=0.0000, time=36.70s.
-- 400/592 [67.6%], loss=0.0853, dgw=0.0853, reg=0.0000, time=42.28s.
-- 425/592 [71.8%], loss=0.0904, dgw=0.0904, reg=0.0000, time=31.81s.
-- 450/592 [76.0%], loss=0.0820, dgw=0.0820, reg=0.0000, time=46.47s.
-- 475/592 [80.2%], loss=0.0826, dgw=0.0826, reg=0.0000, time=33.46s.
-- 500/592 [84.5%], loss=0.0814, dgw=0.0814, reg=0.0000, time=34.22s.
-- 525/592 [88.7%], loss=0.0823, dgw=0.0823, reg=0.0000, time=44.80s.
-- 550/592 [92.9%], loss=0.0977, dgw=0.0977, reg=0.0000, time=44.22s.
-- 575/592 [97.1%], loss=0.0840, dgw=0.0840, reg=0.0000, time=40.32s.
-- 592/592 [100.0%], loss=0.0887, dgw=0.0887, reg=0.0000, time=31.23s.
fit: Epoch 7/15, loss = 0.0889, best loss = 0.0889
results/ENZYMES_Our_Iter_usl_tsne_fit_7.pdf
-- 25/592 [4.2%], loss=0.0867, dgw=0.0867, reg=0.0000, time=25.29s.
-- 50/592 [8.4%], loss=0.0852, dgw=0.0852, reg=0.0000, time=42.23s.
-- 75/592 [12.7%], loss=0.0843, dgw=0.0843, reg=0.0000, time=38.44s.
-- 100/592 [16.9%], loss=0.0775, dgw=0.0775, reg=0.0000, time=39.87s.
-- 125/592 [21.1%], loss=0.0812, dgw=0.0812, reg=0.0000, time=30.58s.
-- 150/592 [25.3%], loss=0.0924, dgw=0.0924, reg=0.0000, time=27.50s.
-- 175/592 [29.6%], loss=0.0808, dgw=0.0808, reg=0.0000, time=35.37s.
-- 200/592 [33.8%], loss=0.0764, dgw=0.0764, reg=0.0000, time=33.51s.
-- 225/592 [38.0%], loss=0.0789, dgw=0.0789, reg=0.0000, time=44.74s.
-- 250/592 [42.2%], loss=0.0839, dgw=0.0839, reg=0.0000, time=35.48s.
-- 275/592 [46.5%], loss=0.0773, dgw=0.0773, reg=0.0000, time=34.00s.
-- 300/592 [50.7%], loss=0.0772, dgw=0.0772, reg=0.0000, time=41.60s.
-- 325/592 [54.9%], loss=0.0886, dgw=0.0886, reg=0.0000, time=43.40s.
-- 350/592 [59.1%], loss=0.0809, dgw=0.0809, reg=0.0000, time=36.57s.
-- 375/592 [63.3%], loss=0.0794, dgw=0.0794, reg=0.0000, time=39.72s.
-- 400/592 [67.6%], loss=0.1057, dgw=0.1057, reg=0.0000, time=31.62s.
-- 425/592 [71.8%], loss=0.0831, dgw=0.0831, reg=0.0000, time=29.36s.
-- 450/592 [76.0%], loss=0.0881, dgw=0.0881, reg=0.0000, time=35.58s.
-- 475/592 [80.2%], loss=0.0791, dgw=0.0791, reg=0.0000, time=34.32s.
-- 500/592 [84.5%], loss=0.0810, dgw=0.0810, reg=0.0000, time=38.79s.
-- 525/592 [88.7%], loss=0.0737, dgw=0.0737, reg=0.0000, time=32.23s.
-- 550/592 [92.9%], loss=0.0734, dgw=0.0734, reg=0.0000, time=25.69s.
-- 575/592 [97.1%], loss=0.0755, dgw=0.0755, reg=0.0000, time=32.61s.
-- 592/592 [100.0%], loss=0.0787, dgw=0.0787, reg=0.0000, time=24.56s.
fit: Epoch 8/15, loss = 0.0821, best loss = 0.0821
results/ENZYMES_Our_Iter_usl_tsne_fit_8.pdf
-- 25/592 [4.2%], loss=0.0854, dgw=0.0854, reg=0.0000, time=28.98s.
-- 50/592 [8.4%], loss=0.0952, dgw=0.0952, reg=0.0000, time=31.92s.
-- 75/592 [12.7%], loss=0.1036, dgw=0.1036, reg=0.0000, time=35.24s.
-- 100/592 [16.9%], loss=0.1092, dgw=0.1092, reg=0.0000, time=38.37s.
-- 125/592 [21.1%], loss=0.1212, dgw=0.1212, reg=0.0000, time=31.14s.
-- 150/592 [25.3%], loss=0.1366, dgw=0.1366, reg=0.0000, time=35.14s.
-- 175/592 [29.6%], loss=0.1354, dgw=0.1354, reg=0.0000, time=37.63s.
-- 200/592 [33.8%], loss=0.1267, dgw=0.1267, reg=0.0000, time=37.77s.
-- 225/592 [38.0%], loss=0.1213, dgw=0.1213, reg=0.0000, time=29.86s.
-- 250/592 [42.2%], loss=0.1309, dgw=0.1309, reg=0.0000, time=33.69s.
-- 275/592 [46.5%], loss=0.1184, dgw=0.1184, reg=0.0000, time=34.62s.
-- 300/592 [50.7%], loss=0.1232, dgw=0.1232, reg=0.0000, time=42.70s.
-- 325/592 [54.9%], loss=0.1364, dgw=0.1364, reg=0.0000, time=50.31s.
-- 350/592 [59.1%], loss=0.1539, dgw=0.1539, reg=0.0000, time=37.38s.
-- 375/592 [63.3%], loss=0.1359, dgw=0.1359, reg=0.0000, time=31.54s.
-- 400/592 [67.6%], loss=0.1228, dgw=0.1228, reg=0.0000, time=37.24s.
-- 425/592 [71.8%], loss=0.1414, dgw=0.1414, reg=0.0000, time=42.61s.
-- 450/592 [76.0%], loss=0.1602, dgw=0.1602, reg=0.0000, time=31.70s.
-- 475/592 [80.2%], loss=0.1468, dgw=0.1468, reg=0.0000, time=40.89s.
-- 500/592 [84.5%], loss=0.1243, dgw=0.1243, reg=0.0000, time=35.06s.
-- 525/592 [88.7%], loss=0.1603, dgw=0.1603, reg=0.0000, time=39.72s.
-- 550/592 [92.9%], loss=0.1571, dgw=0.1571, reg=0.0000, time=41.96s.
-- 575/592 [97.1%], loss=0.1832, dgw=0.1832, reg=0.0000, time=36.64s.
-- 592/592 [100.0%], loss=0.1755, dgw=0.1755, reg=0.0000, time=24.72s.
fit: Epoch 9/15, loss = 0.1330, best loss = 0.0821
results/ENZYMES_Our_Iter_usl_tsne_fit_9.pdf
-- 25/592 [4.2%], loss=0.1774, dgw=0.1774, reg=0.0000, time=39.44s.
-- 50/592 [8.4%], loss=0.1988, dgw=0.1988, reg=0.0000, time=32.22s.
-- 75/592 [12.7%], loss=0.2000, dgw=0.2000, reg=0.0000, time=44.52s.
-- 100/592 [16.9%], loss=0.2180, dgw=0.2180, reg=0.0000, time=36.21s.
-- 125/592 [21.1%], loss=0.2139, dgw=0.2139, reg=0.0000, time=41.23s.
-- 150/592 [25.3%], loss=0.2350, dgw=0.2350, reg=0.0000, time=44.33s.
-- 175/592 [29.6%], loss=0.2359, dgw=0.2359, reg=0.0000, time=39.00s.
-- 200/592 [33.8%], loss=0.2337, dgw=0.2337, reg=0.0000, time=31.60s.
-- 225/592 [38.0%], loss=0.2441, dgw=0.2441, reg=0.0000, time=40.92s.
-- 250/592 [42.2%], loss=0.2416, dgw=0.2416, reg=0.0000, time=34.83s.
-- 275/592 [46.5%], loss=0.2604, dgw=0.2604, reg=0.0000, time=37.97s.
-- 300/592 [50.7%], loss=0.2131, dgw=0.2131, reg=0.0000, time=49.14s.
-- 325/592 [54.9%], loss=0.2599, dgw=0.2599, reg=0.0000, time=34.76s.
-- 350/592 [59.1%], loss=0.2733, dgw=0.2733, reg=0.0000, time=28.79s.
-- 375/592 [63.3%], loss=0.3511, dgw=0.3511, reg=0.0000, time=40.11s.
-- 400/592 [67.6%], loss=0.3428, dgw=0.3428, reg=0.0000, time=37.09s.
-- 425/592 [71.8%], loss=0.3284, dgw=0.3284, reg=0.0000, time=38.18s.
-- 450/592 [76.0%], loss=0.3528, dgw=0.3528, reg=0.0000, time=32.93s.
-- 475/592 [80.2%], loss=0.3436, dgw=0.3436, reg=0.0000, time=35.47s.
-- 500/592 [84.5%], loss=0.3176, dgw=0.3176, reg=0.0000, time=30.21s.
-- 525/592 [88.7%], loss=0.3355, dgw=0.3355, reg=0.0000, time=26.10s.
-- 550/592 [92.9%], loss=0.3107, dgw=0.3107, reg=0.0000, time=27.46s.
-- 575/592 [97.1%], loss=0.3672, dgw=0.3672, reg=0.0000, time=28.47s.
-- 592/592 [100.0%], loss=0.3687, dgw=0.3687, reg=0.0000, time=16.08s.
fit: Epoch 10/15, loss = 0.2747, best loss = 0.0821
results/ENZYMES_Our_Iter_usl_tsne_fit_10.pdf
-- 25/592 [4.2%], loss=0.3675, dgw=0.3675, reg=0.0000, time=32.93s.
-- 50/592 [8.4%], loss=0.3808, dgw=0.3808, reg=0.0000, time=33.47s.
-- 75/592 [12.7%], loss=0.3562, dgw=0.3562, reg=0.0000, time=29.85s.
-- 100/592 [16.9%], loss=0.3567, dgw=0.3567, reg=0.0000, time=40.02s.
-- 125/592 [21.1%], loss=0.2955, dgw=0.2955, reg=0.0000, time=33.38s.
-- 150/592 [25.3%], loss=0.3311, dgw=0.3311, reg=0.0000, time=29.31s.
-- 175/592 [29.6%], loss=0.3262, dgw=0.3262, reg=0.0000, time=33.78s.
-- 200/592 [33.8%], loss=0.3323, dgw=0.3323, reg=0.0000, time=28.84s.
-- 225/592 [38.0%], loss=0.2651, dgw=0.2651, reg=0.0000, time=37.09s.
-- 250/592 [42.2%], loss=0.2812, dgw=0.2812, reg=0.0000, time=33.76s.
-- 275/592 [46.5%], loss=0.3056, dgw=0.3056, reg=0.0000, time=22.49s.
-- 300/592 [50.7%], loss=0.2930, dgw=0.2930, reg=0.0000, time=26.76s.
-- 325/592 [54.9%], loss=0.2719, dgw=0.2719, reg=0.0000, time=30.10s.
-- 350/592 [59.1%], loss=0.2494, dgw=0.2494, reg=0.0000, time=26.96s.
-- 375/592 [63.3%], loss=0.2481, dgw=0.2481, reg=0.0000, time=33.14s.
-- 400/592 [67.6%], loss=0.2548, dgw=0.2548, reg=0.0000, time=42.83s.
-- 425/592 [71.8%], loss=0.2405, dgw=0.2405, reg=0.0000, time=28.63s.
-- 450/592 [76.0%], loss=0.2014, dgw=0.2014, reg=0.0000, time=37.29s.
-- 475/592 [80.2%], loss=0.2567, dgw=0.2567, reg=0.0000, time=26.58s.
-- 500/592 [84.5%], loss=0.2386, dgw=0.2386, reg=0.0000, time=33.83s.
-- 525/592 [88.7%], loss=0.2249, dgw=0.2249, reg=0.0000, time=32.85s.
-- 550/592 [92.9%], loss=0.1998, dgw=0.1998, reg=0.0000, time=19.08s.
-- 575/592 [97.1%], loss=0.2328, dgw=0.2328, reg=0.0000, time=27.26s.
-- 592/592 [100.0%], loss=0.2200, dgw=0.2200, reg=0.0000, time=24.71s.
fit: Epoch 11/15, loss = 0.2812, best loss = 0.0821
results/ENZYMES_Our_Iter_usl_tsne_fit_11.pdf
-- 25/592 [4.2%], loss=0.2026, dgw=0.2026, reg=0.0000, time=34.12s.
-- 50/592 [8.4%], loss=0.2212, dgw=0.2212, reg=0.0000, time=28.88s.
-- 75/592 [12.7%], loss=0.2313, dgw=0.2313, reg=0.0000, time=26.99s.
-- 100/592 [16.9%], loss=0.2067, dgw=0.2067, reg=0.0000, time=31.68s.
-- 125/592 [21.1%], loss=0.2003, dgw=0.2003, reg=0.0000, time=23.27s.
-- 150/592 [25.3%], loss=0.1996, dgw=0.1996, reg=0.0000, time=25.51s.
-- 175/592 [29.6%], loss=0.1830, dgw=0.1830, reg=0.0000, time=23.70s.
-- 200/592 [33.8%], loss=0.2063, dgw=0.2063, reg=0.0000, time=24.53s.
-- 225/592 [38.0%], loss=0.1842, dgw=0.1842, reg=0.0000, time=21.68s.
-- 250/592 [42.2%], loss=0.2055, dgw=0.2055, reg=0.0000, time=32.42s.
-- 275/592 [46.5%], loss=0.2078, dgw=0.2078, reg=0.0000, time=33.59s.
-- 300/592 [50.7%], loss=0.1804, dgw=0.1804, reg=0.0000, time=24.36s.
-- 325/592 [54.9%], loss=0.1502, dgw=0.1502, reg=0.0000, time=26.35s.
-- 350/592 [59.1%], loss=0.1827, dgw=0.1827, reg=0.0000, time=23.71s.
-- 375/592 [63.3%], loss=0.1438, dgw=0.1438, reg=0.0000, time=22.30s.
-- 400/592 [67.6%], loss=0.2075, dgw=0.2075, reg=0.0000, time=25.76s.
-- 425/592 [71.8%], loss=0.1699, dgw=0.1699, reg=0.0000, time=34.21s.
-- 450/592 [76.0%], loss=0.1914, dgw=0.1914, reg=0.0000, time=34.41s.
-- 475/592 [80.2%], loss=0.1834, dgw=0.1834, reg=0.0000, time=38.91s.
-- 500/592 [84.5%], loss=0.2002, dgw=0.2002, reg=0.0000, time=25.04s.
-- 525/592 [88.7%], loss=0.1952, dgw=0.1952, reg=0.0000, time=35.29s.
-- 550/592 [92.9%], loss=0.1922, dgw=0.1922, reg=0.0000, time=31.61s.
-- 575/592 [97.1%], loss=0.1724, dgw=0.1724, reg=0.0000, time=28.23s.
-- 592/592 [100.0%], loss=0.1965, dgw=0.1965, reg=0.0000, time=18.43s.
fit: Epoch 12/15, loss = 0.1922, best loss = 0.0821
results/ENZYMES_Our_Iter_usl_tsne_fit_12.pdf
-- 25/592 [4.2%], loss=0.1973, dgw=0.1973, reg=0.0000, time=26.09s.
-- 50/592 [8.4%], loss=0.1734, dgw=0.1734, reg=0.0000, time=25.96s.
-- 75/592 [12.7%], loss=0.1888, dgw=0.1888, reg=0.0000, time=22.24s.
-- 100/592 [16.9%], loss=0.1995, dgw=0.1995, reg=0.0000, time=30.97s.
-- 125/592 [21.1%], loss=0.1722, dgw=0.1722, reg=0.0000, time=30.17s.
-- 150/592 [25.3%], loss=0.1657, dgw=0.1657, reg=0.0000, time=24.82s.
-- 175/592 [29.6%], loss=0.1818, dgw=0.1818, reg=0.0000, time=21.76s.
-- 200/592 [33.8%], loss=0.2162, dgw=0.2162, reg=0.0000, time=21.84s.
-- 225/592 [38.0%], loss=0.2048, dgw=0.2048, reg=0.0000, time=21.65s.
-- 250/592 [42.2%], loss=0.1966, dgw=0.1966, reg=0.0000, time=38.38s.
-- 275/592 [46.5%], loss=0.1966, dgw=0.1966, reg=0.0000, time=28.37s.
-- 300/592 [50.7%], loss=0.1779, dgw=0.1779, reg=0.0000, time=25.97s.
-- 325/592 [54.9%], loss=0.1998, dgw=0.1998, reg=0.0000, time=23.95s.
-- 350/592 [59.1%], loss=0.2006, dgw=0.2006, reg=0.0000, time=32.91s.
-- 375/592 [63.3%], loss=0.1997, dgw=0.1997, reg=0.0000, time=40.00s.
-- 400/592 [67.6%], loss=0.1705, dgw=0.1705, reg=0.0000, time=32.29s.
-- 425/592 [71.8%], loss=0.1956, dgw=0.1956, reg=0.0000, time=26.56s.
-- 450/592 [76.0%], loss=0.1733, dgw=0.1733, reg=0.0000, time=35.63s.
-- 475/592 [80.2%], loss=0.2002, dgw=0.2002, reg=0.0000, time=24.88s.
-- 500/592 [84.5%], loss=0.1772, dgw=0.1772, reg=0.0000, time=25.82s.
-- 525/592 [88.7%], loss=0.2358, dgw=0.2358, reg=0.0000, time=27.64s.
-- 550/592 [92.9%], loss=0.1832, dgw=0.1832, reg=0.0000, time=29.06s.
-- 575/592 [97.1%], loss=0.2280, dgw=0.2280, reg=0.0000, time=33.24s.
-- 592/592 [100.0%], loss=0.2287, dgw=0.2287, reg=0.0000, time=20.12s.
fit: Epoch 13/15, loss = 0.1938, best loss = 0.0821
results/ENZYMES_Our_Iter_usl_tsne_fit_13.pdf
-- 25/592 [4.2%], loss=0.1822, dgw=0.1822, reg=0.0000, time=21.62s.
-- 50/592 [8.4%], loss=0.2174, dgw=0.2174, reg=0.0000, time=20.68s.
-- 75/592 [12.7%], loss=0.1871, dgw=0.1871, reg=0.0000, time=22.65s.
-- 100/592 [16.9%], loss=0.2109, dgw=0.2109, reg=0.0000, time=23.20s.
-- 125/592 [21.1%], loss=0.2234, dgw=0.2234, reg=0.0000, time=31.65s.
-- 150/592 [25.3%], loss=0.2354, dgw=0.2354, reg=0.0000, time=27.39s.
-- 175/592 [29.6%], loss=0.1745, dgw=0.1745, reg=0.0000, time=24.78s.
-- 200/592 [33.8%], loss=0.2087, dgw=0.2087, reg=0.0000, time=29.78s.
-- 225/592 [38.0%], loss=0.2103, dgw=0.2103, reg=0.0000, time=26.20s.
-- 250/592 [42.2%], loss=0.1959, dgw=0.1959, reg=0.0000, time=22.51s.
-- 275/592 [46.5%], loss=0.2133, dgw=0.2133, reg=0.0000, time=32.72s.
-- 300/592 [50.7%], loss=0.2045, dgw=0.2045, reg=0.0000, time=17.71s.
-- 325/592 [54.9%], loss=0.2257, dgw=0.2257, reg=0.0000, time=22.77s.
-- 350/592 [59.1%], loss=0.2177, dgw=0.2177, reg=0.0000, time=25.30s.
-- 375/592 [63.3%], loss=0.2214, dgw=0.2214, reg=0.0000, time=24.22s.
-- 400/592 [67.6%], loss=0.2190, dgw=0.2190, reg=0.0000, time=28.35s.
-- 425/592 [71.8%], loss=0.2349, dgw=0.2349, reg=0.0000, time=27.29s.
-- 450/592 [76.0%], loss=0.2267, dgw=0.2267, reg=0.0000, time=23.64s.
-- 475/592 [80.2%], loss=0.1966, dgw=0.1966, reg=0.0000, time=32.00s.
-- 500/592 [84.5%], loss=0.1657, dgw=0.1657, reg=0.0000, time=34.71s.
-- 525/592 [88.7%], loss=0.1962, dgw=0.1962, reg=0.0000, time=31.07s.
-- 550/592 [92.9%], loss=0.2023, dgw=0.2023, reg=0.0000, time=31.99s.
-- 575/592 [97.1%], loss=0.2267, dgw=0.2267, reg=0.0000, time=30.70s.
-- 592/592 [100.0%], loss=0.2203, dgw=0.2203, reg=0.0000, time=20.79s.
fit: Epoch 14/15, loss = 0.2089, best loss = 0.0821
results/ENZYMES_Our_Iter_usl_tsne_fit_14.pdf
-- 25/592 [4.2%], loss=0.2330, dgw=0.2330, reg=0.0000, time=21.18s.
-- 50/592 [8.4%], loss=0.2375, dgw=0.2375, reg=0.0000, time=25.38s.
-- 75/592 [12.7%], loss=0.2174, dgw=0.2174, reg=0.0000, time=32.05s.
-- 100/592 [16.9%], loss=0.2177, dgw=0.2177, reg=0.0000, time=33.10s.
-- 125/592 [21.1%], loss=0.2033, dgw=0.2033, reg=0.0000, time=31.37s.
-- 150/592 [25.3%], loss=0.2117, dgw=0.2117, reg=0.0000, time=30.74s.
-- 175/592 [29.6%], loss=0.2337, dgw=0.2337, reg=0.0000, time=26.08s.
-- 200/592 [33.8%], loss=0.2199, dgw=0.2199, reg=0.0000, time=27.12s.
-- 225/592 [38.0%], loss=0.1893, dgw=0.1893, reg=0.0000, time=28.83s.
-- 250/592 [42.2%], loss=0.2013, dgw=0.2013, reg=0.0000, time=27.56s.
-- 275/592 [46.5%], loss=0.2077, dgw=0.2077, reg=0.0000, time=26.45s.
-- 300/592 [50.7%], loss=0.2176, dgw=0.2176, reg=0.0000, time=32.14s.
-- 325/592 [54.9%], loss=0.1957, dgw=0.1957, reg=0.0000, time=24.22s.
-- 350/592 [59.1%], loss=0.1933, dgw=0.1933, reg=0.0000, time=31.17s.
-- 375/592 [63.3%], loss=0.2046, dgw=0.2046, reg=0.0000, time=29.66s.
-- 400/592 [67.6%], loss=0.1812, dgw=0.1812, reg=0.0000, time=26.01s.
-- 425/592 [71.8%], loss=0.2054, dgw=0.2054, reg=0.0000, time=32.69s.
-- 450/592 [76.0%], loss=0.2224, dgw=0.2224, reg=0.0000, time=35.43s.
-- 475/592 [80.2%], loss=0.2126, dgw=0.2126, reg=0.0000, time=32.78s.
-- 500/592 [84.5%], loss=0.2117, dgw=0.2117, reg=0.0000, time=35.28s.
-- 525/592 [88.7%], loss=0.2226, dgw=0.2226, reg=0.0000, time=31.32s.
-- 550/592 [92.9%], loss=0.1841, dgw=0.1841, reg=0.0000, time=23.38s.
-- 575/592 [97.1%], loss=0.1857, dgw=0.1857, reg=0.0000, time=33.98s.
-- 592/592 [100.0%], loss=0.2121, dgw=0.2121, reg=0.0000, time=19.79s.
fit: Epoch 15/15, loss = 0.2092, best loss = 0.0821
results/ENZYMES_Our_Iter_usl_tsne_fit_15.pdf
Rand Score: 0.7237218182649655
Done!
