MORE THAN 2 CLASSES!
-- 25/592 [4.2%], loss=0.2225, dgw=0.2225, reg=0.0000, time=35.70s.
-- 50/592 [8.4%], loss=0.2327, dgw=0.2327, reg=0.0000, time=42.53s.
-- 75/592 [12.7%], loss=0.2201, dgw=0.2201, reg=0.0000, time=55.80s.
-- 100/592 [16.9%], loss=0.2384, dgw=0.2384, reg=0.0000, time=51.69s.
-- 125/592 [21.1%], loss=0.2277, dgw=0.2277, reg=0.0000, time=45.46s.
-- 150/592 [25.3%], loss=0.2286, dgw=0.2286, reg=0.0000, time=48.90s.
-- 175/592 [29.6%], loss=0.2218, dgw=0.2218, reg=0.0000, time=50.16s.
-- 200/592 [33.8%], loss=0.2312, dgw=0.2312, reg=0.0000, time=82.87s.
-- 225/592 [38.0%], loss=0.2186, dgw=0.2186, reg=0.0000, time=81.83s.
-- 250/592 [42.2%], loss=0.2177, dgw=0.2177, reg=0.0000, time=63.16s.
-- 275/592 [46.5%], loss=0.2247, dgw=0.2247, reg=0.0000, time=78.36s.
-- 300/592 [50.7%], loss=0.2211, dgw=0.2211, reg=0.0000, time=61.91s.
-- 325/592 [54.9%], loss=0.2195, dgw=0.2195, reg=0.0000, time=56.74s.
-- 350/592 [59.1%], loss=0.2083, dgw=0.2083, reg=0.0000, time=54.27s.
-- 375/592 [63.3%], loss=0.2086, dgw=0.2086, reg=0.0000, time=47.32s.
-- 400/592 [67.6%], loss=0.2098, dgw=0.2098, reg=0.0000, time=70.14s.
-- 425/592 [71.8%], loss=0.2085, dgw=0.2085, reg=0.0000, time=72.74s.
-- 450/592 [76.0%], loss=0.2018, dgw=0.2018, reg=0.0000, time=81.36s.
-- 475/592 [80.2%], loss=0.2022, dgw=0.2022, reg=0.0000, time=69.69s.
-- 500/592 [84.5%], loss=0.1979, dgw=0.1979, reg=0.0000, time=53.33s.
-- 525/592 [88.7%], loss=0.2007, dgw=0.2007, reg=0.0000, time=51.67s.
-- 550/592 [92.9%], loss=0.1896, dgw=0.1896, reg=0.0000, time=67.61s.
-- 575/592 [97.1%], loss=0.1977, dgw=0.1977, reg=0.0000, time=75.50s.
-- 592/592 [100.0%], loss=0.2028, dgw=0.2028, reg=0.0000, time=50.87s.
fit: Epoch 1/15, loss = 0.2148, best loss = 0.2148
results/ENZYMES_Our_Iter_usl_tsne_fit_1.pdf
-- 25/592 [4.2%], loss=0.1904, dgw=0.1904, reg=0.0000, time=69.59s.
-- 50/592 [8.4%], loss=0.1873, dgw=0.1873, reg=0.0000, time=76.02s.
-- 75/592 [12.7%], loss=0.1937, dgw=0.1937, reg=0.0000, time=58.26s.
-- 100/592 [16.9%], loss=0.1901, dgw=0.1901, reg=0.0000, time=72.47s.
-- 125/592 [21.1%], loss=0.1955, dgw=0.1955, reg=0.0000, time=75.41s.
-- 150/592 [25.3%], loss=0.1797, dgw=0.1797, reg=0.0000, time=78.40s.
-- 175/592 [29.6%], loss=0.1895, dgw=0.1895, reg=0.0000, time=70.24s.
-- 200/592 [33.8%], loss=0.1885, dgw=0.1885, reg=0.0000, time=69.33s.
-- 225/592 [38.0%], loss=0.1835, dgw=0.1835, reg=0.0000, time=84.02s.
-- 250/592 [42.2%], loss=0.1818, dgw=0.1818, reg=0.0000, time=58.80s.
-- 275/592 [46.5%], loss=0.1811, dgw=0.1811, reg=0.0000, time=76.01s.
-- 300/592 [50.7%], loss=0.1849, dgw=0.1849, reg=0.0000, time=83.16s.
-- 325/592 [54.9%], loss=0.1691, dgw=0.1691, reg=0.0000, time=64.44s.
-- 350/592 [59.1%], loss=0.1741, dgw=0.1741, reg=0.0000, time=71.77s.
-- 375/592 [63.3%], loss=0.1733, dgw=0.1733, reg=0.0000, time=79.09s.
-- 400/592 [67.6%], loss=0.1736, dgw=0.1736, reg=0.0000, time=81.71s.
-- 425/592 [71.8%], loss=0.1611, dgw=0.1611, reg=0.0000, time=60.15s.
-- 450/592 [76.0%], loss=0.1748, dgw=0.1748, reg=0.0000, time=82.84s.
-- 475/592 [80.2%], loss=0.1685, dgw=0.1685, reg=0.0000, time=87.18s.
-- 500/592 [84.5%], loss=0.1730, dgw=0.1730, reg=0.0000, time=62.81s.
-- 525/592 [88.7%], loss=0.1726, dgw=0.1726, reg=0.0000, time=64.95s.
-- 550/592 [92.9%], loss=0.1845, dgw=0.1845, reg=0.0000, time=75.45s.
-- 575/592 [97.1%], loss=0.1730, dgw=0.1730, reg=0.0000, time=66.99s.
-- 592/592 [100.0%], loss=0.2037, dgw=0.2037, reg=0.0000, time=54.06s.
fit: Epoch 2/15, loss = 0.1808, best loss = 0.1808
results/ENZYMES_Our_Iter_usl_tsne_fit_2.pdf
-- 25/592 [4.2%], loss=0.2116, dgw=0.2116, reg=0.0000, time=77.89s.
-- 50/592 [8.4%], loss=0.1843, dgw=0.1843, reg=0.0000, time=71.13s.
-- 75/592 [12.7%], loss=0.1811, dgw=0.1811, reg=0.0000, time=72.05s.
-- 100/592 [16.9%], loss=0.1891, dgw=0.1891, reg=0.0000, time=63.18s.
-- 125/592 [21.1%], loss=0.1785, dgw=0.1785, reg=0.0000, time=61.48s.
-- 150/592 [25.3%], loss=0.1838, dgw=0.1838, reg=0.0000, time=71.62s.
-- 175/592 [29.6%], loss=0.1686, dgw=0.1686, reg=0.0000, time=64.90s.
-- 200/592 [33.8%], loss=0.1662, dgw=0.1662, reg=0.0000, time=73.64s.
-- 225/592 [38.0%], loss=0.1833, dgw=0.1833, reg=0.0000, time=64.95s.
-- 250/592 [42.2%], loss=0.1673, dgw=0.1673, reg=0.0000, time=59.66s.
-- 275/592 [46.5%], loss=0.1658, dgw=0.1658, reg=0.0000, time=62.86s.
-- 300/592 [50.7%], loss=0.1734, dgw=0.1734, reg=0.0000, time=62.48s.
-- 325/592 [54.9%], loss=0.1747, dgw=0.1747, reg=0.0000, time=63.55s.
-- 350/592 [59.1%], loss=0.1758, dgw=0.1758, reg=0.0000, time=63.90s.
-- 375/592 [63.3%], loss=0.1597, dgw=0.1597, reg=0.0000, time=56.87s.
-- 400/592 [67.6%], loss=0.1597, dgw=0.1597, reg=0.0000, time=55.84s.
-- 425/592 [71.8%], loss=0.1705, dgw=0.1705, reg=0.0000, time=69.97s.
-- 450/592 [76.0%], loss=0.1614, dgw=0.1614, reg=0.0000, time=68.44s.
-- 475/592 [80.2%], loss=0.1691, dgw=0.1691, reg=0.0000, time=68.06s.
-- 500/592 [84.5%], loss=0.2006, dgw=0.2006, reg=0.0000, time=85.83s.
-- 525/592 [88.7%], loss=0.1863, dgw=0.1863, reg=0.0000, time=51.58s.
-- 550/592 [92.9%], loss=0.1892, dgw=0.1892, reg=0.0000, time=58.75s.
-- 575/592 [97.1%], loss=0.1850, dgw=0.1850, reg=0.0000, time=87.58s.
-- 592/592 [100.0%], loss=0.1893, dgw=0.1893, reg=0.0000, time=39.21s.
fit: Epoch 3/15, loss = 0.1780, best loss = 0.1780
results/ENZYMES_Our_Iter_usl_tsne_fit_3.pdf
-- 25/592 [4.2%], loss=0.2080, dgw=0.2080, reg=0.0000, time=83.75s.
-- 50/592 [8.4%], loss=0.2072, dgw=0.2072, reg=0.0000, time=68.41s.
-- 75/592 [12.7%], loss=0.1950, dgw=0.1950, reg=0.0000, time=58.02s.
-- 100/592 [16.9%], loss=0.1822, dgw=0.1822, reg=0.0000, time=67.44s.
-- 125/592 [21.1%], loss=0.1673, dgw=0.1673, reg=0.0000, time=75.90s.
-- 150/592 [25.3%], loss=0.1662, dgw=0.1662, reg=0.0000, time=75.20s.
-- 175/592 [29.6%], loss=0.1849, dgw=0.1849, reg=0.0000, time=50.34s.
-- 200/592 [33.8%], loss=0.1494, dgw=0.1494, reg=0.0000, time=50.25s.
-- 225/592 [38.0%], loss=0.1560, dgw=0.1560, reg=0.0000, time=64.09s.
-- 250/592 [42.2%], loss=0.1762, dgw=0.1762, reg=0.0000, time=76.59s.
-- 275/592 [46.5%], loss=0.1630, dgw=0.1630, reg=0.0000, time=52.99s.
-- 300/592 [50.7%], loss=0.1534, dgw=0.1534, reg=0.0000, time=52.86s.
-- 325/592 [54.9%], loss=0.1521, dgw=0.1521, reg=0.0000, time=52.91s.
-- 350/592 [59.1%], loss=0.1387, dgw=0.1387, reg=0.0000, time=71.35s.
-- 375/592 [63.3%], loss=0.1543, dgw=0.1543, reg=0.0000, time=73.03s.
-- 400/592 [67.6%], loss=0.1434, dgw=0.1434, reg=0.0000, time=76.19s.
-- 425/592 [71.8%], loss=0.1536, dgw=0.1536, reg=0.0000, time=69.29s.
-- 450/592 [76.0%], loss=0.1257, dgw=0.1257, reg=0.0000, time=56.24s.
-- 475/592 [80.2%], loss=0.1378, dgw=0.1378, reg=0.0000, time=55.86s.
-- 500/592 [84.5%], loss=0.1319, dgw=0.1319, reg=0.0000, time=59.94s.
-- 525/592 [88.7%], loss=0.1235, dgw=0.1235, reg=0.0000, time=80.30s.
-- 550/592 [92.9%], loss=0.1319, dgw=0.1319, reg=0.0000, time=56.02s.
-- 575/592 [97.1%], loss=0.1145, dgw=0.1145, reg=0.0000, time=57.54s.
-- 592/592 [100.0%], loss=0.1169, dgw=0.1169, reg=0.0000, time=30.28s.
fit: Epoch 4/15, loss = 0.1561, best loss = 0.1561
results/ENZYMES_Our_Iter_usl_tsne_fit_4.pdf
-- 25/592 [4.2%], loss=0.1161, dgw=0.1161, reg=0.0000, time=53.04s.
-- 50/592 [8.4%], loss=0.1175, dgw=0.1175, reg=0.0000, time=47.50s.
-- 75/592 [12.7%], loss=0.1187, dgw=0.1187, reg=0.0000, time=74.03s.
-- 100/592 [16.9%], loss=0.1159, dgw=0.1159, reg=0.0000, time=63.49s.
-- 125/592 [21.1%], loss=0.1249, dgw=0.1249, reg=0.0000, time=42.03s.
-- 150/592 [25.3%], loss=0.1117, dgw=0.1117, reg=0.0000, time=67.46s.
-- 175/592 [29.6%], loss=0.1158, dgw=0.1158, reg=0.0000, time=59.71s.
-- 200/592 [33.8%], loss=0.1085, dgw=0.1085, reg=0.0000, time=72.13s.
-- 225/592 [38.0%], loss=0.1111, dgw=0.1111, reg=0.0000, time=56.07s.
-- 250/592 [42.2%], loss=0.1106, dgw=0.1106, reg=0.0000, time=53.94s.
-- 275/592 [46.5%], loss=0.1253, dgw=0.1253, reg=0.0000, time=50.28s.
-- 300/592 [50.7%], loss=0.1176, dgw=0.1176, reg=0.0000, time=53.13s.
-- 325/592 [54.9%], loss=0.1100, dgw=0.1100, reg=0.0000, time=58.97s.
-- 350/592 [59.1%], loss=0.1099, dgw=0.1099, reg=0.0000, time=54.92s.
-- 375/592 [63.3%], loss=0.1098, dgw=0.1098, reg=0.0000, time=47.83s.
-- 400/592 [67.6%], loss=0.1091, dgw=0.1091, reg=0.0000, time=62.52s.
-- 425/592 [71.8%], loss=0.1020, dgw=0.1020, reg=0.0000, time=49.19s.
-- 450/592 [76.0%], loss=0.1067, dgw=0.1067, reg=0.0000, time=63.45s.
-- 475/592 [80.2%], loss=0.1024, dgw=0.1024, reg=0.0000, time=61.52s.
-- 500/592 [84.5%], loss=0.1036, dgw=0.1036, reg=0.0000, time=39.73s.
-- 525/592 [88.7%], loss=0.1089, dgw=0.1089, reg=0.0000, time=35.43s.
-- 550/592 [92.9%], loss=0.1049, dgw=0.1049, reg=0.0000, time=78.98s.
-- 575/592 [97.1%], loss=0.1073, dgw=0.1073, reg=0.0000, time=50.64s.
-- 592/592 [100.0%], loss=0.1021, dgw=0.1021, reg=0.0000, time=20.20s.
fit: Epoch 5/15, loss = 0.1114, best loss = 0.1114
results/ENZYMES_Our_Iter_usl_tsne_fit_5.pdf
-- 25/592 [4.2%], loss=0.1069, dgw=0.1069, reg=0.0000, time=51.25s.
-- 50/592 [8.4%], loss=0.1050, dgw=0.1050, reg=0.0000, time=67.34s.
-- 75/592 [12.7%], loss=0.1031, dgw=0.1031, reg=0.0000, time=51.91s.
-- 100/592 [16.9%], loss=0.1000, dgw=0.1000, reg=0.0000, time=49.20s.
-- 125/592 [21.1%], loss=0.0963, dgw=0.0963, reg=0.0000, time=48.11s.
-- 150/592 [25.3%], loss=0.1073, dgw=0.1073, reg=0.0000, time=61.24s.
-- 175/592 [29.6%], loss=0.0995, dgw=0.0995, reg=0.0000, time=40.10s.
-- 200/592 [33.8%], loss=0.0987, dgw=0.0987, reg=0.0000, time=49.14s.
-- 225/592 [38.0%], loss=0.0989, dgw=0.0989, reg=0.0000, time=82.07s.
-- 250/592 [42.2%], loss=0.1054, dgw=0.1054, reg=0.0000, time=65.39s.
-- 275/592 [46.5%], loss=0.1024, dgw=0.1024, reg=0.0000, time=56.25s.
-- 300/592 [50.7%], loss=0.1066, dgw=0.1066, reg=0.0000, time=40.98s.
-- 325/592 [54.9%], loss=0.1100, dgw=0.1100, reg=0.0000, time=61.28s.
-- 350/592 [59.1%], loss=0.1048, dgw=0.1048, reg=0.0000, time=58.74s.
-- 375/592 [63.3%], loss=0.1003, dgw=0.1003, reg=0.0000, time=65.15s.
-- 400/592 [67.6%], loss=0.0895, dgw=0.0895, reg=0.0000, time=55.47s.
-- 425/592 [71.8%], loss=0.1106, dgw=0.1106, reg=0.0000, time=43.74s.
-- 450/592 [76.0%], loss=0.0885, dgw=0.0885, reg=0.0000, time=66.35s.
-- 475/592 [80.2%], loss=0.0904, dgw=0.0904, reg=0.0000, time=29.78s.
-- 500/592 [84.5%], loss=0.1010, dgw=0.1010, reg=0.0000, time=48.46s.
-- 525/592 [88.7%], loss=0.0979, dgw=0.0979, reg=0.0000, time=48.91s.
-- 550/592 [92.9%], loss=0.0945, dgw=0.0945, reg=0.0000, time=62.69s.
-- 575/592 [97.1%], loss=0.0990, dgw=0.0990, reg=0.0000, time=44.44s.
-- 592/592 [100.0%], loss=0.0979, dgw=0.0979, reg=0.0000, time=31.11s.
fit: Epoch 6/15, loss = 0.1006, best loss = 0.1006
results/ENZYMES_Our_Iter_usl_tsne_fit_6.pdf
-- 25/592 [4.2%], loss=0.0947, dgw=0.0947, reg=0.0000, time=64.44s.
-- 50/592 [8.4%], loss=0.0967, dgw=0.0967, reg=0.0000, time=65.46s.
-- 75/592 [12.7%], loss=0.0931, dgw=0.0931, reg=0.0000, time=58.84s.
-- 100/592 [16.9%], loss=0.0931, dgw=0.0931, reg=0.0000, time=39.69s.
-- 125/592 [21.1%], loss=0.1010, dgw=0.1010, reg=0.0000, time=48.24s.
-- 150/592 [25.3%], loss=0.0855, dgw=0.0855, reg=0.0000, time=66.64s.
-- 175/592 [29.6%], loss=0.0957, dgw=0.0957, reg=0.0000, time=49.68s.
-- 200/592 [33.8%], loss=0.0991, dgw=0.0991, reg=0.0000, time=50.70s.
-- 225/592 [38.0%], loss=0.0996, dgw=0.0996, reg=0.0000, time=54.60s.
-- 250/592 [42.2%], loss=0.1000, dgw=0.1000, reg=0.0000, time=61.40s.
-- 275/592 [46.5%], loss=0.0901, dgw=0.0901, reg=0.0000, time=56.34s.
-- 300/592 [50.7%], loss=0.0939, dgw=0.0939, reg=0.0000, time=50.06s.
-- 325/592 [54.9%], loss=0.0890, dgw=0.0890, reg=0.0000, time=39.07s.
-- 350/592 [59.1%], loss=0.0957, dgw=0.0957, reg=0.0000, time=38.84s.
-- 375/592 [63.3%], loss=0.0873, dgw=0.0873, reg=0.0000, time=51.46s.
-- 400/592 [67.6%], loss=0.0893, dgw=0.0893, reg=0.0000, time=48.51s.
-- 425/592 [71.8%], loss=0.1024, dgw=0.1024, reg=0.0000, time=54.03s.
-- 450/592 [76.0%], loss=0.0965, dgw=0.0965, reg=0.0000, time=44.08s.
-- 475/592 [80.2%], loss=0.0811, dgw=0.0811, reg=0.0000, time=55.62s.
-- 500/592 [84.5%], loss=0.0873, dgw=0.0873, reg=0.0000, time=49.75s.
-- 525/592 [88.7%], loss=0.0835, dgw=0.0835, reg=0.0000, time=47.17s.
-- 550/592 [92.9%], loss=0.0809, dgw=0.0809, reg=0.0000, time=56.38s.
-- 575/592 [97.1%], loss=0.0937, dgw=0.0937, reg=0.0000, time=54.75s.
-- 592/592 [100.0%], loss=0.0848, dgw=0.0848, reg=0.0000, time=24.37s.
fit: Epoch 7/15, loss = 0.0923, best loss = 0.0923
results/ENZYMES_Our_Iter_usl_tsne_fit_7.pdf
-- 25/592 [4.2%], loss=0.0826, dgw=0.0826, reg=0.0000, time=51.14s.
-- 50/592 [8.4%], loss=0.0766, dgw=0.0766, reg=0.0000, time=56.47s.
-- 75/592 [12.7%], loss=0.0825, dgw=0.0825, reg=0.0000, time=51.85s.
-- 100/592 [16.9%], loss=0.0813, dgw=0.0813, reg=0.0000, time=54.11s.
-- 125/592 [21.1%], loss=0.0834, dgw=0.0834, reg=0.0000, time=45.61s.
-- 150/592 [25.3%], loss=0.0794, dgw=0.0794, reg=0.0000, time=38.75s.
-- 175/592 [29.6%], loss=0.0846, dgw=0.0846, reg=0.0000, time=46.56s.
-- 200/592 [33.8%], loss=0.0809, dgw=0.0809, reg=0.0000, time=41.53s.
-- 225/592 [38.0%], loss=0.0878, dgw=0.0878, reg=0.0000, time=56.89s.
-- 250/592 [42.2%], loss=0.0871, dgw=0.0871, reg=0.0000, time=48.71s.
-- 275/592 [46.5%], loss=0.0955, dgw=0.0955, reg=0.0000, time=53.22s.
-- 300/592 [50.7%], loss=0.0907, dgw=0.0907, reg=0.0000, time=55.18s.
-- 325/592 [54.9%], loss=0.0922, dgw=0.0922, reg=0.0000, time=43.10s.
-- 350/592 [59.1%], loss=0.0913, dgw=0.0913, reg=0.0000, time=51.22s.
-- 375/592 [63.3%], loss=0.0880, dgw=0.0880, reg=0.0000, time=40.70s.
-- 400/592 [67.6%], loss=0.0797, dgw=0.0797, reg=0.0000, time=58.39s.
-- 425/592 [71.8%], loss=0.0828, dgw=0.0828, reg=0.0000, time=52.82s.
-- 450/592 [76.0%], loss=0.0804, dgw=0.0804, reg=0.0000, time=47.20s.
-- 475/592 [80.2%], loss=0.0979, dgw=0.0979, reg=0.0000, time=51.99s.
-- 500/592 [84.5%], loss=0.1195, dgw=0.1195, reg=0.0000, time=48.15s.
-- 525/592 [88.7%], loss=0.0870, dgw=0.0870, reg=0.0000, time=37.52s.
-- 550/592 [92.9%], loss=0.0873, dgw=0.0873, reg=0.0000, time=46.05s.
-- 575/592 [97.1%], loss=0.0930, dgw=0.0930, reg=0.0000, time=51.37s.
-- 592/592 [100.0%], loss=0.0910, dgw=0.0910, reg=0.0000, time=32.54s.
fit: Epoch 8/15, loss = 0.0876, best loss = 0.0876
results/ENZYMES_Our_Iter_usl_tsne_fit_8.pdf
-- 25/592 [4.2%], loss=0.0876, dgw=0.0876, reg=0.0000, time=30.17s.
-- 50/592 [8.4%], loss=0.0937, dgw=0.0937, reg=0.0000, time=46.91s.
-- 75/592 [12.7%], loss=0.1023, dgw=0.1023, reg=0.0000, time=42.99s.
-- 100/592 [16.9%], loss=0.0898, dgw=0.0898, reg=0.0000, time=34.39s.
-- 125/592 [21.1%], loss=0.1052, dgw=0.1052, reg=0.0000, time=42.26s.
-- 150/592 [25.3%], loss=0.0975, dgw=0.0975, reg=0.0000, time=41.66s.
-- 175/592 [29.6%], loss=0.1120, dgw=0.1120, reg=0.0000, time=47.36s.
-- 200/592 [33.8%], loss=0.0832, dgw=0.0832, reg=0.0000, time=35.74s.
-- 225/592 [38.0%], loss=0.1200, dgw=0.1200, reg=0.0000, time=33.03s.
-- 250/592 [42.2%], loss=0.1090, dgw=0.1090, reg=0.0000, time=47.09s.
-- 275/592 [46.5%], loss=0.0969, dgw=0.0969, reg=0.0000, time=46.20s.
-- 300/592 [50.7%], loss=0.0870, dgw=0.0870, reg=0.0000, time=39.29s.
-- 325/592 [54.9%], loss=0.0886, dgw=0.0886, reg=0.0000, time=46.00s.
-- 350/592 [59.1%], loss=0.1116, dgw=0.1116, reg=0.0000, time=32.55s.
-- 375/592 [63.3%], loss=0.1004, dgw=0.1004, reg=0.0000, time=40.77s.
-- 400/592 [67.6%], loss=0.0880, dgw=0.0880, reg=0.0000, time=41.46s.
-- 425/592 [71.8%], loss=0.0997, dgw=0.0997, reg=0.0000, time=45.68s.
-- 450/592 [76.0%], loss=0.1009, dgw=0.1009, reg=0.0000, time=35.77s.
-- 475/592 [80.2%], loss=0.1033, dgw=0.1033, reg=0.0000, time=48.28s.
-- 500/592 [84.5%], loss=0.0836, dgw=0.0836, reg=0.0000, time=39.72s.
-- 525/592 [88.7%], loss=0.1013, dgw=0.1013, reg=0.0000, time=32.08s.
-- 550/592 [92.9%], loss=0.1103, dgw=0.1103, reg=0.0000, time=41.05s.
-- 575/592 [97.1%], loss=0.1081, dgw=0.1081, reg=0.0000, time=50.46s.
-- 592/592 [100.0%], loss=0.1083, dgw=0.1083, reg=0.0000, time=35.93s.
fit: Epoch 9/15, loss = 0.0994, best loss = 0.0876
results/ENZYMES_Our_Iter_usl_tsne_fit_9.pdf
-- 25/592 [4.2%], loss=0.1126, dgw=0.1126, reg=0.0000, time=41.81s.
-- 50/592 [8.4%], loss=0.1189, dgw=0.1189, reg=0.0000, time=48.89s.
-- 75/592 [12.7%], loss=0.1184, dgw=0.1184, reg=0.0000, time=35.60s.
-- 100/592 [16.9%], loss=0.1026, dgw=0.1026, reg=0.0000, time=27.46s.
-- 125/592 [21.1%], loss=0.1092, dgw=0.1092, reg=0.0000, time=36.62s.
-- 150/592 [25.3%], loss=0.1315, dgw=0.1315, reg=0.0000, time=41.52s.
-- 175/592 [29.6%], loss=0.0960, dgw=0.0960, reg=0.0000, time=41.84s.
-- 200/592 [33.8%], loss=0.0956, dgw=0.0956, reg=0.0000, time=44.71s.
-- 225/592 [38.0%], loss=0.0950, dgw=0.0950, reg=0.0000, time=34.05s.
-- 250/592 [42.2%], loss=0.0894, dgw=0.0894, reg=0.0000, time=35.81s.
-- 275/592 [46.5%], loss=0.0947, dgw=0.0947, reg=0.0000, time=37.85s.
-- 300/592 [50.7%], loss=0.1078, dgw=0.1078, reg=0.0000, time=37.49s.
-- 325/592 [54.9%], loss=0.1014, dgw=0.1014, reg=0.0000, time=43.56s.
-- 350/592 [59.1%], loss=0.1185, dgw=0.1185, reg=0.0000, time=43.85s.
-- 375/592 [63.3%], loss=0.0945, dgw=0.0945, reg=0.0000, time=32.99s.
-- 400/592 [67.6%], loss=0.0976, dgw=0.0976, reg=0.0000, time=25.30s.
-- 425/592 [71.8%], loss=0.0806, dgw=0.0806, reg=0.0000, time=32.44s.
-- 450/592 [76.0%], loss=0.1033, dgw=0.1033, reg=0.0000, time=31.78s.
-- 475/592 [80.2%], loss=0.0985, dgw=0.0985, reg=0.0000, time=31.32s.
-- 500/592 [84.5%], loss=0.1012, dgw=0.1012, reg=0.0000, time=36.84s.
-- 525/592 [88.7%], loss=0.0706, dgw=0.0706, reg=0.0000, time=29.32s.
-- 550/592 [92.9%], loss=0.0839, dgw=0.0839, reg=0.0000, time=24.38s.
-- 575/592 [97.1%], loss=0.0768, dgw=0.0768, reg=0.0000, time=29.96s.
-- 592/592 [100.0%], loss=0.0935, dgw=0.0935, reg=0.0000, time=24.72s.
fit: Epoch 10/15, loss = 0.0998, best loss = 0.0876
results/ENZYMES_Our_Iter_usl_tsne_fit_10.pdf
-- 25/592 [4.2%], loss=0.0952, dgw=0.0952, reg=0.0000, time=46.70s.
-- 50/592 [8.4%], loss=0.0871, dgw=0.0871, reg=0.0000, time=52.29s.
-- 75/592 [12.7%], loss=0.0822, dgw=0.0822, reg=0.0000, time=48.51s.
-- 100/592 [16.9%], loss=0.0934, dgw=0.0934, reg=0.0000, time=44.55s.
-- 125/592 [21.1%], loss=0.0802, dgw=0.0802, reg=0.0000, time=41.62s.
-- 150/592 [25.3%], loss=0.0944, dgw=0.0944, reg=0.0000, time=43.77s.
-- 175/592 [29.6%], loss=0.0871, dgw=0.0871, reg=0.0000, time=48.42s.
-- 200/592 [33.8%], loss=0.0805, dgw=0.0805, reg=0.0000, time=51.73s.
-- 225/592 [38.0%], loss=0.0859, dgw=0.0859, reg=0.0000, time=34.57s.
-- 250/592 [42.2%], loss=0.0934, dgw=0.0934, reg=0.0000, time=40.61s.
-- 275/592 [46.5%], loss=0.0695, dgw=0.0695, reg=0.0000, time=36.66s.
-- 300/592 [50.7%], loss=0.0771, dgw=0.0771, reg=0.0000, time=46.68s.
-- 325/592 [54.9%], loss=0.0935, dgw=0.0935, reg=0.0000, time=51.16s.
-- 350/592 [59.1%], loss=0.0818, dgw=0.0818, reg=0.0000, time=40.13s.
-- 375/592 [63.3%], loss=0.1001, dgw=0.1001, reg=0.0000, time=40.74s.
-- 400/592 [67.6%], loss=0.0850, dgw=0.0850, reg=0.0000, time=45.56s.
-- 425/592 [71.8%], loss=0.1129, dgw=0.1129, reg=0.0000, time=40.99s.
-- 450/592 [76.0%], loss=0.1052, dgw=0.1052, reg=0.0000, time=43.79s.
-- 475/592 [80.2%], loss=0.0997, dgw=0.0997, reg=0.0000, time=32.96s.
-- 500/592 [84.5%], loss=0.0722, dgw=0.0722, reg=0.0000, time=35.29s.
-- 525/592 [88.7%], loss=0.0799, dgw=0.0799, reg=0.0000, time=42.59s.
-- 550/592 [92.9%], loss=0.1104, dgw=0.1104, reg=0.0000, time=33.73s.
-- 575/592 [97.1%], loss=0.0729, dgw=0.0729, reg=0.0000, time=41.58s.
-- 592/592 [100.0%], loss=0.1129, dgw=0.1129, reg=0.0000, time=42.03s.
fit: Epoch 11/15, loss = 0.0894, best loss = 0.0876
results/ENZYMES_Our_Iter_usl_tsne_fit_11.pdf
-- 25/592 [4.2%], loss=0.0870, dgw=0.0870, reg=0.0000, time=28.91s.
-- 50/592 [8.4%], loss=0.0879, dgw=0.0879, reg=0.0000, time=42.76s.
-- 75/592 [12.7%], loss=0.1224, dgw=0.1224, reg=0.0000, time=45.31s.
-- 100/592 [16.9%], loss=0.1118, dgw=0.1118, reg=0.0000, time=46.40s.
-- 125/592 [21.1%], loss=0.0860, dgw=0.0860, reg=0.0000, time=41.67s.
-- 150/592 [25.3%], loss=0.0966, dgw=0.0966, reg=0.0000, time=43.17s.
-- 175/592 [29.6%], loss=0.0959, dgw=0.0959, reg=0.0000, time=55.63s.
-- 200/592 [33.8%], loss=0.0968, dgw=0.0968, reg=0.0000, time=45.96s.
-- 225/592 [38.0%], loss=0.0872, dgw=0.0872, reg=0.0000, time=47.00s.
-- 250/592 [42.2%], loss=0.1073, dgw=0.1073, reg=0.0000, time=49.55s.
-- 275/592 [46.5%], loss=0.0898, dgw=0.0898, reg=0.0000, time=47.08s.
-- 300/592 [50.7%], loss=0.1012, dgw=0.1012, reg=0.0000, time=40.26s.
-- 325/592 [54.9%], loss=0.0910, dgw=0.0910, reg=0.0000, time=51.76s.
-- 350/592 [59.1%], loss=0.0738, dgw=0.0738, reg=0.0000, time=31.91s.
-- 375/592 [63.3%], loss=0.0779, dgw=0.0779, reg=0.0000, time=43.29s.
-- 400/592 [67.6%], loss=0.0675, dgw=0.0675, reg=0.0000, time=36.89s.
-- 425/592 [71.8%], loss=0.1089, dgw=0.1089, reg=0.0000, time=37.21s.
-- 450/592 [76.0%], loss=0.0805, dgw=0.0805, reg=0.0000, time=32.67s.
-- 475/592 [80.2%], loss=0.0925, dgw=0.0925, reg=0.0000, time=36.36s.
-- 500/592 [84.5%], loss=0.1254, dgw=0.1254, reg=0.0000, time=25.59s.
-- 525/592 [88.7%], loss=0.0746, dgw=0.0746, reg=0.0000, time=42.83s.
-- 550/592 [92.9%], loss=0.0929, dgw=0.0929, reg=0.0000, time=32.72s.
-- 575/592 [97.1%], loss=0.0779, dgw=0.0779, reg=0.0000, time=48.62s.
-- 592/592 [100.0%], loss=0.0749, dgw=0.0749, reg=0.0000, time=31.22s.
fit: Epoch 12/15, loss = 0.0922, best loss = 0.0876
results/ENZYMES_Our_Iter_usl_tsne_fit_12.pdf
-- 25/592 [4.2%], loss=0.0750, dgw=0.0750, reg=0.0000, time=28.05s.
-- 50/592 [8.4%], loss=0.0663, dgw=0.0663, reg=0.0000, time=37.72s.
-- 75/592 [12.7%], loss=0.0753, dgw=0.0753, reg=0.0000, time=41.12s.
-- 100/592 [16.9%], loss=0.0907, dgw=0.0907, reg=0.0000, time=49.63s.
-- 125/592 [21.1%], loss=0.0809, dgw=0.0809, reg=0.0000, time=42.13s.
-- 150/592 [25.3%], loss=0.0957, dgw=0.0957, reg=0.0000, time=45.33s.
-- 175/592 [29.6%], loss=0.0924, dgw=0.0924, reg=0.0000, time=42.74s.
-- 200/592 [33.8%], loss=0.1035, dgw=0.1035, reg=0.0000, time=39.62s.
-- 225/592 [38.0%], loss=0.1191, dgw=0.1191, reg=0.0000, time=35.61s.
-- 250/592 [42.2%], loss=0.0763, dgw=0.0763, reg=0.0000, time=39.06s.
-- 275/592 [46.5%], loss=0.0859, dgw=0.0859, reg=0.0000, time=35.30s.
-- 300/592 [50.7%], loss=0.0960, dgw=0.0960, reg=0.0000, time=39.23s.
-- 325/592 [54.9%], loss=0.0785, dgw=0.0785, reg=0.0000, time=37.55s.
-- 350/592 [59.1%], loss=0.0999, dgw=0.0999, reg=0.0000, time=29.14s.
-- 375/592 [63.3%], loss=0.1059, dgw=0.1059, reg=0.0000, time=40.12s.
-- 400/592 [67.6%], loss=0.0847, dgw=0.0847, reg=0.0000, time=29.82s.
-- 425/592 [71.8%], loss=0.0872, dgw=0.0872, reg=0.0000, time=46.75s.
-- 450/592 [76.0%], loss=0.1047, dgw=0.1047, reg=0.0000, time=46.02s.
-- 475/592 [80.2%], loss=0.1142, dgw=0.1142, reg=0.0000, time=38.02s.
-- 500/592 [84.5%], loss=0.1064, dgw=0.1064, reg=0.0000, time=50.59s.
-- 525/592 [88.7%], loss=0.0926, dgw=0.0926, reg=0.0000, time=43.28s.
-- 550/592 [92.9%], loss=0.0929, dgw=0.0929, reg=0.0000, time=44.60s.
-- 575/592 [97.1%], loss=0.0999, dgw=0.0999, reg=0.0000, time=36.28s.
-- 592/592 [100.0%], loss=0.1235, dgw=0.1235, reg=0.0000, time=27.81s.
fit: Epoch 13/15, loss = 0.0932, best loss = 0.0876
results/ENZYMES_Our_Iter_usl_tsne_fit_13.pdf
-- 25/592 [4.2%], loss=0.1044, dgw=0.1044, reg=0.0000, time=36.28s.
-- 50/592 [8.4%], loss=0.0966, dgw=0.0966, reg=0.0000, time=36.17s.
-- 75/592 [12.7%], loss=0.1122, dgw=0.1122, reg=0.0000, time=39.58s.
-- 100/592 [16.9%], loss=0.0943, dgw=0.0943, reg=0.0000, time=33.31s.
-- 125/592 [21.1%], loss=0.1035, dgw=0.1035, reg=0.0000, time=25.79s.
-- 150/592 [25.3%], loss=0.0898, dgw=0.0898, reg=0.0000, time=26.87s.
-- 175/592 [29.6%], loss=0.1122, dgw=0.1122, reg=0.0000, time=34.68s.
-- 200/592 [33.8%], loss=0.0973, dgw=0.0973, reg=0.0000, time=32.94s.
-- 225/592 [38.0%], loss=0.0991, dgw=0.0991, reg=0.0000, time=32.87s.
-- 250/592 [42.2%], loss=0.1196, dgw=0.1196, reg=0.0000, time=29.36s.
-- 275/592 [46.5%], loss=0.0991, dgw=0.0991, reg=0.0000, time=35.92s.
-- 300/592 [50.7%], loss=0.0959, dgw=0.0959, reg=0.0000, time=30.62s.
-- 325/592 [54.9%], loss=0.0996, dgw=0.0996, reg=0.0000, time=18.25s.
-- 350/592 [59.1%], loss=0.1006, dgw=0.1006, reg=0.0000, time=37.97s.
-- 375/592 [63.3%], loss=0.0796, dgw=0.0796, reg=0.0000, time=36.28s.
-- 400/592 [67.6%], loss=0.1011, dgw=0.1011, reg=0.0000, time=37.35s.
-- 425/592 [71.8%], loss=0.0990, dgw=0.0990, reg=0.0000, time=28.51s.
-- 450/592 [76.0%], loss=0.0977, dgw=0.0977, reg=0.0000, time=49.50s.
-- 475/592 [80.2%], loss=0.1108, dgw=0.1108, reg=0.0000, time=37.68s.
-- 500/592 [84.5%], loss=0.1018, dgw=0.1018, reg=0.0000, time=44.80s.
-- 525/592 [88.7%], loss=0.1154, dgw=0.1154, reg=0.0000, time=34.67s.
-- 550/592 [92.9%], loss=0.0957, dgw=0.0957, reg=0.0000, time=37.00s.
-- 575/592 [97.1%], loss=0.1033, dgw=0.1033, reg=0.0000, time=35.67s.
-- 592/592 [100.0%], loss=0.1181, dgw=0.1181, reg=0.0000, time=25.34s.
fit: Epoch 14/15, loss = 0.1017, best loss = 0.0876
results/ENZYMES_Our_Iter_usl_tsne_fit_14.pdf
-- 25/592 [4.2%], loss=0.1189, dgw=0.1189, reg=0.0000, time=36.30s.
-- 50/592 [8.4%], loss=0.1232, dgw=0.1232, reg=0.0000, time=30.65s.
-- 75/592 [12.7%], loss=0.1169, dgw=0.1169, reg=0.0000, time=40.57s.
-- 100/592 [16.9%], loss=0.1337, dgw=0.1337, reg=0.0000, time=37.19s.
-- 125/592 [21.1%], loss=0.1834, dgw=0.1834, reg=0.0000, time=37.42s.
-- 150/592 [25.3%], loss=0.1333, dgw=0.1333, reg=0.0000, time=38.75s.
-- 175/592 [29.6%], loss=0.1419, dgw=0.1419, reg=0.0000, time=38.06s.
-- 200/592 [33.8%], loss=0.1884, dgw=0.1884, reg=0.0000, time=33.17s.
-- 225/592 [38.0%], loss=0.1225, dgw=0.1225, reg=0.0000, time=37.85s.
-- 250/592 [42.2%], loss=0.1948, dgw=0.1948, reg=0.0000, time=37.55s.
-- 275/592 [46.5%], loss=0.1930, dgw=0.1930, reg=0.0000, time=37.26s.
-- 300/592 [50.7%], loss=0.2029, dgw=0.2029, reg=0.0000, time=49.65s.
-- 325/592 [54.9%], loss=0.2302, dgw=0.2302, reg=0.0000, time=44.20s.
-- 350/592 [59.1%], loss=0.2431, dgw=0.2431, reg=0.0000, time=40.93s.
-- 375/592 [63.3%], loss=0.2131, dgw=0.2131, reg=0.0000, time=44.33s.
-- 400/592 [67.6%], loss=0.2598, dgw=0.2598, reg=0.0000, time=43.04s.
-- 425/592 [71.8%], loss=0.2076, dgw=0.2076, reg=0.0000, time=30.90s.
-- 450/592 [76.0%], loss=0.2314, dgw=0.2314, reg=0.0000, time=35.32s.
-- 475/592 [80.2%], loss=0.2773, dgw=0.2773, reg=0.0000, time=34.15s.
-- 500/592 [84.5%], loss=0.2319, dgw=0.2319, reg=0.0000, time=38.54s.
-- 525/592 [88.7%], loss=0.2404, dgw=0.2404, reg=0.0000, time=29.54s.
-- 550/592 [92.9%], loss=0.2285, dgw=0.2285, reg=0.0000, time=31.59s.
-- 575/592 [97.1%], loss=0.2217, dgw=0.2217, reg=0.0000, time=32.35s.
-- 592/592 [100.0%], loss=0.1787, dgw=0.1787, reg=0.0000, time=20.28s.
fit: Epoch 15/15, loss = 0.1925, best loss = 0.0876
results/ENZYMES_Our_Iter_usl_tsne_fit_15.pdf
Rand Score: 0.7220583527690126
Done!
