MORE THAN 2 CLASSES!
-- 25/592 [4.2%], loss=0.2308, dgw=0.2308, reg=0.0000, time=55.94s.
-- 50/592 [8.4%], loss=0.2312, dgw=0.2312, reg=0.0000, time=57.69s.
-- 75/592 [12.7%], loss=0.2316, dgw=0.2316, reg=0.0000, time=66.14s.
-- 100/592 [16.9%], loss=0.2432, dgw=0.2432, reg=0.0000, time=73.85s.
-- 125/592 [21.1%], loss=0.2308, dgw=0.2308, reg=0.0000, time=81.10s.
-- 150/592 [25.3%], loss=0.2192, dgw=0.2192, reg=0.0000, time=55.94s.
-- 175/592 [29.6%], loss=0.2266, dgw=0.2266, reg=0.0000, time=75.80s.
-- 200/592 [33.8%], loss=0.2243, dgw=0.2243, reg=0.0000, time=83.04s.
-- 225/592 [38.0%], loss=0.2204, dgw=0.2204, reg=0.0000, time=57.33s.
-- 250/592 [42.2%], loss=0.2202, dgw=0.2202, reg=0.0000, time=79.15s.
-- 275/592 [46.5%], loss=0.2106, dgw=0.2106, reg=0.0000, time=51.10s.
-- 300/592 [50.7%], loss=0.2111, dgw=0.2111, reg=0.0000, time=64.01s.
-- 325/592 [54.9%], loss=0.1972, dgw=0.1972, reg=0.0000, time=52.81s.
-- 350/592 [59.1%], loss=0.2042, dgw=0.2042, reg=0.0000, time=62.01s.
-- 375/592 [63.3%], loss=0.2113, dgw=0.2113, reg=0.0000, time=50.20s.
-- 400/592 [67.6%], loss=0.2120, dgw=0.2120, reg=0.0000, time=80.17s.
-- 425/592 [71.8%], loss=0.2059, dgw=0.2059, reg=0.0000, time=53.39s.
-- 450/592 [76.0%], loss=0.1991, dgw=0.1991, reg=0.0000, time=74.29s.
-- 475/592 [80.2%], loss=0.1949, dgw=0.1949, reg=0.0000, time=42.25s.
-- 500/592 [84.5%], loss=0.1970, dgw=0.1970, reg=0.0000, time=58.17s.
-- 525/592 [88.7%], loss=0.2011, dgw=0.2011, reg=0.0000, time=57.54s.
-- 550/592 [92.9%], loss=0.1930, dgw=0.1930, reg=0.0000, time=62.52s.
-- 575/592 [97.1%], loss=0.1946, dgw=0.1946, reg=0.0000, time=67.19s.
-- 592/592 [100.0%], loss=0.1964, dgw=0.1964, reg=0.0000, time=45.76s.
fit: Epoch 1/15, loss = 0.2130, best loss = 0.2130
results/ENZYMES_Our_Iter_usl_tsne_fit_1.pdf
-- 25/592 [4.2%], loss=0.1935, dgw=0.1935, reg=0.0000, time=56.50s.
-- 50/592 [8.4%], loss=0.1878, dgw=0.1878, reg=0.0000, time=62.14s.
-- 75/592 [12.7%], loss=0.1908, dgw=0.1908, reg=0.0000, time=77.15s.
-- 100/592 [16.9%], loss=0.1927, dgw=0.1927, reg=0.0000, time=67.99s.
-- 125/592 [21.1%], loss=0.1817, dgw=0.1817, reg=0.0000, time=67.34s.
-- 150/592 [25.3%], loss=0.1854, dgw=0.1854, reg=0.0000, time=55.73s.
-- 175/592 [29.6%], loss=0.1829, dgw=0.1829, reg=0.0000, time=60.76s.
-- 200/592 [33.8%], loss=0.1803, dgw=0.1803, reg=0.0000, time=65.61s.
-- 225/592 [38.0%], loss=0.1810, dgw=0.1810, reg=0.0000, time=58.75s.
-- 250/592 [42.2%], loss=0.1776, dgw=0.1776, reg=0.0000, time=60.85s.
-- 275/592 [46.5%], loss=0.1788, dgw=0.1788, reg=0.0000, time=60.64s.
-- 300/592 [50.7%], loss=0.1793, dgw=0.1793, reg=0.0000, time=68.59s.
-- 325/592 [54.9%], loss=0.1754, dgw=0.1754, reg=0.0000, time=70.33s.
-- 350/592 [59.1%], loss=0.1751, dgw=0.1751, reg=0.0000, time=82.96s.
-- 375/592 [63.3%], loss=0.1690, dgw=0.1690, reg=0.0000, time=90.15s.
-- 400/592 [67.6%], loss=0.1702, dgw=0.1702, reg=0.0000, time=80.37s.
-- 425/592 [71.8%], loss=0.1754, dgw=0.1754, reg=0.0000, time=60.27s.
-- 450/592 [76.0%], loss=0.1663, dgw=0.1663, reg=0.0000, time=57.14s.
-- 475/592 [80.2%], loss=0.1706, dgw=0.1706, reg=0.0000, time=68.98s.
-- 500/592 [84.5%], loss=0.1644, dgw=0.1644, reg=0.0000, time=92.95s.
-- 525/592 [88.7%], loss=0.1647, dgw=0.1647, reg=0.0000, time=62.03s.
-- 550/592 [92.9%], loss=0.1652, dgw=0.1652, reg=0.0000, time=89.37s.
-- 575/592 [97.1%], loss=0.1583, dgw=0.1583, reg=0.0000, time=81.14s.
-- 592/592 [100.0%], loss=0.1605, dgw=0.1605, reg=0.0000, time=57.77s.
fit: Epoch 2/15, loss = 0.1763, best loss = 0.1763
results/ENZYMES_Our_Iter_usl_tsne_fit_2.pdf
-- 25/592 [4.2%], loss=0.1581, dgw=0.1581, reg=0.0000, time=73.27s.
-- 50/592 [8.4%], loss=0.1646, dgw=0.1646, reg=0.0000, time=61.42s.
-- 75/592 [12.7%], loss=0.1525, dgw=0.1525, reg=0.0000, time=78.44s.
-- 100/592 [16.9%], loss=0.1542, dgw=0.1542, reg=0.0000, time=66.21s.
-- 125/592 [21.1%], loss=0.1451, dgw=0.1451, reg=0.0000, time=83.84s.
-- 150/592 [25.3%], loss=0.1530, dgw=0.1530, reg=0.0000, time=69.46s.
-- 175/592 [29.6%], loss=0.1540, dgw=0.1540, reg=0.0000, time=80.14s.
-- 200/592 [33.8%], loss=0.1521, dgw=0.1521, reg=0.0000, time=45.59s.
-- 225/592 [38.0%], loss=0.1502, dgw=0.1502, reg=0.0000, time=67.26s.
-- 250/592 [42.2%], loss=0.1511, dgw=0.1511, reg=0.0000, time=61.09s.
-- 275/592 [46.5%], loss=0.1490, dgw=0.1490, reg=0.0000, time=69.02s.
-- 300/592 [50.7%], loss=0.1510, dgw=0.1510, reg=0.0000, time=78.23s.
-- 325/592 [54.9%], loss=0.1444, dgw=0.1444, reg=0.0000, time=68.65s.
-- 350/592 [59.1%], loss=0.1479, dgw=0.1479, reg=0.0000, time=84.58s.
-- 375/592 [63.3%], loss=0.1422, dgw=0.1422, reg=0.0000, time=58.43s.
-- 400/592 [67.6%], loss=0.1389, dgw=0.1389, reg=0.0000, time=60.52s.
-- 425/592 [71.8%], loss=0.1395, dgw=0.1395, reg=0.0000, time=82.96s.
-- 450/592 [76.0%], loss=0.1385, dgw=0.1385, reg=0.0000, time=60.03s.
-- 475/592 [80.2%], loss=0.1407, dgw=0.1407, reg=0.0000, time=80.07s.
-- 500/592 [84.5%], loss=0.1387, dgw=0.1387, reg=0.0000, time=95.13s.
-- 525/592 [88.7%], loss=0.1502, dgw=0.1502, reg=0.0000, time=83.86s.
-- 550/592 [92.9%], loss=0.1437, dgw=0.1437, reg=0.0000, time=55.90s.
-- 575/592 [97.1%], loss=0.1343, dgw=0.1343, reg=0.0000, time=76.05s.
-- 592/592 [100.0%], loss=0.1406, dgw=0.1406, reg=0.0000, time=43.81s.
fit: Epoch 3/15, loss = 0.1473, best loss = 0.1473
results/ENZYMES_Our_Iter_usl_tsne_fit_3.pdf
-- 25/592 [4.2%], loss=0.1362, dgw=0.1362, reg=0.0000, time=70.73s.
-- 50/592 [8.4%], loss=0.1322, dgw=0.1322, reg=0.0000, time=64.67s.
-- 75/592 [12.7%], loss=0.1321, dgw=0.1321, reg=0.0000, time=71.15s.
-- 100/592 [16.9%], loss=0.1309, dgw=0.1309, reg=0.0000, time=53.52s.
-- 125/592 [21.1%], loss=0.1381, dgw=0.1381, reg=0.0000, time=93.08s.
-- 150/592 [25.3%], loss=0.1277, dgw=0.1277, reg=0.0000, time=65.65s.
-- 175/592 [29.6%], loss=0.1303, dgw=0.1303, reg=0.0000, time=63.37s.
-- 200/592 [33.8%], loss=0.1268, dgw=0.1268, reg=0.0000, time=75.42s.
-- 225/592 [38.0%], loss=0.1284, dgw=0.1284, reg=0.0000, time=52.52s.
-- 250/592 [42.2%], loss=0.1373, dgw=0.1373, reg=0.0000, time=83.69s.
-- 275/592 [46.5%], loss=0.1217, dgw=0.1217, reg=0.0000, time=66.70s.
-- 300/592 [50.7%], loss=0.1311, dgw=0.1311, reg=0.0000, time=65.72s.
-- 325/592 [54.9%], loss=0.1222, dgw=0.1222, reg=0.0000, time=60.07s.
-- 350/592 [59.1%], loss=0.1199, dgw=0.1199, reg=0.0000, time=46.09s.
-- 375/592 [63.3%], loss=0.1215, dgw=0.1215, reg=0.0000, time=52.80s.
-- 400/592 [67.6%], loss=0.1285, dgw=0.1285, reg=0.0000, time=47.09s.
-- 425/592 [71.8%], loss=0.1241, dgw=0.1241, reg=0.0000, time=86.27s.
-- 450/592 [76.0%], loss=0.1260, dgw=0.1260, reg=0.0000, time=41.57s.
-- 475/592 [80.2%], loss=0.1176, dgw=0.1176, reg=0.0000, time=54.89s.
-- 500/592 [84.5%], loss=0.1181, dgw=0.1181, reg=0.0000, time=68.86s.
-- 525/592 [88.7%], loss=0.1194, dgw=0.1194, reg=0.0000, time=71.80s.
-- 550/592 [92.9%], loss=0.1243, dgw=0.1243, reg=0.0000, time=85.31s.
-- 575/592 [97.1%], loss=0.1097, dgw=0.1097, reg=0.0000, time=57.01s.
-- 592/592 [100.0%], loss=0.1195, dgw=0.1195, reg=0.0000, time=52.83s.
fit: Epoch 4/15, loss = 0.1261, best loss = 0.1261
results/ENZYMES_Our_Iter_usl_tsne_fit_4.pdf
-- 25/592 [4.2%], loss=0.1192, dgw=0.1192, reg=0.0000, time=58.89s.
-- 50/592 [8.4%], loss=0.1348, dgw=0.1348, reg=0.0000, time=59.64s.
-- 75/592 [12.7%], loss=0.1426, dgw=0.1426, reg=0.0000, time=78.41s.
-- 100/592 [16.9%], loss=0.1577, dgw=0.1577, reg=0.0000, time=56.92s.
-- 125/592 [21.1%], loss=0.1483, dgw=0.1483, reg=0.0000, time=53.60s.
-- 150/592 [25.3%], loss=0.1685, dgw=0.1685, reg=0.0000, time=55.56s.
-- 175/592 [29.6%], loss=0.1444, dgw=0.1444, reg=0.0000, time=57.02s.
-- 200/592 [33.8%], loss=0.1645, dgw=0.1645, reg=0.0000, time=49.22s.
-- 225/592 [38.0%], loss=0.1586, dgw=0.1586, reg=0.0000, time=57.64s.
-- 250/592 [42.2%], loss=0.1728, dgw=0.1728, reg=0.0000, time=45.87s.
-- 275/592 [46.5%], loss=0.1868, dgw=0.1868, reg=0.0000, time=62.63s.
-- 300/592 [50.7%], loss=0.1793, dgw=0.1793, reg=0.0000, time=66.74s.
-- 325/592 [54.9%], loss=0.2324, dgw=0.2324, reg=0.0000, time=71.97s.
-- 350/592 [59.1%], loss=0.2886, dgw=0.2886, reg=0.0000, time=62.52s.
-- 375/592 [63.3%], loss=0.2970, dgw=0.2970, reg=0.0000, time=61.98s.
-- 400/592 [67.6%], loss=0.3187, dgw=0.3187, reg=0.0000, time=76.62s.
-- 425/592 [71.8%], loss=0.3111, dgw=0.3111, reg=0.0000, time=44.38s.
-- 450/592 [76.0%], loss=0.3569, dgw=0.3569, reg=0.0000, time=63.75s.
-- 475/592 [80.2%], loss=0.3079, dgw=0.3079, reg=0.0000, time=49.20s.
-- 500/592 [84.5%], loss=0.3159, dgw=0.3159, reg=0.0000, time=59.11s.
-- 525/592 [88.7%], loss=0.3794, dgw=0.3794, reg=0.0000, time=65.87s.
-- 550/592 [92.9%], loss=0.3790, dgw=0.3790, reg=0.0000, time=54.71s.
-- 575/592 [97.1%], loss=0.4304, dgw=0.4304, reg=0.0000, time=57.33s.
-- 592/592 [100.0%], loss=0.4736, dgw=0.4736, reg=0.0000, time=40.90s.
fit: Epoch 5/15, loss = 0.2456, best loss = 0.1261
results/ENZYMES_Our_Iter_usl_tsne_fit_5.pdf
-- 25/592 [4.2%], loss=0.4557, dgw=0.4557, reg=0.0000, time=54.08s.
-- 50/592 [8.4%], loss=0.4649, dgw=0.4649, reg=0.0000, time=66.67s.
-- 75/592 [12.7%], loss=0.5023, dgw=0.5023, reg=0.0000, time=83.44s.
-- 100/592 [16.9%], loss=0.5054, dgw=0.5054, reg=0.0000, time=38.38s.
-- 125/592 [21.1%], loss=0.5671, dgw=0.5671, reg=0.0000, time=30.44s.
-- 150/592 [25.3%], loss=0.5426, dgw=0.5426, reg=0.0000, time=43.21s.
-- 175/592 [29.6%], loss=0.5507, dgw=0.5507, reg=0.0000, time=61.21s.
-- 200/592 [33.8%], loss=0.5648, dgw=0.5648, reg=0.0000, time=72.03s.
-- 225/592 [38.0%], loss=0.5893, dgw=0.5893, reg=0.0000, time=60.23s.
-- 250/592 [42.2%], loss=0.5777, dgw=0.5777, reg=0.0000, time=58.05s.
-- 275/592 [46.5%], loss=0.5411, dgw=0.5411, reg=0.0000, time=47.81s.
-- 300/592 [50.7%], loss=0.5729, dgw=0.5729, reg=0.0000, time=70.48s.
-- 325/592 [54.9%], loss=0.6072, dgw=0.6072, reg=0.0000, time=65.02s.
-- 350/592 [59.1%], loss=0.5991, dgw=0.5991, reg=0.0000, time=60.23s.
-- 375/592 [63.3%], loss=0.5863, dgw=0.5863, reg=0.0000, time=56.17s.
-- 400/592 [67.6%], loss=0.5880, dgw=0.5880, reg=0.0000, time=52.49s.
-- 425/592 [71.8%], loss=0.5810, dgw=0.5810, reg=0.0000, time=49.01s.
-- 450/592 [76.0%], loss=0.5981, dgw=0.5981, reg=0.0000, time=67.70s.
-- 475/592 [80.2%], loss=0.5890, dgw=0.5890, reg=0.0000, time=51.57s.
-- 500/592 [84.5%], loss=0.5783, dgw=0.5783, reg=0.0000, time=70.55s.
-- 525/592 [88.7%], loss=0.5919, dgw=0.5919, reg=0.0000, time=61.74s.
-- 550/592 [92.9%], loss=0.6040, dgw=0.6040, reg=0.0000, time=53.34s.
-- 575/592 [97.1%], loss=0.6297, dgw=0.6297, reg=0.0000, time=47.76s.
-- 592/592 [100.0%], loss=0.5406, dgw=0.5406, reg=0.0000, time=31.49s.
fit: Epoch 6/15, loss = 0.5640, best loss = 0.1261
results/ENZYMES_Our_Iter_usl_tsne_fit_6.pdf
-- 25/592 [4.2%], loss=0.6184, dgw=0.6184, reg=0.0000, time=49.21s.
-- 50/592 [8.4%], loss=0.5867, dgw=0.5867, reg=0.0000, time=50.13s.
-- 75/592 [12.7%], loss=0.5790, dgw=0.5790, reg=0.0000, time=49.10s.
-- 100/592 [16.9%], loss=0.6131, dgw=0.6131, reg=0.0000, time=51.92s.
-- 125/592 [21.1%], loss=0.5810, dgw=0.5810, reg=0.0000, time=40.90s.
-- 150/592 [25.3%], loss=0.5611, dgw=0.5611, reg=0.0000, time=39.20s.
-- 175/592 [29.6%], loss=0.5849, dgw=0.5849, reg=0.0000, time=42.72s.
-- 200/592 [33.8%], loss=0.5838, dgw=0.5838, reg=0.0000, time=43.13s.
-- 225/592 [38.0%], loss=0.5866, dgw=0.5866, reg=0.0000, time=53.18s.
-- 250/592 [42.2%], loss=0.6007, dgw=0.6007, reg=0.0000, time=51.92s.
-- 275/592 [46.5%], loss=0.5451, dgw=0.5451, reg=0.0000, time=45.22s.
-- 300/592 [50.7%], loss=0.5452, dgw=0.5452, reg=0.0000, time=48.57s.
-- 325/592 [54.9%], loss=0.5554, dgw=0.5554, reg=0.0000, time=54.39s.
-- 350/592 [59.1%], loss=0.5730, dgw=0.5730, reg=0.0000, time=78.50s.
-- 375/592 [63.3%], loss=0.5497, dgw=0.5497, reg=0.0000, time=64.25s.
-- 400/592 [67.6%], loss=0.5629, dgw=0.5629, reg=0.0000, time=74.77s.
-- 425/592 [71.8%], loss=0.5513, dgw=0.5513, reg=0.0000, time=43.84s.
-- 450/592 [76.0%], loss=0.5710, dgw=0.5710, reg=0.0000, time=55.29s.
-- 475/592 [80.2%], loss=0.5382, dgw=0.5382, reg=0.0000, time=47.69s.
-- 500/592 [84.5%], loss=0.5434, dgw=0.5434, reg=0.0000, time=49.32s.
-- 525/592 [88.7%], loss=0.5931, dgw=0.5931, reg=0.0000, time=51.70s.
-- 550/592 [92.9%], loss=0.6043, dgw=0.6043, reg=0.0000, time=57.82s.
-- 575/592 [97.1%], loss=0.5711, dgw=0.5711, reg=0.0000, time=48.15s.
-- 592/592 [100.0%], loss=0.6016, dgw=0.6016, reg=0.0000, time=31.92s.
fit: Epoch 7/15, loss = 0.5747, best loss = 0.1261
results/ENZYMES_Our_Iter_usl_tsne_fit_7.pdf
-- 25/592 [4.2%], loss=0.5737, dgw=0.5737, reg=0.0000, time=50.11s.
-- 50/592 [8.4%], loss=0.5722, dgw=0.5722, reg=0.0000, time=52.31s.
-- 75/592 [12.7%], loss=0.5923, dgw=0.5923, reg=0.0000, time=52.44s.
-- 100/592 [16.9%], loss=0.6043, dgw=0.6043, reg=0.0000, time=54.96s.
-- 125/592 [21.1%], loss=0.5931, dgw=0.5931, reg=0.0000, time=48.90s.
-- 150/592 [25.3%], loss=0.5863, dgw=0.5863, reg=0.0000, time=43.06s.
-- 175/592 [29.6%], loss=0.5685, dgw=0.5685, reg=0.0000, time=51.48s.
-- 200/592 [33.8%], loss=0.5469, dgw=0.5469, reg=0.0000, time=50.37s.
-- 225/592 [38.0%], loss=0.5807, dgw=0.5807, reg=0.0000, time=56.03s.
-- 250/592 [42.2%], loss=0.5636, dgw=0.5636, reg=0.0000, time=44.56s.
-- 275/592 [46.5%], loss=0.5658, dgw=0.5658, reg=0.0000, time=49.27s.
-- 300/592 [50.7%], loss=0.5676, dgw=0.5676, reg=0.0000, time=35.79s.
-- 325/592 [54.9%], loss=0.5506, dgw=0.5506, reg=0.0000, time=49.98s.
-- 350/592 [59.1%], loss=0.5481, dgw=0.5481, reg=0.0000, time=42.67s.
-- 375/592 [63.3%], loss=0.5570, dgw=0.5570, reg=0.0000, time=51.60s.
-- 400/592 [67.6%], loss=0.5838, dgw=0.5838, reg=0.0000, time=55.58s.
-- 425/592 [71.8%], loss=0.5442, dgw=0.5442, reg=0.0000, time=54.46s.
-- 450/592 [76.0%], loss=0.5786, dgw=0.5786, reg=0.0000, time=41.67s.
-- 475/592 [80.2%], loss=0.5652, dgw=0.5652, reg=0.0000, time=30.18s.
-- 500/592 [84.5%], loss=0.5937, dgw=0.5937, reg=0.0000, time=34.99s.
-- 525/592 [88.7%], loss=0.5520, dgw=0.5520, reg=0.0000, time=31.02s.
-- 550/592 [92.9%], loss=0.5695, dgw=0.5695, reg=0.0000, time=42.69s.
-- 575/592 [97.1%], loss=0.5769, dgw=0.5769, reg=0.0000, time=40.70s.
-- 592/592 [100.0%], loss=0.5416, dgw=0.5416, reg=0.0000, time=32.03s.
fit: Epoch 8/15, loss = 0.5702, best loss = 0.1261
results/ENZYMES_Our_Iter_usl_tsne_fit_8.pdf
-- 25/592 [4.2%], loss=0.5592, dgw=0.5592, reg=0.0000, time=45.96s.
-- 50/592 [8.4%], loss=0.5615, dgw=0.5615, reg=0.0000, time=51.00s.
-- 75/592 [12.7%], loss=0.5685, dgw=0.5685, reg=0.0000, time=41.95s.
-- 100/592 [16.9%], loss=0.5360, dgw=0.5360, reg=0.0000, time=36.46s.
-- 125/592 [21.1%], loss=0.5043, dgw=0.5043, reg=0.0000, time=42.87s.
-- 150/592 [25.3%], loss=0.5139, dgw=0.5139, reg=0.0000, time=38.27s.
-- 175/592 [29.6%], loss=0.4960, dgw=0.4960, reg=0.0000, time=30.81s.
-- 200/592 [33.8%], loss=0.5382, dgw=0.5382, reg=0.0000, time=44.48s.
-- 225/592 [38.0%], loss=0.5035, dgw=0.5035, reg=0.0000, time=32.52s.
-- 250/592 [42.2%], loss=0.5020, dgw=0.5020, reg=0.0000, time=45.96s.
-- 275/592 [46.5%], loss=0.5110, dgw=0.5110, reg=0.0000, time=43.92s.
-- 300/592 [50.7%], loss=0.4887, dgw=0.4887, reg=0.0000, time=37.37s.
-- 325/592 [54.9%], loss=0.4843, dgw=0.4843, reg=0.0000, time=38.96s.
-- 350/592 [59.1%], loss=0.4832, dgw=0.4832, reg=0.0000, time=29.32s.
-- 375/592 [63.3%], loss=0.5374, dgw=0.5374, reg=0.0000, time=49.54s.
-- 400/592 [67.6%], loss=0.4828, dgw=0.4828, reg=0.0000, time=57.42s.
-- 425/592 [71.8%], loss=0.5258, dgw=0.5258, reg=0.0000, time=60.08s.
-- 450/592 [76.0%], loss=0.5051, dgw=0.5051, reg=0.0000, time=52.50s.
-- 475/592 [80.2%], loss=0.4871, dgw=0.4871, reg=0.0000, time=41.41s.
-- 500/592 [84.5%], loss=0.4869, dgw=0.4869, reg=0.0000, time=36.02s.
-- 525/592 [88.7%], loss=0.4822, dgw=0.4822, reg=0.0000, time=35.99s.
-- 550/592 [92.9%], loss=0.4976, dgw=0.4976, reg=0.0000, time=44.97s.
-- 575/592 [97.1%], loss=0.4875, dgw=0.4875, reg=0.0000, time=51.19s.
-- 592/592 [100.0%], loss=0.4940, dgw=0.4940, reg=0.0000, time=26.95s.
fit: Epoch 9/15, loss = 0.5101, best loss = 0.1261
results/ENZYMES_Our_Iter_usl_tsne_fit_9.pdf
-- 25/592 [4.2%], loss=0.4937, dgw=0.4937, reg=0.0000, time=32.06s.
-- 50/592 [8.4%], loss=0.5044, dgw=0.5044, reg=0.0000, time=43.29s.
-- 75/592 [12.7%], loss=0.4514, dgw=0.4514, reg=0.0000, time=51.21s.
-- 100/592 [16.9%], loss=0.4995, dgw=0.4995, reg=0.0000, time=48.40s.
-- 125/592 [21.1%], loss=0.4926, dgw=0.4926, reg=0.0000, time=44.39s.
-- 150/592 [25.3%], loss=0.4887, dgw=0.4887, reg=0.0000, time=37.74s.
-- 175/592 [29.6%], loss=0.4710, dgw=0.4710, reg=0.0000, time=53.61s.
-- 200/592 [33.8%], loss=0.4485, dgw=0.4485, reg=0.0000, time=35.50s.
-- 225/592 [38.0%], loss=0.4439, dgw=0.4439, reg=0.0000, time=41.15s.
-- 250/592 [42.2%], loss=0.4360, dgw=0.4360, reg=0.0000, time=39.97s.
-- 275/592 [46.5%], loss=0.4457, dgw=0.4457, reg=0.0000, time=34.28s.
-- 300/592 [50.7%], loss=0.4311, dgw=0.4311, reg=0.0000, time=41.94s.
-- 325/592 [54.9%], loss=0.4191, dgw=0.4191, reg=0.0000, time=49.45s.
-- 350/592 [59.1%], loss=0.4235, dgw=0.4235, reg=0.0000, time=48.44s.
-- 375/592 [63.3%], loss=0.4024, dgw=0.4024, reg=0.0000, time=46.90s.
-- 400/592 [67.6%], loss=0.4020, dgw=0.4020, reg=0.0000, time=46.17s.
-- 425/592 [71.8%], loss=0.4318, dgw=0.4318, reg=0.0000, time=51.77s.
-- 450/592 [76.0%], loss=0.3892, dgw=0.3892, reg=0.0000, time=58.43s.
-- 475/592 [80.2%], loss=0.3474, dgw=0.3474, reg=0.0000, time=52.95s.
-- 500/592 [84.5%], loss=0.4086, dgw=0.4086, reg=0.0000, time=47.53s.
-- 525/592 [88.7%], loss=0.3584, dgw=0.3584, reg=0.0000, time=46.29s.
-- 550/592 [92.9%], loss=0.3962, dgw=0.3962, reg=0.0000, time=40.86s.
-- 575/592 [97.1%], loss=0.3732, dgw=0.3732, reg=0.0000, time=43.90s.
-- 592/592 [100.0%], loss=0.3900, dgw=0.3900, reg=0.0000, time=30.07s.
fit: Epoch 10/15, loss = 0.4317, best loss = 0.1261
results/ENZYMES_Our_Iter_usl_tsne_fit_10.pdf
-- 25/592 [4.2%], loss=0.3853, dgw=0.3853, reg=0.0000, time=42.63s.
-- 50/592 [8.4%], loss=0.3871, dgw=0.3871, reg=0.0000, time=41.19s.
-- 75/592 [12.7%], loss=0.4097, dgw=0.4097, reg=0.0000, time=42.21s.
-- 100/592 [16.9%], loss=0.3836, dgw=0.3836, reg=0.0000, time=41.19s.
-- 125/592 [21.1%], loss=0.3838, dgw=0.3838, reg=0.0000, time=39.92s.
-- 150/592 [25.3%], loss=0.4367, dgw=0.4367, reg=0.0000, time=39.15s.
-- 175/592 [29.6%], loss=0.3846, dgw=0.3846, reg=0.0000, time=43.64s.
-- 200/592 [33.8%], loss=0.3867, dgw=0.3867, reg=0.0000, time=52.64s.
-- 225/592 [38.0%], loss=0.4168, dgw=0.4168, reg=0.0000, time=43.07s.
-- 250/592 [42.2%], loss=0.4106, dgw=0.4106, reg=0.0000, time=47.74s.
-- 275/592 [46.5%], loss=0.4249, dgw=0.4249, reg=0.0000, time=44.64s.
-- 300/592 [50.7%], loss=0.4205, dgw=0.4205, reg=0.0000, time=41.93s.
-- 325/592 [54.9%], loss=0.4266, dgw=0.4266, reg=0.0000, time=38.98s.
-- 350/592 [59.1%], loss=0.4278, dgw=0.4278, reg=0.0000, time=42.19s.
-- 375/592 [63.3%], loss=0.4241, dgw=0.4241, reg=0.0000, time=54.68s.
-- 400/592 [67.6%], loss=0.4190, dgw=0.4190, reg=0.0000, time=34.04s.
-- 425/592 [71.8%], loss=0.4145, dgw=0.4145, reg=0.0000, time=47.03s.
-- 450/592 [76.0%], loss=0.4032, dgw=0.4032, reg=0.0000, time=49.21s.
-- 475/592 [80.2%], loss=0.3802, dgw=0.3802, reg=0.0000, time=43.78s.
-- 500/592 [84.5%], loss=0.4374, dgw=0.4374, reg=0.0000, time=44.38s.
-- 525/592 [88.7%], loss=0.3996, dgw=0.3996, reg=0.0000, time=54.46s.
-- 550/592 [92.9%], loss=0.3895, dgw=0.3895, reg=0.0000, time=33.86s.
-- 575/592 [97.1%], loss=0.4549, dgw=0.4549, reg=0.0000, time=39.69s.
-- 592/592 [100.0%], loss=0.3999, dgw=0.3999, reg=0.0000, time=23.99s.
fit: Epoch 11/15, loss = 0.4087, best loss = 0.1261
results/ENZYMES_Our_Iter_usl_tsne_fit_11.pdf
-- 25/592 [4.2%], loss=0.4338, dgw=0.4338, reg=0.0000, time=29.74s.
-- 50/592 [8.4%], loss=0.3962, dgw=0.3962, reg=0.0000, time=34.90s.
-- 75/592 [12.7%], loss=0.3980, dgw=0.3980, reg=0.0000, time=34.77s.
-- 100/592 [16.9%], loss=0.4123, dgw=0.4123, reg=0.0000, time=42.14s.
-- 125/592 [21.1%], loss=0.4235, dgw=0.4235, reg=0.0000, time=34.33s.
-- 150/592 [25.3%], loss=0.3912, dgw=0.3912, reg=0.0000, time=41.16s.
-- 175/592 [29.6%], loss=0.4278, dgw=0.4278, reg=0.0000, time=44.09s.
-- 200/592 [33.8%], loss=0.3988, dgw=0.3988, reg=0.0000, time=44.85s.
-- 225/592 [38.0%], loss=0.3989, dgw=0.3989, reg=0.0000, time=43.30s.
-- 250/592 [42.2%], loss=0.4117, dgw=0.4117, reg=0.0000, time=54.11s.
-- 275/592 [46.5%], loss=0.4060, dgw=0.4060, reg=0.0000, time=58.98s.
-- 300/592 [50.7%], loss=0.4061, dgw=0.4061, reg=0.0000, time=44.73s.
-- 325/592 [54.9%], loss=0.4168, dgw=0.4168, reg=0.0000, time=42.46s.
-- 350/592 [59.1%], loss=0.4041, dgw=0.4041, reg=0.0000, time=40.89s.
-- 375/592 [63.3%], loss=0.3964, dgw=0.3964, reg=0.0000, time=30.85s.
-- 400/592 [67.6%], loss=0.4463, dgw=0.4463, reg=0.0000, time=37.33s.
-- 425/592 [71.8%], loss=0.4190, dgw=0.4190, reg=0.0000, time=46.43s.
-- 450/592 [76.0%], loss=0.4143, dgw=0.4143, reg=0.0000, time=40.66s.
-- 475/592 [80.2%], loss=0.4453, dgw=0.4453, reg=0.0000, time=42.42s.
-- 500/592 [84.5%], loss=0.4295, dgw=0.4295, reg=0.0000, time=40.76s.
-- 525/592 [88.7%], loss=0.4331, dgw=0.4331, reg=0.0000, time=41.83s.
-- 550/592 [92.9%], loss=0.4060, dgw=0.4060, reg=0.0000, time=37.85s.
-- 575/592 [97.1%], loss=0.4211, dgw=0.4211, reg=0.0000, time=44.18s.
-- 592/592 [100.0%], loss=0.4450, dgw=0.4450, reg=0.0000, time=23.39s.
fit: Epoch 12/15, loss = 0.4155, best loss = 0.1261
results/ENZYMES_Our_Iter_usl_tsne_fit_12.pdf
-- 25/592 [4.2%], loss=0.4359, dgw=0.4359, reg=0.0000, time=35.72s.
-- 50/592 [8.4%], loss=0.4267, dgw=0.4267, reg=0.0000, time=39.96s.
-- 75/592 [12.7%], loss=0.4075, dgw=0.4075, reg=0.0000, time=40.07s.
-- 100/592 [16.9%], loss=0.4405, dgw=0.4405, reg=0.0000, time=42.49s.
-- 125/592 [21.1%], loss=0.4226, dgw=0.4226, reg=0.0000, time=46.82s.
-- 150/592 [25.3%], loss=0.4458, dgw=0.4458, reg=0.0000, time=48.02s.
-- 175/592 [29.6%], loss=0.4882, dgw=0.4882, reg=0.0000, time=38.47s.
-- 200/592 [33.8%], loss=0.4988, dgw=0.4988, reg=0.0000, time=38.57s.
-- 225/592 [38.0%], loss=0.4677, dgw=0.4677, reg=0.0000, time=40.79s.
-- 250/592 [42.2%], loss=0.4180, dgw=0.4180, reg=0.0000, time=54.50s.
-- 275/592 [46.5%], loss=0.4474, dgw=0.4474, reg=0.0000, time=35.31s.
-- 300/592 [50.7%], loss=0.4366, dgw=0.4366, reg=0.0000, time=33.62s.
-- 325/592 [54.9%], loss=0.4370, dgw=0.4370, reg=0.0000, time=39.59s.
-- 350/592 [59.1%], loss=0.4326, dgw=0.4326, reg=0.0000, time=34.02s.
-- 375/592 [63.3%], loss=0.4662, dgw=0.4662, reg=0.0000, time=23.33s.
-- 400/592 [67.6%], loss=0.4342, dgw=0.4342, reg=0.0000, time=27.30s.
-- 425/592 [71.8%], loss=0.4532, dgw=0.4532, reg=0.0000, time=38.22s.
-- 450/592 [76.0%], loss=0.4652, dgw=0.4652, reg=0.0000, time=30.74s.
-- 475/592 [80.2%], loss=0.4621, dgw=0.4621, reg=0.0000, time=37.05s.
-- 500/592 [84.5%], loss=0.4612, dgw=0.4612, reg=0.0000, time=27.50s.
-- 525/592 [88.7%], loss=0.4559, dgw=0.4559, reg=0.0000, time=33.59s.
-- 550/592 [92.9%], loss=0.4387, dgw=0.4387, reg=0.0000, time=35.53s.
-- 575/592 [97.1%], loss=0.4228, dgw=0.4228, reg=0.0000, time=32.36s.
-- 592/592 [100.0%], loss=0.4826, dgw=0.4826, reg=0.0000, time=22.26s.
fit: Epoch 13/15, loss = 0.4473, best loss = 0.1261
results/ENZYMES_Our_Iter_usl_tsne_fit_13.pdf
-- 25/592 [4.2%], loss=0.4501, dgw=0.4501, reg=0.0000, time=27.68s.
-- 50/592 [8.4%], loss=0.4269, dgw=0.4269, reg=0.0000, time=38.14s.
-- 75/592 [12.7%], loss=0.4722, dgw=0.4722, reg=0.0000, time=45.44s.
-- 100/592 [16.9%], loss=0.4803, dgw=0.4803, reg=0.0000, time=33.36s.
-- 125/592 [21.1%], loss=0.4951, dgw=0.4951, reg=0.0000, time=37.22s.
-- 150/592 [25.3%], loss=0.4646, dgw=0.4646, reg=0.0000, time=39.99s.
-- 175/592 [29.6%], loss=0.4642, dgw=0.4642, reg=0.0000, time=38.88s.
-- 200/592 [33.8%], loss=0.4904, dgw=0.4904, reg=0.0000, time=27.37s.
-- 225/592 [38.0%], loss=0.4941, dgw=0.4941, reg=0.0000, time=44.00s.
-- 250/592 [42.2%], loss=0.5048, dgw=0.5048, reg=0.0000, time=39.20s.
-- 275/592 [46.5%], loss=0.5489, dgw=0.5489, reg=0.0000, time=42.23s.
-- 300/592 [50.7%], loss=0.5544, dgw=0.5544, reg=0.0000, time=40.22s.
-- 325/592 [54.9%], loss=0.5313, dgw=0.5313, reg=0.0000, time=41.31s.
-- 350/592 [59.1%], loss=0.5325, dgw=0.5325, reg=0.0000, time=39.66s.
-- 375/592 [63.3%], loss=0.5948, dgw=0.5948, reg=0.0000, time=38.75s.
-- 400/592 [67.6%], loss=0.5370, dgw=0.5370, reg=0.0000, time=41.02s.
-- 425/592 [71.8%], loss=0.5792, dgw=0.5792, reg=0.0000, time=35.46s.
-- 450/592 [76.0%], loss=0.5490, dgw=0.5490, reg=0.0000, time=32.22s.
-- 475/592 [80.2%], loss=0.5601, dgw=0.5601, reg=0.0000, time=33.41s.
-- 500/592 [84.5%], loss=0.5679, dgw=0.5679, reg=0.0000, time=40.72s.
-- 525/592 [88.7%], loss=0.5787, dgw=0.5787, reg=0.0000, time=46.93s.
-- 550/592 [92.9%], loss=0.5803, dgw=0.5803, reg=0.0000, time=45.85s.
-- 575/592 [97.1%], loss=0.5627, dgw=0.5627, reg=0.0000, time=35.66s.
-- 592/592 [100.0%], loss=0.5687, dgw=0.5687, reg=0.0000, time=27.26s.
fit: Epoch 14/15, loss = 0.5239, best loss = 0.1261
results/ENZYMES_Our_Iter_usl_tsne_fit_14.pdf
-- 25/592 [4.2%], loss=0.5591, dgw=0.5591, reg=0.0000, time=25.11s.
-- 50/592 [8.4%], loss=0.6040, dgw=0.6040, reg=0.0000, time=33.48s.
-- 75/592 [12.7%], loss=0.5521, dgw=0.5521, reg=0.0000, time=33.65s.
-- 100/592 [16.9%], loss=0.5964, dgw=0.5964, reg=0.0000, time=44.16s.
-- 125/592 [21.1%], loss=0.5969, dgw=0.5969, reg=0.0000, time=39.90s.
-- 150/592 [25.3%], loss=0.5710, dgw=0.5710, reg=0.0000, time=33.82s.
-- 175/592 [29.6%], loss=0.6179, dgw=0.6179, reg=0.0000, time=36.28s.
-- 200/592 [33.8%], loss=0.6061, dgw=0.6061, reg=0.0000, time=37.86s.
-- 225/592 [38.0%], loss=0.6027, dgw=0.6027, reg=0.0000, time=44.35s.
-- 250/592 [42.2%], loss=0.5353, dgw=0.5353, reg=0.0000, time=31.38s.
-- 275/592 [46.5%], loss=0.5547, dgw=0.5547, reg=0.0000, time=22.58s.
-- 300/592 [50.7%], loss=0.5245, dgw=0.5245, reg=0.0000, time=34.24s.
-- 325/592 [54.9%], loss=0.5463, dgw=0.5463, reg=0.0000, time=42.29s.
-- 350/592 [59.1%], loss=0.5963, dgw=0.5963, reg=0.0000, time=39.56s.
-- 375/592 [63.3%], loss=0.5376, dgw=0.5376, reg=0.0000, time=38.50s.
-- 400/592 [67.6%], loss=0.5241, dgw=0.5241, reg=0.0000, time=33.95s.
-- 425/592 [71.8%], loss=0.5592, dgw=0.5592, reg=0.0000, time=38.43s.
-- 450/592 [76.0%], loss=0.5599, dgw=0.5599, reg=0.0000, time=39.98s.
-- 475/592 [80.2%], loss=0.5611, dgw=0.5611, reg=0.0000, time=45.55s.
-- 500/592 [84.5%], loss=0.5798, dgw=0.5798, reg=0.0000, time=35.21s.
-- 525/592 [88.7%], loss=0.5481, dgw=0.5481, reg=0.0000, time=38.52s.
-- 550/592 [92.9%], loss=0.5614, dgw=0.5614, reg=0.0000, time=46.89s.
-- 575/592 [97.1%], loss=0.5622, dgw=0.5622, reg=0.0000, time=41.84s.
-- 592/592 [100.0%], loss=0.6005, dgw=0.6005, reg=0.0000, time=25.87s.
fit: Epoch 15/15, loss = 0.5686, best loss = 0.1261
results/ENZYMES_Our_Iter_usl_tsne_fit_15.pdf
Rand Score: 0.7232416426578863
Done!
