-- 25/344 [7.3%], loss=0.2186, dgw=0.2186, reg=0.0000, time=21.41s.
-- 50/344 [14.5%], loss=0.2121, dgw=0.2121, reg=0.0000, time=22.15s.
-- 75/344 [21.8%], loss=0.1860, dgw=0.1860, reg=0.0000, time=15.90s.
-- 100/344 [29.1%], loss=0.1971, dgw=0.1971, reg=0.0000, time=19.19s.
-- 125/344 [36.3%], loss=0.2051, dgw=0.2051, reg=0.0000, time=15.04s.
-- 150/344 [43.6%], loss=0.2024, dgw=0.2024, reg=0.0000, time=19.85s.
-- 175/344 [50.9%], loss=0.1884, dgw=0.1884, reg=0.0000, time=23.96s.
-- 200/344 [58.1%], loss=0.1976, dgw=0.1976, reg=0.0000, time=45.61s.
-- 225/344 [65.4%], loss=0.1845, dgw=0.1845, reg=0.0000, time=61.59s.
-- 250/344 [72.7%], loss=0.1854, dgw=0.1854, reg=0.0000, time=46.12s.
-- 275/344 [79.9%], loss=0.1943, dgw=0.1943, reg=0.0000, time=37.81s.
-- 300/344 [87.2%], loss=0.1930, dgw=0.1930, reg=0.0000, time=47.65s.
-- 325/344 [94.5%], loss=0.1854, dgw=0.1854, reg=0.0000, time=41.53s.
-- 344/344 [100.0%], loss=0.1962, dgw=0.1962, reg=0.0000, time=41.25s.
fit: Epoch 1/15, loss = 0.1962, best loss = 0.1962
results/PTC_MR_Our_Spectral_usl_tsne_fit_1.pdf
-- 25/344 [7.3%], loss=0.1907, dgw=0.1907, reg=0.0000, time=56.93s.
-- 50/344 [14.5%], loss=0.1727, dgw=0.1727, reg=0.0000, time=45.82s.
-- 75/344 [21.8%], loss=0.1908, dgw=0.1908, reg=0.0000, time=41.73s.
-- 100/344 [29.1%], loss=0.1712, dgw=0.1712, reg=0.0000, time=51.40s.
-- 125/344 [36.3%], loss=0.1816, dgw=0.1816, reg=0.0000, time=27.53s.
-- 150/344 [43.6%], loss=0.1665, dgw=0.1665, reg=0.0000, time=53.97s.
-- 175/344 [50.9%], loss=0.1798, dgw=0.1798, reg=0.0000, time=68.76s.
-- 200/344 [58.1%], loss=0.1737, dgw=0.1737, reg=0.0000, time=55.89s.
-- 225/344 [65.4%], loss=0.1713, dgw=0.1713, reg=0.0000, time=49.72s.
-- 250/344 [72.7%], loss=0.1728, dgw=0.1728, reg=0.0000, time=73.71s.
-- 275/344 [79.9%], loss=0.1651, dgw=0.1651, reg=0.0000, time=53.41s.
-- 300/344 [87.2%], loss=0.1656, dgw=0.1656, reg=0.0000, time=50.18s.
-- 325/344 [94.5%], loss=0.1621, dgw=0.1621, reg=0.0000, time=48.27s.
-- 344/344 [100.0%], loss=0.1571, dgw=0.1571, reg=0.0000, time=60.98s.
fit: Epoch 2/15, loss = 0.1732, best loss = 0.1732
results/PTC_MR_Our_Spectral_usl_tsne_fit_2.pdf
-- 25/344 [7.3%], loss=0.1633, dgw=0.1633, reg=0.0000, time=48.35s.
-- 50/344 [14.5%], loss=0.1701, dgw=0.1701, reg=0.0000, time=61.80s.
-- 75/344 [21.8%], loss=0.1669, dgw=0.1669, reg=0.0000, time=42.60s.
-- 100/344 [29.1%], loss=0.1555, dgw=0.1555, reg=0.0000, time=56.63s.
-- 125/344 [36.3%], loss=0.1571, dgw=0.1571, reg=0.0000, time=59.68s.
-- 150/344 [43.6%], loss=0.1625, dgw=0.1625, reg=0.0000, time=60.89s.
-- 175/344 [50.9%], loss=0.1522, dgw=0.1522, reg=0.0000, time=55.51s.
-- 200/344 [58.1%], loss=0.1495, dgw=0.1495, reg=0.0000, time=47.63s.
-- 225/344 [65.4%], loss=0.1515, dgw=0.1515, reg=0.0000, time=48.83s.
-- 250/344 [72.7%], loss=0.1513, dgw=0.1513, reg=0.0000, time=52.72s.
-- 275/344 [79.9%], loss=0.1453, dgw=0.1453, reg=0.0000, time=63.88s.
-- 300/344 [87.2%], loss=0.1401, dgw=0.1401, reg=0.0000, time=59.05s.
-- 325/344 [94.5%], loss=0.1483, dgw=0.1483, reg=0.0000, time=65.44s.
-- 344/344 [100.0%], loss=0.1336, dgw=0.1336, reg=0.0000, time=30.57s.
fit: Epoch 3/15, loss = 0.1537, best loss = 0.1537
results/PTC_MR_Our_Spectral_usl_tsne_fit_3.pdf
-- 25/344 [7.3%], loss=0.1413, dgw=0.1413, reg=0.0000, time=51.95s.
-- 50/344 [14.5%], loss=0.1428, dgw=0.1428, reg=0.0000, time=47.71s.
-- 75/344 [21.8%], loss=0.1338, dgw=0.1338, reg=0.0000, time=50.38s.
-- 100/344 [29.1%], loss=0.1401, dgw=0.1401, reg=0.0000, time=59.52s.
-- 125/344 [36.3%], loss=0.1350, dgw=0.1350, reg=0.0000, time=58.88s.
-- 150/344 [43.6%], loss=0.1462, dgw=0.1462, reg=0.0000, time=56.14s.
-- 175/344 [50.9%], loss=0.1383, dgw=0.1383, reg=0.0000, time=70.88s.
-- 200/344 [58.1%], loss=0.1367, dgw=0.1367, reg=0.0000, time=50.00s.
-- 225/344 [65.4%], loss=0.1387, dgw=0.1387, reg=0.0000, time=38.24s.
-- 250/344 [72.7%], loss=0.1284, dgw=0.1284, reg=0.0000, time=31.04s.
-- 275/344 [79.9%], loss=0.1413, dgw=0.1413, reg=0.0000, time=41.05s.
-- 300/344 [87.2%], loss=0.1384, dgw=0.1384, reg=0.0000, time=34.81s.
-- 325/344 [94.5%], loss=0.1355, dgw=0.1355, reg=0.0000, time=54.02s.
-- 344/344 [100.0%], loss=0.1179, dgw=0.1179, reg=0.0000, time=39.64s.
fit: Epoch 4/15, loss = 0.1371, best loss = 0.1371
results/PTC_MR_Our_Spectral_usl_tsne_fit_4.pdf
-- 25/344 [7.3%], loss=0.1212, dgw=0.1212, reg=0.0000, time=68.43s.
-- 50/344 [14.5%], loss=0.1306, dgw=0.1306, reg=0.0000, time=35.15s.
-- 75/344 [21.8%], loss=0.1409, dgw=0.1409, reg=0.0000, time=44.46s.
-- 100/344 [29.1%], loss=0.1171, dgw=0.1171, reg=0.0000, time=47.81s.
-- 125/344 [36.3%], loss=0.1294, dgw=0.1294, reg=0.0000, time=34.60s.
-- 150/344 [43.6%], loss=0.1236, dgw=0.1236, reg=0.0000, time=50.01s.
-- 175/344 [50.9%], loss=0.1274, dgw=0.1274, reg=0.0000, time=52.73s.
-- 200/344 [58.1%], loss=0.1298, dgw=0.1298, reg=0.0000, time=38.43s.
-- 225/344 [65.4%], loss=0.1169, dgw=0.1169, reg=0.0000, time=40.17s.
-- 250/344 [72.7%], loss=0.1073, dgw=0.1073, reg=0.0000, time=48.86s.
-- 275/344 [79.9%], loss=0.1204, dgw=0.1204, reg=0.0000, time=34.49s.
-- 300/344 [87.2%], loss=0.1116, dgw=0.1116, reg=0.0000, time=39.99s.
-- 325/344 [94.5%], loss=0.1246, dgw=0.1246, reg=0.0000, time=49.26s.
-- 344/344 [100.0%], loss=0.1221, dgw=0.1221, reg=0.0000, time=45.21s.
fit: Epoch 5/15, loss = 0.1231, best loss = 0.1231
results/PTC_MR_Our_Spectral_usl_tsne_fit_5.pdf
-- 25/344 [7.3%], loss=0.1129, dgw=0.1129, reg=0.0000, time=54.27s.
-- 50/344 [14.5%], loss=0.1209, dgw=0.1209, reg=0.0000, time=57.29s.
-- 75/344 [21.8%], loss=0.1082, dgw=0.1082, reg=0.0000, time=57.63s.
-- 100/344 [29.1%], loss=0.1028, dgw=0.1028, reg=0.0000, time=48.28s.
-- 125/344 [36.3%], loss=0.1061, dgw=0.1061, reg=0.0000, time=23.61s.
-- 150/344 [43.6%], loss=0.1127, dgw=0.1127, reg=0.0000, time=38.04s.
-- 175/344 [50.9%], loss=0.1195, dgw=0.1195, reg=0.0000, time=49.90s.
-- 200/344 [58.1%], loss=0.1082, dgw=0.1082, reg=0.0000, time=52.99s.
-- 225/344 [65.4%], loss=0.1158, dgw=0.1158, reg=0.0000, time=58.44s.
-- 250/344 [72.7%], loss=0.1072, dgw=0.1072, reg=0.0000, time=46.03s.
-- 275/344 [79.9%], loss=0.1147, dgw=0.1147, reg=0.0000, time=52.57s.
-- 300/344 [87.2%], loss=0.1146, dgw=0.1146, reg=0.0000, time=57.23s.
-- 325/344 [94.5%], loss=0.1129, dgw=0.1129, reg=0.0000, time=70.92s.
-- 344/344 [100.0%], loss=0.1007, dgw=0.1007, reg=0.0000, time=37.90s.
fit: Epoch 6/15, loss = 0.1114, best loss = 0.1114
results/PTC_MR_Our_Spectral_usl_tsne_fit_6.pdf
-- 25/344 [7.3%], loss=0.1029, dgw=0.1029, reg=0.0000, time=45.15s.
-- 50/344 [14.5%], loss=0.1038, dgw=0.1038, reg=0.0000, time=43.01s.
-- 75/344 [21.8%], loss=0.1141, dgw=0.1141, reg=0.0000, time=48.07s.
-- 100/344 [29.1%], loss=0.1076, dgw=0.1076, reg=0.0000, time=54.49s.
-- 125/344 [36.3%], loss=0.1017, dgw=0.1017, reg=0.0000, time=73.12s.
-- 150/344 [43.6%], loss=0.0966, dgw=0.0966, reg=0.0000, time=59.10s.
-- 175/344 [50.9%], loss=0.1055, dgw=0.1055, reg=0.0000, time=31.90s.
-- 200/344 [58.1%], loss=0.0916, dgw=0.0916, reg=0.0000, time=58.12s.
-- 225/344 [65.4%], loss=0.0904, dgw=0.0904, reg=0.0000, time=40.50s.
-- 250/344 [72.7%], loss=0.0941, dgw=0.0941, reg=0.0000, time=31.28s.
-- 275/344 [79.9%], loss=0.1123, dgw=0.1123, reg=0.0000, time=35.55s.
-- 300/344 [87.2%], loss=0.0958, dgw=0.0958, reg=0.0000, time=45.24s.
-- 325/344 [94.5%], loss=0.1123, dgw=0.1123, reg=0.0000, time=57.02s.
-- 344/344 [100.0%], loss=0.0925, dgw=0.0925, reg=0.0000, time=47.39s.
fit: Epoch 7/15, loss = 0.1017, best loss = 0.1017
results/PTC_MR_Our_Spectral_usl_tsne_fit_7.pdf
-- 25/344 [7.3%], loss=0.0866, dgw=0.0866, reg=0.0000, time=56.07s.
-- 50/344 [14.5%], loss=0.0929, dgw=0.0929, reg=0.0000, time=48.33s.
-- 75/344 [21.8%], loss=0.0991, dgw=0.0991, reg=0.0000, time=51.59s.
-- 100/344 [29.1%], loss=0.1135, dgw=0.1135, reg=0.0000, time=46.94s.
-- 125/344 [36.3%], loss=0.0872, dgw=0.0872, reg=0.0000, time=52.99s.
-- 150/344 [43.6%], loss=0.0888, dgw=0.0888, reg=0.0000, time=57.36s.
-- 175/344 [50.9%], loss=0.0823, dgw=0.0823, reg=0.0000, time=40.37s.
-- 200/344 [58.1%], loss=0.0989, dgw=0.0989, reg=0.0000, time=37.90s.
-- 225/344 [65.4%], loss=0.0915, dgw=0.0915, reg=0.0000, time=52.45s.
-- 250/344 [72.7%], loss=0.0834, dgw=0.0834, reg=0.0000, time=45.03s.
-- 275/344 [79.9%], loss=0.1037, dgw=0.1037, reg=0.0000, time=44.53s.
-- 300/344 [87.2%], loss=0.0987, dgw=0.0987, reg=0.0000, time=31.19s.
-- 325/344 [94.5%], loss=0.0835, dgw=0.0835, reg=0.0000, time=60.08s.
-- 344/344 [100.0%], loss=0.1013, dgw=0.1013, reg=0.0000, time=37.73s.
fit: Epoch 8/15, loss = 0.0936, best loss = 0.0936
results/PTC_MR_Our_Spectral_usl_tsne_fit_8.pdf
-- 25/344 [7.3%], loss=0.0911, dgw=0.0911, reg=0.0000, time=44.75s.
-- 50/344 [14.5%], loss=0.0923, dgw=0.0923, reg=0.0000, time=42.03s.
-- 75/344 [21.8%], loss=0.0957, dgw=0.0957, reg=0.0000, time=53.63s.
-- 100/344 [29.1%], loss=0.0916, dgw=0.0916, reg=0.0000, time=36.09s.
-- 125/344 [36.3%], loss=0.0963, dgw=0.0963, reg=0.0000, time=37.57s.
-- 150/344 [43.6%], loss=0.0837, dgw=0.0837, reg=0.0000, time=49.19s.
-- 175/344 [50.9%], loss=0.0809, dgw=0.0809, reg=0.0000, time=48.77s.
-- 200/344 [58.1%], loss=0.0872, dgw=0.0872, reg=0.0000, time=57.03s.
-- 225/344 [65.4%], loss=0.0786, dgw=0.0786, reg=0.0000, time=61.52s.
-- 250/344 [72.7%], loss=0.0823, dgw=0.0823, reg=0.0000, time=63.78s.
-- 275/344 [79.9%], loss=0.0967, dgw=0.0967, reg=0.0000, time=59.18s.
-- 300/344 [87.2%], loss=0.0836, dgw=0.0836, reg=0.0000, time=36.14s.
-- 325/344 [94.5%], loss=0.0801, dgw=0.0801, reg=0.0000, time=39.92s.
-- 344/344 [100.0%], loss=0.0719, dgw=0.0719, reg=0.0000, time=41.64s.
fit: Epoch 9/15, loss = 0.0868, best loss = 0.0868
results/PTC_MR_Our_Spectral_usl_tsne_fit_9.pdf
-- 25/344 [7.3%], loss=0.0969, dgw=0.0969, reg=0.0000, time=41.70s.
-- 50/344 [14.5%], loss=0.0761, dgw=0.0761, reg=0.0000, time=32.63s.
-- 75/344 [21.8%], loss=0.0848, dgw=0.0848, reg=0.0000, time=37.27s.
-- 100/344 [29.1%], loss=0.0789, dgw=0.0789, reg=0.0000, time=52.24s.
-- 125/344 [36.3%], loss=0.0812, dgw=0.0812, reg=0.0000, time=36.61s.
-- 150/344 [43.6%], loss=0.0839, dgw=0.0839, reg=0.0000, time=33.41s.
-- 175/344 [50.9%], loss=0.0830, dgw=0.0830, reg=0.0000, time=52.81s.
-- 200/344 [58.1%], loss=0.0720, dgw=0.0720, reg=0.0000, time=55.33s.
-- 225/344 [65.4%], loss=0.0792, dgw=0.0792, reg=0.0000, time=40.28s.
-- 250/344 [72.7%], loss=0.0859, dgw=0.0859, reg=0.0000, time=47.97s.
-- 275/344 [79.9%], loss=0.0812, dgw=0.0812, reg=0.0000, time=44.78s.
-- 300/344 [87.2%], loss=0.0755, dgw=0.0755, reg=0.0000, time=40.21s.
-- 325/344 [94.5%], loss=0.0773, dgw=0.0773, reg=0.0000, time=32.29s.
-- 344/344 [100.0%], loss=0.0809, dgw=0.0809, reg=0.0000, time=35.01s.
fit: Epoch 10/15, loss = 0.0812, best loss = 0.0812
results/PTC_MR_Our_Spectral_usl_tsne_fit_10.pdf
-- 25/344 [7.3%], loss=0.0725, dgw=0.0725, reg=0.0000, time=36.43s.
-- 50/344 [14.5%], loss=0.0705, dgw=0.0705, reg=0.0000, time=36.22s.
-- 75/344 [21.8%], loss=0.0783, dgw=0.0783, reg=0.0000, time=38.17s.
-- 100/344 [29.1%], loss=0.1112, dgw=0.1112, reg=0.0000, time=37.81s.
-- 125/344 [36.3%], loss=0.0879, dgw=0.0879, reg=0.0000, time=41.62s.
-- 150/344 [43.6%], loss=0.0759, dgw=0.0759, reg=0.0000, time=41.28s.
-- 175/344 [50.9%], loss=0.0773, dgw=0.0773, reg=0.0000, time=49.32s.
-- 200/344 [58.1%], loss=0.0661, dgw=0.0661, reg=0.0000, time=46.02s.
-- 225/344 [65.4%], loss=0.0715, dgw=0.0715, reg=0.0000, time=41.68s.
-- 250/344 [72.7%], loss=0.0685, dgw=0.0685, reg=0.0000, time=52.38s.
-- 275/344 [79.9%], loss=0.0725, dgw=0.0725, reg=0.0000, time=29.67s.
-- 300/344 [87.2%], loss=0.0657, dgw=0.0657, reg=0.0000, time=46.01s.
-- 325/344 [94.5%], loss=0.0841, dgw=0.0841, reg=0.0000, time=35.66s.
-- 344/344 [100.0%], loss=0.0635, dgw=0.0635, reg=0.0000, time=32.57s.
fit: Epoch 11/15, loss = 0.0763, best loss = 0.0763
results/PTC_MR_Our_Spectral_usl_tsne_fit_11.pdf
-- 25/344 [7.3%], loss=0.0722, dgw=0.0722, reg=0.0000, time=35.09s.
-- 50/344 [14.5%], loss=0.0936, dgw=0.0936, reg=0.0000, time=49.71s.
-- 75/344 [21.8%], loss=0.0741, dgw=0.0741, reg=0.0000, time=42.84s.
-- 100/344 [29.1%], loss=0.0797, dgw=0.0797, reg=0.0000, time=33.92s.
-- 125/344 [36.3%], loss=0.0823, dgw=0.0823, reg=0.0000, time=39.97s.
-- 150/344 [43.6%], loss=0.0563, dgw=0.0563, reg=0.0000, time=37.80s.
-- 175/344 [50.9%], loss=0.0705, dgw=0.0705, reg=0.0000, time=34.93s.
-- 200/344 [58.1%], loss=0.0716, dgw=0.0716, reg=0.0000, time=24.76s.
-- 225/344 [65.4%], loss=0.0815, dgw=0.0815, reg=0.0000, time=39.05s.
-- 250/344 [72.7%], loss=0.0676, dgw=0.0676, reg=0.0000, time=36.51s.
-- 275/344 [79.9%], loss=0.0724, dgw=0.0724, reg=0.0000, time=41.96s.
-- 300/344 [87.2%], loss=0.0589, dgw=0.0589, reg=0.0000, time=37.94s.
-- 325/344 [94.5%], loss=0.0688, dgw=0.0688, reg=0.0000, time=35.69s.
-- 344/344 [100.0%], loss=0.0568, dgw=0.0568, reg=0.0000, time=15.84s.
fit: Epoch 12/15, loss = 0.0721, best loss = 0.0721
results/PTC_MR_Our_Spectral_usl_tsne_fit_12.pdf
-- 25/344 [7.3%], loss=0.0671, dgw=0.0671, reg=0.0000, time=32.95s.
-- 50/344 [14.5%], loss=0.0615, dgw=0.0615, reg=0.0000, time=39.11s.
-- 75/344 [21.8%], loss=0.0691, dgw=0.0691, reg=0.0000, time=43.24s.
-- 100/344 [29.1%], loss=0.0787, dgw=0.0787, reg=0.0000, time=39.42s.
-- 125/344 [36.3%], loss=0.0581, dgw=0.0581, reg=0.0000, time=30.11s.
-- 150/344 [43.6%], loss=0.0784, dgw=0.0784, reg=0.0000, time=37.33s.
-- 175/344 [50.9%], loss=0.0582, dgw=0.0582, reg=0.0000, time=30.22s.
-- 200/344 [58.1%], loss=0.0684, dgw=0.0684, reg=0.0000, time=34.51s.
-- 225/344 [65.4%], loss=0.0741, dgw=0.0741, reg=0.0000, time=41.66s.
-- 250/344 [72.7%], loss=0.0739, dgw=0.0739, reg=0.0000, time=29.87s.
-- 275/344 [79.9%], loss=0.0622, dgw=0.0622, reg=0.0000, time=38.64s.
-- 300/344 [87.2%], loss=0.0793, dgw=0.0793, reg=0.0000, time=38.91s.
-- 325/344 [94.5%], loss=0.0710, dgw=0.0710, reg=0.0000, time=35.47s.
-- 344/344 [100.0%], loss=0.0571, dgw=0.0571, reg=0.0000, time=27.70s.
fit: Epoch 13/15, loss = 0.0686, best loss = 0.0686
results/PTC_MR_Our_Spectral_usl_tsne_fit_13.pdf
-- 25/344 [7.3%], loss=0.0625, dgw=0.0625, reg=0.0000, time=37.96s.
-- 50/344 [14.5%], loss=0.0748, dgw=0.0748, reg=0.0000, time=28.60s.
-- 75/344 [21.8%], loss=0.0819, dgw=0.0819, reg=0.0000, time=44.70s.
-- 100/344 [29.1%], loss=0.0611, dgw=0.0611, reg=0.0000, time=39.86s.
-- 125/344 [36.3%], loss=0.0568, dgw=0.0568, reg=0.0000, time=32.29s.
-- 150/344 [43.6%], loss=0.0617, dgw=0.0617, reg=0.0000, time=36.15s.
-- 175/344 [50.9%], loss=0.0600, dgw=0.0600, reg=0.0000, time=33.64s.
-- 200/344 [58.1%], loss=0.0687, dgw=0.0687, reg=0.0000, time=32.46s.
-- 225/344 [65.4%], loss=0.0569, dgw=0.0569, reg=0.0000, time=38.46s.
-- 250/344 [72.7%], loss=0.0539, dgw=0.0539, reg=0.0000, time=43.69s.
-- 275/344 [79.9%], loss=0.0765, dgw=0.0765, reg=0.0000, time=34.90s.
-- 300/344 [87.2%], loss=0.0521, dgw=0.0521, reg=0.0000, time=40.48s.
-- 325/344 [94.5%], loss=0.0681, dgw=0.0681, reg=0.0000, time=43.66s.
-- 344/344 [100.0%], loss=0.0837, dgw=0.0837, reg=0.0000, time=25.47s.
fit: Epoch 14/15, loss = 0.0653, best loss = 0.0653
results/PTC_MR_Our_Spectral_usl_tsne_fit_14.pdf
-- 25/344 [7.3%], loss=0.0577, dgw=0.0577, reg=0.0000, time=38.07s.
-- 50/344 [14.5%], loss=0.0563, dgw=0.0563, reg=0.0000, time=41.01s.
-- 75/344 [21.8%], loss=0.0487, dgw=0.0487, reg=0.0000, time=29.63s.
-- 100/344 [29.1%], loss=0.0591, dgw=0.0591, reg=0.0000, time=37.93s.
-- 125/344 [36.3%], loss=0.0565, dgw=0.0565, reg=0.0000, time=53.13s.
-- 150/344 [43.6%], loss=0.0605, dgw=0.0605, reg=0.0000, time=37.56s.
-- 175/344 [50.9%], loss=0.0733, dgw=0.0733, reg=0.0000, time=46.47s.
-- 200/344 [58.1%], loss=0.0691, dgw=0.0691, reg=0.0000, time=38.73s.
-- 225/344 [65.4%], loss=0.0575, dgw=0.0575, reg=0.0000, time=42.49s.
-- 250/344 [72.7%], loss=0.0871, dgw=0.0871, reg=0.0000, time=49.13s.
-- 275/344 [79.9%], loss=0.0672, dgw=0.0672, reg=0.0000, time=42.26s.
-- 300/344 [87.2%], loss=0.0591, dgw=0.0591, reg=0.0000, time=27.47s.
-- 325/344 [94.5%], loss=0.0675, dgw=0.0675, reg=0.0000, time=28.12s.
-- 344/344 [100.0%], loss=0.0519, dgw=0.0519, reg=0.0000, time=27.53s.
fit: Epoch 15/15, loss = 0.0624, best loss = 0.0624
results/PTC_MR_Our_Spectral_usl_tsne_fit_15.pdf
Best Acc  : 0.5843023255813953
Rand Score: 0.5127974777951048
Done!
