-- 25/344 [7.3%], loss=0.2025, dgw=0.2025, reg=0.0000, time=36.93s.
-- 50/344 [14.5%], loss=0.2020, dgw=0.2020, reg=0.0000, time=41.66s.
-- 75/344 [21.8%], loss=0.2013, dgw=0.2013, reg=0.0000, time=49.71s.
-- 100/344 [29.1%], loss=0.1902, dgw=0.1902, reg=0.0000, time=40.61s.
-- 125/344 [36.3%], loss=0.2022, dgw=0.2022, reg=0.0000, time=42.61s.
-- 150/344 [43.6%], loss=0.1959, dgw=0.1959, reg=0.0000, time=46.85s.
-- 175/344 [50.9%], loss=0.1907, dgw=0.1907, reg=0.0000, time=54.42s.
-- 200/344 [58.1%], loss=0.1754, dgw=0.1754, reg=0.0000, time=57.18s.
-- 225/344 [65.4%], loss=0.1887, dgw=0.1887, reg=0.0000, time=52.15s.
-- 250/344 [72.7%], loss=0.1852, dgw=0.1852, reg=0.0000, time=64.17s.
-- 275/344 [79.9%], loss=0.1843, dgw=0.1843, reg=0.0000, time=56.79s.
-- 300/344 [87.2%], loss=0.1769, dgw=0.1769, reg=0.0000, time=40.12s.
-- 325/344 [94.5%], loss=0.1810, dgw=0.1810, reg=0.0000, time=37.67s.
-- 344/344 [100.0%], loss=0.1840, dgw=0.1840, reg=0.0000, time=52.32s.
fit: Epoch 1/15, loss = 0.1901, best loss = 0.1901
results/PTC_MR_Our_Spectral_usl_tsne_fit_1.pdf
-- 25/344 [7.3%], loss=0.1770, dgw=0.1770, reg=0.0000, time=62.88s.
-- 50/344 [14.5%], loss=0.1731, dgw=0.1731, reg=0.0000, time=65.10s.
-- 75/344 [21.8%], loss=0.1803, dgw=0.1803, reg=0.0000, time=56.26s.
-- 100/344 [29.1%], loss=0.1724, dgw=0.1724, reg=0.0000, time=47.14s.
-- 125/344 [36.3%], loss=0.1717, dgw=0.1717, reg=0.0000, time=27.50s.
-- 150/344 [43.6%], loss=0.1737, dgw=0.1737, reg=0.0000, time=55.03s.
-- 175/344 [50.9%], loss=0.1682, dgw=0.1682, reg=0.0000, time=63.61s.
-- 200/344 [58.1%], loss=0.1641, dgw=0.1641, reg=0.0000, time=55.38s.
-- 225/344 [65.4%], loss=0.1627, dgw=0.1627, reg=0.0000, time=56.18s.
-- 250/344 [72.7%], loss=0.1730, dgw=0.1730, reg=0.0000, time=44.70s.
-- 275/344 [79.9%], loss=0.1732, dgw=0.1732, reg=0.0000, time=50.94s.
-- 300/344 [87.2%], loss=0.1524, dgw=0.1524, reg=0.0000, time=66.27s.
-- 325/344 [94.5%], loss=0.1542, dgw=0.1542, reg=0.0000, time=67.42s.
-- 344/344 [100.0%], loss=0.1490, dgw=0.1490, reg=0.0000, time=45.18s.
fit: Epoch 2/15, loss = 0.1678, best loss = 0.1678
results/PTC_MR_Our_Spectral_usl_tsne_fit_2.pdf
-- 25/344 [7.3%], loss=0.1553, dgw=0.1553, reg=0.0000, time=37.55s.
-- 50/344 [14.5%], loss=0.1563, dgw=0.1563, reg=0.0000, time=54.15s.
-- 75/344 [21.8%], loss=0.1535, dgw=0.1535, reg=0.0000, time=66.59s.
-- 100/344 [29.1%], loss=0.1575, dgw=0.1575, reg=0.0000, time=51.05s.
-- 125/344 [36.3%], loss=0.1524, dgw=0.1524, reg=0.0000, time=63.10s.
-- 150/344 [43.6%], loss=0.1473, dgw=0.1473, reg=0.0000, time=65.87s.
-- 175/344 [50.9%], loss=0.1424, dgw=0.1424, reg=0.0000, time=55.06s.
-- 200/344 [58.1%], loss=0.1418, dgw=0.1418, reg=0.0000, time=48.34s.
-- 225/344 [65.4%], loss=0.1561, dgw=0.1561, reg=0.0000, time=53.40s.
-- 250/344 [72.7%], loss=0.1411, dgw=0.1411, reg=0.0000, time=54.35s.
-- 275/344 [79.9%], loss=0.1366, dgw=0.1366, reg=0.0000, time=51.07s.
-- 300/344 [87.2%], loss=0.1486, dgw=0.1486, reg=0.0000, time=46.01s.
-- 325/344 [94.5%], loss=0.1504, dgw=0.1504, reg=0.0000, time=70.36s.
-- 344/344 [100.0%], loss=0.1416, dgw=0.1416, reg=0.0000, time=51.40s.
fit: Epoch 3/15, loss = 0.1488, best loss = 0.1488
results/PTC_MR_Our_Spectral_usl_tsne_fit_3.pdf
-- 25/344 [7.3%], loss=0.1423, dgw=0.1423, reg=0.0000, time=34.77s.
-- 50/344 [14.5%], loss=0.1397, dgw=0.1397, reg=0.0000, time=33.18s.
-- 75/344 [21.8%], loss=0.1313, dgw=0.1313, reg=0.0000, time=38.18s.
-- 100/344 [29.1%], loss=0.1315, dgw=0.1315, reg=0.0000, time=40.19s.
-- 125/344 [36.3%], loss=0.1412, dgw=0.1412, reg=0.0000, time=51.90s.
-- 150/344 [43.6%], loss=0.1338, dgw=0.1338, reg=0.0000, time=44.23s.
-- 175/344 [50.9%], loss=0.1335, dgw=0.1335, reg=0.0000, time=52.89s.
-- 200/344 [58.1%], loss=0.1333, dgw=0.1333, reg=0.0000, time=60.05s.
-- 225/344 [65.4%], loss=0.1364, dgw=0.1364, reg=0.0000, time=51.65s.
-- 250/344 [72.7%], loss=0.1441, dgw=0.1441, reg=0.0000, time=53.56s.
-- 275/344 [79.9%], loss=0.1219, dgw=0.1219, reg=0.0000, time=51.62s.
-- 300/344 [87.2%], loss=0.1276, dgw=0.1276, reg=0.0000, time=53.25s.
-- 325/344 [94.5%], loss=0.1168, dgw=0.1168, reg=0.0000, time=56.00s.
-- 344/344 [100.0%], loss=0.1212, dgw=0.1212, reg=0.0000, time=40.24s.
fit: Epoch 4/15, loss = 0.1327, best loss = 0.1327
results/PTC_MR_Our_Spectral_usl_tsne_fit_4.pdf
-- 25/344 [7.3%], loss=0.1361, dgw=0.1361, reg=0.0000, time=54.04s.
-- 50/344 [14.5%], loss=0.1165, dgw=0.1165, reg=0.0000, time=39.07s.
-- 75/344 [21.8%], loss=0.1087, dgw=0.1087, reg=0.0000, time=50.60s.
-- 100/344 [29.1%], loss=0.1312, dgw=0.1312, reg=0.0000, time=50.98s.
-- 125/344 [36.3%], loss=0.1242, dgw=0.1242, reg=0.0000, time=65.16s.
-- 150/344 [43.6%], loss=0.1207, dgw=0.1207, reg=0.0000, time=60.89s.
-- 175/344 [50.9%], loss=0.1121, dgw=0.1121, reg=0.0000, time=53.36s.
-- 200/344 [58.1%], loss=0.1296, dgw=0.1296, reg=0.0000, time=61.48s.
-- 225/344 [65.4%], loss=0.1247, dgw=0.1247, reg=0.0000, time=56.46s.
-- 250/344 [72.7%], loss=0.1135, dgw=0.1135, reg=0.0000, time=58.32s.
-- 275/344 [79.9%], loss=0.1062, dgw=0.1062, reg=0.0000, time=47.92s.
-- 300/344 [87.2%], loss=0.1259, dgw=0.1259, reg=0.0000, time=47.29s.
-- 325/344 [94.5%], loss=0.1032, dgw=0.1032, reg=0.0000, time=47.00s.
-- 344/344 [100.0%], loss=0.1123, dgw=0.1123, reg=0.0000, time=49.43s.
fit: Epoch 5/15, loss = 0.1190, best loss = 0.1190
results/PTC_MR_Our_Spectral_usl_tsne_fit_5.pdf
-- 25/344 [7.3%], loss=0.1089, dgw=0.1089, reg=0.0000, time=42.40s.
-- 50/344 [14.5%], loss=0.1079, dgw=0.1079, reg=0.0000, time=44.28s.
-- 75/344 [21.8%], loss=0.1215, dgw=0.1215, reg=0.0000, time=62.01s.
-- 100/344 [29.1%], loss=0.1006, dgw=0.1006, reg=0.0000, time=66.51s.
-- 125/344 [36.3%], loss=0.1014, dgw=0.1014, reg=0.0000, time=58.44s.
-- 150/344 [43.6%], loss=0.1261, dgw=0.1261, reg=0.0000, time=44.31s.
-- 175/344 [50.9%], loss=0.1252, dgw=0.1252, reg=0.0000, time=51.02s.
-- 200/344 [58.1%], loss=0.1046, dgw=0.1046, reg=0.0000, time=52.82s.
-- 225/344 [65.4%], loss=0.1080, dgw=0.1080, reg=0.0000, time=48.15s.
-- 250/344 [72.7%], loss=0.1026, dgw=0.1026, reg=0.0000, time=29.82s.
-- 275/344 [79.9%], loss=0.1024, dgw=0.1024, reg=0.0000, time=71.72s.
-- 300/344 [87.2%], loss=0.0985, dgw=0.0985, reg=0.0000, time=52.57s.
-- 325/344 [94.5%], loss=0.0961, dgw=0.0961, reg=0.0000, time=58.34s.
-- 344/344 [100.0%], loss=0.1033, dgw=0.1033, reg=0.0000, time=35.34s.
fit: Epoch 6/15, loss = 0.1077, best loss = 0.1077
results/PTC_MR_Our_Spectral_usl_tsne_fit_6.pdf
-- 25/344 [7.3%], loss=0.1075, dgw=0.1075, reg=0.0000, time=27.70s.
-- 50/344 [14.5%], loss=0.0909, dgw=0.0909, reg=0.0000, time=34.62s.
-- 75/344 [21.8%], loss=0.1054, dgw=0.1054, reg=0.0000, time=45.10s.
-- 100/344 [29.1%], loss=0.0978, dgw=0.0978, reg=0.0000, time=53.70s.
-- 125/344 [36.3%], loss=0.0968, dgw=0.0968, reg=0.0000, time=53.61s.
-- 150/344 [43.6%], loss=0.1125, dgw=0.1125, reg=0.0000, time=47.00s.
-- 175/344 [50.9%], loss=0.0950, dgw=0.0950, reg=0.0000, time=61.29s.
-- 200/344 [58.1%], loss=0.0988, dgw=0.0988, reg=0.0000, time=55.13s.
-- 225/344 [65.4%], loss=0.0989, dgw=0.0989, reg=0.0000, time=49.46s.
-- 250/344 [72.7%], loss=0.0959, dgw=0.0959, reg=0.0000, time=57.74s.
-- 275/344 [79.9%], loss=0.0913, dgw=0.0913, reg=0.0000, time=47.59s.
-- 300/344 [87.2%], loss=0.0919, dgw=0.0919, reg=0.0000, time=62.24s.
-- 325/344 [94.5%], loss=0.0969, dgw=0.0969, reg=0.0000, time=61.72s.
-- 344/344 [100.0%], loss=0.0953, dgw=0.0953, reg=0.0000, time=38.77s.
fit: Epoch 7/15, loss = 0.0982, best loss = 0.0982
results/PTC_MR_Our_Spectral_usl_tsne_fit_7.pdf
-- 25/344 [7.3%], loss=0.0976, dgw=0.0976, reg=0.0000, time=28.39s.
-- 50/344 [14.5%], loss=0.0946, dgw=0.0946, reg=0.0000, time=45.14s.
-- 75/344 [21.8%], loss=0.0870, dgw=0.0870, reg=0.0000, time=58.07s.
-- 100/344 [29.1%], loss=0.0792, dgw=0.0792, reg=0.0000, time=42.28s.
-- 125/344 [36.3%], loss=0.1033, dgw=0.1033, reg=0.0000, time=59.03s.
-- 150/344 [43.6%], loss=0.0827, dgw=0.0827, reg=0.0000, time=52.61s.
-- 175/344 [50.9%], loss=0.0857, dgw=0.0857, reg=0.0000, time=46.67s.
-- 200/344 [58.1%], loss=0.0979, dgw=0.0979, reg=0.0000, time=51.90s.
-- 225/344 [65.4%], loss=0.0865, dgw=0.0865, reg=0.0000, time=46.51s.
-- 250/344 [72.7%], loss=0.0808, dgw=0.0808, reg=0.0000, time=45.78s.
-- 275/344 [79.9%], loss=0.0975, dgw=0.0975, reg=0.0000, time=54.28s.
-- 300/344 [87.2%], loss=0.0804, dgw=0.0804, reg=0.0000, time=62.45s.
-- 325/344 [94.5%], loss=0.0985, dgw=0.0985, reg=0.0000, time=60.70s.
-- 344/344 [100.0%], loss=0.0947, dgw=0.0947, reg=0.0000, time=50.34s.
fit: Epoch 8/15, loss = 0.0904, best loss = 0.0904
results/PTC_MR_Our_Spectral_usl_tsne_fit_8.pdf
-- 25/344 [7.3%], loss=0.0843, dgw=0.0843, reg=0.0000, time=25.52s.
-- 50/344 [14.5%], loss=0.0980, dgw=0.0980, reg=0.0000, time=50.30s.
-- 75/344 [21.8%], loss=0.0799, dgw=0.0799, reg=0.0000, time=36.15s.
-- 100/344 [29.1%], loss=0.0766, dgw=0.0766, reg=0.0000, time=36.12s.
-- 125/344 [36.3%], loss=0.0733, dgw=0.0733, reg=0.0000, time=30.22s.
-- 150/344 [43.6%], loss=0.0747, dgw=0.0747, reg=0.0000, time=44.01s.
-- 175/344 [50.9%], loss=0.0827, dgw=0.0827, reg=0.0000, time=41.22s.
-- 200/344 [58.1%], loss=0.0842, dgw=0.0842, reg=0.0000, time=49.08s.
-- 225/344 [65.4%], loss=0.0840, dgw=0.0840, reg=0.0000, time=42.18s.
-- 250/344 [72.7%], loss=0.0890, dgw=0.0890, reg=0.0000, time=55.45s.
-- 275/344 [79.9%], loss=0.0788, dgw=0.0788, reg=0.0000, time=45.86s.
-- 300/344 [87.2%], loss=0.0904, dgw=0.0904, reg=0.0000, time=56.31s.
-- 325/344 [94.5%], loss=0.0849, dgw=0.0849, reg=0.0000, time=49.83s.
-- 344/344 [100.0%], loss=0.1042, dgw=0.1042, reg=0.0000, time=46.67s.
fit: Epoch 9/15, loss = 0.0843, best loss = 0.0843
results/PTC_MR_Our_Spectral_usl_tsne_fit_9.pdf
-- 25/344 [7.3%], loss=0.0697, dgw=0.0697, reg=0.0000, time=36.87s.
-- 50/344 [14.5%], loss=0.0805, dgw=0.0805, reg=0.0000, time=46.84s.
-- 75/344 [21.8%], loss=0.0628, dgw=0.0628, reg=0.0000, time=48.74s.
-- 100/344 [29.1%], loss=0.0822, dgw=0.0822, reg=0.0000, time=41.86s.
-- 125/344 [36.3%], loss=0.1075, dgw=0.1075, reg=0.0000, time=45.72s.
-- 150/344 [43.6%], loss=0.0900, dgw=0.0900, reg=0.0000, time=40.46s.
-- 175/344 [50.9%], loss=0.0711, dgw=0.0711, reg=0.0000, time=47.42s.
-- 200/344 [58.1%], loss=0.0866, dgw=0.0866, reg=0.0000, time=47.75s.
-- 225/344 [65.4%], loss=0.0839, dgw=0.0839, reg=0.0000, time=36.17s.
-- 250/344 [72.7%], loss=0.0648, dgw=0.0648, reg=0.0000, time=58.14s.
-- 275/344 [79.9%], loss=0.0726, dgw=0.0726, reg=0.0000, time=38.47s.
-- 300/344 [87.2%], loss=0.0846, dgw=0.0846, reg=0.0000, time=38.33s.
-- 325/344 [94.5%], loss=0.0756, dgw=0.0756, reg=0.0000, time=43.13s.
-- 344/344 [100.0%], loss=0.0682, dgw=0.0682, reg=0.0000, time=28.91s.
fit: Epoch 10/15, loss = 0.0788, best loss = 0.0788
results/PTC_MR_Our_Spectral_usl_tsne_fit_10.pdf
-- 25/344 [7.3%], loss=0.0745, dgw=0.0745, reg=0.0000, time=28.07s.
-- 50/344 [14.5%], loss=0.0743, dgw=0.0743, reg=0.0000, time=31.15s.
-- 75/344 [21.8%], loss=0.0808, dgw=0.0808, reg=0.0000, time=36.25s.
-- 100/344 [29.1%], loss=0.0753, dgw=0.0753, reg=0.0000, time=48.04s.
-- 125/344 [36.3%], loss=0.0603, dgw=0.0603, reg=0.0000, time=53.15s.
-- 150/344 [43.6%], loss=0.0752, dgw=0.0752, reg=0.0000, time=49.49s.
-- 175/344 [50.9%], loss=0.0679, dgw=0.0679, reg=0.0000, time=44.16s.
-- 200/344 [58.1%], loss=0.0882, dgw=0.0882, reg=0.0000, time=39.76s.
-- 225/344 [65.4%], loss=0.0677, dgw=0.0677, reg=0.0000, time=36.50s.
-- 250/344 [72.7%], loss=0.0878, dgw=0.0878, reg=0.0000, time=31.49s.
-- 275/344 [79.9%], loss=0.0704, dgw=0.0704, reg=0.0000, time=45.69s.
-- 300/344 [87.2%], loss=0.0793, dgw=0.0793, reg=0.0000, time=40.58s.
-- 325/344 [94.5%], loss=0.0630, dgw=0.0630, reg=0.0000, time=33.90s.
-- 344/344 [100.0%], loss=0.0724, dgw=0.0724, reg=0.0000, time=28.33s.
fit: Epoch 11/15, loss = 0.0741, best loss = 0.0741
results/PTC_MR_Our_Spectral_usl_tsne_fit_11.pdf
-- 25/344 [7.3%], loss=0.0716, dgw=0.0716, reg=0.0000, time=25.06s.
-- 50/344 [14.5%], loss=0.0572, dgw=0.0572, reg=0.0000, time=23.13s.
-- 75/344 [21.8%], loss=0.0614, dgw=0.0614, reg=0.0000, time=34.75s.
-- 100/344 [29.1%], loss=0.0640, dgw=0.0640, reg=0.0000, time=48.76s.
-- 125/344 [36.3%], loss=0.0744, dgw=0.0744, reg=0.0000, time=38.42s.
-- 150/344 [43.6%], loss=0.0700, dgw=0.0700, reg=0.0000, time=38.62s.
-- 175/344 [50.9%], loss=0.0744, dgw=0.0744, reg=0.0000, time=41.81s.
-- 200/344 [58.1%], loss=0.0642, dgw=0.0642, reg=0.0000, time=45.41s.
-- 225/344 [65.4%], loss=0.0810, dgw=0.0810, reg=0.0000, time=35.16s.
-- 250/344 [72.7%], loss=0.0675, dgw=0.0675, reg=0.0000, time=21.93s.
-- 275/344 [79.9%], loss=0.0838, dgw=0.0838, reg=0.0000, time=28.69s.
-- 300/344 [87.2%], loss=0.0785, dgw=0.0785, reg=0.0000, time=35.27s.
-- 325/344 [94.5%], loss=0.0726, dgw=0.0726, reg=0.0000, time=29.54s.
-- 344/344 [100.0%], loss=0.0577, dgw=0.0577, reg=0.0000, time=20.63s.
fit: Epoch 12/15, loss = 0.0701, best loss = 0.0701
results/PTC_MR_Our_Spectral_usl_tsne_fit_12.pdf
-- 25/344 [7.3%], loss=0.0739, dgw=0.0739, reg=0.0000, time=28.70s.
-- 50/344 [14.5%], loss=0.0567, dgw=0.0567, reg=0.0000, time=36.64s.
-- 75/344 [21.8%], loss=0.0722, dgw=0.0722, reg=0.0000, time=36.12s.
-- 100/344 [29.1%], loss=0.0666, dgw=0.0666, reg=0.0000, time=40.27s.
-- 125/344 [36.3%], loss=0.0507, dgw=0.0507, reg=0.0000, time=33.42s.
-- 150/344 [43.6%], loss=0.0893, dgw=0.0893, reg=0.0000, time=38.38s.
-- 175/344 [50.9%], loss=0.0622, dgw=0.0622, reg=0.0000, time=29.63s.
-- 200/344 [58.1%], loss=0.0756, dgw=0.0756, reg=0.0000, time=36.64s.
-- 225/344 [65.4%], loss=0.0750, dgw=0.0750, reg=0.0000, time=37.95s.
-- 250/344 [72.7%], loss=0.0679, dgw=0.0679, reg=0.0000, time=37.04s.
-- 275/344 [79.9%], loss=0.0668, dgw=0.0668, reg=0.0000, time=29.89s.
-- 300/344 [87.2%], loss=0.0609, dgw=0.0609, reg=0.0000, time=39.23s.
-- 325/344 [94.5%], loss=0.0601, dgw=0.0601, reg=0.0000, time=36.29s.
-- 344/344 [100.0%], loss=0.0500, dgw=0.0500, reg=0.0000, time=24.23s.
fit: Epoch 13/15, loss = 0.0666, best loss = 0.0666
results/PTC_MR_Our_Spectral_usl_tsne_fit_13.pdf
-- 25/344 [7.3%], loss=0.0557, dgw=0.0557, reg=0.0000, time=44.19s.
-- 50/344 [14.5%], loss=0.0722, dgw=0.0722, reg=0.0000, time=37.39s.
-- 75/344 [21.8%], loss=0.0596, dgw=0.0596, reg=0.0000, time=36.90s.
-- 100/344 [29.1%], loss=0.0597, dgw=0.0597, reg=0.0000, time=26.27s.
-- 125/344 [36.3%], loss=0.0475, dgw=0.0475, reg=0.0000, time=36.72s.
-- 150/344 [43.6%], loss=0.0644, dgw=0.0644, reg=0.0000, time=32.92s.
-- 175/344 [50.9%], loss=0.0912, dgw=0.0912, reg=0.0000, time=32.62s.
-- 200/344 [58.1%], loss=0.0603, dgw=0.0603, reg=0.0000, time=40.13s.
-- 225/344 [65.4%], loss=0.0591, dgw=0.0591, reg=0.0000, time=33.23s.
-- 250/344 [72.7%], loss=0.0749, dgw=0.0749, reg=0.0000, time=18.43s.
-- 275/344 [79.9%], loss=0.0514, dgw=0.0514, reg=0.0000, time=31.49s.
-- 300/344 [87.2%], loss=0.0601, dgw=0.0601, reg=0.0000, time=37.09s.
-- 325/344 [94.5%], loss=0.0632, dgw=0.0632, reg=0.0000, time=46.23s.
-- 344/344 [100.0%], loss=0.0715, dgw=0.0715, reg=0.0000, time=20.02s.
fit: Epoch 14/15, loss = 0.0635, best loss = 0.0635
results/PTC_MR_Our_Spectral_usl_tsne_fit_14.pdf
-- 25/344 [7.3%], loss=0.0689, dgw=0.0689, reg=0.0000, time=45.04s.
-- 50/344 [14.5%], loss=0.0625, dgw=0.0625, reg=0.0000, time=39.32s.
-- 75/344 [21.8%], loss=0.0664, dgw=0.0664, reg=0.0000, time=31.17s.
-- 100/344 [29.1%], loss=0.0667, dgw=0.0667, reg=0.0000, time=40.78s.
-- 125/344 [36.3%], loss=0.0548, dgw=0.0548, reg=0.0000, time=35.78s.
-- 150/344 [43.6%], loss=0.0478, dgw=0.0478, reg=0.0000, time=33.74s.
-- 175/344 [50.9%], loss=0.0585, dgw=0.0585, reg=0.0000, time=36.22s.
-- 200/344 [58.1%], loss=0.0832, dgw=0.0832, reg=0.0000, time=45.77s.
-- 225/344 [65.4%], loss=0.0626, dgw=0.0626, reg=0.0000, time=32.03s.
-- 250/344 [72.7%], loss=0.0654, dgw=0.0654, reg=0.0000, time=40.41s.
-- 275/344 [79.9%], loss=0.0958, dgw=0.0958, reg=0.0000, time=31.50s.
-- 300/344 [87.2%], loss=0.0627, dgw=0.0627, reg=0.0000, time=32.60s.
-- 325/344 [94.5%], loss=0.0968, dgw=0.0968, reg=0.0000, time=27.47s.
-- 344/344 [100.0%], loss=0.0894, dgw=0.0894, reg=0.0000, time=33.57s.
fit: Epoch 15/15, loss = 0.0698, best loss = 0.0635
results/PTC_MR_Our_Spectral_usl_tsne_fit_15.pdf
Best Acc  : 0.5406976744186047
Rand Score: 0.5018645331886907
Done!
