-- 25/344 [7.3%], loss=0.1971, dgw=0.1971, reg=0.0000, time=28.41s.
-- 50/344 [14.5%], loss=0.1936, dgw=0.1936, reg=0.0000, time=39.10s.
-- 75/344 [21.8%], loss=0.2056, dgw=0.2056, reg=0.0000, time=42.34s.
-- 100/344 [29.1%], loss=0.2037, dgw=0.2037, reg=0.0000, time=49.51s.
-- 125/344 [36.3%], loss=0.2093, dgw=0.2093, reg=0.0000, time=42.66s.
-- 150/344 [43.6%], loss=0.2004, dgw=0.2004, reg=0.0000, time=50.44s.
-- 175/344 [50.9%], loss=0.2077, dgw=0.2077, reg=0.0000, time=45.88s.
-- 200/344 [58.1%], loss=0.2086, dgw=0.2086, reg=0.0000, time=51.97s.
-- 225/344 [65.4%], loss=0.1948, dgw=0.1948, reg=0.0000, time=63.68s.
-- 250/344 [72.7%], loss=0.2025, dgw=0.2025, reg=0.0000, time=30.08s.
-- 275/344 [79.9%], loss=0.2002, dgw=0.2002, reg=0.0000, time=52.52s.
-- 300/344 [87.2%], loss=0.1954, dgw=0.1954, reg=0.0000, time=64.19s.
-- 325/344 [94.5%], loss=0.1950, dgw=0.1950, reg=0.0000, time=63.54s.
-- 344/344 [100.0%], loss=0.1924, dgw=0.1924, reg=0.0000, time=38.68s.
fit: Epoch 1/15, loss = 0.2006, best loss = 0.2006
results/PTC_MR_Our_Spectral_usl_tsne_fit_1.pdf
-- 25/344 [7.3%], loss=0.1919, dgw=0.1919, reg=0.0000, time=54.36s.
-- 50/344 [14.5%], loss=0.1741, dgw=0.1741, reg=0.0000, time=35.53s.
-- 75/344 [21.8%], loss=0.1852, dgw=0.1852, reg=0.0000, time=59.11s.
-- 100/344 [29.1%], loss=0.1916, dgw=0.1916, reg=0.0000, time=35.82s.
-- 125/344 [36.3%], loss=0.1845, dgw=0.1845, reg=0.0000, time=58.46s.
-- 150/344 [43.6%], loss=0.1859, dgw=0.1859, reg=0.0000, time=38.50s.
-- 175/344 [50.9%], loss=0.1724, dgw=0.1724, reg=0.0000, time=62.71s.
-- 200/344 [58.1%], loss=0.1703, dgw=0.1703, reg=0.0000, time=51.34s.
-- 225/344 [65.4%], loss=0.1812, dgw=0.1812, reg=0.0000, time=61.12s.
-- 250/344 [72.7%], loss=0.1627, dgw=0.1627, reg=0.0000, time=55.12s.
-- 275/344 [79.9%], loss=0.1721, dgw=0.1721, reg=0.0000, time=64.06s.
-- 300/344 [87.2%], loss=0.1678, dgw=0.1678, reg=0.0000, time=60.67s.
-- 325/344 [94.5%], loss=0.1782, dgw=0.1782, reg=0.0000, time=42.22s.
-- 344/344 [100.0%], loss=0.1614, dgw=0.1614, reg=0.0000, time=33.59s.
fit: Epoch 2/15, loss = 0.1774, best loss = 0.1774
results/PTC_MR_Our_Spectral_usl_tsne_fit_2.pdf
-- 25/344 [7.3%], loss=0.1681, dgw=0.1681, reg=0.0000, time=55.10s.
-- 50/344 [14.5%], loss=0.1616, dgw=0.1616, reg=0.0000, time=64.62s.
-- 75/344 [21.8%], loss=0.1511, dgw=0.1511, reg=0.0000, time=34.82s.
-- 100/344 [29.1%], loss=0.1562, dgw=0.1562, reg=0.0000, time=48.75s.
-- 125/344 [36.3%], loss=0.1611, dgw=0.1611, reg=0.0000, time=64.33s.
-- 150/344 [43.6%], loss=0.1618, dgw=0.1618, reg=0.0000, time=49.77s.
-- 175/344 [50.9%], loss=0.1574, dgw=0.1574, reg=0.0000, time=44.80s.
-- 200/344 [58.1%], loss=0.1565, dgw=0.1565, reg=0.0000, time=48.51s.
-- 225/344 [65.4%], loss=0.1560, dgw=0.1560, reg=0.0000, time=45.46s.
-- 250/344 [72.7%], loss=0.1570, dgw=0.1570, reg=0.0000, time=47.81s.
-- 275/344 [79.9%], loss=0.1589, dgw=0.1589, reg=0.0000, time=42.28s.
-- 300/344 [87.2%], loss=0.1583, dgw=0.1583, reg=0.0000, time=46.64s.
-- 325/344 [94.5%], loss=0.1606, dgw=0.1606, reg=0.0000, time=55.07s.
-- 344/344 [100.0%], loss=0.1379, dgw=0.1379, reg=0.0000, time=42.19s.
fit: Epoch 3/15, loss = 0.1577, best loss = 0.1577
results/PTC_MR_Our_Spectral_usl_tsne_fit_3.pdf
-- 25/344 [7.3%], loss=0.1450, dgw=0.1450, reg=0.0000, time=56.22s.
-- 50/344 [14.5%], loss=0.1423, dgw=0.1423, reg=0.0000, time=37.85s.
-- 75/344 [21.8%], loss=0.1510, dgw=0.1510, reg=0.0000, time=48.11s.
-- 100/344 [29.1%], loss=0.1496, dgw=0.1496, reg=0.0000, time=51.09s.
-- 125/344 [36.3%], loss=0.1324, dgw=0.1324, reg=0.0000, time=51.53s.
-- 150/344 [43.6%], loss=0.1422, dgw=0.1422, reg=0.0000, time=65.03s.
-- 175/344 [50.9%], loss=0.1446, dgw=0.1446, reg=0.0000, time=45.60s.
-- 200/344 [58.1%], loss=0.1314, dgw=0.1314, reg=0.0000, time=69.54s.
-- 225/344 [65.4%], loss=0.1344, dgw=0.1344, reg=0.0000, time=56.03s.
-- 250/344 [72.7%], loss=0.1354, dgw=0.1354, reg=0.0000, time=70.04s.
-- 275/344 [79.9%], loss=0.1379, dgw=0.1379, reg=0.0000, time=56.88s.
-- 300/344 [87.2%], loss=0.1333, dgw=0.1333, reg=0.0000, time=48.62s.
-- 325/344 [94.5%], loss=0.1433, dgw=0.1433, reg=0.0000, time=42.80s.
-- 344/344 [100.0%], loss=0.1458, dgw=0.1458, reg=0.0000, time=43.14s.
fit: Epoch 4/15, loss = 0.1405, best loss = 0.1405
results/PTC_MR_Our_Spectral_usl_tsne_fit_4.pdf
-- 25/344 [7.3%], loss=0.1325, dgw=0.1325, reg=0.0000, time=50.52s.
-- 50/344 [14.5%], loss=0.1401, dgw=0.1401, reg=0.0000, time=57.83s.
-- 75/344 [21.8%], loss=0.1326, dgw=0.1326, reg=0.0000, time=62.07s.
-- 100/344 [29.1%], loss=0.1233, dgw=0.1233, reg=0.0000, time=77.99s.
-- 125/344 [36.3%], loss=0.1311, dgw=0.1311, reg=0.0000, time=60.36s.
-- 150/344 [43.6%], loss=0.1389, dgw=0.1389, reg=0.0000, time=43.80s.
-- 175/344 [50.9%], loss=0.1321, dgw=0.1321, reg=0.0000, time=50.67s.
-- 200/344 [58.1%], loss=0.1167, dgw=0.1167, reg=0.0000, time=44.65s.
-- 225/344 [65.4%], loss=0.1198, dgw=0.1198, reg=0.0000, time=44.17s.
-- 250/344 [72.7%], loss=0.1246, dgw=0.1246, reg=0.0000, time=48.44s.
-- 275/344 [79.9%], loss=0.1214, dgw=0.1214, reg=0.0000, time=56.77s.
-- 300/344 [87.2%], loss=0.1072, dgw=0.1072, reg=0.0000, time=60.01s.
-- 325/344 [94.5%], loss=0.1255, dgw=0.1255, reg=0.0000, time=75.20s.
-- 344/344 [100.0%], loss=0.1191, dgw=0.1191, reg=0.0000, time=51.53s.
fit: Epoch 5/15, loss = 0.1262, best loss = 0.1262
results/PTC_MR_Our_Spectral_usl_tsne_fit_5.pdf
-- 25/344 [7.3%], loss=0.1310, dgw=0.1310, reg=0.0000, time=50.96s.
-- 50/344 [14.5%], loss=0.1135, dgw=0.1135, reg=0.0000, time=60.74s.
-- 75/344 [21.8%], loss=0.1323, dgw=0.1323, reg=0.0000, time=36.55s.
-- 100/344 [29.1%], loss=0.1139, dgw=0.1139, reg=0.0000, time=66.34s.
-- 125/344 [36.3%], loss=0.1146, dgw=0.1146, reg=0.0000, time=69.79s.
-- 150/344 [43.6%], loss=0.1036, dgw=0.1036, reg=0.0000, time=41.69s.
-- 175/344 [50.9%], loss=0.1254, dgw=0.1254, reg=0.0000, time=61.23s.
-- 200/344 [58.1%], loss=0.1108, dgw=0.1108, reg=0.0000, time=56.52s.
-- 225/344 [65.4%], loss=0.1042, dgw=0.1042, reg=0.0000, time=50.86s.
-- 250/344 [72.7%], loss=0.1181, dgw=0.1181, reg=0.0000, time=32.10s.
-- 275/344 [79.9%], loss=0.1054, dgw=0.1054, reg=0.0000, time=52.09s.
-- 300/344 [87.2%], loss=0.1118, dgw=0.1118, reg=0.0000, time=50.18s.
-- 325/344 [94.5%], loss=0.1080, dgw=0.1080, reg=0.0000, time=45.04s.
-- 344/344 [100.0%], loss=0.1046, dgw=0.1046, reg=0.0000, time=48.75s.
fit: Epoch 6/15, loss = 0.1142, best loss = 0.1142
results/PTC_MR_Our_Spectral_usl_tsne_fit_6.pdf
-- 25/344 [7.3%], loss=0.1156, dgw=0.1156, reg=0.0000, time=27.11s.
-- 50/344 [14.5%], loss=0.1000, dgw=0.1000, reg=0.0000, time=60.78s.
-- 75/344 [21.8%], loss=0.1023, dgw=0.1023, reg=0.0000, time=63.47s.
-- 100/344 [29.1%], loss=0.1072, dgw=0.1072, reg=0.0000, time=59.37s.
-- 125/344 [36.3%], loss=0.1066, dgw=0.1066, reg=0.0000, time=51.56s.
-- 150/344 [43.6%], loss=0.0991, dgw=0.0991, reg=0.0000, time=50.23s.
-- 175/344 [50.9%], loss=0.1065, dgw=0.1065, reg=0.0000, time=55.87s.
-- 200/344 [58.1%], loss=0.1102, dgw=0.1102, reg=0.0000, time=64.20s.
-- 225/344 [65.4%], loss=0.0966, dgw=0.0966, reg=0.0000, time=57.58s.
-- 250/344 [72.7%], loss=0.0897, dgw=0.0897, reg=0.0000, time=46.91s.
-- 275/344 [79.9%], loss=0.0957, dgw=0.0957, reg=0.0000, time=51.60s.
-- 300/344 [87.2%], loss=0.1349, dgw=0.1349, reg=0.0000, time=53.94s.
-- 325/344 [94.5%], loss=0.0959, dgw=0.0959, reg=0.0000, time=73.94s.
-- 344/344 [100.0%], loss=0.1002, dgw=0.1002, reg=0.0000, time=62.14s.
fit: Epoch 7/15, loss = 0.1044, best loss = 0.1044
results/PTC_MR_Our_Spectral_usl_tsne_fit_7.pdf
-- 25/344 [7.3%], loss=0.0904, dgw=0.0904, reg=0.0000, time=60.48s.
-- 50/344 [14.5%], loss=0.1039, dgw=0.1039, reg=0.0000, time=53.32s.
-- 75/344 [21.8%], loss=0.1007, dgw=0.1007, reg=0.0000, time=52.63s.
-- 100/344 [29.1%], loss=0.0941, dgw=0.0941, reg=0.0000, time=54.56s.
-- 125/344 [36.3%], loss=0.0998, dgw=0.0998, reg=0.0000, time=54.62s.
-- 150/344 [43.6%], loss=0.1023, dgw=0.1023, reg=0.0000, time=61.26s.
-- 175/344 [50.9%], loss=0.0938, dgw=0.0938, reg=0.0000, time=53.97s.
-- 200/344 [58.1%], loss=0.0895, dgw=0.0895, reg=0.0000, time=54.04s.
-- 225/344 [65.4%], loss=0.0985, dgw=0.0985, reg=0.0000, time=43.21s.
-- 250/344 [72.7%], loss=0.0942, dgw=0.0942, reg=0.0000, time=43.90s.
-- 275/344 [79.9%], loss=0.0835, dgw=0.0835, reg=0.0000, time=48.09s.
-- 300/344 [87.2%], loss=0.0893, dgw=0.0893, reg=0.0000, time=55.76s.
-- 325/344 [94.5%], loss=0.1136, dgw=0.1136, reg=0.0000, time=65.41s.
-- 344/344 [100.0%], loss=0.0895, dgw=0.0895, reg=0.0000, time=44.67s.
fit: Epoch 8/15, loss = 0.0960, best loss = 0.0960
results/PTC_MR_Our_Spectral_usl_tsne_fit_8.pdf
-- 25/344 [7.3%], loss=0.0912, dgw=0.0912, reg=0.0000, time=49.87s.
-- 50/344 [14.5%], loss=0.0866, dgw=0.0866, reg=0.0000, time=53.59s.
-- 75/344 [21.8%], loss=0.0957, dgw=0.0957, reg=0.0000, time=63.97s.
-- 100/344 [29.1%], loss=0.0931, dgw=0.0931, reg=0.0000, time=65.55s.
-- 125/344 [36.3%], loss=0.0857, dgw=0.0857, reg=0.0000, time=51.50s.
-- 150/344 [43.6%], loss=0.1011, dgw=0.1011, reg=0.0000, time=38.93s.
-- 175/344 [50.9%], loss=0.0848, dgw=0.0848, reg=0.0000, time=54.48s.
-- 200/344 [58.1%], loss=0.0971, dgw=0.0971, reg=0.0000, time=61.11s.
-- 225/344 [65.4%], loss=0.0900, dgw=0.0900, reg=0.0000, time=57.97s.
-- 250/344 [72.7%], loss=0.0810, dgw=0.0810, reg=0.0000, time=40.93s.
-- 275/344 [79.9%], loss=0.0835, dgw=0.0835, reg=0.0000, time=30.75s.
-- 300/344 [87.2%], loss=0.0857, dgw=0.0857, reg=0.0000, time=58.65s.
-- 325/344 [94.5%], loss=0.0812, dgw=0.0812, reg=0.0000, time=63.18s.
-- 344/344 [100.0%], loss=0.0911, dgw=0.0911, reg=0.0000, time=43.97s.
fit: Epoch 9/15, loss = 0.0891, best loss = 0.0891
results/PTC_MR_Our_Spectral_usl_tsne_fit_9.pdf
-- 25/344 [7.3%], loss=0.0878, dgw=0.0878, reg=0.0000, time=30.64s.
-- 50/344 [14.5%], loss=0.0713, dgw=0.0713, reg=0.0000, time=37.82s.
-- 75/344 [21.8%], loss=0.0870, dgw=0.0870, reg=0.0000, time=40.63s.
-- 100/344 [29.1%], loss=0.0753, dgw=0.0753, reg=0.0000, time=46.75s.
-- 125/344 [36.3%], loss=0.0944, dgw=0.0944, reg=0.0000, time=59.76s.
-- 150/344 [43.6%], loss=0.0833, dgw=0.0833, reg=0.0000, time=50.24s.
-- 175/344 [50.9%], loss=0.0969, dgw=0.0969, reg=0.0000, time=42.78s.
-- 200/344 [58.1%], loss=0.0839, dgw=0.0839, reg=0.0000, time=53.49s.
-- 225/344 [65.4%], loss=0.0900, dgw=0.0900, reg=0.0000, time=45.51s.
-- 250/344 [72.7%], loss=0.0704, dgw=0.0704, reg=0.0000, time=39.76s.
-- 275/344 [79.9%], loss=0.0708, dgw=0.0708, reg=0.0000, time=65.03s.
-- 300/344 [87.2%], loss=0.0881, dgw=0.0881, reg=0.0000, time=48.05s.
-- 325/344 [94.5%], loss=0.0847, dgw=0.0847, reg=0.0000, time=54.95s.
-- 344/344 [100.0%], loss=0.0813, dgw=0.0813, reg=0.0000, time=34.34s.
fit: Epoch 10/15, loss = 0.0833, best loss = 0.0833
results/PTC_MR_Our_Spectral_usl_tsne_fit_10.pdf
-- 25/344 [7.3%], loss=0.0794, dgw=0.0794, reg=0.0000, time=35.46s.
-- 50/344 [14.5%], loss=0.0807, dgw=0.0807, reg=0.0000, time=39.07s.
-- 75/344 [21.8%], loss=0.0687, dgw=0.0687, reg=0.0000, time=55.18s.
-- 100/344 [29.1%], loss=0.0726, dgw=0.0726, reg=0.0000, time=58.12s.
-- 125/344 [36.3%], loss=0.0897, dgw=0.0897, reg=0.0000, time=44.69s.
-- 150/344 [43.6%], loss=0.0706, dgw=0.0706, reg=0.0000, time=50.07s.
-- 175/344 [50.9%], loss=0.0722, dgw=0.0722, reg=0.0000, time=41.52s.
-- 200/344 [58.1%], loss=0.0721, dgw=0.0721, reg=0.0000, time=41.47s.
-- 225/344 [65.4%], loss=0.0867, dgw=0.0867, reg=0.0000, time=46.34s.
-- 250/344 [72.7%], loss=0.0757, dgw=0.0757, reg=0.0000, time=55.49s.
-- 275/344 [79.9%], loss=0.0862, dgw=0.0862, reg=0.0000, time=66.55s.
-- 300/344 [87.2%], loss=0.0822, dgw=0.0822, reg=0.0000, time=55.01s.
-- 325/344 [94.5%], loss=0.0878, dgw=0.0878, reg=0.0000, time=44.23s.
-- 344/344 [100.0%], loss=0.0696, dgw=0.0696, reg=0.0000, time=27.99s.
fit: Epoch 11/15, loss = 0.0783, best loss = 0.0783
results/PTC_MR_Our_Spectral_usl_tsne_fit_11.pdf
-- 25/344 [7.3%], loss=0.0922, dgw=0.0922, reg=0.0000, time=42.65s.
-- 50/344 [14.5%], loss=0.0703, dgw=0.0703, reg=0.0000, time=33.35s.
-- 75/344 [21.8%], loss=0.0706, dgw=0.0706, reg=0.0000, time=35.20s.
-- 100/344 [29.1%], loss=0.0654, dgw=0.0654, reg=0.0000, time=43.42s.
-- 125/344 [36.3%], loss=0.0649, dgw=0.0649, reg=0.0000, time=54.11s.
-- 150/344 [43.6%], loss=0.0807, dgw=0.0807, reg=0.0000, time=38.74s.
-- 175/344 [50.9%], loss=0.0625, dgw=0.0625, reg=0.0000, time=39.57s.
-- 200/344 [58.1%], loss=0.0648, dgw=0.0648, reg=0.0000, time=36.44s.
-- 225/344 [65.4%], loss=0.0705, dgw=0.0705, reg=0.0000, time=31.56s.
-- 250/344 [72.7%], loss=0.0792, dgw=0.0792, reg=0.0000, time=33.23s.
-- 275/344 [79.9%], loss=0.0831, dgw=0.0831, reg=0.0000, time=42.62s.
-- 300/344 [87.2%], loss=0.0722, dgw=0.0722, reg=0.0000, time=44.18s.
-- 325/344 [94.5%], loss=0.0803, dgw=0.0803, reg=0.0000, time=38.63s.
-- 344/344 [100.0%], loss=0.0800, dgw=0.0800, reg=0.0000, time=37.73s.
fit: Epoch 12/15, loss = 0.0740, best loss = 0.0740
results/PTC_MR_Our_Spectral_usl_tsne_fit_12.pdf
-- 25/344 [7.3%], loss=0.0635, dgw=0.0635, reg=0.0000, time=45.87s.
-- 50/344 [14.5%], loss=0.0812, dgw=0.0812, reg=0.0000, time=41.22s.
-- 75/344 [21.8%], loss=0.0731, dgw=0.0731, reg=0.0000, time=44.75s.
-- 100/344 [29.1%], loss=0.0622, dgw=0.0622, reg=0.0000, time=34.90s.
-- 125/344 [36.3%], loss=0.0675, dgw=0.0675, reg=0.0000, time=43.12s.
-- 150/344 [43.6%], loss=0.0626, dgw=0.0626, reg=0.0000, time=38.13s.
-- 175/344 [50.9%], loss=0.0696, dgw=0.0696, reg=0.0000, time=35.28s.
-- 200/344 [58.1%], loss=0.0772, dgw=0.0772, reg=0.0000, time=38.77s.
-- 225/344 [65.4%], loss=0.0700, dgw=0.0700, reg=0.0000, time=51.59s.
-- 250/344 [72.7%], loss=0.0727, dgw=0.0727, reg=0.0000, time=41.49s.
-- 275/344 [79.9%], loss=0.0636, dgw=0.0636, reg=0.0000, time=25.12s.
-- 300/344 [87.2%], loss=0.0660, dgw=0.0660, reg=0.0000, time=32.72s.
-- 325/344 [94.5%], loss=0.0598, dgw=0.0598, reg=0.0000, time=39.87s.
-- 344/344 [100.0%], loss=0.1016, dgw=0.1016, reg=0.0000, time=37.99s.
fit: Epoch 13/15, loss = 0.0702, best loss = 0.0702
results/PTC_MR_Our_Spectral_usl_tsne_fit_13.pdf
-- 25/344 [7.3%], loss=0.1112, dgw=0.1112, reg=0.0000, time=14.93s.
-- 50/344 [14.5%], loss=0.0591, dgw=0.0591, reg=0.0000, time=40.15s.
-- 75/344 [21.8%], loss=0.0575, dgw=0.0575, reg=0.0000, time=48.05s.
-- 100/344 [29.1%], loss=0.0551, dgw=0.0551, reg=0.0000, time=36.20s.
-- 125/344 [36.3%], loss=0.0604, dgw=0.0604, reg=0.0000, time=37.26s.
-- 150/344 [43.6%], loss=0.0610, dgw=0.0610, reg=0.0000, time=32.62s.
-- 175/344 [50.9%], loss=0.0845, dgw=0.0845, reg=0.0000, time=27.35s.
-- 200/344 [58.1%], loss=0.0576, dgw=0.0576, reg=0.0000, time=43.17s.
-- 225/344 [65.4%], loss=0.0584, dgw=0.0584, reg=0.0000, time=43.00s.
-- 250/344 [72.7%], loss=0.0795, dgw=0.0795, reg=0.0000, time=44.62s.
-- 275/344 [79.9%], loss=0.0658, dgw=0.0658, reg=0.0000, time=61.44s.
-- 300/344 [87.2%], loss=0.0695, dgw=0.0695, reg=0.0000, time=46.97s.
-- 325/344 [94.5%], loss=0.0595, dgw=0.0595, reg=0.0000, time=45.93s.
-- 344/344 [100.0%], loss=0.0546, dgw=0.0546, reg=0.0000, time=45.11s.
fit: Epoch 14/15, loss = 0.0669, best loss = 0.0669
results/PTC_MR_Our_Spectral_usl_tsne_fit_14.pdf
-- 25/344 [7.3%], loss=0.0520, dgw=0.0520, reg=0.0000, time=37.85s.
-- 50/344 [14.5%], loss=0.0814, dgw=0.0814, reg=0.0000, time=42.98s.
-- 75/344 [21.8%], loss=0.0662, dgw=0.0662, reg=0.0000, time=44.39s.
-- 100/344 [29.1%], loss=0.0581, dgw=0.0581, reg=0.0000, time=43.67s.
-- 125/344 [36.3%], loss=0.0764, dgw=0.0764, reg=0.0000, time=44.69s.
-- 150/344 [43.6%], loss=0.0576, dgw=0.0576, reg=0.0000, time=36.36s.
-- 175/344 [50.9%], loss=0.0622, dgw=0.0622, reg=0.0000, time=43.51s.
-- 200/344 [58.1%], loss=0.0723, dgw=0.0723, reg=0.0000, time=35.97s.
-- 225/344 [65.4%], loss=0.0612, dgw=0.0612, reg=0.0000, time=39.89s.
-- 250/344 [72.7%], loss=0.0663, dgw=0.0663, reg=0.0000, time=45.81s.
-- 275/344 [79.9%], loss=0.0503, dgw=0.0503, reg=0.0000, time=40.11s.
-- 300/344 [87.2%], loss=0.0615, dgw=0.0615, reg=0.0000, time=43.49s.
-- 325/344 [94.5%], loss=0.0639, dgw=0.0639, reg=0.0000, time=32.78s.
-- 344/344 [100.0%], loss=0.0662, dgw=0.0662, reg=0.0000, time=28.13s.
fit: Epoch 15/15, loss = 0.0639, best loss = 0.0639
results/PTC_MR_Our_Spectral_usl_tsne_fit_15.pdf
Best Acc  : 0.5726744186046512
Rand Score: 0.5091362126245847
Done!
