-- 25/344 [7.3%], loss=0.1909, dgw=0.1909, reg=0.0000, time=46.02s.
-- 50/344 [14.5%], loss=0.1947, dgw=0.1947, reg=0.0000, time=48.26s.
-- 75/344 [21.8%], loss=0.2019, dgw=0.2019, reg=0.0000, time=48.44s.
-- 100/344 [29.1%], loss=0.1988, dgw=0.1988, reg=0.0000, time=50.79s.
-- 125/344 [36.3%], loss=0.1887, dgw=0.1887, reg=0.0000, time=49.51s.
-- 150/344 [43.6%], loss=0.1856, dgw=0.1856, reg=0.0000, time=52.50s.
-- 175/344 [50.9%], loss=0.1946, dgw=0.1946, reg=0.0000, time=66.42s.
-- 200/344 [58.1%], loss=0.1976, dgw=0.1976, reg=0.0000, time=63.71s.
-- 225/344 [65.4%], loss=0.1812, dgw=0.1812, reg=0.0000, time=54.74s.
-- 250/344 [72.7%], loss=0.1749, dgw=0.1749, reg=0.0000, time=61.65s.
-- 275/344 [79.9%], loss=0.1907, dgw=0.1907, reg=0.0000, time=44.79s.
-- 300/344 [87.2%], loss=0.1801, dgw=0.1801, reg=0.0000, time=62.85s.
-- 325/344 [94.5%], loss=0.1750, dgw=0.1750, reg=0.0000, time=52.43s.
-- 344/344 [100.0%], loss=0.1735, dgw=0.1735, reg=0.0000, time=39.24s.
fit: Epoch 1/15, loss = 0.1880, best loss = 0.1880
results/PTC_MR_Our_Spectral_usl_tsne_fit_1.pdf
-- 25/344 [7.3%], loss=0.1728, dgw=0.1728, reg=0.0000, time=46.70s.
-- 50/344 [14.5%], loss=0.1760, dgw=0.1760, reg=0.0000, time=47.94s.
-- 75/344 [21.8%], loss=0.1725, dgw=0.1725, reg=0.0000, time=50.71s.
-- 100/344 [29.1%], loss=0.1722, dgw=0.1722, reg=0.0000, time=64.69s.
-- 125/344 [36.3%], loss=0.1592, dgw=0.1592, reg=0.0000, time=62.75s.
-- 150/344 [43.6%], loss=0.1674, dgw=0.1674, reg=0.0000, time=55.22s.
-- 175/344 [50.9%], loss=0.1660, dgw=0.1660, reg=0.0000, time=52.98s.
-- 200/344 [58.1%], loss=0.1687, dgw=0.1687, reg=0.0000, time=48.02s.
-- 225/344 [65.4%], loss=0.1607, dgw=0.1607, reg=0.0000, time=36.32s.
-- 250/344 [72.7%], loss=0.1595, dgw=0.1595, reg=0.0000, time=48.80s.
-- 275/344 [79.9%], loss=0.1646, dgw=0.1646, reg=0.0000, time=45.98s.
-- 300/344 [87.2%], loss=0.1613, dgw=0.1613, reg=0.0000, time=68.55s.
-- 325/344 [94.5%], loss=0.1688, dgw=0.1688, reg=0.0000, time=72.91s.
-- 344/344 [100.0%], loss=0.1553, dgw=0.1553, reg=0.0000, time=46.29s.
fit: Epoch 2/15, loss = 0.1663, best loss = 0.1663
results/PTC_MR_Our_Spectral_usl_tsne_fit_2.pdf
-- 25/344 [7.3%], loss=0.1633, dgw=0.1633, reg=0.0000, time=56.57s.
-- 50/344 [14.5%], loss=0.1609, dgw=0.1609, reg=0.0000, time=49.36s.
-- 75/344 [21.8%], loss=0.1550, dgw=0.1550, reg=0.0000, time=43.28s.
-- 100/344 [29.1%], loss=0.1484, dgw=0.1484, reg=0.0000, time=57.00s.
-- 125/344 [36.3%], loss=0.1370, dgw=0.1370, reg=0.0000, time=36.72s.
-- 150/344 [43.6%], loss=0.1541, dgw=0.1541, reg=0.0000, time=52.65s.
-- 175/344 [50.9%], loss=0.1453, dgw=0.1453, reg=0.0000, time=45.63s.
-- 200/344 [58.1%], loss=0.1423, dgw=0.1423, reg=0.0000, time=64.04s.
-- 225/344 [65.4%], loss=0.1425, dgw=0.1425, reg=0.0000, time=60.03s.
-- 250/344 [72.7%], loss=0.1497, dgw=0.1497, reg=0.0000, time=51.03s.
-- 275/344 [79.9%], loss=0.1409, dgw=0.1409, reg=0.0000, time=59.20s.
-- 300/344 [87.2%], loss=0.1379, dgw=0.1379, reg=0.0000, time=62.53s.
-- 325/344 [94.5%], loss=0.1394, dgw=0.1394, reg=0.0000, time=39.91s.
-- 344/344 [100.0%], loss=0.1515, dgw=0.1515, reg=0.0000, time=44.38s.
fit: Epoch 3/15, loss = 0.1477, best loss = 0.1477
results/PTC_MR_Our_Spectral_usl_tsne_fit_3.pdf
-- 25/344 [7.3%], loss=0.1357, dgw=0.1357, reg=0.0000, time=50.88s.
-- 50/344 [14.5%], loss=0.1395, dgw=0.1395, reg=0.0000, time=72.87s.
-- 75/344 [21.8%], loss=0.1338, dgw=0.1338, reg=0.0000, time=60.14s.
-- 100/344 [29.1%], loss=0.1259, dgw=0.1259, reg=0.0000, time=46.08s.
-- 125/344 [36.3%], loss=0.1398, dgw=0.1398, reg=0.0000, time=47.14s.
-- 150/344 [43.6%], loss=0.1315, dgw=0.1315, reg=0.0000, time=61.96s.
-- 175/344 [50.9%], loss=0.1337, dgw=0.1337, reg=0.0000, time=54.67s.
-- 200/344 [58.1%], loss=0.1319, dgw=0.1319, reg=0.0000, time=29.92s.
-- 225/344 [65.4%], loss=0.1309, dgw=0.1309, reg=0.0000, time=57.46s.
-- 250/344 [72.7%], loss=0.1227, dgw=0.1227, reg=0.0000, time=60.28s.
-- 275/344 [79.9%], loss=0.1345, dgw=0.1345, reg=0.0000, time=57.79s.
-- 300/344 [87.2%], loss=0.1306, dgw=0.1306, reg=0.0000, time=42.26s.
-- 325/344 [94.5%], loss=0.1286, dgw=0.1286, reg=0.0000, time=55.02s.
-- 344/344 [100.0%], loss=0.1193, dgw=0.1193, reg=0.0000, time=51.16s.
fit: Epoch 4/15, loss = 0.1315, best loss = 0.1315
results/PTC_MR_Our_Spectral_usl_tsne_fit_4.pdf
-- 25/344 [7.3%], loss=0.1268, dgw=0.1268, reg=0.0000, time=58.18s.
-- 50/344 [14.5%], loss=0.1308, dgw=0.1308, reg=0.0000, time=54.38s.
-- 75/344 [21.8%], loss=0.1137, dgw=0.1137, reg=0.0000, time=54.69s.
-- 100/344 [29.1%], loss=0.1150, dgw=0.1150, reg=0.0000, time=35.84s.
-- 125/344 [36.3%], loss=0.1280, dgw=0.1280, reg=0.0000, time=59.96s.
-- 150/344 [43.6%], loss=0.1203, dgw=0.1203, reg=0.0000, time=51.20s.
-- 175/344 [50.9%], loss=0.1165, dgw=0.1165, reg=0.0000, time=71.50s.
-- 200/344 [58.1%], loss=0.1107, dgw=0.1107, reg=0.0000, time=56.51s.
-- 225/344 [65.4%], loss=0.1128, dgw=0.1128, reg=0.0000, time=56.61s.
-- 250/344 [72.7%], loss=0.1170, dgw=0.1170, reg=0.0000, time=42.34s.
-- 275/344 [79.9%], loss=0.1086, dgw=0.1086, reg=0.0000, time=65.77s.
-- 300/344 [87.2%], loss=0.1221, dgw=0.1221, reg=0.0000, time=64.09s.
-- 325/344 [94.5%], loss=0.1135, dgw=0.1135, reg=0.0000, time=71.95s.
-- 344/344 [100.0%], loss=0.1181, dgw=0.1181, reg=0.0000, time=37.69s.
fit: Epoch 5/15, loss = 0.1181, best loss = 0.1181
results/PTC_MR_Our_Spectral_usl_tsne_fit_5.pdf
-- 25/344 [7.3%], loss=0.1030, dgw=0.1030, reg=0.0000, time=61.06s.
-- 50/344 [14.5%], loss=0.1148, dgw=0.1148, reg=0.0000, time=40.66s.
-- 75/344 [21.8%], loss=0.1290, dgw=0.1290, reg=0.0000, time=52.88s.
-- 100/344 [29.1%], loss=0.1031, dgw=0.1031, reg=0.0000, time=65.17s.
-- 125/344 [36.3%], loss=0.1205, dgw=0.1205, reg=0.0000, time=61.59s.
-- 150/344 [43.6%], loss=0.1124, dgw=0.1124, reg=0.0000, time=54.18s.
-- 175/344 [50.9%], loss=0.0949, dgw=0.0949, reg=0.0000, time=60.49s.
-- 200/344 [58.1%], loss=0.1011, dgw=0.1011, reg=0.0000, time=73.17s.
-- 225/344 [65.4%], loss=0.0941, dgw=0.0941, reg=0.0000, time=49.97s.
-- 250/344 [72.7%], loss=0.1070, dgw=0.1070, reg=0.0000, time=59.17s.
-- 275/344 [79.9%], loss=0.0992, dgw=0.0992, reg=0.0000, time=46.60s.
-- 300/344 [87.2%], loss=0.1137, dgw=0.1137, reg=0.0000, time=68.88s.
-- 325/344 [94.5%], loss=0.1108, dgw=0.1108, reg=0.0000, time=64.37s.
-- 344/344 [100.0%], loss=0.0891, dgw=0.0891, reg=0.0000, time=40.97s.
fit: Epoch 6/15, loss = 0.1069, best loss = 0.1069
results/PTC_MR_Our_Spectral_usl_tsne_fit_6.pdf
-- 25/344 [7.3%], loss=0.1006, dgw=0.1006, reg=0.0000, time=47.99s.
-- 50/344 [14.5%], loss=0.0882, dgw=0.0882, reg=0.0000, time=65.17s.
-- 75/344 [21.8%], loss=0.0955, dgw=0.0955, reg=0.0000, time=24.74s.
-- 100/344 [29.1%], loss=0.0914, dgw=0.0914, reg=0.0000, time=60.53s.
-- 125/344 [36.3%], loss=0.0925, dgw=0.0925, reg=0.0000, time=46.86s.
-- 150/344 [43.6%], loss=0.0985, dgw=0.0985, reg=0.0000, time=53.66s.
-- 175/344 [50.9%], loss=0.0921, dgw=0.0921, reg=0.0000, time=57.39s.
-- 200/344 [58.1%], loss=0.0933, dgw=0.0933, reg=0.0000, time=48.65s.
-- 225/344 [65.4%], loss=0.1076, dgw=0.1076, reg=0.0000, time=57.37s.
-- 250/344 [72.7%], loss=0.0924, dgw=0.0924, reg=0.0000, time=57.34s.
-- 275/344 [79.9%], loss=0.1104, dgw=0.1104, reg=0.0000, time=55.65s.
-- 300/344 [87.2%], loss=0.0955, dgw=0.0955, reg=0.0000, time=60.88s.
-- 325/344 [94.5%], loss=0.1195, dgw=0.1195, reg=0.0000, time=51.52s.
-- 344/344 [100.0%], loss=0.0881, dgw=0.0881, reg=0.0000, time=32.91s.
fit: Epoch 7/15, loss = 0.0977, best loss = 0.0977
results/PTC_MR_Our_Spectral_usl_tsne_fit_7.pdf
-- 25/344 [7.3%], loss=0.1022, dgw=0.1022, reg=0.0000, time=57.09s.
-- 50/344 [14.5%], loss=0.0843, dgw=0.0843, reg=0.0000, time=65.02s.
-- 75/344 [21.8%], loss=0.0782, dgw=0.0782, reg=0.0000, time=47.33s.
-- 100/344 [29.1%], loss=0.0957, dgw=0.0957, reg=0.0000, time=49.15s.
-- 125/344 [36.3%], loss=0.0978, dgw=0.0978, reg=0.0000, time=38.21s.
-- 150/344 [43.6%], loss=0.1014, dgw=0.1014, reg=0.0000, time=56.89s.
-- 175/344 [50.9%], loss=0.0829, dgw=0.0829, reg=0.0000, time=45.10s.
-- 200/344 [58.1%], loss=0.0875, dgw=0.0875, reg=0.0000, time=71.48s.
-- 225/344 [65.4%], loss=0.0907, dgw=0.0907, reg=0.0000, time=42.94s.
-- 250/344 [72.7%], loss=0.0847, dgw=0.0847, reg=0.0000, time=56.69s.
-- 275/344 [79.9%], loss=0.0969, dgw=0.0969, reg=0.0000, time=72.50s.
-- 300/344 [87.2%], loss=0.0765, dgw=0.0765, reg=0.0000, time=69.29s.
-- 325/344 [94.5%], loss=0.0902, dgw=0.0902, reg=0.0000, time=61.46s.
-- 344/344 [100.0%], loss=0.1048, dgw=0.1048, reg=0.0000, time=27.08s.
fit: Epoch 8/15, loss = 0.0907, best loss = 0.0907
results/PTC_MR_Our_Spectral_usl_tsne_fit_8.pdf
-- 25/344 [7.3%], loss=0.0720, dgw=0.0720, reg=0.0000, time=45.14s.
-- 50/344 [14.5%], loss=0.0992, dgw=0.0992, reg=0.0000, time=68.21s.
-- 75/344 [21.8%], loss=0.0858, dgw=0.0858, reg=0.0000, time=63.08s.
-- 100/344 [29.1%], loss=0.0756, dgw=0.0756, reg=0.0000, time=58.49s.
-- 125/344 [36.3%], loss=0.0872, dgw=0.0872, reg=0.0000, time=43.79s.
-- 150/344 [43.6%], loss=0.1005, dgw=0.1005, reg=0.0000, time=39.65s.
-- 175/344 [50.9%], loss=0.0794, dgw=0.0794, reg=0.0000, time=57.35s.
-- 200/344 [58.1%], loss=0.0831, dgw=0.0831, reg=0.0000, time=53.18s.
-- 225/344 [65.4%], loss=0.0791, dgw=0.0791, reg=0.0000, time=43.56s.
-- 250/344 [72.7%], loss=0.0921, dgw=0.0921, reg=0.0000, time=54.84s.
-- 275/344 [79.9%], loss=0.0833, dgw=0.0833, reg=0.0000, time=53.31s.
-- 300/344 [87.2%], loss=0.0777, dgw=0.0777, reg=0.0000, time=40.02s.
-- 325/344 [94.5%], loss=0.0919, dgw=0.0919, reg=0.0000, time=41.55s.
-- 344/344 [100.0%], loss=0.0694, dgw=0.0694, reg=0.0000, time=37.59s.
fit: Epoch 9/15, loss = 0.0843, best loss = 0.0843
results/PTC_MR_Our_Spectral_usl_tsne_fit_9.pdf
-- 25/344 [7.3%], loss=0.0762, dgw=0.0762, reg=0.0000, time=48.42s.
-- 50/344 [14.5%], loss=0.0918, dgw=0.0918, reg=0.0000, time=51.39s.
-- 75/344 [21.8%], loss=0.0782, dgw=0.0782, reg=0.0000, time=37.05s.
-- 100/344 [29.1%], loss=0.0895, dgw=0.0895, reg=0.0000, time=44.31s.
-- 125/344 [36.3%], loss=0.0686, dgw=0.0686, reg=0.0000, time=59.43s.
-- 150/344 [43.6%], loss=0.0845, dgw=0.0845, reg=0.0000, time=53.62s.
-- 175/344 [50.9%], loss=0.0901, dgw=0.0901, reg=0.0000, time=48.75s.
-- 200/344 [58.1%], loss=0.0749, dgw=0.0749, reg=0.0000, time=56.18s.
-- 225/344 [65.4%], loss=0.0663, dgw=0.0663, reg=0.0000, time=50.38s.
-- 250/344 [72.7%], loss=0.0886, dgw=0.0886, reg=0.0000, time=36.97s.
-- 275/344 [79.9%], loss=0.0640, dgw=0.0640, reg=0.0000, time=71.57s.
-- 300/344 [87.2%], loss=0.0750, dgw=0.0750, reg=0.0000, time=60.39s.
-- 325/344 [94.5%], loss=0.0774, dgw=0.0774, reg=0.0000, time=49.97s.
-- 344/344 [100.0%], loss=0.0800, dgw=0.0800, reg=0.0000, time=47.06s.
fit: Epoch 10/15, loss = 0.0789, best loss = 0.0789
results/PTC_MR_Our_Spectral_usl_tsne_fit_10.pdf
-- 25/344 [7.3%], loss=0.0686, dgw=0.0686, reg=0.0000, time=39.93s.
-- 50/344 [14.5%], loss=0.0700, dgw=0.0700, reg=0.0000, time=42.39s.
-- 75/344 [21.8%], loss=0.0655, dgw=0.0655, reg=0.0000, time=45.06s.
-- 100/344 [29.1%], loss=0.0721, dgw=0.0721, reg=0.0000, time=60.08s.
-- 125/344 [36.3%], loss=0.0615, dgw=0.0615, reg=0.0000, time=43.03s.
-- 150/344 [43.6%], loss=0.0941, dgw=0.0941, reg=0.0000, time=43.72s.
-- 175/344 [50.9%], loss=0.0808, dgw=0.0808, reg=0.0000, time=39.14s.
-- 200/344 [58.1%], loss=0.0962, dgw=0.0962, reg=0.0000, time=38.17s.
-- 225/344 [65.4%], loss=0.0740, dgw=0.0740, reg=0.0000, time=51.09s.
-- 250/344 [72.7%], loss=0.0584, dgw=0.0584, reg=0.0000, time=57.81s.
-- 275/344 [79.9%], loss=0.0612, dgw=0.0612, reg=0.0000, time=40.43s.
-- 300/344 [87.2%], loss=0.0759, dgw=0.0759, reg=0.0000, time=50.66s.
-- 325/344 [94.5%], loss=0.0754, dgw=0.0754, reg=0.0000, time=47.49s.
-- 344/344 [100.0%], loss=0.0895, dgw=0.0895, reg=0.0000, time=36.06s.
fit: Epoch 11/15, loss = 0.0742, best loss = 0.0742
results/PTC_MR_Our_Spectral_usl_tsne_fit_11.pdf
-- 25/344 [7.3%], loss=0.0706, dgw=0.0706, reg=0.0000, time=39.25s.
-- 50/344 [14.5%], loss=0.0540, dgw=0.0540, reg=0.0000, time=37.50s.
-- 75/344 [21.8%], loss=0.0769, dgw=0.0769, reg=0.0000, time=50.17s.
-- 100/344 [29.1%], loss=0.0602, dgw=0.0602, reg=0.0000, time=41.87s.
-- 125/344 [36.3%], loss=0.0715, dgw=0.0715, reg=0.0000, time=40.79s.
-- 150/344 [43.6%], loss=0.0564, dgw=0.0564, reg=0.0000, time=33.15s.
-- 175/344 [50.9%], loss=0.0562, dgw=0.0562, reg=0.0000, time=48.65s.
-- 200/344 [58.1%], loss=0.0850, dgw=0.0850, reg=0.0000, time=44.69s.
-- 225/344 [65.4%], loss=0.0806, dgw=0.0806, reg=0.0000, time=38.54s.
-- 250/344 [72.7%], loss=0.0717, dgw=0.0717, reg=0.0000, time=37.68s.
-- 275/344 [79.9%], loss=0.0896, dgw=0.0896, reg=0.0000, time=57.41s.
-- 300/344 [87.2%], loss=0.0713, dgw=0.0713, reg=0.0000, time=52.81s.
-- 325/344 [94.5%], loss=0.0773, dgw=0.0773, reg=0.0000, time=37.63s.
-- 344/344 [100.0%], loss=0.0682, dgw=0.0682, reg=0.0000, time=34.53s.
fit: Epoch 12/15, loss = 0.0707, best loss = 0.0707
results/PTC_MR_Our_Spectral_usl_tsne_fit_12.pdf
-- 25/344 [7.3%], loss=0.0647, dgw=0.0647, reg=0.0000, time=33.94s.
-- 50/344 [14.5%], loss=0.0620, dgw=0.0620, reg=0.0000, time=48.96s.
-- 75/344 [21.8%], loss=0.0666, dgw=0.0666, reg=0.0000, time=46.13s.
-- 100/344 [29.1%], loss=0.0845, dgw=0.0845, reg=0.0000, time=42.79s.
-- 125/344 [36.3%], loss=0.0728, dgw=0.0728, reg=0.0000, time=40.14s.
-- 150/344 [43.6%], loss=0.0692, dgw=0.0692, reg=0.0000, time=39.41s.
-- 175/344 [50.9%], loss=0.0655, dgw=0.0655, reg=0.0000, time=36.37s.
-- 200/344 [58.1%], loss=0.0639, dgw=0.0639, reg=0.0000, time=42.80s.
-- 225/344 [65.4%], loss=0.0704, dgw=0.0704, reg=0.0000, time=54.26s.
-- 250/344 [72.7%], loss=0.0678, dgw=0.0678, reg=0.0000, time=40.47s.
-- 275/344 [79.9%], loss=0.0698, dgw=0.0698, reg=0.0000, time=47.68s.
-- 300/344 [87.2%], loss=0.0761, dgw=0.0761, reg=0.0000, time=37.71s.
-- 325/344 [94.5%], loss=0.0532, dgw=0.0532, reg=0.0000, time=42.04s.
-- 344/344 [100.0%], loss=0.0513, dgw=0.0513, reg=0.0000, time=31.38s.
fit: Epoch 13/15, loss = 0.0672, best loss = 0.0672
results/PTC_MR_Our_Spectral_usl_tsne_fit_13.pdf
-- 25/344 [7.3%], loss=0.0526, dgw=0.0526, reg=0.0000, time=54.01s.
-- 50/344 [14.5%], loss=0.0618, dgw=0.0618, reg=0.0000, time=53.98s.
-- 75/344 [21.8%], loss=0.0560, dgw=0.0560, reg=0.0000, time=54.90s.
-- 100/344 [29.1%], loss=0.0659, dgw=0.0659, reg=0.0000, time=58.78s.
-- 125/344 [36.3%], loss=0.0723, dgw=0.0723, reg=0.0000, time=50.96s.
-- 150/344 [43.6%], loss=0.0500, dgw=0.0500, reg=0.0000, time=30.92s.
-- 175/344 [50.9%], loss=0.0803, dgw=0.0803, reg=0.0000, time=42.62s.
-- 200/344 [58.1%], loss=0.0592, dgw=0.0592, reg=0.0000, time=40.65s.
-- 225/344 [65.4%], loss=0.0583, dgw=0.0583, reg=0.0000, time=34.01s.
-- 250/344 [72.7%], loss=0.0831, dgw=0.0831, reg=0.0000, time=35.44s.
-- 275/344 [79.9%], loss=0.0604, dgw=0.0604, reg=0.0000, time=42.55s.
-- 300/344 [87.2%], loss=0.0581, dgw=0.0581, reg=0.0000, time=42.30s.
-- 325/344 [94.5%], loss=0.0666, dgw=0.0666, reg=0.0000, time=42.34s.
-- 344/344 [100.0%], loss=0.0704, dgw=0.0704, reg=0.0000, time=31.39s.
fit: Epoch 14/15, loss = 0.0638, best loss = 0.0638
results/PTC_MR_Our_Spectral_usl_tsne_fit_14.pdf
-- 25/344 [7.3%], loss=0.0712, dgw=0.0712, reg=0.0000, time=45.51s.
-- 50/344 [14.5%], loss=0.0576, dgw=0.0576, reg=0.0000, time=37.53s.
-- 75/344 [21.8%], loss=0.0704, dgw=0.0704, reg=0.0000, time=28.54s.
-- 100/344 [29.1%], loss=0.0686, dgw=0.0686, reg=0.0000, time=44.95s.
-- 125/344 [36.3%], loss=0.0492, dgw=0.0492, reg=0.0000, time=43.74s.
-- 150/344 [43.6%], loss=0.0698, dgw=0.0698, reg=0.0000, time=35.85s.
-- 175/344 [50.9%], loss=0.0697, dgw=0.0697, reg=0.0000, time=34.56s.
-- 200/344 [58.1%], loss=0.0582, dgw=0.0582, reg=0.0000, time=38.00s.
-- 225/344 [65.4%], loss=0.0715, dgw=0.0715, reg=0.0000, time=26.29s.
-- 250/344 [72.7%], loss=0.0540, dgw=0.0540, reg=0.0000, time=41.94s.
-- 275/344 [79.9%], loss=0.0475, dgw=0.0475, reg=0.0000, time=49.24s.
-- 300/344 [87.2%], loss=0.0534, dgw=0.0534, reg=0.0000, time=50.22s.
-- 325/344 [94.5%], loss=0.0586, dgw=0.0586, reg=0.0000, time=45.24s.
-- 344/344 [100.0%], loss=0.0535, dgw=0.0535, reg=0.0000, time=26.02s.
fit: Epoch 15/15, loss = 0.0611, best loss = 0.0611
results/PTC_MR_Our_Spectral_usl_tsne_fit_15.pdf
Best Acc  : 0.5465116279069768
Rand Score: 0.5028815512916129
Done!
