MORE THAN 2 CLASSES!
-- 25/592 [4.2%], loss=0.2467, dgw=0.2467, reg=0.0000, time=10.44s.
-- 50/592 [8.4%], loss=0.2330, dgw=0.2330, reg=0.0000, time=11.95s.
-- 75/592 [12.7%], loss=0.2341, dgw=0.2341, reg=0.0000, time=14.43s.
-- 100/592 [16.9%], loss=0.2375, dgw=0.2375, reg=0.0000, time=19.22s.
-- 125/592 [21.1%], loss=0.2294, dgw=0.2294, reg=0.0000, time=16.19s.
-- 150/592 [25.3%], loss=0.2340, dgw=0.2340, reg=0.0000, time=15.91s.
-- 175/592 [29.6%], loss=0.2351, dgw=0.2351, reg=0.0000, time=19.32s.
-- 200/592 [33.8%], loss=0.2200, dgw=0.2200, reg=0.0000, time=30.15s.
-- 225/592 [38.0%], loss=0.2215, dgw=0.2215, reg=0.0000, time=28.02s.
-- 250/592 [42.2%], loss=0.2169, dgw=0.2169, reg=0.0000, time=30.14s.
-- 275/592 [46.5%], loss=0.2268, dgw=0.2268, reg=0.0000, time=45.71s.
-- 300/592 [50.7%], loss=0.2201, dgw=0.2201, reg=0.0000, time=43.61s.
-- 325/592 [54.9%], loss=0.2177, dgw=0.2177, reg=0.0000, time=44.16s.
-- 350/592 [59.1%], loss=0.2120, dgw=0.2120, reg=0.0000, time=42.46s.
-- 375/592 [63.3%], loss=0.2183, dgw=0.2183, reg=0.0000, time=35.94s.
-- 400/592 [67.6%], loss=0.2109, dgw=0.2109, reg=0.0000, time=41.87s.
-- 425/592 [71.8%], loss=0.2121, dgw=0.2121, reg=0.0000, time=59.14s.
-- 450/592 [76.0%], loss=0.2101, dgw=0.2101, reg=0.0000, time=41.70s.
-- 475/592 [80.2%], loss=0.1982, dgw=0.1982, reg=0.0000, time=37.23s.
-- 500/592 [84.5%], loss=0.2052, dgw=0.2052, reg=0.0000, time=41.31s.
-- 525/592 [88.7%], loss=0.2092, dgw=0.2092, reg=0.0000, time=41.60s.
-- 550/592 [92.9%], loss=0.2052, dgw=0.2052, reg=0.0000, time=51.46s.
-- 575/592 [97.1%], loss=0.2053, dgw=0.2053, reg=0.0000, time=28.49s.
-- 592/592 [100.0%], loss=0.2053, dgw=0.2053, reg=0.0000, time=19.83s.
fit: Epoch 1/15, loss = 0.2196, best loss = 0.2196
results/ENZYMES_Jin_Multi_usl_tsne_fit_1.pdf
-- 25/592 [4.2%], loss=0.1935, dgw=0.1935, reg=0.0000, time=58.90s.
-- 50/592 [8.4%], loss=0.1999, dgw=0.1999, reg=0.0000, time=44.34s.
-- 75/592 [12.7%], loss=0.1927, dgw=0.1927, reg=0.0000, time=42.90s.
-- 100/592 [16.9%], loss=0.1924, dgw=0.1924, reg=0.0000, time=54.60s.
-- 125/592 [21.1%], loss=0.1920, dgw=0.1920, reg=0.0000, time=51.27s.
-- 150/592 [25.3%], loss=0.1922, dgw=0.1922, reg=0.0000, time=48.10s.
-- 175/592 [29.6%], loss=0.1788, dgw=0.1788, reg=0.0000, time=36.88s.
-- 200/592 [33.8%], loss=0.1915, dgw=0.1915, reg=0.0000, time=34.86s.
-- 225/592 [38.0%], loss=0.1884, dgw=0.1884, reg=0.0000, time=59.85s.
-- 250/592 [42.2%], loss=0.1886, dgw=0.1886, reg=0.0000, time=63.74s.
-- 275/592 [46.5%], loss=0.1816, dgw=0.1816, reg=0.0000, time=38.13s.
-- 300/592 [50.7%], loss=0.1765, dgw=0.1765, reg=0.0000, time=41.91s.
-- 325/592 [54.9%], loss=0.1803, dgw=0.1803, reg=0.0000, time=50.80s.
-- 350/592 [59.1%], loss=0.1709, dgw=0.1709, reg=0.0000, time=58.01s.
-- 375/592 [63.3%], loss=0.1808, dgw=0.1808, reg=0.0000, time=55.09s.
-- 400/592 [67.6%], loss=0.1732, dgw=0.1732, reg=0.0000, time=44.16s.
-- 425/592 [71.8%], loss=0.1703, dgw=0.1703, reg=0.0000, time=55.66s.
-- 450/592 [76.0%], loss=0.1646, dgw=0.1646, reg=0.0000, time=53.79s.
-- 475/592 [80.2%], loss=0.1727, dgw=0.1727, reg=0.0000, time=44.74s.
-- 500/592 [84.5%], loss=0.1825, dgw=0.1825, reg=0.0000, time=46.82s.
-- 525/592 [88.7%], loss=0.1693, dgw=0.1693, reg=0.0000, time=32.55s.
-- 550/592 [92.9%], loss=0.1720, dgw=0.1720, reg=0.0000, time=40.09s.
-- 575/592 [97.1%], loss=0.1678, dgw=0.1678, reg=0.0000, time=53.95s.
-- 592/592 [100.0%], loss=0.1588, dgw=0.1588, reg=0.0000, time=37.46s.
fit: Epoch 2/15, loss = 0.1808, best loss = 0.1808
results/ENZYMES_Jin_Multi_usl_tsne_fit_2.pdf
-- 25/592 [4.2%], loss=0.1667, dgw=0.1667, reg=0.0000, time=61.83s.
-- 50/592 [8.4%], loss=0.1612, dgw=0.1612, reg=0.0000, time=46.87s.
-- 75/592 [12.7%], loss=0.1607, dgw=0.1607, reg=0.0000, time=46.09s.
-- 100/592 [16.9%], loss=0.1575, dgw=0.1575, reg=0.0000, time=35.81s.
-- 125/592 [21.1%], loss=0.1587, dgw=0.1587, reg=0.0000, time=50.15s.
-- 150/592 [25.3%], loss=0.1633, dgw=0.1633, reg=0.0000, time=50.16s.
-- 175/592 [29.6%], loss=0.1491, dgw=0.1491, reg=0.0000, time=27.81s.
-- 200/592 [33.8%], loss=0.1534, dgw=0.1534, reg=0.0000, time=43.75s.
-- 225/592 [38.0%], loss=0.1525, dgw=0.1525, reg=0.0000, time=44.86s.
-- 250/592 [42.2%], loss=0.1547, dgw=0.1547, reg=0.0000, time=59.71s.
-- 275/592 [46.5%], loss=0.1467, dgw=0.1467, reg=0.0000, time=42.21s.
-- 300/592 [50.7%], loss=0.1512, dgw=0.1512, reg=0.0000, time=52.32s.
-- 325/592 [54.9%], loss=0.1483, dgw=0.1483, reg=0.0000, time=42.26s.
-- 350/592 [59.1%], loss=0.1444, dgw=0.1444, reg=0.0000, time=36.59s.
-- 375/592 [63.3%], loss=0.1465, dgw=0.1465, reg=0.0000, time=34.86s.
-- 400/592 [67.6%], loss=0.1454, dgw=0.1454, reg=0.0000, time=39.68s.
-- 425/592 [71.8%], loss=0.1445, dgw=0.1445, reg=0.0000, time=41.22s.
-- 450/592 [76.0%], loss=0.1457, dgw=0.1457, reg=0.0000, time=39.73s.
-- 475/592 [80.2%], loss=0.1491, dgw=0.1491, reg=0.0000, time=35.68s.
-- 500/592 [84.5%], loss=0.1417, dgw=0.1417, reg=0.0000, time=33.24s.
-- 525/592 [88.7%], loss=0.1452, dgw=0.1452, reg=0.0000, time=42.11s.
-- 550/592 [92.9%], loss=0.1375, dgw=0.1375, reg=0.0000, time=40.93s.
-- 575/592 [97.1%], loss=0.1397, dgw=0.1397, reg=0.0000, time=32.52s.
-- 592/592 [100.0%], loss=0.1375, dgw=0.1375, reg=0.0000, time=19.46s.
fit: Epoch 3/15, loss = 0.1502, best loss = 0.1502
results/ENZYMES_Jin_Multi_usl_tsne_fit_3.pdf
-- 25/592 [4.2%], loss=0.1325, dgw=0.1325, reg=0.0000, time=41.86s.
-- 50/592 [8.4%], loss=0.1354, dgw=0.1354, reg=0.0000, time=43.71s.
-- 75/592 [12.7%], loss=0.1392, dgw=0.1392, reg=0.0000, time=38.96s.
-- 100/592 [16.9%], loss=0.1370, dgw=0.1370, reg=0.0000, time=34.98s.
-- 125/592 [21.1%], loss=0.1403, dgw=0.1403, reg=0.0000, time=41.37s.
-- 150/592 [25.3%], loss=0.1343, dgw=0.1343, reg=0.0000, time=43.85s.
-- 175/592 [29.6%], loss=0.1301, dgw=0.1301, reg=0.0000, time=38.46s.
-- 200/592 [33.8%], loss=0.1324, dgw=0.1324, reg=0.0000, time=45.39s.
-- 225/592 [38.0%], loss=0.1228, dgw=0.1228, reg=0.0000, time=41.57s.
-- 250/592 [42.2%], loss=0.1272, dgw=0.1272, reg=0.0000, time=25.81s.
-- 275/592 [46.5%], loss=0.1344, dgw=0.1344, reg=0.0000, time=45.81s.
-- 300/592 [50.7%], loss=0.1270, dgw=0.1270, reg=0.0000, time=49.56s.
-- 325/592 [54.9%], loss=0.1278, dgw=0.1278, reg=0.0000, time=39.14s.
-- 350/592 [59.1%], loss=0.1228, dgw=0.1228, reg=0.0000, time=42.15s.
-- 375/592 [63.3%], loss=0.1210, dgw=0.1210, reg=0.0000, time=48.43s.
-- 400/592 [67.6%], loss=0.1235, dgw=0.1235, reg=0.0000, time=53.13s.
-- 425/592 [71.8%], loss=0.1151, dgw=0.1151, reg=0.0000, time=52.73s.
-- 450/592 [76.0%], loss=0.1230, dgw=0.1230, reg=0.0000, time=52.88s.
-- 475/592 [80.2%], loss=0.1202, dgw=0.1202, reg=0.0000, time=52.24s.
-- 500/592 [84.5%], loss=0.1248, dgw=0.1248, reg=0.0000, time=38.10s.
-- 525/592 [88.7%], loss=0.1169, dgw=0.1169, reg=0.0000, time=42.83s.
-- 550/592 [92.9%], loss=0.1256, dgw=0.1256, reg=0.0000, time=45.84s.
-- 575/592 [97.1%], loss=0.1153, dgw=0.1153, reg=0.0000, time=52.91s.
-- 592/592 [100.0%], loss=0.1158, dgw=0.1158, reg=0.0000, time=43.26s.
fit: Epoch 4/15, loss = 0.1270, best loss = 0.1270
results/ENZYMES_Jin_Multi_usl_tsne_fit_4.pdf
-- 25/592 [4.2%], loss=0.1174, dgw=0.1174, reg=0.0000, time=49.75s.
-- 50/592 [8.4%], loss=0.1168, dgw=0.1168, reg=0.0000, time=53.82s.
-- 75/592 [12.7%], loss=0.1210, dgw=0.1210, reg=0.0000, time=51.36s.
-- 100/592 [16.9%], loss=0.1184, dgw=0.1184, reg=0.0000, time=46.95s.
-- 125/592 [21.1%], loss=0.1130, dgw=0.1130, reg=0.0000, time=51.64s.
-- 150/592 [25.3%], loss=0.1109, dgw=0.1109, reg=0.0000, time=30.34s.
-- 175/592 [29.6%], loss=0.1104, dgw=0.1104, reg=0.0000, time=47.05s.
-- 200/592 [33.8%], loss=0.1119, dgw=0.1119, reg=0.0000, time=54.88s.
-- 225/592 [38.0%], loss=0.1094, dgw=0.1094, reg=0.0000, time=58.45s.
-- 250/592 [42.2%], loss=0.1136, dgw=0.1136, reg=0.0000, time=48.39s.
-- 275/592 [46.5%], loss=0.1082, dgw=0.1082, reg=0.0000, time=47.79s.
-- 300/592 [50.7%], loss=0.1067, dgw=0.1067, reg=0.0000, time=43.89s.
-- 325/592 [54.9%], loss=0.1078, dgw=0.1078, reg=0.0000, time=34.69s.
-- 350/592 [59.1%], loss=0.1102, dgw=0.1102, reg=0.0000, time=50.14s.
-- 375/592 [63.3%], loss=0.1086, dgw=0.1086, reg=0.0000, time=46.35s.
-- 400/592 [67.6%], loss=0.1054, dgw=0.1054, reg=0.0000, time=21.30s.
-- 425/592 [71.8%], loss=0.1062, dgw=0.1062, reg=0.0000, time=30.99s.
-- 450/592 [76.0%], loss=0.1099, dgw=0.1099, reg=0.0000, time=55.70s.
-- 475/592 [80.2%], loss=0.0995, dgw=0.0995, reg=0.0000, time=61.45s.
-- 500/592 [84.5%], loss=0.1036, dgw=0.1036, reg=0.0000, time=47.75s.
-- 525/592 [88.7%], loss=0.1090, dgw=0.1090, reg=0.0000, time=51.79s.
-- 550/592 [92.9%], loss=0.1038, dgw=0.1038, reg=0.0000, time=43.72s.
-- 575/592 [97.1%], loss=0.1002, dgw=0.1002, reg=0.0000, time=46.61s.
-- 592/592 [100.0%], loss=0.1087, dgw=0.1087, reg=0.0000, time=32.65s.
fit: Epoch 5/15, loss = 0.1096, best loss = 0.1096
results/ENZYMES_Jin_Multi_usl_tsne_fit_5.pdf
-- 25/592 [4.2%], loss=0.0982, dgw=0.0982, reg=0.0000, time=34.41s.
-- 50/592 [8.4%], loss=0.0995, dgw=0.0995, reg=0.0000, time=37.03s.
-- 75/592 [12.7%], loss=0.1072, dgw=0.1072, reg=0.0000, time=55.73s.
-- 100/592 [16.9%], loss=0.0964, dgw=0.0964, reg=0.0000, time=37.43s.
-- 125/592 [21.1%], loss=0.1025, dgw=0.1025, reg=0.0000, time=56.21s.
-- 150/592 [25.3%], loss=0.0949, dgw=0.0949, reg=0.0000, time=52.55s.
-- 175/592 [29.6%], loss=0.1045, dgw=0.1045, reg=0.0000, time=51.96s.
-- 200/592 [33.8%], loss=0.0947, dgw=0.0947, reg=0.0000, time=48.81s.
-- 225/592 [38.0%], loss=0.0946, dgw=0.0946, reg=0.0000, time=53.18s.
-- 250/592 [42.2%], loss=0.0944, dgw=0.0944, reg=0.0000, time=44.60s.
-- 275/592 [46.5%], loss=0.0957, dgw=0.0957, reg=0.0000, time=52.19s.
-- 300/592 [50.7%], loss=0.0945, dgw=0.0945, reg=0.0000, time=61.49s.
-- 325/592 [54.9%], loss=0.0997, dgw=0.0997, reg=0.0000, time=50.07s.
-- 350/592 [59.1%], loss=0.0970, dgw=0.0970, reg=0.0000, time=33.19s.
-- 375/592 [63.3%], loss=0.0925, dgw=0.0925, reg=0.0000, time=46.56s.
-- 400/592 [67.6%], loss=0.0988, dgw=0.0988, reg=0.0000, time=44.89s.
-- 425/592 [71.8%], loss=0.0982, dgw=0.0982, reg=0.0000, time=42.19s.
-- 450/592 [76.0%], loss=0.0942, dgw=0.0942, reg=0.0000, time=50.19s.
-- 475/592 [80.2%], loss=0.0888, dgw=0.0888, reg=0.0000, time=51.26s.
-- 500/592 [84.5%], loss=0.0921, dgw=0.0921, reg=0.0000, time=46.44s.
-- 525/592 [88.7%], loss=0.0960, dgw=0.0960, reg=0.0000, time=40.92s.
-- 550/592 [92.9%], loss=0.0896, dgw=0.0896, reg=0.0000, time=62.62s.
-- 575/592 [97.1%], loss=0.0963, dgw=0.0963, reg=0.0000, time=47.52s.
-- 592/592 [100.0%], loss=0.0897, dgw=0.0897, reg=0.0000, time=26.22s.
fit: Epoch 6/15, loss = 0.0963, best loss = 0.0963
results/ENZYMES_Jin_Multi_usl_tsne_fit_6.pdf
-- 25/592 [4.2%], loss=0.0846, dgw=0.0846, reg=0.0000, time=47.20s.
-- 50/592 [8.4%], loss=0.0887, dgw=0.0887, reg=0.0000, time=36.57s.
-- 75/592 [12.7%], loss=0.0853, dgw=0.0853, reg=0.0000, time=39.97s.
-- 100/592 [16.9%], loss=0.0997, dgw=0.0997, reg=0.0000, time=56.49s.
-- 125/592 [21.1%], loss=0.0837, dgw=0.0837, reg=0.0000, time=32.52s.
-- 150/592 [25.3%], loss=0.0823, dgw=0.0823, reg=0.0000, time=52.16s.
-- 175/592 [29.6%], loss=0.0887, dgw=0.0887, reg=0.0000, time=37.64s.
-- 200/592 [33.8%], loss=0.0888, dgw=0.0888, reg=0.0000, time=54.67s.
-- 225/592 [38.0%], loss=0.0869, dgw=0.0869, reg=0.0000, time=47.73s.
-- 250/592 [42.2%], loss=0.1007, dgw=0.1007, reg=0.0000, time=49.31s.
-- 275/592 [46.5%], loss=0.0930, dgw=0.0930, reg=0.0000, time=43.45s.
-- 300/592 [50.7%], loss=0.0855, dgw=0.0855, reg=0.0000, time=46.36s.
-- 325/592 [54.9%], loss=0.0815, dgw=0.0815, reg=0.0000, time=31.63s.
-- 350/592 [59.1%], loss=0.0841, dgw=0.0841, reg=0.0000, time=42.61s.
-- 375/592 [63.3%], loss=0.0780, dgw=0.0780, reg=0.0000, time=47.43s.
-- 400/592 [67.6%], loss=0.0879, dgw=0.0879, reg=0.0000, time=26.96s.
-- 425/592 [71.8%], loss=0.0825, dgw=0.0825, reg=0.0000, time=42.10s.
-- 450/592 [76.0%], loss=0.0979, dgw=0.0979, reg=0.0000, time=42.50s.
-- 475/592 [80.2%], loss=0.0795, dgw=0.0795, reg=0.0000, time=42.27s.
-- 500/592 [84.5%], loss=0.0833, dgw=0.0833, reg=0.0000, time=47.47s.
-- 525/592 [88.7%], loss=0.0854, dgw=0.0854, reg=0.0000, time=37.52s.
-- 550/592 [92.9%], loss=0.0796, dgw=0.0796, reg=0.0000, time=27.51s.
-- 575/592 [97.1%], loss=0.0784, dgw=0.0784, reg=0.0000, time=40.75s.
-- 592/592 [100.0%], loss=0.0814, dgw=0.0814, reg=0.0000, time=27.39s.
fit: Epoch 7/15, loss = 0.0862, best loss = 0.0862
results/ENZYMES_Jin_Multi_usl_tsne_fit_7.pdf
-- 25/592 [4.2%], loss=0.0770, dgw=0.0770, reg=0.0000, time=40.36s.
-- 50/592 [8.4%], loss=0.0741, dgw=0.0741, reg=0.0000, time=38.84s.
-- 75/592 [12.7%], loss=0.0768, dgw=0.0768, reg=0.0000, time=52.61s.
-- 100/592 [16.9%], loss=0.0838, dgw=0.0838, reg=0.0000, time=47.47s.
-- 125/592 [21.1%], loss=0.0732, dgw=0.0732, reg=0.0000, time=31.90s.
-- 150/592 [25.3%], loss=0.1025, dgw=0.1025, reg=0.0000, time=37.41s.
-- 175/592 [29.6%], loss=0.0780, dgw=0.0780, reg=0.0000, time=46.42s.
-- 200/592 [33.8%], loss=0.0773, dgw=0.0773, reg=0.0000, time=45.82s.
-- 225/592 [38.0%], loss=0.0839, dgw=0.0839, reg=0.0000, time=34.72s.
-- 250/592 [42.2%], loss=0.0720, dgw=0.0720, reg=0.0000, time=30.00s.
-- 275/592 [46.5%], loss=0.0753, dgw=0.0753, reg=0.0000, time=45.86s.
-- 300/592 [50.7%], loss=0.0753, dgw=0.0753, reg=0.0000, time=31.89s.
-- 325/592 [54.9%], loss=0.0785, dgw=0.0785, reg=0.0000, time=35.16s.
-- 350/592 [59.1%], loss=0.0765, dgw=0.0765, reg=0.0000, time=28.16s.
-- 375/592 [63.3%], loss=0.0761, dgw=0.0761, reg=0.0000, time=44.38s.
-- 400/592 [67.6%], loss=0.0837, dgw=0.0837, reg=0.0000, time=33.91s.
-- 425/592 [71.8%], loss=0.0744, dgw=0.0744, reg=0.0000, time=28.44s.
-- 450/592 [76.0%], loss=0.0754, dgw=0.0754, reg=0.0000, time=37.40s.
-- 475/592 [80.2%], loss=0.0743, dgw=0.0743, reg=0.0000, time=37.12s.
-- 500/592 [84.5%], loss=0.0768, dgw=0.0768, reg=0.0000, time=32.08s.
-- 525/592 [88.7%], loss=0.0848, dgw=0.0848, reg=0.0000, time=38.22s.
-- 550/592 [92.9%], loss=0.0703, dgw=0.0703, reg=0.0000, time=28.14s.
-- 575/592 [97.1%], loss=0.0694, dgw=0.0694, reg=0.0000, time=39.05s.
-- 592/592 [100.0%], loss=0.0823, dgw=0.0823, reg=0.0000, time=25.65s.
fit: Epoch 8/15, loss = 0.0779, best loss = 0.0779
results/ENZYMES_Jin_Multi_usl_tsne_fit_8.pdf
-- 25/592 [4.2%], loss=0.0752, dgw=0.0752, reg=0.0000, time=42.30s.
-- 50/592 [8.4%], loss=0.0670, dgw=0.0670, reg=0.0000, time=25.92s.
-- 75/592 [12.7%], loss=0.0774, dgw=0.0774, reg=0.0000, time=25.73s.
-- 100/592 [16.9%], loss=0.0702, dgw=0.0702, reg=0.0000, time=42.08s.
-- 125/592 [21.1%], loss=0.0692, dgw=0.0692, reg=0.0000, time=41.41s.
-- 150/592 [25.3%], loss=0.0713, dgw=0.0713, reg=0.0000, time=42.41s.
-- 175/592 [29.6%], loss=0.0763, dgw=0.0763, reg=0.0000, time=34.61s.
-- 200/592 [33.8%], loss=0.0686, dgw=0.0686, reg=0.0000, time=36.76s.
-- 225/592 [38.0%], loss=0.0752, dgw=0.0752, reg=0.0000, time=36.31s.
-- 250/592 [42.2%], loss=0.0659, dgw=0.0659, reg=0.0000, time=25.65s.
-- 275/592 [46.5%], loss=0.0659, dgw=0.0659, reg=0.0000, time=37.27s.
-- 300/592 [50.7%], loss=0.0649, dgw=0.0649, reg=0.0000, time=25.07s.
-- 325/592 [54.9%], loss=0.0796, dgw=0.0796, reg=0.0000, time=33.25s.
-- 350/592 [59.1%], loss=0.0660, dgw=0.0660, reg=0.0000, time=41.07s.
-- 375/592 [63.3%], loss=0.0721, dgw=0.0721, reg=0.0000, time=37.88s.
-- 400/592 [67.6%], loss=0.0720, dgw=0.0720, reg=0.0000, time=32.27s.
-- 425/592 [71.8%], loss=0.0800, dgw=0.0800, reg=0.0000, time=34.16s.
-- 450/592 [76.0%], loss=0.0655, dgw=0.0655, reg=0.0000, time=30.84s.
-- 475/592 [80.2%], loss=0.0676, dgw=0.0676, reg=0.0000, time=45.11s.
-- 500/592 [84.5%], loss=0.0758, dgw=0.0758, reg=0.0000, time=36.51s.
-- 525/592 [88.7%], loss=0.0644, dgw=0.0644, reg=0.0000, time=37.93s.
-- 550/592 [92.9%], loss=0.0729, dgw=0.0729, reg=0.0000, time=42.14s.
-- 575/592 [97.1%], loss=0.0683, dgw=0.0683, reg=0.0000, time=40.73s.
-- 592/592 [100.0%], loss=0.0846, dgw=0.0846, reg=0.0000, time=34.07s.
fit: Epoch 9/15, loss = 0.0713, best loss = 0.0713
results/ENZYMES_Jin_Multi_usl_tsne_fit_9.pdf
-- 25/592 [4.2%], loss=0.0908, dgw=0.0908, reg=0.0000, time=32.89s.
-- 50/592 [8.4%], loss=0.0670, dgw=0.0670, reg=0.0000, time=36.34s.
-- 75/592 [12.7%], loss=0.0724, dgw=0.0724, reg=0.0000, time=27.42s.
-- 100/592 [16.9%], loss=0.0607, dgw=0.0607, reg=0.0000, time=35.63s.
-- 125/592 [21.1%], loss=0.0648, dgw=0.0648, reg=0.0000, time=30.08s.
-- 150/592 [25.3%], loss=0.0615, dgw=0.0615, reg=0.0000, time=36.91s.
-- 175/592 [29.6%], loss=0.0710, dgw=0.0710, reg=0.0000, time=41.07s.
-- 200/592 [33.8%], loss=0.0763, dgw=0.0763, reg=0.0000, time=31.75s.
-- 225/592 [38.0%], loss=0.0589, dgw=0.0589, reg=0.0000, time=26.80s.
-- 250/592 [42.2%], loss=0.0706, dgw=0.0706, reg=0.0000, time=38.21s.
-- 275/592 [46.5%], loss=0.0610, dgw=0.0610, reg=0.0000, time=45.01s.
-- 300/592 [50.7%], loss=0.0774, dgw=0.0774, reg=0.0000, time=39.33s.
-- 325/592 [54.9%], loss=0.0632, dgw=0.0632, reg=0.0000, time=36.85s.
-- 350/592 [59.1%], loss=0.0634, dgw=0.0634, reg=0.0000, time=30.31s.
-- 375/592 [63.3%], loss=0.0634, dgw=0.0634, reg=0.0000, time=40.09s.
-- 400/592 [67.6%], loss=0.0797, dgw=0.0797, reg=0.0000, time=37.36s.
-- 425/592 [71.8%], loss=0.0679, dgw=0.0679, reg=0.0000, time=35.65s.
-- 450/592 [76.0%], loss=0.0745, dgw=0.0745, reg=0.0000, time=38.77s.
-- 475/592 [80.2%], loss=0.0695, dgw=0.0695, reg=0.0000, time=32.50s.
-- 500/592 [84.5%], loss=0.0848, dgw=0.0848, reg=0.0000, time=31.37s.
-- 525/592 [88.7%], loss=0.0802, dgw=0.0802, reg=0.0000, time=36.32s.
-- 550/592 [92.9%], loss=0.0721, dgw=0.0721, reg=0.0000, time=37.20s.
-- 575/592 [97.1%], loss=0.0970, dgw=0.0970, reg=0.0000, time=39.25s.
-- 592/592 [100.0%], loss=0.1003, dgw=0.1003, reg=0.0000, time=21.89s.
fit: Epoch 10/15, loss = 0.0725, best loss = 0.0713
results/ENZYMES_Jin_Multi_usl_tsne_fit_10.pdf
-- 25/592 [4.2%], loss=0.1281, dgw=0.1281, reg=0.0000, time=34.52s.
-- 50/592 [8.4%], loss=0.1260, dgw=0.1260, reg=0.0000, time=34.85s.
-- 75/592 [12.7%], loss=0.1053, dgw=0.1053, reg=0.0000, time=40.81s.
-- 100/592 [16.9%], loss=0.1234, dgw=0.1234, reg=0.0000, time=30.23s.
-- 125/592 [21.1%], loss=0.1296, dgw=0.1296, reg=0.0000, time=29.36s.
-- 150/592 [25.3%], loss=0.1367, dgw=0.1367, reg=0.0000, time=35.58s.
-- 175/592 [29.6%], loss=0.1361, dgw=0.1361, reg=0.0000, time=31.67s.
-- 200/592 [33.8%], loss=0.1665, dgw=0.1665, reg=0.0000, time=26.50s.
-- 225/592 [38.0%], loss=0.1732, dgw=0.1732, reg=0.0000, time=29.46s.
-- 250/592 [42.2%], loss=0.1672, dgw=0.1672, reg=0.0000, time=25.18s.
-- 275/592 [46.5%], loss=0.1513, dgw=0.1513, reg=0.0000, time=24.53s.
-- 300/592 [50.7%], loss=0.1815, dgw=0.1815, reg=0.0000, time=27.60s.
-- 325/592 [54.9%], loss=0.2076, dgw=0.2076, reg=0.0000, time=26.74s.
-- 350/592 [59.1%], loss=0.1911, dgw=0.1911, reg=0.0000, time=36.18s.
-- 375/592 [63.3%], loss=0.2242, dgw=0.2242, reg=0.0000, time=26.64s.
-- 400/592 [67.6%], loss=0.2154, dgw=0.2154, reg=0.0000, time=31.22s.
-- 425/592 [71.8%], loss=0.2616, dgw=0.2616, reg=0.0000, time=25.73s.
-- 450/592 [76.0%], loss=0.1801, dgw=0.1801, reg=0.0000, time=24.71s.
-- 475/592 [80.2%], loss=0.2053, dgw=0.2053, reg=0.0000, time=23.72s.
-- 500/592 [84.5%], loss=0.2166, dgw=0.2166, reg=0.0000, time=23.79s.
-- 525/592 [88.7%], loss=0.2066, dgw=0.2066, reg=0.0000, time=36.90s.
-- 550/592 [92.9%], loss=0.2167, dgw=0.2167, reg=0.0000, time=34.44s.
-- 575/592 [97.1%], loss=0.2076, dgw=0.2076, reg=0.0000, time=34.61s.
-- 592/592 [100.0%], loss=0.2144, dgw=0.2144, reg=0.0000, time=19.91s.
fit: Epoch 11/15, loss = 0.1775, best loss = 0.0713
results/ENZYMES_Jin_Multi_usl_tsne_fit_11.pdf
-- 25/592 [4.2%], loss=0.2235, dgw=0.2235, reg=0.0000, time=25.19s.
-- 50/592 [8.4%], loss=0.2329, dgw=0.2329, reg=0.0000, time=25.13s.
-- 75/592 [12.7%], loss=0.2119, dgw=0.2119, reg=0.0000, time=34.18s.
-- 100/592 [16.9%], loss=0.2144, dgw=0.2144, reg=0.0000, time=33.10s.
-- 125/592 [21.1%], loss=0.1862, dgw=0.1862, reg=0.0000, time=26.63s.
-- 150/592 [25.3%], loss=0.1943, dgw=0.1943, reg=0.0000, time=38.30s.
-- 175/592 [29.6%], loss=0.1957, dgw=0.1957, reg=0.0000, time=33.45s.
-- 200/592 [33.8%], loss=0.1973, dgw=0.1973, reg=0.0000, time=22.56s.
-- 225/592 [38.0%], loss=0.2137, dgw=0.2137, reg=0.0000, time=24.07s.
-- 250/592 [42.2%], loss=0.2165, dgw=0.2165, reg=0.0000, time=28.35s.
-- 275/592 [46.5%], loss=0.2295, dgw=0.2295, reg=0.0000, time=22.03s.
-- 300/592 [50.7%], loss=0.2568, dgw=0.2568, reg=0.0000, time=24.12s.
-- 325/592 [54.9%], loss=0.2442, dgw=0.2442, reg=0.0000, time=37.75s.
-- 350/592 [59.1%], loss=0.3130, dgw=0.3130, reg=0.0000, time=33.09s.
-- 375/592 [63.3%], loss=0.3001, dgw=0.3001, reg=0.0000, time=34.94s.
-- 400/592 [67.6%], loss=0.3619, dgw=0.3619, reg=0.0000, time=31.08s.
-- 425/592 [71.8%], loss=0.4355, dgw=0.4355, reg=0.0000, time=30.97s.
-- 450/592 [76.0%], loss=0.4506, dgw=0.4506, reg=0.0000, time=22.80s.
-- 475/592 [80.2%], loss=0.4470, dgw=0.4470, reg=0.0000, time=18.49s.
-- 500/592 [84.5%], loss=0.5539, dgw=0.5539, reg=0.0000, time=33.06s.
-- 525/592 [88.7%], loss=0.6051, dgw=0.6051, reg=0.0000, time=28.94s.
-- 550/592 [92.9%], loss=0.5768, dgw=0.5768, reg=0.0000, time=23.96s.
-- 575/592 [97.1%], loss=0.6184, dgw=0.6184, reg=0.0000, time=30.37s.
-- 592/592 [100.0%], loss=0.6835, dgw=0.6835, reg=0.0000, time=24.00s.
fit: Epoch 12/15, loss = 0.3355, best loss = 0.0713
results/ENZYMES_Jin_Multi_usl_tsne_fit_12.pdf
-- 25/592 [4.2%], loss=0.6311, dgw=0.6311, reg=0.0000, time=27.11s.
-- 50/592 [8.4%], loss=0.6532, dgw=0.6532, reg=0.0000, time=25.68s.
-- 75/592 [12.7%], loss=0.6812, dgw=0.6812, reg=0.0000, time=26.42s.
-- 100/592 [16.9%], loss=0.6824, dgw=0.6824, reg=0.0000, time=30.47s.
-- 125/592 [21.1%], loss=0.6766, dgw=0.6766, reg=0.0000, time=34.23s.
-- 150/592 [25.3%], loss=0.6634, dgw=0.6634, reg=0.0000, time=29.42s.
-- 175/592 [29.6%], loss=0.7264, dgw=0.7264, reg=0.0000, time=21.22s.
-- 200/592 [33.8%], loss=0.7125, dgw=0.7125, reg=0.0000, time=24.18s.
-- 225/592 [38.0%], loss=0.7497, dgw=0.7497, reg=0.0000, time=29.57s.
-- 250/592 [42.2%], loss=0.6933, dgw=0.6933, reg=0.0000, time=29.63s.
-- 275/592 [46.5%], loss=0.7014, dgw=0.7014, reg=0.0000, time=20.37s.
-- 300/592 [50.7%], loss=0.7330, dgw=0.7330, reg=0.0000, time=25.89s.
-- 325/592 [54.9%], loss=0.7011, dgw=0.7011, reg=0.0000, time=33.74s.
-- 350/592 [59.1%], loss=0.7045, dgw=0.7045, reg=0.0000, time=24.29s.
-- 375/592 [63.3%], loss=0.7382, dgw=0.7382, reg=0.0000, time=27.40s.
-- 400/592 [67.6%], loss=0.7094, dgw=0.7094, reg=0.0000, time=20.82s.
-- 425/592 [71.8%], loss=0.7014, dgw=0.7014, reg=0.0000, time=18.13s.
-- 450/592 [76.0%], loss=0.7186, dgw=0.7186, reg=0.0000, time=27.60s.
-- 475/592 [80.2%], loss=0.7298, dgw=0.7298, reg=0.0000, time=35.32s.
-- 500/592 [84.5%], loss=0.6958, dgw=0.6958, reg=0.0000, time=25.72s.
-- 525/592 [88.7%], loss=0.7391, dgw=0.7391, reg=0.0000, time=22.30s.
-- 550/592 [92.9%], loss=0.7344, dgw=0.7344, reg=0.0000, time=22.51s.
-- 575/592 [97.1%], loss=0.7215, dgw=0.7215, reg=0.0000, time=26.54s.
-- 592/592 [100.0%], loss=0.7095, dgw=0.7095, reg=0.0000, time=27.95s.
fit: Epoch 13/15, loss = 0.7044, best loss = 0.0713
results/ENZYMES_Jin_Multi_usl_tsne_fit_13.pdf
-- 25/592 [4.2%], loss=0.7124, dgw=0.7124, reg=0.0000, time=21.59s.
-- 50/592 [8.4%], loss=0.7183, dgw=0.7183, reg=0.0000, time=35.86s.
-- 75/592 [12.7%], loss=0.7362, dgw=0.7362, reg=0.0000, time=36.03s.
-- 100/592 [16.9%], loss=0.7177, dgw=0.7177, reg=0.0000, time=33.35s.
-- 125/592 [21.1%], loss=0.7353, dgw=0.7353, reg=0.0000, time=30.40s.
-- 150/592 [25.3%], loss=0.7192, dgw=0.7192, reg=0.0000, time=39.51s.
-- 175/592 [29.6%], loss=0.7283, dgw=0.7283, reg=0.0000, time=29.41s.
-- 200/592 [33.8%], loss=0.7541, dgw=0.7541, reg=0.0000, time=20.32s.
-- 225/592 [38.0%], loss=0.6997, dgw=0.6997, reg=0.0000, time=23.92s.
-- 250/592 [42.2%], loss=0.7213, dgw=0.7213, reg=0.0000, time=29.78s.
-- 275/592 [46.5%], loss=0.7124, dgw=0.7124, reg=0.0000, time=29.82s.
-- 300/592 [50.7%], loss=0.7141, dgw=0.7141, reg=0.0000, time=32.84s.
-- 325/592 [54.9%], loss=0.7489, dgw=0.7489, reg=0.0000, time=31.66s.
-- 350/592 [59.1%], loss=0.7776, dgw=0.7776, reg=0.0000, time=26.02s.
-- 375/592 [63.3%], loss=0.7323, dgw=0.7323, reg=0.0000, time=21.94s.
-- 400/592 [67.6%], loss=0.7120, dgw=0.7120, reg=0.0000, time=22.51s.
-- 425/592 [71.8%], loss=0.7182, dgw=0.7182, reg=0.0000, time=19.18s.
-- 450/592 [76.0%], loss=0.7297, dgw=0.7297, reg=0.0000, time=20.93s.
-- 475/592 [80.2%], loss=0.7387, dgw=0.7387, reg=0.0000, time=24.66s.
-- 500/592 [84.5%], loss=0.7274, dgw=0.7274, reg=0.0000, time=28.55s.
-- 525/592 [88.7%], loss=0.7366, dgw=0.7366, reg=0.0000, time=19.19s.
-- 550/592 [92.9%], loss=0.7365, dgw=0.7365, reg=0.0000, time=21.82s.
-- 575/592 [97.1%], loss=0.7164, dgw=0.7164, reg=0.0000, time=30.23s.
-- 592/592 [100.0%], loss=0.7135, dgw=0.7135, reg=0.0000, time=13.85s.
fit: Epoch 14/15, loss = 0.7276, best loss = 0.0713
results/ENZYMES_Jin_Multi_usl_tsne_fit_14.pdf
-- 25/592 [4.2%], loss=0.7404, dgw=0.7404, reg=0.0000, time=22.38s.
-- 50/592 [8.4%], loss=0.7513, dgw=0.7513, reg=0.0000, time=25.60s.
-- 75/592 [12.7%], loss=0.7337, dgw=0.7337, reg=0.0000, time=19.38s.
-- 100/592 [16.9%], loss=0.7257, dgw=0.7257, reg=0.0000, time=26.03s.
-- 125/592 [21.1%], loss=0.7288, dgw=0.7288, reg=0.0000, time=18.85s.
-- 150/592 [25.3%], loss=0.7228, dgw=0.7228, reg=0.0000, time=25.88s.
-- 175/592 [29.6%], loss=0.7301, dgw=0.7301, reg=0.0000, time=29.13s.
-- 200/592 [33.8%], loss=0.7337, dgw=0.7337, reg=0.0000, time=29.37s.
-- 225/592 [38.0%], loss=0.7504, dgw=0.7504, reg=0.0000, time=32.09s.
-- 250/592 [42.2%], loss=0.7710, dgw=0.7710, reg=0.0000, time=30.91s.
-- 275/592 [46.5%], loss=0.7241, dgw=0.7241, reg=0.0000, time=24.84s.
-- 300/592 [50.7%], loss=0.7337, dgw=0.7337, reg=0.0000, time=32.12s.
-- 325/592 [54.9%], loss=0.7078, dgw=0.7078, reg=0.0000, time=30.19s.
-- 350/592 [59.1%], loss=0.7157, dgw=0.7157, reg=0.0000, time=32.57s.
-- 375/592 [63.3%], loss=0.7141, dgw=0.7141, reg=0.0000, time=26.96s.
-- 400/592 [67.6%], loss=0.7316, dgw=0.7316, reg=0.0000, time=25.81s.
-- 425/592 [71.8%], loss=0.7417, dgw=0.7417, reg=0.0000, time=38.90s.
-- 450/592 [76.0%], loss=0.7591, dgw=0.7591, reg=0.0000, time=34.90s.
-- 475/592 [80.2%], loss=0.7576, dgw=0.7576, reg=0.0000, time=25.38s.
-- 500/592 [84.5%], loss=0.7338, dgw=0.7338, reg=0.0000, time=24.35s.
-- 525/592 [88.7%], loss=0.7695, dgw=0.7695, reg=0.0000, time=25.43s.
-- 550/592 [92.9%], loss=0.7165, dgw=0.7165, reg=0.0000, time=24.65s.
-- 575/592 [97.1%], loss=0.7276, dgw=0.7276, reg=0.0000, time=24.07s.
-- 592/592 [100.0%], loss=0.7218, dgw=0.7218, reg=0.0000, time=21.84s.
fit: Epoch 15/15, loss = 0.7353, best loss = 0.0713
results/ENZYMES_Jin_Multi_usl_tsne_fit_15.pdf
Rand Score: 0.7233502538071066
Done!
