MORE THAN 2 CLASSES!
-- 25/592 [4.2%], loss=0.2364, dgw=0.2364, reg=0.0000, time=39.39s.
-- 50/592 [8.4%], loss=0.2408, dgw=0.2408, reg=0.0000, time=45.92s.
-- 75/592 [12.7%], loss=0.2392, dgw=0.2392, reg=0.0000, time=41.98s.
-- 100/592 [16.9%], loss=0.2150, dgw=0.2150, reg=0.0000, time=37.76s.
-- 125/592 [21.1%], loss=0.2286, dgw=0.2286, reg=0.0000, time=42.37s.
-- 150/592 [25.3%], loss=0.2260, dgw=0.2260, reg=0.0000, time=37.72s.
-- 175/592 [29.6%], loss=0.2308, dgw=0.2308, reg=0.0000, time=43.66s.
-- 200/592 [33.8%], loss=0.2247, dgw=0.2247, reg=0.0000, time=64.46s.
-- 225/592 [38.0%], loss=0.2203, dgw=0.2203, reg=0.0000, time=43.93s.
-- 250/592 [42.2%], loss=0.2149, dgw=0.2149, reg=0.0000, time=47.67s.
-- 275/592 [46.5%], loss=0.2107, dgw=0.2107, reg=0.0000, time=31.49s.
-- 300/592 [50.7%], loss=0.2250, dgw=0.2250, reg=0.0000, time=53.39s.
-- 325/592 [54.9%], loss=0.2241, dgw=0.2241, reg=0.0000, time=45.57s.
-- 350/592 [59.1%], loss=0.2152, dgw=0.2152, reg=0.0000, time=39.53s.
-- 375/592 [63.3%], loss=0.2179, dgw=0.2179, reg=0.0000, time=46.25s.
-- 400/592 [67.6%], loss=0.2151, dgw=0.2151, reg=0.0000, time=59.14s.
-- 425/592 [71.8%], loss=0.2090, dgw=0.2090, reg=0.0000, time=44.58s.
-- 450/592 [76.0%], loss=0.2075, dgw=0.2075, reg=0.0000, time=42.52s.
-- 475/592 [80.2%], loss=0.1998, dgw=0.1998, reg=0.0000, time=34.93s.
-- 500/592 [84.5%], loss=0.2094, dgw=0.2094, reg=0.0000, time=54.35s.
-- 525/592 [88.7%], loss=0.2141, dgw=0.2141, reg=0.0000, time=39.72s.
-- 550/592 [92.9%], loss=0.2024, dgw=0.2024, reg=0.0000, time=45.79s.
-- 575/592 [97.1%], loss=0.1968, dgw=0.1968, reg=0.0000, time=42.20s.
-- 592/592 [100.0%], loss=0.1990, dgw=0.1990, reg=0.0000, time=20.68s.
fit: Epoch 1/15, loss = 0.2179, best loss = 0.2179
results/ENZYMES_Jin_Multi_usl_tsne_fit_1.pdf
-- 25/592 [4.2%], loss=0.1945, dgw=0.1945, reg=0.0000, time=27.16s.
-- 50/592 [8.4%], loss=0.1916, dgw=0.1916, reg=0.0000, time=51.39s.
-- 75/592 [12.7%], loss=0.1936, dgw=0.1936, reg=0.0000, time=42.37s.
-- 100/592 [16.9%], loss=0.1895, dgw=0.1895, reg=0.0000, time=33.27s.
-- 125/592 [21.1%], loss=0.1912, dgw=0.1912, reg=0.0000, time=47.36s.
-- 150/592 [25.3%], loss=0.1887, dgw=0.1887, reg=0.0000, time=50.68s.
-- 175/592 [29.6%], loss=0.1915, dgw=0.1915, reg=0.0000, time=58.10s.
-- 200/592 [33.8%], loss=0.1927, dgw=0.1927, reg=0.0000, time=46.08s.
-- 225/592 [38.0%], loss=0.1813, dgw=0.1813, reg=0.0000, time=40.19s.
-- 250/592 [42.2%], loss=0.1808, dgw=0.1808, reg=0.0000, time=48.79s.
-- 275/592 [46.5%], loss=0.1802, dgw=0.1802, reg=0.0000, time=52.41s.
-- 300/592 [50.7%], loss=0.1817, dgw=0.1817, reg=0.0000, time=53.77s.
-- 325/592 [54.9%], loss=0.1713, dgw=0.1713, reg=0.0000, time=40.78s.
-- 350/592 [59.1%], loss=0.1788, dgw=0.1788, reg=0.0000, time=48.39s.
-- 375/592 [63.3%], loss=0.1764, dgw=0.1764, reg=0.0000, time=59.35s.
-- 400/592 [67.6%], loss=0.1737, dgw=0.1737, reg=0.0000, time=63.52s.
-- 425/592 [71.8%], loss=0.1800, dgw=0.1800, reg=0.0000, time=63.17s.
-- 450/592 [76.0%], loss=0.1695, dgw=0.1695, reg=0.0000, time=60.95s.
-- 475/592 [80.2%], loss=0.1638, dgw=0.1638, reg=0.0000, time=49.57s.
-- 500/592 [84.5%], loss=0.1765, dgw=0.1765, reg=0.0000, time=54.72s.
-- 525/592 [88.7%], loss=0.1656, dgw=0.1656, reg=0.0000, time=58.50s.
-- 550/592 [92.9%], loss=0.1641, dgw=0.1641, reg=0.0000, time=45.80s.
-- 575/592 [97.1%], loss=0.1667, dgw=0.1667, reg=0.0000, time=30.67s.
-- 592/592 [100.0%], loss=0.1674, dgw=0.1674, reg=0.0000, time=31.35s.
fit: Epoch 2/15, loss = 0.1798, best loss = 0.1798
results/ENZYMES_Jin_Multi_usl_tsne_fit_2.pdf
-- 25/592 [4.2%], loss=0.1584, dgw=0.1584, reg=0.0000, time=45.26s.
-- 50/592 [8.4%], loss=0.1612, dgw=0.1612, reg=0.0000, time=47.62s.
-- 75/592 [12.7%], loss=0.1632, dgw=0.1632, reg=0.0000, time=42.38s.
-- 100/592 [16.9%], loss=0.1572, dgw=0.1572, reg=0.0000, time=38.52s.
-- 125/592 [21.1%], loss=0.1537, dgw=0.1537, reg=0.0000, time=25.09s.
-- 150/592 [25.3%], loss=0.1537, dgw=0.1537, reg=0.0000, time=27.63s.
-- 175/592 [29.6%], loss=0.1567, dgw=0.1567, reg=0.0000, time=37.61s.
-- 200/592 [33.8%], loss=0.1568, dgw=0.1568, reg=0.0000, time=43.04s.
-- 225/592 [38.0%], loss=0.1557, dgw=0.1557, reg=0.0000, time=44.13s.
-- 250/592 [42.2%], loss=0.1463, dgw=0.1463, reg=0.0000, time=52.47s.
-- 275/592 [46.5%], loss=0.1437, dgw=0.1437, reg=0.0000, time=55.02s.
-- 300/592 [50.7%], loss=0.1517, dgw=0.1517, reg=0.0000, time=52.97s.
-- 325/592 [54.9%], loss=0.1506, dgw=0.1506, reg=0.0000, time=50.70s.
-- 350/592 [59.1%], loss=0.1499, dgw=0.1499, reg=0.0000, time=53.25s.
-- 375/592 [63.3%], loss=0.1463, dgw=0.1463, reg=0.0000, time=38.31s.
-- 400/592 [67.6%], loss=0.1415, dgw=0.1415, reg=0.0000, time=36.83s.
-- 425/592 [71.8%], loss=0.1453, dgw=0.1453, reg=0.0000, time=41.14s.
-- 450/592 [76.0%], loss=0.1475, dgw=0.1475, reg=0.0000, time=49.60s.
-- 475/592 [80.2%], loss=0.1417, dgw=0.1417, reg=0.0000, time=32.81s.
-- 500/592 [84.5%], loss=0.1417, dgw=0.1417, reg=0.0000, time=45.13s.
-- 525/592 [88.7%], loss=0.1448, dgw=0.1448, reg=0.0000, time=35.82s.
-- 550/592 [92.9%], loss=0.1389, dgw=0.1389, reg=0.0000, time=35.78s.
-- 575/592 [97.1%], loss=0.1379, dgw=0.1379, reg=0.0000, time=44.25s.
-- 592/592 [100.0%], loss=0.1370, dgw=0.1370, reg=0.0000, time=32.56s.
fit: Epoch 3/15, loss = 0.1494, best loss = 0.1494
results/ENZYMES_Jin_Multi_usl_tsne_fit_3.pdf
-- 25/592 [4.2%], loss=0.1467, dgw=0.1467, reg=0.0000, time=53.43s.
-- 50/592 [8.4%], loss=0.1341, dgw=0.1341, reg=0.0000, time=46.91s.
-- 75/592 [12.7%], loss=0.1322, dgw=0.1322, reg=0.0000, time=42.40s.
-- 100/592 [16.9%], loss=0.1305, dgw=0.1305, reg=0.0000, time=49.93s.
-- 125/592 [21.1%], loss=0.1296, dgw=0.1296, reg=0.0000, time=49.97s.
-- 150/592 [25.3%], loss=0.1311, dgw=0.1311, reg=0.0000, time=47.50s.
-- 175/592 [29.6%], loss=0.1330, dgw=0.1330, reg=0.0000, time=39.77s.
-- 200/592 [33.8%], loss=0.1284, dgw=0.1284, reg=0.0000, time=33.54s.
-- 225/592 [38.0%], loss=0.1333, dgw=0.1333, reg=0.0000, time=28.80s.
-- 250/592 [42.2%], loss=0.1271, dgw=0.1271, reg=0.0000, time=49.55s.
-- 275/592 [46.5%], loss=0.1236, dgw=0.1236, reg=0.0000, time=54.81s.
-- 300/592 [50.7%], loss=0.1254, dgw=0.1254, reg=0.0000, time=60.85s.
-- 325/592 [54.9%], loss=0.1294, dgw=0.1294, reg=0.0000, time=53.23s.
-- 350/592 [59.1%], loss=0.1230, dgw=0.1230, reg=0.0000, time=42.38s.
-- 375/592 [63.3%], loss=0.1233, dgw=0.1233, reg=0.0000, time=42.28s.
-- 400/592 [67.6%], loss=0.1204, dgw=0.1204, reg=0.0000, time=59.89s.
-- 425/592 [71.8%], loss=0.1208, dgw=0.1208, reg=0.0000, time=46.05s.
-- 450/592 [76.0%], loss=0.1229, dgw=0.1229, reg=0.0000, time=49.10s.
-- 475/592 [80.2%], loss=0.1250, dgw=0.1250, reg=0.0000, time=50.50s.
-- 500/592 [84.5%], loss=0.1215, dgw=0.1215, reg=0.0000, time=40.15s.
-- 525/592 [88.7%], loss=0.1170, dgw=0.1170, reg=0.0000, time=38.43s.
-- 550/592 [92.9%], loss=0.1203, dgw=0.1203, reg=0.0000, time=47.60s.
-- 575/592 [97.1%], loss=0.1161, dgw=0.1161, reg=0.0000, time=52.57s.
-- 592/592 [100.0%], loss=0.1120, dgw=0.1120, reg=0.0000, time=20.24s.
fit: Epoch 4/15, loss = 0.1263, best loss = 0.1263
results/ENZYMES_Jin_Multi_usl_tsne_fit_4.pdf
-- 25/592 [4.2%], loss=0.1237, dgw=0.1237, reg=0.0000, time=48.36s.
-- 50/592 [8.4%], loss=0.1098, dgw=0.1098, reg=0.0000, time=51.01s.
-- 75/592 [12.7%], loss=0.1114, dgw=0.1114, reg=0.0000, time=40.97s.
-- 100/592 [16.9%], loss=0.1138, dgw=0.1138, reg=0.0000, time=48.00s.
-- 125/592 [21.1%], loss=0.1115, dgw=0.1115, reg=0.0000, time=38.86s.
-- 150/592 [25.3%], loss=0.1094, dgw=0.1094, reg=0.0000, time=39.31s.
-- 175/592 [29.6%], loss=0.1126, dgw=0.1126, reg=0.0000, time=47.55s.
-- 200/592 [33.8%], loss=0.1083, dgw=0.1083, reg=0.0000, time=55.18s.
-- 225/592 [38.0%], loss=0.1122, dgw=0.1122, reg=0.0000, time=50.31s.
-- 250/592 [42.2%], loss=0.1080, dgw=0.1080, reg=0.0000, time=46.84s.
-- 275/592 [46.5%], loss=0.1062, dgw=0.1062, reg=0.0000, time=39.25s.
-- 300/592 [50.7%], loss=0.1078, dgw=0.1078, reg=0.0000, time=56.28s.
-- 325/592 [54.9%], loss=0.1137, dgw=0.1137, reg=0.0000, time=45.44s.
-- 350/592 [59.1%], loss=0.1046, dgw=0.1046, reg=0.0000, time=56.35s.
-- 375/592 [63.3%], loss=0.1071, dgw=0.1071, reg=0.0000, time=33.16s.
-- 400/592 [67.6%], loss=0.1028, dgw=0.1028, reg=0.0000, time=31.89s.
-- 425/592 [71.8%], loss=0.1154, dgw=0.1154, reg=0.0000, time=32.29s.
-- 450/592 [76.0%], loss=0.1102, dgw=0.1102, reg=0.0000, time=45.97s.
-- 475/592 [80.2%], loss=0.1023, dgw=0.1023, reg=0.0000, time=37.38s.
-- 500/592 [84.5%], loss=0.1034, dgw=0.1034, reg=0.0000, time=55.03s.
-- 525/592 [88.7%], loss=0.1035, dgw=0.1035, reg=0.0000, time=38.00s.
-- 550/592 [92.9%], loss=0.0980, dgw=0.0980, reg=0.0000, time=38.37s.
-- 575/592 [97.1%], loss=0.1092, dgw=0.1092, reg=0.0000, time=55.24s.
-- 592/592 [100.0%], loss=0.1040, dgw=0.1040, reg=0.0000, time=33.56s.
fit: Epoch 5/15, loss = 0.1088, best loss = 0.1088
results/ENZYMES_Jin_Multi_usl_tsne_fit_5.pdf
-- 25/592 [4.2%], loss=0.0998, dgw=0.0998, reg=0.0000, time=48.76s.
-- 50/592 [8.4%], loss=0.1070, dgw=0.1070, reg=0.0000, time=52.81s.
-- 75/592 [12.7%], loss=0.1091, dgw=0.1091, reg=0.0000, time=46.08s.
-- 100/592 [16.9%], loss=0.1017, dgw=0.1017, reg=0.0000, time=52.08s.
-- 125/592 [21.1%], loss=0.1253, dgw=0.1253, reg=0.0000, time=42.76s.
-- 150/592 [25.3%], loss=0.1034, dgw=0.1034, reg=0.0000, time=42.70s.
-- 175/592 [29.6%], loss=0.1105, dgw=0.1105, reg=0.0000, time=42.66s.
-- 200/592 [33.8%], loss=0.0991, dgw=0.0991, reg=0.0000, time=42.20s.
-- 225/592 [38.0%], loss=0.1084, dgw=0.1084, reg=0.0000, time=48.71s.
-- 250/592 [42.2%], loss=0.1197, dgw=0.1197, reg=0.0000, time=52.82s.
-- 275/592 [46.5%], loss=0.1133, dgw=0.1133, reg=0.0000, time=51.07s.
-- 300/592 [50.7%], loss=0.0991, dgw=0.0991, reg=0.0000, time=41.30s.
-- 325/592 [54.9%], loss=0.1225, dgw=0.1225, reg=0.0000, time=32.94s.
-- 350/592 [59.1%], loss=0.1070, dgw=0.1070, reg=0.0000, time=36.80s.
-- 375/592 [63.3%], loss=0.1127, dgw=0.1127, reg=0.0000, time=22.13s.
-- 400/592 [67.6%], loss=0.1357, dgw=0.1357, reg=0.0000, time=54.24s.
-- 425/592 [71.8%], loss=0.1058, dgw=0.1058, reg=0.0000, time=29.74s.
-- 450/592 [76.0%], loss=0.1049, dgw=0.1049, reg=0.0000, time=40.90s.
-- 475/592 [80.2%], loss=0.1173, dgw=0.1173, reg=0.0000, time=34.88s.
-- 500/592 [84.5%], loss=0.0995, dgw=0.0995, reg=0.0000, time=25.25s.
-- 525/592 [88.7%], loss=0.1097, dgw=0.1097, reg=0.0000, time=40.14s.
-- 550/592 [92.9%], loss=0.1078, dgw=0.1078, reg=0.0000, time=34.38s.
-- 575/592 [97.1%], loss=0.1010, dgw=0.1010, reg=0.0000, time=39.77s.
-- 592/592 [100.0%], loss=0.0967, dgw=0.0967, reg=0.0000, time=29.80s.
fit: Epoch 6/15, loss = 0.1092, best loss = 0.1088
results/ENZYMES_Jin_Multi_usl_tsne_fit_6.pdf
-- 25/592 [4.2%], loss=0.1227, dgw=0.1227, reg=0.0000, time=43.89s.
-- 50/592 [8.4%], loss=0.1748, dgw=0.1748, reg=0.0000, time=29.59s.
-- 75/592 [12.7%], loss=0.1707, dgw=0.1707, reg=0.0000, time=41.72s.
-- 100/592 [16.9%], loss=0.1602, dgw=0.1602, reg=0.0000, time=45.53s.
-- 125/592 [21.1%], loss=0.1829, dgw=0.1829, reg=0.0000, time=49.56s.
-- 150/592 [25.3%], loss=0.1097, dgw=0.1097, reg=0.0000, time=45.61s.
-- 175/592 [29.6%], loss=0.0934, dgw=0.0934, reg=0.0000, time=41.10s.
-- 200/592 [33.8%], loss=0.1122, dgw=0.1122, reg=0.0000, time=52.61s.
-- 225/592 [38.0%], loss=0.1389, dgw=0.1389, reg=0.0000, time=47.03s.
-- 250/592 [42.2%], loss=0.1292, dgw=0.1292, reg=0.0000, time=46.67s.
-- 275/592 [46.5%], loss=0.1420, dgw=0.1420, reg=0.0000, time=45.98s.
-- 300/592 [50.7%], loss=0.1477, dgw=0.1477, reg=0.0000, time=40.42s.
-- 325/592 [54.9%], loss=0.1125, dgw=0.1125, reg=0.0000, time=37.45s.
-- 350/592 [59.1%], loss=0.1021, dgw=0.1021, reg=0.0000, time=47.43s.
-- 375/592 [63.3%], loss=0.1215, dgw=0.1215, reg=0.0000, time=43.25s.
-- 400/592 [67.6%], loss=0.1558, dgw=0.1558, reg=0.0000, time=38.65s.
-- 425/592 [71.8%], loss=0.0918, dgw=0.0918, reg=0.0000, time=38.67s.
-- 450/592 [76.0%], loss=0.0990, dgw=0.0990, reg=0.0000, time=40.68s.
-- 475/592 [80.2%], loss=0.1063, dgw=0.1063, reg=0.0000, time=39.98s.
-- 500/592 [84.5%], loss=0.1109, dgw=0.1109, reg=0.0000, time=46.85s.
-- 525/592 [88.7%], loss=0.0872, dgw=0.0872, reg=0.0000, time=32.50s.
-- 550/592 [92.9%], loss=0.1018, dgw=0.1018, reg=0.0000, time=33.48s.
-- 575/592 [97.1%], loss=0.1044, dgw=0.1044, reg=0.0000, time=33.33s.
-- 592/592 [100.0%], loss=0.0993, dgw=0.0993, reg=0.0000, time=29.84s.
fit: Epoch 7/15, loss = 0.1244, best loss = 0.1088
results/ENZYMES_Jin_Multi_usl_tsne_fit_7.pdf
-- 25/592 [4.2%], loss=0.0841, dgw=0.0841, reg=0.0000, time=39.80s.
-- 50/592 [8.4%], loss=0.0888, dgw=0.0888, reg=0.0000, time=41.20s.
-- 75/592 [12.7%], loss=0.0900, dgw=0.0900, reg=0.0000, time=37.17s.
-- 100/592 [16.9%], loss=0.0840, dgw=0.0840, reg=0.0000, time=34.95s.
-- 125/592 [21.1%], loss=0.0924, dgw=0.0924, reg=0.0000, time=33.67s.
-- 150/592 [25.3%], loss=0.0910, dgw=0.0910, reg=0.0000, time=42.91s.
-- 175/592 [29.6%], loss=0.0981, dgw=0.0981, reg=0.0000, time=34.54s.
-- 200/592 [33.8%], loss=0.0787, dgw=0.0787, reg=0.0000, time=31.67s.
-- 225/592 [38.0%], loss=0.0767, dgw=0.0767, reg=0.0000, time=26.22s.
-- 250/592 [42.2%], loss=0.0849, dgw=0.0849, reg=0.0000, time=42.85s.
-- 275/592 [46.5%], loss=0.0903, dgw=0.0903, reg=0.0000, time=41.71s.
-- 300/592 [50.7%], loss=0.0781, dgw=0.0781, reg=0.0000, time=30.65s.
-- 325/592 [54.9%], loss=0.0754, dgw=0.0754, reg=0.0000, time=42.30s.
-- 350/592 [59.1%], loss=0.0750, dgw=0.0750, reg=0.0000, time=34.35s.
-- 375/592 [63.3%], loss=0.0771, dgw=0.0771, reg=0.0000, time=38.83s.
-- 400/592 [67.6%], loss=0.0782, dgw=0.0782, reg=0.0000, time=35.53s.
-- 425/592 [71.8%], loss=0.0733, dgw=0.0733, reg=0.0000, time=34.30s.
-- 450/592 [76.0%], loss=0.0812, dgw=0.0812, reg=0.0000, time=31.94s.
-- 475/592 [80.2%], loss=0.0762, dgw=0.0762, reg=0.0000, time=44.49s.
-- 500/592 [84.5%], loss=0.0927, dgw=0.0927, reg=0.0000, time=18.57s.
-- 525/592 [88.7%], loss=0.0887, dgw=0.0887, reg=0.0000, time=28.87s.
-- 550/592 [92.9%], loss=0.0852, dgw=0.0852, reg=0.0000, time=37.81s.
-- 575/592 [97.1%], loss=0.0755, dgw=0.0755, reg=0.0000, time=45.70s.
-- 592/592 [100.0%], loss=0.0753, dgw=0.0753, reg=0.0000, time=26.88s.
fit: Epoch 8/15, loss = 0.0831, best loss = 0.0831
results/ENZYMES_Jin_Multi_usl_tsne_fit_8.pdf
-- 25/592 [4.2%], loss=0.0906, dgw=0.0906, reg=0.0000, time=33.79s.
-- 50/592 [8.4%], loss=0.0705, dgw=0.0705, reg=0.0000, time=34.60s.
-- 75/592 [12.7%], loss=0.0713, dgw=0.0713, reg=0.0000, time=32.13s.
-- 100/592 [16.9%], loss=0.0918, dgw=0.0918, reg=0.0000, time=32.10s.
-- 125/592 [21.1%], loss=0.0777, dgw=0.0777, reg=0.0000, time=38.38s.
-- 150/592 [25.3%], loss=0.0783, dgw=0.0783, reg=0.0000, time=38.20s.
-- 175/592 [29.6%], loss=0.0687, dgw=0.0687, reg=0.0000, time=28.58s.
-- 200/592 [33.8%], loss=0.0843, dgw=0.0843, reg=0.0000, time=22.50s.
-- 225/592 [38.0%], loss=0.0776, dgw=0.0776, reg=0.0000, time=34.05s.
-- 250/592 [42.2%], loss=0.0970, dgw=0.0970, reg=0.0000, time=43.76s.
-- 275/592 [46.5%], loss=0.0852, dgw=0.0852, reg=0.0000, time=31.11s.
-- 300/592 [50.7%], loss=0.0684, dgw=0.0684, reg=0.0000, time=26.36s.
-- 325/592 [54.9%], loss=0.0716, dgw=0.0716, reg=0.0000, time=39.96s.
-- 350/592 [59.1%], loss=0.0703, dgw=0.0703, reg=0.0000, time=30.53s.
-- 375/592 [63.3%], loss=0.0736, dgw=0.0736, reg=0.0000, time=29.97s.
-- 400/592 [67.6%], loss=0.0605, dgw=0.0605, reg=0.0000, time=23.77s.
-- 425/592 [71.8%], loss=0.0752, dgw=0.0752, reg=0.0000, time=41.51s.
-- 450/592 [76.0%], loss=0.0644, dgw=0.0644, reg=0.0000, time=42.15s.
-- 475/592 [80.2%], loss=0.0635, dgw=0.0635, reg=0.0000, time=37.70s.
-- 500/592 [84.5%], loss=0.0670, dgw=0.0670, reg=0.0000, time=40.64s.
-- 525/592 [88.7%], loss=0.0626, dgw=0.0626, reg=0.0000, time=25.05s.
-- 550/592 [92.9%], loss=0.0676, dgw=0.0676, reg=0.0000, time=36.22s.
-- 575/592 [97.1%], loss=0.0672, dgw=0.0672, reg=0.0000, time=34.03s.
-- 592/592 [100.0%], loss=0.0649, dgw=0.0649, reg=0.0000, time=23.61s.
fit: Epoch 9/15, loss = 0.0739, best loss = 0.0739
results/ENZYMES_Jin_Multi_usl_tsne_fit_9.pdf
-- 25/592 [4.2%], loss=0.0686, dgw=0.0686, reg=0.0000, time=36.38s.
-- 50/592 [8.4%], loss=0.0655, dgw=0.0655, reg=0.0000, time=33.29s.
-- 75/592 [12.7%], loss=0.0822, dgw=0.0822, reg=0.0000, time=37.84s.
-- 100/592 [16.9%], loss=0.0604, dgw=0.0604, reg=0.0000, time=38.09s.
-- 125/592 [21.1%], loss=0.0642, dgw=0.0642, reg=0.0000, time=36.74s.
-- 150/592 [25.3%], loss=0.0758, dgw=0.0758, reg=0.0000, time=36.95s.
-- 175/592 [29.6%], loss=0.0739, dgw=0.0739, reg=0.0000, time=42.27s.
-- 200/592 [33.8%], loss=0.0700, dgw=0.0700, reg=0.0000, time=32.75s.
-- 225/592 [38.0%], loss=0.0691, dgw=0.0691, reg=0.0000, time=36.85s.
-- 250/592 [42.2%], loss=0.0680, dgw=0.0680, reg=0.0000, time=23.08s.
-- 275/592 [46.5%], loss=0.0617, dgw=0.0617, reg=0.0000, time=37.94s.
-- 300/592 [50.7%], loss=0.0830, dgw=0.0830, reg=0.0000, time=32.03s.
-- 325/592 [54.9%], loss=0.0661, dgw=0.0661, reg=0.0000, time=29.12s.
-- 350/592 [59.1%], loss=0.0626, dgw=0.0626, reg=0.0000, time=42.36s.
-- 375/592 [63.3%], loss=0.0678, dgw=0.0678, reg=0.0000, time=42.42s.
-- 400/592 [67.6%], loss=0.0712, dgw=0.0712, reg=0.0000, time=37.51s.
-- 425/592 [71.8%], loss=0.0623, dgw=0.0623, reg=0.0000, time=38.26s.
-- 450/592 [76.0%], loss=0.0623, dgw=0.0623, reg=0.0000, time=27.99s.
-- 475/592 [80.2%], loss=0.0696, dgw=0.0696, reg=0.0000, time=24.74s.
-- 500/592 [84.5%], loss=0.0694, dgw=0.0694, reg=0.0000, time=37.39s.
-- 525/592 [88.7%], loss=0.0629, dgw=0.0629, reg=0.0000, time=47.10s.
-- 550/592 [92.9%], loss=0.0670, dgw=0.0670, reg=0.0000, time=37.86s.
-- 575/592 [97.1%], loss=0.0715, dgw=0.0715, reg=0.0000, time=30.88s.
-- 592/592 [100.0%], loss=0.0632, dgw=0.0632, reg=0.0000, time=21.43s.
fit: Epoch 10/15, loss = 0.0683, best loss = 0.0683
results/ENZYMES_Jin_Multi_usl_tsne_fit_10.pdf
-- 25/592 [4.2%], loss=0.0694, dgw=0.0694, reg=0.0000, time=34.13s.
-- 50/592 [8.4%], loss=0.0786, dgw=0.0786, reg=0.0000, time=28.70s.
-- 75/592 [12.7%], loss=0.0640, dgw=0.0640, reg=0.0000, time=27.10s.
-- 100/592 [16.9%], loss=0.0757, dgw=0.0757, reg=0.0000, time=17.16s.
-- 125/592 [21.1%], loss=0.0700, dgw=0.0700, reg=0.0000, time=25.38s.
-- 150/592 [25.3%], loss=0.0712, dgw=0.0712, reg=0.0000, time=22.56s.
-- 175/592 [29.6%], loss=0.0685, dgw=0.0685, reg=0.0000, time=31.16s.
-- 200/592 [33.8%], loss=0.0605, dgw=0.0605, reg=0.0000, time=31.66s.
-- 225/592 [38.0%], loss=0.0718, dgw=0.0718, reg=0.0000, time=31.17s.
-- 250/592 [42.2%], loss=0.0817, dgw=0.0817, reg=0.0000, time=31.45s.
-- 275/592 [46.5%], loss=0.0741, dgw=0.0741, reg=0.0000, time=27.15s.
-- 300/592 [50.7%], loss=0.0722, dgw=0.0722, reg=0.0000, time=26.28s.
-- 325/592 [54.9%], loss=0.0972, dgw=0.0972, reg=0.0000, time=32.93s.
-- 350/592 [59.1%], loss=0.0876, dgw=0.0876, reg=0.0000, time=30.30s.
-- 375/592 [63.3%], loss=0.0714, dgw=0.0714, reg=0.0000, time=31.59s.
-- 400/592 [67.6%], loss=0.0599, dgw=0.0599, reg=0.0000, time=36.83s.
-- 425/592 [71.8%], loss=0.0721, dgw=0.0721, reg=0.0000, time=25.79s.
-- 450/592 [76.0%], loss=0.0705, dgw=0.0705, reg=0.0000, time=24.98s.
-- 475/592 [80.2%], loss=0.0618, dgw=0.0618, reg=0.0000, time=25.89s.
-- 500/592 [84.5%], loss=0.0582, dgw=0.0582, reg=0.0000, time=23.73s.
-- 525/592 [88.7%], loss=0.0705, dgw=0.0705, reg=0.0000, time=36.09s.
-- 550/592 [92.9%], loss=0.0774, dgw=0.0774, reg=0.0000, time=37.67s.
-- 575/592 [97.1%], loss=0.0819, dgw=0.0819, reg=0.0000, time=28.17s.
-- 592/592 [100.0%], loss=0.0902, dgw=0.0902, reg=0.0000, time=15.47s.
fit: Epoch 11/15, loss = 0.0730, best loss = 0.0683
results/ENZYMES_Jin_Multi_usl_tsne_fit_11.pdf
-- 25/592 [4.2%], loss=0.0673, dgw=0.0673, reg=0.0000, time=24.63s.
-- 50/592 [8.4%], loss=0.0713, dgw=0.0713, reg=0.0000, time=38.45s.
-- 75/592 [12.7%], loss=0.0871, dgw=0.0871, reg=0.0000, time=29.04s.
-- 100/592 [16.9%], loss=0.0574, dgw=0.0574, reg=0.0000, time=24.19s.
-- 125/592 [21.1%], loss=0.0902, dgw=0.0902, reg=0.0000, time=31.52s.
-- 150/592 [25.3%], loss=0.0785, dgw=0.0785, reg=0.0000, time=41.32s.
-- 175/592 [29.6%], loss=0.0741, dgw=0.0741, reg=0.0000, time=31.00s.
-- 200/592 [33.8%], loss=0.0900, dgw=0.0900, reg=0.0000, time=32.19s.
-- 225/592 [38.0%], loss=0.0863, dgw=0.0863, reg=0.0000, time=25.35s.
-- 250/592 [42.2%], loss=0.0891, dgw=0.0891, reg=0.0000, time=29.60s.
-- 275/592 [46.5%], loss=0.1196, dgw=0.1196, reg=0.0000, time=22.72s.
-- 300/592 [50.7%], loss=0.0961, dgw=0.0961, reg=0.0000, time=29.39s.
-- 325/592 [54.9%], loss=0.1258, dgw=0.1258, reg=0.0000, time=24.03s.
-- 350/592 [59.1%], loss=0.1106, dgw=0.1106, reg=0.0000, time=31.53s.
-- 375/592 [63.3%], loss=0.1234, dgw=0.1234, reg=0.0000, time=27.03s.
-- 400/592 [67.6%], loss=0.1150, dgw=0.1150, reg=0.0000, time=29.23s.
-- 425/592 [71.8%], loss=0.1317, dgw=0.1317, reg=0.0000, time=29.54s.
-- 450/592 [76.0%], loss=0.1733, dgw=0.1733, reg=0.0000, time=28.13s.
-- 475/592 [80.2%], loss=0.1604, dgw=0.1604, reg=0.0000, time=31.38s.
-- 500/592 [84.5%], loss=0.1406, dgw=0.1406, reg=0.0000, time=19.02s.
-- 525/592 [88.7%], loss=0.1572, dgw=0.1572, reg=0.0000, time=24.53s.
-- 550/592 [92.9%], loss=0.1764, dgw=0.1764, reg=0.0000, time=28.09s.
-- 575/592 [97.1%], loss=0.1934, dgw=0.1934, reg=0.0000, time=28.40s.
-- 592/592 [100.0%], loss=0.1913, dgw=0.1913, reg=0.0000, time=13.96s.
fit: Epoch 12/15, loss = 0.1159, best loss = 0.0683
results/ENZYMES_Jin_Multi_usl_tsne_fit_12.pdf
-- 25/592 [4.2%], loss=0.2051, dgw=0.2051, reg=0.0000, time=24.64s.
-- 50/592 [8.4%], loss=0.2279, dgw=0.2279, reg=0.0000, time=35.17s.
-- 75/592 [12.7%], loss=0.2200, dgw=0.2200, reg=0.0000, time=27.67s.
-- 100/592 [16.9%], loss=0.2158, dgw=0.2158, reg=0.0000, time=22.69s.
-- 125/592 [21.1%], loss=0.2459, dgw=0.2459, reg=0.0000, time=27.06s.
-- 150/592 [25.3%], loss=0.2332, dgw=0.2332, reg=0.0000, time=34.04s.
-- 175/592 [29.6%], loss=0.2295, dgw=0.2295, reg=0.0000, time=24.31s.
-- 200/592 [33.8%], loss=0.2637, dgw=0.2637, reg=0.0000, time=23.14s.
-- 225/592 [38.0%], loss=0.2585, dgw=0.2585, reg=0.0000, time=26.55s.
-- 250/592 [42.2%], loss=0.2634, dgw=0.2634, reg=0.0000, time=27.77s.
-- 275/592 [46.5%], loss=0.2585, dgw=0.2585, reg=0.0000, time=25.59s.
-- 300/592 [50.7%], loss=0.2607, dgw=0.2607, reg=0.0000, time=34.49s.
-- 325/592 [54.9%], loss=0.2602, dgw=0.2602, reg=0.0000, time=25.23s.
-- 350/592 [59.1%], loss=0.2683, dgw=0.2683, reg=0.0000, time=26.00s.
-- 375/592 [63.3%], loss=0.2894, dgw=0.2894, reg=0.0000, time=28.21s.
-- 400/592 [67.6%], loss=0.2900, dgw=0.2900, reg=0.0000, time=42.77s.
-- 425/592 [71.8%], loss=0.3015, dgw=0.3015, reg=0.0000, time=24.58s.
-- 450/592 [76.0%], loss=0.2981, dgw=0.2981, reg=0.0000, time=27.70s.
-- 475/592 [80.2%], loss=0.3105, dgw=0.3105, reg=0.0000, time=22.53s.
-- 500/592 [84.5%], loss=0.3143, dgw=0.3143, reg=0.0000, time=28.21s.
-- 525/592 [88.7%], loss=0.3156, dgw=0.3156, reg=0.0000, time=35.16s.
-- 550/592 [92.9%], loss=0.3035, dgw=0.3035, reg=0.0000, time=29.99s.
-- 575/592 [97.1%], loss=0.3414, dgw=0.3414, reg=0.0000, time=16.77s.
-- 592/592 [100.0%], loss=0.2864, dgw=0.2864, reg=0.0000, time=18.26s.
fit: Epoch 13/15, loss = 0.2690, best loss = 0.0683
results/ENZYMES_Jin_Multi_usl_tsne_fit_13.pdf
-- 25/592 [4.2%], loss=0.3150, dgw=0.3150, reg=0.0000, time=22.49s.
-- 50/592 [8.4%], loss=0.3183, dgw=0.3183, reg=0.0000, time=21.38s.
-- 75/592 [12.7%], loss=0.3295, dgw=0.3295, reg=0.0000, time=29.97s.
-- 100/592 [16.9%], loss=0.3390, dgw=0.3390, reg=0.0000, time=32.97s.
-- 125/592 [21.1%], loss=0.3302, dgw=0.3302, reg=0.0000, time=26.70s.
-- 150/592 [25.3%], loss=0.3742, dgw=0.3742, reg=0.0000, time=36.90s.
-- 175/592 [29.6%], loss=0.3329, dgw=0.3329, reg=0.0000, time=25.77s.
-- 200/592 [33.8%], loss=0.3577, dgw=0.3577, reg=0.0000, time=24.47s.
-- 225/592 [38.0%], loss=0.3837, dgw=0.3837, reg=0.0000, time=23.50s.
-- 250/592 [42.2%], loss=0.3470, dgw=0.3470, reg=0.0000, time=25.75s.
-- 275/592 [46.5%], loss=0.3358, dgw=0.3358, reg=0.0000, time=25.79s.
-- 300/592 [50.7%], loss=0.3549, dgw=0.3549, reg=0.0000, time=24.15s.
-- 325/592 [54.9%], loss=0.3581, dgw=0.3581, reg=0.0000, time=25.25s.
-- 350/592 [59.1%], loss=0.3540, dgw=0.3540, reg=0.0000, time=30.57s.
-- 375/592 [63.3%], loss=0.3434, dgw=0.3434, reg=0.0000, time=30.72s.
-- 400/592 [67.6%], loss=0.3510, dgw=0.3510, reg=0.0000, time=31.11s.
-- 425/592 [71.8%], loss=0.3698, dgw=0.3698, reg=0.0000, time=25.58s.
-- 450/592 [76.0%], loss=0.3582, dgw=0.3582, reg=0.0000, time=31.06s.
-- 475/592 [80.2%], loss=0.4129, dgw=0.4129, reg=0.0000, time=22.90s.
-- 500/592 [84.5%], loss=0.4014, dgw=0.4014, reg=0.0000, time=21.51s.
-- 525/592 [88.7%], loss=0.3775, dgw=0.3775, reg=0.0000, time=17.29s.
-- 550/592 [92.9%], loss=0.3811, dgw=0.3811, reg=0.0000, time=24.21s.
-- 575/592 [97.1%], loss=0.3708, dgw=0.3708, reg=0.0000, time=27.85s.
-- 592/592 [100.0%], loss=0.3925, dgw=0.3925, reg=0.0000, time=19.04s.
fit: Epoch 14/15, loss = 0.3574, best loss = 0.0683
results/ENZYMES_Jin_Multi_usl_tsne_fit_14.pdf
-- 25/592 [4.2%], loss=0.4098, dgw=0.4098, reg=0.0000, time=28.75s.
-- 50/592 [8.4%], loss=0.4229, dgw=0.4229, reg=0.0000, time=26.16s.
-- 75/592 [12.7%], loss=0.3945, dgw=0.3945, reg=0.0000, time=30.32s.
-- 100/592 [16.9%], loss=0.3768, dgw=0.3768, reg=0.0000, time=23.83s.
-- 125/592 [21.1%], loss=0.4035, dgw=0.4035, reg=0.0000, time=29.31s.
-- 150/592 [25.3%], loss=0.3900, dgw=0.3900, reg=0.0000, time=34.01s.
-- 175/592 [29.6%], loss=0.4071, dgw=0.4071, reg=0.0000, time=34.66s.
-- 200/592 [33.8%], loss=0.3844, dgw=0.3844, reg=0.0000, time=24.29s.
-- 225/592 [38.0%], loss=0.3655, dgw=0.3655, reg=0.0000, time=25.41s.
-- 250/592 [42.2%], loss=0.3904, dgw=0.3904, reg=0.0000, time=32.23s.
-- 275/592 [46.5%], loss=0.3404, dgw=0.3404, reg=0.0000, time=28.59s.
-- 300/592 [50.7%], loss=0.3672, dgw=0.3672, reg=0.0000, time=34.25s.
-- 325/592 [54.9%], loss=0.3617, dgw=0.3617, reg=0.0000, time=24.32s.
-- 350/592 [59.1%], loss=0.3526, dgw=0.3526, reg=0.0000, time=24.01s.
-- 375/592 [63.3%], loss=0.3739, dgw=0.3739, reg=0.0000, time=19.86s.
-- 400/592 [67.6%], loss=0.4021, dgw=0.4021, reg=0.0000, time=28.88s.
-- 425/592 [71.8%], loss=0.3775, dgw=0.3775, reg=0.0000, time=36.67s.
-- 450/592 [76.0%], loss=0.3730, dgw=0.3730, reg=0.0000, time=33.64s.
-- 475/592 [80.2%], loss=0.3954, dgw=0.3954, reg=0.0000, time=27.57s.
-- 500/592 [84.5%], loss=0.3807, dgw=0.3807, reg=0.0000, time=25.75s.
-- 525/592 [88.7%], loss=0.3899, dgw=0.3899, reg=0.0000, time=27.14s.
-- 550/592 [92.9%], loss=0.3934, dgw=0.3934, reg=0.0000, time=25.46s.
-- 575/592 [97.1%], loss=0.3266, dgw=0.3266, reg=0.0000, time=20.42s.
-- 592/592 [100.0%], loss=0.3996, dgw=0.3996, reg=0.0000, time=17.53s.
fit: Epoch 15/15, loss = 0.3822, best loss = 0.0683
results/ENZYMES_Jin_Multi_usl_tsne_fit_15.pdf
Rand Score: 0.7228700782000275
Done!
