MORE THAN 2 CLASSES!
-- 25/592 [4.2%], loss=0.2372, dgw=0.2372, reg=0.0000, time=31.47s.
-- 50/592 [8.4%], loss=0.2360, dgw=0.2360, reg=0.0000, time=41.57s.
-- 75/592 [12.7%], loss=0.2407, dgw=0.2407, reg=0.0000, time=53.20s.
-- 100/592 [16.9%], loss=0.2437, dgw=0.2437, reg=0.0000, time=56.81s.
-- 125/592 [21.1%], loss=0.2356, dgw=0.2356, reg=0.0000, time=56.89s.
-- 150/592 [25.3%], loss=0.2275, dgw=0.2275, reg=0.0000, time=68.48s.
-- 175/592 [29.6%], loss=0.2298, dgw=0.2298, reg=0.0000, time=64.98s.
-- 200/592 [33.8%], loss=0.2237, dgw=0.2237, reg=0.0000, time=67.59s.
-- 225/592 [38.0%], loss=0.2146, dgw=0.2146, reg=0.0000, time=73.71s.
-- 250/592 [42.2%], loss=0.2152, dgw=0.2152, reg=0.0000, time=84.10s.
-- 275/592 [46.5%], loss=0.2228, dgw=0.2228, reg=0.0000, time=61.85s.
-- 300/592 [50.7%], loss=0.2161, dgw=0.2161, reg=0.0000, time=52.15s.
-- 325/592 [54.9%], loss=0.2159, dgw=0.2159, reg=0.0000, time=63.45s.
-- 350/592 [59.1%], loss=0.2101, dgw=0.2101, reg=0.0000, time=46.94s.
-- 375/592 [63.3%], loss=0.2153, dgw=0.2153, reg=0.0000, time=58.54s.
-- 400/592 [67.6%], loss=0.2070, dgw=0.2070, reg=0.0000, time=74.55s.
-- 425/592 [71.8%], loss=0.2019, dgw=0.2019, reg=0.0000, time=75.50s.
-- 450/592 [76.0%], loss=0.2144, dgw=0.2144, reg=0.0000, time=55.52s.
-- 475/592 [80.2%], loss=0.2137, dgw=0.2137, reg=0.0000, time=74.19s.
-- 500/592 [84.5%], loss=0.1996, dgw=0.1996, reg=0.0000, time=72.54s.
-- 525/592 [88.7%], loss=0.2028, dgw=0.2028, reg=0.0000, time=68.98s.
-- 550/592 [92.9%], loss=0.1982, dgw=0.1982, reg=0.0000, time=70.71s.
-- 575/592 [97.1%], loss=0.2083, dgw=0.2083, reg=0.0000, time=55.54s.
-- 592/592 [100.0%], loss=0.1866, dgw=0.1866, reg=0.0000, time=46.75s.
fit: Epoch 1/15, loss = 0.2178, best loss = 0.2178
results/ENZYMES_Jin_Multi_usl_tsne_fit_1.pdf
-- 25/592 [4.2%], loss=0.1943, dgw=0.1943, reg=0.0000, time=54.89s.
-- 50/592 [8.4%], loss=0.1946, dgw=0.1946, reg=0.0000, time=59.08s.
-- 75/592 [12.7%], loss=0.1972, dgw=0.1972, reg=0.0000, time=49.50s.
-- 100/592 [16.9%], loss=0.1927, dgw=0.1927, reg=0.0000, time=75.56s.
-- 125/592 [21.1%], loss=0.1965, dgw=0.1965, reg=0.0000, time=75.68s.
-- 150/592 [25.3%], loss=0.1744, dgw=0.1744, reg=0.0000, time=50.92s.
-- 175/592 [29.6%], loss=0.1902, dgw=0.1902, reg=0.0000, time=59.66s.
-- 200/592 [33.8%], loss=0.1847, dgw=0.1847, reg=0.0000, time=62.95s.
-- 225/592 [38.0%], loss=0.1868, dgw=0.1868, reg=0.0000, time=73.50s.
-- 250/592 [42.2%], loss=0.1766, dgw=0.1766, reg=0.0000, time=74.21s.
-- 275/592 [46.5%], loss=0.1854, dgw=0.1854, reg=0.0000, time=64.69s.
-- 300/592 [50.7%], loss=0.1854, dgw=0.1854, reg=0.0000, time=77.64s.
-- 325/592 [54.9%], loss=0.1791, dgw=0.1791, reg=0.0000, time=69.97s.
-- 350/592 [59.1%], loss=0.1705, dgw=0.1705, reg=0.0000, time=72.15s.
-- 375/592 [63.3%], loss=0.1764, dgw=0.1764, reg=0.0000, time=75.23s.
-- 400/592 [67.6%], loss=0.1701, dgw=0.1701, reg=0.0000, time=73.53s.
-- 425/592 [71.8%], loss=0.1770, dgw=0.1770, reg=0.0000, time=87.64s.
-- 450/592 [76.0%], loss=0.1746, dgw=0.1746, reg=0.0000, time=78.83s.
-- 475/592 [80.2%], loss=0.1648, dgw=0.1648, reg=0.0000, time=83.21s.
-- 500/592 [84.5%], loss=0.1709, dgw=0.1709, reg=0.0000, time=67.52s.
-- 525/592 [88.7%], loss=0.1718, dgw=0.1718, reg=0.0000, time=70.02s.
-- 550/592 [92.9%], loss=0.1662, dgw=0.1662, reg=0.0000, time=73.48s.
-- 575/592 [97.1%], loss=0.1613, dgw=0.1613, reg=0.0000, time=67.22s.
-- 592/592 [100.0%], loss=0.1620, dgw=0.1620, reg=0.0000, time=44.87s.
fit: Epoch 2/15, loss = 0.1795, best loss = 0.1795
results/ENZYMES_Jin_Multi_usl_tsne_fit_2.pdf
-- 25/592 [4.2%], loss=0.1553, dgw=0.1553, reg=0.0000, time=77.26s.
-- 50/592 [8.4%], loss=0.1579, dgw=0.1579, reg=0.0000, time=58.99s.
-- 75/592 [12.7%], loss=0.1602, dgw=0.1602, reg=0.0000, time=65.62s.
-- 100/592 [16.9%], loss=0.1598, dgw=0.1598, reg=0.0000, time=64.64s.
-- 125/592 [21.1%], loss=0.1588, dgw=0.1588, reg=0.0000, time=53.95s.
-- 150/592 [25.3%], loss=0.1605, dgw=0.1605, reg=0.0000, time=57.91s.
-- 175/592 [29.6%], loss=0.1516, dgw=0.1516, reg=0.0000, time=80.99s.
-- 200/592 [33.8%], loss=0.1511, dgw=0.1511, reg=0.0000, time=80.36s.
-- 225/592 [38.0%], loss=0.1502, dgw=0.1502, reg=0.0000, time=61.61s.
-- 250/592 [42.2%], loss=0.1520, dgw=0.1520, reg=0.0000, time=64.31s.
-- 275/592 [46.5%], loss=0.1526, dgw=0.1526, reg=0.0000, time=60.88s.
-- 300/592 [50.7%], loss=0.1486, dgw=0.1486, reg=0.0000, time=69.50s.
-- 325/592 [54.9%], loss=0.1532, dgw=0.1532, reg=0.0000, time=64.37s.
-- 350/592 [59.1%], loss=0.1501, dgw=0.1501, reg=0.0000, time=61.41s.
-- 375/592 [63.3%], loss=0.1457, dgw=0.1457, reg=0.0000, time=78.53s.
-- 400/592 [67.6%], loss=0.1446, dgw=0.1446, reg=0.0000, time=70.40s.
-- 425/592 [71.8%], loss=0.1457, dgw=0.1457, reg=0.0000, time=70.00s.
-- 450/592 [76.0%], loss=0.1383, dgw=0.1383, reg=0.0000, time=63.29s.
-- 475/592 [80.2%], loss=0.1390, dgw=0.1390, reg=0.0000, time=69.48s.
-- 500/592 [84.5%], loss=0.1456, dgw=0.1456, reg=0.0000, time=60.98s.
-- 525/592 [88.7%], loss=0.1403, dgw=0.1403, reg=0.0000, time=76.41s.
-- 550/592 [92.9%], loss=0.1394, dgw=0.1394, reg=0.0000, time=77.67s.
-- 575/592 [97.1%], loss=0.1404, dgw=0.1404, reg=0.0000, time=66.03s.
-- 592/592 [100.0%], loss=0.1380, dgw=0.1380, reg=0.0000, time=34.25s.
fit: Epoch 3/15, loss = 0.1493, best loss = 0.1493
results/ENZYMES_Jin_Multi_usl_tsne_fit_3.pdf
-- 25/592 [4.2%], loss=0.1346, dgw=0.1346, reg=0.0000, time=55.23s.
-- 50/592 [8.4%], loss=0.1334, dgw=0.1334, reg=0.0000, time=45.52s.
-- 75/592 [12.7%], loss=0.1322, dgw=0.1322, reg=0.0000, time=46.73s.
-- 100/592 [16.9%], loss=0.1417, dgw=0.1417, reg=0.0000, time=59.03s.
-- 125/592 [21.1%], loss=0.1414, dgw=0.1414, reg=0.0000, time=64.85s.
-- 150/592 [25.3%], loss=0.1317, dgw=0.1317, reg=0.0000, time=71.16s.
-- 175/592 [29.6%], loss=0.1287, dgw=0.1287, reg=0.0000, time=69.10s.
-- 200/592 [33.8%], loss=0.1249, dgw=0.1249, reg=0.0000, time=70.79s.
-- 225/592 [38.0%], loss=0.1300, dgw=0.1300, reg=0.0000, time=74.39s.
-- 250/592 [42.2%], loss=0.1286, dgw=0.1286, reg=0.0000, time=62.83s.
-- 275/592 [46.5%], loss=0.1295, dgw=0.1295, reg=0.0000, time=71.53s.
-- 300/592 [50.7%], loss=0.1257, dgw=0.1257, reg=0.0000, time=77.50s.
-- 325/592 [54.9%], loss=0.1235, dgw=0.1235, reg=0.0000, time=71.28s.
-- 350/592 [59.1%], loss=0.1255, dgw=0.1255, reg=0.0000, time=71.45s.
-- 375/592 [63.3%], loss=0.1181, dgw=0.1181, reg=0.0000, time=56.26s.
-- 400/592 [67.6%], loss=0.1352, dgw=0.1352, reg=0.0000, time=71.32s.
-- 425/592 [71.8%], loss=0.1218, dgw=0.1218, reg=0.0000, time=40.26s.
-- 450/592 [76.0%], loss=0.1214, dgw=0.1214, reg=0.0000, time=62.21s.
-- 475/592 [80.2%], loss=0.1196, dgw=0.1196, reg=0.0000, time=61.23s.
-- 500/592 [84.5%], loss=0.1218, dgw=0.1218, reg=0.0000, time=71.03s.
-- 525/592 [88.7%], loss=0.1183, dgw=0.1183, reg=0.0000, time=56.73s.
-- 550/592 [92.9%], loss=0.1158, dgw=0.1158, reg=0.0000, time=53.36s.
-- 575/592 [97.1%], loss=0.1169, dgw=0.1169, reg=0.0000, time=62.66s.
-- 592/592 [100.0%], loss=0.1188, dgw=0.1188, reg=0.0000, time=44.71s.
fit: Epoch 4/15, loss = 0.1267, best loss = 0.1267
results/ENZYMES_Jin_Multi_usl_tsne_fit_4.pdf
-- 25/592 [4.2%], loss=0.1208, dgw=0.1208, reg=0.0000, time=72.92s.
-- 50/592 [8.4%], loss=0.1135, dgw=0.1135, reg=0.0000, time=66.57s.
-- 75/592 [12.7%], loss=0.1133, dgw=0.1133, reg=0.0000, time=70.42s.
-- 100/592 [16.9%], loss=0.1135, dgw=0.1135, reg=0.0000, time=56.00s.
-- 125/592 [21.1%], loss=0.1109, dgw=0.1109, reg=0.0000, time=56.52s.
-- 150/592 [25.3%], loss=0.1121, dgw=0.1121, reg=0.0000, time=54.18s.
-- 175/592 [29.6%], loss=0.1113, dgw=0.1113, reg=0.0000, time=68.27s.
-- 200/592 [33.8%], loss=0.1082, dgw=0.1082, reg=0.0000, time=67.75s.
-- 225/592 [38.0%], loss=0.1239, dgw=0.1239, reg=0.0000, time=55.15s.
-- 250/592 [42.2%], loss=0.1117, dgw=0.1117, reg=0.0000, time=62.99s.
-- 275/592 [46.5%], loss=0.1160, dgw=0.1160, reg=0.0000, time=41.93s.
-- 300/592 [50.7%], loss=0.1090, dgw=0.1090, reg=0.0000, time=68.50s.
-- 325/592 [54.9%], loss=0.1117, dgw=0.1117, reg=0.0000, time=50.92s.
-- 350/592 [59.1%], loss=0.1078, dgw=0.1078, reg=0.0000, time=62.78s.
-- 375/592 [63.3%], loss=0.1084, dgw=0.1084, reg=0.0000, time=71.59s.
-- 400/592 [67.6%], loss=0.1064, dgw=0.1064, reg=0.0000, time=61.73s.
-- 425/592 [71.8%], loss=0.1155, dgw=0.1155, reg=0.0000, time=64.42s.
-- 450/592 [76.0%], loss=0.1046, dgw=0.1046, reg=0.0000, time=51.78s.
-- 475/592 [80.2%], loss=0.1093, dgw=0.1093, reg=0.0000, time=65.85s.
-- 500/592 [84.5%], loss=0.1052, dgw=0.1052, reg=0.0000, time=53.32s.
-- 525/592 [88.7%], loss=0.1002, dgw=0.1002, reg=0.0000, time=56.71s.
-- 550/592 [92.9%], loss=0.1019, dgw=0.1019, reg=0.0000, time=52.46s.
-- 575/592 [97.1%], loss=0.1036, dgw=0.1036, reg=0.0000, time=64.24s.
-- 592/592 [100.0%], loss=0.1128, dgw=0.1128, reg=0.0000, time=47.23s.
fit: Epoch 5/15, loss = 0.1105, best loss = 0.1105
results/ENZYMES_Jin_Multi_usl_tsne_fit_5.pdf
-- 25/592 [4.2%], loss=0.1031, dgw=0.1031, reg=0.0000, time=50.20s.
-- 50/592 [8.4%], loss=0.1020, dgw=0.1020, reg=0.0000, time=67.89s.
-- 75/592 [12.7%], loss=0.1061, dgw=0.1061, reg=0.0000, time=55.40s.
-- 100/592 [16.9%], loss=0.0966, dgw=0.0966, reg=0.0000, time=50.50s.
-- 125/592 [21.1%], loss=0.1078, dgw=0.1078, reg=0.0000, time=55.82s.
-- 150/592 [25.3%], loss=0.0981, dgw=0.0981, reg=0.0000, time=56.55s.
-- 175/592 [29.6%], loss=0.0953, dgw=0.0953, reg=0.0000, time=58.55s.
-- 200/592 [33.8%], loss=0.1064, dgw=0.1064, reg=0.0000, time=55.43s.
-- 225/592 [38.0%], loss=0.0999, dgw=0.0999, reg=0.0000, time=40.14s.
-- 250/592 [42.2%], loss=0.1086, dgw=0.1086, reg=0.0000, time=56.94s.
-- 275/592 [46.5%], loss=0.0930, dgw=0.0930, reg=0.0000, time=61.80s.
-- 300/592 [50.7%], loss=0.0973, dgw=0.0973, reg=0.0000, time=46.55s.
-- 325/592 [54.9%], loss=0.1040, dgw=0.1040, reg=0.0000, time=57.70s.
-- 350/592 [59.1%], loss=0.0937, dgw=0.0937, reg=0.0000, time=45.87s.
-- 375/592 [63.3%], loss=0.1026, dgw=0.1026, reg=0.0000, time=49.62s.
-- 400/592 [67.6%], loss=0.0938, dgw=0.0938, reg=0.0000, time=63.40s.
-- 425/592 [71.8%], loss=0.0904, dgw=0.0904, reg=0.0000, time=56.23s.
-- 450/592 [76.0%], loss=0.0941, dgw=0.0941, reg=0.0000, time=52.22s.
-- 475/592 [80.2%], loss=0.0939, dgw=0.0939, reg=0.0000, time=44.96s.
-- 500/592 [84.5%], loss=0.0990, dgw=0.0990, reg=0.0000, time=54.87s.
-- 525/592 [88.7%], loss=0.1034, dgw=0.1034, reg=0.0000, time=48.75s.
-- 550/592 [92.9%], loss=0.1055, dgw=0.1055, reg=0.0000, time=53.81s.
-- 575/592 [97.1%], loss=0.1632, dgw=0.1632, reg=0.0000, time=39.03s.
-- 592/592 [100.0%], loss=0.1627, dgw=0.1627, reg=0.0000, time=33.72s.
fit: Epoch 6/15, loss = 0.1042, best loss = 0.1042
results/ENZYMES_Jin_Multi_usl_tsne_fit_6.pdf
-- 25/592 [4.2%], loss=0.1235, dgw=0.1235, reg=0.0000, time=48.47s.
-- 50/592 [8.4%], loss=0.1136, dgw=0.1136, reg=0.0000, time=25.87s.
-- 75/592 [12.7%], loss=0.1159, dgw=0.1159, reg=0.0000, time=41.72s.
-- 100/592 [16.9%], loss=0.1212, dgw=0.1212, reg=0.0000, time=65.69s.
-- 125/592 [21.1%], loss=0.1403, dgw=0.1403, reg=0.0000, time=60.53s.
-- 150/592 [25.3%], loss=0.1461, dgw=0.1461, reg=0.0000, time=66.41s.
-- 175/592 [29.6%], loss=0.1463, dgw=0.1463, reg=0.0000, time=51.92s.
-- 200/592 [33.8%], loss=0.1916, dgw=0.1916, reg=0.0000, time=53.47s.
-- 225/592 [38.0%], loss=0.1892, dgw=0.1892, reg=0.0000, time=47.61s.
-- 250/592 [42.2%], loss=0.1905, dgw=0.1905, reg=0.0000, time=56.41s.
-- 275/592 [46.5%], loss=0.1860, dgw=0.1860, reg=0.0000, time=40.70s.
-- 300/592 [50.7%], loss=0.2413, dgw=0.2413, reg=0.0000, time=36.78s.
-- 325/592 [54.9%], loss=0.2501, dgw=0.2501, reg=0.0000, time=53.54s.
-- 350/592 [59.1%], loss=0.2292, dgw=0.2292, reg=0.0000, time=50.37s.
-- 375/592 [63.3%], loss=0.2358, dgw=0.2358, reg=0.0000, time=71.69s.
-- 400/592 [67.6%], loss=0.2103, dgw=0.2103, reg=0.0000, time=42.79s.
-- 425/592 [71.8%], loss=0.2008, dgw=0.2008, reg=0.0000, time=56.41s.
-- 450/592 [76.0%], loss=0.2026, dgw=0.2026, reg=0.0000, time=52.43s.
-- 475/592 [80.2%], loss=0.1902, dgw=0.1902, reg=0.0000, time=56.50s.
-- 500/592 [84.5%], loss=0.1910, dgw=0.1910, reg=0.0000, time=50.96s.
-- 525/592 [88.7%], loss=0.1982, dgw=0.1982, reg=0.0000, time=50.34s.
-- 550/592 [92.9%], loss=0.1819, dgw=0.1819, reg=0.0000, time=43.53s.
-- 575/592 [97.1%], loss=0.2123, dgw=0.2123, reg=0.0000, time=41.54s.
-- 592/592 [100.0%], loss=0.1973, dgw=0.1973, reg=0.0000, time=44.35s.
fit: Epoch 7/15, loss = 0.1834, best loss = 0.1042
results/ENZYMES_Jin_Multi_usl_tsne_fit_7.pdf
-- 25/592 [4.2%], loss=0.2311, dgw=0.2311, reg=0.0000, time=46.42s.
-- 50/592 [8.4%], loss=0.1882, dgw=0.1882, reg=0.0000, time=56.79s.
-- 75/592 [12.7%], loss=0.2067, dgw=0.2067, reg=0.0000, time=46.42s.
-- 100/592 [16.9%], loss=0.1992, dgw=0.1992, reg=0.0000, time=34.54s.
-- 125/592 [21.1%], loss=0.2285, dgw=0.2285, reg=0.0000, time=42.51s.
-- 150/592 [25.3%], loss=0.2173, dgw=0.2173, reg=0.0000, time=48.31s.
-- 175/592 [29.6%], loss=0.1868, dgw=0.1868, reg=0.0000, time=43.31s.
-- 200/592 [33.8%], loss=0.2280, dgw=0.2280, reg=0.0000, time=50.03s.
-- 225/592 [38.0%], loss=0.2211, dgw=0.2211, reg=0.0000, time=46.32s.
-- 250/592 [42.2%], loss=0.1749, dgw=0.1749, reg=0.0000, time=48.54s.
-- 275/592 [46.5%], loss=0.1860, dgw=0.1860, reg=0.0000, time=44.81s.
-- 300/592 [50.7%], loss=0.1979, dgw=0.1979, reg=0.0000, time=46.25s.
-- 325/592 [54.9%], loss=0.2161, dgw=0.2161, reg=0.0000, time=48.29s.
-- 350/592 [59.1%], loss=0.2047, dgw=0.2047, reg=0.0000, time=51.33s.
-- 375/592 [63.3%], loss=0.1737, dgw=0.1737, reg=0.0000, time=55.69s.
-- 400/592 [67.6%], loss=0.2200, dgw=0.2200, reg=0.0000, time=50.24s.
-- 425/592 [71.8%], loss=0.1955, dgw=0.1955, reg=0.0000, time=51.67s.
-- 450/592 [76.0%], loss=0.1826, dgw=0.1826, reg=0.0000, time=44.24s.
-- 475/592 [80.2%], loss=0.2133, dgw=0.2133, reg=0.0000, time=49.38s.
-- 500/592 [84.5%], loss=0.2340, dgw=0.2340, reg=0.0000, time=49.98s.
-- 525/592 [88.7%], loss=0.1909, dgw=0.1909, reg=0.0000, time=48.46s.
-- 550/592 [92.9%], loss=0.2102, dgw=0.2102, reg=0.0000, time=49.00s.
-- 575/592 [97.1%], loss=0.2231, dgw=0.2231, reg=0.0000, time=52.74s.
-- 592/592 [100.0%], loss=0.2357, dgw=0.2357, reg=0.0000, time=36.52s.
fit: Epoch 8/15, loss = 0.2065, best loss = 0.1042
results/ENZYMES_Jin_Multi_usl_tsne_fit_8.pdf
-- 25/592 [4.2%], loss=0.2876, dgw=0.2876, reg=0.0000, time=44.37s.
-- 50/592 [8.4%], loss=0.2332, dgw=0.2332, reg=0.0000, time=44.63s.
-- 75/592 [12.7%], loss=0.2776, dgw=0.2776, reg=0.0000, time=40.41s.
-- 100/592 [16.9%], loss=0.2817, dgw=0.2817, reg=0.0000, time=46.15s.
-- 125/592 [21.1%], loss=0.3082, dgw=0.3082, reg=0.0000, time=31.21s.
-- 150/592 [25.3%], loss=0.3143, dgw=0.3143, reg=0.0000, time=38.26s.
-- 175/592 [29.6%], loss=0.3126, dgw=0.3126, reg=0.0000, time=39.26s.
-- 200/592 [33.8%], loss=0.3188, dgw=0.3188, reg=0.0000, time=34.18s.
-- 225/592 [38.0%], loss=0.3478, dgw=0.3478, reg=0.0000, time=37.73s.
-- 250/592 [42.2%], loss=0.3878, dgw=0.3878, reg=0.0000, time=50.52s.
-- 275/592 [46.5%], loss=0.3462, dgw=0.3462, reg=0.0000, time=33.46s.
-- 300/592 [50.7%], loss=0.3843, dgw=0.3843, reg=0.0000, time=39.00s.
-- 325/592 [54.9%], loss=0.4658, dgw=0.4658, reg=0.0000, time=41.90s.
-- 350/592 [59.1%], loss=0.3910, dgw=0.3910, reg=0.0000, time=33.51s.
-- 375/592 [63.3%], loss=0.3942, dgw=0.3942, reg=0.0000, time=42.37s.
-- 400/592 [67.6%], loss=0.4094, dgw=0.4094, reg=0.0000, time=31.79s.
-- 425/592 [71.8%], loss=0.3943, dgw=0.3943, reg=0.0000, time=32.17s.
-- 450/592 [76.0%], loss=0.3828, dgw=0.3828, reg=0.0000, time=35.78s.
-- 475/592 [80.2%], loss=0.3427, dgw=0.3427, reg=0.0000, time=35.64s.
-- 500/592 [84.5%], loss=0.3739, dgw=0.3739, reg=0.0000, time=44.59s.
-- 525/592 [88.7%], loss=0.3393, dgw=0.3393, reg=0.0000, time=44.18s.
-- 550/592 [92.9%], loss=0.2845, dgw=0.2845, reg=0.0000, time=53.32s.
-- 575/592 [97.1%], loss=0.3178, dgw=0.3178, reg=0.0000, time=57.49s.
-- 592/592 [100.0%], loss=0.2994, dgw=0.2994, reg=0.0000, time=33.87s.
fit: Epoch 9/15, loss = 0.3420, best loss = 0.1042
results/ENZYMES_Jin_Multi_usl_tsne_fit_9.pdf
-- 25/592 [4.2%], loss=0.3028, dgw=0.3028, reg=0.0000, time=26.21s.
-- 50/592 [8.4%], loss=0.2786, dgw=0.2786, reg=0.0000, time=24.78s.
-- 75/592 [12.7%], loss=0.2796, dgw=0.2796, reg=0.0000, time=28.42s.
-- 100/592 [16.9%], loss=0.2610, dgw=0.2610, reg=0.0000, time=44.10s.
-- 125/592 [21.1%], loss=0.2720, dgw=0.2720, reg=0.0000, time=44.24s.
-- 150/592 [25.3%], loss=0.2986, dgw=0.2986, reg=0.0000, time=45.74s.
-- 175/592 [29.6%], loss=0.2927, dgw=0.2927, reg=0.0000, time=31.75s.
-- 200/592 [33.8%], loss=0.2865, dgw=0.2865, reg=0.0000, time=36.39s.
-- 225/592 [38.0%], loss=0.3322, dgw=0.3322, reg=0.0000, time=39.22s.
-- 250/592 [42.2%], loss=0.2777, dgw=0.2777, reg=0.0000, time=32.12s.
-- 275/592 [46.5%], loss=0.3032, dgw=0.3032, reg=0.0000, time=54.19s.
-- 300/592 [50.7%], loss=0.3028, dgw=0.3028, reg=0.0000, time=39.70s.
-- 325/592 [54.9%], loss=0.2922, dgw=0.2922, reg=0.0000, time=41.19s.
-- 350/592 [59.1%], loss=0.3150, dgw=0.3150, reg=0.0000, time=40.86s.
-- 375/592 [63.3%], loss=0.3352, dgw=0.3352, reg=0.0000, time=47.30s.
-- 400/592 [67.6%], loss=0.3338, dgw=0.3338, reg=0.0000, time=43.80s.
-- 425/592 [71.8%], loss=0.3862, dgw=0.3862, reg=0.0000, time=45.31s.
-- 450/592 [76.0%], loss=0.3559, dgw=0.3559, reg=0.0000, time=30.93s.
-- 475/592 [80.2%], loss=0.3855, dgw=0.3855, reg=0.0000, time=40.04s.
-- 500/592 [84.5%], loss=0.3911, dgw=0.3911, reg=0.0000, time=32.67s.
-- 525/592 [88.7%], loss=0.3639, dgw=0.3639, reg=0.0000, time=45.77s.
-- 550/592 [92.9%], loss=0.3424, dgw=0.3424, reg=0.0000, time=47.01s.
-- 575/592 [97.1%], loss=0.4013, dgw=0.4013, reg=0.0000, time=41.82s.
-- 592/592 [100.0%], loss=0.3949, dgw=0.3949, reg=0.0000, time=29.38s.
fit: Epoch 10/15, loss = 0.3234, best loss = 0.1042
results/ENZYMES_Jin_Multi_usl_tsne_fit_10.pdf
-- 25/592 [4.2%], loss=0.3671, dgw=0.3671, reg=0.0000, time=36.95s.
-- 50/592 [8.4%], loss=0.3862, dgw=0.3862, reg=0.0000, time=41.59s.
-- 75/592 [12.7%], loss=0.3618, dgw=0.3618, reg=0.0000, time=41.99s.
-- 100/592 [16.9%], loss=0.3478, dgw=0.3478, reg=0.0000, time=55.89s.
-- 125/592 [21.1%], loss=0.4026, dgw=0.4026, reg=0.0000, time=51.03s.
-- 150/592 [25.3%], loss=0.4159, dgw=0.4159, reg=0.0000, time=46.53s.
-- 175/592 [29.6%], loss=0.3825, dgw=0.3825, reg=0.0000, time=39.48s.
-- 200/592 [33.8%], loss=0.4033, dgw=0.4033, reg=0.0000, time=34.87s.
-- 225/592 [38.0%], loss=0.4192, dgw=0.4192, reg=0.0000, time=44.76s.
-- 250/592 [42.2%], loss=0.4224, dgw=0.4224, reg=0.0000, time=49.46s.
-- 275/592 [46.5%], loss=0.4018, dgw=0.4018, reg=0.0000, time=39.62s.
-- 300/592 [50.7%], loss=0.3518, dgw=0.3518, reg=0.0000, time=37.77s.
-- 325/592 [54.9%], loss=0.3466, dgw=0.3466, reg=0.0000, time=48.28s.
-- 350/592 [59.1%], loss=0.3898, dgw=0.3898, reg=0.0000, time=42.29s.
-- 375/592 [63.3%], loss=0.4252, dgw=0.4252, reg=0.0000, time=37.99s.
-- 400/592 [67.6%], loss=0.4162, dgw=0.4162, reg=0.0000, time=39.90s.
-- 425/592 [71.8%], loss=0.3924, dgw=0.3924, reg=0.0000, time=38.89s.
-- 450/592 [76.0%], loss=0.3663, dgw=0.3663, reg=0.0000, time=41.60s.
-- 475/592 [80.2%], loss=0.3810, dgw=0.3810, reg=0.0000, time=33.66s.
-- 500/592 [84.5%], loss=0.4042, dgw=0.4042, reg=0.0000, time=58.63s.
-- 525/592 [88.7%], loss=0.3839, dgw=0.3839, reg=0.0000, time=48.28s.
-- 550/592 [92.9%], loss=0.3772, dgw=0.3772, reg=0.0000, time=54.76s.
-- 575/592 [97.1%], loss=0.3715, dgw=0.3715, reg=0.0000, time=40.44s.
-- 592/592 [100.0%], loss=0.4319, dgw=0.4319, reg=0.0000, time=28.16s.
fit: Epoch 11/15, loss = 0.3890, best loss = 0.1042
results/ENZYMES_Jin_Multi_usl_tsne_fit_11.pdf
-- 25/592 [4.2%], loss=0.4187, dgw=0.4187, reg=0.0000, time=43.99s.
-- 50/592 [8.4%], loss=0.3831, dgw=0.3831, reg=0.0000, time=41.12s.
-- 75/592 [12.7%], loss=0.3992, dgw=0.3992, reg=0.0000, time=52.27s.
-- 100/592 [16.9%], loss=0.4698, dgw=0.4698, reg=0.0000, time=45.49s.
-- 125/592 [21.1%], loss=0.4597, dgw=0.4597, reg=0.0000, time=40.12s.
-- 150/592 [25.3%], loss=0.4459, dgw=0.4459, reg=0.0000, time=47.07s.
-- 175/592 [29.6%], loss=0.4457, dgw=0.4457, reg=0.0000, time=52.97s.
-- 200/592 [33.8%], loss=0.4716, dgw=0.4716, reg=0.0000, time=36.35s.
-- 225/592 [38.0%], loss=0.4232, dgw=0.4232, reg=0.0000, time=37.27s.
-- 250/592 [42.2%], loss=0.4713, dgw=0.4713, reg=0.0000, time=42.42s.
-- 275/592 [46.5%], loss=0.4441, dgw=0.4441, reg=0.0000, time=29.63s.
-- 300/592 [50.7%], loss=0.4486, dgw=0.4486, reg=0.0000, time=41.45s.
-- 325/592 [54.9%], loss=0.4633, dgw=0.4633, reg=0.0000, time=29.31s.
-- 350/592 [59.1%], loss=0.4721, dgw=0.4721, reg=0.0000, time=41.49s.
-- 375/592 [63.3%], loss=0.4794, dgw=0.4794, reg=0.0000, time=45.38s.
-- 400/592 [67.6%], loss=0.4663, dgw=0.4663, reg=0.0000, time=43.08s.
-- 425/592 [71.8%], loss=0.4887, dgw=0.4887, reg=0.0000, time=45.68s.
-- 450/592 [76.0%], loss=0.5008, dgw=0.5008, reg=0.0000, time=40.33s.
-- 475/592 [80.2%], loss=0.5203, dgw=0.5203, reg=0.0000, time=42.47s.
-- 500/592 [84.5%], loss=0.5347, dgw=0.5347, reg=0.0000, time=41.69s.
-- 525/592 [88.7%], loss=0.4918, dgw=0.4918, reg=0.0000, time=49.25s.
-- 550/592 [92.9%], loss=0.4917, dgw=0.4917, reg=0.0000, time=37.51s.
-- 575/592 [97.1%], loss=0.5145, dgw=0.5145, reg=0.0000, time=42.07s.
-- 592/592 [100.0%], loss=0.5650, dgw=0.5650, reg=0.0000, time=29.35s.
fit: Epoch 12/15, loss = 0.4683, best loss = 0.1042
results/ENZYMES_Jin_Multi_usl_tsne_fit_12.pdf
-- 25/592 [4.2%], loss=0.5471, dgw=0.5471, reg=0.0000, time=37.05s.
-- 50/592 [8.4%], loss=0.5175, dgw=0.5175, reg=0.0000, time=33.82s.
-- 75/592 [12.7%], loss=0.5449, dgw=0.5449, reg=0.0000, time=30.52s.
-- 100/592 [16.9%], loss=0.5843, dgw=0.5843, reg=0.0000, time=42.90s.
-- 125/592 [21.1%], loss=0.5380, dgw=0.5380, reg=0.0000, time=43.22s.
-- 150/592 [25.3%], loss=0.5230, dgw=0.5230, reg=0.0000, time=39.99s.
-- 175/592 [29.6%], loss=0.5191, dgw=0.5191, reg=0.0000, time=44.72s.
-- 200/592 [33.8%], loss=0.5203, dgw=0.5203, reg=0.0000, time=44.51s.
-- 225/592 [38.0%], loss=0.5836, dgw=0.5836, reg=0.0000, time=34.93s.
-- 250/592 [42.2%], loss=0.6014, dgw=0.6014, reg=0.0000, time=31.06s.
-- 275/592 [46.5%], loss=0.5729, dgw=0.5729, reg=0.0000, time=44.12s.
-- 300/592 [50.7%], loss=0.5448, dgw=0.5448, reg=0.0000, time=34.45s.
-- 325/592 [54.9%], loss=0.5305, dgw=0.5305, reg=0.0000, time=43.12s.
-- 350/592 [59.1%], loss=0.5007, dgw=0.5007, reg=0.0000, time=39.39s.
-- 375/592 [63.3%], loss=0.5821, dgw=0.5821, reg=0.0000, time=41.00s.
-- 400/592 [67.6%], loss=0.5611, dgw=0.5611, reg=0.0000, time=42.48s.
-- 425/592 [71.8%], loss=0.5101, dgw=0.5101, reg=0.0000, time=42.17s.
-- 450/592 [76.0%], loss=0.5008, dgw=0.5008, reg=0.0000, time=30.73s.
-- 475/592 [80.2%], loss=0.5239, dgw=0.5239, reg=0.0000, time=37.23s.
-- 500/592 [84.5%], loss=0.5071, dgw=0.5071, reg=0.0000, time=49.24s.
-- 525/592 [88.7%], loss=0.5174, dgw=0.5174, reg=0.0000, time=42.32s.
-- 550/592 [92.9%], loss=0.5280, dgw=0.5280, reg=0.0000, time=39.57s.
-- 575/592 [97.1%], loss=0.5391, dgw=0.5391, reg=0.0000, time=37.59s.
-- 592/592 [100.0%], loss=0.5379, dgw=0.5379, reg=0.0000, time=22.74s.
fit: Epoch 13/15, loss = 0.5390, best loss = 0.1042
results/ENZYMES_Jin_Multi_usl_tsne_fit_13.pdf
-- 25/592 [4.2%], loss=0.5069, dgw=0.5069, reg=0.0000, time=30.42s.
-- 50/592 [8.4%], loss=0.5386, dgw=0.5386, reg=0.0000, time=32.40s.
-- 75/592 [12.7%], loss=0.5219, dgw=0.5219, reg=0.0000, time=30.47s.
-- 100/592 [16.9%], loss=0.5393, dgw=0.5393, reg=0.0000, time=38.72s.
-- 125/592 [21.1%], loss=0.4598, dgw=0.4598, reg=0.0000, time=31.79s.
-- 150/592 [25.3%], loss=0.4749, dgw=0.4749, reg=0.0000, time=28.93s.
-- 175/592 [29.6%], loss=0.5079, dgw=0.5079, reg=0.0000, time=31.57s.
-- 200/592 [33.8%], loss=0.4776, dgw=0.4776, reg=0.0000, time=32.76s.
-- 225/592 [38.0%], loss=0.4854, dgw=0.4854, reg=0.0000, time=36.47s.
-- 250/592 [42.2%], loss=0.4933, dgw=0.4933, reg=0.0000, time=25.10s.
-- 275/592 [46.5%], loss=0.5012, dgw=0.5012, reg=0.0000, time=36.18s.
-- 300/592 [50.7%], loss=0.4748, dgw=0.4748, reg=0.0000, time=24.72s.
-- 325/592 [54.9%], loss=0.4739, dgw=0.4739, reg=0.0000, time=37.01s.
-- 350/592 [59.1%], loss=0.5120, dgw=0.5120, reg=0.0000, time=27.40s.
-- 375/592 [63.3%], loss=0.4865, dgw=0.4865, reg=0.0000, time=35.92s.
-- 400/592 [67.6%], loss=0.4743, dgw=0.4743, reg=0.0000, time=38.28s.
-- 425/592 [71.8%], loss=0.4882, dgw=0.4882, reg=0.0000, time=43.40s.
-- 450/592 [76.0%], loss=0.5107, dgw=0.5107, reg=0.0000, time=43.72s.
-- 475/592 [80.2%], loss=0.4825, dgw=0.4825, reg=0.0000, time=40.82s.
-- 500/592 [84.5%], loss=0.5378, dgw=0.5378, reg=0.0000, time=31.23s.
-- 525/592 [88.7%], loss=0.4795, dgw=0.4795, reg=0.0000, time=46.03s.
-- 550/592 [92.9%], loss=0.5757, dgw=0.5757, reg=0.0000, time=40.89s.
-- 575/592 [97.1%], loss=0.5221, dgw=0.5221, reg=0.0000, time=30.08s.
-- 592/592 [100.0%], loss=0.4688, dgw=0.4688, reg=0.0000, time=23.82s.
fit: Epoch 14/15, loss = 0.5002, best loss = 0.1042
results/ENZYMES_Jin_Multi_usl_tsne_fit_14.pdf
-- 25/592 [4.2%], loss=0.5468, dgw=0.5468, reg=0.0000, time=34.72s.
-- 50/592 [8.4%], loss=0.5271, dgw=0.5271, reg=0.0000, time=39.79s.
-- 75/592 [12.7%], loss=0.5390, dgw=0.5390, reg=0.0000, time=35.30s.
-- 100/592 [16.9%], loss=0.5315, dgw=0.5315, reg=0.0000, time=41.37s.
-- 125/592 [21.1%], loss=0.5545, dgw=0.5545, reg=0.0000, time=39.89s.
-- 150/592 [25.3%], loss=0.5440, dgw=0.5440, reg=0.0000, time=34.57s.
-- 175/592 [29.6%], loss=0.5207, dgw=0.5207, reg=0.0000, time=29.83s.
-- 200/592 [33.8%], loss=0.5669, dgw=0.5669, reg=0.0000, time=42.53s.
-- 225/592 [38.0%], loss=0.5522, dgw=0.5522, reg=0.0000, time=50.80s.
-- 250/592 [42.2%], loss=0.5556, dgw=0.5556, reg=0.0000, time=35.40s.
-- 275/592 [46.5%], loss=0.5495, dgw=0.5495, reg=0.0000, time=46.57s.
-- 300/592 [50.7%], loss=0.5406, dgw=0.5406, reg=0.0000, time=43.28s.
-- 325/592 [54.9%], loss=0.5695, dgw=0.5695, reg=0.0000, time=40.61s.
-- 350/592 [59.1%], loss=0.5374, dgw=0.5374, reg=0.0000, time=39.87s.
-- 375/592 [63.3%], loss=0.5263, dgw=0.5263, reg=0.0000, time=41.76s.
-- 400/592 [67.6%], loss=0.5109, dgw=0.5109, reg=0.0000, time=38.59s.
-- 425/592 [71.8%], loss=0.5594, dgw=0.5594, reg=0.0000, time=33.20s.
-- 450/592 [76.0%], loss=0.5698, dgw=0.5698, reg=0.0000, time=31.49s.
-- 475/592 [80.2%], loss=0.5933, dgw=0.5933, reg=0.0000, time=38.16s.
-- 500/592 [84.5%], loss=0.5893, dgw=0.5893, reg=0.0000, time=44.32s.
-- 525/592 [88.7%], loss=0.5515, dgw=0.5515, reg=0.0000, time=35.09s.
-- 550/592 [92.9%], loss=0.6185, dgw=0.6185, reg=0.0000, time=37.23s.
-- 575/592 [97.1%], loss=0.5973, dgw=0.5973, reg=0.0000, time=39.70s.
-- 592/592 [100.0%], loss=0.5903, dgw=0.5903, reg=0.0000, time=28.96s.
fit: Epoch 15/15, loss = 0.5555, best loss = 0.1042
results/ENZYMES_Jin_Multi_usl_tsne_fit_15.pdf
Rand Score: 0.7258654593679974
Done!
