MORE THAN 2 CLASSES!
-- 25/592 [4.2%], loss=0.2265, dgw=0.2265, reg=0.0000, time=58.70s.
-- 50/592 [8.4%], loss=0.2266, dgw=0.2266, reg=0.0000, time=57.13s.
-- 75/592 [12.7%], loss=0.2230, dgw=0.2230, reg=0.0000, time=59.95s.
-- 100/592 [16.9%], loss=0.2257, dgw=0.2257, reg=0.0000, time=65.72s.
-- 125/592 [21.1%], loss=0.2192, dgw=0.2192, reg=0.0000, time=61.18s.
-- 150/592 [25.3%], loss=0.2194, dgw=0.2194, reg=0.0000, time=59.58s.
-- 175/592 [29.6%], loss=0.2168, dgw=0.2168, reg=0.0000, time=69.50s.
-- 200/592 [33.8%], loss=0.2190, dgw=0.2190, reg=0.0000, time=76.37s.
-- 225/592 [38.0%], loss=0.2079, dgw=0.2079, reg=0.0000, time=59.09s.
-- 250/592 [42.2%], loss=0.2234, dgw=0.2234, reg=0.0000, time=52.41s.
-- 275/592 [46.5%], loss=0.2035, dgw=0.2035, reg=0.0000, time=60.65s.
-- 300/592 [50.7%], loss=0.2144, dgw=0.2144, reg=0.0000, time=33.63s.
-- 325/592 [54.9%], loss=0.2062, dgw=0.2062, reg=0.0000, time=44.58s.
-- 350/592 [59.1%], loss=0.2099, dgw=0.2099, reg=0.0000, time=47.87s.
-- 375/592 [63.3%], loss=0.2058, dgw=0.2058, reg=0.0000, time=76.79s.
-- 400/592 [67.6%], loss=0.2020, dgw=0.2020, reg=0.0000, time=76.08s.
-- 425/592 [71.8%], loss=0.2017, dgw=0.2017, reg=0.0000, time=76.44s.
-- 450/592 [76.0%], loss=0.2113, dgw=0.2113, reg=0.0000, time=72.70s.
-- 475/592 [80.2%], loss=0.2021, dgw=0.2021, reg=0.0000, time=58.35s.
-- 500/592 [84.5%], loss=0.1996, dgw=0.1996, reg=0.0000, time=61.92s.
-- 525/592 [88.7%], loss=0.1989, dgw=0.1989, reg=0.0000, time=65.44s.
-- 550/592 [92.9%], loss=0.1912, dgw=0.1912, reg=0.0000, time=53.77s.
-- 575/592 [97.1%], loss=0.1924, dgw=0.1924, reg=0.0000, time=65.50s.
-- 592/592 [100.0%], loss=0.1844, dgw=0.1844, reg=0.0000, time=38.00s.
fit: Epoch 1/15, loss = 0.2100, best loss = 0.2100
results/ENZYMES_Jin_Multi_usl_tsne_fit_1.pdf
-- 25/592 [4.2%], loss=0.1860, dgw=0.1860, reg=0.0000, time=69.44s.
-- 50/592 [8.4%], loss=0.1819, dgw=0.1819, reg=0.0000, time=44.39s.
-- 75/592 [12.7%], loss=0.1893, dgw=0.1893, reg=0.0000, time=51.87s.
-- 100/592 [16.9%], loss=0.1855, dgw=0.1855, reg=0.0000, time=59.96s.
-- 125/592 [21.1%], loss=0.1840, dgw=0.1840, reg=0.0000, time=68.70s.
-- 150/592 [25.3%], loss=0.1835, dgw=0.1835, reg=0.0000, time=63.60s.
-- 175/592 [29.6%], loss=0.1843, dgw=0.1843, reg=0.0000, time=57.34s.
-- 200/592 [33.8%], loss=0.1768, dgw=0.1768, reg=0.0000, time=61.18s.
-- 225/592 [38.0%], loss=0.1725, dgw=0.1725, reg=0.0000, time=78.33s.
-- 250/592 [42.2%], loss=0.1731, dgw=0.1731, reg=0.0000, time=57.52s.
-- 275/592 [46.5%], loss=0.1735, dgw=0.1735, reg=0.0000, time=63.15s.
-- 300/592 [50.7%], loss=0.1735, dgw=0.1735, reg=0.0000, time=51.54s.
-- 325/592 [54.9%], loss=0.1752, dgw=0.1752, reg=0.0000, time=70.65s.
-- 350/592 [59.1%], loss=0.1696, dgw=0.1696, reg=0.0000, time=62.44s.
-- 375/592 [63.3%], loss=0.1679, dgw=0.1679, reg=0.0000, time=81.95s.
-- 400/592 [67.6%], loss=0.1626, dgw=0.1626, reg=0.0000, time=88.38s.
-- 425/592 [71.8%], loss=0.1720, dgw=0.1720, reg=0.0000, time=87.61s.
-- 450/592 [76.0%], loss=0.1721, dgw=0.1721, reg=0.0000, time=75.93s.
-- 475/592 [80.2%], loss=0.1675, dgw=0.1675, reg=0.0000, time=82.16s.
-- 500/592 [84.5%], loss=0.1548, dgw=0.1548, reg=0.0000, time=63.13s.
-- 525/592 [88.7%], loss=0.1637, dgw=0.1637, reg=0.0000, time=65.71s.
-- 550/592 [92.9%], loss=0.1580, dgw=0.1580, reg=0.0000, time=74.34s.
-- 575/592 [97.1%], loss=0.1593, dgw=0.1593, reg=0.0000, time=82.24s.
-- 592/592 [100.0%], loss=0.1586, dgw=0.1586, reg=0.0000, time=57.03s.
fit: Epoch 2/15, loss = 0.1729, best loss = 0.1729
results/ENZYMES_Jin_Multi_usl_tsne_fit_2.pdf
-- 25/592 [4.2%], loss=0.1576, dgw=0.1576, reg=0.0000, time=83.25s.
-- 50/592 [8.4%], loss=0.1532, dgw=0.1532, reg=0.0000, time=57.47s.
-- 75/592 [12.7%], loss=0.1553, dgw=0.1553, reg=0.0000, time=59.37s.
-- 100/592 [16.9%], loss=0.1532, dgw=0.1532, reg=0.0000, time=79.29s.
-- 125/592 [21.1%], loss=0.1473, dgw=0.1473, reg=0.0000, time=79.08s.
-- 150/592 [25.3%], loss=0.1480, dgw=0.1480, reg=0.0000, time=64.91s.
-- 175/592 [29.6%], loss=0.1538, dgw=0.1538, reg=0.0000, time=67.84s.
-- 200/592 [33.8%], loss=0.1478, dgw=0.1478, reg=0.0000, time=61.96s.
-- 225/592 [38.0%], loss=0.1443, dgw=0.1443, reg=0.0000, time=69.27s.
-- 250/592 [42.2%], loss=0.1472, dgw=0.1472, reg=0.0000, time=66.94s.
-- 275/592 [46.5%], loss=0.1414, dgw=0.1414, reg=0.0000, time=84.15s.
-- 300/592 [50.7%], loss=0.1367, dgw=0.1367, reg=0.0000, time=58.91s.
-- 325/592 [54.9%], loss=0.1448, dgw=0.1448, reg=0.0000, time=48.46s.
-- 350/592 [59.1%], loss=0.1467, dgw=0.1467, reg=0.0000, time=68.79s.
-- 375/592 [63.3%], loss=0.1425, dgw=0.1425, reg=0.0000, time=54.17s.
-- 400/592 [67.6%], loss=0.1412, dgw=0.1412, reg=0.0000, time=64.66s.
-- 425/592 [71.8%], loss=0.1381, dgw=0.1381, reg=0.0000, time=64.87s.
-- 450/592 [76.0%], loss=0.1376, dgw=0.1376, reg=0.0000, time=57.46s.
-- 475/592 [80.2%], loss=0.1360, dgw=0.1360, reg=0.0000, time=57.57s.
-- 500/592 [84.5%], loss=0.1395, dgw=0.1395, reg=0.0000, time=72.86s.
-- 525/592 [88.7%], loss=0.1317, dgw=0.1317, reg=0.0000, time=70.83s.
-- 550/592 [92.9%], loss=0.1350, dgw=0.1350, reg=0.0000, time=79.79s.
-- 575/592 [97.1%], loss=0.1334, dgw=0.1334, reg=0.0000, time=76.68s.
-- 592/592 [100.0%], loss=0.1340, dgw=0.1340, reg=0.0000, time=47.08s.
fit: Epoch 3/15, loss = 0.1437, best loss = 0.1437
results/ENZYMES_Jin_Multi_usl_tsne_fit_3.pdf
-- 25/592 [4.2%], loss=0.1310, dgw=0.1310, reg=0.0000, time=67.67s.
-- 50/592 [8.4%], loss=0.1266, dgw=0.1266, reg=0.0000, time=64.73s.
-- 75/592 [12.7%], loss=0.1337, dgw=0.1337, reg=0.0000, time=75.11s.
-- 100/592 [16.9%], loss=0.1301, dgw=0.1301, reg=0.0000, time=74.44s.
-- 125/592 [21.1%], loss=0.1351, dgw=0.1351, reg=0.0000, time=78.02s.
-- 150/592 [25.3%], loss=0.1243, dgw=0.1243, reg=0.0000, time=62.61s.
-- 175/592 [29.6%], loss=0.1235, dgw=0.1235, reg=0.0000, time=78.91s.
-- 200/592 [33.8%], loss=0.1232, dgw=0.1232, reg=0.0000, time=89.59s.
-- 225/592 [38.0%], loss=0.1227, dgw=0.1227, reg=0.0000, time=51.21s.
-- 250/592 [42.2%], loss=0.1237, dgw=0.1237, reg=0.0000, time=76.70s.
-- 275/592 [46.5%], loss=0.1202, dgw=0.1202, reg=0.0000, time=85.66s.
-- 300/592 [50.7%], loss=0.1174, dgw=0.1174, reg=0.0000, time=43.19s.
-- 325/592 [54.9%], loss=0.1257, dgw=0.1257, reg=0.0000, time=79.32s.
-- 350/592 [59.1%], loss=0.1190, dgw=0.1190, reg=0.0000, time=38.89s.
-- 375/592 [63.3%], loss=0.1235, dgw=0.1235, reg=0.0000, time=67.77s.
-- 400/592 [67.6%], loss=0.1212, dgw=0.1212, reg=0.0000, time=50.34s.
-- 425/592 [71.8%], loss=0.1209, dgw=0.1209, reg=0.0000, time=36.94s.
-- 450/592 [76.0%], loss=0.1150, dgw=0.1150, reg=0.0000, time=64.16s.
-- 475/592 [80.2%], loss=0.1151, dgw=0.1151, reg=0.0000, time=74.75s.
-- 500/592 [84.5%], loss=0.1130, dgw=0.1130, reg=0.0000, time=66.25s.
-- 525/592 [88.7%], loss=0.1204, dgw=0.1204, reg=0.0000, time=62.39s.
-- 550/592 [92.9%], loss=0.1087, dgw=0.1087, reg=0.0000, time=65.34s.
-- 575/592 [97.1%], loss=0.1103, dgw=0.1103, reg=0.0000, time=68.05s.
-- 592/592 [100.0%], loss=0.1076, dgw=0.1076, reg=0.0000, time=53.51s.
fit: Epoch 4/15, loss = 0.1215, best loss = 0.1215
results/ENZYMES_Jin_Multi_usl_tsne_fit_4.pdf
-- 25/592 [4.2%], loss=0.1082, dgw=0.1082, reg=0.0000, time=53.79s.
-- 50/592 [8.4%], loss=0.1104, dgw=0.1104, reg=0.0000, time=58.56s.
-- 75/592 [12.7%], loss=0.1093, dgw=0.1093, reg=0.0000, time=48.72s.
-- 100/592 [16.9%], loss=0.1107, dgw=0.1107, reg=0.0000, time=54.52s.
-- 125/592 [21.1%], loss=0.1047, dgw=0.1047, reg=0.0000, time=75.99s.
-- 150/592 [25.3%], loss=0.1190, dgw=0.1190, reg=0.0000, time=67.26s.
-- 175/592 [29.6%], loss=0.1142, dgw=0.1142, reg=0.0000, time=72.51s.
-- 200/592 [33.8%], loss=0.1078, dgw=0.1078, reg=0.0000, time=62.69s.
-- 225/592 [38.0%], loss=0.1048, dgw=0.1048, reg=0.0000, time=57.65s.
-- 250/592 [42.2%], loss=0.1055, dgw=0.1055, reg=0.0000, time=61.19s.
-- 275/592 [46.5%], loss=0.1138, dgw=0.1138, reg=0.0000, time=56.79s.
-- 300/592 [50.7%], loss=0.1165, dgw=0.1165, reg=0.0000, time=78.68s.
-- 325/592 [54.9%], loss=0.1099, dgw=0.1099, reg=0.0000, time=53.09s.
-- 350/592 [59.1%], loss=0.1095, dgw=0.1095, reg=0.0000, time=79.18s.
-- 375/592 [63.3%], loss=0.1047, dgw=0.1047, reg=0.0000, time=48.45s.
-- 400/592 [67.6%], loss=0.1401, dgw=0.1401, reg=0.0000, time=63.58s.
-- 425/592 [71.8%], loss=0.1325, dgw=0.1325, reg=0.0000, time=48.75s.
-- 450/592 [76.0%], loss=0.1468, dgw=0.1468, reg=0.0000, time=69.57s.
-- 475/592 [80.2%], loss=0.1369, dgw=0.1369, reg=0.0000, time=61.27s.
-- 500/592 [84.5%], loss=0.1375, dgw=0.1375, reg=0.0000, time=75.95s.
-- 525/592 [88.7%], loss=0.1348, dgw=0.1348, reg=0.0000, time=51.66s.
-- 550/592 [92.9%], loss=0.1238, dgw=0.1238, reg=0.0000, time=57.64s.
-- 575/592 [97.1%], loss=0.1191, dgw=0.1191, reg=0.0000, time=53.09s.
-- 592/592 [100.0%], loss=0.0977, dgw=0.0977, reg=0.0000, time=36.49s.
fit: Epoch 5/15, loss = 0.1177, best loss = 0.1177
results/ENZYMES_Jin_Multi_usl_tsne_fit_5.pdf
-- 25/592 [4.2%], loss=0.1087, dgw=0.1087, reg=0.0000, time=44.40s.
-- 50/592 [8.4%], loss=0.1055, dgw=0.1055, reg=0.0000, time=41.76s.
-- 75/592 [12.7%], loss=0.1048, dgw=0.1048, reg=0.0000, time=48.84s.
-- 100/592 [16.9%], loss=0.0988, dgw=0.0988, reg=0.0000, time=53.49s.
-- 125/592 [21.1%], loss=0.1128, dgw=0.1128, reg=0.0000, time=65.51s.
-- 150/592 [25.3%], loss=0.1106, dgw=0.1106, reg=0.0000, time=52.97s.
-- 175/592 [29.6%], loss=0.0970, dgw=0.0970, reg=0.0000, time=61.50s.
-- 200/592 [33.8%], loss=0.0968, dgw=0.0968, reg=0.0000, time=53.42s.
-- 225/592 [38.0%], loss=0.1047, dgw=0.1047, reg=0.0000, time=54.29s.
-- 250/592 [42.2%], loss=0.0981, dgw=0.0981, reg=0.0000, time=56.00s.
-- 275/592 [46.5%], loss=0.0990, dgw=0.0990, reg=0.0000, time=52.57s.
-- 300/592 [50.7%], loss=0.0930, dgw=0.0930, reg=0.0000, time=51.45s.
-- 325/592 [54.9%], loss=0.0935, dgw=0.0935, reg=0.0000, time=54.56s.
-- 350/592 [59.1%], loss=0.0891, dgw=0.0891, reg=0.0000, time=75.42s.
-- 375/592 [63.3%], loss=0.0985, dgw=0.0985, reg=0.0000, time=59.02s.
-- 400/592 [67.6%], loss=0.0911, dgw=0.0911, reg=0.0000, time=58.32s.
-- 425/592 [71.8%], loss=0.0854, dgw=0.0854, reg=0.0000, time=48.62s.
-- 450/592 [76.0%], loss=0.0873, dgw=0.0873, reg=0.0000, time=42.92s.
-- 475/592 [80.2%], loss=0.0924, dgw=0.0924, reg=0.0000, time=55.31s.
-- 500/592 [84.5%], loss=0.1017, dgw=0.1017, reg=0.0000, time=51.58s.
-- 525/592 [88.7%], loss=0.0970, dgw=0.0970, reg=0.0000, time=36.73s.
-- 550/592 [92.9%], loss=0.0851, dgw=0.0851, reg=0.0000, time=54.32s.
-- 575/592 [97.1%], loss=0.0856, dgw=0.0856, reg=0.0000, time=64.69s.
-- 592/592 [100.0%], loss=0.0812, dgw=0.0812, reg=0.0000, time=40.05s.
fit: Epoch 6/15, loss = 0.0968, best loss = 0.0968
results/ENZYMES_Jin_Multi_usl_tsne_fit_6.pdf
-- 25/592 [4.2%], loss=0.0857, dgw=0.0857, reg=0.0000, time=49.54s.
-- 50/592 [8.4%], loss=0.0827, dgw=0.0827, reg=0.0000, time=63.29s.
-- 75/592 [12.7%], loss=0.0949, dgw=0.0949, reg=0.0000, time=46.35s.
-- 100/592 [16.9%], loss=0.0873, dgw=0.0873, reg=0.0000, time=53.44s.
-- 125/592 [21.1%], loss=0.0838, dgw=0.0838, reg=0.0000, time=45.66s.
-- 150/592 [25.3%], loss=0.0891, dgw=0.0891, reg=0.0000, time=51.80s.
-- 175/592 [29.6%], loss=0.0794, dgw=0.0794, reg=0.0000, time=53.55s.
-- 200/592 [33.8%], loss=0.0820, dgw=0.0820, reg=0.0000, time=47.16s.
-- 225/592 [38.0%], loss=0.1017, dgw=0.1017, reg=0.0000, time=40.54s.
-- 250/592 [42.2%], loss=0.0908, dgw=0.0908, reg=0.0000, time=33.04s.
-- 275/592 [46.5%], loss=0.0999, dgw=0.0999, reg=0.0000, time=39.20s.
-- 300/592 [50.7%], loss=0.1034, dgw=0.1034, reg=0.0000, time=44.54s.
-- 325/592 [54.9%], loss=0.1574, dgw=0.1574, reg=0.0000, time=46.40s.
-- 350/592 [59.1%], loss=0.1506, dgw=0.1506, reg=0.0000, time=48.97s.
-- 375/592 [63.3%], loss=0.1262, dgw=0.1262, reg=0.0000, time=48.63s.
-- 400/592 [67.6%], loss=0.1957, dgw=0.1957, reg=0.0000, time=47.25s.
-- 425/592 [71.8%], loss=0.1345, dgw=0.1345, reg=0.0000, time=63.75s.
-- 450/592 [76.0%], loss=0.1562, dgw=0.1562, reg=0.0000, time=75.81s.
-- 475/592 [80.2%], loss=0.1195, dgw=0.1195, reg=0.0000, time=55.75s.
-- 500/592 [84.5%], loss=0.1441, dgw=0.1441, reg=0.0000, time=48.04s.
-- 525/592 [88.7%], loss=0.0916, dgw=0.0916, reg=0.0000, time=51.93s.
-- 550/592 [92.9%], loss=0.1171, dgw=0.1171, reg=0.0000, time=48.75s.
-- 575/592 [97.1%], loss=0.1051, dgw=0.1051, reg=0.0000, time=70.72s.
-- 592/592 [100.0%], loss=0.1014, dgw=0.1014, reg=0.0000, time=36.61s.
fit: Epoch 7/15, loss = 0.1118, best loss = 0.0968
results/ENZYMES_Jin_Multi_usl_tsne_fit_7.pdf
-- 25/592 [4.2%], loss=0.1113, dgw=0.1113, reg=0.0000, time=35.53s.
-- 50/592 [8.4%], loss=0.1127, dgw=0.1127, reg=0.0000, time=46.47s.
-- 75/592 [12.7%], loss=0.0953, dgw=0.0953, reg=0.0000, time=43.75s.
-- 100/592 [16.9%], loss=0.1330, dgw=0.1330, reg=0.0000, time=50.96s.
-- 125/592 [21.1%], loss=0.0997, dgw=0.0997, reg=0.0000, time=59.15s.
-- 150/592 [25.3%], loss=0.1068, dgw=0.1068, reg=0.0000, time=53.99s.
-- 175/592 [29.6%], loss=0.0889, dgw=0.0889, reg=0.0000, time=39.87s.
-- 200/592 [33.8%], loss=0.1081, dgw=0.1081, reg=0.0000, time=57.03s.
-- 225/592 [38.0%], loss=0.0896, dgw=0.0896, reg=0.0000, time=48.99s.
-- 250/592 [42.2%], loss=0.0809, dgw=0.0809, reg=0.0000, time=55.42s.
-- 275/592 [46.5%], loss=0.1098, dgw=0.1098, reg=0.0000, time=58.58s.
-- 300/592 [50.7%], loss=0.0952, dgw=0.0952, reg=0.0000, time=55.07s.
-- 325/592 [54.9%], loss=0.0942, dgw=0.0942, reg=0.0000, time=41.02s.
-- 350/592 [59.1%], loss=0.0996, dgw=0.0996, reg=0.0000, time=53.91s.
-- 375/592 [63.3%], loss=0.0802, dgw=0.0802, reg=0.0000, time=51.84s.
-- 400/592 [67.6%], loss=0.0747, dgw=0.0747, reg=0.0000, time=59.60s.
-- 425/592 [71.8%], loss=0.0852, dgw=0.0852, reg=0.0000, time=34.76s.
-- 450/592 [76.0%], loss=0.0895, dgw=0.0895, reg=0.0000, time=35.02s.
-- 475/592 [80.2%], loss=0.0879, dgw=0.0879, reg=0.0000, time=43.14s.
-- 500/592 [84.5%], loss=0.0830, dgw=0.0830, reg=0.0000, time=48.23s.
-- 525/592 [88.7%], loss=0.0875, dgw=0.0875, reg=0.0000, time=37.98s.
-- 550/592 [92.9%], loss=0.0954, dgw=0.0954, reg=0.0000, time=53.94s.
-- 575/592 [97.1%], loss=0.0824, dgw=0.0824, reg=0.0000, time=48.76s.
-- 592/592 [100.0%], loss=0.0909, dgw=0.0909, reg=0.0000, time=23.93s.
fit: Epoch 8/15, loss = 0.0951, best loss = 0.0951
results/ENZYMES_Jin_Multi_usl_tsne_fit_8.pdf
-- 25/592 [4.2%], loss=0.0878, dgw=0.0878, reg=0.0000, time=35.75s.
-- 50/592 [8.4%], loss=0.0843, dgw=0.0843, reg=0.0000, time=46.48s.
-- 75/592 [12.7%], loss=0.0858, dgw=0.0858, reg=0.0000, time=40.51s.
-- 100/592 [16.9%], loss=0.0868, dgw=0.0868, reg=0.0000, time=41.13s.
-- 125/592 [21.1%], loss=0.0718, dgw=0.0718, reg=0.0000, time=50.68s.
-- 150/592 [25.3%], loss=0.0771, dgw=0.0771, reg=0.0000, time=31.38s.
-- 175/592 [29.6%], loss=0.0802, dgw=0.0802, reg=0.0000, time=45.21s.
-- 200/592 [33.8%], loss=0.0813, dgw=0.0813, reg=0.0000, time=40.39s.
-- 225/592 [38.0%], loss=0.0859, dgw=0.0859, reg=0.0000, time=30.61s.
-- 250/592 [42.2%], loss=0.0711, dgw=0.0711, reg=0.0000, time=38.28s.
-- 275/592 [46.5%], loss=0.0756, dgw=0.0756, reg=0.0000, time=42.01s.
-- 300/592 [50.7%], loss=0.0892, dgw=0.0892, reg=0.0000, time=44.38s.
-- 325/592 [54.9%], loss=0.1024, dgw=0.1024, reg=0.0000, time=34.71s.
-- 350/592 [59.1%], loss=0.0664, dgw=0.0664, reg=0.0000, time=51.41s.
-- 375/592 [63.3%], loss=0.0783, dgw=0.0783, reg=0.0000, time=43.31s.
-- 400/592 [67.6%], loss=0.0660, dgw=0.0660, reg=0.0000, time=42.96s.
-- 425/592 [71.8%], loss=0.0777, dgw=0.0777, reg=0.0000, time=40.79s.
-- 450/592 [76.0%], loss=0.0777, dgw=0.0777, reg=0.0000, time=54.47s.
-- 475/592 [80.2%], loss=0.0717, dgw=0.0717, reg=0.0000, time=58.52s.
-- 500/592 [84.5%], loss=0.0760, dgw=0.0760, reg=0.0000, time=42.47s.
-- 525/592 [88.7%], loss=0.0845, dgw=0.0845, reg=0.0000, time=53.33s.
-- 550/592 [92.9%], loss=0.0681, dgw=0.0681, reg=0.0000, time=37.08s.
-- 575/592 [97.1%], loss=0.0719, dgw=0.0719, reg=0.0000, time=31.74s.
-- 592/592 [100.0%], loss=0.0806, dgw=0.0806, reg=0.0000, time=25.17s.
fit: Epoch 9/15, loss = 0.0791, best loss = 0.0791
results/ENZYMES_Jin_Multi_usl_tsne_fit_9.pdf
-- 25/592 [4.2%], loss=0.0693, dgw=0.0693, reg=0.0000, time=44.42s.
-- 50/592 [8.4%], loss=0.0730, dgw=0.0730, reg=0.0000, time=31.77s.
-- 75/592 [12.7%], loss=0.0857, dgw=0.0857, reg=0.0000, time=43.41s.
-- 100/592 [16.9%], loss=0.0662, dgw=0.0662, reg=0.0000, time=51.64s.
-- 125/592 [21.1%], loss=0.0789, dgw=0.0789, reg=0.0000, time=54.64s.
-- 150/592 [25.3%], loss=0.0656, dgw=0.0656, reg=0.0000, time=40.67s.
-- 175/592 [29.6%], loss=0.0813, dgw=0.0813, reg=0.0000, time=39.00s.
-- 200/592 [33.8%], loss=0.0637, dgw=0.0637, reg=0.0000, time=37.62s.
-- 225/592 [38.0%], loss=0.0637, dgw=0.0637, reg=0.0000, time=39.19s.
-- 250/592 [42.2%], loss=0.0757, dgw=0.0757, reg=0.0000, time=49.10s.
-- 275/592 [46.5%], loss=0.0868, dgw=0.0868, reg=0.0000, time=48.07s.
-- 300/592 [50.7%], loss=0.0763, dgw=0.0763, reg=0.0000, time=37.81s.
-- 325/592 [54.9%], loss=0.0776, dgw=0.0776, reg=0.0000, time=33.91s.
-- 350/592 [59.1%], loss=0.0790, dgw=0.0790, reg=0.0000, time=26.62s.
-- 375/592 [63.3%], loss=0.0653, dgw=0.0653, reg=0.0000, time=42.93s.
-- 400/592 [67.6%], loss=0.0680, dgw=0.0680, reg=0.0000, time=19.10s.
-- 425/592 [71.8%], loss=0.0806, dgw=0.0806, reg=0.0000, time=52.38s.
-- 450/592 [76.0%], loss=0.0678, dgw=0.0678, reg=0.0000, time=40.73s.
-- 475/592 [80.2%], loss=0.0659, dgw=0.0659, reg=0.0000, time=38.53s.
-- 500/592 [84.5%], loss=0.0626, dgw=0.0626, reg=0.0000, time=45.91s.
-- 525/592 [88.7%], loss=0.0669, dgw=0.0669, reg=0.0000, time=50.69s.
-- 550/592 [92.9%], loss=0.0635, dgw=0.0635, reg=0.0000, time=36.27s.
-- 575/592 [97.1%], loss=0.0757, dgw=0.0757, reg=0.0000, time=45.60s.
-- 592/592 [100.0%], loss=0.0850, dgw=0.0850, reg=0.0000, time=33.58s.
fit: Epoch 10/15, loss = 0.0725, best loss = 0.0725
results/ENZYMES_Jin_Multi_usl_tsne_fit_10.pdf
-- 25/592 [4.2%], loss=0.0822, dgw=0.0822, reg=0.0000, time=47.67s.
-- 50/592 [8.4%], loss=0.0599, dgw=0.0599, reg=0.0000, time=44.41s.
-- 75/592 [12.7%], loss=0.0669, dgw=0.0669, reg=0.0000, time=51.88s.
-- 100/592 [16.9%], loss=0.0601, dgw=0.0601, reg=0.0000, time=37.87s.
-- 125/592 [21.1%], loss=0.0686, dgw=0.0686, reg=0.0000, time=47.98s.
-- 150/592 [25.3%], loss=0.0746, dgw=0.0746, reg=0.0000, time=35.76s.
-- 175/592 [29.6%], loss=0.0701, dgw=0.0701, reg=0.0000, time=37.32s.
-- 200/592 [33.8%], loss=0.0619, dgw=0.0619, reg=0.0000, time=42.78s.
-- 225/592 [38.0%], loss=0.0534, dgw=0.0534, reg=0.0000, time=44.15s.
-- 250/592 [42.2%], loss=0.0602, dgw=0.0602, reg=0.0000, time=46.64s.
-- 275/592 [46.5%], loss=0.0554, dgw=0.0554, reg=0.0000, time=46.87s.
-- 300/592 [50.7%], loss=0.0781, dgw=0.0781, reg=0.0000, time=50.44s.
-- 325/592 [54.9%], loss=0.0684, dgw=0.0684, reg=0.0000, time=40.34s.
-- 350/592 [59.1%], loss=0.0594, dgw=0.0594, reg=0.0000, time=50.12s.
-- 375/592 [63.3%], loss=0.0601, dgw=0.0601, reg=0.0000, time=46.06s.
-- 400/592 [67.6%], loss=0.0613, dgw=0.0613, reg=0.0000, time=41.29s.
-- 425/592 [71.8%], loss=0.0671, dgw=0.0671, reg=0.0000, time=42.79s.
-- 450/592 [76.0%], loss=0.0612, dgw=0.0612, reg=0.0000, time=43.12s.
-- 475/592 [80.2%], loss=0.0564, dgw=0.0564, reg=0.0000, time=49.34s.
-- 500/592 [84.5%], loss=0.0571, dgw=0.0571, reg=0.0000, time=42.03s.
-- 525/592 [88.7%], loss=0.0519, dgw=0.0519, reg=0.0000, time=46.06s.
-- 550/592 [92.9%], loss=0.0583, dgw=0.0583, reg=0.0000, time=47.03s.
-- 575/592 [97.1%], loss=0.0577, dgw=0.0577, reg=0.0000, time=36.58s.
-- 592/592 [100.0%], loss=0.0619, dgw=0.0619, reg=0.0000, time=26.17s.
fit: Epoch 11/15, loss = 0.0630, best loss = 0.0630
results/ENZYMES_Jin_Multi_usl_tsne_fit_11.pdf
-- 25/592 [4.2%], loss=0.0485, dgw=0.0485, reg=0.0000, time=55.01s.
-- 50/592 [8.4%], loss=0.0530, dgw=0.0530, reg=0.0000, time=45.33s.
-- 75/592 [12.7%], loss=0.0571, dgw=0.0571, reg=0.0000, time=32.71s.
-- 100/592 [16.9%], loss=0.0534, dgw=0.0534, reg=0.0000, time=41.51s.
-- 125/592 [21.1%], loss=0.0558, dgw=0.0558, reg=0.0000, time=45.68s.
-- 150/592 [25.3%], loss=0.0591, dgw=0.0591, reg=0.0000, time=36.10s.
-- 175/592 [29.6%], loss=0.0651, dgw=0.0651, reg=0.0000, time=42.45s.
-- 200/592 [33.8%], loss=0.0556, dgw=0.0556, reg=0.0000, time=44.78s.
-- 225/592 [38.0%], loss=0.0528, dgw=0.0528, reg=0.0000, time=36.98s.
-- 250/592 [42.2%], loss=0.0657, dgw=0.0657, reg=0.0000, time=34.41s.
-- 275/592 [46.5%], loss=0.0534, dgw=0.0534, reg=0.0000, time=44.83s.
-- 300/592 [50.7%], loss=0.0583, dgw=0.0583, reg=0.0000, time=42.74s.
-- 325/592 [54.9%], loss=0.0562, dgw=0.0562, reg=0.0000, time=47.93s.
-- 350/592 [59.1%], loss=0.0627, dgw=0.0627, reg=0.0000, time=53.48s.
-- 375/592 [63.3%], loss=0.0617, dgw=0.0617, reg=0.0000, time=39.92s.
-- 400/592 [67.6%], loss=0.0587, dgw=0.0587, reg=0.0000, time=36.69s.
-- 425/592 [71.8%], loss=0.0465, dgw=0.0465, reg=0.0000, time=39.53s.
-- 450/592 [76.0%], loss=0.0538, dgw=0.0538, reg=0.0000, time=46.22s.
-- 475/592 [80.2%], loss=0.0548, dgw=0.0548, reg=0.0000, time=40.29s.
-- 500/592 [84.5%], loss=0.0508, dgw=0.0508, reg=0.0000, time=45.32s.
-- 525/592 [88.7%], loss=0.0613, dgw=0.0613, reg=0.0000, time=49.02s.
-- 550/592 [92.9%], loss=0.0504, dgw=0.0504, reg=0.0000, time=36.55s.
-- 575/592 [97.1%], loss=0.0535, dgw=0.0535, reg=0.0000, time=35.58s.
-- 592/592 [100.0%], loss=0.0730, dgw=0.0730, reg=0.0000, time=24.62s.
fit: Epoch 12/15, loss = 0.0565, best loss = 0.0565
results/ENZYMES_Jin_Multi_usl_tsne_fit_12.pdf
-- 25/592 [4.2%], loss=0.0595, dgw=0.0595, reg=0.0000, time=38.51s.
-- 50/592 [8.4%], loss=0.0500, dgw=0.0500, reg=0.0000, time=31.80s.
-- 75/592 [12.7%], loss=0.0507, dgw=0.0507, reg=0.0000, time=38.24s.
-- 100/592 [16.9%], loss=0.0571, dgw=0.0571, reg=0.0000, time=42.51s.
-- 125/592 [21.1%], loss=0.0528, dgw=0.0528, reg=0.0000, time=36.98s.
-- 150/592 [25.3%], loss=0.0531, dgw=0.0531, reg=0.0000, time=44.96s.
-- 175/592 [29.6%], loss=0.0490, dgw=0.0490, reg=0.0000, time=30.70s.
-- 200/592 [33.8%], loss=0.0634, dgw=0.0634, reg=0.0000, time=37.47s.
-- 225/592 [38.0%], loss=0.0537, dgw=0.0537, reg=0.0000, time=40.56s.
-- 250/592 [42.2%], loss=0.0678, dgw=0.0678, reg=0.0000, time=48.82s.
-- 275/592 [46.5%], loss=0.0474, dgw=0.0474, reg=0.0000, time=44.03s.
-- 300/592 [50.7%], loss=0.0566, dgw=0.0566, reg=0.0000, time=48.50s.
-- 325/592 [54.9%], loss=0.0468, dgw=0.0468, reg=0.0000, time=56.64s.
-- 350/592 [59.1%], loss=0.0537, dgw=0.0537, reg=0.0000, time=46.95s.
-- 375/592 [63.3%], loss=0.0571, dgw=0.0571, reg=0.0000, time=44.02s.
-- 400/592 [67.6%], loss=0.0566, dgw=0.0566, reg=0.0000, time=39.48s.
-- 425/592 [71.8%], loss=0.0552, dgw=0.0552, reg=0.0000, time=36.47s.
-- 450/592 [76.0%], loss=0.0600, dgw=0.0600, reg=0.0000, time=36.04s.
-- 475/592 [80.2%], loss=0.0541, dgw=0.0541, reg=0.0000, time=30.33s.
-- 500/592 [84.5%], loss=0.0660, dgw=0.0660, reg=0.0000, time=31.75s.
-- 525/592 [88.7%], loss=0.0487, dgw=0.0487, reg=0.0000, time=33.46s.
-- 550/592 [92.9%], loss=0.0754, dgw=0.0754, reg=0.0000, time=34.98s.
-- 575/592 [97.1%], loss=0.0682, dgw=0.0682, reg=0.0000, time=29.62s.
-- 592/592 [100.0%], loss=0.0528, dgw=0.0528, reg=0.0000, time=20.76s.
fit: Epoch 13/15, loss = 0.0565, best loss = 0.0565
results/ENZYMES_Jin_Multi_usl_tsne_fit_13.pdf
-- 25/592 [4.2%], loss=0.0835, dgw=0.0835, reg=0.0000, time=24.99s.
-- 50/592 [8.4%], loss=0.0576, dgw=0.0576, reg=0.0000, time=35.97s.
-- 75/592 [12.7%], loss=0.0530, dgw=0.0530, reg=0.0000, time=32.87s.
-- 100/592 [16.9%], loss=0.0774, dgw=0.0774, reg=0.0000, time=35.87s.
-- 125/592 [21.1%], loss=0.0685, dgw=0.0685, reg=0.0000, time=36.74s.
-- 150/592 [25.3%], loss=0.0537, dgw=0.0537, reg=0.0000, time=37.29s.
-- 175/592 [29.6%], loss=0.0691, dgw=0.0691, reg=0.0000, time=39.62s.
-- 200/592 [33.8%], loss=0.0558, dgw=0.0558, reg=0.0000, time=42.68s.
-- 225/592 [38.0%], loss=0.0521, dgw=0.0521, reg=0.0000, time=42.37s.
-- 250/592 [42.2%], loss=0.0658, dgw=0.0658, reg=0.0000, time=32.67s.
-- 275/592 [46.5%], loss=0.0761, dgw=0.0761, reg=0.0000, time=35.94s.
-- 300/592 [50.7%], loss=0.0574, dgw=0.0574, reg=0.0000, time=36.05s.
-- 325/592 [54.9%], loss=0.0874, dgw=0.0874, reg=0.0000, time=45.41s.
-- 350/592 [59.1%], loss=0.0782, dgw=0.0782, reg=0.0000, time=44.69s.
-- 375/592 [63.3%], loss=0.0667, dgw=0.0667, reg=0.0000, time=42.35s.
-- 400/592 [67.6%], loss=0.0695, dgw=0.0695, reg=0.0000, time=36.92s.
-- 425/592 [71.8%], loss=0.0761, dgw=0.0761, reg=0.0000, time=36.07s.
-- 450/592 [76.0%], loss=0.0806, dgw=0.0806, reg=0.0000, time=41.24s.
-- 475/592 [80.2%], loss=0.0807, dgw=0.0807, reg=0.0000, time=45.92s.
-- 500/592 [84.5%], loss=0.0620, dgw=0.0620, reg=0.0000, time=39.79s.
-- 525/592 [88.7%], loss=0.0646, dgw=0.0646, reg=0.0000, time=32.08s.
-- 550/592 [92.9%], loss=0.0661, dgw=0.0661, reg=0.0000, time=36.10s.
-- 575/592 [97.1%], loss=0.0678, dgw=0.0678, reg=0.0000, time=36.71s.
-- 592/592 [100.0%], loss=0.0834, dgw=0.0834, reg=0.0000, time=23.58s.
fit: Epoch 14/15, loss = 0.0687, best loss = 0.0565
results/ENZYMES_Jin_Multi_usl_tsne_fit_14.pdf
-- 25/592 [4.2%], loss=0.0769, dgw=0.0769, reg=0.0000, time=32.30s.
-- 50/592 [8.4%], loss=0.0743, dgw=0.0743, reg=0.0000, time=37.20s.
-- 75/592 [12.7%], loss=0.0834, dgw=0.0834, reg=0.0000, time=33.59s.
-- 100/592 [16.9%], loss=0.0757, dgw=0.0757, reg=0.0000, time=35.52s.
-- 125/592 [21.1%], loss=0.0967, dgw=0.0967, reg=0.0000, time=33.30s.
-- 150/592 [25.3%], loss=0.1038, dgw=0.1038, reg=0.0000, time=51.34s.
-- 175/592 [29.6%], loss=0.0825, dgw=0.0825, reg=0.0000, time=44.46s.
-- 200/592 [33.8%], loss=0.0891, dgw=0.0891, reg=0.0000, time=38.38s.
-- 225/592 [38.0%], loss=0.0795, dgw=0.0795, reg=0.0000, time=38.04s.
-- 250/592 [42.2%], loss=0.0890, dgw=0.0890, reg=0.0000, time=38.78s.
-- 275/592 [46.5%], loss=0.0964, dgw=0.0964, reg=0.0000, time=44.56s.
-- 300/592 [50.7%], loss=0.0765, dgw=0.0765, reg=0.0000, time=34.21s.
-- 325/592 [54.9%], loss=0.0825, dgw=0.0825, reg=0.0000, time=41.55s.
-- 350/592 [59.1%], loss=0.0678, dgw=0.0678, reg=0.0000, time=31.73s.
-- 375/592 [63.3%], loss=0.0663, dgw=0.0663, reg=0.0000, time=37.98s.
-- 400/592 [67.6%], loss=0.0742, dgw=0.0742, reg=0.0000, time=41.88s.
-- 425/592 [71.8%], loss=0.0777, dgw=0.0777, reg=0.0000, time=40.96s.
-- 450/592 [76.0%], loss=0.0876, dgw=0.0876, reg=0.0000, time=38.48s.
-- 475/592 [80.2%], loss=0.0714, dgw=0.0714, reg=0.0000, time=37.89s.
-- 500/592 [84.5%], loss=0.0703, dgw=0.0703, reg=0.0000, time=37.74s.
-- 525/592 [88.7%], loss=0.0510, dgw=0.0510, reg=0.0000, time=32.64s.
-- 550/592 [92.9%], loss=0.0635, dgw=0.0635, reg=0.0000, time=39.15s.
-- 575/592 [97.1%], loss=0.0690, dgw=0.0690, reg=0.0000, time=39.75s.
-- 592/592 [100.0%], loss=0.0589, dgw=0.0589, reg=0.0000, time=23.03s.
fit: Epoch 15/15, loss = 0.0779, best loss = 0.0565
results/ENZYMES_Jin_Multi_usl_tsne_fit_15.pdf
Rand Score: 0.7260083687748662
Done!
