-- 25/373 [6.7%], loss=0.2456, dgw=0.2456, reg=0.0000, time=23.09s.
-- 50/373 [13.4%], loss=0.2440, dgw=0.2440, reg=0.0000, time=25.95s.
-- 75/373 [20.1%], loss=0.2404, dgw=0.2404, reg=0.0000, time=19.49s.
-- 100/373 [26.8%], loss=0.2412, dgw=0.2412, reg=0.0000, time=20.78s.
-- 125/373 [33.5%], loss=0.2375, dgw=0.2375, reg=0.0000, time=19.58s.
-- 150/373 [40.2%], loss=0.2377, dgw=0.2377, reg=0.0000, time=23.93s.
-- 175/373 [46.9%], loss=0.2339, dgw=0.2339, reg=0.0000, time=34.83s.
-- 200/373 [53.6%], loss=0.2308, dgw=0.2308, reg=0.0000, time=55.29s.
-- 225/373 [60.3%], loss=0.2303, dgw=0.2303, reg=0.0000, time=39.75s.
-- 250/373 [67.0%], loss=0.2286, dgw=0.2286, reg=0.0000, time=57.88s.
-- 275/373 [73.7%], loss=0.2267, dgw=0.2267, reg=0.0000, time=42.80s.
-- 300/373 [80.4%], loss=0.2239, dgw=0.2239, reg=0.0000, time=46.81s.
-- 325/373 [87.1%], loss=0.2226, dgw=0.2226, reg=0.0000, time=50.69s.
-- 350/373 [93.8%], loss=0.2247, dgw=0.2247, reg=0.0000, time=82.04s.
-- 373/373 [100.0%], loss=0.2193, dgw=0.2193, reg=0.0000, time=54.00s.
fit: Epoch 1/15, loss = 0.2326, best loss = 0.2326
results/tumblr_ct1_Jin_Multi_usl_tsne_fit_1.pdf
-- 25/373 [6.7%], loss=0.2169, dgw=0.2169, reg=0.0000, time=51.10s.
-- 50/373 [13.4%], loss=0.2153, dgw=0.2153, reg=0.0000, time=33.35s.
-- 75/373 [20.1%], loss=0.2126, dgw=0.2126, reg=0.0000, time=63.10s.
-- 100/373 [26.8%], loss=0.2121, dgw=0.2121, reg=0.0000, time=60.05s.
-- 125/373 [33.5%], loss=0.2071, dgw=0.2071, reg=0.0000, time=45.55s.
-- 150/373 [40.2%], loss=0.2075, dgw=0.2075, reg=0.0000, time=55.58s.
-- 175/373 [46.9%], loss=0.2063, dgw=0.2063, reg=0.0000, time=73.52s.
-- 200/373 [53.6%], loss=0.2041, dgw=0.2041, reg=0.0000, time=57.64s.
-- 225/373 [60.3%], loss=0.1993, dgw=0.1993, reg=0.0000, time=44.36s.
-- 250/373 [67.0%], loss=0.2006, dgw=0.2006, reg=0.0000, time=52.15s.
-- 275/373 [73.7%], loss=0.1978, dgw=0.1978, reg=0.0000, time=46.19s.
-- 300/373 [80.4%], loss=0.1941, dgw=0.1941, reg=0.0000, time=73.78s.
-- 325/373 [87.1%], loss=0.1913, dgw=0.1913, reg=0.0000, time=62.11s.
-- 350/373 [93.8%], loss=0.1959, dgw=0.1959, reg=0.0000, time=67.61s.
-- 373/373 [100.0%], loss=0.1945, dgw=0.1945, reg=0.0000, time=63.36s.
fit: Epoch 2/15, loss = 0.2038, best loss = 0.2038
results/tumblr_ct1_Jin_Multi_usl_tsne_fit_2.pdf
-- 25/373 [6.7%], loss=0.1880, dgw=0.1880, reg=0.0000, time=60.49s.
-- 50/373 [13.4%], loss=0.1900, dgw=0.1900, reg=0.0000, time=54.74s.
-- 75/373 [20.1%], loss=0.1871, dgw=0.1871, reg=0.0000, time=34.52s.
-- 100/373 [26.8%], loss=0.1823, dgw=0.1823, reg=0.0000, time=47.08s.
-- 125/373 [33.5%], loss=0.1832, dgw=0.1832, reg=0.0000, time=79.38s.
-- 150/373 [40.2%], loss=0.1819, dgw=0.1819, reg=0.0000, time=70.54s.
-- 175/373 [46.9%], loss=0.1821, dgw=0.1821, reg=0.0000, time=52.77s.
-- 200/373 [53.6%], loss=0.1784, dgw=0.1784, reg=0.0000, time=62.72s.
-- 225/373 [60.3%], loss=0.1775, dgw=0.1775, reg=0.0000, time=65.37s.
-- 250/373 [67.0%], loss=0.1735, dgw=0.1735, reg=0.0000, time=59.88s.
-- 275/373 [73.7%], loss=0.1720, dgw=0.1720, reg=0.0000, time=52.65s.
-- 300/373 [80.4%], loss=0.1725, dgw=0.1725, reg=0.0000, time=68.08s.
-- 325/373 [87.1%], loss=0.1721, dgw=0.1721, reg=0.0000, time=58.31s.
-- 350/373 [93.8%], loss=0.1706, dgw=0.1706, reg=0.0000, time=58.64s.
-- 373/373 [100.0%], loss=0.1701, dgw=0.1701, reg=0.0000, time=55.55s.
fit: Epoch 3/15, loss = 0.1788, best loss = 0.1788
results/tumblr_ct1_Jin_Multi_usl_tsne_fit_3.pdf
-- 25/373 [6.7%], loss=0.1630, dgw=0.1630, reg=0.0000, time=61.60s.
-- 50/373 [13.4%], loss=0.1636, dgw=0.1636, reg=0.0000, time=52.45s.
-- 75/373 [20.1%], loss=0.1633, dgw=0.1633, reg=0.0000, time=42.05s.
-- 100/373 [26.8%], loss=0.1647, dgw=0.1647, reg=0.0000, time=34.72s.
-- 125/373 [33.5%], loss=0.1644, dgw=0.1644, reg=0.0000, time=54.96s.
-- 150/373 [40.2%], loss=0.1598, dgw=0.1598, reg=0.0000, time=59.76s.
-- 175/373 [46.9%], loss=0.1599, dgw=0.1599, reg=0.0000, time=41.32s.
-- 200/373 [53.6%], loss=0.1553, dgw=0.1553, reg=0.0000, time=52.55s.
-- 225/373 [60.3%], loss=0.1533, dgw=0.1533, reg=0.0000, time=49.52s.
-- 250/373 [67.0%], loss=0.1546, dgw=0.1546, reg=0.0000, time=42.78s.
-- 275/373 [73.7%], loss=0.1567, dgw=0.1567, reg=0.0000, time=63.95s.
-- 300/373 [80.4%], loss=0.1507, dgw=0.1507, reg=0.0000, time=54.97s.
-- 325/373 [87.1%], loss=0.1485, dgw=0.1485, reg=0.0000, time=45.47s.
-- 350/373 [93.8%], loss=0.1506, dgw=0.1506, reg=0.0000, time=49.63s.
-- 373/373 [100.0%], loss=0.1463, dgw=0.1463, reg=0.0000, time=48.23s.
fit: Epoch 4/15, loss = 0.1570, best loss = 0.1570
results/tumblr_ct1_Jin_Multi_usl_tsne_fit_4.pdf
-- 25/373 [6.7%], loss=0.1458, dgw=0.1458, reg=0.0000, time=53.36s.
-- 50/373 [13.4%], loss=0.1453, dgw=0.1453, reg=0.0000, time=27.57s.
-- 75/373 [20.1%], loss=0.1443, dgw=0.1443, reg=0.0000, time=39.60s.
-- 100/373 [26.8%], loss=0.1455, dgw=0.1455, reg=0.0000, time=57.33s.
-- 125/373 [33.5%], loss=0.1436, dgw=0.1436, reg=0.0000, time=66.47s.
-- 150/373 [40.2%], loss=0.1446, dgw=0.1446, reg=0.0000, time=68.90s.
-- 175/373 [46.9%], loss=0.1385, dgw=0.1385, reg=0.0000, time=57.16s.
-- 200/373 [53.6%], loss=0.1393, dgw=0.1393, reg=0.0000, time=69.18s.
-- 225/373 [60.3%], loss=0.1370, dgw=0.1370, reg=0.0000, time=46.31s.
-- 250/373 [67.0%], loss=0.1658, dgw=0.1658, reg=0.0000, time=63.96s.
-- 275/373 [73.7%], loss=0.1469, dgw=0.1469, reg=0.0000, time=51.96s.
-- 300/373 [80.4%], loss=0.1433, dgw=0.1433, reg=0.0000, time=51.75s.
-- 325/373 [87.1%], loss=0.1464, dgw=0.1464, reg=0.0000, time=51.15s.
-- 350/373 [93.8%], loss=0.1359, dgw=0.1359, reg=0.0000, time=51.51s.
-- 373/373 [100.0%], loss=0.1326, dgw=0.1326, reg=0.0000, time=49.25s.
fit: Epoch 5/15, loss = 0.1437, best loss = 0.1437
results/tumblr_ct1_Jin_Multi_usl_tsne_fit_5.pdf
-- 25/373 [6.7%], loss=0.1395, dgw=0.1395, reg=0.0000, time=70.37s.
-- 50/373 [13.4%], loss=0.1320, dgw=0.1320, reg=0.0000, time=76.46s.
-- 75/373 [20.1%], loss=0.1290, dgw=0.1290, reg=0.0000, time=58.24s.
-- 100/373 [26.8%], loss=0.1382, dgw=0.1382, reg=0.0000, time=50.18s.
-- 125/373 [33.5%], loss=0.1294, dgw=0.1294, reg=0.0000, time=58.14s.
-- 150/373 [40.2%], loss=0.1379, dgw=0.1379, reg=0.0000, time=58.62s.
-- 175/373 [46.9%], loss=0.1343, dgw=0.1343, reg=0.0000, time=60.97s.
-- 200/373 [53.6%], loss=0.1349, dgw=0.1349, reg=0.0000, time=74.41s.
-- 225/373 [60.3%], loss=0.1472, dgw=0.1472, reg=0.0000, time=61.11s.
-- 250/373 [67.0%], loss=0.1401, dgw=0.1401, reg=0.0000, time=66.38s.
-- 275/373 [73.7%], loss=0.1391, dgw=0.1391, reg=0.0000, time=52.52s.
-- 300/373 [80.4%], loss=0.1373, dgw=0.1373, reg=0.0000, time=47.91s.
-- 325/373 [87.1%], loss=0.1264, dgw=0.1264, reg=0.0000, time=39.50s.
-- 350/373 [93.8%], loss=0.1374, dgw=0.1374, reg=0.0000, time=48.99s.
-- 373/373 [100.0%], loss=0.1345, dgw=0.1345, reg=0.0000, time=63.36s.
fit: Epoch 6/15, loss = 0.1358, best loss = 0.1358
results/tumblr_ct1_Jin_Multi_usl_tsne_fit_6.pdf
-- 25/373 [6.7%], loss=0.1277, dgw=0.1277, reg=0.0000, time=53.10s.
-- 50/373 [13.4%], loss=0.1331, dgw=0.1331, reg=0.0000, time=57.96s.
-- 75/373 [20.1%], loss=0.1239, dgw=0.1239, reg=0.0000, time=51.35s.
-- 100/373 [26.8%], loss=0.1332, dgw=0.1332, reg=0.0000, time=47.60s.
-- 125/373 [33.5%], loss=0.1184, dgw=0.1184, reg=0.0000, time=69.48s.
-- 150/373 [40.2%], loss=0.1339, dgw=0.1339, reg=0.0000, time=72.02s.
-- 175/373 [46.9%], loss=0.1166, dgw=0.1166, reg=0.0000, time=51.42s.
-- 200/373 [53.6%], loss=0.1191, dgw=0.1191, reg=0.0000, time=67.96s.
-- 225/373 [60.3%], loss=0.1260, dgw=0.1260, reg=0.0000, time=42.88s.
-- 250/373 [67.0%], loss=0.1111, dgw=0.1111, reg=0.0000, time=55.61s.
-- 275/373 [73.7%], loss=0.1140, dgw=0.1140, reg=0.0000, time=51.22s.
-- 300/373 [80.4%], loss=0.1216, dgw=0.1216, reg=0.0000, time=44.58s.
-- 325/373 [87.1%], loss=0.1212, dgw=0.1212, reg=0.0000, time=54.63s.
-- 350/373 [93.8%], loss=0.1097, dgw=0.1097, reg=0.0000, time=53.01s.
-- 373/373 [100.0%], loss=0.1045, dgw=0.1045, reg=0.0000, time=49.15s.
fit: Epoch 7/15, loss = 0.1210, best loss = 0.1210
results/tumblr_ct1_Jin_Multi_usl_tsne_fit_7.pdf
-- 25/373 [6.7%], loss=0.1034, dgw=0.1034, reg=0.0000, time=47.34s.
-- 50/373 [13.4%], loss=0.1116, dgw=0.1116, reg=0.0000, time=51.48s.
-- 75/373 [20.1%], loss=0.1056, dgw=0.1056, reg=0.0000, time=64.77s.
-- 100/373 [26.8%], loss=0.1043, dgw=0.1043, reg=0.0000, time=68.56s.
-- 125/373 [33.5%], loss=0.1057, dgw=0.1057, reg=0.0000, time=67.59s.
-- 150/373 [40.2%], loss=0.1053, dgw=0.1053, reg=0.0000, time=67.17s.
-- 175/373 [46.9%], loss=0.1094, dgw=0.1094, reg=0.0000, time=47.37s.
-- 200/373 [53.6%], loss=0.1022, dgw=0.1022, reg=0.0000, time=42.45s.
-- 225/373 [60.3%], loss=0.1091, dgw=0.1091, reg=0.0000, time=63.26s.
-- 250/373 [67.0%], loss=0.0983, dgw=0.0983, reg=0.0000, time=58.60s.
-- 275/373 [73.7%], loss=0.0976, dgw=0.0976, reg=0.0000, time=66.94s.
-- 300/373 [80.4%], loss=0.1004, dgw=0.1004, reg=0.0000, time=43.07s.
-- 325/373 [87.1%], loss=0.0980, dgw=0.0980, reg=0.0000, time=46.35s.
-- 350/373 [93.8%], loss=0.0961, dgw=0.0961, reg=0.0000, time=55.90s.
-- 373/373 [100.0%], loss=0.0954, dgw=0.0954, reg=0.0000, time=39.41s.
fit: Epoch 8/15, loss = 0.1029, best loss = 0.1029
results/tumblr_ct1_Jin_Multi_usl_tsne_fit_8.pdf
-- 25/373 [6.7%], loss=0.0967, dgw=0.0967, reg=0.0000, time=43.62s.
-- 50/373 [13.4%], loss=0.0985, dgw=0.0985, reg=0.0000, time=61.71s.
-- 75/373 [20.1%], loss=0.0919, dgw=0.0919, reg=0.0000, time=44.97s.
-- 100/373 [26.8%], loss=0.0943, dgw=0.0943, reg=0.0000, time=48.02s.
-- 125/373 [33.5%], loss=0.1035, dgw=0.1035, reg=0.0000, time=36.39s.
-- 150/373 [40.2%], loss=0.0961, dgw=0.0961, reg=0.0000, time=31.49s.
-- 175/373 [46.9%], loss=0.0958, dgw=0.0958, reg=0.0000, time=54.00s.
-- 200/373 [53.6%], loss=0.1006, dgw=0.1006, reg=0.0000, time=57.34s.
-- 225/373 [60.3%], loss=0.0958, dgw=0.0958, reg=0.0000, time=43.17s.
-- 250/373 [67.0%], loss=0.0897, dgw=0.0897, reg=0.0000, time=53.23s.
-- 275/373 [73.7%], loss=0.0926, dgw=0.0926, reg=0.0000, time=49.06s.
-- 300/373 [80.4%], loss=0.0876, dgw=0.0876, reg=0.0000, time=42.15s.
-- 325/373 [87.1%], loss=0.1135, dgw=0.1135, reg=0.0000, time=57.87s.
-- 350/373 [93.8%], loss=0.0906, dgw=0.0906, reg=0.0000, time=55.79s.
-- 373/373 [100.0%], loss=0.0869, dgw=0.0869, reg=0.0000, time=44.05s.
fit: Epoch 9/15, loss = 0.0957, best loss = 0.0957
results/tumblr_ct1_Jin_Multi_usl_tsne_fit_9.pdf
-- 25/373 [6.7%], loss=0.0874, dgw=0.0874, reg=0.0000, time=38.43s.
-- 50/373 [13.4%], loss=0.0873, dgw=0.0873, reg=0.0000, time=42.21s.
-- 75/373 [20.1%], loss=0.0938, dgw=0.0938, reg=0.0000, time=41.37s.
-- 100/373 [26.8%], loss=0.1106, dgw=0.1106, reg=0.0000, time=51.43s.
-- 125/373 [33.5%], loss=0.0904, dgw=0.0904, reg=0.0000, time=55.83s.
-- 150/373 [40.2%], loss=0.0975, dgw=0.0975, reg=0.0000, time=55.47s.
-- 175/373 [46.9%], loss=0.0859, dgw=0.0859, reg=0.0000, time=50.00s.
-- 200/373 [53.6%], loss=0.0994, dgw=0.0994, reg=0.0000, time=45.69s.
-- 225/373 [60.3%], loss=0.0904, dgw=0.0904, reg=0.0000, time=40.60s.
-- 250/373 [67.0%], loss=0.0939, dgw=0.0939, reg=0.0000, time=45.02s.
-- 275/373 [73.7%], loss=0.0985, dgw=0.0985, reg=0.0000, time=42.24s.
-- 300/373 [80.4%], loss=0.0965, dgw=0.0965, reg=0.0000, time=47.90s.
-- 325/373 [87.1%], loss=0.0907, dgw=0.0907, reg=0.0000, time=40.04s.
-- 350/373 [93.8%], loss=0.0954, dgw=0.0954, reg=0.0000, time=42.66s.
-- 373/373 [100.0%], loss=0.0908, dgw=0.0908, reg=0.0000, time=19.41s.
fit: Epoch 10/15, loss = 0.0939, best loss = 0.0939
results/tumblr_ct1_Jin_Multi_usl_tsne_fit_10.pdf
-- 25/373 [6.7%], loss=0.0854, dgw=0.0854, reg=0.0000, time=51.02s.
-- 50/373 [13.4%], loss=0.0787, dgw=0.0787, reg=0.0000, time=44.36s.
-- 75/373 [20.1%], loss=0.0804, dgw=0.0804, reg=0.0000, time=45.55s.
-- 100/373 [26.8%], loss=0.0840, dgw=0.0840, reg=0.0000, time=48.24s.
-- 125/373 [33.5%], loss=0.1062, dgw=0.1062, reg=0.0000, time=38.66s.
-- 150/373 [40.2%], loss=0.0994, dgw=0.0994, reg=0.0000, time=28.18s.
-- 175/373 [46.9%], loss=0.0996, dgw=0.0996, reg=0.0000, time=38.42s.
-- 200/373 [53.6%], loss=0.0760, dgw=0.0760, reg=0.0000, time=33.33s.
-- 225/373 [60.3%], loss=0.0816, dgw=0.0816, reg=0.0000, time=29.29s.
-- 250/373 [67.0%], loss=0.0833, dgw=0.0833, reg=0.0000, time=50.38s.
-- 275/373 [73.7%], loss=0.0791, dgw=0.0791, reg=0.0000, time=50.11s.
-- 300/373 [80.4%], loss=0.1010, dgw=0.1010, reg=0.0000, time=22.10s.
-- 325/373 [87.1%], loss=0.0863, dgw=0.0863, reg=0.0000, time=40.36s.
-- 350/373 [93.8%], loss=0.0788, dgw=0.0788, reg=0.0000, time=35.54s.
-- 373/373 [100.0%], loss=0.0883, dgw=0.0883, reg=0.0000, time=34.62s.
fit: Epoch 11/15, loss = 0.0872, best loss = 0.0872
results/tumblr_ct1_Jin_Multi_usl_tsne_fit_11.pdf
-- 25/373 [6.7%], loss=0.0745, dgw=0.0745, reg=0.0000, time=39.19s.
-- 50/373 [13.4%], loss=0.0801, dgw=0.0801, reg=0.0000, time=35.77s.
-- 75/373 [20.1%], loss=0.0872, dgw=0.0872, reg=0.0000, time=46.95s.
-- 100/373 [26.8%], loss=0.0745, dgw=0.0745, reg=0.0000, time=47.79s.
-- 125/373 [33.5%], loss=0.0708, dgw=0.0708, reg=0.0000, time=38.62s.
-- 150/373 [40.2%], loss=0.0732, dgw=0.0732, reg=0.0000, time=40.54s.
-- 175/373 [46.9%], loss=0.0744, dgw=0.0744, reg=0.0000, time=29.97s.
-- 200/373 [53.6%], loss=0.0936, dgw=0.0936, reg=0.0000, time=40.09s.
-- 225/373 [60.3%], loss=0.0938, dgw=0.0938, reg=0.0000, time=57.61s.
-- 250/373 [67.0%], loss=0.0906, dgw=0.0906, reg=0.0000, time=38.47s.
-- 275/373 [73.7%], loss=0.0827, dgw=0.0827, reg=0.0000, time=39.76s.
-- 300/373 [80.4%], loss=0.0742, dgw=0.0742, reg=0.0000, time=36.72s.
-- 325/373 [87.1%], loss=0.0912, dgw=0.0912, reg=0.0000, time=29.10s.
-- 350/373 [93.8%], loss=0.0716, dgw=0.0716, reg=0.0000, time=40.08s.
-- 373/373 [100.0%], loss=0.0746, dgw=0.0746, reg=0.0000, time=27.90s.
fit: Epoch 12/15, loss = 0.0805, best loss = 0.0805
results/tumblr_ct1_Jin_Multi_usl_tsne_fit_12.pdf
-- 25/373 [6.7%], loss=0.0792, dgw=0.0792, reg=0.0000, time=26.24s.
-- 50/373 [13.4%], loss=0.0732, dgw=0.0732, reg=0.0000, time=33.30s.
-- 75/373 [20.1%], loss=0.0717, dgw=0.0717, reg=0.0000, time=38.00s.
-- 100/373 [26.8%], loss=0.0729, dgw=0.0729, reg=0.0000, time=52.99s.
-- 125/373 [33.5%], loss=0.0827, dgw=0.0827, reg=0.0000, time=42.02s.
-- 150/373 [40.2%], loss=0.0814, dgw=0.0814, reg=0.0000, time=47.12s.
-- 175/373 [46.9%], loss=0.0913, dgw=0.0913, reg=0.0000, time=53.66s.
-- 200/373 [53.6%], loss=0.0905, dgw=0.0905, reg=0.0000, time=46.37s.
-- 225/373 [60.3%], loss=0.0730, dgw=0.0730, reg=0.0000, time=43.46s.
-- 250/373 [67.0%], loss=0.0713, dgw=0.0713, reg=0.0000, time=32.63s.
-- 275/373 [73.7%], loss=0.0713, dgw=0.0713, reg=0.0000, time=29.76s.
-- 300/373 [80.4%], loss=0.0777, dgw=0.0777, reg=0.0000, time=35.76s.
-- 325/373 [87.1%], loss=0.0798, dgw=0.0798, reg=0.0000, time=45.64s.
-- 350/373 [93.8%], loss=0.0674, dgw=0.0674, reg=0.0000, time=40.28s.
-- 373/373 [100.0%], loss=0.0758, dgw=0.0758, reg=0.0000, time=27.95s.
fit: Epoch 13/15, loss = 0.0773, best loss = 0.0773
results/tumblr_ct1_Jin_Multi_usl_tsne_fit_13.pdf
-- 25/373 [6.7%], loss=0.0718, dgw=0.0718, reg=0.0000, time=34.39s.
-- 50/373 [13.4%], loss=0.0779, dgw=0.0779, reg=0.0000, time=33.29s.
-- 75/373 [20.1%], loss=0.0746, dgw=0.0746, reg=0.0000, time=41.54s.
-- 100/373 [26.8%], loss=0.0662, dgw=0.0662, reg=0.0000, time=42.16s.
-- 125/373 [33.5%], loss=0.0632, dgw=0.0632, reg=0.0000, time=38.48s.
-- 150/373 [40.2%], loss=0.0640, dgw=0.0640, reg=0.0000, time=37.72s.
-- 175/373 [46.9%], loss=0.0725, dgw=0.0725, reg=0.0000, time=41.78s.
-- 200/373 [53.6%], loss=0.0628, dgw=0.0628, reg=0.0000, time=36.08s.
-- 225/373 [60.3%], loss=0.0688, dgw=0.0688, reg=0.0000, time=35.55s.
-- 250/373 [67.0%], loss=0.0654, dgw=0.0654, reg=0.0000, time=34.27s.
-- 275/373 [73.7%], loss=0.0700, dgw=0.0700, reg=0.0000, time=29.22s.
-- 300/373 [80.4%], loss=0.0628, dgw=0.0628, reg=0.0000, time=43.57s.
-- 325/373 [87.1%], loss=0.0885, dgw=0.0885, reg=0.0000, time=37.67s.
-- 350/373 [93.8%], loss=0.0694, dgw=0.0694, reg=0.0000, time=31.60s.
-- 373/373 [100.0%], loss=0.0620, dgw=0.0620, reg=0.0000, time=24.09s.
fit: Epoch 14/15, loss = 0.0694, best loss = 0.0694
results/tumblr_ct1_Jin_Multi_usl_tsne_fit_14.pdf
-- 25/373 [6.7%], loss=0.0711, dgw=0.0711, reg=0.0000, time=31.21s.
-- 50/373 [13.4%], loss=0.0624, dgw=0.0624, reg=0.0000, time=32.67s.
-- 75/373 [20.1%], loss=0.0676, dgw=0.0676, reg=0.0000, time=45.51s.
-- 100/373 [26.8%], loss=0.0623, dgw=0.0623, reg=0.0000, time=28.20s.
-- 125/373 [33.5%], loss=0.0580, dgw=0.0580, reg=0.0000, time=35.41s.
-- 150/373 [40.2%], loss=0.0699, dgw=0.0699, reg=0.0000, time=32.08s.
-- 175/373 [46.9%], loss=0.0631, dgw=0.0631, reg=0.0000, time=28.07s.
-- 200/373 [53.6%], loss=0.0584, dgw=0.0584, reg=0.0000, time=30.26s.
-- 225/373 [60.3%], loss=0.0590, dgw=0.0590, reg=0.0000, time=39.27s.
-- 250/373 [67.0%], loss=0.0601, dgw=0.0601, reg=0.0000, time=36.06s.
-- 275/373 [73.7%], loss=0.0652, dgw=0.0652, reg=0.0000, time=43.25s.
-- 300/373 [80.4%], loss=0.0586, dgw=0.0586, reg=0.0000, time=34.00s.
-- 325/373 [87.1%], loss=0.0567, dgw=0.0567, reg=0.0000, time=34.64s.
-- 350/373 [93.8%], loss=0.0647, dgw=0.0647, reg=0.0000, time=34.68s.
-- 373/373 [100.0%], loss=0.0571, dgw=0.0571, reg=0.0000, time=25.11s.
fit: Epoch 15/15, loss = 0.0623, best loss = 0.0623
results/tumblr_ct1_Jin_Multi_usl_tsne_fit_15.pdf
Best Acc  : 0.5442359249329758
Rand Score: 0.5025800686096457
Done!
