-- 25/373 [6.7%], loss=0.2485, dgw=0.2485, reg=0.0000, time=40.33s.
-- 50/373 [13.4%], loss=0.2449, dgw=0.2449, reg=0.0000, time=39.91s.
-- 75/373 [20.1%], loss=0.2452, dgw=0.2452, reg=0.0000, time=36.06s.
-- 100/373 [26.8%], loss=0.2393, dgw=0.2393, reg=0.0000, time=45.29s.
-- 125/373 [33.5%], loss=0.2388, dgw=0.2388, reg=0.0000, time=37.02s.
-- 150/373 [40.2%], loss=0.2371, dgw=0.2371, reg=0.0000, time=43.53s.
-- 175/373 [46.9%], loss=0.2354, dgw=0.2354, reg=0.0000, time=42.10s.
-- 200/373 [53.6%], loss=0.2303, dgw=0.2303, reg=0.0000, time=63.76s.
-- 225/373 [60.3%], loss=0.2277, dgw=0.2277, reg=0.0000, time=42.64s.
-- 250/373 [67.0%], loss=0.2249, dgw=0.2249, reg=0.0000, time=47.67s.
-- 275/373 [73.7%], loss=0.2271, dgw=0.2271, reg=0.0000, time=41.17s.
-- 300/373 [80.4%], loss=0.2238, dgw=0.2238, reg=0.0000, time=51.16s.
-- 325/373 [87.1%], loss=0.2221, dgw=0.2221, reg=0.0000, time=46.54s.
-- 350/373 [93.8%], loss=0.2202, dgw=0.2202, reg=0.0000, time=39.85s.
-- 373/373 [100.0%], loss=0.2222, dgw=0.2222, reg=0.0000, time=50.64s.
fit: Epoch 1/15, loss = 0.2326, best loss = 0.2326
results/tumblr_ct1_Jin_Multi_usl_tsne_fit_1.pdf
-- 25/373 [6.7%], loss=0.2161, dgw=0.2161, reg=0.0000, time=60.76s.
-- 50/373 [13.4%], loss=0.2152, dgw=0.2152, reg=0.0000, time=35.12s.
-- 75/373 [20.1%], loss=0.2126, dgw=0.2126, reg=0.0000, time=50.01s.
-- 100/373 [26.8%], loss=0.2117, dgw=0.2117, reg=0.0000, time=49.26s.
-- 125/373 [33.5%], loss=0.2105, dgw=0.2105, reg=0.0000, time=49.05s.
-- 150/373 [40.2%], loss=0.2077, dgw=0.2077, reg=0.0000, time=49.30s.
-- 175/373 [46.9%], loss=0.2051, dgw=0.2051, reg=0.0000, time=46.61s.
-- 200/373 [53.6%], loss=0.2027, dgw=0.2027, reg=0.0000, time=58.66s.
-- 225/373 [60.3%], loss=0.2001, dgw=0.2001, reg=0.0000, time=44.26s.
-- 250/373 [67.0%], loss=0.1994, dgw=0.1994, reg=0.0000, time=46.70s.
-- 275/373 [73.7%], loss=0.1952, dgw=0.1952, reg=0.0000, time=37.18s.
-- 300/373 [80.4%], loss=0.1961, dgw=0.1961, reg=0.0000, time=47.69s.
-- 325/373 [87.1%], loss=0.1955, dgw=0.1955, reg=0.0000, time=60.93s.
-- 350/373 [93.8%], loss=0.1925, dgw=0.1925, reg=0.0000, time=54.24s.
-- 373/373 [100.0%], loss=0.1914, dgw=0.1914, reg=0.0000, time=42.73s.
fit: Epoch 2/15, loss = 0.2035, best loss = 0.2035
results/tumblr_ct1_Jin_Multi_usl_tsne_fit_2.pdf
-- 25/373 [6.7%], loss=0.1892, dgw=0.1892, reg=0.0000, time=48.09s.
-- 50/373 [13.4%], loss=0.1936, dgw=0.1936, reg=0.0000, time=55.13s.
-- 75/373 [20.1%], loss=0.2025, dgw=0.2025, reg=0.0000, time=43.93s.
-- 100/373 [26.8%], loss=0.1984, dgw=0.1984, reg=0.0000, time=41.90s.
-- 125/373 [33.5%], loss=0.2504, dgw=0.2504, reg=0.0000, time=31.70s.
-- 150/373 [40.2%], loss=0.2695, dgw=0.2695, reg=0.0000, time=63.89s.
-- 175/373 [46.9%], loss=0.2885, dgw=0.2885, reg=0.0000, time=61.23s.
-- 200/373 [53.6%], loss=0.3801, dgw=0.3801, reg=0.0000, time=61.25s.
-- 225/373 [60.3%], loss=0.2415, dgw=0.2415, reg=0.0000, time=54.59s.
-- 250/373 [67.0%], loss=0.2102, dgw=0.2102, reg=0.0000, time=43.05s.
-- 275/373 [73.7%], loss=0.1724, dgw=0.1724, reg=0.0000, time=53.42s.
-- 300/373 [80.4%], loss=0.1795, dgw=0.1795, reg=0.0000, time=56.19s.
-- 325/373 [87.1%], loss=0.1699, dgw=0.1699, reg=0.0000, time=57.46s.
-- 350/373 [93.8%], loss=0.1672, dgw=0.1672, reg=0.0000, time=37.60s.
-- 373/373 [100.0%], loss=0.1682, dgw=0.1682, reg=0.0000, time=54.26s.
fit: Epoch 3/15, loss = 0.2190, best loss = 0.2035
results/tumblr_ct1_Jin_Multi_usl_tsne_fit_3.pdf
-- 25/373 [6.7%], loss=0.1657, dgw=0.1657, reg=0.0000, time=34.53s.
-- 50/373 [13.4%], loss=0.1663, dgw=0.1663, reg=0.0000, time=38.28s.
-- 75/373 [20.1%], loss=0.1659, dgw=0.1659, reg=0.0000, time=42.40s.
-- 100/373 [26.8%], loss=0.1609, dgw=0.1609, reg=0.0000, time=40.29s.
-- 125/373 [33.5%], loss=0.1598, dgw=0.1598, reg=0.0000, time=38.44s.
-- 150/373 [40.2%], loss=0.1586, dgw=0.1586, reg=0.0000, time=38.00s.
-- 175/373 [46.9%], loss=0.1595, dgw=0.1595, reg=0.0000, time=51.85s.
-- 200/373 [53.6%], loss=0.1545, dgw=0.1545, reg=0.0000, time=46.59s.
-- 225/373 [60.3%], loss=0.1538, dgw=0.1538, reg=0.0000, time=43.16s.
-- 250/373 [67.0%], loss=0.1526, dgw=0.1526, reg=0.0000, time=46.67s.
-- 275/373 [73.7%], loss=0.1496, dgw=0.1496, reg=0.0000, time=48.31s.
-- 300/373 [80.4%], loss=0.1492, dgw=0.1492, reg=0.0000, time=27.89s.
-- 325/373 [87.1%], loss=0.1509, dgw=0.1509, reg=0.0000, time=37.74s.
-- 350/373 [93.8%], loss=0.1486, dgw=0.1486, reg=0.0000, time=37.42s.
-- 373/373 [100.0%], loss=0.1478, dgw=0.1478, reg=0.0000, time=33.57s.
fit: Epoch 4/15, loss = 0.1563, best loss = 0.1563
results/tumblr_ct1_Jin_Multi_usl_tsne_fit_4.pdf
-- 25/373 [6.7%], loss=0.1451, dgw=0.1451, reg=0.0000, time=44.28s.
-- 50/373 [13.4%], loss=0.1426, dgw=0.1426, reg=0.0000, time=30.51s.
-- 75/373 [20.1%], loss=0.1441, dgw=0.1441, reg=0.0000, time=51.77s.
-- 100/373 [26.8%], loss=0.1448, dgw=0.1448, reg=0.0000, time=48.03s.
-- 125/373 [33.5%], loss=0.1406, dgw=0.1406, reg=0.0000, time=44.00s.
-- 150/373 [40.2%], loss=0.1433, dgw=0.1433, reg=0.0000, time=43.28s.
-- 175/373 [46.9%], loss=0.1416, dgw=0.1416, reg=0.0000, time=54.60s.
-- 200/373 [53.6%], loss=0.1368, dgw=0.1368, reg=0.0000, time=32.66s.
-- 225/373 [60.3%], loss=0.1342, dgw=0.1342, reg=0.0000, time=42.68s.
-- 250/373 [67.0%], loss=0.1357, dgw=0.1357, reg=0.0000, time=44.43s.
-- 275/373 [73.7%], loss=0.1351, dgw=0.1351, reg=0.0000, time=52.75s.
-- 300/373 [80.4%], loss=0.1344, dgw=0.1344, reg=0.0000, time=43.17s.
-- 325/373 [87.1%], loss=0.1291, dgw=0.1291, reg=0.0000, time=42.95s.
-- 350/373 [93.8%], loss=0.1319, dgw=0.1319, reg=0.0000, time=50.25s.
-- 373/373 [100.0%], loss=0.1289, dgw=0.1289, reg=0.0000, time=37.19s.
fit: Epoch 5/15, loss = 0.1379, best loss = 0.1379
results/tumblr_ct1_Jin_Multi_usl_tsne_fit_5.pdf
-- 25/373 [6.7%], loss=0.1285, dgw=0.1285, reg=0.0000, time=29.11s.
-- 50/373 [13.4%], loss=0.1287, dgw=0.1287, reg=0.0000, time=41.14s.
-- 75/373 [20.1%], loss=0.1273, dgw=0.1273, reg=0.0000, time=54.26s.
-- 100/373 [26.8%], loss=0.1277, dgw=0.1277, reg=0.0000, time=53.86s.
-- 125/373 [33.5%], loss=0.1264, dgw=0.1264, reg=0.0000, time=62.21s.
-- 150/373 [40.2%], loss=0.1222, dgw=0.1222, reg=0.0000, time=53.86s.
-- 175/373 [46.9%], loss=0.1208, dgw=0.1208, reg=0.0000, time=35.80s.
-- 200/373 [53.6%], loss=0.1231, dgw=0.1231, reg=0.0000, time=57.54s.
-- 225/373 [60.3%], loss=0.1212, dgw=0.1212, reg=0.0000, time=62.57s.
-- 250/373 [67.0%], loss=0.1188, dgw=0.1188, reg=0.0000, time=53.84s.
-- 275/373 [73.7%], loss=0.1208, dgw=0.1208, reg=0.0000, time=58.38s.
-- 300/373 [80.4%], loss=0.1191, dgw=0.1191, reg=0.0000, time=39.67s.
-- 325/373 [87.1%], loss=0.1194, dgw=0.1194, reg=0.0000, time=50.07s.
-- 350/373 [93.8%], loss=0.1177, dgw=0.1177, reg=0.0000, time=32.73s.
-- 373/373 [100.0%], loss=0.1156, dgw=0.1156, reg=0.0000, time=44.31s.
fit: Epoch 6/15, loss = 0.1225, best loss = 0.1225
results/tumblr_ct1_Jin_Multi_usl_tsne_fit_6.pdf
-- 25/373 [6.7%], loss=0.1138, dgw=0.1138, reg=0.0000, time=37.09s.
-- 50/373 [13.4%], loss=0.1155, dgw=0.1155, reg=0.0000, time=38.32s.
-- 75/373 [20.1%], loss=0.1126, dgw=0.1126, reg=0.0000, time=42.55s.
-- 100/373 [26.8%], loss=0.1134, dgw=0.1134, reg=0.0000, time=58.91s.
-- 125/373 [33.5%], loss=0.1107, dgw=0.1107, reg=0.0000, time=49.55s.
-- 150/373 [40.2%], loss=0.1110, dgw=0.1110, reg=0.0000, time=34.57s.
-- 175/373 [46.9%], loss=0.1106, dgw=0.1106, reg=0.0000, time=33.84s.
-- 200/373 [53.6%], loss=0.1099, dgw=0.1099, reg=0.0000, time=44.29s.
-- 225/373 [60.3%], loss=0.1074, dgw=0.1074, reg=0.0000, time=64.81s.
-- 250/373 [67.0%], loss=0.1092, dgw=0.1092, reg=0.0000, time=48.97s.
-- 275/373 [73.7%], loss=0.1066, dgw=0.1066, reg=0.0000, time=52.20s.
-- 300/373 [80.4%], loss=0.1081, dgw=0.1081, reg=0.0000, time=32.12s.
-- 325/373 [87.1%], loss=0.1064, dgw=0.1064, reg=0.0000, time=45.27s.
-- 350/373 [93.8%], loss=0.1042, dgw=0.1042, reg=0.0000, time=47.31s.
-- 373/373 [100.0%], loss=0.1046, dgw=0.1046, reg=0.0000, time=30.70s.
fit: Epoch 7/15, loss = 0.1096, best loss = 0.1096
results/tumblr_ct1_Jin_Multi_usl_tsne_fit_7.pdf
-- 25/373 [6.7%], loss=0.1037, dgw=0.1037, reg=0.0000, time=53.44s.
-- 50/373 [13.4%], loss=0.1021, dgw=0.1021, reg=0.0000, time=60.93s.
-- 75/373 [20.1%], loss=0.1036, dgw=0.1036, reg=0.0000, time=49.06s.
-- 100/373 [26.8%], loss=0.1009, dgw=0.1009, reg=0.0000, time=42.17s.
-- 125/373 [33.5%], loss=0.1009, dgw=0.1009, reg=0.0000, time=41.29s.
-- 150/373 [40.2%], loss=0.1017, dgw=0.1017, reg=0.0000, time=40.76s.
-- 175/373 [46.9%], loss=0.1019, dgw=0.1019, reg=0.0000, time=54.98s.
-- 200/373 [53.6%], loss=0.1007, dgw=0.1007, reg=0.0000, time=55.83s.
-- 225/373 [60.3%], loss=0.0956, dgw=0.0956, reg=0.0000, time=41.22s.
-- 250/373 [67.0%], loss=0.0985, dgw=0.0985, reg=0.0000, time=45.43s.
-- 275/373 [73.7%], loss=0.0945, dgw=0.0945, reg=0.0000, time=36.66s.
-- 300/373 [80.4%], loss=0.0945, dgw=0.0945, reg=0.0000, time=41.92s.
-- 325/373 [87.1%], loss=0.0963, dgw=0.0963, reg=0.0000, time=51.30s.
-- 350/373 [93.8%], loss=0.0942, dgw=0.0942, reg=0.0000, time=43.48s.
-- 373/373 [100.0%], loss=0.0937, dgw=0.0937, reg=0.0000, time=42.49s.
fit: Epoch 8/15, loss = 0.0989, best loss = 0.0989
results/tumblr_ct1_Jin_Multi_usl_tsne_fit_8.pdf
-- 25/373 [6.7%], loss=0.0953, dgw=0.0953, reg=0.0000, time=43.50s.
-- 50/373 [13.4%], loss=0.0922, dgw=0.0922, reg=0.0000, time=52.50s.
-- 75/373 [20.1%], loss=0.0894, dgw=0.0894, reg=0.0000, time=41.86s.
-- 100/373 [26.8%], loss=0.0945, dgw=0.0945, reg=0.0000, time=55.37s.
-- 125/373 [33.5%], loss=0.0936, dgw=0.0936, reg=0.0000, time=62.45s.
-- 150/373 [40.2%], loss=0.0915, dgw=0.0915, reg=0.0000, time=43.14s.
-- 175/373 [46.9%], loss=0.0878, dgw=0.0878, reg=0.0000, time=40.89s.
-- 200/373 [53.6%], loss=0.0902, dgw=0.0902, reg=0.0000, time=43.79s.
-- 225/373 [60.3%], loss=0.0917, dgw=0.0917, reg=0.0000, time=44.81s.
-- 250/373 [67.0%], loss=0.0884, dgw=0.0884, reg=0.0000, time=35.82s.
-- 275/373 [73.7%], loss=0.0900, dgw=0.0900, reg=0.0000, time=51.24s.
-- 300/373 [80.4%], loss=0.0874, dgw=0.0874, reg=0.0000, time=38.02s.
-- 325/373 [87.1%], loss=0.0855, dgw=0.0855, reg=0.0000, time=50.99s.
-- 350/373 [93.8%], loss=0.0844, dgw=0.0844, reg=0.0000, time=52.30s.
-- 373/373 [100.0%], loss=0.0854, dgw=0.0854, reg=0.0000, time=24.45s.
fit: Epoch 9/15, loss = 0.0898, best loss = 0.0898
results/tumblr_ct1_Jin_Multi_usl_tsne_fit_9.pdf
-- 25/373 [6.7%], loss=0.0868, dgw=0.0868, reg=0.0000, time=52.42s.
-- 50/373 [13.4%], loss=0.0864, dgw=0.0864, reg=0.0000, time=52.36s.
-- 75/373 [20.1%], loss=0.0847, dgw=0.0847, reg=0.0000, time=37.06s.
-- 100/373 [26.8%], loss=0.0820, dgw=0.0820, reg=0.0000, time=32.39s.
-- 125/373 [33.5%], loss=0.0845, dgw=0.0845, reg=0.0000, time=24.79s.
-- 150/373 [40.2%], loss=0.0824, dgw=0.0824, reg=0.0000, time=37.62s.
-- 175/373 [46.9%], loss=0.0813, dgw=0.0813, reg=0.0000, time=35.60s.
-- 200/373 [53.6%], loss=0.0822, dgw=0.0822, reg=0.0000, time=30.63s.
-- 225/373 [60.3%], loss=0.0811, dgw=0.0811, reg=0.0000, time=54.34s.
-- 250/373 [67.0%], loss=0.0815, dgw=0.0815, reg=0.0000, time=48.64s.
-- 275/373 [73.7%], loss=0.0800, dgw=0.0800, reg=0.0000, time=39.68s.
-- 300/373 [80.4%], loss=0.0811, dgw=0.0811, reg=0.0000, time=41.72s.
-- 325/373 [87.1%], loss=0.0790, dgw=0.0790, reg=0.0000, time=38.64s.
-- 350/373 [93.8%], loss=0.0792, dgw=0.0792, reg=0.0000, time=46.30s.
-- 373/373 [100.0%], loss=0.0807, dgw=0.0807, reg=0.0000, time=31.99s.
fit: Epoch 10/15, loss = 0.0822, best loss = 0.0822
results/tumblr_ct1_Jin_Multi_usl_tsne_fit_10.pdf
-- 25/373 [6.7%], loss=0.0783, dgw=0.0783, reg=0.0000, time=43.01s.
-- 50/373 [13.4%], loss=0.0766, dgw=0.0766, reg=0.0000, time=47.51s.
-- 75/373 [20.1%], loss=0.0789, dgw=0.0789, reg=0.0000, time=40.93s.
-- 100/373 [26.8%], loss=0.0789, dgw=0.0789, reg=0.0000, time=39.95s.
-- 125/373 [33.5%], loss=0.0768, dgw=0.0768, reg=0.0000, time=51.89s.
-- 150/373 [40.2%], loss=0.0777, dgw=0.0777, reg=0.0000, time=40.41s.
-- 175/373 [46.9%], loss=0.0763, dgw=0.0763, reg=0.0000, time=30.94s.
-- 200/373 [53.6%], loss=0.0749, dgw=0.0749, reg=0.0000, time=35.38s.
-- 225/373 [60.3%], loss=0.0753, dgw=0.0753, reg=0.0000, time=41.39s.
-- 250/373 [67.0%], loss=0.0743, dgw=0.0743, reg=0.0000, time=46.30s.
-- 275/373 [73.7%], loss=0.0755, dgw=0.0755, reg=0.0000, time=38.90s.
-- 300/373 [80.4%], loss=0.0733, dgw=0.0733, reg=0.0000, time=41.79s.
-- 325/373 [87.1%], loss=0.0723, dgw=0.0723, reg=0.0000, time=48.78s.
-- 350/373 [93.8%], loss=0.0745, dgw=0.0745, reg=0.0000, time=37.02s.
-- 373/373 [100.0%], loss=0.0735, dgw=0.0735, reg=0.0000, time=28.60s.
fit: Epoch 11/15, loss = 0.0758, best loss = 0.0758
results/tumblr_ct1_Jin_Multi_usl_tsne_fit_11.pdf
-- 25/373 [6.7%], loss=0.0726, dgw=0.0726, reg=0.0000, time=43.55s.
-- 50/373 [13.4%], loss=0.0744, dgw=0.0744, reg=0.0000, time=35.82s.
-- 75/373 [20.1%], loss=0.0712, dgw=0.0712, reg=0.0000, time=36.79s.
-- 100/373 [26.8%], loss=0.0701, dgw=0.0701, reg=0.0000, time=35.98s.
-- 125/373 [33.5%], loss=0.0715, dgw=0.0715, reg=0.0000, time=37.87s.
-- 150/373 [40.2%], loss=0.0717, dgw=0.0717, reg=0.0000, time=39.01s.
-- 175/373 [46.9%], loss=0.0686, dgw=0.0686, reg=0.0000, time=37.56s.
-- 200/373 [53.6%], loss=0.0673, dgw=0.0673, reg=0.0000, time=36.52s.
-- 225/373 [60.3%], loss=0.0697, dgw=0.0697, reg=0.0000, time=39.50s.
-- 250/373 [67.0%], loss=0.0731, dgw=0.0731, reg=0.0000, time=35.56s.
-- 275/373 [73.7%], loss=0.0718, dgw=0.0718, reg=0.0000, time=42.26s.
-- 300/373 [80.4%], loss=0.0675, dgw=0.0675, reg=0.0000, time=46.12s.
-- 325/373 [87.1%], loss=0.0697, dgw=0.0697, reg=0.0000, time=36.63s.
-- 350/373 [93.8%], loss=0.0665, dgw=0.0665, reg=0.0000, time=39.83s.
-- 373/373 [100.0%], loss=0.0642, dgw=0.0642, reg=0.0000, time=32.42s.
fit: Epoch 12/15, loss = 0.0700, best loss = 0.0700
results/tumblr_ct1_Jin_Multi_usl_tsne_fit_12.pdf
-- 25/373 [6.7%], loss=0.0652, dgw=0.0652, reg=0.0000, time=29.88s.
-- 50/373 [13.4%], loss=0.0653, dgw=0.0653, reg=0.0000, time=42.20s.
-- 75/373 [20.1%], loss=0.0668, dgw=0.0668, reg=0.0000, time=31.93s.
-- 100/373 [26.8%], loss=0.0648, dgw=0.0648, reg=0.0000, time=38.67s.
-- 125/373 [33.5%], loss=0.0630, dgw=0.0630, reg=0.0000, time=27.37s.
-- 150/373 [40.2%], loss=0.0637, dgw=0.0637, reg=0.0000, time=35.32s.
-- 175/373 [46.9%], loss=0.0652, dgw=0.0652, reg=0.0000, time=43.85s.
-- 200/373 [53.6%], loss=0.0641, dgw=0.0641, reg=0.0000, time=37.67s.
-- 225/373 [60.3%], loss=0.0636, dgw=0.0636, reg=0.0000, time=27.22s.
-- 250/373 [67.0%], loss=0.0668, dgw=0.0668, reg=0.0000, time=40.28s.
-- 275/373 [73.7%], loss=0.0636, dgw=0.0636, reg=0.0000, time=39.59s.
-- 300/373 [80.4%], loss=0.0642, dgw=0.0642, reg=0.0000, time=35.51s.
-- 325/373 [87.1%], loss=0.0666, dgw=0.0666, reg=0.0000, time=31.53s.
-- 350/373 [93.8%], loss=0.0664, dgw=0.0664, reg=0.0000, time=37.39s.
-- 373/373 [100.0%], loss=0.0683, dgw=0.0683, reg=0.0000, time=35.88s.
fit: Epoch 13/15, loss = 0.0652, best loss = 0.0652
results/tumblr_ct1_Jin_Multi_usl_tsne_fit_13.pdf
-- 25/373 [6.7%], loss=0.0615, dgw=0.0615, reg=0.0000, time=46.46s.
-- 50/373 [13.4%], loss=0.0621, dgw=0.0621, reg=0.0000, time=42.33s.
-- 75/373 [20.1%], loss=0.0617, dgw=0.0617, reg=0.0000, time=39.25s.
-- 100/373 [26.8%], loss=0.0603, dgw=0.0603, reg=0.0000, time=37.33s.
-- 125/373 [33.5%], loss=0.0614, dgw=0.0614, reg=0.0000, time=34.86s.
-- 150/373 [40.2%], loss=0.0579, dgw=0.0579, reg=0.0000, time=40.21s.
-- 175/373 [46.9%], loss=0.0632, dgw=0.0632, reg=0.0000, time=34.50s.
-- 200/373 [53.6%], loss=0.0610, dgw=0.0610, reg=0.0000, time=47.91s.
-- 225/373 [60.3%], loss=0.0627, dgw=0.0627, reg=0.0000, time=43.60s.
-- 250/373 [67.0%], loss=0.0640, dgw=0.0640, reg=0.0000, time=33.91s.
-- 275/373 [73.7%], loss=0.0626, dgw=0.0626, reg=0.0000, time=43.52s.
-- 300/373 [80.4%], loss=0.0585, dgw=0.0585, reg=0.0000, time=41.31s.
-- 325/373 [87.1%], loss=0.0587, dgw=0.0587, reg=0.0000, time=40.80s.
-- 350/373 [93.8%], loss=0.0576, dgw=0.0576, reg=0.0000, time=42.84s.
-- 373/373 [100.0%], loss=0.0593, dgw=0.0593, reg=0.0000, time=32.38s.
fit: Epoch 14/15, loss = 0.0608, best loss = 0.0608
results/tumblr_ct1_Jin_Multi_usl_tsne_fit_14.pdf
-- 25/373 [6.7%], loss=0.0641, dgw=0.0641, reg=0.0000, time=39.80s.
-- 50/373 [13.4%], loss=0.0572, dgw=0.0572, reg=0.0000, time=36.07s.
-- 75/373 [20.1%], loss=0.0544, dgw=0.0544, reg=0.0000, time=31.91s.
-- 100/373 [26.8%], loss=0.0561, dgw=0.0561, reg=0.0000, time=28.21s.
-- 125/373 [33.5%], loss=0.0585, dgw=0.0585, reg=0.0000, time=35.84s.
-- 150/373 [40.2%], loss=0.0576, dgw=0.0576, reg=0.0000, time=44.28s.
-- 175/373 [46.9%], loss=0.0588, dgw=0.0588, reg=0.0000, time=39.21s.
-- 200/373 [53.6%], loss=0.0557, dgw=0.0557, reg=0.0000, time=38.22s.
-- 225/373 [60.3%], loss=0.0574, dgw=0.0574, reg=0.0000, time=34.87s.
-- 250/373 [67.0%], loss=0.0561, dgw=0.0561, reg=0.0000, time=28.39s.
-- 275/373 [73.7%], loss=0.0569, dgw=0.0569, reg=0.0000, time=33.77s.
-- 300/373 [80.4%], loss=0.0564, dgw=0.0564, reg=0.0000, time=36.66s.
-- 325/373 [87.1%], loss=0.0565, dgw=0.0565, reg=0.0000, time=40.54s.
-- 350/373 [93.8%], loss=0.0537, dgw=0.0537, reg=0.0000, time=33.69s.
-- 373/373 [100.0%], loss=0.0588, dgw=0.0588, reg=0.0000, time=30.79s.
fit: Epoch 15/15, loss = 0.0572, best loss = 0.0572
results/tumblr_ct1_Jin_Multi_usl_tsne_fit_15.pdf
Best Acc  : 0.517426273458445
Rand Score: 0.4992648966531177
Done!
