-- 25/373 [6.7%], loss=0.2480, dgw=0.2480, reg=0.0000, time=35.17s.
-- 50/373 [13.4%], loss=0.2441, dgw=0.2441, reg=0.0000, time=39.94s.
-- 75/373 [20.1%], loss=0.2417, dgw=0.2417, reg=0.0000, time=50.40s.
-- 100/373 [26.8%], loss=0.2407, dgw=0.2407, reg=0.0000, time=62.90s.
-- 125/373 [33.5%], loss=0.2375, dgw=0.2375, reg=0.0000, time=66.87s.
-- 150/373 [40.2%], loss=0.2340, dgw=0.2340, reg=0.0000, time=65.42s.
-- 175/373 [46.9%], loss=0.2324, dgw=0.2324, reg=0.0000, time=86.08s.
-- 200/373 [53.6%], loss=0.2320, dgw=0.2320, reg=0.0000, time=86.69s.
-- 225/373 [60.3%], loss=0.2305, dgw=0.2305, reg=0.0000, time=88.96s.
-- 250/373 [67.0%], loss=0.2307, dgw=0.2307, reg=0.0000, time=74.68s.
-- 275/373 [73.7%], loss=0.2263, dgw=0.2263, reg=0.0000, time=71.07s.
-- 300/373 [80.4%], loss=0.2225, dgw=0.2225, reg=0.0000, time=55.28s.
-- 325/373 [87.1%], loss=0.2232, dgw=0.2232, reg=0.0000, time=47.27s.
-- 350/373 [93.8%], loss=0.2203, dgw=0.2203, reg=0.0000, time=59.25s.
-- 373/373 [100.0%], loss=0.2180, dgw=0.2180, reg=0.0000, time=76.04s.
fit: Epoch 1/15, loss = 0.2322, best loss = 0.2322
results/tumblr_ct1_Jin_Multi_usl_tsne_fit_1.pdf
-- 25/373 [6.7%], loss=0.2177, dgw=0.2177, reg=0.0000, time=62.67s.
-- 50/373 [13.4%], loss=0.2142, dgw=0.2142, reg=0.0000, time=68.88s.
-- 75/373 [20.1%], loss=0.2141, dgw=0.2141, reg=0.0000, time=81.14s.
-- 100/373 [26.8%], loss=0.2103, dgw=0.2103, reg=0.0000, time=69.05s.
-- 125/373 [33.5%], loss=0.2114, dgw=0.2114, reg=0.0000, time=68.34s.
-- 150/373 [40.2%], loss=0.2082, dgw=0.2082, reg=0.0000, time=73.83s.
-- 175/373 [46.9%], loss=0.2030, dgw=0.2030, reg=0.0000, time=61.29s.
-- 200/373 [53.6%], loss=0.2031, dgw=0.2031, reg=0.0000, time=79.77s.
-- 225/373 [60.3%], loss=0.2008, dgw=0.2008, reg=0.0000, time=78.32s.
-- 250/373 [67.0%], loss=0.1994, dgw=0.1994, reg=0.0000, time=62.47s.
-- 275/373 [73.7%], loss=0.1978, dgw=0.1978, reg=0.0000, time=62.71s.
-- 300/373 [80.4%], loss=0.1930, dgw=0.1930, reg=0.0000, time=84.64s.
-- 325/373 [87.1%], loss=0.1946, dgw=0.1946, reg=0.0000, time=68.66s.
-- 350/373 [93.8%], loss=0.1911, dgw=0.1911, reg=0.0000, time=65.30s.
-- 373/373 [100.0%], loss=0.1883, dgw=0.1883, reg=0.0000, time=41.14s.
fit: Epoch 2/15, loss = 0.2032, best loss = 0.2032
results/tumblr_ct1_Jin_Multi_usl_tsne_fit_2.pdf
-- 25/373 [6.7%], loss=0.1892, dgw=0.1892, reg=0.0000, time=55.89s.
-- 50/373 [13.4%], loss=0.1866, dgw=0.1866, reg=0.0000, time=62.44s.
-- 75/373 [20.1%], loss=0.1857, dgw=0.1857, reg=0.0000, time=64.25s.
-- 100/373 [26.8%], loss=0.1858, dgw=0.1858, reg=0.0000, time=70.42s.
-- 125/373 [33.5%], loss=0.1824, dgw=0.1824, reg=0.0000, time=62.93s.
-- 150/373 [40.2%], loss=0.1796, dgw=0.1796, reg=0.0000, time=67.65s.
-- 175/373 [46.9%], loss=0.1792, dgw=0.1792, reg=0.0000, time=80.15s.
-- 200/373 [53.6%], loss=0.1790, dgw=0.1790, reg=0.0000, time=99.75s.
-- 225/373 [60.3%], loss=0.1754, dgw=0.1754, reg=0.0000, time=85.66s.
-- 250/373 [67.0%], loss=0.1727, dgw=0.1727, reg=0.0000, time=78.07s.
-- 275/373 [73.7%], loss=0.1762, dgw=0.1762, reg=0.0000, time=71.72s.
-- 300/373 [80.4%], loss=0.1712, dgw=0.1712, reg=0.0000, time=65.14s.
-- 325/373 [87.1%], loss=0.1732, dgw=0.1732, reg=0.0000, time=61.27s.
-- 350/373 [93.8%], loss=0.1690, dgw=0.1690, reg=0.0000, time=72.21s.
-- 373/373 [100.0%], loss=0.1694, dgw=0.1694, reg=0.0000, time=83.39s.
fit: Epoch 3/15, loss = 0.1783, best loss = 0.1783
results/tumblr_ct1_Jin_Multi_usl_tsne_fit_3.pdf
-- 25/373 [6.7%], loss=0.1657, dgw=0.1657, reg=0.0000, time=80.15s.
-- 50/373 [13.4%], loss=0.1645, dgw=0.1645, reg=0.0000, time=60.54s.
-- 75/373 [20.1%], loss=0.1623, dgw=0.1623, reg=0.0000, time=69.26s.
-- 100/373 [26.8%], loss=0.1604, dgw=0.1604, reg=0.0000, time=72.44s.
-- 125/373 [33.5%], loss=0.1629, dgw=0.1629, reg=0.0000, time=70.70s.
-- 150/373 [40.2%], loss=0.1583, dgw=0.1583, reg=0.0000, time=61.60s.
-- 175/373 [46.9%], loss=0.1600, dgw=0.1600, reg=0.0000, time=86.23s.
-- 200/373 [53.6%], loss=0.1546, dgw=0.1546, reg=0.0000, time=79.11s.
-- 225/373 [60.3%], loss=0.1558, dgw=0.1558, reg=0.0000, time=76.23s.
-- 250/373 [67.0%], loss=0.1551, dgw=0.1551, reg=0.0000, time=56.90s.
-- 275/373 [73.7%], loss=0.1550, dgw=0.1550, reg=0.0000, time=58.50s.
-- 300/373 [80.4%], loss=0.1535, dgw=0.1535, reg=0.0000, time=67.44s.
-- 325/373 [87.1%], loss=0.1515, dgw=0.1515, reg=0.0000, time=60.30s.
-- 350/373 [93.8%], loss=0.1496, dgw=0.1496, reg=0.0000, time=69.19s.
-- 373/373 [100.0%], loss=0.1486, dgw=0.1486, reg=0.0000, time=98.47s.
fit: Epoch 4/15, loss = 0.1572, best loss = 0.1572
results/tumblr_ct1_Jin_Multi_usl_tsne_fit_4.pdf
-- 25/373 [6.7%], loss=0.1477, dgw=0.1477, reg=0.0000, time=63.39s.
-- 50/373 [13.4%], loss=0.1473, dgw=0.1473, reg=0.0000, time=61.41s.
-- 75/373 [20.1%], loss=0.1444, dgw=0.1444, reg=0.0000, time=76.14s.
-- 100/373 [26.8%], loss=0.1452, dgw=0.1452, reg=0.0000, time=83.64s.
-- 125/373 [33.5%], loss=0.1412, dgw=0.1412, reg=0.0000, time=66.66s.
-- 150/373 [40.2%], loss=0.1428, dgw=0.1428, reg=0.0000, time=88.56s.
-- 175/373 [46.9%], loss=0.1418, dgw=0.1418, reg=0.0000, time=90.09s.
-- 200/373 [53.6%], loss=0.1398, dgw=0.1398, reg=0.0000, time=41.39s.
-- 225/373 [60.3%], loss=0.1359, dgw=0.1359, reg=0.0000, time=53.23s.
-- 250/373 [67.0%], loss=0.1371, dgw=0.1371, reg=0.0000, time=65.74s.
-- 275/373 [73.7%], loss=0.1359, dgw=0.1359, reg=0.0000, time=65.55s.
-- 300/373 [80.4%], loss=0.1364, dgw=0.1364, reg=0.0000, time=57.67s.
-- 325/373 [87.1%], loss=0.1336, dgw=0.1336, reg=0.0000, time=72.44s.
-- 350/373 [93.8%], loss=0.1413, dgw=0.1413, reg=0.0000, time=65.95s.
-- 373/373 [100.0%], loss=0.1331, dgw=0.1331, reg=0.0000, time=49.87s.
fit: Epoch 5/15, loss = 0.1403, best loss = 0.1403
results/tumblr_ct1_Jin_Multi_usl_tsne_fit_5.pdf
-- 25/373 [6.7%], loss=0.1288, dgw=0.1288, reg=0.0000, time=79.18s.
-- 50/373 [13.4%], loss=0.1378, dgw=0.1378, reg=0.0000, time=64.97s.
-- 75/373 [20.1%], loss=0.1347, dgw=0.1347, reg=0.0000, time=71.47s.
-- 100/373 [26.8%], loss=0.1322, dgw=0.1322, reg=0.0000, time=82.76s.
-- 125/373 [33.5%], loss=0.1279, dgw=0.1279, reg=0.0000, time=56.49s.
-- 150/373 [40.2%], loss=0.1267, dgw=0.1267, reg=0.0000, time=69.54s.
-- 175/373 [46.9%], loss=0.1261, dgw=0.1261, reg=0.0000, time=73.86s.
-- 200/373 [53.6%], loss=0.1243, dgw=0.1243, reg=0.0000, time=66.48s.
-- 225/373 [60.3%], loss=0.1252, dgw=0.1252, reg=0.0000, time=68.73s.
-- 250/373 [67.0%], loss=0.1189, dgw=0.1189, reg=0.0000, time=58.85s.
-- 275/373 [73.7%], loss=0.1286, dgw=0.1286, reg=0.0000, time=34.20s.
-- 300/373 [80.4%], loss=0.1260, dgw=0.1260, reg=0.0000, time=75.22s.
-- 325/373 [87.1%], loss=0.1231, dgw=0.1231, reg=0.0000, time=63.78s.
-- 350/373 [93.8%], loss=0.1295, dgw=0.1295, reg=0.0000, time=70.33s.
-- 373/373 [100.0%], loss=0.1215, dgw=0.1215, reg=0.0000, time=79.29s.
fit: Epoch 6/15, loss = 0.1274, best loss = 0.1274
results/tumblr_ct1_Jin_Multi_usl_tsne_fit_6.pdf
-- 25/373 [6.7%], loss=0.1260, dgw=0.1260, reg=0.0000, time=40.48s.
-- 50/373 [13.4%], loss=0.1190, dgw=0.1190, reg=0.0000, time=58.05s.
-- 75/373 [20.1%], loss=0.1222, dgw=0.1222, reg=0.0000, time=56.03s.
-- 100/373 [26.8%], loss=0.1137, dgw=0.1137, reg=0.0000, time=33.09s.
-- 125/373 [33.5%], loss=0.1158, dgw=0.1158, reg=0.0000, time=56.75s.
-- 150/373 [40.2%], loss=0.1125, dgw=0.1125, reg=0.0000, time=56.12s.
-- 175/373 [46.9%], loss=0.1141, dgw=0.1141, reg=0.0000, time=61.90s.
-- 200/373 [53.6%], loss=0.1082, dgw=0.1082, reg=0.0000, time=44.04s.
-- 225/373 [60.3%], loss=0.1084, dgw=0.1084, reg=0.0000, time=69.58s.
-- 250/373 [67.0%], loss=0.1087, dgw=0.1087, reg=0.0000, time=80.75s.
-- 275/373 [73.7%], loss=0.1122, dgw=0.1122, reg=0.0000, time=62.29s.
-- 300/373 [80.4%], loss=0.1049, dgw=0.1049, reg=0.0000, time=76.35s.
-- 325/373 [87.1%], loss=0.1060, dgw=0.1060, reg=0.0000, time=42.58s.
-- 350/373 [93.8%], loss=0.1062, dgw=0.1062, reg=0.0000, time=60.15s.
-- 373/373 [100.0%], loss=0.1056, dgw=0.1056, reg=0.0000, time=72.54s.
fit: Epoch 7/15, loss = 0.1123, best loss = 0.1123
results/tumblr_ct1_Jin_Multi_usl_tsne_fit_7.pdf
-- 25/373 [6.7%], loss=0.1044, dgw=0.1044, reg=0.0000, time=53.13s.
-- 50/373 [13.4%], loss=0.1075, dgw=0.1075, reg=0.0000, time=47.52s.
-- 75/373 [20.1%], loss=0.1033, dgw=0.1033, reg=0.0000, time=71.54s.
-- 100/373 [26.8%], loss=0.0983, dgw=0.0983, reg=0.0000, time=70.49s.
-- 125/373 [33.5%], loss=0.1016, dgw=0.1016, reg=0.0000, time=60.33s.
-- 150/373 [40.2%], loss=0.0980, dgw=0.0980, reg=0.0000, time=84.78s.
-- 175/373 [46.9%], loss=0.1026, dgw=0.1026, reg=0.0000, time=55.32s.
-- 200/373 [53.6%], loss=0.0988, dgw=0.0988, reg=0.0000, time=77.36s.
-- 225/373 [60.3%], loss=0.0964, dgw=0.0964, reg=0.0000, time=63.27s.
-- 250/373 [67.0%], loss=0.0986, dgw=0.0986, reg=0.0000, time=60.25s.
-- 275/373 [73.7%], loss=0.0982, dgw=0.0982, reg=0.0000, time=64.63s.
-- 300/373 [80.4%], loss=0.0960, dgw=0.0960, reg=0.0000, time=54.02s.
-- 325/373 [87.1%], loss=0.0973, dgw=0.0973, reg=0.0000, time=50.20s.
-- 350/373 [93.8%], loss=0.1009, dgw=0.1009, reg=0.0000, time=54.56s.
-- 373/373 [100.0%], loss=0.0938, dgw=0.0938, reg=0.0000, time=57.95s.
fit: Epoch 8/15, loss = 0.0997, best loss = 0.0997
results/tumblr_ct1_Jin_Multi_usl_tsne_fit_8.pdf
-- 25/373 [6.7%], loss=0.0946, dgw=0.0946, reg=0.0000, time=43.52s.
-- 50/373 [13.4%], loss=0.0930, dgw=0.0930, reg=0.0000, time=40.12s.
-- 75/373 [20.1%], loss=0.0911, dgw=0.0911, reg=0.0000, time=63.73s.
-- 100/373 [26.8%], loss=0.0916, dgw=0.0916, reg=0.0000, time=60.26s.
-- 125/373 [33.5%], loss=0.0927, dgw=0.0927, reg=0.0000, time=52.05s.
-- 150/373 [40.2%], loss=0.0893, dgw=0.0893, reg=0.0000, time=46.59s.
-- 175/373 [46.9%], loss=0.0890, dgw=0.0890, reg=0.0000, time=42.24s.
-- 200/373 [53.6%], loss=0.0927, dgw=0.0927, reg=0.0000, time=80.53s.
-- 225/373 [60.3%], loss=0.0903, dgw=0.0903, reg=0.0000, time=49.58s.
-- 250/373 [67.0%], loss=0.0925, dgw=0.0925, reg=0.0000, time=60.39s.
-- 275/373 [73.7%], loss=0.0909, dgw=0.0909, reg=0.0000, time=52.97s.
-- 300/373 [80.4%], loss=0.0932, dgw=0.0932, reg=0.0000, time=42.33s.
-- 325/373 [87.1%], loss=0.0877, dgw=0.0877, reg=0.0000, time=49.79s.
-- 350/373 [93.8%], loss=0.0852, dgw=0.0852, reg=0.0000, time=57.43s.
-- 373/373 [100.0%], loss=0.0873, dgw=0.0873, reg=0.0000, time=47.63s.
fit: Epoch 9/15, loss = 0.0908, best loss = 0.0908
results/tumblr_ct1_Jin_Multi_usl_tsne_fit_9.pdf
-- 25/373 [6.7%], loss=0.0837, dgw=0.0837, reg=0.0000, time=54.35s.
-- 50/373 [13.4%], loss=0.0861, dgw=0.0861, reg=0.0000, time=42.52s.
-- 75/373 [20.1%], loss=0.0858, dgw=0.0858, reg=0.0000, time=44.77s.
-- 100/373 [26.8%], loss=0.0840, dgw=0.0840, reg=0.0000, time=52.42s.
-- 125/373 [33.5%], loss=0.0847, dgw=0.0847, reg=0.0000, time=49.62s.
-- 150/373 [40.2%], loss=0.0842, dgw=0.0842, reg=0.0000, time=57.44s.
-- 175/373 [46.9%], loss=0.0899, dgw=0.0899, reg=0.0000, time=56.49s.
-- 200/373 [53.6%], loss=0.0839, dgw=0.0839, reg=0.0000, time=43.23s.
-- 225/373 [60.3%], loss=0.0823, dgw=0.0823, reg=0.0000, time=43.42s.
-- 250/373 [67.0%], loss=0.0799, dgw=0.0799, reg=0.0000, time=33.03s.
-- 275/373 [73.7%], loss=0.0819, dgw=0.0819, reg=0.0000, time=44.40s.
-- 300/373 [80.4%], loss=0.0807, dgw=0.0807, reg=0.0000, time=45.17s.
-- 325/373 [87.1%], loss=0.0783, dgw=0.0783, reg=0.0000, time=40.49s.
-- 350/373 [93.8%], loss=0.0814, dgw=0.0814, reg=0.0000, time=30.73s.
-- 373/373 [100.0%], loss=0.0821, dgw=0.0821, reg=0.0000, time=34.45s.
fit: Epoch 10/15, loss = 0.0833, best loss = 0.0833
results/tumblr_ct1_Jin_Multi_usl_tsne_fit_10.pdf
-- 25/373 [6.7%], loss=0.0793, dgw=0.0793, reg=0.0000, time=45.65s.
-- 50/373 [13.4%], loss=0.0788, dgw=0.0788, reg=0.0000, time=46.54s.
-- 75/373 [20.1%], loss=0.0780, dgw=0.0780, reg=0.0000, time=51.70s.
-- 100/373 [26.8%], loss=0.0797, dgw=0.0797, reg=0.0000, time=57.97s.
-- 125/373 [33.5%], loss=0.0812, dgw=0.0812, reg=0.0000, time=67.89s.
-- 150/373 [40.2%], loss=0.0774, dgw=0.0774, reg=0.0000, time=57.98s.
-- 175/373 [46.9%], loss=0.0773, dgw=0.0773, reg=0.0000, time=61.88s.
-- 200/373 [53.6%], loss=0.0744, dgw=0.0744, reg=0.0000, time=53.01s.
-- 225/373 [60.3%], loss=0.0726, dgw=0.0726, reg=0.0000, time=49.61s.
-- 250/373 [67.0%], loss=0.0769, dgw=0.0769, reg=0.0000, time=57.72s.
-- 275/373 [73.7%], loss=0.0775, dgw=0.0775, reg=0.0000, time=63.43s.
-- 300/373 [80.4%], loss=0.0749, dgw=0.0749, reg=0.0000, time=65.94s.
-- 325/373 [87.1%], loss=0.0734, dgw=0.0734, reg=0.0000, time=46.84s.
-- 350/373 [93.8%], loss=0.0754, dgw=0.0754, reg=0.0000, time=35.13s.
-- 373/373 [100.0%], loss=0.0724, dgw=0.0724, reg=0.0000, time=36.75s.
fit: Epoch 11/15, loss = 0.0766, best loss = 0.0766
results/tumblr_ct1_Jin_Multi_usl_tsne_fit_11.pdf
-- 25/373 [6.7%], loss=0.0751, dgw=0.0751, reg=0.0000, time=48.02s.
-- 50/373 [13.4%], loss=0.0769, dgw=0.0769, reg=0.0000, time=44.98s.
-- 75/373 [20.1%], loss=0.0727, dgw=0.0727, reg=0.0000, time=48.34s.
-- 100/373 [26.8%], loss=0.0681, dgw=0.0681, reg=0.0000, time=47.57s.
-- 125/373 [33.5%], loss=0.0747, dgw=0.0747, reg=0.0000, time=61.25s.
-- 150/373 [40.2%], loss=0.0704, dgw=0.0704, reg=0.0000, time=43.94s.
-- 175/373 [46.9%], loss=0.0695, dgw=0.0695, reg=0.0000, time=47.23s.
-- 200/373 [53.6%], loss=0.0693, dgw=0.0693, reg=0.0000, time=56.57s.
-- 225/373 [60.3%], loss=0.0730, dgw=0.0730, reg=0.0000, time=52.96s.
-- 250/373 [67.0%], loss=0.0688, dgw=0.0688, reg=0.0000, time=54.21s.
-- 275/373 [73.7%], loss=0.0679, dgw=0.0679, reg=0.0000, time=54.58s.
-- 300/373 [80.4%], loss=0.0679, dgw=0.0679, reg=0.0000, time=54.25s.
-- 325/373 [87.1%], loss=0.0698, dgw=0.0698, reg=0.0000, time=56.76s.
-- 350/373 [93.8%], loss=0.0694, dgw=0.0694, reg=0.0000, time=47.82s.
-- 373/373 [100.0%], loss=0.0695, dgw=0.0695, reg=0.0000, time=44.23s.
fit: Epoch 12/15, loss = 0.0709, best loss = 0.0709
results/tumblr_ct1_Jin_Multi_usl_tsne_fit_12.pdf
-- 25/373 [6.7%], loss=0.0701, dgw=0.0701, reg=0.0000, time=34.58s.
-- 50/373 [13.4%], loss=0.0703, dgw=0.0703, reg=0.0000, time=40.98s.
-- 75/373 [20.1%], loss=0.0684, dgw=0.0684, reg=0.0000, time=40.77s.
-- 100/373 [26.8%], loss=0.0650, dgw=0.0650, reg=0.0000, time=41.34s.
-- 125/373 [33.5%], loss=0.0663, dgw=0.0663, reg=0.0000, time=45.98s.
-- 150/373 [40.2%], loss=0.0653, dgw=0.0653, reg=0.0000, time=45.31s.
-- 175/373 [46.9%], loss=0.0647, dgw=0.0647, reg=0.0000, time=43.08s.
-- 200/373 [53.6%], loss=0.0667, dgw=0.0667, reg=0.0000, time=45.37s.
-- 225/373 [60.3%], loss=0.0660, dgw=0.0660, reg=0.0000, time=40.52s.
-- 250/373 [67.0%], loss=0.0646, dgw=0.0646, reg=0.0000, time=42.47s.
-- 275/373 [73.7%], loss=0.0659, dgw=0.0659, reg=0.0000, time=40.17s.
-- 300/373 [80.4%], loss=0.0640, dgw=0.0640, reg=0.0000, time=51.69s.
-- 325/373 [87.1%], loss=0.0621, dgw=0.0621, reg=0.0000, time=40.05s.
-- 350/373 [93.8%], loss=0.0662, dgw=0.0662, reg=0.0000, time=46.98s.
-- 373/373 [100.0%], loss=0.0667, dgw=0.0667, reg=0.0000, time=39.09s.
fit: Epoch 13/15, loss = 0.0661, best loss = 0.0661
results/tumblr_ct1_Jin_Multi_usl_tsne_fit_13.pdf
-- 25/373 [6.7%], loss=0.0648, dgw=0.0648, reg=0.0000, time=45.48s.
-- 50/373 [13.4%], loss=0.0669, dgw=0.0669, reg=0.0000, time=34.87s.
-- 75/373 [20.1%], loss=0.0628, dgw=0.0628, reg=0.0000, time=54.57s.
-- 100/373 [26.8%], loss=0.0610, dgw=0.0610, reg=0.0000, time=38.31s.
-- 125/373 [33.5%], loss=0.0636, dgw=0.0636, reg=0.0000, time=36.11s.
-- 150/373 [40.2%], loss=0.0619, dgw=0.0619, reg=0.0000, time=38.28s.
-- 175/373 [46.9%], loss=0.0608, dgw=0.0608, reg=0.0000, time=52.42s.
-- 200/373 [53.6%], loss=0.0600, dgw=0.0600, reg=0.0000, time=49.91s.
-- 225/373 [60.3%], loss=0.0609, dgw=0.0609, reg=0.0000, time=58.59s.
-- 250/373 [67.0%], loss=0.0641, dgw=0.0641, reg=0.0000, time=53.24s.
-- 275/373 [73.7%], loss=0.0614, dgw=0.0614, reg=0.0000, time=31.70s.
-- 300/373 [80.4%], loss=0.0646, dgw=0.0646, reg=0.0000, time=31.32s.
-- 325/373 [87.1%], loss=0.0590, dgw=0.0590, reg=0.0000, time=31.37s.
-- 350/373 [93.8%], loss=0.0623, dgw=0.0623, reg=0.0000, time=48.58s.
-- 373/373 [100.0%], loss=0.0569, dgw=0.0569, reg=0.0000, time=32.56s.
fit: Epoch 14/15, loss = 0.0621, best loss = 0.0621
results/tumblr_ct1_Jin_Multi_usl_tsne_fit_14.pdf
-- 25/373 [6.7%], loss=0.0611, dgw=0.0611, reg=0.0000, time=41.35s.
-- 50/373 [13.4%], loss=0.0594, dgw=0.0594, reg=0.0000, time=39.57s.
-- 75/373 [20.1%], loss=0.0602, dgw=0.0602, reg=0.0000, time=39.05s.
-- 100/373 [26.8%], loss=0.0568, dgw=0.0568, reg=0.0000, time=60.61s.
-- 125/373 [33.5%], loss=0.0594, dgw=0.0594, reg=0.0000, time=38.62s.
-- 150/373 [40.2%], loss=0.0597, dgw=0.0597, reg=0.0000, time=46.22s.
-- 175/373 [46.9%], loss=0.0566, dgw=0.0566, reg=0.0000, time=29.60s.
-- 200/373 [53.6%], loss=0.0588, dgw=0.0588, reg=0.0000, time=35.79s.
-- 225/373 [60.3%], loss=0.0579, dgw=0.0579, reg=0.0000, time=53.84s.
-- 250/373 [67.0%], loss=0.0545, dgw=0.0545, reg=0.0000, time=56.77s.
-- 275/373 [73.7%], loss=0.0577, dgw=0.0577, reg=0.0000, time=37.72s.
-- 300/373 [80.4%], loss=0.0656, dgw=0.0656, reg=0.0000, time=36.46s.
-- 325/373 [87.1%], loss=0.0550, dgw=0.0550, reg=0.0000, time=43.28s.
-- 350/373 [93.8%], loss=0.0560, dgw=0.0560, reg=0.0000, time=49.02s.
-- 373/373 [100.0%], loss=0.0547, dgw=0.0547, reg=0.0000, time=47.11s.
fit: Epoch 15/15, loss = 0.0583, best loss = 0.0583
results/tumblr_ct1_Jin_Multi_usl_tsne_fit_15.pdf
Best Acc  : 0.5040214477211796
Rand Score: 0.4986883450085041
Done!
