-- 25/373 [6.7%], loss=0.2473, dgw=0.2473, reg=0.0000, time=52.56s.
-- 50/373 [13.4%], loss=0.2418, dgw=0.2418, reg=0.0000, time=43.71s.
-- 75/373 [20.1%], loss=0.2435, dgw=0.2435, reg=0.0000, time=46.27s.
-- 100/373 [26.8%], loss=0.2406, dgw=0.2406, reg=0.0000, time=59.77s.
-- 125/373 [33.5%], loss=0.2382, dgw=0.2382, reg=0.0000, time=51.03s.
-- 150/373 [40.2%], loss=0.2401, dgw=0.2401, reg=0.0000, time=56.28s.
-- 175/373 [46.9%], loss=0.2358, dgw=0.2358, reg=0.0000, time=51.65s.
-- 200/373 [53.6%], loss=0.2327, dgw=0.2327, reg=0.0000, time=68.89s.
-- 225/373 [60.3%], loss=0.2338, dgw=0.2338, reg=0.0000, time=66.45s.
-- 250/373 [67.0%], loss=0.2298, dgw=0.2298, reg=0.0000, time=60.47s.
-- 275/373 [73.7%], loss=0.2259, dgw=0.2259, reg=0.0000, time=43.22s.
-- 300/373 [80.4%], loss=0.2262, dgw=0.2262, reg=0.0000, time=80.67s.
-- 325/373 [87.1%], loss=0.2222, dgw=0.2222, reg=0.0000, time=49.63s.
-- 350/373 [93.8%], loss=0.2188, dgw=0.2188, reg=0.0000, time=62.95s.
-- 373/373 [100.0%], loss=0.2198, dgw=0.2198, reg=0.0000, time=54.59s.
fit: Epoch 1/15, loss = 0.2332, best loss = 0.2332
results/tumblr_ct1_Jin_Multi_usl_tsne_fit_1.pdf
-- 25/373 [6.7%], loss=0.2185, dgw=0.2185, reg=0.0000, time=42.61s.
-- 50/373 [13.4%], loss=0.2348, dgw=0.2348, reg=0.0000, time=55.43s.
-- 75/373 [20.1%], loss=0.2298, dgw=0.2298, reg=0.0000, time=53.60s.
-- 100/373 [26.8%], loss=0.2508, dgw=0.2508, reg=0.0000, time=68.76s.
-- 125/373 [33.5%], loss=0.2445, dgw=0.2445, reg=0.0000, time=59.56s.
-- 150/373 [40.2%], loss=0.2265, dgw=0.2265, reg=0.0000, time=60.75s.
-- 175/373 [46.9%], loss=0.2401, dgw=0.2401, reg=0.0000, time=64.36s.
-- 200/373 [53.6%], loss=0.2187, dgw=0.2187, reg=0.0000, time=39.35s.
-- 225/373 [60.3%], loss=0.2030, dgw=0.2030, reg=0.0000, time=63.00s.
-- 250/373 [67.0%], loss=0.2121, dgw=0.2121, reg=0.0000, time=44.09s.
-- 275/373 [73.7%], loss=0.2064, dgw=0.2064, reg=0.0000, time=57.77s.
-- 300/373 [80.4%], loss=0.1989, dgw=0.1989, reg=0.0000, time=54.91s.
-- 325/373 [87.1%], loss=0.2043, dgw=0.2043, reg=0.0000, time=59.08s.
-- 350/373 [93.8%], loss=0.1981, dgw=0.1981, reg=0.0000, time=54.04s.
-- 373/373 [100.0%], loss=0.2055, dgw=0.2055, reg=0.0000, time=64.09s.
fit: Epoch 2/15, loss = 0.2195, best loss = 0.2195
results/tumblr_ct1_Jin_Multi_usl_tsne_fit_2.pdf
-- 25/373 [6.7%], loss=0.1910, dgw=0.1910, reg=0.0000, time=41.19s.
-- 50/373 [13.4%], loss=0.1897, dgw=0.1897, reg=0.0000, time=56.76s.
-- 75/373 [20.1%], loss=0.1859, dgw=0.1859, reg=0.0000, time=67.29s.
-- 100/373 [26.8%], loss=0.1827, dgw=0.1827, reg=0.0000, time=55.99s.
-- 125/373 [33.5%], loss=0.1843, dgw=0.1843, reg=0.0000, time=51.99s.
-- 150/373 [40.2%], loss=0.1833, dgw=0.1833, reg=0.0000, time=55.69s.
-- 175/373 [46.9%], loss=0.1795, dgw=0.1795, reg=0.0000, time=56.00s.
-- 200/373 [53.6%], loss=0.1777, dgw=0.1777, reg=0.0000, time=70.86s.
-- 225/373 [60.3%], loss=0.1787, dgw=0.1787, reg=0.0000, time=66.23s.
-- 250/373 [67.0%], loss=0.1755, dgw=0.1755, reg=0.0000, time=68.65s.
-- 275/373 [73.7%], loss=0.1731, dgw=0.1731, reg=0.0000, time=73.51s.
-- 300/373 [80.4%], loss=0.1741, dgw=0.1741, reg=0.0000, time=47.96s.
-- 325/373 [87.1%], loss=0.1689, dgw=0.1689, reg=0.0000, time=57.67s.
-- 350/373 [93.8%], loss=0.1676, dgw=0.1676, reg=0.0000, time=70.20s.
-- 373/373 [100.0%], loss=0.1693, dgw=0.1693, reg=0.0000, time=38.42s.
fit: Epoch 3/15, loss = 0.1788, best loss = 0.1788
results/tumblr_ct1_Jin_Multi_usl_tsne_fit_3.pdf
-- 25/373 [6.7%], loss=0.1673, dgw=0.1673, reg=0.0000, time=41.90s.
-- 50/373 [13.4%], loss=0.1651, dgw=0.1651, reg=0.0000, time=56.33s.
-- 75/373 [20.1%], loss=0.1625, dgw=0.1625, reg=0.0000, time=49.06s.
-- 100/373 [26.8%], loss=0.1619, dgw=0.1619, reg=0.0000, time=65.38s.
-- 125/373 [33.5%], loss=0.1618, dgw=0.1618, reg=0.0000, time=70.09s.
-- 150/373 [40.2%], loss=0.1612, dgw=0.1612, reg=0.0000, time=60.37s.
-- 175/373 [46.9%], loss=0.1565, dgw=0.1565, reg=0.0000, time=67.26s.
-- 200/373 [53.6%], loss=0.1570, dgw=0.1570, reg=0.0000, time=74.89s.
-- 225/373 [60.3%], loss=0.1547, dgw=0.1547, reg=0.0000, time=67.01s.
-- 250/373 [67.0%], loss=0.1535, dgw=0.1535, reg=0.0000, time=59.15s.
-- 275/373 [73.7%], loss=0.1527, dgw=0.1527, reg=0.0000, time=68.95s.
-- 300/373 [80.4%], loss=0.1491, dgw=0.1491, reg=0.0000, time=46.94s.
-- 325/373 [87.1%], loss=0.1520, dgw=0.1520, reg=0.0000, time=64.79s.
-- 350/373 [93.8%], loss=0.1488, dgw=0.1488, reg=0.0000, time=58.87s.
-- 373/373 [100.0%], loss=0.1473, dgw=0.1473, reg=0.0000, time=52.98s.
fit: Epoch 4/15, loss = 0.1568, best loss = 0.1568
results/tumblr_ct1_Jin_Multi_usl_tsne_fit_4.pdf
-- 25/373 [6.7%], loss=0.1477, dgw=0.1477, reg=0.0000, time=49.23s.
-- 50/373 [13.4%], loss=0.1454, dgw=0.1454, reg=0.0000, time=49.37s.
-- 75/373 [20.1%], loss=0.1421, dgw=0.1421, reg=0.0000, time=66.94s.
-- 100/373 [26.8%], loss=0.1401, dgw=0.1401, reg=0.0000, time=62.11s.
-- 125/373 [33.5%], loss=0.1429, dgw=0.1429, reg=0.0000, time=68.44s.
-- 150/373 [40.2%], loss=0.1424, dgw=0.1424, reg=0.0000, time=66.18s.
-- 175/373 [46.9%], loss=0.1396, dgw=0.1396, reg=0.0000, time=59.14s.
-- 200/373 [53.6%], loss=0.1382, dgw=0.1382, reg=0.0000, time=66.35s.
-- 225/373 [60.3%], loss=0.1377, dgw=0.1377, reg=0.0000, time=64.95s.
-- 250/373 [67.0%], loss=0.1327, dgw=0.1327, reg=0.0000, time=60.98s.
-- 275/373 [73.7%], loss=0.1358, dgw=0.1358, reg=0.0000, time=51.57s.
-- 300/373 [80.4%], loss=0.1347, dgw=0.1347, reg=0.0000, time=55.83s.
-- 325/373 [87.1%], loss=0.1316, dgw=0.1316, reg=0.0000, time=82.45s.
-- 350/373 [93.8%], loss=0.1309, dgw=0.1309, reg=0.0000, time=51.73s.
-- 373/373 [100.0%], loss=0.1328, dgw=0.1328, reg=0.0000, time=68.89s.
fit: Epoch 5/15, loss = 0.1383, best loss = 0.1383
results/tumblr_ct1_Jin_Multi_usl_tsne_fit_5.pdf
-- 25/373 [6.7%], loss=0.1313, dgw=0.1313, reg=0.0000, time=61.69s.
-- 50/373 [13.4%], loss=0.1289, dgw=0.1289, reg=0.0000, time=67.84s.
-- 75/373 [20.1%], loss=0.1293, dgw=0.1293, reg=0.0000, time=56.06s.
-- 100/373 [26.8%], loss=0.1230, dgw=0.1230, reg=0.0000, time=58.97s.
-- 125/373 [33.5%], loss=0.1279, dgw=0.1279, reg=0.0000, time=53.77s.
-- 150/373 [40.2%], loss=0.1230, dgw=0.1230, reg=0.0000, time=50.67s.
-- 175/373 [46.9%], loss=0.1235, dgw=0.1235, reg=0.0000, time=58.14s.
-- 200/373 [53.6%], loss=0.1248, dgw=0.1248, reg=0.0000, time=53.17s.
-- 225/373 [60.3%], loss=0.1207, dgw=0.1207, reg=0.0000, time=50.23s.
-- 250/373 [67.0%], loss=0.1215, dgw=0.1215, reg=0.0000, time=49.51s.
-- 275/373 [73.7%], loss=0.1210, dgw=0.1210, reg=0.0000, time=46.04s.
-- 300/373 [80.4%], loss=0.1204, dgw=0.1204, reg=0.0000, time=72.37s.
-- 325/373 [87.1%], loss=0.1171, dgw=0.1171, reg=0.0000, time=84.81s.
-- 350/373 [93.8%], loss=0.1160, dgw=0.1160, reg=0.0000, time=67.23s.
-- 373/373 [100.0%], loss=0.1149, dgw=0.1149, reg=0.0000, time=57.63s.
fit: Epoch 6/15, loss = 0.1229, best loss = 0.1229
results/tumblr_ct1_Jin_Multi_usl_tsne_fit_6.pdf
-- 25/373 [6.7%], loss=0.1137, dgw=0.1137, reg=0.0000, time=47.63s.
-- 50/373 [13.4%], loss=0.1152, dgw=0.1152, reg=0.0000, time=56.45s.
-- 75/373 [20.1%], loss=0.1131, dgw=0.1131, reg=0.0000, time=60.21s.
-- 100/373 [26.8%], loss=0.1125, dgw=0.1125, reg=0.0000, time=71.47s.
-- 125/373 [33.5%], loss=0.1114, dgw=0.1114, reg=0.0000, time=68.13s.
-- 150/373 [40.2%], loss=0.1105, dgw=0.1105, reg=0.0000, time=65.82s.
-- 175/373 [46.9%], loss=0.1091, dgw=0.1091, reg=0.0000, time=48.52s.
-- 200/373 [53.6%], loss=0.1117, dgw=0.1117, reg=0.0000, time=42.20s.
-- 225/373 [60.3%], loss=0.1075, dgw=0.1075, reg=0.0000, time=70.97s.
-- 250/373 [67.0%], loss=0.1088, dgw=0.1088, reg=0.0000, time=58.02s.
-- 275/373 [73.7%], loss=0.1070, dgw=0.1070, reg=0.0000, time=55.26s.
-- 300/373 [80.4%], loss=0.1092, dgw=0.1092, reg=0.0000, time=61.70s.
-- 325/373 [87.1%], loss=0.1087, dgw=0.1087, reg=0.0000, time=67.91s.
-- 350/373 [93.8%], loss=0.1090, dgw=0.1090, reg=0.0000, time=69.18s.
-- 373/373 [100.0%], loss=0.1055, dgw=0.1055, reg=0.0000, time=67.22s.
fit: Epoch 7/15, loss = 0.1102, best loss = 0.1102
results/tumblr_ct1_Jin_Multi_usl_tsne_fit_7.pdf
-- 25/373 [6.7%], loss=0.1061, dgw=0.1061, reg=0.0000, time=26.60s.
-- 50/373 [13.4%], loss=0.0990, dgw=0.0990, reg=0.0000, time=60.87s.
-- 75/373 [20.1%], loss=0.1016, dgw=0.1016, reg=0.0000, time=65.25s.
-- 100/373 [26.8%], loss=0.1041, dgw=0.1041, reg=0.0000, time=61.75s.
-- 125/373 [33.5%], loss=0.1047, dgw=0.1047, reg=0.0000, time=43.49s.
-- 150/373 [40.2%], loss=0.1015, dgw=0.1015, reg=0.0000, time=49.42s.
-- 175/373 [46.9%], loss=0.1002, dgw=0.1002, reg=0.0000, time=42.48s.
-- 200/373 [53.6%], loss=0.0996, dgw=0.0996, reg=0.0000, time=45.85s.
-- 225/373 [60.3%], loss=0.1014, dgw=0.1014, reg=0.0000, time=41.27s.
-- 250/373 [67.0%], loss=0.0977, dgw=0.0977, reg=0.0000, time=46.00s.
-- 275/373 [73.7%], loss=0.0987, dgw=0.0987, reg=0.0000, time=49.62s.
-- 300/373 [80.4%], loss=0.0972, dgw=0.0972, reg=0.0000, time=20.62s.
-- 325/373 [87.1%], loss=0.0954, dgw=0.0954, reg=0.0000, time=46.24s.
-- 350/373 [93.8%], loss=0.0964, dgw=0.0964, reg=0.0000, time=63.24s.
-- 373/373 [100.0%], loss=0.0934, dgw=0.0934, reg=0.0000, time=57.92s.
fit: Epoch 8/15, loss = 0.0998, best loss = 0.0998
results/tumblr_ct1_Jin_Multi_usl_tsne_fit_8.pdf
-- 25/373 [6.7%], loss=0.0963, dgw=0.0963, reg=0.0000, time=51.04s.
-- 50/373 [13.4%], loss=0.0931, dgw=0.0931, reg=0.0000, time=45.33s.
-- 75/373 [20.1%], loss=0.0946, dgw=0.0946, reg=0.0000, time=42.39s.
-- 100/373 [26.8%], loss=0.0980, dgw=0.0980, reg=0.0000, time=43.44s.
-- 125/373 [33.5%], loss=0.0907, dgw=0.0907, reg=0.0000, time=59.28s.
-- 150/373 [40.2%], loss=0.0908, dgw=0.0908, reg=0.0000, time=31.51s.
-- 175/373 [46.9%], loss=0.0905, dgw=0.0905, reg=0.0000, time=44.39s.
-- 200/373 [53.6%], loss=0.0873, dgw=0.0873, reg=0.0000, time=65.91s.
-- 225/373 [60.3%], loss=0.0939, dgw=0.0939, reg=0.0000, time=60.04s.
-- 250/373 [67.0%], loss=0.0894, dgw=0.0894, reg=0.0000, time=53.83s.
-- 275/373 [73.7%], loss=0.0900, dgw=0.0900, reg=0.0000, time=34.22s.
-- 300/373 [80.4%], loss=0.0887, dgw=0.0887, reg=0.0000, time=56.35s.
-- 325/373 [87.1%], loss=0.0902, dgw=0.0902, reg=0.0000, time=61.09s.
-- 350/373 [93.8%], loss=0.0862, dgw=0.0862, reg=0.0000, time=49.72s.
-- 373/373 [100.0%], loss=0.0896, dgw=0.0896, reg=0.0000, time=41.30s.
fit: Epoch 9/15, loss = 0.0913, best loss = 0.0913
results/tumblr_ct1_Jin_Multi_usl_tsne_fit_9.pdf
-- 25/373 [6.7%], loss=0.0842, dgw=0.0842, reg=0.0000, time=55.67s.
-- 50/373 [13.4%], loss=0.0860, dgw=0.0860, reg=0.0000, time=60.46s.
-- 75/373 [20.1%], loss=0.0865, dgw=0.0865, reg=0.0000, time=44.09s.
-- 100/373 [26.8%], loss=0.0843, dgw=0.0843, reg=0.0000, time=47.27s.
-- 125/373 [33.5%], loss=0.0849, dgw=0.0849, reg=0.0000, time=45.06s.
-- 150/373 [40.2%], loss=0.0869, dgw=0.0869, reg=0.0000, time=51.61s.
-- 175/373 [46.9%], loss=0.0810, dgw=0.0810, reg=0.0000, time=47.00s.
-- 200/373 [53.6%], loss=0.0794, dgw=0.0794, reg=0.0000, time=52.56s.
-- 225/373 [60.3%], loss=0.0846, dgw=0.0846, reg=0.0000, time=50.79s.
-- 250/373 [67.0%], loss=0.0840, dgw=0.0840, reg=0.0000, time=53.30s.
-- 275/373 [73.7%], loss=0.0832, dgw=0.0832, reg=0.0000, time=44.19s.
-- 300/373 [80.4%], loss=0.0837, dgw=0.0837, reg=0.0000, time=60.35s.
-- 325/373 [87.1%], loss=0.0785, dgw=0.0785, reg=0.0000, time=53.41s.
-- 350/373 [93.8%], loss=0.0817, dgw=0.0817, reg=0.0000, time=43.66s.
-- 373/373 [100.0%], loss=0.0798, dgw=0.0798, reg=0.0000, time=30.64s.
fit: Epoch 10/15, loss = 0.0833, best loss = 0.0833
results/tumblr_ct1_Jin_Multi_usl_tsne_fit_10.pdf
-- 25/373 [6.7%], loss=0.0799, dgw=0.0799, reg=0.0000, time=43.20s.
-- 50/373 [13.4%], loss=0.0811, dgw=0.0811, reg=0.0000, time=33.41s.
-- 75/373 [20.1%], loss=0.0754, dgw=0.0754, reg=0.0000, time=41.15s.
-- 100/373 [26.8%], loss=0.0778, dgw=0.0778, reg=0.0000, time=49.57s.
-- 125/373 [33.5%], loss=0.0772, dgw=0.0772, reg=0.0000, time=50.32s.
-- 150/373 [40.2%], loss=0.0794, dgw=0.0794, reg=0.0000, time=43.62s.
-- 175/373 [46.9%], loss=0.0754, dgw=0.0754, reg=0.0000, time=36.46s.
-- 200/373 [53.6%], loss=0.0811, dgw=0.0811, reg=0.0000, time=33.56s.
-- 225/373 [60.3%], loss=0.0746, dgw=0.0746, reg=0.0000, time=45.63s.
-- 250/373 [67.0%], loss=0.0754, dgw=0.0754, reg=0.0000, time=51.50s.
-- 275/373 [73.7%], loss=0.0744, dgw=0.0744, reg=0.0000, time=40.75s.
-- 300/373 [80.4%], loss=0.0758, dgw=0.0758, reg=0.0000, time=43.14s.
-- 325/373 [87.1%], loss=0.0751, dgw=0.0751, reg=0.0000, time=66.75s.
-- 350/373 [93.8%], loss=0.0761, dgw=0.0761, reg=0.0000, time=57.51s.
-- 373/373 [100.0%], loss=0.0728, dgw=0.0728, reg=0.0000, time=31.00s.
fit: Epoch 11/15, loss = 0.0768, best loss = 0.0768
results/tumblr_ct1_Jin_Multi_usl_tsne_fit_11.pdf
-- 25/373 [6.7%], loss=0.0720, dgw=0.0720, reg=0.0000, time=47.15s.
-- 50/373 [13.4%], loss=0.0801, dgw=0.0801, reg=0.0000, time=49.72s.
-- 75/373 [20.1%], loss=0.0715, dgw=0.0715, reg=0.0000, time=45.20s.
-- 100/373 [26.8%], loss=0.0735, dgw=0.0735, reg=0.0000, time=54.06s.
-- 125/373 [33.5%], loss=0.0723, dgw=0.0723, reg=0.0000, time=44.46s.
-- 150/373 [40.2%], loss=0.0682, dgw=0.0682, reg=0.0000, time=46.92s.
-- 175/373 [46.9%], loss=0.0736, dgw=0.0736, reg=0.0000, time=47.19s.
-- 200/373 [53.6%], loss=0.0744, dgw=0.0744, reg=0.0000, time=49.64s.
-- 225/373 [60.3%], loss=0.0692, dgw=0.0692, reg=0.0000, time=47.54s.
-- 250/373 [67.0%], loss=0.0729, dgw=0.0729, reg=0.0000, time=60.34s.
-- 275/373 [73.7%], loss=0.0712, dgw=0.0712, reg=0.0000, time=63.62s.
-- 300/373 [80.4%], loss=0.0701, dgw=0.0701, reg=0.0000, time=43.34s.
-- 325/373 [87.1%], loss=0.0739, dgw=0.0739, reg=0.0000, time=52.93s.
-- 350/373 [93.8%], loss=0.0693, dgw=0.0693, reg=0.0000, time=42.96s.
-- 373/373 [100.0%], loss=0.0656, dgw=0.0656, reg=0.0000, time=29.55s.
fit: Epoch 12/15, loss = 0.0719, best loss = 0.0719
results/tumblr_ct1_Jin_Multi_usl_tsne_fit_12.pdf
-- 25/373 [6.7%], loss=0.0687, dgw=0.0687, reg=0.0000, time=34.20s.
-- 50/373 [13.4%], loss=0.0739, dgw=0.0739, reg=0.0000, time=47.85s.
-- 75/373 [20.1%], loss=0.0657, dgw=0.0657, reg=0.0000, time=45.24s.
-- 100/373 [26.8%], loss=0.0696, dgw=0.0696, reg=0.0000, time=50.70s.
-- 125/373 [33.5%], loss=0.0683, dgw=0.0683, reg=0.0000, time=47.51s.
-- 150/373 [40.2%], loss=0.0671, dgw=0.0671, reg=0.0000, time=47.86s.
-- 175/373 [46.9%], loss=0.0683, dgw=0.0683, reg=0.0000, time=38.51s.
-- 200/373 [53.6%], loss=0.0667, dgw=0.0667, reg=0.0000, time=43.05s.
-- 225/373 [60.3%], loss=0.0667, dgw=0.0667, reg=0.0000, time=44.79s.
-- 250/373 [67.0%], loss=0.0614, dgw=0.0614, reg=0.0000, time=42.82s.
-- 275/373 [73.7%], loss=0.0638, dgw=0.0638, reg=0.0000, time=40.61s.
-- 300/373 [80.4%], loss=0.0643, dgw=0.0643, reg=0.0000, time=30.70s.
-- 325/373 [87.1%], loss=0.0654, dgw=0.0654, reg=0.0000, time=51.40s.
-- 350/373 [93.8%], loss=0.0629, dgw=0.0629, reg=0.0000, time=31.19s.
-- 373/373 [100.0%], loss=0.0645, dgw=0.0645, reg=0.0000, time=30.48s.
fit: Epoch 13/15, loss = 0.0665, best loss = 0.0665
results/tumblr_ct1_Jin_Multi_usl_tsne_fit_13.pdf
-- 25/373 [6.7%], loss=0.0646, dgw=0.0646, reg=0.0000, time=52.48s.
-- 50/373 [13.4%], loss=0.0636, dgw=0.0636, reg=0.0000, time=48.75s.
-- 75/373 [20.1%], loss=0.0606, dgw=0.0606, reg=0.0000, time=47.40s.
-- 100/373 [26.8%], loss=0.0642, dgw=0.0642, reg=0.0000, time=41.26s.
-- 125/373 [33.5%], loss=0.0630, dgw=0.0630, reg=0.0000, time=48.46s.
-- 150/373 [40.2%], loss=0.0594, dgw=0.0594, reg=0.0000, time=53.95s.
-- 175/373 [46.9%], loss=0.0652, dgw=0.0652, reg=0.0000, time=33.74s.
-- 200/373 [53.6%], loss=0.0604, dgw=0.0604, reg=0.0000, time=38.12s.
-- 225/373 [60.3%], loss=0.0631, dgw=0.0631, reg=0.0000, time=36.92s.
-- 250/373 [67.0%], loss=0.0633, dgw=0.0633, reg=0.0000, time=43.71s.
-- 275/373 [73.7%], loss=0.0607, dgw=0.0607, reg=0.0000, time=36.42s.
-- 300/373 [80.4%], loss=0.0614, dgw=0.0614, reg=0.0000, time=34.73s.
-- 325/373 [87.1%], loss=0.0568, dgw=0.0568, reg=0.0000, time=62.90s.
-- 350/373 [93.8%], loss=0.0603, dgw=0.0603, reg=0.0000, time=55.90s.
-- 373/373 [100.0%], loss=0.0597, dgw=0.0597, reg=0.0000, time=33.59s.
fit: Epoch 14/15, loss = 0.0618, best loss = 0.0618
results/tumblr_ct1_Jin_Multi_usl_tsne_fit_14.pdf
-- 25/373 [6.7%], loss=0.0579, dgw=0.0579, reg=0.0000, time=39.05s.
-- 50/373 [13.4%], loss=0.0601, dgw=0.0601, reg=0.0000, time=39.76s.
-- 75/373 [20.1%], loss=0.0624, dgw=0.0624, reg=0.0000, time=34.12s.
-- 100/373 [26.8%], loss=0.0592, dgw=0.0592, reg=0.0000, time=33.31s.
-- 125/373 [33.5%], loss=0.0591, dgw=0.0591, reg=0.0000, time=31.52s.
-- 150/373 [40.2%], loss=0.0598, dgw=0.0598, reg=0.0000, time=44.83s.
-- 175/373 [46.9%], loss=0.0553, dgw=0.0553, reg=0.0000, time=36.95s.
-- 200/373 [53.6%], loss=0.0598, dgw=0.0598, reg=0.0000, time=30.69s.
-- 225/373 [60.3%], loss=0.0579, dgw=0.0579, reg=0.0000, time=30.49s.
-- 250/373 [67.0%], loss=0.0536, dgw=0.0536, reg=0.0000, time=25.07s.
-- 275/373 [73.7%], loss=0.0582, dgw=0.0582, reg=0.0000, time=27.13s.
-- 300/373 [80.4%], loss=0.0551, dgw=0.0551, reg=0.0000, time=38.88s.
-- 325/373 [87.1%], loss=0.0549, dgw=0.0549, reg=0.0000, time=32.87s.
-- 350/373 [93.8%], loss=0.0587, dgw=0.0587, reg=0.0000, time=29.25s.
-- 373/373 [100.0%], loss=0.0552, dgw=0.0552, reg=0.0000, time=34.86s.
fit: Epoch 15/15, loss = 0.0578, best loss = 0.0578
results/tumblr_ct1_Jin_Multi_usl_tsne_fit_15.pdf
Best Acc  : 0.517426273458445
Rand Score: 0.4992648966531177
Done!
