-- 25/188 [13.3%], loss=0.2214, dgw=0.2214, reg=0.0000, time=9.93s.
-- 50/188 [26.6%], loss=0.2233, dgw=0.2233, reg=0.0000, time=15.38s.
-- 75/188 [39.9%], loss=0.2206, dgw=0.2206, reg=0.0000, time=14.62s.
-- 100/188 [53.2%], loss=0.2174, dgw=0.2174, reg=0.0000, time=14.92s.
-- 125/188 [66.5%], loss=0.2155, dgw=0.2155, reg=0.0000, time=14.73s.
-- 150/188 [79.8%], loss=0.2150, dgw=0.2150, reg=0.0000, time=14.73s.
-- 175/188 [93.1%], loss=0.2093, dgw=0.2093, reg=0.0000, time=21.87s.
-- 188/188 [100.0%], loss=0.2097, dgw=0.2097, reg=0.0000, time=10.78s.
fit: Epoch 1/15, loss = 0.2170, best loss = 0.2170
results/MUTAG_Jin_Multi_usl_tsne_fit_1.pdf
-- 25/188 [13.3%], loss=0.2132, dgw=0.2132, reg=0.0000, time=36.91s.
-- 50/188 [26.6%], loss=0.2063, dgw=0.2063, reg=0.0000, time=35.90s.
-- 75/188 [39.9%], loss=0.1984, dgw=0.1984, reg=0.0000, time=27.62s.
-- 100/188 [53.2%], loss=0.2031, dgw=0.2031, reg=0.0000, time=38.01s.
-- 125/188 [66.5%], loss=0.2005, dgw=0.2005, reg=0.0000, time=47.89s.
-- 150/188 [79.8%], loss=0.1986, dgw=0.1986, reg=0.0000, time=34.05s.
-- 175/188 [93.1%], loss=0.1959, dgw=0.1959, reg=0.0000, time=40.40s.
-- 188/188 [100.0%], loss=0.1888, dgw=0.1888, reg=0.0000, time=19.30s.
fit: Epoch 2/15, loss = 0.2013, best loss = 0.2013
results/MUTAG_Jin_Multi_usl_tsne_fit_2.pdf
-- 25/188 [13.3%], loss=0.1914, dgw=0.1914, reg=0.0000, time=42.69s.
-- 50/188 [26.6%], loss=0.1886, dgw=0.1886, reg=0.0000, time=43.20s.
-- 75/188 [39.9%], loss=0.1869, dgw=0.1869, reg=0.0000, time=46.46s.
-- 100/188 [53.2%], loss=0.1871, dgw=0.1871, reg=0.0000, time=53.32s.
-- 125/188 [66.5%], loss=0.1865, dgw=0.1865, reg=0.0000, time=36.90s.
-- 150/188 [79.8%], loss=0.1886, dgw=0.1886, reg=0.0000, time=34.19s.
-- 175/188 [93.1%], loss=0.1807, dgw=0.1807, reg=0.0000, time=58.64s.
-- 188/188 [100.0%], loss=0.1805, dgw=0.1805, reg=0.0000, time=30.05s.
fit: Epoch 3/15, loss = 0.1866, best loss = 0.1866
results/MUTAG_Jin_Multi_usl_tsne_fit_3.pdf
-- 25/188 [13.3%], loss=0.1746, dgw=0.1746, reg=0.0000, time=24.06s.
-- 50/188 [26.6%], loss=0.1805, dgw=0.1805, reg=0.0000, time=33.01s.
-- 75/188 [39.9%], loss=0.1711, dgw=0.1711, reg=0.0000, time=45.17s.
-- 100/188 [53.2%], loss=0.1724, dgw=0.1724, reg=0.0000, time=36.33s.
-- 125/188 [66.5%], loss=0.1727, dgw=0.1727, reg=0.0000, time=44.30s.
-- 150/188 [79.8%], loss=0.1681, dgw=0.1681, reg=0.0000, time=45.99s.
-- 175/188 [93.1%], loss=0.1688, dgw=0.1688, reg=0.0000, time=36.93s.
-- 188/188 [100.0%], loss=0.1724, dgw=0.1724, reg=0.0000, time=28.57s.
fit: Epoch 4/15, loss = 0.1726, best loss = 0.1726
results/MUTAG_Jin_Multi_usl_tsne_fit_4.pdf
-- 25/188 [13.3%], loss=0.1642, dgw=0.1642, reg=0.0000, time=35.02s.
-- 50/188 [26.6%], loss=0.1637, dgw=0.1637, reg=0.0000, time=40.61s.
-- 75/188 [39.9%], loss=0.1616, dgw=0.1616, reg=0.0000, time=46.49s.
-- 100/188 [53.2%], loss=0.1595, dgw=0.1595, reg=0.0000, time=40.78s.
-- 125/188 [66.5%], loss=0.1575, dgw=0.1575, reg=0.0000, time=60.31s.
-- 150/188 [79.8%], loss=0.1568, dgw=0.1568, reg=0.0000, time=50.54s.
-- 175/188 [93.1%], loss=0.1557, dgw=0.1557, reg=0.0000, time=43.82s.
-- 188/188 [100.0%], loss=0.1590, dgw=0.1590, reg=0.0000, time=29.30s.
fit: Epoch 5/15, loss = 0.1598, best loss = 0.1598
results/MUTAG_Jin_Multi_usl_tsne_fit_5.pdf
-- 25/188 [13.3%], loss=0.1526, dgw=0.1526, reg=0.0000, time=41.66s.
-- 50/188 [26.6%], loss=0.1451, dgw=0.1451, reg=0.0000, time=47.56s.
-- 75/188 [39.9%], loss=0.1509, dgw=0.1509, reg=0.0000, time=38.55s.
-- 100/188 [53.2%], loss=0.1504, dgw=0.1504, reg=0.0000, time=46.33s.
-- 125/188 [66.5%], loss=0.1481, dgw=0.1481, reg=0.0000, time=44.94s.
-- 150/188 [79.8%], loss=0.1485, dgw=0.1485, reg=0.0000, time=51.05s.
-- 175/188 [93.1%], loss=0.1419, dgw=0.1419, reg=0.0000, time=59.68s.
-- 188/188 [100.0%], loss=0.1465, dgw=0.1465, reg=0.0000, time=28.81s.
fit: Epoch 6/15, loss = 0.1481, best loss = 0.1481
results/MUTAG_Jin_Multi_usl_tsne_fit_6.pdf
-- 25/188 [13.3%], loss=0.1442, dgw=0.1442, reg=0.0000, time=43.43s.
-- 50/188 [26.6%], loss=0.1370, dgw=0.1370, reg=0.0000, time=40.99s.
-- 75/188 [39.9%], loss=0.1347, dgw=0.1347, reg=0.0000, time=36.15s.
-- 100/188 [53.2%], loss=0.1388, dgw=0.1388, reg=0.0000, time=50.59s.
-- 125/188 [66.5%], loss=0.1362, dgw=0.1362, reg=0.0000, time=42.42s.
-- 150/188 [79.8%], loss=0.1334, dgw=0.1334, reg=0.0000, time=37.87s.
-- 175/188 [93.1%], loss=0.1362, dgw=0.1362, reg=0.0000, time=35.07s.
-- 188/188 [100.0%], loss=0.1374, dgw=0.1374, reg=0.0000, time=24.97s.
fit: Epoch 7/15, loss = 0.1372, best loss = 0.1372
results/MUTAG_Jin_Multi_usl_tsne_fit_7.pdf
-- 25/188 [13.3%], loss=0.1298, dgw=0.1298, reg=0.0000, time=39.07s.
-- 50/188 [26.6%], loss=0.1249, dgw=0.1249, reg=0.0000, time=45.06s.
-- 75/188 [39.9%], loss=0.1282, dgw=0.1282, reg=0.0000, time=39.73s.
-- 100/188 [53.2%], loss=0.1297, dgw=0.1297, reg=0.0000, time=39.32s.
-- 125/188 [66.5%], loss=0.1302, dgw=0.1302, reg=0.0000, time=40.00s.
-- 150/188 [79.8%], loss=0.1298, dgw=0.1298, reg=0.0000, time=53.86s.
-- 175/188 [93.1%], loss=0.1239, dgw=0.1239, reg=0.0000, time=35.59s.
-- 188/188 [100.0%], loss=0.1187, dgw=0.1187, reg=0.0000, time=23.20s.
fit: Epoch 8/15, loss = 0.1274, best loss = 0.1274
results/MUTAG_Jin_Multi_usl_tsne_fit_8.pdf
-- 25/188 [13.3%], loss=0.1222, dgw=0.1222, reg=0.0000, time=25.14s.
-- 50/188 [26.6%], loss=0.1177, dgw=0.1177, reg=0.0000, time=45.10s.
-- 75/188 [39.9%], loss=0.1183, dgw=0.1183, reg=0.0000, time=38.78s.
-- 100/188 [53.2%], loss=0.1169, dgw=0.1169, reg=0.0000, time=25.48s.
-- 125/188 [66.5%], loss=0.1171, dgw=0.1171, reg=0.0000, time=41.13s.
-- 150/188 [79.8%], loss=0.1183, dgw=0.1183, reg=0.0000, time=34.25s.
-- 175/188 [93.1%], loss=0.1202, dgw=0.1202, reg=0.0000, time=44.34s.
-- 188/188 [100.0%], loss=0.1164, dgw=0.1164, reg=0.0000, time=19.21s.
fit: Epoch 9/15, loss = 0.1185, best loss = 0.1185
results/MUTAG_Jin_Multi_usl_tsne_fit_9.pdf
-- 25/188 [13.3%], loss=0.1109, dgw=0.1109, reg=0.0000, time=43.40s.
-- 50/188 [26.6%], loss=0.1110, dgw=0.1110, reg=0.0000, time=48.15s.
-- 75/188 [39.9%], loss=0.1101, dgw=0.1101, reg=0.0000, time=38.25s.
-- 100/188 [53.2%], loss=0.1114, dgw=0.1114, reg=0.0000, time=37.92s.
-- 125/188 [66.5%], loss=0.1115, dgw=0.1115, reg=0.0000, time=36.80s.
-- 150/188 [79.8%], loss=0.1117, dgw=0.1117, reg=0.0000, time=46.42s.
-- 175/188 [93.1%], loss=0.1063, dgw=0.1063, reg=0.0000, time=51.94s.
-- 188/188 [100.0%], loss=0.1105, dgw=0.1105, reg=0.0000, time=22.71s.
fit: Epoch 10/15, loss = 0.1104, best loss = 0.1104
results/MUTAG_Jin_Multi_usl_tsne_fit_10.pdf
-- 25/188 [13.3%], loss=0.1050, dgw=0.1050, reg=0.0000, time=34.41s.
-- 50/188 [26.6%], loss=0.1051, dgw=0.1051, reg=0.0000, time=45.18s.
-- 75/188 [39.9%], loss=0.0998, dgw=0.0998, reg=0.0000, time=51.08s.
-- 100/188 [53.2%], loss=0.1036, dgw=0.1036, reg=0.0000, time=50.58s.
-- 125/188 [66.5%], loss=0.1029, dgw=0.1029, reg=0.0000, time=50.91s.
-- 150/188 [79.8%], loss=0.1052, dgw=0.1052, reg=0.0000, time=32.17s.
-- 175/188 [93.1%], loss=0.1009, dgw=0.1009, reg=0.0000, time=30.44s.
-- 188/188 [100.0%], loss=0.1011, dgw=0.1011, reg=0.0000, time=20.50s.
fit: Epoch 11/15, loss = 0.1031, best loss = 0.1031
results/MUTAG_Jin_Multi_usl_tsne_fit_11.pdf
-- 25/188 [13.3%], loss=0.0994, dgw=0.0994, reg=0.0000, time=51.17s.
-- 50/188 [26.6%], loss=0.0953, dgw=0.0953, reg=0.0000, time=57.95s.
-- 75/188 [39.9%], loss=0.0981, dgw=0.0981, reg=0.0000, time=49.83s.
-- 100/188 [53.2%], loss=0.0962, dgw=0.0962, reg=0.0000, time=53.01s.
-- 125/188 [66.5%], loss=0.0981, dgw=0.0981, reg=0.0000, time=59.97s.
-- 150/188 [79.8%], loss=0.0975, dgw=0.0975, reg=0.0000, time=63.64s.
-- 175/188 [93.1%], loss=0.0914, dgw=0.0914, reg=0.0000, time=49.67s.
-- 188/188 [100.0%], loss=0.0947, dgw=0.0947, reg=0.0000, time=23.54s.
fit: Epoch 12/15, loss = 0.0964, best loss = 0.0964
results/MUTAG_Jin_Multi_usl_tsne_fit_12.pdf
-- 25/188 [13.3%], loss=0.0943, dgw=0.0943, reg=0.0000, time=47.28s.
-- 50/188 [26.6%], loss=0.0888, dgw=0.0888, reg=0.0000, time=36.51s.
-- 75/188 [39.9%], loss=0.0893, dgw=0.0893, reg=0.0000, time=51.51s.
-- 100/188 [53.2%], loss=0.0916, dgw=0.0916, reg=0.0000, time=52.64s.
-- 125/188 [66.5%], loss=0.0925, dgw=0.0925, reg=0.0000, time=32.29s.
-- 150/188 [79.8%], loss=0.0905, dgw=0.0905, reg=0.0000, time=44.88s.
-- 175/188 [93.1%], loss=0.0861, dgw=0.0861, reg=0.0000, time=48.46s.
-- 188/188 [100.0%], loss=0.0895, dgw=0.0895, reg=0.0000, time=25.64s.
fit: Epoch 13/15, loss = 0.0904, best loss = 0.0904
results/MUTAG_Jin_Multi_usl_tsne_fit_13.pdf
-- 25/188 [13.3%], loss=0.0844, dgw=0.0844, reg=0.0000, time=34.42s.
-- 50/188 [26.6%], loss=0.0899, dgw=0.0899, reg=0.0000, time=41.79s.
-- 75/188 [39.9%], loss=0.0855, dgw=0.0855, reg=0.0000, time=23.01s.
-- 100/188 [53.2%], loss=0.0833, dgw=0.0833, reg=0.0000, time=28.28s.
-- 125/188 [66.5%], loss=0.0873, dgw=0.0873, reg=0.0000, time=41.68s.
-- 150/188 [79.8%], loss=0.0804, dgw=0.0804, reg=0.0000, time=44.67s.
-- 175/188 [93.1%], loss=0.0856, dgw=0.0856, reg=0.0000, time=54.26s.
-- 188/188 [100.0%], loss=0.0804, dgw=0.0804, reg=0.0000, time=26.15s.
fit: Epoch 14/15, loss = 0.0849, best loss = 0.0849
results/MUTAG_Jin_Multi_usl_tsne_fit_14.pdf
-- 25/188 [13.3%], loss=0.0779, dgw=0.0779, reg=0.0000, time=39.11s.
-- 50/188 [26.6%], loss=0.0836, dgw=0.0836, reg=0.0000, time=32.73s.
-- 75/188 [39.9%], loss=0.0782, dgw=0.0782, reg=0.0000, time=36.69s.
-- 100/188 [53.2%], loss=0.0815, dgw=0.0815, reg=0.0000, time=33.90s.
-- 125/188 [66.5%], loss=0.0786, dgw=0.0786, reg=0.0000, time=38.42s.
-- 150/188 [79.8%], loss=0.0803, dgw=0.0803, reg=0.0000, time=36.29s.
-- 175/188 [93.1%], loss=0.0803, dgw=0.0803, reg=0.0000, time=49.16s.
-- 188/188 [100.0%], loss=0.0772, dgw=0.0772, reg=0.0000, time=16.60s.
fit: Epoch 15/15, loss = 0.0799, best loss = 0.0799
results/MUTAG_Jin_Multi_usl_tsne_fit_15.pdf
Best Acc  : 0.5106382978723405
Rand Score: 0.49755376038229604
Done!
