-- 25/188 [13.3%], loss=0.2285, dgw=0.2285, reg=0.0000, time=48.20s.
-- 50/188 [26.6%], loss=0.2235, dgw=0.2235, reg=0.0000, time=44.41s.
-- 75/188 [39.9%], loss=0.2181, dgw=0.2181, reg=0.0000, time=50.05s.
-- 100/188 [53.2%], loss=0.2140, dgw=0.2140, reg=0.0000, time=44.30s.
-- 125/188 [66.5%], loss=0.2171, dgw=0.2171, reg=0.0000, time=40.67s.
-- 150/188 [79.8%], loss=0.2153, dgw=0.2153, reg=0.0000, time=50.80s.
-- 175/188 [93.1%], loss=0.2100, dgw=0.2100, reg=0.0000, time=60.22s.
-- 188/188 [100.0%], loss=0.2027, dgw=0.2027, reg=0.0000, time=34.11s.
fit: Epoch 1/15, loss = 0.2170, best loss = 0.2170
results/MUTAG_Jin_Multi_usl_tsne_fit_1.pdf
-- 25/188 [13.3%], loss=0.2080, dgw=0.2080, reg=0.0000, time=49.04s.
-- 50/188 [26.6%], loss=0.2056, dgw=0.2056, reg=0.0000, time=53.47s.
-- 75/188 [39.9%], loss=0.2082, dgw=0.2082, reg=0.0000, time=33.69s.
-- 100/188 [53.2%], loss=0.1983, dgw=0.1983, reg=0.0000, time=70.65s.
-- 125/188 [66.5%], loss=0.2050, dgw=0.2050, reg=0.0000, time=58.49s.
-- 150/188 [79.8%], loss=0.1977, dgw=0.1977, reg=0.0000, time=58.39s.
-- 175/188 [93.1%], loss=0.1943, dgw=0.1943, reg=0.0000, time=63.80s.
-- 188/188 [100.0%], loss=0.1901, dgw=0.1901, reg=0.0000, time=44.27s.
fit: Epoch 2/15, loss = 0.2016, best loss = 0.2016
results/MUTAG_Jin_Multi_usl_tsne_fit_2.pdf
-- 25/188 [13.3%], loss=0.1905, dgw=0.1905, reg=0.0000, time=44.35s.
-- 50/188 [26.6%], loss=0.1875, dgw=0.1875, reg=0.0000, time=54.28s.
-- 75/188 [39.9%], loss=0.1899, dgw=0.1899, reg=0.0000, time=67.91s.
-- 100/188 [53.2%], loss=0.1887, dgw=0.1887, reg=0.0000, time=47.61s.
-- 125/188 [66.5%], loss=0.1853, dgw=0.1853, reg=0.0000, time=66.66s.
-- 150/188 [79.8%], loss=0.1817, dgw=0.1817, reg=0.0000, time=51.02s.
-- 175/188 [93.1%], loss=0.1855, dgw=0.1855, reg=0.0000, time=76.39s.
-- 188/188 [100.0%], loss=0.1870, dgw=0.1870, reg=0.0000, time=35.45s.
fit: Epoch 3/15, loss = 0.1870, best loss = 0.1870
results/MUTAG_Jin_Multi_usl_tsne_fit_3.pdf
-- 25/188 [13.3%], loss=0.1806, dgw=0.1806, reg=0.0000, time=43.19s.
-- 50/188 [26.6%], loss=0.1762, dgw=0.1762, reg=0.0000, time=31.70s.
-- 75/188 [39.9%], loss=0.1731, dgw=0.1731, reg=0.0000, time=22.19s.
-- 100/188 [53.2%], loss=0.1708, dgw=0.1708, reg=0.0000, time=56.71s.
-- 125/188 [66.5%], loss=0.1716, dgw=0.1716, reg=0.0000, time=64.58s.
-- 150/188 [79.8%], loss=0.1748, dgw=0.1748, reg=0.0000, time=66.52s.
-- 175/188 [93.1%], loss=0.1712, dgw=0.1712, reg=0.0000, time=80.59s.
-- 188/188 [100.0%], loss=0.1579, dgw=0.1579, reg=0.0000, time=39.26s.
fit: Epoch 4/15, loss = 0.1729, best loss = 0.1729
results/MUTAG_Jin_Multi_usl_tsne_fit_4.pdf
-- 25/188 [13.3%], loss=0.1625, dgw=0.1625, reg=0.0000, time=51.25s.
-- 50/188 [26.6%], loss=0.1664, dgw=0.1664, reg=0.0000, time=30.76s.
-- 75/188 [39.9%], loss=0.1616, dgw=0.1616, reg=0.0000, time=52.25s.
-- 100/188 [53.2%], loss=0.1562, dgw=0.1562, reg=0.0000, time=50.89s.
-- 125/188 [66.5%], loss=0.1595, dgw=0.1595, reg=0.0000, time=54.00s.
-- 150/188 [79.8%], loss=0.1578, dgw=0.1578, reg=0.0000, time=64.00s.
-- 175/188 [93.1%], loss=0.1597, dgw=0.1597, reg=0.0000, time=52.30s.
-- 188/188 [100.0%], loss=0.1522, dgw=0.1522, reg=0.0000, time=37.12s.
fit: Epoch 5/15, loss = 0.1599, best loss = 0.1599
results/MUTAG_Jin_Multi_usl_tsne_fit_5.pdf
-- 25/188 [13.3%], loss=0.1523, dgw=0.1523, reg=0.0000, time=34.71s.
-- 50/188 [26.6%], loss=0.1488, dgw=0.1488, reg=0.0000, time=45.63s.
-- 75/188 [39.9%], loss=0.1504, dgw=0.1504, reg=0.0000, time=36.40s.
-- 100/188 [53.2%], loss=0.1495, dgw=0.1495, reg=0.0000, time=45.18s.
-- 125/188 [66.5%], loss=0.1469, dgw=0.1469, reg=0.0000, time=60.25s.
-- 150/188 [79.8%], loss=0.1444, dgw=0.1444, reg=0.0000, time=48.20s.
-- 175/188 [93.1%], loss=0.1450, dgw=0.1450, reg=0.0000, time=46.45s.
-- 188/188 [100.0%], loss=0.1473, dgw=0.1473, reg=0.0000, time=18.38s.
fit: Epoch 6/15, loss = 0.1481, best loss = 0.1481
results/MUTAG_Jin_Multi_usl_tsne_fit_6.pdf
-- 25/188 [13.3%], loss=0.1404, dgw=0.1404, reg=0.0000, time=48.44s.
-- 50/188 [26.6%], loss=0.1387, dgw=0.1387, reg=0.0000, time=45.63s.
-- 75/188 [39.9%], loss=0.1377, dgw=0.1377, reg=0.0000, time=41.97s.
-- 100/188 [53.2%], loss=0.1392, dgw=0.1392, reg=0.0000, time=45.79s.
-- 125/188 [66.5%], loss=0.1351, dgw=0.1351, reg=0.0000, time=50.71s.
-- 150/188 [79.8%], loss=0.1350, dgw=0.1350, reg=0.0000, time=49.41s.
-- 175/188 [93.1%], loss=0.1359, dgw=0.1359, reg=0.0000, time=50.64s.
-- 188/188 [100.0%], loss=0.1362, dgw=0.1362, reg=0.0000, time=30.65s.
fit: Epoch 7/15, loss = 0.1374, best loss = 0.1374
results/MUTAG_Jin_Multi_usl_tsne_fit_7.pdf
-- 25/188 [13.3%], loss=0.1352, dgw=0.1352, reg=0.0000, time=51.98s.
-- 50/188 [26.6%], loss=0.1267, dgw=0.1267, reg=0.0000, time=51.97s.
-- 75/188 [39.9%], loss=0.1270, dgw=0.1270, reg=0.0000, time=57.31s.
-- 100/188 [53.2%], loss=0.1309, dgw=0.1309, reg=0.0000, time=60.90s.
-- 125/188 [66.5%], loss=0.1262, dgw=0.1262, reg=0.0000, time=41.23s.
-- 150/188 [79.8%], loss=0.1284, dgw=0.1284, reg=0.0000, time=55.75s.
-- 175/188 [93.1%], loss=0.1213, dgw=0.1213, reg=0.0000, time=57.53s.
-- 188/188 [100.0%], loss=0.1226, dgw=0.1226, reg=0.0000, time=28.40s.
fit: Epoch 8/15, loss = 0.1276, best loss = 0.1276
results/MUTAG_Jin_Multi_usl_tsne_fit_8.pdf
-- 25/188 [13.3%], loss=0.1229, dgw=0.1229, reg=0.0000, time=39.90s.
-- 50/188 [26.6%], loss=0.1197, dgw=0.1197, reg=0.0000, time=62.63s.
-- 75/188 [39.9%], loss=0.1229, dgw=0.1229, reg=0.0000, time=57.55s.
-- 100/188 [53.2%], loss=0.1159, dgw=0.1159, reg=0.0000, time=66.54s.
-- 125/188 [66.5%], loss=0.1172, dgw=0.1172, reg=0.0000, time=54.85s.
-- 150/188 [79.8%], loss=0.1200, dgw=0.1200, reg=0.0000, time=56.13s.
-- 175/188 [93.1%], loss=0.1156, dgw=0.1156, reg=0.0000, time=59.93s.
-- 188/188 [100.0%], loss=0.1130, dgw=0.1130, reg=0.0000, time=33.74s.
fit: Epoch 9/15, loss = 0.1188, best loss = 0.1188
results/MUTAG_Jin_Multi_usl_tsne_fit_9.pdf
-- 25/188 [13.3%], loss=0.1139, dgw=0.1139, reg=0.0000, time=55.93s.
-- 50/188 [26.6%], loss=0.1104, dgw=0.1104, reg=0.0000, time=51.63s.
-- 75/188 [39.9%], loss=0.1109, dgw=0.1109, reg=0.0000, time=50.00s.
-- 100/188 [53.2%], loss=0.1137, dgw=0.1137, reg=0.0000, time=53.70s.
-- 125/188 [66.5%], loss=0.1069, dgw=0.1069, reg=0.0000, time=69.50s.
-- 150/188 [79.8%], loss=0.1144, dgw=0.1144, reg=0.0000, time=56.32s.
-- 175/188 [93.1%], loss=0.1058, dgw=0.1058, reg=0.0000, time=58.65s.
-- 188/188 [100.0%], loss=0.1085, dgw=0.1085, reg=0.0000, time=27.52s.
fit: Epoch 10/15, loss = 0.1107, best loss = 0.1107
results/MUTAG_Jin_Multi_usl_tsne_fit_10.pdf
-- 25/188 [13.3%], loss=0.1095, dgw=0.1095, reg=0.0000, time=29.34s.
-- 50/188 [26.6%], loss=0.1069, dgw=0.1069, reg=0.0000, time=30.19s.
-- 75/188 [39.9%], loss=0.1071, dgw=0.1071, reg=0.0000, time=48.42s.
-- 100/188 [53.2%], loss=0.1016, dgw=0.1016, reg=0.0000, time=64.71s.
-- 125/188 [66.5%], loss=0.0998, dgw=0.0998, reg=0.0000, time=48.19s.
-- 150/188 [79.8%], loss=0.1029, dgw=0.1029, reg=0.0000, time=56.79s.
-- 175/188 [93.1%], loss=0.1001, dgw=0.1001, reg=0.0000, time=53.36s.
-- 188/188 [100.0%], loss=0.0959, dgw=0.0959, reg=0.0000, time=26.92s.
fit: Epoch 11/15, loss = 0.1034, best loss = 0.1034
results/MUTAG_Jin_Multi_usl_tsne_fit_11.pdf
-- 25/188 [13.3%], loss=0.1012, dgw=0.1012, reg=0.0000, time=57.67s.
-- 50/188 [26.6%], loss=0.0945, dgw=0.0945, reg=0.0000, time=56.90s.
-- 75/188 [39.9%], loss=0.0982, dgw=0.0982, reg=0.0000, time=62.59s.
-- 100/188 [53.2%], loss=0.0970, dgw=0.0970, reg=0.0000, time=47.20s.
-- 125/188 [66.5%], loss=0.0938, dgw=0.0938, reg=0.0000, time=50.50s.
-- 150/188 [79.8%], loss=0.0979, dgw=0.0979, reg=0.0000, time=48.74s.
-- 175/188 [93.1%], loss=0.0945, dgw=0.0945, reg=0.0000, time=57.96s.
-- 188/188 [100.0%], loss=0.0973, dgw=0.0973, reg=0.0000, time=29.00s.
fit: Epoch 12/15, loss = 0.0968, best loss = 0.0968
results/MUTAG_Jin_Multi_usl_tsne_fit_12.pdf
-- 25/188 [13.3%], loss=0.0934, dgw=0.0934, reg=0.0000, time=60.86s.
-- 50/188 [26.6%], loss=0.0915, dgw=0.0915, reg=0.0000, time=57.29s.
-- 75/188 [39.9%], loss=0.0968, dgw=0.0968, reg=0.0000, time=49.87s.
-- 100/188 [53.2%], loss=0.0917, dgw=0.0917, reg=0.0000, time=43.90s.
-- 125/188 [66.5%], loss=0.0925, dgw=0.0925, reg=0.0000, time=46.45s.
-- 150/188 [79.8%], loss=0.0873, dgw=0.0873, reg=0.0000, time=35.80s.
-- 175/188 [93.1%], loss=0.0849, dgw=0.0849, reg=0.0000, time=41.67s.
-- 188/188 [100.0%], loss=0.0855, dgw=0.0855, reg=0.0000, time=29.27s.
fit: Epoch 13/15, loss = 0.0908, best loss = 0.0908
results/MUTAG_Jin_Multi_usl_tsne_fit_13.pdf
-- 25/188 [13.3%], loss=0.0854, dgw=0.0854, reg=0.0000, time=49.31s.
-- 50/188 [26.6%], loss=0.0880, dgw=0.0880, reg=0.0000, time=67.64s.
-- 75/188 [39.9%], loss=0.0844, dgw=0.0844, reg=0.0000, time=48.41s.
-- 100/188 [53.2%], loss=0.0841, dgw=0.0841, reg=0.0000, time=11.83s.
-- 125/188 [66.5%], loss=0.0869, dgw=0.0869, reg=0.0000, time=44.54s.
-- 150/188 [79.8%], loss=0.0860, dgw=0.0860, reg=0.0000, time=37.17s.
-- 175/188 [93.1%], loss=0.0829, dgw=0.0829, reg=0.0000, time=51.93s.
-- 188/188 [100.0%], loss=0.0835, dgw=0.0835, reg=0.0000, time=30.69s.
fit: Epoch 14/15, loss = 0.0853, best loss = 0.0853
results/MUTAG_Jin_Multi_usl_tsne_fit_14.pdf
-- 25/188 [13.3%], loss=0.0829, dgw=0.0829, reg=0.0000, time=38.64s.
-- 50/188 [26.6%], loss=0.0780, dgw=0.0780, reg=0.0000, time=33.47s.
-- 75/188 [39.9%], loss=0.0798, dgw=0.0798, reg=0.0000, time=45.92s.
-- 100/188 [53.2%], loss=0.0808, dgw=0.0808, reg=0.0000, time=54.47s.
-- 125/188 [66.5%], loss=0.0828, dgw=0.0828, reg=0.0000, time=44.39s.
-- 150/188 [79.8%], loss=0.0779, dgw=0.0779, reg=0.0000, time=37.43s.
-- 175/188 [93.1%], loss=0.0794, dgw=0.0794, reg=0.0000, time=59.04s.
-- 188/188 [100.0%], loss=0.0806, dgw=0.0806, reg=0.0000, time=26.06s.
fit: Epoch 15/15, loss = 0.0803, best loss = 0.0803
results/MUTAG_Jin_Multi_usl_tsne_fit_15.pdf
Best Acc  : 0.6223404255319149
Rand Score: 0.5274206394356582
Done!
