-- 25/188 [13.3%], loss=0.2195, dgw=0.2195, reg=0.0000, time=32.30s.
-- 50/188 [26.6%], loss=0.2163, dgw=0.2163, reg=0.0000, time=39.18s.
-- 75/188 [39.9%], loss=0.2203, dgw=0.2203, reg=0.0000, time=40.89s.
-- 100/188 [53.2%], loss=0.2162, dgw=0.2162, reg=0.0000, time=48.15s.
-- 125/188 [66.5%], loss=0.2176, dgw=0.2176, reg=0.0000, time=55.07s.
-- 150/188 [79.8%], loss=0.2095, dgw=0.2095, reg=0.0000, time=56.21s.
-- 175/188 [93.1%], loss=0.2123, dgw=0.2123, reg=0.0000, time=44.56s.
-- 188/188 [100.0%], loss=0.2173, dgw=0.2173, reg=0.0000, time=23.02s.
fit: Epoch 1/15, loss = 0.2160, best loss = 0.2160
results/MUTAG_Jin_Multi_usl_tsne_fit_1.pdf
-- 25/188 [13.3%], loss=0.2029, dgw=0.2029, reg=0.0000, time=50.79s.
-- 50/188 [26.6%], loss=0.2052, dgw=0.2052, reg=0.0000, time=53.79s.
-- 75/188 [39.9%], loss=0.2022, dgw=0.2022, reg=0.0000, time=59.14s.
-- 100/188 [53.2%], loss=0.2026, dgw=0.2026, reg=0.0000, time=61.50s.
-- 125/188 [66.5%], loss=0.2007, dgw=0.2007, reg=0.0000, time=55.02s.
-- 150/188 [79.8%], loss=0.1970, dgw=0.1970, reg=0.0000, time=76.82s.
-- 175/188 [93.1%], loss=0.1988, dgw=0.1988, reg=0.0000, time=52.01s.
-- 188/188 [100.0%], loss=0.1914, dgw=0.1914, reg=0.0000, time=25.50s.
fit: Epoch 2/15, loss = 0.2006, best loss = 0.2006
results/MUTAG_Jin_Multi_usl_tsne_fit_2.pdf
-- 25/188 [13.3%], loss=0.1911, dgw=0.1911, reg=0.0000, time=35.51s.
-- 50/188 [26.6%], loss=0.1917, dgw=0.1917, reg=0.0000, time=57.21s.
-- 75/188 [39.9%], loss=0.1857, dgw=0.1857, reg=0.0000, time=53.03s.
-- 100/188 [53.2%], loss=0.1855, dgw=0.1855, reg=0.0000, time=51.38s.
-- 125/188 [66.5%], loss=0.1864, dgw=0.1864, reg=0.0000, time=58.02s.
-- 150/188 [79.8%], loss=0.1827, dgw=0.1827, reg=0.0000, time=64.94s.
-- 175/188 [93.1%], loss=0.1809, dgw=0.1809, reg=0.0000, time=44.10s.
-- 188/188 [100.0%], loss=0.1846, dgw=0.1846, reg=0.0000, time=24.08s.
fit: Epoch 3/15, loss = 0.1862, best loss = 0.1862
results/MUTAG_Jin_Multi_usl_tsne_fit_3.pdf
-- 25/188 [13.3%], loss=0.1816, dgw=0.1816, reg=0.0000, time=30.47s.
-- 50/188 [26.6%], loss=0.1733, dgw=0.1733, reg=0.0000, time=45.75s.
-- 75/188 [39.9%], loss=0.1713, dgw=0.1713, reg=0.0000, time=67.41s.
-- 100/188 [53.2%], loss=0.1720, dgw=0.1720, reg=0.0000, time=57.19s.
-- 125/188 [66.5%], loss=0.1711, dgw=0.1711, reg=0.0000, time=43.83s.
-- 150/188 [79.8%], loss=0.1688, dgw=0.1688, reg=0.0000, time=46.91s.
-- 175/188 [93.1%], loss=0.1704, dgw=0.1704, reg=0.0000, time=50.44s.
-- 188/188 [100.0%], loss=0.1690, dgw=0.1690, reg=0.0000, time=25.85s.
fit: Epoch 4/15, loss = 0.1724, best loss = 0.1724
results/MUTAG_Jin_Multi_usl_tsne_fit_4.pdf
-- 25/188 [13.3%], loss=0.1616, dgw=0.1616, reg=0.0000, time=47.24s.
-- 50/188 [26.6%], loss=0.1647, dgw=0.1647, reg=0.0000, time=46.37s.
-- 75/188 [39.9%], loss=0.1593, dgw=0.1593, reg=0.0000, time=53.39s.
-- 100/188 [53.2%], loss=0.1609, dgw=0.1609, reg=0.0000, time=38.46s.
-- 125/188 [66.5%], loss=0.1577, dgw=0.1577, reg=0.0000, time=41.52s.
-- 150/188 [79.8%], loss=0.1579, dgw=0.1579, reg=0.0000, time=57.34s.
-- 175/188 [93.1%], loss=0.1573, dgw=0.1573, reg=0.0000, time=73.68s.
-- 188/188 [100.0%], loss=0.1579, dgw=0.1579, reg=0.0000, time=23.45s.
fit: Epoch 5/15, loss = 0.1598, best loss = 0.1598
results/MUTAG_Jin_Multi_usl_tsne_fit_5.pdf
-- 25/188 [13.3%], loss=0.1527, dgw=0.1527, reg=0.0000, time=54.05s.
-- 50/188 [26.6%], loss=0.1503, dgw=0.1503, reg=0.0000, time=64.12s.
-- 75/188 [39.9%], loss=0.1459, dgw=0.1459, reg=0.0000, time=61.85s.
-- 100/188 [53.2%], loss=0.1506, dgw=0.1506, reg=0.0000, time=65.00s.
-- 125/188 [66.5%], loss=0.1505, dgw=0.1505, reg=0.0000, time=47.03s.
-- 150/188 [79.8%], loss=0.1486, dgw=0.1486, reg=0.0000, time=60.01s.
-- 175/188 [93.1%], loss=0.1405, dgw=0.1405, reg=0.0000, time=57.90s.
-- 188/188 [100.0%], loss=0.1464, dgw=0.1464, reg=0.0000, time=36.24s.
fit: Epoch 6/15, loss = 0.1483, best loss = 0.1483
results/MUTAG_Jin_Multi_usl_tsne_fit_6.pdf
-- 25/188 [13.3%], loss=0.1417, dgw=0.1417, reg=0.0000, time=48.64s.
-- 50/188 [26.6%], loss=0.1427, dgw=0.1427, reg=0.0000, time=50.32s.
-- 75/188 [39.9%], loss=0.1365, dgw=0.1365, reg=0.0000, time=45.45s.
-- 100/188 [53.2%], loss=0.1371, dgw=0.1371, reg=0.0000, time=51.02s.
-- 125/188 [66.5%], loss=0.1367, dgw=0.1367, reg=0.0000, time=64.14s.
-- 150/188 [79.8%], loss=0.1382, dgw=0.1382, reg=0.0000, time=68.49s.
-- 175/188 [93.1%], loss=0.1341, dgw=0.1341, reg=0.0000, time=56.91s.
-- 188/188 [100.0%], loss=0.1316, dgw=0.1316, reg=0.0000, time=24.81s.
fit: Epoch 7/15, loss = 0.1377, best loss = 0.1377
results/MUTAG_Jin_Multi_usl_tsne_fit_7.pdf
-- 25/188 [13.3%], loss=0.1336, dgw=0.1336, reg=0.0000, time=65.58s.
-- 50/188 [26.6%], loss=0.1326, dgw=0.1326, reg=0.0000, time=50.47s.
-- 75/188 [39.9%], loss=0.1305, dgw=0.1305, reg=0.0000, time=50.82s.
-- 100/188 [53.2%], loss=0.1272, dgw=0.1272, reg=0.0000, time=57.97s.
-- 125/188 [66.5%], loss=0.1287, dgw=0.1287, reg=0.0000, time=37.84s.
-- 150/188 [79.8%], loss=0.1244, dgw=0.1244, reg=0.0000, time=47.53s.
-- 175/188 [93.1%], loss=0.1201, dgw=0.1201, reg=0.0000, time=60.31s.
-- 188/188 [100.0%], loss=0.1265, dgw=0.1265, reg=0.0000, time=34.60s.
fit: Epoch 8/15, loss = 0.1280, best loss = 0.1280
results/MUTAG_Jin_Multi_usl_tsne_fit_8.pdf
-- 25/188 [13.3%], loss=0.1196, dgw=0.1196, reg=0.0000, time=71.83s.
-- 50/188 [26.6%], loss=0.1231, dgw=0.1231, reg=0.0000, time=63.87s.
-- 75/188 [39.9%], loss=0.1224, dgw=0.1224, reg=0.0000, time=55.44s.
-- 100/188 [53.2%], loss=0.1215, dgw=0.1215, reg=0.0000, time=63.00s.
-- 125/188 [66.5%], loss=0.1158, dgw=0.1158, reg=0.0000, time=40.53s.
-- 150/188 [79.8%], loss=0.1174, dgw=0.1174, reg=0.0000, time=38.48s.
-- 175/188 [93.1%], loss=0.1181, dgw=0.1181, reg=0.0000, time=49.14s.
-- 188/188 [100.0%], loss=0.1127, dgw=0.1127, reg=0.0000, time=32.86s.
fit: Epoch 9/15, loss = 0.1192, best loss = 0.1192
results/MUTAG_Jin_Multi_usl_tsne_fit_9.pdf
-- 25/188 [13.3%], loss=0.1164, dgw=0.1164, reg=0.0000, time=58.08s.
-- 50/188 [26.6%], loss=0.1129, dgw=0.1129, reg=0.0000, time=56.61s.
-- 75/188 [39.9%], loss=0.1148, dgw=0.1148, reg=0.0000, time=51.48s.
-- 100/188 [53.2%], loss=0.1088, dgw=0.1088, reg=0.0000, time=50.23s.
-- 125/188 [66.5%], loss=0.1096, dgw=0.1096, reg=0.0000, time=57.10s.
-- 150/188 [79.8%], loss=0.1055, dgw=0.1055, reg=0.0000, time=54.45s.
-- 175/188 [93.1%], loss=0.1109, dgw=0.1109, reg=0.0000, time=68.84s.
-- 188/188 [100.0%], loss=0.1090, dgw=0.1090, reg=0.0000, time=36.17s.
fit: Epoch 10/15, loss = 0.1111, best loss = 0.1111
results/MUTAG_Jin_Multi_usl_tsne_fit_10.pdf
-- 25/188 [13.3%], loss=0.1096, dgw=0.1096, reg=0.0000, time=47.88s.
-- 50/188 [26.6%], loss=0.1083, dgw=0.1083, reg=0.0000, time=71.89s.
-- 75/188 [39.9%], loss=0.1047, dgw=0.1047, reg=0.0000, time=60.15s.
-- 100/188 [53.2%], loss=0.1044, dgw=0.1044, reg=0.0000, time=54.03s.
-- 125/188 [66.5%], loss=0.1041, dgw=0.1041, reg=0.0000, time=37.40s.
-- 150/188 [79.8%], loss=0.0970, dgw=0.0970, reg=0.0000, time=46.16s.
-- 175/188 [93.1%], loss=0.1038, dgw=0.1038, reg=0.0000, time=55.49s.
-- 188/188 [100.0%], loss=0.0933, dgw=0.0933, reg=0.0000, time=29.68s.
fit: Epoch 11/15, loss = 0.1038, best loss = 0.1038
results/MUTAG_Jin_Multi_usl_tsne_fit_11.pdf
-- 25/188 [13.3%], loss=0.1033, dgw=0.1033, reg=0.0000, time=41.13s.
-- 50/188 [26.6%], loss=0.0950, dgw=0.0950, reg=0.0000, time=59.78s.
-- 75/188 [39.9%], loss=0.1007, dgw=0.1007, reg=0.0000, time=37.70s.
-- 100/188 [53.2%], loss=0.0981, dgw=0.0981, reg=0.0000, time=39.76s.
-- 125/188 [66.5%], loss=0.0963, dgw=0.0963, reg=0.0000, time=57.50s.
-- 150/188 [79.8%], loss=0.0942, dgw=0.0942, reg=0.0000, time=57.30s.
-- 175/188 [93.1%], loss=0.0913, dgw=0.0913, reg=0.0000, time=53.98s.
-- 188/188 [100.0%], loss=0.0980, dgw=0.0980, reg=0.0000, time=26.37s.
fit: Epoch 12/15, loss = 0.0971, best loss = 0.0971
results/MUTAG_Jin_Multi_usl_tsne_fit_12.pdf
-- 25/188 [13.3%], loss=0.0934, dgw=0.0934, reg=0.0000, time=60.27s.
-- 50/188 [26.6%], loss=0.0911, dgw=0.0911, reg=0.0000, time=40.52s.
-- 75/188 [39.9%], loss=0.0931, dgw=0.0931, reg=0.0000, time=68.46s.
-- 100/188 [53.2%], loss=0.0889, dgw=0.0889, reg=0.0000, time=50.82s.
-- 125/188 [66.5%], loss=0.0875, dgw=0.0875, reg=0.0000, time=38.79s.
-- 150/188 [79.8%], loss=0.0961, dgw=0.0961, reg=0.0000, time=44.25s.
-- 175/188 [93.1%], loss=0.0888, dgw=0.0888, reg=0.0000, time=35.59s.
-- 188/188 [100.0%], loss=0.0867, dgw=0.0867, reg=0.0000, time=25.15s.
fit: Epoch 13/15, loss = 0.0910, best loss = 0.0910
results/MUTAG_Jin_Multi_usl_tsne_fit_13.pdf
-- 25/188 [13.3%], loss=0.0891, dgw=0.0891, reg=0.0000, time=45.42s.
-- 50/188 [26.6%], loss=0.0831, dgw=0.0831, reg=0.0000, time=51.42s.
-- 75/188 [39.9%], loss=0.0833, dgw=0.0833, reg=0.0000, time=40.05s.
-- 100/188 [53.2%], loss=0.0873, dgw=0.0873, reg=0.0000, time=37.65s.
-- 125/188 [66.5%], loss=0.0853, dgw=0.0853, reg=0.0000, time=41.39s.
-- 150/188 [79.8%], loss=0.0847, dgw=0.0847, reg=0.0000, time=41.50s.
-- 175/188 [93.1%], loss=0.0894, dgw=0.0894, reg=0.0000, time=39.34s.
-- 188/188 [100.0%], loss=0.0850, dgw=0.0850, reg=0.0000, time=25.00s.
fit: Epoch 14/15, loss = 0.0860, best loss = 0.0860
results/MUTAG_Jin_Multi_usl_tsne_fit_14.pdf
-- 25/188 [13.3%], loss=0.0821, dgw=0.0821, reg=0.0000, time=47.67s.
-- 50/188 [26.6%], loss=0.0826, dgw=0.0826, reg=0.0000, time=69.65s.
-- 75/188 [39.9%], loss=0.0891, dgw=0.0891, reg=0.0000, time=61.81s.
-- 100/188 [53.2%], loss=0.0810, dgw=0.0810, reg=0.0000, time=59.63s.
-- 125/188 [66.5%], loss=0.0829, dgw=0.0829, reg=0.0000, time=37.72s.
-- 150/188 [79.8%], loss=0.0782, dgw=0.0782, reg=0.0000, time=57.99s.
-- 175/188 [93.1%], loss=0.0936, dgw=0.0936, reg=0.0000, time=61.92s.
-- 188/188 [100.0%], loss=0.0739, dgw=0.0739, reg=0.0000, time=36.70s.
fit: Epoch 15/15, loss = 0.0835, best loss = 0.0835
results/MUTAG_Jin_Multi_usl_tsne_fit_15.pdf
Best Acc  : 0.5425531914893618
Rand Score: 0.5009671179883946
Done!
