-- 25/188 [13.3%], loss=0.2232, dgw=0.2232, reg=0.0000, time=52.38s.
-- 50/188 [26.6%], loss=0.2190, dgw=0.2190, reg=0.0000, time=48.70s.
-- 75/188 [39.9%], loss=0.2207, dgw=0.2207, reg=0.0000, time=53.78s.
-- 100/188 [53.2%], loss=0.2183, dgw=0.2183, reg=0.0000, time=64.01s.
-- 125/188 [66.5%], loss=0.2154, dgw=0.2154, reg=0.0000, time=58.10s.
-- 150/188 [79.8%], loss=0.2139, dgw=0.2139, reg=0.0000, time=62.96s.
-- 175/188 [93.1%], loss=0.2085, dgw=0.2085, reg=0.0000, time=63.97s.
-- 188/188 [100.0%], loss=0.2145, dgw=0.2145, reg=0.0000, time=39.16s.
fit: Epoch 1/15, loss = 0.2168, best loss = 0.2168
results/MUTAG_Jin_Multi_usl_tsne_fit_1.pdf
-- 25/188 [13.3%], loss=0.2149, dgw=0.2149, reg=0.0000, time=63.54s.
-- 50/188 [26.6%], loss=0.2010, dgw=0.2010, reg=0.0000, time=72.78s.
-- 75/188 [39.9%], loss=0.1993, dgw=0.1993, reg=0.0000, time=46.90s.
-- 100/188 [53.2%], loss=0.1997, dgw=0.1997, reg=0.0000, time=37.86s.
-- 125/188 [66.5%], loss=0.2034, dgw=0.2034, reg=0.0000, time=67.66s.
-- 150/188 [79.8%], loss=0.1954, dgw=0.1954, reg=0.0000, time=72.80s.
-- 175/188 [93.1%], loss=0.2005, dgw=0.2005, reg=0.0000, time=64.78s.
-- 188/188 [100.0%], loss=0.1906, dgw=0.1906, reg=0.0000, time=30.48s.
fit: Epoch 2/15, loss = 0.2012, best loss = 0.2012
results/MUTAG_Jin_Multi_usl_tsne_fit_2.pdf
-- 25/188 [13.3%], loss=0.1902, dgw=0.1902, reg=0.0000, time=60.10s.
-- 50/188 [26.6%], loss=0.1937, dgw=0.1937, reg=0.0000, time=45.05s.
-- 75/188 [39.9%], loss=0.1885, dgw=0.1885, reg=0.0000, time=75.24s.
-- 100/188 [53.2%], loss=0.1864, dgw=0.1864, reg=0.0000, time=61.67s.
-- 125/188 [66.5%], loss=0.1864, dgw=0.1864, reg=0.0000, time=58.67s.
-- 150/188 [79.8%], loss=0.1848, dgw=0.1848, reg=0.0000, time=55.45s.
-- 175/188 [93.1%], loss=0.1805, dgw=0.1805, reg=0.0000, time=81.19s.
-- 188/188 [100.0%], loss=0.1801, dgw=0.1801, reg=0.0000, time=23.06s.
fit: Epoch 3/15, loss = 0.1867, best loss = 0.1867
results/MUTAG_Jin_Multi_usl_tsne_fit_3.pdf
-- 25/188 [13.3%], loss=0.1781, dgw=0.1781, reg=0.0000, time=61.89s.
-- 50/188 [26.6%], loss=0.1748, dgw=0.1748, reg=0.0000, time=61.91s.
-- 75/188 [39.9%], loss=0.1756, dgw=0.1756, reg=0.0000, time=54.64s.
-- 100/188 [53.2%], loss=0.1742, dgw=0.1742, reg=0.0000, time=46.50s.
-- 125/188 [66.5%], loss=0.1710, dgw=0.1710, reg=0.0000, time=68.52s.
-- 150/188 [79.8%], loss=0.1678, dgw=0.1678, reg=0.0000, time=60.00s.
-- 175/188 [93.1%], loss=0.1705, dgw=0.1705, reg=0.0000, time=36.65s.
-- 188/188 [100.0%], loss=0.1712, dgw=0.1712, reg=0.0000, time=28.83s.
fit: Epoch 4/15, loss = 0.1730, best loss = 0.1730
results/MUTAG_Jin_Multi_usl_tsne_fit_4.pdf
-- 25/188 [13.3%], loss=0.1630, dgw=0.1630, reg=0.0000, time=61.60s.
-- 50/188 [26.6%], loss=0.1644, dgw=0.1644, reg=0.0000, time=43.20s.
-- 75/188 [39.9%], loss=0.1621, dgw=0.1621, reg=0.0000, time=44.63s.
-- 100/188 [53.2%], loss=0.1584, dgw=0.1584, reg=0.0000, time=63.24s.
-- 125/188 [66.5%], loss=0.1618, dgw=0.1618, reg=0.0000, time=76.18s.
-- 150/188 [79.8%], loss=0.1602, dgw=0.1602, reg=0.0000, time=70.13s.
-- 175/188 [93.1%], loss=0.1550, dgw=0.1550, reg=0.0000, time=79.29s.
-- 188/188 [100.0%], loss=0.1551, dgw=0.1551, reg=0.0000, time=36.81s.
fit: Epoch 5/15, loss = 0.1603, best loss = 0.1603
results/MUTAG_Jin_Multi_usl_tsne_fit_5.pdf
-- 25/188 [13.3%], loss=0.1503, dgw=0.1503, reg=0.0000, time=69.29s.
-- 50/188 [26.6%], loss=0.1513, dgw=0.1513, reg=0.0000, time=77.07s.
-- 75/188 [39.9%], loss=0.1494, dgw=0.1494, reg=0.0000, time=61.08s.
-- 100/188 [53.2%], loss=0.1473, dgw=0.1473, reg=0.0000, time=60.53s.
-- 125/188 [66.5%], loss=0.1506, dgw=0.1506, reg=0.0000, time=62.90s.
-- 150/188 [79.8%], loss=0.1483, dgw=0.1483, reg=0.0000, time=52.56s.
-- 175/188 [93.1%], loss=0.1458, dgw=0.1458, reg=0.0000, time=58.24s.
-- 188/188 [100.0%], loss=0.1435, dgw=0.1435, reg=0.0000, time=36.38s.
fit: Epoch 6/15, loss = 0.1486, best loss = 0.1486
results/MUTAG_Jin_Multi_usl_tsne_fit_6.pdf
-- 25/188 [13.3%], loss=0.1455, dgw=0.1455, reg=0.0000, time=83.44s.
-- 50/188 [26.6%], loss=0.1468, dgw=0.1468, reg=0.0000, time=76.98s.
-- 75/188 [39.9%], loss=0.1372, dgw=0.1372, reg=0.0000, time=65.97s.
-- 100/188 [53.2%], loss=0.1379, dgw=0.1379, reg=0.0000, time=69.44s.
-- 125/188 [66.5%], loss=0.1392, dgw=0.1392, reg=0.0000, time=54.24s.
-- 150/188 [79.8%], loss=0.1337, dgw=0.1337, reg=0.0000, time=60.29s.
-- 175/188 [93.1%], loss=0.1301, dgw=0.1301, reg=0.0000, time=65.94s.
-- 188/188 [100.0%], loss=0.1295, dgw=0.1295, reg=0.0000, time=36.50s.
fit: Epoch 7/15, loss = 0.1380, best loss = 0.1380
results/MUTAG_Jin_Multi_usl_tsne_fit_7.pdf
-- 25/188 [13.3%], loss=0.1326, dgw=0.1326, reg=0.0000, time=53.15s.
-- 50/188 [26.6%], loss=0.1323, dgw=0.1323, reg=0.0000, time=64.53s.
-- 75/188 [39.9%], loss=0.1303, dgw=0.1303, reg=0.0000, time=60.07s.
-- 100/188 [53.2%], loss=0.1292, dgw=0.1292, reg=0.0000, time=36.47s.
-- 125/188 [66.5%], loss=0.1239, dgw=0.1239, reg=0.0000, time=64.27s.
-- 150/188 [79.8%], loss=0.1279, dgw=0.1279, reg=0.0000, time=72.84s.
-- 175/188 [93.1%], loss=0.1232, dgw=0.1232, reg=0.0000, time=64.27s.
-- 188/188 [100.0%], loss=0.1241, dgw=0.1241, reg=0.0000, time=36.82s.
fit: Epoch 8/15, loss = 0.1282, best loss = 0.1282
results/MUTAG_Jin_Multi_usl_tsne_fit_8.pdf
-- 25/188 [13.3%], loss=0.1193, dgw=0.1193, reg=0.0000, time=35.60s.
-- 50/188 [26.6%], loss=0.1210, dgw=0.1210, reg=0.0000, time=72.14s.
-- 75/188 [39.9%], loss=0.1233, dgw=0.1233, reg=0.0000, time=62.15s.
-- 100/188 [53.2%], loss=0.1172, dgw=0.1172, reg=0.0000, time=47.53s.
-- 125/188 [66.5%], loss=0.1180, dgw=0.1180, reg=0.0000, time=44.07s.
-- 150/188 [79.8%], loss=0.1199, dgw=0.1199, reg=0.0000, time=68.27s.
-- 175/188 [93.1%], loss=0.1177, dgw=0.1177, reg=0.0000, time=47.74s.
-- 188/188 [100.0%], loss=0.1147, dgw=0.1147, reg=0.0000, time=36.84s.
fit: Epoch 9/15, loss = 0.1192, best loss = 0.1192
results/MUTAG_Jin_Multi_usl_tsne_fit_9.pdf
-- 25/188 [13.3%], loss=0.1125, dgw=0.1125, reg=0.0000, time=36.59s.
-- 50/188 [26.6%], loss=0.1143, dgw=0.1143, reg=0.0000, time=49.38s.
-- 75/188 [39.9%], loss=0.1126, dgw=0.1126, reg=0.0000, time=73.79s.
-- 100/188 [53.2%], loss=0.1086, dgw=0.1086, reg=0.0000, time=66.64s.
-- 125/188 [66.5%], loss=0.1099, dgw=0.1099, reg=0.0000, time=66.55s.
-- 150/188 [79.8%], loss=0.1098, dgw=0.1098, reg=0.0000, time=65.15s.
-- 175/188 [93.1%], loss=0.1112, dgw=0.1112, reg=0.0000, time=63.68s.
-- 188/188 [100.0%], loss=0.1083, dgw=0.1083, reg=0.0000, time=24.67s.
fit: Epoch 10/15, loss = 0.1111, best loss = 0.1111
results/MUTAG_Jin_Multi_usl_tsne_fit_10.pdf
-- 25/188 [13.3%], loss=0.1067, dgw=0.1067, reg=0.0000, time=54.53s.
-- 50/188 [26.6%], loss=0.1067, dgw=0.1067, reg=0.0000, time=65.77s.
-- 75/188 [39.9%], loss=0.1028, dgw=0.1028, reg=0.0000, time=67.49s.
-- 100/188 [53.2%], loss=0.1062, dgw=0.1062, reg=0.0000, time=69.81s.
-- 125/188 [66.5%], loss=0.1043, dgw=0.1043, reg=0.0000, time=64.11s.
-- 150/188 [79.8%], loss=0.1013, dgw=0.1013, reg=0.0000, time=60.40s.
-- 175/188 [93.1%], loss=0.1001, dgw=0.1001, reg=0.0000, time=72.52s.
-- 188/188 [100.0%], loss=0.0984, dgw=0.0984, reg=0.0000, time=26.68s.
fit: Epoch 11/15, loss = 0.1036, best loss = 0.1036
results/MUTAG_Jin_Multi_usl_tsne_fit_11.pdf
-- 25/188 [13.3%], loss=0.1013, dgw=0.1013, reg=0.0000, time=58.09s.
-- 50/188 [26.6%], loss=0.0982, dgw=0.0982, reg=0.0000, time=65.90s.
-- 75/188 [39.9%], loss=0.1004, dgw=0.1004, reg=0.0000, time=35.48s.
-- 100/188 [53.2%], loss=0.0992, dgw=0.0992, reg=0.0000, time=36.84s.
-- 125/188 [66.5%], loss=0.0946, dgw=0.0946, reg=0.0000, time=46.51s.
-- 150/188 [79.8%], loss=0.0937, dgw=0.0937, reg=0.0000, time=54.64s.
-- 175/188 [93.1%], loss=0.0933, dgw=0.0933, reg=0.0000, time=36.93s.
-- 188/188 [100.0%], loss=0.0913, dgw=0.0913, reg=0.0000, time=34.83s.
fit: Epoch 12/15, loss = 0.0968, best loss = 0.0968
results/MUTAG_Jin_Multi_usl_tsne_fit_12.pdf
-- 25/188 [13.3%], loss=0.0925, dgw=0.0925, reg=0.0000, time=24.03s.
-- 50/188 [26.6%], loss=0.0892, dgw=0.0892, reg=0.0000, time=57.13s.
-- 75/188 [39.9%], loss=0.0896, dgw=0.0896, reg=0.0000, time=69.37s.
-- 100/188 [53.2%], loss=0.0950, dgw=0.0950, reg=0.0000, time=76.73s.
-- 125/188 [66.5%], loss=0.0915, dgw=0.0915, reg=0.0000, time=68.40s.
-- 150/188 [79.8%], loss=0.0891, dgw=0.0891, reg=0.0000, time=71.81s.
-- 175/188 [93.1%], loss=0.0878, dgw=0.0878, reg=0.0000, time=53.95s.
-- 188/188 [100.0%], loss=0.0906, dgw=0.0906, reg=0.0000, time=25.95s.
fit: Epoch 13/15, loss = 0.0907, best loss = 0.0907
results/MUTAG_Jin_Multi_usl_tsne_fit_13.pdf
-- 25/188 [13.3%], loss=0.0884, dgw=0.0884, reg=0.0000, time=54.45s.
-- 50/188 [26.6%], loss=0.0858, dgw=0.0858, reg=0.0000, time=35.88s.
-- 75/188 [39.9%], loss=0.0836, dgw=0.0836, reg=0.0000, time=42.79s.
-- 100/188 [53.2%], loss=0.0869, dgw=0.0869, reg=0.0000, time=67.09s.
-- 125/188 [66.5%], loss=0.0913, dgw=0.0913, reg=0.0000, time=59.21s.
-- 150/188 [79.8%], loss=0.0850, dgw=0.0850, reg=0.0000, time=70.32s.
-- 175/188 [93.1%], loss=0.0931, dgw=0.0931, reg=0.0000, time=59.37s.
-- 188/188 [100.0%], loss=0.1059, dgw=0.1059, reg=0.0000, time=17.55s.
fit: Epoch 14/15, loss = 0.0890, best loss = 0.0890
results/MUTAG_Jin_Multi_usl_tsne_fit_14.pdf
-- 25/188 [13.3%], loss=0.1139, dgw=0.1139, reg=0.0000, time=33.01s.
-- 50/188 [26.6%], loss=0.1229, dgw=0.1229, reg=0.0000, time=56.64s.
-- 75/188 [39.9%], loss=0.1367, dgw=0.1367, reg=0.0000, time=63.64s.
-- 100/188 [53.2%], loss=0.1866, dgw=0.1866, reg=0.0000, time=47.86s.
-- 125/188 [66.5%], loss=0.2080, dgw=0.2080, reg=0.0000, time=61.26s.
-- 150/188 [79.8%], loss=0.2049, dgw=0.2049, reg=0.0000, time=47.88s.
-- 175/188 [93.1%], loss=0.2249, dgw=0.2249, reg=0.0000, time=55.23s.
-- 188/188 [100.0%], loss=0.2526, dgw=0.2526, reg=0.0000, time=33.27s.
fit: Epoch 15/15, loss = 0.1768, best loss = 0.0890
results/MUTAG_Jin_Multi_usl_tsne_fit_15.pdf
Best Acc  : 0.574468085106383
Rand Score: 0.5084765047218114
Done!
