-- 25/188 [13.3%], loss=0.2131, dgw=0.2131, reg=0.0000, time=20.21s.
-- 50/188 [26.6%], loss=0.2198, dgw=0.2198, reg=0.0000, time=17.85s.
-- 75/188 [39.9%], loss=0.2157, dgw=0.2157, reg=0.0000, time=17.57s.
-- 100/188 [53.2%], loss=0.2102, dgw=0.2102, reg=0.0000, time=19.28s.
-- 125/188 [66.5%], loss=0.2110, dgw=0.2110, reg=0.0000, time=18.56s.
-- 150/188 [79.8%], loss=0.2122, dgw=0.2122, reg=0.0000, time=18.34s.
-- 175/188 [93.1%], loss=0.2094, dgw=0.2094, reg=0.0000, time=24.59s.
-- 188/188 [100.0%], loss=0.1992, dgw=0.1992, reg=0.0000, time=17.45s.
fit: Epoch 1/15, loss = 0.2121, best loss = 0.2121
results/MUTAG_Chen_GW_usl_tsne_fit_1.pdf
-- 25/188 [13.3%], loss=0.1990, dgw=0.1990, reg=0.0000, time=50.85s.
-- 50/188 [26.6%], loss=0.2015, dgw=0.2015, reg=0.0000, time=43.38s.
-- 75/188 [39.9%], loss=0.1952, dgw=0.1952, reg=0.0000, time=44.97s.
-- 100/188 [53.2%], loss=0.1997, dgw=0.1997, reg=0.0000, time=27.31s.
-- 125/188 [66.5%], loss=0.1995, dgw=0.1995, reg=0.0000, time=46.13s.
-- 150/188 [79.8%], loss=0.1980, dgw=0.1980, reg=0.0000, time=41.62s.
-- 175/188 [93.1%], loss=0.1861, dgw=0.1861, reg=0.0000, time=62.91s.
-- 188/188 [100.0%], loss=0.1951, dgw=0.1951, reg=0.0000, time=27.30s.
fit: Epoch 2/15, loss = 0.1969, best loss = 0.1969
results/MUTAG_Chen_GW_usl_tsne_fit_2.pdf
-- 25/188 [13.3%], loss=0.1912, dgw=0.1912, reg=0.0000, time=44.60s.
-- 50/188 [26.6%], loss=0.1899, dgw=0.1899, reg=0.0000, time=50.41s.
-- 75/188 [39.9%], loss=0.1846, dgw=0.1846, reg=0.0000, time=33.05s.
-- 100/188 [53.2%], loss=0.1787, dgw=0.1787, reg=0.0000, time=55.60s.
-- 125/188 [66.5%], loss=0.1827, dgw=0.1827, reg=0.0000, time=62.28s.
-- 150/188 [79.8%], loss=0.1796, dgw=0.1796, reg=0.0000, time=46.39s.
-- 175/188 [93.1%], loss=0.1766, dgw=0.1766, reg=0.0000, time=46.45s.
-- 188/188 [100.0%], loss=0.1732, dgw=0.1732, reg=0.0000, time=24.60s.
fit: Epoch 3/15, loss = 0.1826, best loss = 0.1826
results/MUTAG_Chen_GW_usl_tsne_fit_3.pdf
-- 25/188 [13.3%], loss=0.1715, dgw=0.1715, reg=0.0000, time=45.73s.
-- 50/188 [26.6%], loss=0.1698, dgw=0.1698, reg=0.0000, time=50.09s.
-- 75/188 [39.9%], loss=0.1719, dgw=0.1719, reg=0.0000, time=35.94s.
-- 100/188 [53.2%], loss=0.1731, dgw=0.1731, reg=0.0000, time=49.82s.
-- 125/188 [66.5%], loss=0.1723, dgw=0.1723, reg=0.0000, time=55.82s.
-- 150/188 [79.8%], loss=0.1654, dgw=0.1654, reg=0.0000, time=58.26s.
-- 175/188 [93.1%], loss=0.1652, dgw=0.1652, reg=0.0000, time=60.61s.
-- 188/188 [100.0%], loss=0.1612, dgw=0.1612, reg=0.0000, time=28.94s.
fit: Epoch 4/15, loss = 0.1693, best loss = 0.1693
results/MUTAG_Chen_GW_usl_tsne_fit_4.pdf
-- 25/188 [13.3%], loss=0.1632, dgw=0.1632, reg=0.0000, time=50.22s.
-- 50/188 [26.6%], loss=0.1646, dgw=0.1646, reg=0.0000, time=50.28s.
-- 75/188 [39.9%], loss=0.1613, dgw=0.1613, reg=0.0000, time=57.02s.
-- 100/188 [53.2%], loss=0.1563, dgw=0.1563, reg=0.0000, time=54.71s.
-- 125/188 [66.5%], loss=0.1546, dgw=0.1546, reg=0.0000, time=56.92s.
-- 150/188 [79.8%], loss=0.1514, dgw=0.1514, reg=0.0000, time=44.41s.
-- 175/188 [93.1%], loss=0.1531, dgw=0.1531, reg=0.0000, time=50.46s.
-- 188/188 [100.0%], loss=0.1457, dgw=0.1457, reg=0.0000, time=31.63s.
fit: Epoch 5/15, loss = 0.1570, best loss = 0.1570
results/MUTAG_Chen_GW_usl_tsne_fit_5.pdf
-- 25/188 [13.3%], loss=0.1515, dgw=0.1515, reg=0.0000, time=59.06s.
-- 50/188 [26.6%], loss=0.1511, dgw=0.1511, reg=0.0000, time=60.99s.
-- 75/188 [39.9%], loss=0.1459, dgw=0.1459, reg=0.0000, time=68.72s.
-- 100/188 [53.2%], loss=0.1480, dgw=0.1480, reg=0.0000, time=47.27s.
-- 125/188 [66.5%], loss=0.1408, dgw=0.1408, reg=0.0000, time=47.45s.
-- 150/188 [79.8%], loss=0.1462, dgw=0.1462, reg=0.0000, time=55.29s.
-- 175/188 [93.1%], loss=0.1402, dgw=0.1402, reg=0.0000, time=51.15s.
-- 188/188 [100.0%], loss=0.1357, dgw=0.1357, reg=0.0000, time=21.22s.
fit: Epoch 6/15, loss = 0.1455, best loss = 0.1455
results/MUTAG_Chen_GW_usl_tsne_fit_6.pdf
-- 25/188 [13.3%], loss=0.1379, dgw=0.1379, reg=0.0000, time=67.88s.
-- 50/188 [26.6%], loss=0.1388, dgw=0.1388, reg=0.0000, time=59.33s.
-- 75/188 [39.9%], loss=0.1369, dgw=0.1369, reg=0.0000, time=43.04s.
-- 100/188 [53.2%], loss=0.1360, dgw=0.1360, reg=0.0000, time=40.36s.
-- 125/188 [66.5%], loss=0.1327, dgw=0.1327, reg=0.0000, time=43.48s.
-- 150/188 [79.8%], loss=0.1354, dgw=0.1354, reg=0.0000, time=40.96s.
-- 175/188 [93.1%], loss=0.1295, dgw=0.1295, reg=0.0000, time=38.43s.
-- 188/188 [100.0%], loss=0.1317, dgw=0.1317, reg=0.0000, time=31.01s.
fit: Epoch 7/15, loss = 0.1351, best loss = 0.1351
results/MUTAG_Chen_GW_usl_tsne_fit_7.pdf
-- 25/188 [13.3%], loss=0.1306, dgw=0.1306, reg=0.0000, time=44.59s.
-- 50/188 [26.6%], loss=0.1302, dgw=0.1302, reg=0.0000, time=52.88s.
-- 75/188 [39.9%], loss=0.1262, dgw=0.1262, reg=0.0000, time=60.93s.
-- 100/188 [53.2%], loss=0.1272, dgw=0.1272, reg=0.0000, time=53.08s.
-- 125/188 [66.5%], loss=0.1235, dgw=0.1235, reg=0.0000, time=52.65s.
-- 150/188 [79.8%], loss=0.1208, dgw=0.1208, reg=0.0000, time=46.43s.
-- 175/188 [93.1%], loss=0.1213, dgw=0.1213, reg=0.0000, time=45.94s.
-- 188/188 [100.0%], loss=0.1236, dgw=0.1236, reg=0.0000, time=29.62s.
fit: Epoch 8/15, loss = 0.1255, best loss = 0.1255
results/MUTAG_Chen_GW_usl_tsne_fit_8.pdf
-- 25/188 [13.3%], loss=0.1199, dgw=0.1199, reg=0.0000, time=30.78s.
-- 50/188 [26.6%], loss=0.1204, dgw=0.1204, reg=0.0000, time=47.90s.
-- 75/188 [39.9%], loss=0.1163, dgw=0.1163, reg=0.0000, time=42.08s.
-- 100/188 [53.2%], loss=0.1164, dgw=0.1164, reg=0.0000, time=43.60s.
-- 125/188 [66.5%], loss=0.1135, dgw=0.1135, reg=0.0000, time=30.72s.
-- 150/188 [79.8%], loss=0.1161, dgw=0.1161, reg=0.0000, time=60.02s.
-- 175/188 [93.1%], loss=0.1173, dgw=0.1173, reg=0.0000, time=61.12s.
-- 188/188 [100.0%], loss=0.1134, dgw=0.1134, reg=0.0000, time=29.24s.
fit: Epoch 9/15, loss = 0.1169, best loss = 0.1169
results/MUTAG_Chen_GW_usl_tsne_fit_9.pdf
-- 25/188 [13.3%], loss=0.1118, dgw=0.1118, reg=0.0000, time=42.58s.
-- 50/188 [26.6%], loss=0.1121, dgw=0.1121, reg=0.0000, time=47.23s.
-- 75/188 [39.9%], loss=0.1111, dgw=0.1111, reg=0.0000, time=49.35s.
-- 100/188 [53.2%], loss=0.1089, dgw=0.1089, reg=0.0000, time=53.97s.
-- 125/188 [66.5%], loss=0.1109, dgw=0.1109, reg=0.0000, time=40.68s.
-- 150/188 [79.8%], loss=0.1073, dgw=0.1073, reg=0.0000, time=51.78s.
-- 175/188 [93.1%], loss=0.1039, dgw=0.1039, reg=0.0000, time=50.97s.
-- 188/188 [100.0%], loss=0.1040, dgw=0.1040, reg=0.0000, time=32.65s.
fit: Epoch 10/15, loss = 0.1091, best loss = 0.1091
results/MUTAG_Chen_GW_usl_tsne_fit_10.pdf
-- 25/188 [13.3%], loss=0.1073, dgw=0.1073, reg=0.0000, time=53.72s.
-- 50/188 [26.6%], loss=0.1041, dgw=0.1041, reg=0.0000, time=56.15s.
-- 75/188 [39.9%], loss=0.1012, dgw=0.1012, reg=0.0000, time=46.99s.
-- 100/188 [53.2%], loss=0.1010, dgw=0.1010, reg=0.0000, time=39.52s.
-- 125/188 [66.5%], loss=0.1031, dgw=0.1031, reg=0.0000, time=54.59s.
-- 150/188 [79.8%], loss=0.1017, dgw=0.1017, reg=0.0000, time=60.43s.
-- 175/188 [93.1%], loss=0.0986, dgw=0.0986, reg=0.0000, time=41.01s.
-- 188/188 [100.0%], loss=0.0949, dgw=0.0949, reg=0.0000, time=21.30s.
fit: Epoch 11/15, loss = 0.1019, best loss = 0.1019
results/MUTAG_Chen_GW_usl_tsne_fit_11.pdf
-- 25/188 [13.3%], loss=0.0963, dgw=0.0963, reg=0.0000, time=46.31s.
-- 50/188 [26.6%], loss=0.0976, dgw=0.0976, reg=0.0000, time=73.78s.
-- 75/188 [39.9%], loss=0.0959, dgw=0.0959, reg=0.0000, time=45.82s.
-- 100/188 [53.2%], loss=0.0955, dgw=0.0955, reg=0.0000, time=53.10s.
-- 125/188 [66.5%], loss=0.0981, dgw=0.0981, reg=0.0000, time=57.36s.
-- 150/188 [79.8%], loss=0.0947, dgw=0.0947, reg=0.0000, time=44.56s.
-- 175/188 [93.1%], loss=0.0922, dgw=0.0922, reg=0.0000, time=42.44s.
-- 188/188 [100.0%], loss=0.0914, dgw=0.0914, reg=0.0000, time=25.84s.
fit: Epoch 12/15, loss = 0.0954, best loss = 0.0954
results/MUTAG_Chen_GW_usl_tsne_fit_12.pdf
-- 25/188 [13.3%], loss=0.0903, dgw=0.0903, reg=0.0000, time=50.44s.
-- 50/188 [26.6%], loss=0.0924, dgw=0.0924, reg=0.0000, time=53.04s.
-- 75/188 [39.9%], loss=0.0882, dgw=0.0882, reg=0.0000, time=40.44s.
-- 100/188 [53.2%], loss=0.0913, dgw=0.0913, reg=0.0000, time=43.29s.
-- 125/188 [66.5%], loss=0.0898, dgw=0.0898, reg=0.0000, time=58.49s.
-- 150/188 [79.8%], loss=0.0904, dgw=0.0904, reg=0.0000, time=41.13s.
-- 175/188 [93.1%], loss=0.0870, dgw=0.0870, reg=0.0000, time=51.50s.
-- 188/188 [100.0%], loss=0.0861, dgw=0.0861, reg=0.0000, time=29.28s.
fit: Epoch 13/15, loss = 0.0896, best loss = 0.0896
results/MUTAG_Chen_GW_usl_tsne_fit_13.pdf
-- 25/188 [13.3%], loss=0.0848, dgw=0.0848, reg=0.0000, time=52.33s.
-- 50/188 [26.6%], loss=0.0870, dgw=0.0870, reg=0.0000, time=57.32s.
-- 75/188 [39.9%], loss=0.0857, dgw=0.0857, reg=0.0000, time=53.52s.
-- 100/188 [53.2%], loss=0.0826, dgw=0.0826, reg=0.0000, time=41.96s.
-- 125/188 [66.5%], loss=0.0844, dgw=0.0844, reg=0.0000, time=51.92s.
-- 150/188 [79.8%], loss=0.0830, dgw=0.0830, reg=0.0000, time=50.84s.
-- 175/188 [93.1%], loss=0.0818, dgw=0.0818, reg=0.0000, time=51.29s.
-- 188/188 [100.0%], loss=0.0864, dgw=0.0864, reg=0.0000, time=27.97s.
fit: Epoch 14/15, loss = 0.0844, best loss = 0.0844
results/MUTAG_Chen_GW_usl_tsne_fit_14.pdf
-- 25/188 [13.3%], loss=0.0822, dgw=0.0822, reg=0.0000, time=55.80s.
-- 50/188 [26.6%], loss=0.0826, dgw=0.0826, reg=0.0000, time=38.56s.
-- 75/188 [39.9%], loss=0.0787, dgw=0.0787, reg=0.0000, time=48.22s.
-- 100/188 [53.2%], loss=0.0798, dgw=0.0798, reg=0.0000, time=45.07s.
-- 125/188 [66.5%], loss=0.0803, dgw=0.0803, reg=0.0000, time=38.48s.
-- 150/188 [79.8%], loss=0.0792, dgw=0.0792, reg=0.0000, time=55.49s.
-- 175/188 [93.1%], loss=0.0761, dgw=0.0761, reg=0.0000, time=60.31s.
-- 188/188 [100.0%], loss=0.0759, dgw=0.0759, reg=0.0000, time=32.31s.
fit: Epoch 15/15, loss = 0.0796, best loss = 0.0796
results/MUTAG_Chen_GW_usl_tsne_fit_15.pdf
Best Acc  : 0.5212765957446808
Rand Score: 0.49823643190351574
Done!
