-- 25/188 [13.3%], loss=0.2165, dgw=0.2165, reg=0.0000, time=53.38s.
-- 50/188 [26.6%], loss=0.2190, dgw=0.2190, reg=0.0000, time=44.17s.
-- 75/188 [39.9%], loss=0.2158, dgw=0.2158, reg=0.0000, time=40.84s.
-- 100/188 [53.2%], loss=0.2062, dgw=0.2062, reg=0.0000, time=35.43s.
-- 125/188 [66.5%], loss=0.2076, dgw=0.2076, reg=0.0000, time=37.91s.
-- 150/188 [79.8%], loss=0.2082, dgw=0.2082, reg=0.0000, time=41.20s.
-- 175/188 [93.1%], loss=0.2054, dgw=0.2054, reg=0.0000, time=55.25s.
-- 188/188 [100.0%], loss=0.2014, dgw=0.2014, reg=0.0000, time=26.82s.
fit: Epoch 1/15, loss = 0.2106, best loss = 0.2106
results/MUTAG_Chen_GW_usl_tsne_fit_1.pdf
-- 25/188 [13.3%], loss=0.2044, dgw=0.2044, reg=0.0000, time=60.58s.
-- 50/188 [26.6%], loss=0.1991, dgw=0.1991, reg=0.0000, time=52.78s.
-- 75/188 [39.9%], loss=0.2005, dgw=0.2005, reg=0.0000, time=33.52s.
-- 100/188 [53.2%], loss=0.1971, dgw=0.1971, reg=0.0000, time=37.41s.
-- 125/188 [66.5%], loss=0.1924, dgw=0.1924, reg=0.0000, time=54.25s.
-- 150/188 [79.8%], loss=0.1888, dgw=0.1888, reg=0.0000, time=50.71s.
-- 175/188 [93.1%], loss=0.1878, dgw=0.1878, reg=0.0000, time=48.37s.
-- 188/188 [100.0%], loss=0.1922, dgw=0.1922, reg=0.0000, time=31.27s.
fit: Epoch 2/15, loss = 0.1955, best loss = 0.1955
results/MUTAG_Chen_GW_usl_tsne_fit_2.pdf
-- 25/188 [13.3%], loss=0.1858, dgw=0.1858, reg=0.0000, time=47.81s.
-- 50/188 [26.6%], loss=0.1846, dgw=0.1846, reg=0.0000, time=33.84s.
-- 75/188 [39.9%], loss=0.1833, dgw=0.1833, reg=0.0000, time=70.48s.
-- 100/188 [53.2%], loss=0.1826, dgw=0.1826, reg=0.0000, time=68.86s.
-- 125/188 [66.5%], loss=0.1787, dgw=0.1787, reg=0.0000, time=56.77s.
-- 150/188 [79.8%], loss=0.1804, dgw=0.1804, reg=0.0000, time=45.64s.
-- 175/188 [93.1%], loss=0.1780, dgw=0.1780, reg=0.0000, time=59.21s.
-- 188/188 [100.0%], loss=0.1731, dgw=0.1731, reg=0.0000, time=28.29s.
fit: Epoch 3/15, loss = 0.1813, best loss = 0.1813
results/MUTAG_Chen_GW_usl_tsne_fit_3.pdf
-- 25/188 [13.3%], loss=0.1738, dgw=0.1738, reg=0.0000, time=61.67s.
-- 50/188 [26.6%], loss=0.1738, dgw=0.1738, reg=0.0000, time=53.85s.
-- 75/188 [39.9%], loss=0.1690, dgw=0.1690, reg=0.0000, time=49.00s.
-- 100/188 [53.2%], loss=0.1687, dgw=0.1687, reg=0.0000, time=50.12s.
-- 125/188 [66.5%], loss=0.1649, dgw=0.1649, reg=0.0000, time=66.55s.
-- 150/188 [79.8%], loss=0.1634, dgw=0.1634, reg=0.0000, time=67.46s.
-- 175/188 [93.1%], loss=0.1648, dgw=0.1648, reg=0.0000, time=46.51s.
-- 188/188 [100.0%], loss=0.1647, dgw=0.1647, reg=0.0000, time=32.32s.
fit: Epoch 4/15, loss = 0.1681, best loss = 0.1681
results/MUTAG_Chen_GW_usl_tsne_fit_4.pdf
-- 25/188 [13.3%], loss=0.1624, dgw=0.1624, reg=0.0000, time=56.93s.
-- 50/188 [26.6%], loss=0.1598, dgw=0.1598, reg=0.0000, time=54.37s.
-- 75/188 [39.9%], loss=0.1595, dgw=0.1595, reg=0.0000, time=56.72s.
-- 100/188 [53.2%], loss=0.1555, dgw=0.1555, reg=0.0000, time=52.46s.
-- 125/188 [66.5%], loss=0.1532, dgw=0.1532, reg=0.0000, time=51.09s.
-- 150/188 [79.8%], loss=0.1471, dgw=0.1471, reg=0.0000, time=62.16s.
-- 175/188 [93.1%], loss=0.1552, dgw=0.1552, reg=0.0000, time=66.55s.
-- 188/188 [100.0%], loss=0.1513, dgw=0.1513, reg=0.0000, time=29.55s.
fit: Epoch 5/15, loss = 0.1558, best loss = 0.1558
results/MUTAG_Chen_GW_usl_tsne_fit_5.pdf
-- 25/188 [13.3%], loss=0.1460, dgw=0.1460, reg=0.0000, time=43.66s.
-- 50/188 [26.6%], loss=0.1486, dgw=0.1486, reg=0.0000, time=46.06s.
-- 75/188 [39.9%], loss=0.1488, dgw=0.1488, reg=0.0000, time=43.91s.
-- 100/188 [53.2%], loss=0.1438, dgw=0.1438, reg=0.0000, time=49.11s.
-- 125/188 [66.5%], loss=0.1433, dgw=0.1433, reg=0.0000, time=65.41s.
-- 150/188 [79.8%], loss=0.1431, dgw=0.1431, reg=0.0000, time=51.84s.
-- 175/188 [93.1%], loss=0.1408, dgw=0.1408, reg=0.0000, time=55.90s.
-- 188/188 [100.0%], loss=0.1377, dgw=0.1377, reg=0.0000, time=26.47s.
fit: Epoch 6/15, loss = 0.1444, best loss = 0.1444
results/MUTAG_Chen_GW_usl_tsne_fit_6.pdf
-- 25/188 [13.3%], loss=0.1369, dgw=0.1369, reg=0.0000, time=26.07s.
-- 50/188 [26.6%], loss=0.1359, dgw=0.1359, reg=0.0000, time=51.35s.
-- 75/188 [39.9%], loss=0.1371, dgw=0.1371, reg=0.0000, time=34.02s.
-- 100/188 [53.2%], loss=0.1340, dgw=0.1340, reg=0.0000, time=46.82s.
-- 125/188 [66.5%], loss=0.1340, dgw=0.1340, reg=0.0000, time=42.26s.
-- 150/188 [79.8%], loss=0.1337, dgw=0.1337, reg=0.0000, time=65.33s.
-- 175/188 [93.1%], loss=0.1300, dgw=0.1300, reg=0.0000, time=56.75s.
-- 188/188 [100.0%], loss=0.1274, dgw=0.1274, reg=0.0000, time=17.25s.
fit: Epoch 7/15, loss = 0.1340, best loss = 0.1340
results/MUTAG_Chen_GW_usl_tsne_fit_7.pdf
-- 25/188 [13.3%], loss=0.1284, dgw=0.1284, reg=0.0000, time=34.52s.
-- 50/188 [26.6%], loss=0.1257, dgw=0.1257, reg=0.0000, time=29.14s.
-- 75/188 [39.9%], loss=0.1273, dgw=0.1273, reg=0.0000, time=63.06s.
-- 100/188 [53.2%], loss=0.1250, dgw=0.1250, reg=0.0000, time=66.62s.
-- 125/188 [66.5%], loss=0.1228, dgw=0.1228, reg=0.0000, time=59.10s.
-- 150/188 [79.8%], loss=0.1236, dgw=0.1236, reg=0.0000, time=60.33s.
-- 175/188 [93.1%], loss=0.1212, dgw=0.1212, reg=0.0000, time=49.51s.
-- 188/188 [100.0%], loss=0.1205, dgw=0.1205, reg=0.0000, time=25.54s.
fit: Epoch 8/15, loss = 0.1246, best loss = 0.1246
results/MUTAG_Chen_GW_usl_tsne_fit_8.pdf
-- 25/188 [13.3%], loss=0.1203, dgw=0.1203, reg=0.0000, time=38.04s.
-- 50/188 [26.6%], loss=0.1179, dgw=0.1179, reg=0.0000, time=36.41s.
-- 75/188 [39.9%], loss=0.1176, dgw=0.1176, reg=0.0000, time=56.76s.
-- 100/188 [53.2%], loss=0.1151, dgw=0.1151, reg=0.0000, time=54.44s.
-- 125/188 [66.5%], loss=0.1154, dgw=0.1154, reg=0.0000, time=59.90s.
-- 150/188 [79.8%], loss=0.1141, dgw=0.1141, reg=0.0000, time=51.57s.
-- 175/188 [93.1%], loss=0.1126, dgw=0.1126, reg=0.0000, time=54.79s.
-- 188/188 [100.0%], loss=0.1137, dgw=0.1137, reg=0.0000, time=21.96s.
fit: Epoch 9/15, loss = 0.1160, best loss = 0.1160
results/MUTAG_Chen_GW_usl_tsne_fit_9.pdf
-- 25/188 [13.3%], loss=0.1106, dgw=0.1106, reg=0.0000, time=31.26s.
-- 50/188 [26.6%], loss=0.1141, dgw=0.1141, reg=0.0000, time=51.76s.
-- 75/188 [39.9%], loss=0.1079, dgw=0.1079, reg=0.0000, time=54.53s.
-- 100/188 [53.2%], loss=0.1103, dgw=0.1103, reg=0.0000, time=40.26s.
-- 125/188 [66.5%], loss=0.1044, dgw=0.1044, reg=0.0000, time=43.77s.
-- 150/188 [79.8%], loss=0.1044, dgw=0.1044, reg=0.0000, time=42.67s.
-- 175/188 [93.1%], loss=0.1052, dgw=0.1052, reg=0.0000, time=46.07s.
-- 188/188 [100.0%], loss=0.1089, dgw=0.1089, reg=0.0000, time=26.79s.
fit: Epoch 10/15, loss = 0.1082, best loss = 0.1082
results/MUTAG_Chen_GW_usl_tsne_fit_10.pdf
-- 25/188 [13.3%], loss=0.1034, dgw=0.1034, reg=0.0000, time=52.80s.
-- 50/188 [26.6%], loss=0.1054, dgw=0.1054, reg=0.0000, time=56.86s.
-- 75/188 [39.9%], loss=0.1016, dgw=0.1016, reg=0.0000, time=61.54s.
-- 100/188 [53.2%], loss=0.1015, dgw=0.1015, reg=0.0000, time=50.19s.
-- 125/188 [66.5%], loss=0.1018, dgw=0.1018, reg=0.0000, time=33.91s.
-- 150/188 [79.8%], loss=0.0981, dgw=0.0981, reg=0.0000, time=43.07s.
-- 175/188 [93.1%], loss=0.0989, dgw=0.0989, reg=0.0000, time=54.68s.
-- 188/188 [100.0%], loss=0.0961, dgw=0.0961, reg=0.0000, time=29.21s.
fit: Epoch 11/15, loss = 0.1012, best loss = 0.1012
results/MUTAG_Chen_GW_usl_tsne_fit_11.pdf
-- 25/188 [13.3%], loss=0.0969, dgw=0.0969, reg=0.0000, time=51.42s.
-- 50/188 [26.6%], loss=0.0953, dgw=0.0953, reg=0.0000, time=55.86s.
-- 75/188 [39.9%], loss=0.0954, dgw=0.0954, reg=0.0000, time=42.40s.
-- 100/188 [53.2%], loss=0.0957, dgw=0.0957, reg=0.0000, time=52.30s.
-- 125/188 [66.5%], loss=0.0912, dgw=0.0912, reg=0.0000, time=45.58s.
-- 150/188 [79.8%], loss=0.0938, dgw=0.0938, reg=0.0000, time=58.54s.
-- 175/188 [93.1%], loss=0.0954, dgw=0.0954, reg=0.0000, time=60.54s.
-- 188/188 [100.0%], loss=0.0933, dgw=0.0933, reg=0.0000, time=22.29s.
fit: Epoch 12/15, loss = 0.0947, best loss = 0.0947
results/MUTAG_Chen_GW_usl_tsne_fit_12.pdf
-- 25/188 [13.3%], loss=0.0913, dgw=0.0913, reg=0.0000, time=40.17s.
-- 50/188 [26.6%], loss=0.0914, dgw=0.0914, reg=0.0000, time=45.43s.
-- 75/188 [39.9%], loss=0.0882, dgw=0.0882, reg=0.0000, time=44.80s.
-- 100/188 [53.2%], loss=0.0918, dgw=0.0918, reg=0.0000, time=52.83s.
-- 125/188 [66.5%], loss=0.0897, dgw=0.0897, reg=0.0000, time=56.22s.
-- 150/188 [79.8%], loss=0.0874, dgw=0.0874, reg=0.0000, time=50.05s.
-- 175/188 [93.1%], loss=0.0863, dgw=0.0863, reg=0.0000, time=50.74s.
-- 188/188 [100.0%], loss=0.0828, dgw=0.0828, reg=0.0000, time=18.35s.
fit: Epoch 13/15, loss = 0.0890, best loss = 0.0890
results/MUTAG_Chen_GW_usl_tsne_fit_13.pdf
-- 25/188 [13.3%], loss=0.0868, dgw=0.0868, reg=0.0000, time=53.75s.
-- 50/188 [26.6%], loss=0.0854, dgw=0.0854, reg=0.0000, time=47.54s.
-- 75/188 [39.9%], loss=0.0846, dgw=0.0846, reg=0.0000, time=49.95s.
-- 100/188 [53.2%], loss=0.0821, dgw=0.0821, reg=0.0000, time=55.59s.
-- 125/188 [66.5%], loss=0.0853, dgw=0.0853, reg=0.0000, time=52.26s.
-- 150/188 [79.8%], loss=0.0816, dgw=0.0816, reg=0.0000, time=66.50s.
-- 175/188 [93.1%], loss=0.0818, dgw=0.0818, reg=0.0000, time=67.42s.
-- 188/188 [100.0%], loss=0.0819, dgw=0.0819, reg=0.0000, time=13.41s.
fit: Epoch 14/15, loss = 0.0838, best loss = 0.0838
results/MUTAG_Chen_GW_usl_tsne_fit_14.pdf
-- 25/188 [13.3%], loss=0.0815, dgw=0.0815, reg=0.0000, time=41.64s.
-- 50/188 [26.6%], loss=0.0806, dgw=0.0806, reg=0.0000, time=38.00s.
-- 75/188 [39.9%], loss=0.0787, dgw=0.0787, reg=0.0000, time=43.66s.
-- 100/188 [53.2%], loss=0.0795, dgw=0.0795, reg=0.0000, time=52.29s.
-- 125/188 [66.5%], loss=0.0782, dgw=0.0782, reg=0.0000, time=61.18s.
-- 150/188 [79.8%], loss=0.0792, dgw=0.0792, reg=0.0000, time=39.33s.
-- 175/188 [93.1%], loss=0.0770, dgw=0.0770, reg=0.0000, time=48.35s.
-- 188/188 [100.0%], loss=0.0766, dgw=0.0766, reg=0.0000, time=19.98s.
fit: Epoch 15/15, loss = 0.0791, best loss = 0.0791
results/MUTAG_Chen_GW_usl_tsne_fit_15.pdf
Best Acc  : 0.6276595744680851
Rand Score: 0.5300944362271021
Done!
