-- 25/188 [13.3%], loss=0.2162, dgw=0.2162, reg=0.0000, time=35.90s.
-- 50/188 [26.6%], loss=0.2113, dgw=0.2113, reg=0.0000, time=42.69s.
-- 75/188 [39.9%], loss=0.2145, dgw=0.2145, reg=0.0000, time=45.00s.
-- 100/188 [53.2%], loss=0.2101, dgw=0.2101, reg=0.0000, time=50.12s.
-- 125/188 [66.5%], loss=0.2101, dgw=0.2101, reg=0.0000, time=58.08s.
-- 150/188 [79.8%], loss=0.2057, dgw=0.2057, reg=0.0000, time=55.53s.
-- 175/188 [93.1%], loss=0.2043, dgw=0.2043, reg=0.0000, time=44.25s.
-- 188/188 [100.0%], loss=0.2011, dgw=0.2011, reg=0.0000, time=26.31s.
fit: Epoch 1/15, loss = 0.2097, best loss = 0.2097
results/MUTAG_Chen_GW_usl_tsne_fit_1.pdf
-- 25/188 [13.3%], loss=0.2084, dgw=0.2084, reg=0.0000, time=23.63s.
-- 50/188 [26.6%], loss=0.1971, dgw=0.1971, reg=0.0000, time=51.48s.
-- 75/188 [39.9%], loss=0.1983, dgw=0.1983, reg=0.0000, time=66.20s.
-- 100/188 [53.2%], loss=0.1907, dgw=0.1907, reg=0.0000, time=61.59s.
-- 125/188 [66.5%], loss=0.1945, dgw=0.1945, reg=0.0000, time=51.72s.
-- 150/188 [79.8%], loss=0.1913, dgw=0.1913, reg=0.0000, time=68.74s.
-- 175/188 [93.1%], loss=0.1875, dgw=0.1875, reg=0.0000, time=39.61s.
-- 188/188 [100.0%], loss=0.1842, dgw=0.1842, reg=0.0000, time=22.42s.
fit: Epoch 2/15, loss = 0.1946, best loss = 0.1946
results/MUTAG_Chen_GW_usl_tsne_fit_2.pdf
-- 25/188 [13.3%], loss=0.1843, dgw=0.1843, reg=0.0000, time=55.54s.
-- 50/188 [26.6%], loss=0.1831, dgw=0.1831, reg=0.0000, time=36.41s.
-- 75/188 [39.9%], loss=0.1809, dgw=0.1809, reg=0.0000, time=53.97s.
-- 100/188 [53.2%], loss=0.1811, dgw=0.1811, reg=0.0000, time=39.73s.
-- 125/188 [66.5%], loss=0.1818, dgw=0.1818, reg=0.0000, time=57.24s.
-- 150/188 [79.8%], loss=0.1777, dgw=0.1777, reg=0.0000, time=63.37s.
-- 175/188 [93.1%], loss=0.1753, dgw=0.1753, reg=0.0000, time=55.04s.
-- 188/188 [100.0%], loss=0.1779, dgw=0.1779, reg=0.0000, time=17.55s.
fit: Epoch 3/15, loss = 0.1804, best loss = 0.1804
results/MUTAG_Chen_GW_usl_tsne_fit_3.pdf
-- 25/188 [13.3%], loss=0.1756, dgw=0.1756, reg=0.0000, time=44.11s.
-- 50/188 [26.6%], loss=0.1667, dgw=0.1667, reg=0.0000, time=53.20s.
-- 75/188 [39.9%], loss=0.1673, dgw=0.1673, reg=0.0000, time=45.19s.
-- 100/188 [53.2%], loss=0.1674, dgw=0.1674, reg=0.0000, time=68.14s.
-- 125/188 [66.5%], loss=0.1674, dgw=0.1674, reg=0.0000, time=45.73s.
-- 150/188 [79.8%], loss=0.1685, dgw=0.1685, reg=0.0000, time=44.48s.
-- 175/188 [93.1%], loss=0.1628, dgw=0.1628, reg=0.0000, time=56.07s.
-- 188/188 [100.0%], loss=0.1578, dgw=0.1578, reg=0.0000, time=24.78s.
fit: Epoch 4/15, loss = 0.1673, best loss = 0.1673
results/MUTAG_Chen_GW_usl_tsne_fit_4.pdf
-- 25/188 [13.3%], loss=0.1621, dgw=0.1621, reg=0.0000, time=60.26s.
-- 50/188 [26.6%], loss=0.1557, dgw=0.1557, reg=0.0000, time=49.18s.
-- 75/188 [39.9%], loss=0.1568, dgw=0.1568, reg=0.0000, time=58.26s.
-- 100/188 [53.2%], loss=0.1538, dgw=0.1538, reg=0.0000, time=48.23s.
-- 125/188 [66.5%], loss=0.1550, dgw=0.1550, reg=0.0000, time=49.64s.
-- 150/188 [79.8%], loss=0.1547, dgw=0.1547, reg=0.0000, time=42.73s.
-- 175/188 [93.1%], loss=0.1502, dgw=0.1502, reg=0.0000, time=64.19s.
-- 188/188 [100.0%], loss=0.1488, dgw=0.1488, reg=0.0000, time=28.00s.
fit: Epoch 5/15, loss = 0.1550, best loss = 0.1550
results/MUTAG_Chen_GW_usl_tsne_fit_5.pdf
-- 25/188 [13.3%], loss=0.1467, dgw=0.1467, reg=0.0000, time=70.49s.
-- 50/188 [26.6%], loss=0.1443, dgw=0.1443, reg=0.0000, time=51.28s.
-- 75/188 [39.9%], loss=0.1466, dgw=0.1466, reg=0.0000, time=48.76s.
-- 100/188 [53.2%], loss=0.1453, dgw=0.1453, reg=0.0000, time=54.05s.
-- 125/188 [66.5%], loss=0.1408, dgw=0.1408, reg=0.0000, time=52.33s.
-- 150/188 [79.8%], loss=0.1417, dgw=0.1417, reg=0.0000, time=44.77s.
-- 175/188 [93.1%], loss=0.1432, dgw=0.1432, reg=0.0000, time=31.58s.
-- 188/188 [100.0%], loss=0.1400, dgw=0.1400, reg=0.0000, time=27.63s.
fit: Epoch 6/15, loss = 0.1438, best loss = 0.1438
results/MUTAG_Chen_GW_usl_tsne_fit_6.pdf
-- 25/188 [13.3%], loss=0.1409, dgw=0.1409, reg=0.0000, time=45.44s.
-- 50/188 [26.6%], loss=0.1358, dgw=0.1358, reg=0.0000, time=23.78s.
-- 75/188 [39.9%], loss=0.1378, dgw=0.1378, reg=0.0000, time=69.39s.
-- 100/188 [53.2%], loss=0.1337, dgw=0.1337, reg=0.0000, time=46.24s.
-- 125/188 [66.5%], loss=0.1327, dgw=0.1327, reg=0.0000, time=38.86s.
-- 150/188 [79.8%], loss=0.1271, dgw=0.1271, reg=0.0000, time=59.54s.
-- 175/188 [93.1%], loss=0.1297, dgw=0.1297, reg=0.0000, time=58.63s.
-- 188/188 [100.0%], loss=0.1290, dgw=0.1290, reg=0.0000, time=24.65s.
fit: Epoch 7/15, loss = 0.1336, best loss = 0.1336
results/MUTAG_Chen_GW_usl_tsne_fit_7.pdf
-- 25/188 [13.3%], loss=0.1287, dgw=0.1287, reg=0.0000, time=43.71s.
-- 50/188 [26.6%], loss=0.1234, dgw=0.1234, reg=0.0000, time=64.08s.
-- 75/188 [39.9%], loss=0.1282, dgw=0.1282, reg=0.0000, time=55.20s.
-- 100/188 [53.2%], loss=0.1262, dgw=0.1262, reg=0.0000, time=76.69s.
-- 125/188 [66.5%], loss=0.1251, dgw=0.1251, reg=0.0000, time=39.25s.
-- 150/188 [79.8%], loss=0.1249, dgw=0.1249, reg=0.0000, time=47.27s.
-- 175/188 [93.1%], loss=0.1225, dgw=0.1225, reg=0.0000, time=48.21s.
-- 188/188 [100.0%], loss=0.1150, dgw=0.1150, reg=0.0000, time=28.23s.
fit: Epoch 8/15, loss = 0.1248, best loss = 0.1248
results/MUTAG_Chen_GW_usl_tsne_fit_8.pdf
-- 25/188 [13.3%], loss=0.1233, dgw=0.1233, reg=0.0000, time=49.53s.
-- 50/188 [26.6%], loss=0.1186, dgw=0.1186, reg=0.0000, time=63.69s.
-- 75/188 [39.9%], loss=0.1176, dgw=0.1176, reg=0.0000, time=69.42s.
-- 100/188 [53.2%], loss=0.1166, dgw=0.1166, reg=0.0000, time=52.82s.
-- 125/188 [66.5%], loss=0.1161, dgw=0.1161, reg=0.0000, time=52.70s.
-- 150/188 [79.8%], loss=0.1146, dgw=0.1146, reg=0.0000, time=67.32s.
-- 175/188 [93.1%], loss=0.1106, dgw=0.1106, reg=0.0000, time=52.39s.
-- 188/188 [100.0%], loss=0.1118, dgw=0.1118, reg=0.0000, time=21.01s.
fit: Epoch 9/15, loss = 0.1164, best loss = 0.1164
results/MUTAG_Chen_GW_usl_tsne_fit_9.pdf
-- 25/188 [13.3%], loss=0.1163, dgw=0.1163, reg=0.0000, time=39.16s.
-- 50/188 [26.6%], loss=0.1112, dgw=0.1112, reg=0.0000, time=48.31s.
-- 75/188 [39.9%], loss=0.1142, dgw=0.1142, reg=0.0000, time=68.60s.
-- 100/188 [53.2%], loss=0.1077, dgw=0.1077, reg=0.0000, time=66.18s.
-- 125/188 [66.5%], loss=0.1225, dgw=0.1225, reg=0.0000, time=51.25s.
-- 150/188 [79.8%], loss=0.1070, dgw=0.1070, reg=0.0000, time=63.28s.
-- 175/188 [93.1%], loss=0.1144, dgw=0.1144, reg=0.0000, time=62.93s.
-- 188/188 [100.0%], loss=0.1101, dgw=0.1101, reg=0.0000, time=25.03s.
fit: Epoch 10/15, loss = 0.1131, best loss = 0.1131
results/MUTAG_Chen_GW_usl_tsne_fit_10.pdf
-- 25/188 [13.3%], loss=0.1441, dgw=0.1441, reg=0.0000, time=69.04s.
-- 50/188 [26.6%], loss=0.1394, dgw=0.1394, reg=0.0000, time=72.10s.
-- 75/188 [39.9%], loss=0.1600, dgw=0.1600, reg=0.0000, time=68.76s.
-- 100/188 [53.2%], loss=0.1692, dgw=0.1692, reg=0.0000, time=58.68s.
-- 125/188 [66.5%], loss=0.1598, dgw=0.1598, reg=0.0000, time=64.52s.
-- 150/188 [79.8%], loss=0.2201, dgw=0.2201, reg=0.0000, time=58.40s.
-- 175/188 [93.1%], loss=0.2440, dgw=0.2440, reg=0.0000, time=66.49s.
-- 188/188 [100.0%], loss=0.2349, dgw=0.2349, reg=0.0000, time=26.70s.
fit: Epoch 11/15, loss = 0.1807, best loss = 0.1131
results/MUTAG_Chen_GW_usl_tsne_fit_11.pdf
-- 25/188 [13.3%], loss=0.2352, dgw=0.2352, reg=0.0000, time=49.66s.
-- 50/188 [26.6%], loss=0.2510, dgw=0.2510, reg=0.0000, time=61.16s.
-- 75/188 [39.9%], loss=0.2495, dgw=0.2495, reg=0.0000, time=61.71s.
-- 100/188 [53.2%], loss=0.2481, dgw=0.2481, reg=0.0000, time=45.93s.
-- 125/188 [66.5%], loss=0.2549, dgw=0.2549, reg=0.0000, time=40.84s.
-- 150/188 [79.8%], loss=0.2525, dgw=0.2525, reg=0.0000, time=57.80s.
-- 175/188 [93.1%], loss=0.2529, dgw=0.2529, reg=0.0000, time=71.86s.
-- 188/188 [100.0%], loss=0.2643, dgw=0.2643, reg=0.0000, time=26.93s.
fit: Epoch 12/15, loss = 0.2502, best loss = 0.1131
results/MUTAG_Chen_GW_usl_tsne_fit_12.pdf
-- 25/188 [13.3%], loss=0.2605, dgw=0.2605, reg=0.0000, time=43.56s.
-- 50/188 [26.6%], loss=0.2656, dgw=0.2656, reg=0.0000, time=44.11s.
-- 75/188 [39.9%], loss=0.2735, dgw=0.2735, reg=0.0000, time=48.26s.
-- 100/188 [53.2%], loss=0.2903, dgw=0.2903, reg=0.0000, time=44.49s.
-- 125/188 [66.5%], loss=0.2610, dgw=0.2610, reg=0.0000, time=48.77s.
-- 150/188 [79.8%], loss=0.3542, dgw=0.3542, reg=0.0000, time=49.13s.
-- 175/188 [93.1%], loss=0.2944, dgw=0.2944, reg=0.0000, time=42.98s.
-- 188/188 [100.0%], loss=0.3741, dgw=0.3741, reg=0.0000, time=30.15s.
fit: Epoch 13/15, loss = 0.2918, best loss = 0.1131
results/MUTAG_Chen_GW_usl_tsne_fit_13.pdf
-- 25/188 [13.3%], loss=0.4195, dgw=0.4195, reg=0.0000, time=36.68s.
-- 50/188 [26.6%], loss=0.3830, dgw=0.3830, reg=0.0000, time=53.05s.
-- 75/188 [39.9%], loss=0.3444, dgw=0.3444, reg=0.0000, time=39.60s.
-- 100/188 [53.2%], loss=0.3943, dgw=0.3943, reg=0.0000, time=57.92s.
-- 125/188 [66.5%], loss=0.3471, dgw=0.3471, reg=0.0000, time=64.56s.
-- 150/188 [79.8%], loss=0.2754, dgw=0.2754, reg=0.0000, time=48.90s.
-- 175/188 [93.1%], loss=0.3031, dgw=0.3031, reg=0.0000, time=73.02s.
-- 188/188 [100.0%], loss=0.2884, dgw=0.2884, reg=0.0000, time=12.61s.
fit: Epoch 14/15, loss = 0.3480, best loss = 0.1131
results/MUTAG_Chen_GW_usl_tsne_fit_14.pdf
-- 25/188 [13.3%], loss=0.2746, dgw=0.2746, reg=0.0000, time=55.19s.
-- 50/188 [26.6%], loss=0.2656, dgw=0.2656, reg=0.0000, time=56.58s.
-- 75/188 [39.9%], loss=0.2773, dgw=0.2773, reg=0.0000, time=46.32s.
-- 100/188 [53.2%], loss=0.2465, dgw=0.2465, reg=0.0000, time=39.85s.
-- 125/188 [66.5%], loss=0.2675, dgw=0.2675, reg=0.0000, time=53.68s.
-- 150/188 [79.8%], loss=0.2426, dgw=0.2426, reg=0.0000, time=49.02s.
-- 175/188 [93.1%], loss=0.2678, dgw=0.2678, reg=0.0000, time=68.69s.
-- 188/188 [100.0%], loss=0.2530, dgw=0.2530, reg=0.0000, time=34.49s.
fit: Epoch 15/15, loss = 0.2624, best loss = 0.1131
results/MUTAG_Chen_GW_usl_tsne_fit_15.pdf
Best Acc  : 0.5851063829787234
Rand Score: 0.5118898623279099
Done!
