-- 25/188 [13.3%], loss=0.2136, dgw=0.2136, reg=0.0000, time=52.60s.
-- 50/188 [26.6%], loss=0.2119, dgw=0.2119, reg=0.0000, time=57.06s.
-- 75/188 [39.9%], loss=0.2113, dgw=0.2113, reg=0.0000, time=54.68s.
-- 100/188 [53.2%], loss=0.2106, dgw=0.2106, reg=0.0000, time=53.29s.
-- 125/188 [66.5%], loss=0.2106, dgw=0.2106, reg=0.0000, time=67.20s.
-- 150/188 [79.8%], loss=0.2032, dgw=0.2032, reg=0.0000, time=70.76s.
-- 175/188 [93.1%], loss=0.2044, dgw=0.2044, reg=0.0000, time=63.59s.
-- 188/188 [100.0%], loss=0.2005, dgw=0.2005, reg=0.0000, time=39.92s.
fit: Epoch 1/15, loss = 0.2088, best loss = 0.2088
results/MUTAG_Chen_GW_usl_tsne_fit_1.pdf
-- 25/188 [13.3%], loss=0.1997, dgw=0.1997, reg=0.0000, time=61.68s.
-- 50/188 [26.6%], loss=0.1948, dgw=0.1948, reg=0.0000, time=70.00s.
-- 75/188 [39.9%], loss=0.2001, dgw=0.2001, reg=0.0000, time=51.06s.
-- 100/188 [53.2%], loss=0.1964, dgw=0.1964, reg=0.0000, time=46.72s.
-- 125/188 [66.5%], loss=0.1934, dgw=0.1934, reg=0.0000, time=47.13s.
-- 150/188 [79.8%], loss=0.1854, dgw=0.1854, reg=0.0000, time=84.00s.
-- 175/188 [93.1%], loss=0.1915, dgw=0.1915, reg=0.0000, time=56.29s.
-- 188/188 [100.0%], loss=0.1849, dgw=0.1849, reg=0.0000, time=44.98s.
fit: Epoch 2/15, loss = 0.1938, best loss = 0.1938
results/MUTAG_Chen_GW_usl_tsne_fit_2.pdf
-- 25/188 [13.3%], loss=0.1896, dgw=0.1896, reg=0.0000, time=66.87s.
-- 50/188 [26.6%], loss=0.1795, dgw=0.1795, reg=0.0000, time=66.94s.
-- 75/188 [39.9%], loss=0.1791, dgw=0.1791, reg=0.0000, time=70.92s.
-- 100/188 [53.2%], loss=0.1825, dgw=0.1825, reg=0.0000, time=41.53s.
-- 125/188 [66.5%], loss=0.1766, dgw=0.1766, reg=0.0000, time=55.23s.
-- 150/188 [79.8%], loss=0.1826, dgw=0.1826, reg=0.0000, time=78.02s.
-- 175/188 [93.1%], loss=0.1744, dgw=0.1744, reg=0.0000, time=77.30s.
-- 188/188 [100.0%], loss=0.1686, dgw=0.1686, reg=0.0000, time=37.63s.
fit: Epoch 3/15, loss = 0.1798, best loss = 0.1798
results/MUTAG_Chen_GW_usl_tsne_fit_3.pdf
-- 25/188 [13.3%], loss=0.1748, dgw=0.1748, reg=0.0000, time=55.81s.
-- 50/188 [26.6%], loss=0.1706, dgw=0.1706, reg=0.0000, time=70.74s.
-- 75/188 [39.9%], loss=0.1668, dgw=0.1668, reg=0.0000, time=66.35s.
-- 100/188 [53.2%], loss=0.1681, dgw=0.1681, reg=0.0000, time=63.54s.
-- 125/188 [66.5%], loss=0.1693, dgw=0.1693, reg=0.0000, time=59.41s.
-- 150/188 [79.8%], loss=0.1654, dgw=0.1654, reg=0.0000, time=70.12s.
-- 175/188 [93.1%], loss=0.1570, dgw=0.1570, reg=0.0000, time=74.89s.
-- 188/188 [100.0%], loss=0.1569, dgw=0.1569, reg=0.0000, time=28.47s.
fit: Epoch 4/15, loss = 0.1667, best loss = 0.1667
results/MUTAG_Chen_GW_usl_tsne_fit_4.pdf
-- 25/188 [13.3%], loss=0.1608, dgw=0.1608, reg=0.0000, time=69.13s.
-- 50/188 [26.6%], loss=0.1580, dgw=0.1580, reg=0.0000, time=57.85s.
-- 75/188 [39.9%], loss=0.1573, dgw=0.1573, reg=0.0000, time=59.61s.
-- 100/188 [53.2%], loss=0.1540, dgw=0.1540, reg=0.0000, time=66.58s.
-- 125/188 [66.5%], loss=0.1527, dgw=0.1527, reg=0.0000, time=43.26s.
-- 150/188 [79.8%], loss=0.1521, dgw=0.1521, reg=0.0000, time=68.05s.
-- 175/188 [93.1%], loss=0.1501, dgw=0.1501, reg=0.0000, time=79.15s.
-- 188/188 [100.0%], loss=0.1482, dgw=0.1482, reg=0.0000, time=44.49s.
fit: Epoch 5/15, loss = 0.1545, best loss = 0.1545
results/MUTAG_Chen_GW_usl_tsne_fit_5.pdf
-- 25/188 [13.3%], loss=0.1461, dgw=0.1461, reg=0.0000, time=77.91s.
-- 50/188 [26.6%], loss=0.1456, dgw=0.1456, reg=0.0000, time=56.54s.
-- 75/188 [39.9%], loss=0.1435, dgw=0.1435, reg=0.0000, time=50.04s.
-- 100/188 [53.2%], loss=0.1452, dgw=0.1452, reg=0.0000, time=57.18s.
-- 125/188 [66.5%], loss=0.1419, dgw=0.1419, reg=0.0000, time=55.32s.
-- 150/188 [79.8%], loss=0.1442, dgw=0.1442, reg=0.0000, time=71.73s.
-- 175/188 [93.1%], loss=0.1408, dgw=0.1408, reg=0.0000, time=84.83s.
-- 188/188 [100.0%], loss=0.1347, dgw=0.1347, reg=0.0000, time=48.93s.
fit: Epoch 6/15, loss = 0.1433, best loss = 0.1433
results/MUTAG_Chen_GW_usl_tsne_fit_6.pdf
-- 25/188 [13.3%], loss=0.1359, dgw=0.1359, reg=0.0000, time=47.95s.
-- 50/188 [26.6%], loss=0.1362, dgw=0.1362, reg=0.0000, time=57.71s.
-- 75/188 [39.9%], loss=0.1361, dgw=0.1361, reg=0.0000, time=58.31s.
-- 100/188 [53.2%], loss=0.1362, dgw=0.1362, reg=0.0000, time=56.97s.
-- 125/188 [66.5%], loss=0.1282, dgw=0.1282, reg=0.0000, time=60.41s.
-- 150/188 [79.8%], loss=0.1308, dgw=0.1308, reg=0.0000, time=73.30s.
-- 175/188 [93.1%], loss=0.1285, dgw=0.1285, reg=0.0000, time=82.21s.
-- 188/188 [100.0%], loss=0.1308, dgw=0.1308, reg=0.0000, time=26.57s.
fit: Epoch 7/15, loss = 0.1330, best loss = 0.1330
results/MUTAG_Chen_GW_usl_tsne_fit_7.pdf
-- 25/188 [13.3%], loss=0.1261, dgw=0.1261, reg=0.0000, time=45.23s.
-- 50/188 [26.6%], loss=0.1284, dgw=0.1284, reg=0.0000, time=60.53s.
-- 75/188 [39.9%], loss=0.1253, dgw=0.1253, reg=0.0000, time=80.81s.
-- 100/188 [53.2%], loss=0.1244, dgw=0.1244, reg=0.0000, time=75.42s.
-- 125/188 [66.5%], loss=0.1220, dgw=0.1220, reg=0.0000, time=65.68s.
-- 150/188 [79.8%], loss=0.1229, dgw=0.1229, reg=0.0000, time=76.16s.
-- 175/188 [93.1%], loss=0.1182, dgw=0.1182, reg=0.0000, time=41.14s.
-- 188/188 [100.0%], loss=0.1192, dgw=0.1192, reg=0.0000, time=43.48s.
fit: Epoch 8/15, loss = 0.1236, best loss = 0.1236
results/MUTAG_Chen_GW_usl_tsne_fit_8.pdf
-- 25/188 [13.3%], loss=0.1199, dgw=0.1199, reg=0.0000, time=33.95s.
-- 50/188 [26.6%], loss=0.1174, dgw=0.1174, reg=0.0000, time=62.85s.
-- 75/188 [39.9%], loss=0.1162, dgw=0.1162, reg=0.0000, time=76.78s.
-- 100/188 [53.2%], loss=0.1146, dgw=0.1146, reg=0.0000, time=73.99s.
-- 125/188 [66.5%], loss=0.1129, dgw=0.1129, reg=0.0000, time=86.93s.
-- 150/188 [79.8%], loss=0.1150, dgw=0.1150, reg=0.0000, time=62.23s.
-- 175/188 [93.1%], loss=0.1122, dgw=0.1122, reg=0.0000, time=68.02s.
-- 188/188 [100.0%], loss=0.1096, dgw=0.1096, reg=0.0000, time=24.01s.
fit: Epoch 9/15, loss = 0.1151, best loss = 0.1151
results/MUTAG_Chen_GW_usl_tsne_fit_9.pdf
-- 25/188 [13.3%], loss=0.1078, dgw=0.1078, reg=0.0000, time=57.66s.
-- 50/188 [26.6%], loss=0.1072, dgw=0.1072, reg=0.0000, time=60.61s.
-- 75/188 [39.9%], loss=0.1123, dgw=0.1123, reg=0.0000, time=63.79s.
-- 100/188 [53.2%], loss=0.1083, dgw=0.1083, reg=0.0000, time=70.38s.
-- 125/188 [66.5%], loss=0.1055, dgw=0.1055, reg=0.0000, time=62.19s.
-- 150/188 [79.8%], loss=0.1067, dgw=0.1067, reg=0.0000, time=75.72s.
-- 175/188 [93.1%], loss=0.1050, dgw=0.1050, reg=0.0000, time=79.21s.
-- 188/188 [100.0%], loss=0.1041, dgw=0.1041, reg=0.0000, time=29.52s.
fit: Epoch 10/15, loss = 0.1073, best loss = 0.1073
results/MUTAG_Chen_GW_usl_tsne_fit_10.pdf
-- 25/188 [13.3%], loss=0.1074, dgw=0.1074, reg=0.0000, time=52.68s.
-- 50/188 [26.6%], loss=0.1018, dgw=0.1018, reg=0.0000, time=60.10s.
-- 75/188 [39.9%], loss=0.1007, dgw=0.1007, reg=0.0000, time=68.23s.
-- 100/188 [53.2%], loss=0.1001, dgw=0.1001, reg=0.0000, time=74.14s.
-- 125/188 [66.5%], loss=0.0996, dgw=0.0996, reg=0.0000, time=67.04s.
-- 150/188 [79.8%], loss=0.0990, dgw=0.0990, reg=0.0000, time=59.42s.
-- 175/188 [93.1%], loss=0.0978, dgw=0.0978, reg=0.0000, time=54.53s.
-- 188/188 [100.0%], loss=0.0932, dgw=0.0932, reg=0.0000, time=33.43s.
fit: Epoch 11/15, loss = 0.1004, best loss = 0.1004
results/MUTAG_Chen_GW_usl_tsne_fit_11.pdf
-- 25/188 [13.3%], loss=0.0961, dgw=0.0961, reg=0.0000, time=36.32s.
-- 50/188 [26.6%], loss=0.0962, dgw=0.0962, reg=0.0000, time=65.66s.
-- 75/188 [39.9%], loss=0.0936, dgw=0.0936, reg=0.0000, time=58.60s.
-- 100/188 [53.2%], loss=0.0956, dgw=0.0956, reg=0.0000, time=42.78s.
-- 125/188 [66.5%], loss=0.0933, dgw=0.0933, reg=0.0000, time=53.65s.
-- 150/188 [79.8%], loss=0.0921, dgw=0.0921, reg=0.0000, time=56.62s.
-- 175/188 [93.1%], loss=0.0938, dgw=0.0938, reg=0.0000, time=49.62s.
-- 188/188 [100.0%], loss=0.0897, dgw=0.0897, reg=0.0000, time=42.78s.
fit: Epoch 12/15, loss = 0.0941, best loss = 0.0941
results/MUTAG_Chen_GW_usl_tsne_fit_12.pdf
-- 25/188 [13.3%], loss=0.0903, dgw=0.0903, reg=0.0000, time=58.92s.
-- 50/188 [26.6%], loss=0.0867, dgw=0.0867, reg=0.0000, time=69.30s.
-- 75/188 [39.9%], loss=0.0876, dgw=0.0876, reg=0.0000, time=62.71s.
-- 100/188 [53.2%], loss=0.0892, dgw=0.0892, reg=0.0000, time=40.08s.
-- 125/188 [66.5%], loss=0.0893, dgw=0.0893, reg=0.0000, time=44.00s.
-- 150/188 [79.8%], loss=0.0892, dgw=0.0892, reg=0.0000, time=39.86s.
-- 175/188 [93.1%], loss=0.0865, dgw=0.0865, reg=0.0000, time=58.40s.
-- 188/188 [100.0%], loss=0.0885, dgw=0.0885, reg=0.0000, time=6.80s.
fit: Epoch 13/15, loss = 0.0884, best loss = 0.0884
results/MUTAG_Chen_GW_usl_tsne_fit_13.pdf
-- 25/188 [13.3%], loss=0.0847, dgw=0.0847, reg=0.0000, time=48.76s.
-- 50/188 [26.6%], loss=0.0849, dgw=0.0849, reg=0.0000, time=52.30s.
-- 75/188 [39.9%], loss=0.0853, dgw=0.0853, reg=0.0000, time=52.09s.
-- 100/188 [53.2%], loss=0.0829, dgw=0.0829, reg=0.0000, time=59.30s.
-- 125/188 [66.5%], loss=0.0828, dgw=0.0828, reg=0.0000, time=61.93s.
-- 150/188 [79.8%], loss=0.0820, dgw=0.0820, reg=0.0000, time=63.22s.
-- 175/188 [93.1%], loss=0.0816, dgw=0.0816, reg=0.0000, time=59.47s.
-- 188/188 [100.0%], loss=0.0819, dgw=0.0819, reg=0.0000, time=24.15s.
fit: Epoch 14/15, loss = 0.0833, best loss = 0.0833
results/MUTAG_Chen_GW_usl_tsne_fit_14.pdf
-- 25/188 [13.3%], loss=0.0806, dgw=0.0806, reg=0.0000, time=51.08s.
-- 50/188 [26.6%], loss=0.0795, dgw=0.0795, reg=0.0000, time=50.24s.
-- 75/188 [39.9%], loss=0.0794, dgw=0.0794, reg=0.0000, time=57.43s.
-- 100/188 [53.2%], loss=0.0785, dgw=0.0785, reg=0.0000, time=48.28s.
-- 125/188 [66.5%], loss=0.0789, dgw=0.0789, reg=0.0000, time=62.48s.
-- 150/188 [79.8%], loss=0.0789, dgw=0.0789, reg=0.0000, time=62.69s.
-- 175/188 [93.1%], loss=0.0768, dgw=0.0768, reg=0.0000, time=61.57s.
-- 188/188 [100.0%], loss=0.0772, dgw=0.0772, reg=0.0000, time=31.06s.
fit: Epoch 15/15, loss = 0.0788, best loss = 0.0788
results/MUTAG_Chen_GW_usl_tsne_fit_15.pdf
Best Acc  : 0.5478723404255319
Rand Score: 0.5019342359767892
Done!
