-- 25/344 [7.3%], loss=0.2118, dgw=0.2118, reg=0.0000, time=20.06s.
-- 50/344 [14.5%], loss=0.2015, dgw=0.2015, reg=0.0000, time=22.28s.
-- 75/344 [21.8%], loss=0.2048, dgw=0.2048, reg=0.0000, time=22.21s.
-- 100/344 [29.1%], loss=0.2040, dgw=0.2040, reg=0.0000, time=17.76s.
-- 125/344 [36.3%], loss=0.1940, dgw=0.1940, reg=0.0000, time=20.01s.
-- 150/344 [43.6%], loss=0.2059, dgw=0.2059, reg=0.0000, time=17.91s.
-- 175/344 [50.9%], loss=0.2029, dgw=0.2029, reg=0.0000, time=26.22s.
-- 200/344 [58.1%], loss=0.1655, dgw=0.1655, reg=0.0000, time=56.69s.
-- 225/344 [65.4%], loss=0.1874, dgw=0.1874, reg=0.0000, time=54.79s.
-- 250/344 [72.7%], loss=0.1959, dgw=0.1959, reg=0.0000, time=40.80s.
-- 275/344 [79.9%], loss=0.1951, dgw=0.1951, reg=0.0000, time=37.81s.
-- 300/344 [87.2%], loss=0.1926, dgw=0.1926, reg=0.0000, time=40.28s.
-- 325/344 [94.5%], loss=0.1871, dgw=0.1871, reg=0.0000, time=49.11s.
-- 344/344 [100.0%], loss=0.1760, dgw=0.1760, reg=0.0000, time=37.32s.
fit: Epoch 1/15, loss = 0.1949, best loss = 0.1949
results/PTC_MR_Jin_Spectral_usl_tsne_fit_1.pdf
-- 25/344 [7.3%], loss=0.1867, dgw=0.1867, reg=0.0000, time=51.30s.
-- 50/344 [14.5%], loss=0.1801, dgw=0.1801, reg=0.0000, time=41.57s.
-- 75/344 [21.8%], loss=0.1835, dgw=0.1835, reg=0.0000, time=50.31s.
-- 100/344 [29.1%], loss=0.1746, dgw=0.1746, reg=0.0000, time=48.18s.
-- 125/344 [36.3%], loss=0.1833, dgw=0.1833, reg=0.0000, time=36.40s.
-- 150/344 [43.6%], loss=0.1789, dgw=0.1789, reg=0.0000, time=57.33s.
-- 175/344 [50.9%], loss=0.1704, dgw=0.1704, reg=0.0000, time=62.33s.
-- 200/344 [58.1%], loss=0.1611, dgw=0.1611, reg=0.0000, time=58.11s.
-- 225/344 [65.4%], loss=0.1704, dgw=0.1704, reg=0.0000, time=41.38s.
-- 250/344 [72.7%], loss=0.1818, dgw=0.1818, reg=0.0000, time=74.04s.
-- 275/344 [79.9%], loss=0.1611, dgw=0.1611, reg=0.0000, time=60.42s.
-- 300/344 [87.2%], loss=0.1673, dgw=0.1673, reg=0.0000, time=40.58s.
-- 325/344 [94.5%], loss=0.1601, dgw=0.1601, reg=0.0000, time=46.95s.
-- 344/344 [100.0%], loss=0.1576, dgw=0.1576, reg=0.0000, time=63.11s.
fit: Epoch 2/15, loss = 0.1729, best loss = 0.1729
results/PTC_MR_Jin_Spectral_usl_tsne_fit_2.pdf
-- 25/344 [7.3%], loss=0.1519, dgw=0.1519, reg=0.0000, time=53.75s.
-- 50/344 [14.5%], loss=0.1565, dgw=0.1565, reg=0.0000, time=51.60s.
-- 75/344 [21.8%], loss=0.1714, dgw=0.1714, reg=0.0000, time=60.96s.
-- 100/344 [29.1%], loss=0.1567, dgw=0.1567, reg=0.0000, time=80.37s.
-- 125/344 [36.3%], loss=0.1646, dgw=0.1646, reg=0.0000, time=71.41s.
-- 150/344 [43.6%], loss=0.1463, dgw=0.1463, reg=0.0000, time=50.97s.
-- 175/344 [50.9%], loss=0.1528, dgw=0.1528, reg=0.0000, time=38.85s.
-- 200/344 [58.1%], loss=0.1629, dgw=0.1629, reg=0.0000, time=54.15s.
-- 225/344 [65.4%], loss=0.1462, dgw=0.1462, reg=0.0000, time=64.51s.
-- 250/344 [72.7%], loss=0.1530, dgw=0.1530, reg=0.0000, time=72.28s.
-- 275/344 [79.9%], loss=0.1513, dgw=0.1513, reg=0.0000, time=74.74s.
-- 300/344 [87.2%], loss=0.1440, dgw=0.1440, reg=0.0000, time=67.36s.
-- 325/344 [94.5%], loss=0.1479, dgw=0.1479, reg=0.0000, time=60.73s.
-- 344/344 [100.0%], loss=0.1407, dgw=0.1407, reg=0.0000, time=29.83s.
fit: Epoch 3/15, loss = 0.1535, best loss = 0.1535
results/PTC_MR_Jin_Spectral_usl_tsne_fit_3.pdf
-- 25/344 [7.3%], loss=0.1485, dgw=0.1485, reg=0.0000, time=45.35s.
-- 50/344 [14.5%], loss=0.1463, dgw=0.1463, reg=0.0000, time=53.39s.
-- 75/344 [21.8%], loss=0.1400, dgw=0.1400, reg=0.0000, time=59.79s.
-- 100/344 [29.1%], loss=0.1352, dgw=0.1352, reg=0.0000, time=56.47s.
-- 125/344 [36.3%], loss=0.1333, dgw=0.1333, reg=0.0000, time=62.13s.
-- 150/344 [43.6%], loss=0.1402, dgw=0.1402, reg=0.0000, time=52.00s.
-- 175/344 [50.9%], loss=0.1351, dgw=0.1351, reg=0.0000, time=44.89s.
-- 200/344 [58.1%], loss=0.1407, dgw=0.1407, reg=0.0000, time=44.52s.
-- 225/344 [65.4%], loss=0.1382, dgw=0.1382, reg=0.0000, time=43.80s.
-- 250/344 [72.7%], loss=0.1271, dgw=0.1271, reg=0.0000, time=57.89s.
-- 275/344 [79.9%], loss=0.1325, dgw=0.1325, reg=0.0000, time=55.10s.
-- 300/344 [87.2%], loss=0.1357, dgw=0.1357, reg=0.0000, time=47.64s.
-- 325/344 [94.5%], loss=0.1319, dgw=0.1319, reg=0.0000, time=60.34s.
-- 344/344 [100.0%], loss=0.1331, dgw=0.1331, reg=0.0000, time=44.80s.
fit: Epoch 4/15, loss = 0.1371, best loss = 0.1371
results/PTC_MR_Jin_Spectral_usl_tsne_fit_4.pdf
-- 25/344 [7.3%], loss=0.1260, dgw=0.1260, reg=0.0000, time=50.32s.
-- 50/344 [14.5%], loss=0.1183, dgw=0.1183, reg=0.0000, time=42.59s.
-- 75/344 [21.8%], loss=0.1258, dgw=0.1258, reg=0.0000, time=57.77s.
-- 100/344 [29.1%], loss=0.1290, dgw=0.1290, reg=0.0000, time=60.94s.
-- 125/344 [36.3%], loss=0.1325, dgw=0.1325, reg=0.0000, time=43.34s.
-- 150/344 [43.6%], loss=0.1252, dgw=0.1252, reg=0.0000, time=46.00s.
-- 175/344 [50.9%], loss=0.1293, dgw=0.1293, reg=0.0000, time=56.58s.
-- 200/344 [58.1%], loss=0.1195, dgw=0.1195, reg=0.0000, time=44.71s.
-- 225/344 [65.4%], loss=0.1141, dgw=0.1141, reg=0.0000, time=36.92s.
-- 250/344 [72.7%], loss=0.1236, dgw=0.1236, reg=0.0000, time=61.34s.
-- 275/344 [79.9%], loss=0.1180, dgw=0.1180, reg=0.0000, time=45.52s.
-- 300/344 [87.2%], loss=0.1229, dgw=0.1229, reg=0.0000, time=28.65s.
-- 325/344 [94.5%], loss=0.1200, dgw=0.1200, reg=0.0000, time=44.11s.
-- 344/344 [100.0%], loss=0.1163, dgw=0.1163, reg=0.0000, time=39.10s.
fit: Epoch 5/15, loss = 0.1230, best loss = 0.1230
results/PTC_MR_Jin_Spectral_usl_tsne_fit_5.pdf
-- 25/344 [7.3%], loss=0.1150, dgw=0.1150, reg=0.0000, time=51.26s.
-- 50/344 [14.5%], loss=0.1165, dgw=0.1165, reg=0.0000, time=49.33s.
-- 75/344 [21.8%], loss=0.1088, dgw=0.1088, reg=0.0000, time=43.34s.
-- 100/344 [29.1%], loss=0.1164, dgw=0.1164, reg=0.0000, time=50.34s.
-- 125/344 [36.3%], loss=0.1092, dgw=0.1092, reg=0.0000, time=59.42s.
-- 150/344 [43.6%], loss=0.1065, dgw=0.1065, reg=0.0000, time=66.08s.
-- 175/344 [50.9%], loss=0.1150, dgw=0.1150, reg=0.0000, time=44.15s.
-- 200/344 [58.1%], loss=0.1234, dgw=0.1234, reg=0.0000, time=46.66s.
-- 225/344 [65.4%], loss=0.1022, dgw=0.1022, reg=0.0000, time=64.59s.
-- 250/344 [72.7%], loss=0.1082, dgw=0.1082, reg=0.0000, time=61.57s.
-- 275/344 [79.9%], loss=0.1070, dgw=0.1070, reg=0.0000, time=58.61s.
-- 300/344 [87.2%], loss=0.1127, dgw=0.1127, reg=0.0000, time=46.87s.
-- 325/344 [94.5%], loss=0.1156, dgw=0.1156, reg=0.0000, time=55.22s.
-- 344/344 [100.0%], loss=0.0976, dgw=0.0976, reg=0.0000, time=47.11s.
fit: Epoch 6/15, loss = 0.1112, best loss = 0.1112
results/PTC_MR_Jin_Spectral_usl_tsne_fit_6.pdf
-- 25/344 [7.3%], loss=0.1033, dgw=0.1033, reg=0.0000, time=70.08s.
-- 50/344 [14.5%], loss=0.1019, dgw=0.1019, reg=0.0000, time=53.44s.
-- 75/344 [21.8%], loss=0.0988, dgw=0.0988, reg=0.0000, time=54.05s.
-- 100/344 [29.1%], loss=0.1047, dgw=0.1047, reg=0.0000, time=56.33s.
-- 125/344 [36.3%], loss=0.1056, dgw=0.1056, reg=0.0000, time=49.59s.
-- 150/344 [43.6%], loss=0.1085, dgw=0.1085, reg=0.0000, time=42.96s.
-- 175/344 [50.9%], loss=0.1099, dgw=0.1099, reg=0.0000, time=49.62s.
-- 200/344 [58.1%], loss=0.1160, dgw=0.1160, reg=0.0000, time=51.65s.
-- 225/344 [65.4%], loss=0.1042, dgw=0.1042, reg=0.0000, time=60.10s.
-- 250/344 [72.7%], loss=0.0992, dgw=0.0992, reg=0.0000, time=59.14s.
-- 275/344 [79.9%], loss=0.0940, dgw=0.0940, reg=0.0000, time=51.34s.
-- 300/344 [87.2%], loss=0.0909, dgw=0.0909, reg=0.0000, time=53.49s.
-- 325/344 [94.5%], loss=0.0961, dgw=0.0961, reg=0.0000, time=56.85s.
-- 344/344 [100.0%], loss=0.0804, dgw=0.0804, reg=0.0000, time=34.67s.
fit: Epoch 7/15, loss = 0.1013, best loss = 0.1013
results/PTC_MR_Jin_Spectral_usl_tsne_fit_7.pdf
-- 25/344 [7.3%], loss=0.1004, dgw=0.1004, reg=0.0000, time=57.34s.
-- 50/344 [14.5%], loss=0.0944, dgw=0.0944, reg=0.0000, time=65.40s.
-- 75/344 [21.8%], loss=0.1020, dgw=0.1020, reg=0.0000, time=53.85s.
-- 100/344 [29.1%], loss=0.0843, dgw=0.0843, reg=0.0000, time=63.73s.
-- 125/344 [36.3%], loss=0.0945, dgw=0.0945, reg=0.0000, time=33.77s.
-- 150/344 [43.6%], loss=0.0859, dgw=0.0859, reg=0.0000, time=46.77s.
-- 175/344 [50.9%], loss=0.0892, dgw=0.0892, reg=0.0000, time=49.03s.
-- 200/344 [58.1%], loss=0.1018, dgw=0.1018, reg=0.0000, time=31.98s.
-- 225/344 [65.4%], loss=0.0990, dgw=0.0990, reg=0.0000, time=44.00s.
-- 250/344 [72.7%], loss=0.0953, dgw=0.0953, reg=0.0000, time=63.11s.
-- 275/344 [79.9%], loss=0.0956, dgw=0.0956, reg=0.0000, time=52.70s.
-- 300/344 [87.2%], loss=0.0796, dgw=0.0796, reg=0.0000, time=53.06s.
-- 325/344 [94.5%], loss=0.0958, dgw=0.0958, reg=0.0000, time=39.63s.
-- 344/344 [100.0%], loss=0.0846, dgw=0.0846, reg=0.0000, time=31.50s.
fit: Epoch 8/15, loss = 0.0932, best loss = 0.0932
results/PTC_MR_Jin_Spectral_usl_tsne_fit_8.pdf
-- 25/344 [7.3%], loss=0.0870, dgw=0.0870, reg=0.0000, time=50.01s.
-- 50/344 [14.5%], loss=0.0883, dgw=0.0883, reg=0.0000, time=56.87s.
-- 75/344 [21.8%], loss=0.0880, dgw=0.0880, reg=0.0000, time=61.85s.
-- 100/344 [29.1%], loss=0.0809, dgw=0.0809, reg=0.0000, time=64.16s.
-- 125/344 [36.3%], loss=0.0880, dgw=0.0880, reg=0.0000, time=54.17s.
-- 150/344 [43.6%], loss=0.0829, dgw=0.0829, reg=0.0000, time=37.54s.
-- 175/344 [50.9%], loss=0.0960, dgw=0.0960, reg=0.0000, time=49.28s.
-- 200/344 [58.1%], loss=0.0801, dgw=0.0801, reg=0.0000, time=52.17s.
-- 225/344 [65.4%], loss=0.0895, dgw=0.0895, reg=0.0000, time=53.01s.
-- 250/344 [72.7%], loss=0.0783, dgw=0.0783, reg=0.0000, time=48.99s.
-- 275/344 [79.9%], loss=0.0871, dgw=0.0871, reg=0.0000, time=52.97s.
-- 300/344 [87.2%], loss=0.0918, dgw=0.0918, reg=0.0000, time=55.99s.
-- 325/344 [94.5%], loss=0.0918, dgw=0.0918, reg=0.0000, time=54.23s.
-- 344/344 [100.0%], loss=0.0749, dgw=0.0749, reg=0.0000, time=42.40s.
fit: Epoch 9/15, loss = 0.0862, best loss = 0.0862
results/PTC_MR_Jin_Spectral_usl_tsne_fit_9.pdf
-- 25/344 [7.3%], loss=0.0874, dgw=0.0874, reg=0.0000, time=29.98s.
-- 50/344 [14.5%], loss=0.0790, dgw=0.0790, reg=0.0000, time=54.53s.
-- 75/344 [21.8%], loss=0.0905, dgw=0.0905, reg=0.0000, time=48.31s.
-- 100/344 [29.1%], loss=0.0783, dgw=0.0783, reg=0.0000, time=41.13s.
-- 125/344 [36.3%], loss=0.0777, dgw=0.0777, reg=0.0000, time=28.01s.
-- 150/344 [43.6%], loss=0.0837, dgw=0.0837, reg=0.0000, time=45.13s.
-- 175/344 [50.9%], loss=0.0841, dgw=0.0841, reg=0.0000, time=24.12s.
-- 200/344 [58.1%], loss=0.0909, dgw=0.0909, reg=0.0000, time=63.16s.
-- 225/344 [65.4%], loss=0.0832, dgw=0.0832, reg=0.0000, time=44.94s.
-- 250/344 [72.7%], loss=0.0783, dgw=0.0783, reg=0.0000, time=23.34s.
-- 275/344 [79.9%], loss=0.0742, dgw=0.0742, reg=0.0000, time=44.37s.
-- 300/344 [87.2%], loss=0.0661, dgw=0.0661, reg=0.0000, time=40.14s.
-- 325/344 [94.5%], loss=0.0752, dgw=0.0752, reg=0.0000, time=42.95s.
-- 344/344 [100.0%], loss=0.0752, dgw=0.0752, reg=0.0000, time=37.27s.
fit: Epoch 10/15, loss = 0.0804, best loss = 0.0804
results/PTC_MR_Jin_Spectral_usl_tsne_fit_10.pdf
-- 25/344 [7.3%], loss=0.0812, dgw=0.0812, reg=0.0000, time=25.77s.
-- 50/344 [14.5%], loss=0.0726, dgw=0.0726, reg=0.0000, time=34.33s.
-- 75/344 [21.8%], loss=0.0645, dgw=0.0645, reg=0.0000, time=39.98s.
-- 100/344 [29.1%], loss=0.0694, dgw=0.0694, reg=0.0000, time=46.31s.
-- 125/344 [36.3%], loss=0.0803, dgw=0.0803, reg=0.0000, time=43.90s.
-- 150/344 [43.6%], loss=0.0717, dgw=0.0717, reg=0.0000, time=43.71s.
-- 175/344 [50.9%], loss=0.0809, dgw=0.0809, reg=0.0000, time=41.10s.
-- 200/344 [58.1%], loss=0.0913, dgw=0.0913, reg=0.0000, time=51.41s.
-- 225/344 [65.4%], loss=0.0787, dgw=0.0787, reg=0.0000, time=32.94s.
-- 250/344 [72.7%], loss=0.0637, dgw=0.0637, reg=0.0000, time=41.08s.
-- 275/344 [79.9%], loss=0.0676, dgw=0.0676, reg=0.0000, time=50.02s.
-- 300/344 [87.2%], loss=0.0865, dgw=0.0865, reg=0.0000, time=47.48s.
-- 325/344 [94.5%], loss=0.0736, dgw=0.0736, reg=0.0000, time=40.99s.
-- 344/344 [100.0%], loss=0.0723, dgw=0.0723, reg=0.0000, time=25.04s.
fit: Epoch 11/15, loss = 0.0754, best loss = 0.0754
results/PTC_MR_Jin_Spectral_usl_tsne_fit_11.pdf
-- 25/344 [7.3%], loss=0.0724, dgw=0.0724, reg=0.0000, time=30.07s.
-- 50/344 [14.5%], loss=0.0589, dgw=0.0589, reg=0.0000, time=40.75s.
-- 75/344 [21.8%], loss=0.0658, dgw=0.0658, reg=0.0000, time=38.69s.
-- 100/344 [29.1%], loss=0.0809, dgw=0.0809, reg=0.0000, time=45.14s.
-- 125/344 [36.3%], loss=0.0818, dgw=0.0818, reg=0.0000, time=30.70s.
-- 150/344 [43.6%], loss=0.0803, dgw=0.0803, reg=0.0000, time=26.72s.
-- 175/344 [50.9%], loss=0.0715, dgw=0.0715, reg=0.0000, time=33.51s.
-- 200/344 [58.1%], loss=0.0857, dgw=0.0857, reg=0.0000, time=37.88s.
-- 225/344 [65.4%], loss=0.0674, dgw=0.0674, reg=0.0000, time=43.74s.
-- 250/344 [72.7%], loss=0.0720, dgw=0.0720, reg=0.0000, time=34.85s.
-- 275/344 [79.9%], loss=0.0770, dgw=0.0770, reg=0.0000, time=37.58s.
-- 300/344 [87.2%], loss=0.0563, dgw=0.0563, reg=0.0000, time=42.03s.
-- 325/344 [94.5%], loss=0.0586, dgw=0.0586, reg=0.0000, time=40.94s.
-- 344/344 [100.0%], loss=0.0633, dgw=0.0633, reg=0.0000, time=26.09s.
fit: Epoch 12/15, loss = 0.0710, best loss = 0.0710
results/PTC_MR_Jin_Spectral_usl_tsne_fit_12.pdf
-- 25/344 [7.3%], loss=0.0655, dgw=0.0655, reg=0.0000, time=33.03s.
-- 50/344 [14.5%], loss=0.0633, dgw=0.0633, reg=0.0000, time=38.20s.
-- 75/344 [21.8%], loss=0.0720, dgw=0.0720, reg=0.0000, time=44.84s.
-- 100/344 [29.1%], loss=0.0723, dgw=0.0723, reg=0.0000, time=38.26s.
-- 125/344 [36.3%], loss=0.0529, dgw=0.0529, reg=0.0000, time=40.66s.
-- 150/344 [43.6%], loss=0.0617, dgw=0.0617, reg=0.0000, time=29.97s.
-- 175/344 [50.9%], loss=0.0733, dgw=0.0733, reg=0.0000, time=35.70s.
-- 200/344 [58.1%], loss=0.0596, dgw=0.0596, reg=0.0000, time=35.03s.
-- 225/344 [65.4%], loss=0.0852, dgw=0.0852, reg=0.0000, time=37.56s.
-- 250/344 [72.7%], loss=0.0722, dgw=0.0722, reg=0.0000, time=32.59s.
-- 275/344 [79.9%], loss=0.0613, dgw=0.0613, reg=0.0000, time=32.53s.
-- 300/344 [87.2%], loss=0.0685, dgw=0.0685, reg=0.0000, time=42.51s.
-- 325/344 [94.5%], loss=0.0677, dgw=0.0677, reg=0.0000, time=37.24s.
-- 344/344 [100.0%], loss=0.0606, dgw=0.0606, reg=0.0000, time=24.66s.
fit: Epoch 13/15, loss = 0.0670, best loss = 0.0670
results/PTC_MR_Jin_Spectral_usl_tsne_fit_13.pdf
-- 25/344 [7.3%], loss=0.0640, dgw=0.0640, reg=0.0000, time=35.37s.
-- 50/344 [14.5%], loss=0.0694, dgw=0.0694, reg=0.0000, time=34.81s.
-- 75/344 [21.8%], loss=0.0661, dgw=0.0661, reg=0.0000, time=52.08s.
-- 100/344 [29.1%], loss=0.0767, dgw=0.0767, reg=0.0000, time=40.96s.
-- 125/344 [36.3%], loss=0.0560, dgw=0.0560, reg=0.0000, time=33.45s.
-- 150/344 [43.6%], loss=0.0726, dgw=0.0726, reg=0.0000, time=51.62s.
-- 175/344 [50.9%], loss=0.0547, dgw=0.0547, reg=0.0000, time=37.32s.
-- 200/344 [58.1%], loss=0.0631, dgw=0.0631, reg=0.0000, time=43.45s.
-- 225/344 [65.4%], loss=0.0509, dgw=0.0509, reg=0.0000, time=37.51s.
-- 250/344 [72.7%], loss=0.0528, dgw=0.0528, reg=0.0000, time=40.03s.
-- 275/344 [79.9%], loss=0.0747, dgw=0.0747, reg=0.0000, time=38.56s.
-- 300/344 [87.2%], loss=0.0623, dgw=0.0623, reg=0.0000, time=28.88s.
-- 325/344 [94.5%], loss=0.0735, dgw=0.0735, reg=0.0000, time=39.00s.
-- 344/344 [100.0%], loss=0.0475, dgw=0.0475, reg=0.0000, time=42.87s.
fit: Epoch 14/15, loss = 0.0634, best loss = 0.0634
results/PTC_MR_Jin_Spectral_usl_tsne_fit_14.pdf
-- 25/344 [7.3%], loss=0.0682, dgw=0.0682, reg=0.0000, time=36.90s.
-- 50/344 [14.5%], loss=0.0585, dgw=0.0585, reg=0.0000, time=43.06s.
-- 75/344 [21.8%], loss=0.0545, dgw=0.0545, reg=0.0000, time=44.30s.
-- 100/344 [29.1%], loss=0.0594, dgw=0.0594, reg=0.0000, time=38.43s.
-- 125/344 [36.3%], loss=0.0551, dgw=0.0551, reg=0.0000, time=29.05s.
-- 150/344 [43.6%], loss=0.0454, dgw=0.0454, reg=0.0000, time=33.81s.
-- 175/344 [50.9%], loss=0.0617, dgw=0.0617, reg=0.0000, time=28.73s.
-- 200/344 [58.1%], loss=0.0659, dgw=0.0659, reg=0.0000, time=38.61s.
-- 225/344 [65.4%], loss=0.0637, dgw=0.0637, reg=0.0000, time=37.27s.
-- 250/344 [72.7%], loss=0.0527, dgw=0.0527, reg=0.0000, time=38.30s.
-- 275/344 [79.9%], loss=0.0549, dgw=0.0549, reg=0.0000, time=37.89s.
-- 300/344 [87.2%], loss=0.0658, dgw=0.0658, reg=0.0000, time=40.87s.
-- 325/344 [94.5%], loss=0.0567, dgw=0.0567, reg=0.0000, time=36.90s.
-- 344/344 [100.0%], loss=0.0857, dgw=0.0857, reg=0.0000, time=19.50s.
fit: Epoch 15/15, loss = 0.0601, best loss = 0.0601
results/PTC_MR_Jin_Spectral_usl_tsne_fit_15.pdf
Best Acc  : 0.5319767441860466
Rand Score: 0.500593260560038
Done!
