-- 25/344 [7.3%], loss=0.2114, dgw=0.2114, reg=0.0000, time=49.03s.
-- 50/344 [14.5%], loss=0.2047, dgw=0.2047, reg=0.0000, time=46.62s.
-- 75/344 [21.8%], loss=0.2051, dgw=0.2051, reg=0.0000, time=47.61s.
-- 100/344 [29.1%], loss=0.1989, dgw=0.1989, reg=0.0000, time=26.35s.
-- 125/344 [36.3%], loss=0.1988, dgw=0.1988, reg=0.0000, time=35.20s.
-- 150/344 [43.6%], loss=0.2086, dgw=0.2086, reg=0.0000, time=40.77s.
-- 175/344 [50.9%], loss=0.1868, dgw=0.1868, reg=0.0000, time=53.91s.
-- 200/344 [58.1%], loss=0.1963, dgw=0.1963, reg=0.0000, time=45.85s.
-- 225/344 [65.4%], loss=0.1872, dgw=0.1872, reg=0.0000, time=48.69s.
-- 250/344 [72.7%], loss=0.1972, dgw=0.1972, reg=0.0000, time=53.02s.
-- 275/344 [79.9%], loss=0.1958, dgw=0.1958, reg=0.0000, time=61.65s.
-- 300/344 [87.2%], loss=0.1921, dgw=0.1921, reg=0.0000, time=52.72s.
-- 325/344 [94.5%], loss=0.1895, dgw=0.1895, reg=0.0000, time=39.35s.
-- 344/344 [100.0%], loss=0.1663, dgw=0.1663, reg=0.0000, time=34.07s.
fit: Epoch 1/15, loss = 0.1961, best loss = 0.1961
results/PTC_MR_Jin_Spectral_usl_tsne_fit_1.pdf
-- 25/344 [7.3%], loss=0.1895, dgw=0.1895, reg=0.0000, time=41.79s.
-- 50/344 [14.5%], loss=0.1830, dgw=0.1830, reg=0.0000, time=53.11s.
-- 75/344 [21.8%], loss=0.1860, dgw=0.1860, reg=0.0000, time=61.81s.
-- 100/344 [29.1%], loss=0.1734, dgw=0.1734, reg=0.0000, time=55.98s.
-- 125/344 [36.3%], loss=0.1735, dgw=0.1735, reg=0.0000, time=41.30s.
-- 150/344 [43.6%], loss=0.1802, dgw=0.1802, reg=0.0000, time=32.94s.
-- 175/344 [50.9%], loss=0.1676, dgw=0.1676, reg=0.0000, time=50.39s.
-- 200/344 [58.1%], loss=0.1698, dgw=0.1698, reg=0.0000, time=57.38s.
-- 225/344 [65.4%], loss=0.1776, dgw=0.1776, reg=0.0000, time=49.20s.
-- 250/344 [72.7%], loss=0.1654, dgw=0.1654, reg=0.0000, time=48.82s.
-- 275/344 [79.9%], loss=0.1670, dgw=0.1670, reg=0.0000, time=50.16s.
-- 300/344 [87.2%], loss=0.1646, dgw=0.1646, reg=0.0000, time=46.80s.
-- 325/344 [94.5%], loss=0.1591, dgw=0.1591, reg=0.0000, time=62.29s.
-- 344/344 [100.0%], loss=0.1837, dgw=0.1837, reg=0.0000, time=47.44s.
fit: Epoch 2/15, loss = 0.1741, best loss = 0.1741
results/PTC_MR_Jin_Spectral_usl_tsne_fit_2.pdf
-- 25/344 [7.3%], loss=0.1593, dgw=0.1593, reg=0.0000, time=51.54s.
-- 50/344 [14.5%], loss=0.1664, dgw=0.1664, reg=0.0000, time=43.13s.
-- 75/344 [21.8%], loss=0.1557, dgw=0.1557, reg=0.0000, time=46.12s.
-- 100/344 [29.1%], loss=0.1587, dgw=0.1587, reg=0.0000, time=60.28s.
-- 125/344 [36.3%], loss=0.1520, dgw=0.1520, reg=0.0000, time=60.34s.
-- 150/344 [43.6%], loss=0.1562, dgw=0.1562, reg=0.0000, time=51.27s.
-- 175/344 [50.9%], loss=0.1570, dgw=0.1570, reg=0.0000, time=67.70s.
-- 200/344 [58.1%], loss=0.1652, dgw=0.1652, reg=0.0000, time=67.19s.
-- 225/344 [65.4%], loss=0.1557, dgw=0.1557, reg=0.0000, time=51.22s.
-- 250/344 [72.7%], loss=0.1496, dgw=0.1496, reg=0.0000, time=47.75s.
-- 275/344 [79.9%], loss=0.1442, dgw=0.1442, reg=0.0000, time=55.36s.
-- 300/344 [87.2%], loss=0.1547, dgw=0.1547, reg=0.0000, time=53.26s.
-- 325/344 [94.5%], loss=0.1401, dgw=0.1401, reg=0.0000, time=44.26s.
-- 344/344 [100.0%], loss=0.1503, dgw=0.1503, reg=0.0000, time=52.30s.
fit: Epoch 3/15, loss = 0.1547, best loss = 0.1547
results/PTC_MR_Jin_Spectral_usl_tsne_fit_3.pdf
-- 25/344 [7.3%], loss=0.1523, dgw=0.1523, reg=0.0000, time=64.29s.
-- 50/344 [14.5%], loss=0.1449, dgw=0.1449, reg=0.0000, time=44.46s.
-- 75/344 [21.8%], loss=0.1417, dgw=0.1417, reg=0.0000, time=42.03s.
-- 100/344 [29.1%], loss=0.1414, dgw=0.1414, reg=0.0000, time=34.95s.
-- 125/344 [36.3%], loss=0.1417, dgw=0.1417, reg=0.0000, time=48.38s.
-- 150/344 [43.6%], loss=0.1322, dgw=0.1322, reg=0.0000, time=40.58s.
-- 175/344 [50.9%], loss=0.1400, dgw=0.1400, reg=0.0000, time=47.17s.
-- 200/344 [58.1%], loss=0.1315, dgw=0.1315, reg=0.0000, time=45.31s.
-- 225/344 [65.4%], loss=0.1336, dgw=0.1336, reg=0.0000, time=41.37s.
-- 250/344 [72.7%], loss=0.1380, dgw=0.1380, reg=0.0000, time=57.54s.
-- 275/344 [79.9%], loss=0.1362, dgw=0.1362, reg=0.0000, time=60.66s.
-- 300/344 [87.2%], loss=0.1275, dgw=0.1275, reg=0.0000, time=62.73s.
-- 325/344 [94.5%], loss=0.1311, dgw=0.1311, reg=0.0000, time=45.97s.
-- 344/344 [100.0%], loss=0.1415, dgw=0.1415, reg=0.0000, time=27.15s.
fit: Epoch 4/15, loss = 0.1381, best loss = 0.1381
results/PTC_MR_Jin_Spectral_usl_tsne_fit_4.pdf
-- 25/344 [7.3%], loss=0.1287, dgw=0.1287, reg=0.0000, time=46.11s.
-- 50/344 [14.5%], loss=0.1354, dgw=0.1354, reg=0.0000, time=43.89s.
-- 75/344 [21.8%], loss=0.1166, dgw=0.1166, reg=0.0000, time=45.04s.
-- 100/344 [29.1%], loss=0.1177, dgw=0.1177, reg=0.0000, time=47.82s.
-- 125/344 [36.3%], loss=0.1238, dgw=0.1238, reg=0.0000, time=40.41s.
-- 150/344 [43.6%], loss=0.1314, dgw=0.1314, reg=0.0000, time=42.51s.
-- 175/344 [50.9%], loss=0.1339, dgw=0.1339, reg=0.0000, time=54.78s.
-- 200/344 [58.1%], loss=0.1149, dgw=0.1149, reg=0.0000, time=48.34s.
-- 225/344 [65.4%], loss=0.1263, dgw=0.1263, reg=0.0000, time=59.09s.
-- 250/344 [72.7%], loss=0.1259, dgw=0.1259, reg=0.0000, time=61.38s.
-- 275/344 [79.9%], loss=0.1313, dgw=0.1313, reg=0.0000, time=55.29s.
-- 300/344 [87.2%], loss=0.1196, dgw=0.1196, reg=0.0000, time=55.08s.
-- 325/344 [94.5%], loss=0.1151, dgw=0.1151, reg=0.0000, time=43.45s.
-- 344/344 [100.0%], loss=0.1152, dgw=0.1152, reg=0.0000, time=22.44s.
fit: Epoch 5/15, loss = 0.1242, best loss = 0.1242
results/PTC_MR_Jin_Spectral_usl_tsne_fit_5.pdf
-- 25/344 [7.3%], loss=0.1128, dgw=0.1128, reg=0.0000, time=37.05s.
-- 50/344 [14.5%], loss=0.1087, dgw=0.1087, reg=0.0000, time=53.45s.
-- 75/344 [21.8%], loss=0.1186, dgw=0.1186, reg=0.0000, time=68.05s.
-- 100/344 [29.1%], loss=0.1099, dgw=0.1099, reg=0.0000, time=51.76s.
-- 125/344 [36.3%], loss=0.1132, dgw=0.1132, reg=0.0000, time=56.01s.
-- 150/344 [43.6%], loss=0.1193, dgw=0.1193, reg=0.0000, time=64.07s.
-- 175/344 [50.9%], loss=0.1142, dgw=0.1142, reg=0.0000, time=57.49s.
-- 200/344 [58.1%], loss=0.1126, dgw=0.1126, reg=0.0000, time=56.97s.
-- 225/344 [65.4%], loss=0.1097, dgw=0.1097, reg=0.0000, time=49.95s.
-- 250/344 [72.7%], loss=0.1309, dgw=0.1309, reg=0.0000, time=57.86s.
-- 275/344 [79.9%], loss=0.1001, dgw=0.1001, reg=0.0000, time=55.95s.
-- 300/344 [87.2%], loss=0.1056, dgw=0.1056, reg=0.0000, time=67.17s.
-- 325/344 [94.5%], loss=0.1137, dgw=0.1137, reg=0.0000, time=64.42s.
-- 344/344 [100.0%], loss=0.1034, dgw=0.1034, reg=0.0000, time=26.57s.
fit: Epoch 6/15, loss = 0.1125, best loss = 0.1125
results/PTC_MR_Jin_Spectral_usl_tsne_fit_6.pdf
-- 25/344 [7.3%], loss=0.1097, dgw=0.1097, reg=0.0000, time=58.05s.
-- 50/344 [14.5%], loss=0.1005, dgw=0.1005, reg=0.0000, time=39.48s.
-- 75/344 [21.8%], loss=0.0946, dgw=0.0946, reg=0.0000, time=36.31s.
-- 100/344 [29.1%], loss=0.1017, dgw=0.1017, reg=0.0000, time=55.12s.
-- 125/344 [36.3%], loss=0.1059, dgw=0.1059, reg=0.0000, time=68.67s.
-- 150/344 [43.6%], loss=0.1101, dgw=0.1101, reg=0.0000, time=51.77s.
-- 175/344 [50.9%], loss=0.1108, dgw=0.1108, reg=0.0000, time=52.41s.
-- 200/344 [58.1%], loss=0.1004, dgw=0.1004, reg=0.0000, time=64.06s.
-- 225/344 [65.4%], loss=0.1113, dgw=0.1113, reg=0.0000, time=52.04s.
-- 250/344 [72.7%], loss=0.1028, dgw=0.1028, reg=0.0000, time=31.82s.
-- 275/344 [79.9%], loss=0.1032, dgw=0.1032, reg=0.0000, time=58.15s.
-- 300/344 [87.2%], loss=0.0961, dgw=0.0961, reg=0.0000, time=61.55s.
-- 325/344 [94.5%], loss=0.0983, dgw=0.0983, reg=0.0000, time=65.03s.
-- 344/344 [100.0%], loss=0.0891, dgw=0.0891, reg=0.0000, time=51.07s.
fit: Epoch 7/15, loss = 0.1027, best loss = 0.1027
results/PTC_MR_Jin_Spectral_usl_tsne_fit_7.pdf
-- 25/344 [7.3%], loss=0.1019, dgw=0.1019, reg=0.0000, time=41.02s.
-- 50/344 [14.5%], loss=0.0911, dgw=0.0911, reg=0.0000, time=48.98s.
-- 75/344 [21.8%], loss=0.1058, dgw=0.1058, reg=0.0000, time=46.68s.
-- 100/344 [29.1%], loss=0.0950, dgw=0.0950, reg=0.0000, time=48.35s.
-- 125/344 [36.3%], loss=0.1023, dgw=0.1023, reg=0.0000, time=53.84s.
-- 150/344 [43.6%], loss=0.0977, dgw=0.0977, reg=0.0000, time=61.74s.
-- 175/344 [50.9%], loss=0.0996, dgw=0.0996, reg=0.0000, time=46.89s.
-- 200/344 [58.1%], loss=0.0874, dgw=0.0874, reg=0.0000, time=37.13s.
-- 225/344 [65.4%], loss=0.0960, dgw=0.0960, reg=0.0000, time=46.60s.
-- 250/344 [72.7%], loss=0.0883, dgw=0.0883, reg=0.0000, time=48.88s.
-- 275/344 [79.9%], loss=0.0946, dgw=0.0946, reg=0.0000, time=52.55s.
-- 300/344 [87.2%], loss=0.0881, dgw=0.0881, reg=0.0000, time=61.72s.
-- 325/344 [94.5%], loss=0.0899, dgw=0.0899, reg=0.0000, time=64.14s.
-- 344/344 [100.0%], loss=0.0821, dgw=0.0821, reg=0.0000, time=51.10s.
fit: Epoch 8/15, loss = 0.0945, best loss = 0.0945
results/PTC_MR_Jin_Spectral_usl_tsne_fit_8.pdf
-- 25/344 [7.3%], loss=0.0889, dgw=0.0889, reg=0.0000, time=53.83s.
-- 50/344 [14.5%], loss=0.0886, dgw=0.0886, reg=0.0000, time=51.27s.
-- 75/344 [21.8%], loss=0.0995, dgw=0.0995, reg=0.0000, time=41.50s.
-- 100/344 [29.1%], loss=0.0953, dgw=0.0953, reg=0.0000, time=43.65s.
-- 125/344 [36.3%], loss=0.0886, dgw=0.0886, reg=0.0000, time=42.55s.
-- 150/344 [43.6%], loss=0.0760, dgw=0.0760, reg=0.0000, time=48.21s.
-- 175/344 [50.9%], loss=0.0825, dgw=0.0825, reg=0.0000, time=40.03s.
-- 200/344 [58.1%], loss=0.0873, dgw=0.0873, reg=0.0000, time=43.06s.
-- 225/344 [65.4%], loss=0.0776, dgw=0.0776, reg=0.0000, time=58.14s.
-- 250/344 [72.7%], loss=0.0805, dgw=0.0805, reg=0.0000, time=46.46s.
-- 275/344 [79.9%], loss=0.0973, dgw=0.0973, reg=0.0000, time=53.04s.
-- 300/344 [87.2%], loss=0.0881, dgw=0.0881, reg=0.0000, time=55.16s.
-- 325/344 [94.5%], loss=0.0861, dgw=0.0861, reg=0.0000, time=51.77s.
-- 344/344 [100.0%], loss=0.0912, dgw=0.0912, reg=0.0000, time=37.36s.
fit: Epoch 9/15, loss = 0.0876, best loss = 0.0876
results/PTC_MR_Jin_Spectral_usl_tsne_fit_9.pdf
-- 25/344 [7.3%], loss=0.0759, dgw=0.0759, reg=0.0000, time=26.28s.
-- 50/344 [14.5%], loss=0.0800, dgw=0.0800, reg=0.0000, time=42.96s.
-- 75/344 [21.8%], loss=0.0985, dgw=0.0985, reg=0.0000, time=48.26s.
-- 100/344 [29.1%], loss=0.0674, dgw=0.0674, reg=0.0000, time=50.82s.
-- 125/344 [36.3%], loss=0.0902, dgw=0.0902, reg=0.0000, time=49.81s.
-- 150/344 [43.6%], loss=0.0940, dgw=0.0940, reg=0.0000, time=38.56s.
-- 175/344 [50.9%], loss=0.0831, dgw=0.0831, reg=0.0000, time=26.56s.
-- 200/344 [58.1%], loss=0.0815, dgw=0.0815, reg=0.0000, time=42.68s.
-- 225/344 [65.4%], loss=0.0701, dgw=0.0701, reg=0.0000, time=46.05s.
-- 250/344 [72.7%], loss=0.0829, dgw=0.0829, reg=0.0000, time=41.63s.
-- 275/344 [79.9%], loss=0.0898, dgw=0.0898, reg=0.0000, time=57.93s.
-- 300/344 [87.2%], loss=0.0798, dgw=0.0798, reg=0.0000, time=53.22s.
-- 325/344 [94.5%], loss=0.0783, dgw=0.0783, reg=0.0000, time=45.67s.
-- 344/344 [100.0%], loss=0.0674, dgw=0.0674, reg=0.0000, time=37.03s.
fit: Epoch 10/15, loss = 0.0816, best loss = 0.0816
results/PTC_MR_Jin_Spectral_usl_tsne_fit_10.pdf
-- 25/344 [7.3%], loss=0.0811, dgw=0.0811, reg=0.0000, time=27.59s.
-- 50/344 [14.5%], loss=0.0892, dgw=0.0892, reg=0.0000, time=37.98s.
-- 75/344 [21.8%], loss=0.0804, dgw=0.0804, reg=0.0000, time=35.04s.
-- 100/344 [29.1%], loss=0.0837, dgw=0.0837, reg=0.0000, time=51.23s.
-- 125/344 [36.3%], loss=0.0858, dgw=0.0858, reg=0.0000, time=40.48s.
-- 150/344 [43.6%], loss=0.0690, dgw=0.0690, reg=0.0000, time=39.70s.
-- 175/344 [50.9%], loss=0.0818, dgw=0.0818, reg=0.0000, time=53.76s.
-- 200/344 [58.1%], loss=0.0701, dgw=0.0701, reg=0.0000, time=38.05s.
-- 225/344 [65.4%], loss=0.0644, dgw=0.0644, reg=0.0000, time=35.27s.
-- 250/344 [72.7%], loss=0.0886, dgw=0.0886, reg=0.0000, time=37.56s.
-- 275/344 [79.9%], loss=0.0649, dgw=0.0649, reg=0.0000, time=42.73s.
-- 300/344 [87.2%], loss=0.0678, dgw=0.0678, reg=0.0000, time=47.69s.
-- 325/344 [94.5%], loss=0.0672, dgw=0.0672, reg=0.0000, time=39.08s.
-- 344/344 [100.0%], loss=0.0766, dgw=0.0766, reg=0.0000, time=26.62s.
fit: Epoch 11/15, loss = 0.0765, best loss = 0.0765
results/PTC_MR_Jin_Spectral_usl_tsne_fit_11.pdf
-- 25/344 [7.3%], loss=0.0730, dgw=0.0730, reg=0.0000, time=20.65s.
-- 50/344 [14.5%], loss=0.0745, dgw=0.0745, reg=0.0000, time=28.61s.
-- 75/344 [21.8%], loss=0.0705, dgw=0.0705, reg=0.0000, time=34.08s.
-- 100/344 [29.1%], loss=0.0662, dgw=0.0662, reg=0.0000, time=50.69s.
-- 125/344 [36.3%], loss=0.0660, dgw=0.0660, reg=0.0000, time=42.50s.
-- 150/344 [43.6%], loss=0.0954, dgw=0.0954, reg=0.0000, time=32.55s.
-- 175/344 [50.9%], loss=0.0663, dgw=0.0663, reg=0.0000, time=35.01s.
-- 200/344 [58.1%], loss=0.0719, dgw=0.0719, reg=0.0000, time=41.04s.
-- 225/344 [65.4%], loss=0.0710, dgw=0.0710, reg=0.0000, time=42.41s.
-- 250/344 [72.7%], loss=0.0724, dgw=0.0724, reg=0.0000, time=40.09s.
-- 275/344 [79.9%], loss=0.0694, dgw=0.0694, reg=0.0000, time=44.21s.
-- 300/344 [87.2%], loss=0.0667, dgw=0.0667, reg=0.0000, time=32.45s.
-- 325/344 [94.5%], loss=0.0737, dgw=0.0737, reg=0.0000, time=40.31s.
-- 344/344 [100.0%], loss=0.0707, dgw=0.0707, reg=0.0000, time=40.09s.
fit: Epoch 12/15, loss = 0.0720, best loss = 0.0720
results/PTC_MR_Jin_Spectral_usl_tsne_fit_12.pdf
-- 25/344 [7.3%], loss=0.0651, dgw=0.0651, reg=0.0000, time=34.44s.
-- 50/344 [14.5%], loss=0.0760, dgw=0.0760, reg=0.0000, time=35.79s.
-- 75/344 [21.8%], loss=0.0642, dgw=0.0642, reg=0.0000, time=39.55s.
-- 100/344 [29.1%], loss=0.0588, dgw=0.0588, reg=0.0000, time=39.12s.
-- 125/344 [36.3%], loss=0.0754, dgw=0.0754, reg=0.0000, time=37.75s.
-- 150/344 [43.6%], loss=0.0826, dgw=0.0826, reg=0.0000, time=27.75s.
-- 175/344 [50.9%], loss=0.0626, dgw=0.0626, reg=0.0000, time=39.14s.
-- 200/344 [58.1%], loss=0.0660, dgw=0.0660, reg=0.0000, time=36.95s.
-- 225/344 [65.4%], loss=0.0626, dgw=0.0626, reg=0.0000, time=41.43s.
-- 250/344 [72.7%], loss=0.0691, dgw=0.0691, reg=0.0000, time=32.34s.
-- 275/344 [79.9%], loss=0.0760, dgw=0.0760, reg=0.0000, time=39.44s.
-- 300/344 [87.2%], loss=0.0585, dgw=0.0585, reg=0.0000, time=36.18s.
-- 325/344 [94.5%], loss=0.0758, dgw=0.0758, reg=0.0000, time=40.93s.
-- 344/344 [100.0%], loss=0.0558, dgw=0.0558, reg=0.0000, time=39.43s.
fit: Epoch 13/15, loss = 0.0679, best loss = 0.0679
results/PTC_MR_Jin_Spectral_usl_tsne_fit_13.pdf
-- 25/344 [7.3%], loss=0.0682, dgw=0.0682, reg=0.0000, time=33.65s.
-- 50/344 [14.5%], loss=0.0663, dgw=0.0663, reg=0.0000, time=29.34s.
-- 75/344 [21.8%], loss=0.0563, dgw=0.0563, reg=0.0000, time=34.73s.
-- 100/344 [29.1%], loss=0.0662, dgw=0.0662, reg=0.0000, time=33.16s.
-- 125/344 [36.3%], loss=0.0682, dgw=0.0682, reg=0.0000, time=36.40s.
-- 150/344 [43.6%], loss=0.0614, dgw=0.0614, reg=0.0000, time=45.11s.
-- 175/344 [50.9%], loss=0.0621, dgw=0.0621, reg=0.0000, time=35.89s.
-- 200/344 [58.1%], loss=0.0690, dgw=0.0690, reg=0.0000, time=24.34s.
-- 225/344 [65.4%], loss=0.0590, dgw=0.0590, reg=0.0000, time=46.67s.
-- 250/344 [72.7%], loss=0.0596, dgw=0.0596, reg=0.0000, time=51.95s.
-- 275/344 [79.9%], loss=0.0718, dgw=0.0718, reg=0.0000, time=33.48s.
-- 300/344 [87.2%], loss=0.0615, dgw=0.0615, reg=0.0000, time=46.52s.
-- 325/344 [94.5%], loss=0.0715, dgw=0.0715, reg=0.0000, time=50.99s.
-- 344/344 [100.0%], loss=0.0582, dgw=0.0582, reg=0.0000, time=35.36s.
fit: Epoch 14/15, loss = 0.0643, best loss = 0.0643
results/PTC_MR_Jin_Spectral_usl_tsne_fit_14.pdf
-- 25/344 [7.3%], loss=0.0658, dgw=0.0658, reg=0.0000, time=32.09s.
-- 50/344 [14.5%], loss=0.0558, dgw=0.0558, reg=0.0000, time=31.83s.
-- 75/344 [21.8%], loss=0.0654, dgw=0.0654, reg=0.0000, time=36.79s.
-- 100/344 [29.1%], loss=0.0604, dgw=0.0604, reg=0.0000, time=42.59s.
-- 125/344 [36.3%], loss=0.0604, dgw=0.0604, reg=0.0000, time=37.85s.
-- 150/344 [43.6%], loss=0.0529, dgw=0.0529, reg=0.0000, time=25.22s.
-- 175/344 [50.9%], loss=0.0685, dgw=0.0685, reg=0.0000, time=37.31s.
-- 200/344 [58.1%], loss=0.0497, dgw=0.0497, reg=0.0000, time=32.40s.
-- 225/344 [65.4%], loss=0.0793, dgw=0.0793, reg=0.0000, time=30.13s.
-- 250/344 [72.7%], loss=0.0597, dgw=0.0597, reg=0.0000, time=39.32s.
-- 275/344 [79.9%], loss=0.0566, dgw=0.0566, reg=0.0000, time=56.15s.
-- 300/344 [87.2%], loss=0.0558, dgw=0.0558, reg=0.0000, time=36.74s.
-- 325/344 [94.5%], loss=0.0596, dgw=0.0596, reg=0.0000, time=33.85s.
-- 344/344 [100.0%], loss=0.0666, dgw=0.0666, reg=0.0000, time=33.67s.
fit: Epoch 15/15, loss = 0.0611, best loss = 0.0611
results/PTC_MR_Jin_Spectral_usl_tsne_fit_15.pdf
Best Acc  : 0.5784883720930232
Rand Score: 0.5108990440029832
Done!
