-- 25/344 [7.3%], loss=0.2072, dgw=0.2072, reg=0.0000, time=40.03s.
-- 50/344 [14.5%], loss=0.2033, dgw=0.2033, reg=0.0000, time=31.52s.
-- 75/344 [21.8%], loss=0.1760, dgw=0.1760, reg=0.0000, time=49.86s.
-- 100/344 [29.1%], loss=0.2054, dgw=0.2054, reg=0.0000, time=51.25s.
-- 125/344 [36.3%], loss=0.2098, dgw=0.2098, reg=0.0000, time=51.47s.
-- 150/344 [43.6%], loss=0.1809, dgw=0.1809, reg=0.0000, time=54.69s.
-- 175/344 [50.9%], loss=0.1997, dgw=0.1997, reg=0.0000, time=55.81s.
-- 200/344 [58.1%], loss=0.1995, dgw=0.1995, reg=0.0000, time=58.45s.
-- 225/344 [65.4%], loss=0.1792, dgw=0.1792, reg=0.0000, time=65.25s.
-- 250/344 [72.7%], loss=0.1965, dgw=0.1965, reg=0.0000, time=59.80s.
-- 275/344 [79.9%], loss=0.1957, dgw=0.1957, reg=0.0000, time=71.27s.
-- 300/344 [87.2%], loss=0.1865, dgw=0.1865, reg=0.0000, time=52.32s.
-- 325/344 [94.5%], loss=0.1769, dgw=0.1769, reg=0.0000, time=57.43s.
-- 344/344 [100.0%], loss=0.1937, dgw=0.1937, reg=0.0000, time=37.02s.
fit: Epoch 1/15, loss = 0.1936, best loss = 0.1936
results/PTC_MR_Jin_Spectral_usl_tsne_fit_1.pdf
-- 25/344 [7.3%], loss=0.1907, dgw=0.1907, reg=0.0000, time=70.92s.
-- 50/344 [14.5%], loss=0.1724, dgw=0.1724, reg=0.0000, time=63.24s.
-- 75/344 [21.8%], loss=0.1810, dgw=0.1810, reg=0.0000, time=50.47s.
-- 100/344 [29.1%], loss=0.1672, dgw=0.1672, reg=0.0000, time=64.87s.
-- 125/344 [36.3%], loss=0.1781, dgw=0.1781, reg=0.0000, time=62.41s.
-- 150/344 [43.6%], loss=0.1792, dgw=0.1792, reg=0.0000, time=66.89s.
-- 175/344 [50.9%], loss=0.1673, dgw=0.1673, reg=0.0000, time=72.20s.
-- 200/344 [58.1%], loss=0.1831, dgw=0.1831, reg=0.0000, time=64.91s.
-- 225/344 [65.4%], loss=0.1783, dgw=0.1783, reg=0.0000, time=50.03s.
-- 250/344 [72.7%], loss=0.1534, dgw=0.1534, reg=0.0000, time=65.80s.
-- 275/344 [79.9%], loss=0.1599, dgw=0.1599, reg=0.0000, time=71.14s.
-- 300/344 [87.2%], loss=0.1620, dgw=0.1620, reg=0.0000, time=77.46s.
-- 325/344 [94.5%], loss=0.1707, dgw=0.1707, reg=0.0000, time=78.20s.
-- 344/344 [100.0%], loss=0.1554, dgw=0.1554, reg=0.0000, time=43.57s.
fit: Epoch 2/15, loss = 0.1716, best loss = 0.1716
results/PTC_MR_Jin_Spectral_usl_tsne_fit_2.pdf
-- 25/344 [7.3%], loss=0.1610, dgw=0.1610, reg=0.0000, time=56.36s.
-- 50/344 [14.5%], loss=0.1621, dgw=0.1621, reg=0.0000, time=66.30s.
-- 75/344 [21.8%], loss=0.1605, dgw=0.1605, reg=0.0000, time=54.86s.
-- 100/344 [29.1%], loss=0.1602, dgw=0.1602, reg=0.0000, time=53.39s.
-- 125/344 [36.3%], loss=0.1656, dgw=0.1656, reg=0.0000, time=44.56s.
-- 150/344 [43.6%], loss=0.1599, dgw=0.1599, reg=0.0000, time=72.34s.
-- 175/344 [50.9%], loss=0.1455, dgw=0.1455, reg=0.0000, time=65.54s.
-- 200/344 [58.1%], loss=0.1452, dgw=0.1452, reg=0.0000, time=79.37s.
-- 225/344 [65.4%], loss=0.1481, dgw=0.1481, reg=0.0000, time=78.13s.
-- 250/344 [72.7%], loss=0.1430, dgw=0.1430, reg=0.0000, time=69.69s.
-- 275/344 [79.9%], loss=0.1500, dgw=0.1500, reg=0.0000, time=66.37s.
-- 300/344 [87.2%], loss=0.1458, dgw=0.1458, reg=0.0000, time=73.35s.
-- 325/344 [94.5%], loss=0.1433, dgw=0.1433, reg=0.0000, time=74.82s.
-- 344/344 [100.0%], loss=0.1393, dgw=0.1393, reg=0.0000, time=48.72s.
fit: Epoch 3/15, loss = 0.1523, best loss = 0.1523
results/PTC_MR_Jin_Spectral_usl_tsne_fit_3.pdf
-- 25/344 [7.3%], loss=0.1518, dgw=0.1518, reg=0.0000, time=72.61s.
-- 50/344 [14.5%], loss=0.1272, dgw=0.1272, reg=0.0000, time=65.92s.
-- 75/344 [21.8%], loss=0.1430, dgw=0.1430, reg=0.0000, time=53.49s.
-- 100/344 [29.1%], loss=0.1308, dgw=0.1308, reg=0.0000, time=71.72s.
-- 125/344 [36.3%], loss=0.1418, dgw=0.1418, reg=0.0000, time=71.12s.
-- 150/344 [43.6%], loss=0.1320, dgw=0.1320, reg=0.0000, time=85.54s.
-- 175/344 [50.9%], loss=0.1351, dgw=0.1351, reg=0.0000, time=69.72s.
-- 200/344 [58.1%], loss=0.1348, dgw=0.1348, reg=0.0000, time=86.53s.
-- 225/344 [65.4%], loss=0.1310, dgw=0.1310, reg=0.0000, time=65.41s.
-- 250/344 [72.7%], loss=0.1281, dgw=0.1281, reg=0.0000, time=68.74s.
-- 275/344 [79.9%], loss=0.1465, dgw=0.1465, reg=0.0000, time=64.89s.
-- 300/344 [87.2%], loss=0.1272, dgw=0.1272, reg=0.0000, time=65.43s.
-- 325/344 [94.5%], loss=0.1360, dgw=0.1360, reg=0.0000, time=60.08s.
-- 344/344 [100.0%], loss=0.1390, dgw=0.1390, reg=0.0000, time=48.55s.
fit: Epoch 4/15, loss = 0.1360, best loss = 0.1360
results/PTC_MR_Jin_Spectral_usl_tsne_fit_4.pdf
-- 25/344 [7.3%], loss=0.1262, dgw=0.1262, reg=0.0000, time=45.56s.
-- 50/344 [14.5%], loss=0.1302, dgw=0.1302, reg=0.0000, time=58.57s.
-- 75/344 [21.8%], loss=0.1307, dgw=0.1307, reg=0.0000, time=57.20s.
-- 100/344 [29.1%], loss=0.1018, dgw=0.1018, reg=0.0000, time=70.95s.
-- 125/344 [36.3%], loss=0.1266, dgw=0.1266, reg=0.0000, time=75.20s.
-- 150/344 [43.6%], loss=0.1283, dgw=0.1283, reg=0.0000, time=55.96s.
-- 175/344 [50.9%], loss=0.1198, dgw=0.1198, reg=0.0000, time=60.25s.
-- 200/344 [58.1%], loss=0.1284, dgw=0.1284, reg=0.0000, time=75.60s.
-- 225/344 [65.4%], loss=0.1258, dgw=0.1258, reg=0.0000, time=71.62s.
-- 250/344 [72.7%], loss=0.1198, dgw=0.1198, reg=0.0000, time=39.79s.
-- 275/344 [79.9%], loss=0.1183, dgw=0.1183, reg=0.0000, time=64.48s.
-- 300/344 [87.2%], loss=0.1185, dgw=0.1185, reg=0.0000, time=72.79s.
-- 325/344 [94.5%], loss=0.1235, dgw=0.1235, reg=0.0000, time=82.14s.
-- 344/344 [100.0%], loss=0.1099, dgw=0.1099, reg=0.0000, time=52.42s.
fit: Epoch 5/15, loss = 0.1222, best loss = 0.1222
results/PTC_MR_Jin_Spectral_usl_tsne_fit_5.pdf
-- 25/344 [7.3%], loss=0.1256, dgw=0.1256, reg=0.0000, time=60.96s.
-- 50/344 [14.5%], loss=0.1117, dgw=0.1117, reg=0.0000, time=65.35s.
-- 75/344 [21.8%], loss=0.1038, dgw=0.1038, reg=0.0000, time=94.22s.
-- 100/344 [29.1%], loss=0.1147, dgw=0.1147, reg=0.0000, time=61.40s.
-- 125/344 [36.3%], loss=0.1122, dgw=0.1122, reg=0.0000, time=69.63s.
-- 150/344 [43.6%], loss=0.1062, dgw=0.1062, reg=0.0000, time=59.79s.
-- 175/344 [50.9%], loss=0.1122, dgw=0.1122, reg=0.0000, time=56.28s.
-- 200/344 [58.1%], loss=0.1080, dgw=0.1080, reg=0.0000, time=65.02s.
-- 225/344 [65.4%], loss=0.1136, dgw=0.1136, reg=0.0000, time=67.22s.
-- 250/344 [72.7%], loss=0.1103, dgw=0.1103, reg=0.0000, time=56.25s.
-- 275/344 [79.9%], loss=0.0966, dgw=0.0966, reg=0.0000, time=64.99s.
-- 300/344 [87.2%], loss=0.1139, dgw=0.1139, reg=0.0000, time=30.40s.
-- 325/344 [94.5%], loss=0.1124, dgw=0.1124, reg=0.0000, time=86.25s.
-- 344/344 [100.0%], loss=0.1062, dgw=0.1062, reg=0.0000, time=35.78s.
fit: Epoch 6/15, loss = 0.1106, best loss = 0.1106
results/PTC_MR_Jin_Spectral_usl_tsne_fit_6.pdf
-- 25/344 [7.3%], loss=0.1083, dgw=0.1083, reg=0.0000, time=61.95s.
-- 50/344 [14.5%], loss=0.1071, dgw=0.1071, reg=0.0000, time=56.09s.
-- 75/344 [21.8%], loss=0.1165, dgw=0.1165, reg=0.0000, time=60.07s.
-- 100/344 [29.1%], loss=0.0925, dgw=0.0925, reg=0.0000, time=54.44s.
-- 125/344 [36.3%], loss=0.0897, dgw=0.0897, reg=0.0000, time=50.99s.
-- 150/344 [43.6%], loss=0.0985, dgw=0.0985, reg=0.0000, time=52.51s.
-- 175/344 [50.9%], loss=0.0977, dgw=0.0977, reg=0.0000, time=61.61s.
-- 200/344 [58.1%], loss=0.1164, dgw=0.1164, reg=0.0000, time=55.50s.
-- 225/344 [65.4%], loss=0.1000, dgw=0.1000, reg=0.0000, time=59.16s.
-- 250/344 [72.7%], loss=0.0998, dgw=0.0998, reg=0.0000, time=52.18s.
-- 275/344 [79.9%], loss=0.0932, dgw=0.0932, reg=0.0000, time=52.27s.
-- 300/344 [87.2%], loss=0.0965, dgw=0.0965, reg=0.0000, time=65.16s.
-- 325/344 [94.5%], loss=0.0970, dgw=0.0970, reg=0.0000, time=69.63s.
-- 344/344 [100.0%], loss=0.1003, dgw=0.1003, reg=0.0000, time=56.89s.
fit: Epoch 7/15, loss = 0.1010, best loss = 0.1010
results/PTC_MR_Jin_Spectral_usl_tsne_fit_7.pdf
-- 25/344 [7.3%], loss=0.0934, dgw=0.0934, reg=0.0000, time=48.93s.
-- 50/344 [14.5%], loss=0.1012, dgw=0.1012, reg=0.0000, time=57.35s.
-- 75/344 [21.8%], loss=0.0801, dgw=0.0801, reg=0.0000, time=56.83s.
-- 100/344 [29.1%], loss=0.0896, dgw=0.0896, reg=0.0000, time=55.22s.
-- 125/344 [36.3%], loss=0.0981, dgw=0.0981, reg=0.0000, time=48.14s.
-- 150/344 [43.6%], loss=0.0979, dgw=0.0979, reg=0.0000, time=23.79s.
-- 175/344 [50.9%], loss=0.0995, dgw=0.0995, reg=0.0000, time=51.12s.
-- 200/344 [58.1%], loss=0.0816, dgw=0.0816, reg=0.0000, time=65.86s.
-- 225/344 [65.4%], loss=0.0838, dgw=0.0838, reg=0.0000, time=58.14s.
-- 250/344 [72.7%], loss=0.1003, dgw=0.1003, reg=0.0000, time=60.40s.
-- 275/344 [79.9%], loss=0.0893, dgw=0.0893, reg=0.0000, time=65.78s.
-- 300/344 [87.2%], loss=0.0964, dgw=0.0964, reg=0.0000, time=44.83s.
-- 325/344 [94.5%], loss=0.0920, dgw=0.0920, reg=0.0000, time=53.57s.
-- 344/344 [100.0%], loss=0.0992, dgw=0.0992, reg=0.0000, time=39.99s.
fit: Epoch 8/15, loss = 0.0929, best loss = 0.0929
results/PTC_MR_Jin_Spectral_usl_tsne_fit_8.pdf
-- 25/344 [7.3%], loss=0.0779, dgw=0.0779, reg=0.0000, time=51.96s.
-- 50/344 [14.5%], loss=0.0824, dgw=0.0824, reg=0.0000, time=68.78s.
-- 75/344 [21.8%], loss=0.1012, dgw=0.1012, reg=0.0000, time=54.10s.
-- 100/344 [29.1%], loss=0.0871, dgw=0.0871, reg=0.0000, time=47.61s.
-- 125/344 [36.3%], loss=0.0955, dgw=0.0955, reg=0.0000, time=61.03s.
-- 150/344 [43.6%], loss=0.0857, dgw=0.0857, reg=0.0000, time=45.79s.
-- 175/344 [50.9%], loss=0.0808, dgw=0.0808, reg=0.0000, time=59.71s.
-- 200/344 [58.1%], loss=0.0920, dgw=0.0920, reg=0.0000, time=61.36s.
-- 225/344 [65.4%], loss=0.0810, dgw=0.0810, reg=0.0000, time=50.36s.
-- 250/344 [72.7%], loss=0.0862, dgw=0.0862, reg=0.0000, time=47.26s.
-- 275/344 [79.9%], loss=0.0865, dgw=0.0865, reg=0.0000, time=46.33s.
-- 300/344 [87.2%], loss=0.0901, dgw=0.0901, reg=0.0000, time=49.20s.
-- 325/344 [94.5%], loss=0.0780, dgw=0.0780, reg=0.0000, time=61.29s.
-- 344/344 [100.0%], loss=0.0795, dgw=0.0795, reg=0.0000, time=31.05s.
fit: Epoch 9/15, loss = 0.0861, best loss = 0.0861
results/PTC_MR_Jin_Spectral_usl_tsne_fit_9.pdf
-- 25/344 [7.3%], loss=0.0832, dgw=0.0832, reg=0.0000, time=50.35s.
-- 50/344 [14.5%], loss=0.0742, dgw=0.0742, reg=0.0000, time=32.39s.
-- 75/344 [21.8%], loss=0.0791, dgw=0.0791, reg=0.0000, time=48.59s.
-- 100/344 [29.1%], loss=0.0861, dgw=0.0861, reg=0.0000, time=68.17s.
-- 125/344 [36.3%], loss=0.0979, dgw=0.0979, reg=0.0000, time=60.08s.
-- 150/344 [43.6%], loss=0.0864, dgw=0.0864, reg=0.0000, time=51.47s.
-- 175/344 [50.9%], loss=0.0850, dgw=0.0850, reg=0.0000, time=29.46s.
-- 200/344 [58.1%], loss=0.0798, dgw=0.0798, reg=0.0000, time=26.28s.
-- 225/344 [65.4%], loss=0.0770, dgw=0.0770, reg=0.0000, time=49.38s.
-- 250/344 [72.7%], loss=0.0651, dgw=0.0651, reg=0.0000, time=31.63s.
-- 275/344 [79.9%], loss=0.0773, dgw=0.0773, reg=0.0000, time=55.96s.
-- 300/344 [87.2%], loss=0.0862, dgw=0.0862, reg=0.0000, time=50.98s.
-- 325/344 [94.5%], loss=0.0760, dgw=0.0760, reg=0.0000, time=53.82s.
-- 344/344 [100.0%], loss=0.0677, dgw=0.0677, reg=0.0000, time=38.70s.
fit: Epoch 10/15, loss = 0.0803, best loss = 0.0803
results/PTC_MR_Jin_Spectral_usl_tsne_fit_10.pdf
-- 25/344 [7.3%], loss=0.0710, dgw=0.0710, reg=0.0000, time=46.89s.
-- 50/344 [14.5%], loss=0.0802, dgw=0.0802, reg=0.0000, time=45.08s.
-- 75/344 [21.8%], loss=0.0853, dgw=0.0853, reg=0.0000, time=53.25s.
-- 100/344 [29.1%], loss=0.0650, dgw=0.0650, reg=0.0000, time=45.84s.
-- 125/344 [36.3%], loss=0.0740, dgw=0.0740, reg=0.0000, time=35.20s.
-- 150/344 [43.6%], loss=0.0701, dgw=0.0701, reg=0.0000, time=42.12s.
-- 175/344 [50.9%], loss=0.0698, dgw=0.0698, reg=0.0000, time=59.46s.
-- 200/344 [58.1%], loss=0.0842, dgw=0.0842, reg=0.0000, time=61.92s.
-- 225/344 [65.4%], loss=0.0936, dgw=0.0936, reg=0.0000, time=60.13s.
-- 250/344 [72.7%], loss=0.0788, dgw=0.0788, reg=0.0000, time=61.29s.
-- 275/344 [79.9%], loss=0.0728, dgw=0.0728, reg=0.0000, time=40.19s.
-- 300/344 [87.2%], loss=0.0732, dgw=0.0732, reg=0.0000, time=44.75s.
-- 325/344 [94.5%], loss=0.0700, dgw=0.0700, reg=0.0000, time=47.57s.
-- 344/344 [100.0%], loss=0.0623, dgw=0.0623, reg=0.0000, time=35.80s.
fit: Epoch 11/15, loss = 0.0752, best loss = 0.0752
results/PTC_MR_Jin_Spectral_usl_tsne_fit_11.pdf
-- 25/344 [7.3%], loss=0.0800, dgw=0.0800, reg=0.0000, time=63.05s.
-- 50/344 [14.5%], loss=0.0732, dgw=0.0732, reg=0.0000, time=49.25s.
-- 75/344 [21.8%], loss=0.0599, dgw=0.0599, reg=0.0000, time=26.12s.
-- 100/344 [29.1%], loss=0.0709, dgw=0.0709, reg=0.0000, time=44.71s.
-- 125/344 [36.3%], loss=0.0706, dgw=0.0706, reg=0.0000, time=45.66s.
-- 150/344 [43.6%], loss=0.0760, dgw=0.0760, reg=0.0000, time=51.31s.
-- 175/344 [50.9%], loss=0.0683, dgw=0.0683, reg=0.0000, time=37.65s.
-- 200/344 [58.1%], loss=0.0635, dgw=0.0635, reg=0.0000, time=43.98s.
-- 225/344 [65.4%], loss=0.0803, dgw=0.0803, reg=0.0000, time=37.74s.
-- 250/344 [72.7%], loss=0.0687, dgw=0.0687, reg=0.0000, time=39.86s.
-- 275/344 [79.9%], loss=0.0655, dgw=0.0655, reg=0.0000, time=47.12s.
-- 300/344 [87.2%], loss=0.0727, dgw=0.0727, reg=0.0000, time=42.28s.
-- 325/344 [94.5%], loss=0.0786, dgw=0.0786, reg=0.0000, time=44.42s.
-- 344/344 [100.0%], loss=0.0617, dgw=0.0617, reg=0.0000, time=44.87s.
fit: Epoch 12/15, loss = 0.0709, best loss = 0.0709
results/PTC_MR_Jin_Spectral_usl_tsne_fit_12.pdf
-- 25/344 [7.3%], loss=0.0579, dgw=0.0579, reg=0.0000, time=59.34s.
-- 50/344 [14.5%], loss=0.0706, dgw=0.0706, reg=0.0000, time=55.24s.
-- 75/344 [21.8%], loss=0.0740, dgw=0.0740, reg=0.0000, time=62.24s.
-- 100/344 [29.1%], loss=0.0691, dgw=0.0691, reg=0.0000, time=47.26s.
-- 125/344 [36.3%], loss=0.0654, dgw=0.0654, reg=0.0000, time=47.80s.
-- 150/344 [43.6%], loss=0.0630, dgw=0.0630, reg=0.0000, time=51.11s.
-- 175/344 [50.9%], loss=0.0712, dgw=0.0712, reg=0.0000, time=38.05s.
-- 200/344 [58.1%], loss=0.0644, dgw=0.0644, reg=0.0000, time=42.51s.
-- 225/344 [65.4%], loss=0.0754, dgw=0.0754, reg=0.0000, time=54.49s.
-- 250/344 [72.7%], loss=0.0772, dgw=0.0772, reg=0.0000, time=36.79s.
-- 275/344 [79.9%], loss=0.0653, dgw=0.0653, reg=0.0000, time=35.61s.
-- 300/344 [87.2%], loss=0.0577, dgw=0.0577, reg=0.0000, time=44.28s.
-- 325/344 [94.5%], loss=0.0675, dgw=0.0675, reg=0.0000, time=51.09s.
-- 344/344 [100.0%], loss=0.0567, dgw=0.0567, reg=0.0000, time=41.73s.
fit: Epoch 13/15, loss = 0.0670, best loss = 0.0670
results/PTC_MR_Jin_Spectral_usl_tsne_fit_13.pdf
-- 25/344 [7.3%], loss=0.0688, dgw=0.0688, reg=0.0000, time=26.20s.
-- 50/344 [14.5%], loss=0.0698, dgw=0.0698, reg=0.0000, time=46.89s.
-- 75/344 [21.8%], loss=0.0653, dgw=0.0653, reg=0.0000, time=45.83s.
-- 100/344 [29.1%], loss=0.0540, dgw=0.0540, reg=0.0000, time=32.71s.
-- 125/344 [36.3%], loss=0.0674, dgw=0.0674, reg=0.0000, time=42.67s.
-- 150/344 [43.6%], loss=0.0619, dgw=0.0619, reg=0.0000, time=44.43s.
-- 175/344 [50.9%], loss=0.0568, dgw=0.0568, reg=0.0000, time=46.11s.
-- 200/344 [58.1%], loss=0.0628, dgw=0.0628, reg=0.0000, time=39.84s.
-- 225/344 [65.4%], loss=0.0613, dgw=0.0613, reg=0.0000, time=42.23s.
-- 250/344 [72.7%], loss=0.0777, dgw=0.0777, reg=0.0000, time=48.80s.
-- 275/344 [79.9%], loss=0.0548, dgw=0.0548, reg=0.0000, time=50.67s.
-- 300/344 [87.2%], loss=0.0709, dgw=0.0709, reg=0.0000, time=38.92s.
-- 325/344 [94.5%], loss=0.0583, dgw=0.0583, reg=0.0000, time=48.30s.
-- 344/344 [100.0%], loss=0.0573, dgw=0.0573, reg=0.0000, time=34.13s.
fit: Epoch 14/15, loss = 0.0635, best loss = 0.0635
results/PTC_MR_Jin_Spectral_usl_tsne_fit_14.pdf
-- 25/344 [7.3%], loss=0.0590, dgw=0.0590, reg=0.0000, time=47.11s.
-- 50/344 [14.5%], loss=0.0624, dgw=0.0624, reg=0.0000, time=39.89s.
-- 75/344 [21.8%], loss=0.0553, dgw=0.0553, reg=0.0000, time=44.16s.
-- 100/344 [29.1%], loss=0.0614, dgw=0.0614, reg=0.0000, time=43.32s.
-- 125/344 [36.3%], loss=0.0605, dgw=0.0605, reg=0.0000, time=42.09s.
-- 150/344 [43.6%], loss=0.0551, dgw=0.0551, reg=0.0000, time=36.15s.
-- 175/344 [50.9%], loss=0.0748, dgw=0.0748, reg=0.0000, time=41.70s.
-- 200/344 [58.1%], loss=0.0584, dgw=0.0584, reg=0.0000, time=38.68s.
-- 225/344 [65.4%], loss=0.0656, dgw=0.0656, reg=0.0000, time=34.61s.
-- 250/344 [72.7%], loss=0.0616, dgw=0.0616, reg=0.0000, time=44.39s.
-- 275/344 [79.9%], loss=0.0613, dgw=0.0613, reg=0.0000, time=38.11s.
-- 300/344 [87.2%], loss=0.0679, dgw=0.0679, reg=0.0000, time=42.36s.
-- 325/344 [94.5%], loss=0.0519, dgw=0.0519, reg=0.0000, time=34.76s.
-- 344/344 [100.0%], loss=0.0479, dgw=0.0479, reg=0.0000, time=28.90s.
fit: Epoch 15/15, loss = 0.0604, best loss = 0.0604
results/PTC_MR_Jin_Spectral_usl_tsne_fit_15.pdf
Best Acc  : 0.5406976744186047
Rand Score: 0.5018645331886907
Done!
