-- 25/344 [7.3%], loss=0.2169, dgw=0.2169, reg=0.0000, time=54.92s.
-- 50/344 [14.5%], loss=0.2045, dgw=0.2045, reg=0.0000, time=59.31s.
-- 75/344 [21.8%], loss=0.2052, dgw=0.2052, reg=0.0000, time=44.95s.
-- 100/344 [29.1%], loss=0.1947, dgw=0.1947, reg=0.0000, time=61.04s.
-- 125/344 [36.3%], loss=0.2136, dgw=0.2136, reg=0.0000, time=61.40s.
-- 150/344 [43.6%], loss=0.1919, dgw=0.1919, reg=0.0000, time=57.93s.
-- 175/344 [50.9%], loss=0.2087, dgw=0.2087, reg=0.0000, time=67.07s.
-- 200/344 [58.1%], loss=0.1828, dgw=0.1828, reg=0.0000, time=65.12s.
-- 225/344 [65.4%], loss=0.1801, dgw=0.1801, reg=0.0000, time=75.81s.
-- 250/344 [72.7%], loss=0.1888, dgw=0.1888, reg=0.0000, time=55.57s.
-- 275/344 [79.9%], loss=0.1912, dgw=0.1912, reg=0.0000, time=55.64s.
-- 300/344 [87.2%], loss=0.1831, dgw=0.1831, reg=0.0000, time=37.95s.
-- 325/344 [94.5%], loss=0.1952, dgw=0.1952, reg=0.0000, time=40.31s.
-- 344/344 [100.0%], loss=0.2073, dgw=0.2073, reg=0.0000, time=33.31s.
fit: Epoch 1/15, loss = 0.1973, best loss = 0.1973
results/PTC_MR_Jin_Spectral_usl_tsne_fit_1.pdf
-- 25/344 [7.3%], loss=0.1898, dgw=0.1898, reg=0.0000, time=60.11s.
-- 50/344 [14.5%], loss=0.1631, dgw=0.1631, reg=0.0000, time=64.30s.
-- 75/344 [21.8%], loss=0.1853, dgw=0.1853, reg=0.0000, time=52.59s.
-- 100/344 [29.1%], loss=0.1797, dgw=0.1797, reg=0.0000, time=54.68s.
-- 125/344 [36.3%], loss=0.1731, dgw=0.1731, reg=0.0000, time=31.68s.
-- 150/344 [43.6%], loss=0.1756, dgw=0.1756, reg=0.0000, time=58.44s.
-- 175/344 [50.9%], loss=0.1786, dgw=0.1786, reg=0.0000, time=77.84s.
-- 200/344 [58.1%], loss=0.1724, dgw=0.1724, reg=0.0000, time=56.60s.
-- 225/344 [65.4%], loss=0.1698, dgw=0.1698, reg=0.0000, time=62.15s.
-- 250/344 [72.7%], loss=0.1796, dgw=0.1796, reg=0.0000, time=65.66s.
-- 275/344 [79.9%], loss=0.1775, dgw=0.1775, reg=0.0000, time=69.13s.
-- 300/344 [87.2%], loss=0.1663, dgw=0.1663, reg=0.0000, time=68.88s.
-- 325/344 [94.5%], loss=0.1735, dgw=0.1735, reg=0.0000, time=42.63s.
-- 344/344 [100.0%], loss=0.1581, dgw=0.1581, reg=0.0000, time=45.77s.
fit: Epoch 2/15, loss = 0.1747, best loss = 0.1747
results/PTC_MR_Jin_Spectral_usl_tsne_fit_2.pdf
-- 25/344 [7.3%], loss=0.1660, dgw=0.1660, reg=0.0000, time=68.51s.
-- 50/344 [14.5%], loss=0.1491, dgw=0.1491, reg=0.0000, time=63.60s.
-- 75/344 [21.8%], loss=0.1594, dgw=0.1594, reg=0.0000, time=51.53s.
-- 100/344 [29.1%], loss=0.1578, dgw=0.1578, reg=0.0000, time=27.04s.
-- 125/344 [36.3%], loss=0.1666, dgw=0.1666, reg=0.0000, time=58.83s.
-- 150/344 [43.6%], loss=0.1489, dgw=0.1489, reg=0.0000, time=61.63s.
-- 175/344 [50.9%], loss=0.1601, dgw=0.1601, reg=0.0000, time=25.15s.
-- 200/344 [58.1%], loss=0.1530, dgw=0.1530, reg=0.0000, time=42.67s.
-- 225/344 [65.4%], loss=0.1588, dgw=0.1588, reg=0.0000, time=57.43s.
-- 250/344 [72.7%], loss=0.1476, dgw=0.1476, reg=0.0000, time=62.35s.
-- 275/344 [79.9%], loss=0.1500, dgw=0.1500, reg=0.0000, time=77.06s.
-- 300/344 [87.2%], loss=0.1612, dgw=0.1612, reg=0.0000, time=72.11s.
-- 325/344 [94.5%], loss=0.1449, dgw=0.1449, reg=0.0000, time=82.27s.
-- 344/344 [100.0%], loss=0.1469, dgw=0.1469, reg=0.0000, time=32.73s.
fit: Epoch 3/15, loss = 0.1552, best loss = 0.1552
results/PTC_MR_Jin_Spectral_usl_tsne_fit_3.pdf
-- 25/344 [7.3%], loss=0.1520, dgw=0.1520, reg=0.0000, time=68.91s.
-- 50/344 [14.5%], loss=0.1387, dgw=0.1387, reg=0.0000, time=71.09s.
-- 75/344 [21.8%], loss=0.1504, dgw=0.1504, reg=0.0000, time=77.09s.
-- 100/344 [29.1%], loss=0.1395, dgw=0.1395, reg=0.0000, time=73.64s.
-- 125/344 [36.3%], loss=0.1281, dgw=0.1281, reg=0.0000, time=74.41s.
-- 150/344 [43.6%], loss=0.1430, dgw=0.1430, reg=0.0000, time=60.37s.
-- 175/344 [50.9%], loss=0.1302, dgw=0.1302, reg=0.0000, time=69.83s.
-- 200/344 [58.1%], loss=0.1500, dgw=0.1500, reg=0.0000, time=72.38s.
-- 225/344 [65.4%], loss=0.1366, dgw=0.1366, reg=0.0000, time=76.54s.
-- 250/344 [72.7%], loss=0.1378, dgw=0.1378, reg=0.0000, time=83.76s.
-- 275/344 [79.9%], loss=0.1424, dgw=0.1424, reg=0.0000, time=63.84s.
-- 300/344 [87.2%], loss=0.1337, dgw=0.1337, reg=0.0000, time=61.89s.
-- 325/344 [94.5%], loss=0.1328, dgw=0.1328, reg=0.0000, time=54.11s.
-- 344/344 [100.0%], loss=0.1179, dgw=0.1179, reg=0.0000, time=49.45s.
fit: Epoch 4/15, loss = 0.1384, best loss = 0.1384
results/PTC_MR_Jin_Spectral_usl_tsne_fit_4.pdf
-- 25/344 [7.3%], loss=0.1333, dgw=0.1333, reg=0.0000, time=77.84s.
-- 50/344 [14.5%], loss=0.1329, dgw=0.1329, reg=0.0000, time=60.19s.
-- 75/344 [21.8%], loss=0.1258, dgw=0.1258, reg=0.0000, time=78.70s.
-- 100/344 [29.1%], loss=0.1219, dgw=0.1219, reg=0.0000, time=52.45s.
-- 125/344 [36.3%], loss=0.1212, dgw=0.1212, reg=0.0000, time=52.69s.
-- 150/344 [43.6%], loss=0.1303, dgw=0.1303, reg=0.0000, time=50.95s.
-- 175/344 [50.9%], loss=0.1205, dgw=0.1205, reg=0.0000, time=48.50s.
-- 200/344 [58.1%], loss=0.1287, dgw=0.1287, reg=0.0000, time=66.26s.
-- 225/344 [65.4%], loss=0.1259, dgw=0.1259, reg=0.0000, time=53.82s.
-- 250/344 [72.7%], loss=0.1131, dgw=0.1131, reg=0.0000, time=72.52s.
-- 275/344 [79.9%], loss=0.1227, dgw=0.1227, reg=0.0000, time=47.19s.
-- 300/344 [87.2%], loss=0.1259, dgw=0.1259, reg=0.0000, time=70.16s.
-- 325/344 [94.5%], loss=0.1128, dgw=0.1128, reg=0.0000, time=50.66s.
-- 344/344 [100.0%], loss=0.1238, dgw=0.1238, reg=0.0000, time=52.21s.
fit: Epoch 5/15, loss = 0.1242, best loss = 0.1242
results/PTC_MR_Jin_Spectral_usl_tsne_fit_5.pdf
-- 25/344 [7.3%], loss=0.1079, dgw=0.1079, reg=0.0000, time=53.29s.
-- 50/344 [14.5%], loss=0.1217, dgw=0.1217, reg=0.0000, time=75.62s.
-- 75/344 [21.8%], loss=0.1167, dgw=0.1167, reg=0.0000, time=68.84s.
-- 100/344 [29.1%], loss=0.1222, dgw=0.1222, reg=0.0000, time=57.09s.
-- 125/344 [36.3%], loss=0.1072, dgw=0.1072, reg=0.0000, time=62.44s.
-- 150/344 [43.6%], loss=0.1115, dgw=0.1115, reg=0.0000, time=47.69s.
-- 175/344 [50.9%], loss=0.1141, dgw=0.1141, reg=0.0000, time=49.56s.
-- 200/344 [58.1%], loss=0.1184, dgw=0.1184, reg=0.0000, time=55.64s.
-- 225/344 [65.4%], loss=0.1146, dgw=0.1146, reg=0.0000, time=48.47s.
-- 250/344 [72.7%], loss=0.1153, dgw=0.1153, reg=0.0000, time=56.54s.
-- 275/344 [79.9%], loss=0.0970, dgw=0.0970, reg=0.0000, time=52.85s.
-- 300/344 [87.2%], loss=0.1153, dgw=0.1153, reg=0.0000, time=52.27s.
-- 325/344 [94.5%], loss=0.1040, dgw=0.1040, reg=0.0000, time=65.41s.
-- 344/344 [100.0%], loss=0.1057, dgw=0.1057, reg=0.0000, time=53.77s.
fit: Epoch 6/15, loss = 0.1124, best loss = 0.1124
results/PTC_MR_Jin_Spectral_usl_tsne_fit_6.pdf
-- 25/344 [7.3%], loss=0.1023, dgw=0.1023, reg=0.0000, time=63.27s.
-- 50/344 [14.5%], loss=0.0957, dgw=0.0957, reg=0.0000, time=74.31s.
-- 75/344 [21.8%], loss=0.1067, dgw=0.1067, reg=0.0000, time=41.53s.
-- 100/344 [29.1%], loss=0.0931, dgw=0.0931, reg=0.0000, time=64.07s.
-- 125/344 [36.3%], loss=0.0929, dgw=0.0929, reg=0.0000, time=64.43s.
-- 150/344 [43.6%], loss=0.1109, dgw=0.1109, reg=0.0000, time=75.47s.
-- 175/344 [50.9%], loss=0.1072, dgw=0.1072, reg=0.0000, time=65.62s.
-- 200/344 [58.1%], loss=0.1097, dgw=0.1097, reg=0.0000, time=38.40s.
-- 225/344 [65.4%], loss=0.1123, dgw=0.1123, reg=0.0000, time=61.99s.
-- 250/344 [72.7%], loss=0.1055, dgw=0.1055, reg=0.0000, time=55.01s.
-- 275/344 [79.9%], loss=0.1040, dgw=0.1040, reg=0.0000, time=53.89s.
-- 300/344 [87.2%], loss=0.0963, dgw=0.0963, reg=0.0000, time=31.64s.
-- 325/344 [94.5%], loss=0.0927, dgw=0.0927, reg=0.0000, time=55.65s.
-- 344/344 [100.0%], loss=0.1078, dgw=0.1078, reg=0.0000, time=38.13s.
fit: Epoch 7/15, loss = 0.1026, best loss = 0.1026
results/PTC_MR_Jin_Spectral_usl_tsne_fit_7.pdf
-- 25/344 [7.3%], loss=0.0802, dgw=0.0802, reg=0.0000, time=54.69s.
-- 50/344 [14.5%], loss=0.0840, dgw=0.0840, reg=0.0000, time=64.95s.
-- 75/344 [21.8%], loss=0.0852, dgw=0.0852, reg=0.0000, time=63.03s.
-- 100/344 [29.1%], loss=0.0989, dgw=0.0989, reg=0.0000, time=49.24s.
-- 125/344 [36.3%], loss=0.0961, dgw=0.0961, reg=0.0000, time=36.82s.
-- 150/344 [43.6%], loss=0.0926, dgw=0.0926, reg=0.0000, time=44.18s.
-- 175/344 [50.9%], loss=0.1114, dgw=0.1114, reg=0.0000, time=41.71s.
-- 200/344 [58.1%], loss=0.1004, dgw=0.1004, reg=0.0000, time=76.69s.
-- 225/344 [65.4%], loss=0.0863, dgw=0.0863, reg=0.0000, time=64.11s.
-- 250/344 [72.7%], loss=0.0996, dgw=0.0996, reg=0.0000, time=33.02s.
-- 275/344 [79.9%], loss=0.0969, dgw=0.0969, reg=0.0000, time=77.66s.
-- 300/344 [87.2%], loss=0.0909, dgw=0.0909, reg=0.0000, time=55.95s.
-- 325/344 [94.5%], loss=0.1012, dgw=0.1012, reg=0.0000, time=55.50s.
-- 344/344 [100.0%], loss=0.0975, dgw=0.0975, reg=0.0000, time=51.11s.
fit: Epoch 8/15, loss = 0.0943, best loss = 0.0943
results/PTC_MR_Jin_Spectral_usl_tsne_fit_8.pdf
-- 25/344 [7.3%], loss=0.0935, dgw=0.0935, reg=0.0000, time=43.66s.
-- 50/344 [14.5%], loss=0.0928, dgw=0.0928, reg=0.0000, time=47.56s.
-- 75/344 [21.8%], loss=0.0882, dgw=0.0882, reg=0.0000, time=45.35s.
-- 100/344 [29.1%], loss=0.0735, dgw=0.0735, reg=0.0000, time=40.38s.
-- 125/344 [36.3%], loss=0.0894, dgw=0.0894, reg=0.0000, time=51.43s.
-- 150/344 [43.6%], loss=0.0844, dgw=0.0844, reg=0.0000, time=56.48s.
-- 175/344 [50.9%], loss=0.0811, dgw=0.0811, reg=0.0000, time=59.73s.
-- 200/344 [58.1%], loss=0.0829, dgw=0.0829, reg=0.0000, time=58.01s.
-- 225/344 [65.4%], loss=0.0862, dgw=0.0862, reg=0.0000, time=53.14s.
-- 250/344 [72.7%], loss=0.0899, dgw=0.0899, reg=0.0000, time=58.97s.
-- 275/344 [79.9%], loss=0.1012, dgw=0.1012, reg=0.0000, time=40.99s.
-- 300/344 [87.2%], loss=0.0979, dgw=0.0979, reg=0.0000, time=66.34s.
-- 325/344 [94.5%], loss=0.0845, dgw=0.0845, reg=0.0000, time=57.22s.
-- 344/344 [100.0%], loss=0.0763, dgw=0.0763, reg=0.0000, time=41.91s.
fit: Epoch 9/15, loss = 0.0875, best loss = 0.0875
results/PTC_MR_Jin_Spectral_usl_tsne_fit_9.pdf
-- 25/344 [7.3%], loss=0.0872, dgw=0.0872, reg=0.0000, time=54.46s.
-- 50/344 [14.5%], loss=0.0804, dgw=0.0804, reg=0.0000, time=61.36s.
-- 75/344 [21.8%], loss=0.0814, dgw=0.0814, reg=0.0000, time=58.54s.
-- 100/344 [29.1%], loss=0.0858, dgw=0.0858, reg=0.0000, time=39.87s.
-- 125/344 [36.3%], loss=0.0857, dgw=0.0857, reg=0.0000, time=59.15s.
-- 150/344 [43.6%], loss=0.0753, dgw=0.0753, reg=0.0000, time=50.84s.
-- 175/344 [50.9%], loss=0.0760, dgw=0.0760, reg=0.0000, time=54.34s.
-- 200/344 [58.1%], loss=0.0861, dgw=0.0861, reg=0.0000, time=72.72s.
-- 225/344 [65.4%], loss=0.0748, dgw=0.0748, reg=0.0000, time=64.98s.
-- 250/344 [72.7%], loss=0.0772, dgw=0.0772, reg=0.0000, time=46.64s.
-- 275/344 [79.9%], loss=0.0915, dgw=0.0915, reg=0.0000, time=48.23s.
-- 300/344 [87.2%], loss=0.0868, dgw=0.0868, reg=0.0000, time=45.45s.
-- 325/344 [94.5%], loss=0.0783, dgw=0.0783, reg=0.0000, time=44.00s.
-- 344/344 [100.0%], loss=0.0754, dgw=0.0754, reg=0.0000, time=28.97s.
fit: Epoch 10/15, loss = 0.0817, best loss = 0.0817
results/PTC_MR_Jin_Spectral_usl_tsne_fit_10.pdf
-- 25/344 [7.3%], loss=0.0803, dgw=0.0803, reg=0.0000, time=34.43s.
-- 50/344 [14.5%], loss=0.0760, dgw=0.0760, reg=0.0000, time=45.55s.
-- 75/344 [21.8%], loss=0.0840, dgw=0.0840, reg=0.0000, time=47.42s.
-- 100/344 [29.1%], loss=0.0718, dgw=0.0718, reg=0.0000, time=60.62s.
-- 125/344 [36.3%], loss=0.0748, dgw=0.0748, reg=0.0000, time=45.24s.
-- 150/344 [43.6%], loss=0.0741, dgw=0.0741, reg=0.0000, time=34.42s.
-- 175/344 [50.9%], loss=0.0664, dgw=0.0664, reg=0.0000, time=57.43s.
-- 200/344 [58.1%], loss=0.0719, dgw=0.0719, reg=0.0000, time=54.39s.
-- 225/344 [65.4%], loss=0.0858, dgw=0.0858, reg=0.0000, time=38.81s.
-- 250/344 [72.7%], loss=0.0783, dgw=0.0783, reg=0.0000, time=58.79s.
-- 275/344 [79.9%], loss=0.0694, dgw=0.0694, reg=0.0000, time=48.03s.
-- 300/344 [87.2%], loss=0.0897, dgw=0.0897, reg=0.0000, time=33.12s.
-- 325/344 [94.5%], loss=0.0828, dgw=0.0828, reg=0.0000, time=53.23s.
-- 344/344 [100.0%], loss=0.0652, dgw=0.0652, reg=0.0000, time=47.29s.
fit: Epoch 11/15, loss = 0.0767, best loss = 0.0767
results/PTC_MR_Jin_Spectral_usl_tsne_fit_11.pdf
-- 25/344 [7.3%], loss=0.0665, dgw=0.0665, reg=0.0000, time=44.57s.
-- 50/344 [14.5%], loss=0.0771, dgw=0.0771, reg=0.0000, time=46.35s.
-- 75/344 [21.8%], loss=0.0762, dgw=0.0762, reg=0.0000, time=56.08s.
-- 100/344 [29.1%], loss=0.0661, dgw=0.0661, reg=0.0000, time=57.41s.
-- 125/344 [36.3%], loss=0.0796, dgw=0.0796, reg=0.0000, time=44.67s.
-- 150/344 [43.6%], loss=0.0749, dgw=0.0749, reg=0.0000, time=47.14s.
-- 175/344 [50.9%], loss=0.0664, dgw=0.0664, reg=0.0000, time=37.03s.
-- 200/344 [58.1%], loss=0.0717, dgw=0.0717, reg=0.0000, time=59.97s.
-- 225/344 [65.4%], loss=0.0854, dgw=0.0854, reg=0.0000, time=52.16s.
-- 250/344 [72.7%], loss=0.0671, dgw=0.0671, reg=0.0000, time=50.48s.
-- 275/344 [79.9%], loss=0.0676, dgw=0.0676, reg=0.0000, time=35.15s.
-- 300/344 [87.2%], loss=0.0708, dgw=0.0708, reg=0.0000, time=45.65s.
-- 325/344 [94.5%], loss=0.0673, dgw=0.0673, reg=0.0000, time=57.32s.
-- 344/344 [100.0%], loss=0.0771, dgw=0.0771, reg=0.0000, time=38.02s.
fit: Epoch 12/15, loss = 0.0723, best loss = 0.0723
results/PTC_MR_Jin_Spectral_usl_tsne_fit_12.pdf
-- 25/344 [7.3%], loss=0.0649, dgw=0.0649, reg=0.0000, time=48.92s.
-- 50/344 [14.5%], loss=0.0845, dgw=0.0845, reg=0.0000, time=45.35s.
-- 75/344 [21.8%], loss=0.0625, dgw=0.0625, reg=0.0000, time=57.29s.
-- 100/344 [29.1%], loss=0.0648, dgw=0.0648, reg=0.0000, time=51.90s.
-- 125/344 [36.3%], loss=0.0833, dgw=0.0833, reg=0.0000, time=64.08s.
-- 150/344 [43.6%], loss=0.0643, dgw=0.0643, reg=0.0000, time=43.00s.
-- 175/344 [50.9%], loss=0.0601, dgw=0.0601, reg=0.0000, time=47.39s.
-- 200/344 [58.1%], loss=0.0680, dgw=0.0680, reg=0.0000, time=44.74s.
-- 225/344 [65.4%], loss=0.0637, dgw=0.0637, reg=0.0000, time=39.57s.
-- 250/344 [72.7%], loss=0.0743, dgw=0.0743, reg=0.0000, time=51.73s.
-- 275/344 [79.9%], loss=0.0654, dgw=0.0654, reg=0.0000, time=44.86s.
-- 300/344 [87.2%], loss=0.0642, dgw=0.0642, reg=0.0000, time=17.97s.
-- 325/344 [94.5%], loss=0.0721, dgw=0.0721, reg=0.0000, time=44.80s.
-- 344/344 [100.0%], loss=0.0664, dgw=0.0664, reg=0.0000, time=29.42s.
fit: Epoch 13/15, loss = 0.0685, best loss = 0.0685
results/PTC_MR_Jin_Spectral_usl_tsne_fit_13.pdf
-- 25/344 [7.3%], loss=0.0652, dgw=0.0652, reg=0.0000, time=33.47s.
-- 50/344 [14.5%], loss=0.0652, dgw=0.0652, reg=0.0000, time=48.43s.
-- 75/344 [21.8%], loss=0.0727, dgw=0.0727, reg=0.0000, time=47.57s.
-- 100/344 [29.1%], loss=0.0587, dgw=0.0587, reg=0.0000, time=51.83s.
-- 125/344 [36.3%], loss=0.0610, dgw=0.0610, reg=0.0000, time=47.36s.
-- 150/344 [43.6%], loss=0.0564, dgw=0.0564, reg=0.0000, time=31.28s.
-- 175/344 [50.9%], loss=0.0690, dgw=0.0690, reg=0.0000, time=32.54s.
-- 200/344 [58.1%], loss=0.0621, dgw=0.0621, reg=0.0000, time=44.72s.
-- 225/344 [65.4%], loss=0.0665, dgw=0.0665, reg=0.0000, time=48.26s.
-- 250/344 [72.7%], loss=0.0650, dgw=0.0650, reg=0.0000, time=41.60s.
-- 275/344 [79.9%], loss=0.0657, dgw=0.0657, reg=0.0000, time=35.96s.
-- 300/344 [87.2%], loss=0.0753, dgw=0.0753, reg=0.0000, time=48.35s.
-- 325/344 [94.5%], loss=0.0630, dgw=0.0630, reg=0.0000, time=50.22s.
-- 344/344 [100.0%], loss=0.0655, dgw=0.0655, reg=0.0000, time=38.16s.
fit: Epoch 14/15, loss = 0.0651, best loss = 0.0651
results/PTC_MR_Jin_Spectral_usl_tsne_fit_14.pdf
-- 25/344 [7.3%], loss=0.0684, dgw=0.0684, reg=0.0000, time=26.47s.
-- 50/344 [14.5%], loss=0.0621, dgw=0.0621, reg=0.0000, time=48.16s.
-- 75/344 [21.8%], loss=0.0559, dgw=0.0559, reg=0.0000, time=44.58s.
-- 100/344 [29.1%], loss=0.0693, dgw=0.0693, reg=0.0000, time=34.14s.
-- 125/344 [36.3%], loss=0.0634, dgw=0.0634, reg=0.0000, time=56.08s.
-- 150/344 [43.6%], loss=0.0671, dgw=0.0671, reg=0.0000, time=39.69s.
-- 175/344 [50.9%], loss=0.0554, dgw=0.0554, reg=0.0000, time=36.73s.
-- 200/344 [58.1%], loss=0.0581, dgw=0.0581, reg=0.0000, time=38.20s.
-- 225/344 [65.4%], loss=0.0584, dgw=0.0584, reg=0.0000, time=38.84s.
-- 250/344 [72.7%], loss=0.0630, dgw=0.0630, reg=0.0000, time=34.26s.
-- 275/344 [79.9%], loss=0.0614, dgw=0.0614, reg=0.0000, time=34.26s.
-- 300/344 [87.2%], loss=0.0646, dgw=0.0646, reg=0.0000, time=46.28s.
-- 325/344 [94.5%], loss=0.0576, dgw=0.0576, reg=0.0000, time=40.15s.
-- 344/344 [100.0%], loss=0.0643, dgw=0.0643, reg=0.0000, time=34.37s.
fit: Epoch 15/15, loss = 0.0620, best loss = 0.0620
results/PTC_MR_Jin_Spectral_usl_tsne_fit_15.pdf
Best Acc  : 0.5319767441860466
Rand Score: 0.500593260560038
Done!
