-- 25/344 [7.3%], loss=0.2039, dgw=0.2039, reg=0.0000, time=19.19s.
-- 50/344 [14.5%], loss=0.2135, dgw=0.2135, reg=0.0000, time=18.26s.
-- 75/344 [21.8%], loss=0.1797, dgw=0.1797, reg=0.0000, time=15.82s.
-- 100/344 [29.1%], loss=0.1922, dgw=0.1922, reg=0.0000, time=10.45s.
-- 125/344 [36.3%], loss=0.2024, dgw=0.2024, reg=0.0000, time=20.34s.
-- 150/344 [43.6%], loss=0.2044, dgw=0.2044, reg=0.0000, time=19.59s.
-- 175/344 [50.9%], loss=0.1741, dgw=0.1741, reg=0.0000, time=15.90s.
-- 200/344 [58.1%], loss=0.1925, dgw=0.1925, reg=0.0000, time=20.36s.
-- 225/344 [65.4%], loss=0.1854, dgw=0.1854, reg=0.0000, time=33.99s.
-- 250/344 [72.7%], loss=0.1767, dgw=0.1767, reg=0.0000, time=54.22s.
-- 275/344 [79.9%], loss=0.1829, dgw=0.1829, reg=0.0000, time=33.62s.
-- 300/344 [87.2%], loss=0.1942, dgw=0.1942, reg=0.0000, time=47.52s.
-- 325/344 [94.5%], loss=0.1825, dgw=0.1825, reg=0.0000, time=40.72s.
-- 344/344 [100.0%], loss=0.1783, dgw=0.1783, reg=0.0000, time=31.44s.
fit: Epoch 1/15, loss = 0.1904, best loss = 0.1904
results/PTC_MR_Chen_GW_usl_tsne_fit_1.pdf
-- 25/344 [7.3%], loss=0.1657, dgw=0.1657, reg=0.0000, time=62.68s.
-- 50/344 [14.5%], loss=0.1681, dgw=0.1681, reg=0.0000, time=55.01s.
-- 75/344 [21.8%], loss=0.1760, dgw=0.1760, reg=0.0000, time=66.21s.
-- 100/344 [29.1%], loss=0.1837, dgw=0.1837, reg=0.0000, time=60.01s.
-- 125/344 [36.3%], loss=0.1706, dgw=0.1706, reg=0.0000, time=30.51s.
-- 150/344 [43.6%], loss=0.1704, dgw=0.1704, reg=0.0000, time=33.82s.
-- 175/344 [50.9%], loss=0.1500, dgw=0.1500, reg=0.0000, time=58.80s.
-- 200/344 [58.1%], loss=0.1596, dgw=0.1596, reg=0.0000, time=57.36s.
-- 225/344 [65.4%], loss=0.1626, dgw=0.1626, reg=0.0000, time=46.55s.
-- 250/344 [72.7%], loss=0.1896, dgw=0.1896, reg=0.0000, time=37.41s.
-- 275/344 [79.9%], loss=0.1653, dgw=0.1653, reg=0.0000, time=74.77s.
-- 300/344 [87.2%], loss=0.1602, dgw=0.1602, reg=0.0000, time=47.64s.
-- 325/344 [94.5%], loss=0.1646, dgw=0.1646, reg=0.0000, time=44.16s.
-- 344/344 [100.0%], loss=0.1717, dgw=0.1717, reg=0.0000, time=30.63s.
fit: Epoch 2/15, loss = 0.1684, best loss = 0.1684
results/PTC_MR_Chen_GW_usl_tsne_fit_2.pdf
-- 25/344 [7.3%], loss=0.1628, dgw=0.1628, reg=0.0000, time=58.29s.
-- 50/344 [14.5%], loss=0.1518, dgw=0.1518, reg=0.0000, time=52.20s.
-- 75/344 [21.8%], loss=0.1571, dgw=0.1571, reg=0.0000, time=58.06s.
-- 100/344 [29.1%], loss=0.1644, dgw=0.1644, reg=0.0000, time=42.96s.
-- 125/344 [36.3%], loss=0.1527, dgw=0.1527, reg=0.0000, time=60.99s.
-- 150/344 [43.6%], loss=0.1590, dgw=0.1590, reg=0.0000, time=62.17s.
-- 175/344 [50.9%], loss=0.1510, dgw=0.1510, reg=0.0000, time=57.57s.
-- 200/344 [58.1%], loss=0.1467, dgw=0.1467, reg=0.0000, time=62.74s.
-- 225/344 [65.4%], loss=0.1453, dgw=0.1453, reg=0.0000, time=50.97s.
-- 250/344 [72.7%], loss=0.1490, dgw=0.1490, reg=0.0000, time=48.58s.
-- 275/344 [79.9%], loss=0.1426, dgw=0.1426, reg=0.0000, time=57.96s.
-- 300/344 [87.2%], loss=0.1385, dgw=0.1385, reg=0.0000, time=72.96s.
-- 325/344 [94.5%], loss=0.1393, dgw=0.1393, reg=0.0000, time=68.23s.
-- 344/344 [100.0%], loss=0.1286, dgw=0.1286, reg=0.0000, time=47.89s.
fit: Epoch 3/15, loss = 0.1496, best loss = 0.1496
results/PTC_MR_Chen_GW_usl_tsne_fit_3.pdf
-- 25/344 [7.3%], loss=0.1389, dgw=0.1389, reg=0.0000, time=42.69s.
-- 50/344 [14.5%], loss=0.1382, dgw=0.1382, reg=0.0000, time=54.33s.
-- 75/344 [21.8%], loss=0.1410, dgw=0.1410, reg=0.0000, time=51.51s.
-- 100/344 [29.1%], loss=0.1384, dgw=0.1384, reg=0.0000, time=43.89s.
-- 125/344 [36.3%], loss=0.1302, dgw=0.1302, reg=0.0000, time=51.12s.
-- 150/344 [43.6%], loss=0.1459, dgw=0.1459, reg=0.0000, time=52.92s.
-- 175/344 [50.9%], loss=0.1294, dgw=0.1294, reg=0.0000, time=54.12s.
-- 200/344 [58.1%], loss=0.1285, dgw=0.1285, reg=0.0000, time=67.98s.
-- 225/344 [65.4%], loss=0.1288, dgw=0.1288, reg=0.0000, time=68.74s.
-- 250/344 [72.7%], loss=0.1274, dgw=0.1274, reg=0.0000, time=38.75s.
-- 275/344 [79.9%], loss=0.1232, dgw=0.1232, reg=0.0000, time=37.65s.
-- 300/344 [87.2%], loss=0.1391, dgw=0.1391, reg=0.0000, time=42.51s.
-- 325/344 [94.5%], loss=0.1184, dgw=0.1184, reg=0.0000, time=54.00s.
-- 344/344 [100.0%], loss=0.1348, dgw=0.1348, reg=0.0000, time=53.62s.
fit: Epoch 4/15, loss = 0.1330, best loss = 0.1330
results/PTC_MR_Chen_GW_usl_tsne_fit_4.pdf
-- 25/344 [7.3%], loss=0.1196, dgw=0.1196, reg=0.0000, time=61.02s.
-- 50/344 [14.5%], loss=0.1176, dgw=0.1176, reg=0.0000, time=50.04s.
-- 75/344 [21.8%], loss=0.1157, dgw=0.1157, reg=0.0000, time=53.94s.
-- 100/344 [29.1%], loss=0.1199, dgw=0.1199, reg=0.0000, time=42.85s.
-- 125/344 [36.3%], loss=0.1239, dgw=0.1239, reg=0.0000, time=48.96s.
-- 150/344 [43.6%], loss=0.1149, dgw=0.1149, reg=0.0000, time=39.68s.
-- 175/344 [50.9%], loss=0.1174, dgw=0.1174, reg=0.0000, time=45.74s.
-- 200/344 [58.1%], loss=0.1377, dgw=0.1377, reg=0.0000, time=58.07s.
-- 225/344 [65.4%], loss=0.1146, dgw=0.1146, reg=0.0000, time=41.34s.
-- 250/344 [72.7%], loss=0.1117, dgw=0.1117, reg=0.0000, time=53.38s.
-- 275/344 [79.9%], loss=0.1212, dgw=0.1212, reg=0.0000, time=48.60s.
-- 300/344 [87.2%], loss=0.1270, dgw=0.1270, reg=0.0000, time=36.61s.
-- 325/344 [94.5%], loss=0.1142, dgw=0.1142, reg=0.0000, time=48.45s.
-- 344/344 [100.0%], loss=0.1122, dgw=0.1122, reg=0.0000, time=48.91s.
fit: Epoch 5/15, loss = 0.1192, best loss = 0.1192
results/PTC_MR_Chen_GW_usl_tsne_fit_5.pdf
-- 25/344 [7.3%], loss=0.1089, dgw=0.1089, reg=0.0000, time=58.89s.
-- 50/344 [14.5%], loss=0.1138, dgw=0.1138, reg=0.0000, time=61.06s.
-- 75/344 [21.8%], loss=0.1179, dgw=0.1179, reg=0.0000, time=52.66s.
-- 100/344 [29.1%], loss=0.1084, dgw=0.1084, reg=0.0000, time=64.91s.
-- 125/344 [36.3%], loss=0.1186, dgw=0.1186, reg=0.0000, time=44.49s.
-- 150/344 [43.6%], loss=0.1016, dgw=0.1016, reg=0.0000, time=45.94s.
-- 175/344 [50.9%], loss=0.1092, dgw=0.1092, reg=0.0000, time=56.75s.
-- 200/344 [58.1%], loss=0.1117, dgw=0.1117, reg=0.0000, time=62.22s.
-- 225/344 [65.4%], loss=0.1115, dgw=0.1115, reg=0.0000, time=64.90s.
-- 250/344 [72.7%], loss=0.1080, dgw=0.1080, reg=0.0000, time=60.11s.
-- 275/344 [79.9%], loss=0.0981, dgw=0.0981, reg=0.0000, time=63.49s.
-- 300/344 [87.2%], loss=0.0991, dgw=0.0991, reg=0.0000, time=67.09s.
-- 325/344 [94.5%], loss=0.1006, dgw=0.1006, reg=0.0000, time=62.83s.
-- 344/344 [100.0%], loss=0.0971, dgw=0.0971, reg=0.0000, time=35.58s.
fit: Epoch 6/15, loss = 0.1076, best loss = 0.1076
results/PTC_MR_Chen_GW_usl_tsne_fit_6.pdf
-- 25/344 [7.3%], loss=0.1051, dgw=0.1051, reg=0.0000, time=40.16s.
-- 50/344 [14.5%], loss=0.0943, dgw=0.0943, reg=0.0000, time=53.59s.
-- 75/344 [21.8%], loss=0.0972, dgw=0.0972, reg=0.0000, time=67.47s.
-- 100/344 [29.1%], loss=0.1066, dgw=0.1066, reg=0.0000, time=53.74s.
-- 125/344 [36.3%], loss=0.0986, dgw=0.0986, reg=0.0000, time=51.12s.
-- 150/344 [43.6%], loss=0.0940, dgw=0.0940, reg=0.0000, time=56.65s.
-- 175/344 [50.9%], loss=0.0968, dgw=0.0968, reg=0.0000, time=42.88s.
-- 200/344 [58.1%], loss=0.1018, dgw=0.1018, reg=0.0000, time=45.14s.
-- 225/344 [65.4%], loss=0.1059, dgw=0.1059, reg=0.0000, time=33.85s.
-- 250/344 [72.7%], loss=0.0992, dgw=0.0992, reg=0.0000, time=42.90s.
-- 275/344 [79.9%], loss=0.0952, dgw=0.0952, reg=0.0000, time=72.63s.
-- 300/344 [87.2%], loss=0.0894, dgw=0.0894, reg=0.0000, time=49.62s.
-- 325/344 [94.5%], loss=0.0914, dgw=0.0914, reg=0.0000, time=63.99s.
-- 344/344 [100.0%], loss=0.0947, dgw=0.0947, reg=0.0000, time=31.83s.
fit: Epoch 7/15, loss = 0.0979, best loss = 0.0979
results/PTC_MR_Chen_GW_usl_tsne_fit_7.pdf
-- 25/344 [7.3%], loss=0.0907, dgw=0.0907, reg=0.0000, time=43.70s.
-- 50/344 [14.5%], loss=0.0898, dgw=0.0898, reg=0.0000, time=31.63s.
-- 75/344 [21.8%], loss=0.0949, dgw=0.0949, reg=0.0000, time=53.72s.
-- 100/344 [29.1%], loss=0.0898, dgw=0.0898, reg=0.0000, time=59.17s.
-- 125/344 [36.3%], loss=0.0894, dgw=0.0894, reg=0.0000, time=66.53s.
-- 150/344 [43.6%], loss=0.0883, dgw=0.0883, reg=0.0000, time=61.79s.
-- 175/344 [50.9%], loss=0.0859, dgw=0.0859, reg=0.0000, time=64.57s.
-- 200/344 [58.1%], loss=0.0954, dgw=0.0954, reg=0.0000, time=55.76s.
-- 225/344 [65.4%], loss=0.0937, dgw=0.0937, reg=0.0000, time=49.44s.
-- 250/344 [72.7%], loss=0.0966, dgw=0.0966, reg=0.0000, time=35.71s.
-- 275/344 [79.9%], loss=0.0801, dgw=0.0801, reg=0.0000, time=35.65s.
-- 300/344 [87.2%], loss=0.0847, dgw=0.0847, reg=0.0000, time=58.97s.
-- 325/344 [94.5%], loss=0.0875, dgw=0.0875, reg=0.0000, time=58.12s.
-- 344/344 [100.0%], loss=0.0856, dgw=0.0856, reg=0.0000, time=39.15s.
fit: Epoch 8/15, loss = 0.0895, best loss = 0.0895
results/PTC_MR_Chen_GW_usl_tsne_fit_8.pdf
-- 25/344 [7.3%], loss=0.0852, dgw=0.0852, reg=0.0000, time=30.98s.
-- 50/344 [14.5%], loss=0.0851, dgw=0.0851, reg=0.0000, time=48.42s.
-- 75/344 [21.8%], loss=0.0753, dgw=0.0753, reg=0.0000, time=45.72s.
-- 100/344 [29.1%], loss=0.0791, dgw=0.0791, reg=0.0000, time=54.33s.
-- 125/344 [36.3%], loss=0.0896, dgw=0.0896, reg=0.0000, time=62.63s.
-- 150/344 [43.6%], loss=0.0862, dgw=0.0862, reg=0.0000, time=47.17s.
-- 175/344 [50.9%], loss=0.0887, dgw=0.0887, reg=0.0000, time=63.89s.
-- 200/344 [58.1%], loss=0.0801, dgw=0.0801, reg=0.0000, time=55.26s.
-- 225/344 [65.4%], loss=0.0821, dgw=0.0821, reg=0.0000, time=41.26s.
-- 250/344 [72.7%], loss=0.0806, dgw=0.0806, reg=0.0000, time=21.94s.
-- 275/344 [79.9%], loss=0.0781, dgw=0.0781, reg=0.0000, time=34.31s.
-- 300/344 [87.2%], loss=0.0794, dgw=0.0794, reg=0.0000, time=47.80s.
-- 325/344 [94.5%], loss=0.0849, dgw=0.0849, reg=0.0000, time=41.14s.
-- 344/344 [100.0%], loss=0.0776, dgw=0.0776, reg=0.0000, time=40.73s.
fit: Epoch 9/15, loss = 0.0824, best loss = 0.0824
results/PTC_MR_Chen_GW_usl_tsne_fit_9.pdf
-- 25/344 [7.3%], loss=0.0800, dgw=0.0800, reg=0.0000, time=53.52s.
-- 50/344 [14.5%], loss=0.0791, dgw=0.0791, reg=0.0000, time=64.00s.
-- 75/344 [21.8%], loss=0.0743, dgw=0.0743, reg=0.0000, time=43.56s.
-- 100/344 [29.1%], loss=0.0706, dgw=0.0706, reg=0.0000, time=37.49s.
-- 125/344 [36.3%], loss=0.0850, dgw=0.0850, reg=0.0000, time=46.36s.
-- 150/344 [43.6%], loss=0.0777, dgw=0.0777, reg=0.0000, time=42.39s.
-- 175/344 [50.9%], loss=0.0753, dgw=0.0753, reg=0.0000, time=48.87s.
-- 200/344 [58.1%], loss=0.0761, dgw=0.0761, reg=0.0000, time=61.68s.
-- 225/344 [65.4%], loss=0.0699, dgw=0.0699, reg=0.0000, time=56.29s.
-- 250/344 [72.7%], loss=0.0735, dgw=0.0735, reg=0.0000, time=42.08s.
-- 275/344 [79.9%], loss=0.0668, dgw=0.0668, reg=0.0000, time=45.95s.
-- 300/344 [87.2%], loss=0.0778, dgw=0.0778, reg=0.0000, time=47.53s.
-- 325/344 [94.5%], loss=0.0820, dgw=0.0820, reg=0.0000, time=46.06s.
-- 344/344 [100.0%], loss=0.0777, dgw=0.0777, reg=0.0000, time=33.15s.
fit: Epoch 10/15, loss = 0.0761, best loss = 0.0761
results/PTC_MR_Chen_GW_usl_tsne_fit_10.pdf
-- 25/344 [7.3%], loss=0.0704, dgw=0.0704, reg=0.0000, time=47.60s.
-- 50/344 [14.5%], loss=0.0682, dgw=0.0682, reg=0.0000, time=34.94s.
-- 75/344 [21.8%], loss=0.0746, dgw=0.0746, reg=0.0000, time=45.11s.
-- 100/344 [29.1%], loss=0.0792, dgw=0.0792, reg=0.0000, time=51.81s.
-- 125/344 [36.3%], loss=0.0684, dgw=0.0684, reg=0.0000, time=41.58s.
-- 150/344 [43.6%], loss=0.0685, dgw=0.0685, reg=0.0000, time=41.79s.
-- 175/344 [50.9%], loss=0.0668, dgw=0.0668, reg=0.0000, time=50.27s.
-- 200/344 [58.1%], loss=0.0669, dgw=0.0669, reg=0.0000, time=45.22s.
-- 225/344 [65.4%], loss=0.0749, dgw=0.0749, reg=0.0000, time=37.24s.
-- 250/344 [72.7%], loss=0.0705, dgw=0.0705, reg=0.0000, time=42.23s.
-- 275/344 [79.9%], loss=0.0718, dgw=0.0718, reg=0.0000, time=54.16s.
-- 300/344 [87.2%], loss=0.0681, dgw=0.0681, reg=0.0000, time=51.60s.
-- 325/344 [94.5%], loss=0.0703, dgw=0.0703, reg=0.0000, time=48.17s.
-- 344/344 [100.0%], loss=0.0696, dgw=0.0696, reg=0.0000, time=39.85s.
fit: Epoch 11/15, loss = 0.0706, best loss = 0.0706
results/PTC_MR_Chen_GW_usl_tsne_fit_11.pdf
-- 25/344 [7.3%], loss=0.0626, dgw=0.0626, reg=0.0000, time=34.16s.
-- 50/344 [14.5%], loss=0.0741, dgw=0.0741, reg=0.0000, time=42.42s.
-- 75/344 [21.8%], loss=0.0676, dgw=0.0676, reg=0.0000, time=45.40s.
-- 100/344 [29.1%], loss=0.0657, dgw=0.0657, reg=0.0000, time=30.40s.
-- 125/344 [36.3%], loss=0.0672, dgw=0.0672, reg=0.0000, time=26.93s.
-- 150/344 [43.6%], loss=0.0830, dgw=0.0830, reg=0.0000, time=49.19s.
-- 175/344 [50.9%], loss=0.0721, dgw=0.0721, reg=0.0000, time=34.05s.
-- 200/344 [58.1%], loss=0.0628, dgw=0.0628, reg=0.0000, time=31.64s.
-- 225/344 [65.4%], loss=0.0639, dgw=0.0639, reg=0.0000, time=35.10s.
-- 250/344 [72.7%], loss=0.0597, dgw=0.0597, reg=0.0000, time=41.32s.
-- 275/344 [79.9%], loss=0.0568, dgw=0.0568, reg=0.0000, time=45.44s.
-- 300/344 [87.2%], loss=0.0627, dgw=0.0627, reg=0.0000, time=30.53s.
-- 325/344 [94.5%], loss=0.0616, dgw=0.0616, reg=0.0000, time=43.38s.
-- 344/344 [100.0%], loss=0.0600, dgw=0.0600, reg=0.0000, time=37.25s.
fit: Epoch 12/15, loss = 0.0658, best loss = 0.0658
results/PTC_MR_Chen_GW_usl_tsne_fit_12.pdf
-- 25/344 [7.3%], loss=0.0603, dgw=0.0603, reg=0.0000, time=39.25s.
-- 50/344 [14.5%], loss=0.0654, dgw=0.0654, reg=0.0000, time=36.74s.
-- 75/344 [21.8%], loss=0.0634, dgw=0.0634, reg=0.0000, time=29.94s.
-- 100/344 [29.1%], loss=0.0590, dgw=0.0590, reg=0.0000, time=36.72s.
-- 125/344 [36.3%], loss=0.0545, dgw=0.0545, reg=0.0000, time=52.15s.
-- 150/344 [43.6%], loss=0.0543, dgw=0.0543, reg=0.0000, time=44.27s.
-- 175/344 [50.9%], loss=0.0637, dgw=0.0637, reg=0.0000, time=44.05s.
-- 200/344 [58.1%], loss=0.0620, dgw=0.0620, reg=0.0000, time=43.67s.
-- 225/344 [65.4%], loss=0.0701, dgw=0.0701, reg=0.0000, time=33.31s.
-- 250/344 [72.7%], loss=0.0558, dgw=0.0558, reg=0.0000, time=38.28s.
-- 275/344 [79.9%], loss=0.0616, dgw=0.0616, reg=0.0000, time=32.21s.
-- 300/344 [87.2%], loss=0.0685, dgw=0.0685, reg=0.0000, time=35.30s.
-- 325/344 [94.5%], loss=0.0609, dgw=0.0609, reg=0.0000, time=43.71s.
-- 344/344 [100.0%], loss=0.0623, dgw=0.0623, reg=0.0000, time=26.92s.
fit: Epoch 13/15, loss = 0.0615, best loss = 0.0615
results/PTC_MR_Chen_GW_usl_tsne_fit_13.pdf
-- 25/344 [7.3%], loss=0.0555, dgw=0.0555, reg=0.0000, time=33.08s.
-- 50/344 [14.5%], loss=0.0620, dgw=0.0620, reg=0.0000, time=33.73s.
-- 75/344 [21.8%], loss=0.0551, dgw=0.0551, reg=0.0000, time=33.58s.
-- 100/344 [29.1%], loss=0.0488, dgw=0.0488, reg=0.0000, time=46.03s.
-- 125/344 [36.3%], loss=0.0563, dgw=0.0563, reg=0.0000, time=42.15s.
-- 150/344 [43.6%], loss=0.0588, dgw=0.0588, reg=0.0000, time=39.64s.
-- 175/344 [50.9%], loss=0.0636, dgw=0.0636, reg=0.0000, time=46.10s.
-- 200/344 [58.1%], loss=0.0520, dgw=0.0520, reg=0.0000, time=37.87s.
-- 225/344 [65.4%], loss=0.0697, dgw=0.0697, reg=0.0000, time=39.64s.
-- 250/344 [72.7%], loss=0.0567, dgw=0.0567, reg=0.0000, time=32.75s.
-- 275/344 [79.9%], loss=0.0553, dgw=0.0553, reg=0.0000, time=29.92s.
-- 300/344 [87.2%], loss=0.0575, dgw=0.0575, reg=0.0000, time=40.72s.
-- 325/344 [94.5%], loss=0.0611, dgw=0.0611, reg=0.0000, time=35.12s.
-- 344/344 [100.0%], loss=0.0543, dgw=0.0543, reg=0.0000, time=19.13s.
fit: Epoch 14/15, loss = 0.0577, best loss = 0.0577
results/PTC_MR_Chen_GW_usl_tsne_fit_14.pdf
-- 25/344 [7.3%], loss=0.0532, dgw=0.0532, reg=0.0000, time=45.15s.
-- 50/344 [14.5%], loss=0.0633, dgw=0.0633, reg=0.0000, time=43.53s.
-- 75/344 [21.8%], loss=0.0523, dgw=0.0523, reg=0.0000, time=43.60s.
-- 100/344 [29.1%], loss=0.0717, dgw=0.0717, reg=0.0000, time=40.79s.
-- 125/344 [36.3%], loss=0.0586, dgw=0.0586, reg=0.0000, time=41.31s.
-- 150/344 [43.6%], loss=0.0446, dgw=0.0446, reg=0.0000, time=43.26s.
-- 175/344 [50.9%], loss=0.0605, dgw=0.0605, reg=0.0000, time=35.88s.
-- 200/344 [58.1%], loss=0.0490, dgw=0.0490, reg=0.0000, time=33.29s.
-- 225/344 [65.4%], loss=0.0484, dgw=0.0484, reg=0.0000, time=35.53s.
-- 250/344 [72.7%], loss=0.0505, dgw=0.0505, reg=0.0000, time=42.09s.
-- 275/344 [79.9%], loss=0.0466, dgw=0.0466, reg=0.0000, time=34.45s.
-- 300/344 [87.2%], loss=0.0578, dgw=0.0578, reg=0.0000, time=26.63s.
-- 325/344 [94.5%], loss=0.0561, dgw=0.0561, reg=0.0000, time=39.01s.
-- 344/344 [100.0%], loss=0.0441, dgw=0.0441, reg=0.0000, time=22.56s.
fit: Epoch 15/15, loss = 0.0542, best loss = 0.0542
results/PTC_MR_Chen_GW_usl_tsne_fit_15.pdf
Best Acc  : 0.5726744186046512
Rand Score: 0.5091362126245847
Done!
