-- 25/344 [7.3%], loss=0.2054, dgw=0.2054, reg=0.0000, time=38.43s.
-- 50/344 [14.5%], loss=0.1969, dgw=0.1969, reg=0.0000, time=46.63s.
-- 75/344 [21.8%], loss=0.2076, dgw=0.2076, reg=0.0000, time=42.32s.
-- 100/344 [29.1%], loss=0.1966, dgw=0.1966, reg=0.0000, time=39.92s.
-- 125/344 [36.3%], loss=0.2136, dgw=0.2136, reg=0.0000, time=43.62s.
-- 150/344 [43.6%], loss=0.2011, dgw=0.2011, reg=0.0000, time=45.87s.
-- 175/344 [50.9%], loss=0.1806, dgw=0.1806, reg=0.0000, time=33.13s.
-- 200/344 [58.1%], loss=0.1886, dgw=0.1886, reg=0.0000, time=57.08s.
-- 225/344 [65.4%], loss=0.1877, dgw=0.1877, reg=0.0000, time=42.24s.
-- 250/344 [72.7%], loss=0.1884, dgw=0.1884, reg=0.0000, time=42.70s.
-- 275/344 [79.9%], loss=0.1778, dgw=0.1778, reg=0.0000, time=45.34s.
-- 300/344 [87.2%], loss=0.1726, dgw=0.1726, reg=0.0000, time=45.73s.
-- 325/344 [94.5%], loss=0.1741, dgw=0.1741, reg=0.0000, time=45.02s.
-- 344/344 [100.0%], loss=0.1852, dgw=0.1852, reg=0.0000, time=22.56s.
fit: Epoch 1/15, loss = 0.1913, best loss = 0.1913
results/PTC_MR_Chen_GW_usl_tsne_fit_1.pdf
-- 25/344 [7.3%], loss=0.1715, dgw=0.1715, reg=0.0000, time=41.41s.
-- 50/344 [14.5%], loss=0.1773, dgw=0.1773, reg=0.0000, time=62.54s.
-- 75/344 [21.8%], loss=0.1804, dgw=0.1804, reg=0.0000, time=43.45s.
-- 100/344 [29.1%], loss=0.1796, dgw=0.1796, reg=0.0000, time=42.67s.
-- 125/344 [36.3%], loss=0.1757, dgw=0.1757, reg=0.0000, time=55.06s.
-- 150/344 [43.6%], loss=0.1649, dgw=0.1649, reg=0.0000, time=39.67s.
-- 175/344 [50.9%], loss=0.1714, dgw=0.1714, reg=0.0000, time=41.23s.
-- 200/344 [58.1%], loss=0.1650, dgw=0.1650, reg=0.0000, time=43.85s.
-- 225/344 [65.4%], loss=0.1667, dgw=0.1667, reg=0.0000, time=35.71s.
-- 250/344 [72.7%], loss=0.1602, dgw=0.1602, reg=0.0000, time=54.81s.
-- 275/344 [79.9%], loss=0.1655, dgw=0.1655, reg=0.0000, time=54.79s.
-- 300/344 [87.2%], loss=0.1714, dgw=0.1714, reg=0.0000, time=40.48s.
-- 325/344 [94.5%], loss=0.1605, dgw=0.1605, reg=0.0000, time=45.30s.
-- 344/344 [100.0%], loss=0.1595, dgw=0.1595, reg=0.0000, time=32.03s.
fit: Epoch 2/15, loss = 0.1694, best loss = 0.1694
results/PTC_MR_Chen_GW_usl_tsne_fit_2.pdf
-- 25/344 [7.3%], loss=0.1490, dgw=0.1490, reg=0.0000, time=60.00s.
-- 50/344 [14.5%], loss=0.1668, dgw=0.1668, reg=0.0000, time=50.87s.
-- 75/344 [21.8%], loss=0.1582, dgw=0.1582, reg=0.0000, time=33.47s.
-- 100/344 [29.1%], loss=0.1500, dgw=0.1500, reg=0.0000, time=50.84s.
-- 125/344 [36.3%], loss=0.1609, dgw=0.1609, reg=0.0000, time=39.66s.
-- 150/344 [43.6%], loss=0.1449, dgw=0.1449, reg=0.0000, time=49.33s.
-- 175/344 [50.9%], loss=0.1445, dgw=0.1445, reg=0.0000, time=46.72s.
-- 200/344 [58.1%], loss=0.1454, dgw=0.1454, reg=0.0000, time=35.11s.
-- 225/344 [65.4%], loss=0.1460, dgw=0.1460, reg=0.0000, time=55.60s.
-- 250/344 [72.7%], loss=0.1556, dgw=0.1556, reg=0.0000, time=54.61s.
-- 275/344 [79.9%], loss=0.1424, dgw=0.1424, reg=0.0000, time=57.78s.
-- 300/344 [87.2%], loss=0.1440, dgw=0.1440, reg=0.0000, time=61.32s.
-- 325/344 [94.5%], loss=0.1579, dgw=0.1579, reg=0.0000, time=30.54s.
-- 344/344 [100.0%], loss=0.1383, dgw=0.1383, reg=0.0000, time=31.50s.
fit: Epoch 3/15, loss = 0.1505, best loss = 0.1505
results/PTC_MR_Chen_GW_usl_tsne_fit_3.pdf
-- 25/344 [7.3%], loss=0.1420, dgw=0.1420, reg=0.0000, time=27.70s.
-- 50/344 [14.5%], loss=0.1323, dgw=0.1323, reg=0.0000, time=42.75s.
-- 75/344 [21.8%], loss=0.1358, dgw=0.1358, reg=0.0000, time=36.51s.
-- 100/344 [29.1%], loss=0.1352, dgw=0.1352, reg=0.0000, time=23.85s.
-- 125/344 [36.3%], loss=0.1383, dgw=0.1383, reg=0.0000, time=46.74s.
-- 150/344 [43.6%], loss=0.1452, dgw=0.1452, reg=0.0000, time=34.88s.
-- 175/344 [50.9%], loss=0.1337, dgw=0.1337, reg=0.0000, time=56.94s.
-- 200/344 [58.1%], loss=0.1361, dgw=0.1361, reg=0.0000, time=54.43s.
-- 225/344 [65.4%], loss=0.1319, dgw=0.1319, reg=0.0000, time=44.84s.
-- 250/344 [72.7%], loss=0.1243, dgw=0.1243, reg=0.0000, time=37.89s.
-- 275/344 [79.9%], loss=0.1310, dgw=0.1310, reg=0.0000, time=37.77s.
-- 300/344 [87.2%], loss=0.1287, dgw=0.1287, reg=0.0000, time=34.70s.
-- 325/344 [94.5%], loss=0.1372, dgw=0.1372, reg=0.0000, time=42.20s.
-- 344/344 [100.0%], loss=0.1266, dgw=0.1266, reg=0.0000, time=35.80s.
fit: Epoch 4/15, loss = 0.1343, best loss = 0.1343
results/PTC_MR_Chen_GW_usl_tsne_fit_4.pdf
-- 25/344 [7.3%], loss=0.1310, dgw=0.1310, reg=0.0000, time=27.48s.
-- 50/344 [14.5%], loss=0.1195, dgw=0.1195, reg=0.0000, time=45.55s.
-- 75/344 [21.8%], loss=0.1194, dgw=0.1194, reg=0.0000, time=49.07s.
-- 100/344 [29.1%], loss=0.1216, dgw=0.1216, reg=0.0000, time=35.93s.
-- 125/344 [36.3%], loss=0.1259, dgw=0.1259, reg=0.0000, time=48.03s.
-- 150/344 [43.6%], loss=0.1316, dgw=0.1316, reg=0.0000, time=38.30s.
-- 175/344 [50.9%], loss=0.1170, dgw=0.1170, reg=0.0000, time=29.11s.
-- 200/344 [58.1%], loss=0.1261, dgw=0.1261, reg=0.0000, time=34.21s.
-- 225/344 [65.4%], loss=0.1196, dgw=0.1196, reg=0.0000, time=40.73s.
-- 250/344 [72.7%], loss=0.1192, dgw=0.1192, reg=0.0000, time=41.46s.
-- 275/344 [79.9%], loss=0.1135, dgw=0.1135, reg=0.0000, time=27.65s.
-- 300/344 [87.2%], loss=0.1218, dgw=0.1218, reg=0.0000, time=41.39s.
-- 325/344 [94.5%], loss=0.1147, dgw=0.1147, reg=0.0000, time=20.47s.
-- 344/344 [100.0%], loss=0.1107, dgw=0.1107, reg=0.0000, time=38.02s.
fit: Epoch 5/15, loss = 0.1210, best loss = 0.1210
results/PTC_MR_Chen_GW_usl_tsne_fit_5.pdf
-- 25/344 [7.3%], loss=0.1186, dgw=0.1186, reg=0.0000, time=38.41s.
-- 50/344 [14.5%], loss=0.1210, dgw=0.1210, reg=0.0000, time=45.42s.
-- 75/344 [21.8%], loss=0.1159, dgw=0.1159, reg=0.0000, time=54.76s.
-- 100/344 [29.1%], loss=0.1108, dgw=0.1108, reg=0.0000, time=59.86s.
-- 125/344 [36.3%], loss=0.1042, dgw=0.1042, reg=0.0000, time=40.15s.
-- 150/344 [43.6%], loss=0.1114, dgw=0.1114, reg=0.0000, time=42.03s.
-- 175/344 [50.9%], loss=0.1161, dgw=0.1161, reg=0.0000, time=61.49s.
-- 200/344 [58.1%], loss=0.1091, dgw=0.1091, reg=0.0000, time=42.70s.
-- 225/344 [65.4%], loss=0.1018, dgw=0.1018, reg=0.0000, time=52.96s.
-- 250/344 [72.7%], loss=0.1040, dgw=0.1040, reg=0.0000, time=37.58s.
-- 275/344 [79.9%], loss=0.1012, dgw=0.1012, reg=0.0000, time=36.09s.
-- 300/344 [87.2%], loss=0.1121, dgw=0.1121, reg=0.0000, time=42.05s.
-- 325/344 [94.5%], loss=0.1093, dgw=0.1093, reg=0.0000, time=47.29s.
-- 344/344 [100.0%], loss=0.0995, dgw=0.0995, reg=0.0000, time=39.61s.
fit: Epoch 6/15, loss = 0.1098, best loss = 0.1098
results/PTC_MR_Chen_GW_usl_tsne_fit_6.pdf
-- 25/344 [7.3%], loss=0.1052, dgw=0.1052, reg=0.0000, time=50.39s.
-- 50/344 [14.5%], loss=0.0906, dgw=0.0906, reg=0.0000, time=50.20s.
-- 75/344 [21.8%], loss=0.1125, dgw=0.1125, reg=0.0000, time=60.44s.
-- 100/344 [29.1%], loss=0.1103, dgw=0.1103, reg=0.0000, time=41.87s.
-- 125/344 [36.3%], loss=0.1051, dgw=0.1051, reg=0.0000, time=49.88s.
-- 150/344 [43.6%], loss=0.1022, dgw=0.1022, reg=0.0000, time=48.76s.
-- 175/344 [50.9%], loss=0.1038, dgw=0.1038, reg=0.0000, time=44.92s.
-- 200/344 [58.1%], loss=0.1045, dgw=0.1045, reg=0.0000, time=48.61s.
-- 225/344 [65.4%], loss=0.1036, dgw=0.1036, reg=0.0000, time=48.79s.
-- 250/344 [72.7%], loss=0.0954, dgw=0.0954, reg=0.0000, time=48.04s.
-- 275/344 [79.9%], loss=0.0963, dgw=0.0963, reg=0.0000, time=58.67s.
-- 300/344 [87.2%], loss=0.0927, dgw=0.0927, reg=0.0000, time=51.29s.
-- 325/344 [94.5%], loss=0.0879, dgw=0.0879, reg=0.0000, time=47.20s.
-- 344/344 [100.0%], loss=0.0941, dgw=0.0941, reg=0.0000, time=37.49s.
fit: Epoch 7/15, loss = 0.1004, best loss = 0.1004
results/PTC_MR_Chen_GW_usl_tsne_fit_7.pdf
-- 25/344 [7.3%], loss=0.0936, dgw=0.0936, reg=0.0000, time=34.02s.
-- 50/344 [14.5%], loss=0.0914, dgw=0.0914, reg=0.0000, time=32.79s.
-- 75/344 [21.8%], loss=0.0953, dgw=0.0953, reg=0.0000, time=49.27s.
-- 100/344 [29.1%], loss=0.0945, dgw=0.0945, reg=0.0000, time=61.79s.
-- 125/344 [36.3%], loss=0.1026, dgw=0.1026, reg=0.0000, time=51.62s.
-- 150/344 [43.6%], loss=0.0952, dgw=0.0952, reg=0.0000, time=35.26s.
-- 175/344 [50.9%], loss=0.0870, dgw=0.0870, reg=0.0000, time=47.21s.
-- 200/344 [58.1%], loss=0.0984, dgw=0.0984, reg=0.0000, time=44.22s.
-- 225/344 [65.4%], loss=0.1005, dgw=0.1005, reg=0.0000, time=38.22s.
-- 250/344 [72.7%], loss=0.0917, dgw=0.0917, reg=0.0000, time=33.45s.
-- 275/344 [79.9%], loss=0.0903, dgw=0.0903, reg=0.0000, time=43.87s.
-- 300/344 [87.2%], loss=0.0825, dgw=0.0825, reg=0.0000, time=49.55s.
-- 325/344 [94.5%], loss=0.0866, dgw=0.0866, reg=0.0000, time=24.76s.
-- 344/344 [100.0%], loss=0.0799, dgw=0.0799, reg=0.0000, time=30.94s.
fit: Epoch 8/15, loss = 0.0923, best loss = 0.0923
results/PTC_MR_Chen_GW_usl_tsne_fit_8.pdf
-- 25/344 [7.3%], loss=0.0862, dgw=0.0862, reg=0.0000, time=37.89s.
-- 50/344 [14.5%], loss=0.0898, dgw=0.0898, reg=0.0000, time=57.62s.
-- 75/344 [21.8%], loss=0.0855, dgw=0.0855, reg=0.0000, time=59.58s.
-- 100/344 [29.1%], loss=0.0845, dgw=0.0845, reg=0.0000, time=44.44s.
-- 125/344 [36.3%], loss=0.0867, dgw=0.0867, reg=0.0000, time=37.85s.
-- 150/344 [43.6%], loss=0.0890, dgw=0.0890, reg=0.0000, time=46.63s.
-- 175/344 [50.9%], loss=0.0802, dgw=0.0802, reg=0.0000, time=44.72s.
-- 200/344 [58.1%], loss=0.0788, dgw=0.0788, reg=0.0000, time=59.54s.
-- 225/344 [65.4%], loss=0.0932, dgw=0.0932, reg=0.0000, time=48.54s.
-- 250/344 [72.7%], loss=0.0883, dgw=0.0883, reg=0.0000, time=39.87s.
-- 275/344 [79.9%], loss=0.0916, dgw=0.0916, reg=0.0000, time=50.44s.
-- 300/344 [87.2%], loss=0.0842, dgw=0.0842, reg=0.0000, time=53.92s.
-- 325/344 [94.5%], loss=0.0794, dgw=0.0794, reg=0.0000, time=38.17s.
-- 344/344 [100.0%], loss=0.0771, dgw=0.0771, reg=0.0000, time=30.23s.
fit: Epoch 9/15, loss = 0.0855, best loss = 0.0855
results/PTC_MR_Chen_GW_usl_tsne_fit_9.pdf
-- 25/344 [7.3%], loss=0.0869, dgw=0.0869, reg=0.0000, time=42.07s.
-- 50/344 [14.5%], loss=0.0935, dgw=0.0935, reg=0.0000, time=67.68s.
-- 75/344 [21.8%], loss=0.0769, dgw=0.0769, reg=0.0000, time=50.61s.
-- 100/344 [29.1%], loss=0.0803, dgw=0.0803, reg=0.0000, time=42.63s.
-- 125/344 [36.3%], loss=0.0782, dgw=0.0782, reg=0.0000, time=38.88s.
-- 150/344 [43.6%], loss=0.0813, dgw=0.0813, reg=0.0000, time=49.88s.
-- 175/344 [50.9%], loss=0.0765, dgw=0.0765, reg=0.0000, time=44.73s.
-- 200/344 [58.1%], loss=0.0811, dgw=0.0811, reg=0.0000, time=34.64s.
-- 225/344 [65.4%], loss=0.0730, dgw=0.0730, reg=0.0000, time=35.12s.
-- 250/344 [72.7%], loss=0.0759, dgw=0.0759, reg=0.0000, time=35.89s.
-- 275/344 [79.9%], loss=0.0774, dgw=0.0774, reg=0.0000, time=50.52s.
-- 300/344 [87.2%], loss=0.0746, dgw=0.0746, reg=0.0000, time=34.53s.
-- 325/344 [94.5%], loss=0.0795, dgw=0.0795, reg=0.0000, time=47.29s.
-- 344/344 [100.0%], loss=0.0756, dgw=0.0756, reg=0.0000, time=36.97s.
fit: Epoch 10/15, loss = 0.0794, best loss = 0.0794
results/PTC_MR_Chen_GW_usl_tsne_fit_10.pdf
-- 25/344 [7.3%], loss=0.0819, dgw=0.0819, reg=0.0000, time=35.91s.
-- 50/344 [14.5%], loss=0.0767, dgw=0.0767, reg=0.0000, time=38.84s.
-- 75/344 [21.8%], loss=0.0780, dgw=0.0780, reg=0.0000, time=31.57s.
-- 100/344 [29.1%], loss=0.0718, dgw=0.0718, reg=0.0000, time=35.75s.
-- 125/344 [36.3%], loss=0.0660, dgw=0.0660, reg=0.0000, time=32.86s.
-- 150/344 [43.6%], loss=0.0807, dgw=0.0807, reg=0.0000, time=42.51s.
-- 175/344 [50.9%], loss=0.0728, dgw=0.0728, reg=0.0000, time=48.55s.
-- 200/344 [58.1%], loss=0.0677, dgw=0.0677, reg=0.0000, time=48.34s.
-- 225/344 [65.4%], loss=0.0788, dgw=0.0788, reg=0.0000, time=40.78s.
-- 250/344 [72.7%], loss=0.0701, dgw=0.0701, reg=0.0000, time=37.54s.
-- 275/344 [79.9%], loss=0.0764, dgw=0.0764, reg=0.0000, time=43.52s.
-- 300/344 [87.2%], loss=0.0769, dgw=0.0769, reg=0.0000, time=32.86s.
-- 325/344 [94.5%], loss=0.0668, dgw=0.0668, reg=0.0000, time=27.87s.
-- 344/344 [100.0%], loss=0.0726, dgw=0.0726, reg=0.0000, time=19.98s.
fit: Epoch 11/15, loss = 0.0741, best loss = 0.0741
results/PTC_MR_Chen_GW_usl_tsne_fit_11.pdf
-- 25/344 [7.3%], loss=0.0835, dgw=0.0835, reg=0.0000, time=27.46s.
-- 50/344 [14.5%], loss=0.0642, dgw=0.0642, reg=0.0000, time=36.84s.
-- 75/344 [21.8%], loss=0.0763, dgw=0.0763, reg=0.0000, time=47.03s.
-- 100/344 [29.1%], loss=0.0629, dgw=0.0629, reg=0.0000, time=34.10s.
-- 125/344 [36.3%], loss=0.0636, dgw=0.0636, reg=0.0000, time=41.27s.
-- 150/344 [43.6%], loss=0.0703, dgw=0.0703, reg=0.0000, time=42.73s.
-- 175/344 [50.9%], loss=0.0685, dgw=0.0685, reg=0.0000, time=30.58s.
-- 200/344 [58.1%], loss=0.0630, dgw=0.0630, reg=0.0000, time=27.99s.
-- 225/344 [65.4%], loss=0.0685, dgw=0.0685, reg=0.0000, time=42.03s.
-- 250/344 [72.7%], loss=0.0717, dgw=0.0717, reg=0.0000, time=41.56s.
-- 275/344 [79.9%], loss=0.0718, dgw=0.0718, reg=0.0000, time=39.69s.
-- 300/344 [87.2%], loss=0.0679, dgw=0.0679, reg=0.0000, time=38.11s.
-- 325/344 [94.5%], loss=0.0691, dgw=0.0691, reg=0.0000, time=48.15s.
-- 344/344 [100.0%], loss=0.0692, dgw=0.0692, reg=0.0000, time=29.16s.
fit: Epoch 12/15, loss = 0.0693, best loss = 0.0693
results/PTC_MR_Chen_GW_usl_tsne_fit_12.pdf
-- 25/344 [7.3%], loss=0.0645, dgw=0.0645, reg=0.0000, time=46.51s.
-- 50/344 [14.5%], loss=0.0610, dgw=0.0610, reg=0.0000, time=34.66s.
-- 75/344 [21.8%], loss=0.0652, dgw=0.0652, reg=0.0000, time=30.52s.
-- 100/344 [29.1%], loss=0.0788, dgw=0.0788, reg=0.0000, time=21.83s.
-- 125/344 [36.3%], loss=0.0581, dgw=0.0581, reg=0.0000, time=32.94s.
-- 150/344 [43.6%], loss=0.0657, dgw=0.0657, reg=0.0000, time=27.70s.
-- 175/344 [50.9%], loss=0.0693, dgw=0.0693, reg=0.0000, time=33.67s.
-- 200/344 [58.1%], loss=0.0723, dgw=0.0723, reg=0.0000, time=37.46s.
-- 225/344 [65.4%], loss=0.0598, dgw=0.0598, reg=0.0000, time=30.98s.
-- 250/344 [72.7%], loss=0.0575, dgw=0.0575, reg=0.0000, time=38.91s.
-- 275/344 [79.9%], loss=0.0676, dgw=0.0676, reg=0.0000, time=41.04s.
-- 300/344 [87.2%], loss=0.0583, dgw=0.0583, reg=0.0000, time=30.25s.
-- 325/344 [94.5%], loss=0.0609, dgw=0.0609, reg=0.0000, time=29.93s.
-- 344/344 [100.0%], loss=0.0745, dgw=0.0745, reg=0.0000, time=25.34s.
fit: Epoch 13/15, loss = 0.0651, best loss = 0.0651
results/PTC_MR_Chen_GW_usl_tsne_fit_13.pdf
-- 25/344 [7.3%], loss=0.0564, dgw=0.0564, reg=0.0000, time=38.94s.
-- 50/344 [14.5%], loss=0.0555, dgw=0.0555, reg=0.0000, time=35.95s.
-- 75/344 [21.8%], loss=0.0591, dgw=0.0591, reg=0.0000, time=35.68s.
-- 100/344 [29.1%], loss=0.0554, dgw=0.0554, reg=0.0000, time=33.22s.
-- 125/344 [36.3%], loss=0.0559, dgw=0.0559, reg=0.0000, time=28.23s.
-- 150/344 [43.6%], loss=0.0610, dgw=0.0610, reg=0.0000, time=29.62s.
-- 175/344 [50.9%], loss=0.0645, dgw=0.0645, reg=0.0000, time=31.32s.
-- 200/344 [58.1%], loss=0.0673, dgw=0.0673, reg=0.0000, time=39.41s.
-- 225/344 [65.4%], loss=0.0622, dgw=0.0622, reg=0.0000, time=24.89s.
-- 250/344 [72.7%], loss=0.0566, dgw=0.0566, reg=0.0000, time=30.92s.
-- 275/344 [79.9%], loss=0.0645, dgw=0.0645, reg=0.0000, time=31.87s.
-- 300/344 [87.2%], loss=0.0671, dgw=0.0671, reg=0.0000, time=38.90s.
-- 325/344 [94.5%], loss=0.0705, dgw=0.0705, reg=0.0000, time=33.86s.
-- 344/344 [100.0%], loss=0.0604, dgw=0.0604, reg=0.0000, time=20.20s.
fit: Epoch 14/15, loss = 0.0612, best loss = 0.0612
results/PTC_MR_Chen_GW_usl_tsne_fit_14.pdf
-- 25/344 [7.3%], loss=0.0631, dgw=0.0631, reg=0.0000, time=22.42s.
-- 50/344 [14.5%], loss=0.0573, dgw=0.0573, reg=0.0000, time=29.54s.
-- 75/344 [21.8%], loss=0.0705, dgw=0.0705, reg=0.0000, time=37.22s.
-- 100/344 [29.1%], loss=0.0502, dgw=0.0502, reg=0.0000, time=33.44s.
-- 125/344 [36.3%], loss=0.0561, dgw=0.0561, reg=0.0000, time=37.13s.
-- 150/344 [43.6%], loss=0.0600, dgw=0.0600, reg=0.0000, time=29.76s.
-- 175/344 [50.9%], loss=0.0529, dgw=0.0529, reg=0.0000, time=35.29s.
-- 200/344 [58.1%], loss=0.0574, dgw=0.0574, reg=0.0000, time=32.96s.
-- 225/344 [65.4%], loss=0.0507, dgw=0.0507, reg=0.0000, time=40.35s.
-- 250/344 [72.7%], loss=0.0477, dgw=0.0477, reg=0.0000, time=36.41s.
-- 275/344 [79.9%], loss=0.0548, dgw=0.0548, reg=0.0000, time=42.47s.
-- 300/344 [87.2%], loss=0.0708, dgw=0.0708, reg=0.0000, time=32.37s.
-- 325/344 [94.5%], loss=0.0581, dgw=0.0581, reg=0.0000, time=31.02s.
-- 344/344 [100.0%], loss=0.0557, dgw=0.0557, reg=0.0000, time=26.22s.
fit: Epoch 15/15, loss = 0.0575, best loss = 0.0575
results/PTC_MR_Chen_GW_usl_tsne_fit_15.pdf
Best Acc  : 0.563953488372093
Rand Score: 0.5067462200827175
Done!
