-- 25/344 [7.3%], loss=0.2052, dgw=0.2052, reg=0.0000, time=30.19s.
-- 50/344 [14.5%], loss=0.2055, dgw=0.2055, reg=0.0000, time=38.20s.
-- 75/344 [21.8%], loss=0.2072, dgw=0.2072, reg=0.0000, time=36.83s.
-- 100/344 [29.1%], loss=0.2096, dgw=0.2096, reg=0.0000, time=45.53s.
-- 125/344 [36.3%], loss=0.1968, dgw=0.1968, reg=0.0000, time=52.54s.
-- 150/344 [43.6%], loss=0.1906, dgw=0.1906, reg=0.0000, time=51.59s.
-- 175/344 [50.9%], loss=0.2016, dgw=0.2016, reg=0.0000, time=47.68s.
-- 200/344 [58.1%], loss=0.2046, dgw=0.2046, reg=0.0000, time=62.23s.
-- 225/344 [65.4%], loss=0.2056, dgw=0.2056, reg=0.0000, time=63.59s.
-- 250/344 [72.7%], loss=0.1887, dgw=0.1887, reg=0.0000, time=60.23s.
-- 275/344 [79.9%], loss=0.2031, dgw=0.2031, reg=0.0000, time=58.30s.
-- 300/344 [87.2%], loss=0.1811, dgw=0.1811, reg=0.0000, time=53.53s.
-- 325/344 [94.5%], loss=0.1891, dgw=0.1891, reg=0.0000, time=46.10s.
-- 344/344 [100.0%], loss=0.1923, dgw=0.1923, reg=0.0000, time=36.49s.
fit: Epoch 1/15, loss = 0.1987, best loss = 0.1987
results/PTC_MR_Chen_GW_usl_tsne_fit_1.pdf
-- 25/344 [7.3%], loss=0.2007, dgw=0.2007, reg=0.0000, time=51.58s.
-- 50/344 [14.5%], loss=0.1920, dgw=0.1920, reg=0.0000, time=50.91s.
-- 75/344 [21.8%], loss=0.1917, dgw=0.1917, reg=0.0000, time=64.41s.
-- 100/344 [29.1%], loss=0.1705, dgw=0.1705, reg=0.0000, time=53.02s.
-- 125/344 [36.3%], loss=0.1756, dgw=0.1756, reg=0.0000, time=62.47s.
-- 150/344 [43.6%], loss=0.1722, dgw=0.1722, reg=0.0000, time=62.46s.
-- 175/344 [50.9%], loss=0.1891, dgw=0.1891, reg=0.0000, time=43.30s.
-- 200/344 [58.1%], loss=0.1815, dgw=0.1815, reg=0.0000, time=57.44s.
-- 225/344 [65.4%], loss=0.1522, dgw=0.1522, reg=0.0000, time=52.15s.
-- 250/344 [72.7%], loss=0.1684, dgw=0.1684, reg=0.0000, time=43.95s.
-- 275/344 [79.9%], loss=0.1697, dgw=0.1697, reg=0.0000, time=54.12s.
-- 300/344 [87.2%], loss=0.1683, dgw=0.1683, reg=0.0000, time=45.47s.
-- 325/344 [94.5%], loss=0.1638, dgw=0.1638, reg=0.0000, time=37.06s.
-- 344/344 [100.0%], loss=0.1619, dgw=0.1619, reg=0.0000, time=36.71s.
fit: Epoch 2/15, loss = 0.1758, best loss = 0.1758
results/PTC_MR_Chen_GW_usl_tsne_fit_2.pdf
-- 25/344 [7.3%], loss=0.1694, dgw=0.1694, reg=0.0000, time=37.90s.
-- 50/344 [14.5%], loss=0.1650, dgw=0.1650, reg=0.0000, time=63.00s.
-- 75/344 [21.8%], loss=0.1602, dgw=0.1602, reg=0.0000, time=47.70s.
-- 100/344 [29.1%], loss=0.1641, dgw=0.1641, reg=0.0000, time=48.63s.
-- 125/344 [36.3%], loss=0.1447, dgw=0.1447, reg=0.0000, time=47.62s.
-- 150/344 [43.6%], loss=0.1495, dgw=0.1495, reg=0.0000, time=39.01s.
-- 175/344 [50.9%], loss=0.1592, dgw=0.1592, reg=0.0000, time=44.88s.
-- 200/344 [58.1%], loss=0.1523, dgw=0.1523, reg=0.0000, time=53.25s.
-- 225/344 [65.4%], loss=0.1656, dgw=0.1656, reg=0.0000, time=54.23s.
-- 250/344 [72.7%], loss=0.1433, dgw=0.1433, reg=0.0000, time=29.82s.
-- 275/344 [79.9%], loss=0.1524, dgw=0.1524, reg=0.0000, time=49.85s.
-- 300/344 [87.2%], loss=0.1546, dgw=0.1546, reg=0.0000, time=41.69s.
-- 325/344 [94.5%], loss=0.1414, dgw=0.1414, reg=0.0000, time=46.19s.
-- 344/344 [100.0%], loss=0.1492, dgw=0.1492, reg=0.0000, time=52.05s.
fit: Epoch 3/15, loss = 0.1552, best loss = 0.1552
results/PTC_MR_Chen_GW_usl_tsne_fit_3.pdf
-- 25/344 [7.3%], loss=0.1359, dgw=0.1359, reg=0.0000, time=65.88s.
-- 50/344 [14.5%], loss=0.1493, dgw=0.1493, reg=0.0000, time=39.16s.
-- 75/344 [21.8%], loss=0.1417, dgw=0.1417, reg=0.0000, time=50.39s.
-- 100/344 [29.1%], loss=0.1389, dgw=0.1389, reg=0.0000, time=46.45s.
-- 125/344 [36.3%], loss=0.1326, dgw=0.1326, reg=0.0000, time=41.58s.
-- 150/344 [43.6%], loss=0.1456, dgw=0.1456, reg=0.0000, time=47.40s.
-- 175/344 [50.9%], loss=0.1385, dgw=0.1385, reg=0.0000, time=33.33s.
-- 200/344 [58.1%], loss=0.1337, dgw=0.1337, reg=0.0000, time=43.40s.
-- 225/344 [65.4%], loss=0.1441, dgw=0.1441, reg=0.0000, time=77.87s.
-- 250/344 [72.7%], loss=0.1369, dgw=0.1369, reg=0.0000, time=60.81s.
-- 275/344 [79.9%], loss=0.1312, dgw=0.1312, reg=0.0000, time=56.44s.
-- 300/344 [87.2%], loss=0.1354, dgw=0.1354, reg=0.0000, time=57.65s.
-- 325/344 [94.5%], loss=0.1381, dgw=0.1381, reg=0.0000, time=45.29s.
-- 344/344 [100.0%], loss=0.1248, dgw=0.1248, reg=0.0000, time=36.88s.
fit: Epoch 4/15, loss = 0.1379, best loss = 0.1379
results/PTC_MR_Chen_GW_usl_tsne_fit_4.pdf
-- 25/344 [7.3%], loss=0.1290, dgw=0.1290, reg=0.0000, time=49.51s.
-- 50/344 [14.5%], loss=0.1270, dgw=0.1270, reg=0.0000, time=50.42s.
-- 75/344 [21.8%], loss=0.1198, dgw=0.1198, reg=0.0000, time=56.16s.
-- 100/344 [29.1%], loss=0.1282, dgw=0.1282, reg=0.0000, time=42.49s.
-- 125/344 [36.3%], loss=0.1263, dgw=0.1263, reg=0.0000, time=63.99s.
-- 150/344 [43.6%], loss=0.1209, dgw=0.1209, reg=0.0000, time=61.83s.
-- 175/344 [50.9%], loss=0.1261, dgw=0.1261, reg=0.0000, time=38.97s.
-- 200/344 [58.1%], loss=0.1276, dgw=0.1276, reg=0.0000, time=59.01s.
-- 225/344 [65.4%], loss=0.1167, dgw=0.1167, reg=0.0000, time=45.00s.
-- 250/344 [72.7%], loss=0.1203, dgw=0.1203, reg=0.0000, time=46.02s.
-- 275/344 [79.9%], loss=0.1317, dgw=0.1317, reg=0.0000, time=56.85s.
-- 300/344 [87.2%], loss=0.1131, dgw=0.1131, reg=0.0000, time=49.90s.
-- 325/344 [94.5%], loss=0.1178, dgw=0.1178, reg=0.0000, time=62.73s.
-- 344/344 [100.0%], loss=0.1173, dgw=0.1173, reg=0.0000, time=43.12s.
fit: Epoch 5/15, loss = 0.1231, best loss = 0.1231
results/PTC_MR_Chen_GW_usl_tsne_fit_5.pdf
-- 25/344 [7.3%], loss=0.1093, dgw=0.1093, reg=0.0000, time=58.14s.
-- 50/344 [14.5%], loss=0.1145, dgw=0.1145, reg=0.0000, time=60.46s.
-- 75/344 [21.8%], loss=0.1165, dgw=0.1165, reg=0.0000, time=50.99s.
-- 100/344 [29.1%], loss=0.1128, dgw=0.1128, reg=0.0000, time=44.53s.
-- 125/344 [36.3%], loss=0.1159, dgw=0.1159, reg=0.0000, time=42.02s.
-- 150/344 [43.6%], loss=0.1188, dgw=0.1188, reg=0.0000, time=65.01s.
-- 175/344 [50.9%], loss=0.1146, dgw=0.1146, reg=0.0000, time=59.40s.
-- 200/344 [58.1%], loss=0.1101, dgw=0.1101, reg=0.0000, time=60.15s.
-- 225/344 [65.4%], loss=0.1068, dgw=0.1068, reg=0.0000, time=58.11s.
-- 250/344 [72.7%], loss=0.1067, dgw=0.1067, reg=0.0000, time=60.58s.
-- 275/344 [79.9%], loss=0.1108, dgw=0.1108, reg=0.0000, time=50.27s.
-- 300/344 [87.2%], loss=0.1067, dgw=0.1067, reg=0.0000, time=58.30s.
-- 325/344 [94.5%], loss=0.1016, dgw=0.1016, reg=0.0000, time=55.16s.
-- 344/344 [100.0%], loss=0.1049, dgw=0.1049, reg=0.0000, time=40.10s.
fit: Epoch 6/15, loss = 0.1108, best loss = 0.1108
results/PTC_MR_Chen_GW_usl_tsne_fit_6.pdf
-- 25/344 [7.3%], loss=0.1049, dgw=0.1049, reg=0.0000, time=51.34s.
-- 50/344 [14.5%], loss=0.1015, dgw=0.1015, reg=0.0000, time=55.41s.
-- 75/344 [21.8%], loss=0.1064, dgw=0.1064, reg=0.0000, time=61.02s.
-- 100/344 [29.1%], loss=0.1009, dgw=0.1009, reg=0.0000, time=47.26s.
-- 125/344 [36.3%], loss=0.1102, dgw=0.1102, reg=0.0000, time=68.33s.
-- 150/344 [43.6%], loss=0.0984, dgw=0.0984, reg=0.0000, time=59.69s.
-- 175/344 [50.9%], loss=0.0970, dgw=0.0970, reg=0.0000, time=45.65s.
-- 200/344 [58.1%], loss=0.1034, dgw=0.1034, reg=0.0000, time=48.28s.
-- 225/344 [65.4%], loss=0.0974, dgw=0.0974, reg=0.0000, time=53.67s.
-- 250/344 [72.7%], loss=0.0918, dgw=0.0918, reg=0.0000, time=63.17s.
-- 275/344 [79.9%], loss=0.0990, dgw=0.0990, reg=0.0000, time=48.50s.
-- 300/344 [87.2%], loss=0.1018, dgw=0.1018, reg=0.0000, time=56.12s.
-- 325/344 [94.5%], loss=0.0987, dgw=0.0987, reg=0.0000, time=52.45s.
-- 344/344 [100.0%], loss=0.0957, dgw=0.0957, reg=0.0000, time=45.63s.
fit: Epoch 7/15, loss = 0.1006, best loss = 0.1006
results/PTC_MR_Chen_GW_usl_tsne_fit_7.pdf
-- 25/344 [7.3%], loss=0.0896, dgw=0.0896, reg=0.0000, time=45.28s.
-- 50/344 [14.5%], loss=0.0941, dgw=0.0941, reg=0.0000, time=65.20s.
-- 75/344 [21.8%], loss=0.1056, dgw=0.1056, reg=0.0000, time=53.81s.
-- 100/344 [29.1%], loss=0.0974, dgw=0.0974, reg=0.0000, time=36.53s.
-- 125/344 [36.3%], loss=0.0882, dgw=0.0882, reg=0.0000, time=57.44s.
-- 150/344 [43.6%], loss=0.1032, dgw=0.1032, reg=0.0000, time=58.05s.
-- 175/344 [50.9%], loss=0.0889, dgw=0.0889, reg=0.0000, time=50.56s.
-- 200/344 [58.1%], loss=0.0964, dgw=0.0964, reg=0.0000, time=44.26s.
-- 225/344 [65.4%], loss=0.0835, dgw=0.0835, reg=0.0000, time=51.44s.
-- 250/344 [72.7%], loss=0.0901, dgw=0.0901, reg=0.0000, time=55.74s.
-- 275/344 [79.9%], loss=0.0816, dgw=0.0816, reg=0.0000, time=51.40s.
-- 300/344 [87.2%], loss=0.0844, dgw=0.0844, reg=0.0000, time=46.90s.
-- 325/344 [94.5%], loss=0.0990, dgw=0.0990, reg=0.0000, time=63.67s.
-- 344/344 [100.0%], loss=0.0842, dgw=0.0842, reg=0.0000, time=40.07s.
fit: Epoch 8/15, loss = 0.0920, best loss = 0.0920
results/PTC_MR_Chen_GW_usl_tsne_fit_8.pdf
-- 25/344 [7.3%], loss=0.0859, dgw=0.0859, reg=0.0000, time=28.59s.
-- 50/344 [14.5%], loss=0.0862, dgw=0.0862, reg=0.0000, time=34.63s.
-- 75/344 [21.8%], loss=0.0902, dgw=0.0902, reg=0.0000, time=43.75s.
-- 100/344 [29.1%], loss=0.0902, dgw=0.0902, reg=0.0000, time=67.80s.
-- 125/344 [36.3%], loss=0.0835, dgw=0.0835, reg=0.0000, time=67.59s.
-- 150/344 [43.6%], loss=0.0851, dgw=0.0851, reg=0.0000, time=52.91s.
-- 175/344 [50.9%], loss=0.0762, dgw=0.0762, reg=0.0000, time=59.33s.
-- 200/344 [58.1%], loss=0.0839, dgw=0.0839, reg=0.0000, time=41.87s.
-- 225/344 [65.4%], loss=0.0805, dgw=0.0805, reg=0.0000, time=61.95s.
-- 250/344 [72.7%], loss=0.0814, dgw=0.0814, reg=0.0000, time=68.25s.
-- 275/344 [79.9%], loss=0.0810, dgw=0.0810, reg=0.0000, time=57.87s.
-- 300/344 [87.2%], loss=0.0902, dgw=0.0902, reg=0.0000, time=49.19s.
-- 325/344 [94.5%], loss=0.0853, dgw=0.0853, reg=0.0000, time=28.54s.
-- 344/344 [100.0%], loss=0.0853, dgw=0.0853, reg=0.0000, time=49.65s.
fit: Epoch 9/15, loss = 0.0846, best loss = 0.0846
results/PTC_MR_Chen_GW_usl_tsne_fit_9.pdf
-- 25/344 [7.3%], loss=0.0949, dgw=0.0949, reg=0.0000, time=38.92s.
-- 50/344 [14.5%], loss=0.0805, dgw=0.0805, reg=0.0000, time=51.02s.
-- 75/344 [21.8%], loss=0.0874, dgw=0.0874, reg=0.0000, time=49.56s.
-- 100/344 [29.1%], loss=0.0774, dgw=0.0774, reg=0.0000, time=46.95s.
-- 125/344 [36.3%], loss=0.0684, dgw=0.0684, reg=0.0000, time=34.04s.
-- 150/344 [43.6%], loss=0.0841, dgw=0.0841, reg=0.0000, time=51.89s.
-- 175/344 [50.9%], loss=0.0743, dgw=0.0743, reg=0.0000, time=60.88s.
-- 200/344 [58.1%], loss=0.0691, dgw=0.0691, reg=0.0000, time=52.08s.
-- 225/344 [65.4%], loss=0.0772, dgw=0.0772, reg=0.0000, time=59.78s.
-- 250/344 [72.7%], loss=0.0757, dgw=0.0757, reg=0.0000, time=31.16s.
-- 275/344 [79.9%], loss=0.0795, dgw=0.0795, reg=0.0000, time=53.26s.
-- 300/344 [87.2%], loss=0.0725, dgw=0.0725, reg=0.0000, time=44.20s.
-- 325/344 [94.5%], loss=0.0790, dgw=0.0790, reg=0.0000, time=63.38s.
-- 344/344 [100.0%], loss=0.0749, dgw=0.0749, reg=0.0000, time=30.32s.
fit: Epoch 10/15, loss = 0.0783, best loss = 0.0783
results/PTC_MR_Chen_GW_usl_tsne_fit_10.pdf
-- 25/344 [7.3%], loss=0.0724, dgw=0.0724, reg=0.0000, time=30.43s.
-- 50/344 [14.5%], loss=0.0754, dgw=0.0754, reg=0.0000, time=49.32s.
-- 75/344 [21.8%], loss=0.0687, dgw=0.0687, reg=0.0000, time=45.23s.
-- 100/344 [29.1%], loss=0.0744, dgw=0.0744, reg=0.0000, time=46.67s.
-- 125/344 [36.3%], loss=0.0739, dgw=0.0739, reg=0.0000, time=42.98s.
-- 150/344 [43.6%], loss=0.0860, dgw=0.0860, reg=0.0000, time=42.22s.
-- 175/344 [50.9%], loss=0.0822, dgw=0.0822, reg=0.0000, time=47.84s.
-- 200/344 [58.1%], loss=0.0711, dgw=0.0711, reg=0.0000, time=55.19s.
-- 225/344 [65.4%], loss=0.0671, dgw=0.0671, reg=0.0000, time=57.96s.
-- 250/344 [72.7%], loss=0.0726, dgw=0.0726, reg=0.0000, time=58.32s.
-- 275/344 [79.9%], loss=0.0733, dgw=0.0733, reg=0.0000, time=45.08s.
-- 300/344 [87.2%], loss=0.0672, dgw=0.0672, reg=0.0000, time=41.50s.
-- 325/344 [94.5%], loss=0.0642, dgw=0.0642, reg=0.0000, time=43.72s.
-- 344/344 [100.0%], loss=0.0723, dgw=0.0723, reg=0.0000, time=45.92s.
fit: Epoch 11/15, loss = 0.0729, best loss = 0.0729
results/PTC_MR_Chen_GW_usl_tsne_fit_11.pdf
-- 25/344 [7.3%], loss=0.0759, dgw=0.0759, reg=0.0000, time=35.22s.
-- 50/344 [14.5%], loss=0.0680, dgw=0.0680, reg=0.0000, time=51.01s.
-- 75/344 [21.8%], loss=0.0608, dgw=0.0608, reg=0.0000, time=38.49s.
-- 100/344 [29.1%], loss=0.0686, dgw=0.0686, reg=0.0000, time=42.50s.
-- 125/344 [36.3%], loss=0.0694, dgw=0.0694, reg=0.0000, time=50.38s.
-- 150/344 [43.6%], loss=0.0675, dgw=0.0675, reg=0.0000, time=36.62s.
-- 175/344 [50.9%], loss=0.0676, dgw=0.0676, reg=0.0000, time=46.03s.
-- 200/344 [58.1%], loss=0.0685, dgw=0.0685, reg=0.0000, time=53.05s.
-- 225/344 [65.4%], loss=0.0667, dgw=0.0667, reg=0.0000, time=41.09s.
-- 250/344 [72.7%], loss=0.0588, dgw=0.0588, reg=0.0000, time=49.73s.
-- 275/344 [79.9%], loss=0.0741, dgw=0.0741, reg=0.0000, time=29.60s.
-- 300/344 [87.2%], loss=0.0692, dgw=0.0692, reg=0.0000, time=46.54s.
-- 325/344 [94.5%], loss=0.0688, dgw=0.0688, reg=0.0000, time=39.68s.
-- 344/344 [100.0%], loss=0.0707, dgw=0.0707, reg=0.0000, time=29.33s.
fit: Epoch 12/15, loss = 0.0682, best loss = 0.0682
results/PTC_MR_Chen_GW_usl_tsne_fit_12.pdf
-- 25/344 [7.3%], loss=0.0662, dgw=0.0662, reg=0.0000, time=27.44s.
-- 50/344 [14.5%], loss=0.0644, dgw=0.0644, reg=0.0000, time=27.16s.
-- 75/344 [21.8%], loss=0.0584, dgw=0.0584, reg=0.0000, time=36.16s.
-- 100/344 [29.1%], loss=0.0714, dgw=0.0714, reg=0.0000, time=37.34s.
-- 125/344 [36.3%], loss=0.0668, dgw=0.0668, reg=0.0000, time=30.56s.
-- 150/344 [43.6%], loss=0.0551, dgw=0.0551, reg=0.0000, time=34.38s.
-- 175/344 [50.9%], loss=0.0595, dgw=0.0595, reg=0.0000, time=32.41s.
-- 200/344 [58.1%], loss=0.0593, dgw=0.0593, reg=0.0000, time=44.16s.
-- 225/344 [65.4%], loss=0.0598, dgw=0.0598, reg=0.0000, time=50.55s.
-- 250/344 [72.7%], loss=0.0671, dgw=0.0671, reg=0.0000, time=40.49s.
-- 275/344 [79.9%], loss=0.0582, dgw=0.0582, reg=0.0000, time=24.21s.
-- 300/344 [87.2%], loss=0.0722, dgw=0.0722, reg=0.0000, time=38.37s.
-- 325/344 [94.5%], loss=0.0642, dgw=0.0642, reg=0.0000, time=42.77s.
-- 344/344 [100.0%], loss=0.0763, dgw=0.0763, reg=0.0000, time=29.46s.
fit: Epoch 13/15, loss = 0.0640, best loss = 0.0640
results/PTC_MR_Chen_GW_usl_tsne_fit_13.pdf
-- 25/344 [7.3%], loss=0.0730, dgw=0.0730, reg=0.0000, time=55.17s.
-- 50/344 [14.5%], loss=0.0536, dgw=0.0536, reg=0.0000, time=31.22s.
-- 75/344 [21.8%], loss=0.0522, dgw=0.0522, reg=0.0000, time=39.17s.
-- 100/344 [29.1%], loss=0.0598, dgw=0.0598, reg=0.0000, time=42.73s.
-- 125/344 [36.3%], loss=0.0555, dgw=0.0555, reg=0.0000, time=44.94s.
-- 150/344 [43.6%], loss=0.0591, dgw=0.0591, reg=0.0000, time=46.58s.
-- 175/344 [50.9%], loss=0.0531, dgw=0.0531, reg=0.0000, time=40.07s.
-- 200/344 [58.1%], loss=0.0579, dgw=0.0579, reg=0.0000, time=52.30s.
-- 225/344 [65.4%], loss=0.0551, dgw=0.0551, reg=0.0000, time=37.23s.
-- 250/344 [72.7%], loss=0.0674, dgw=0.0674, reg=0.0000, time=42.04s.
-- 275/344 [79.9%], loss=0.0656, dgw=0.0656, reg=0.0000, time=47.68s.
-- 300/344 [87.2%], loss=0.0687, dgw=0.0687, reg=0.0000, time=43.23s.
-- 325/344 [94.5%], loss=0.0522, dgw=0.0522, reg=0.0000, time=38.34s.
-- 344/344 [100.0%], loss=0.0738, dgw=0.0738, reg=0.0000, time=34.40s.
fit: Epoch 14/15, loss = 0.0603, best loss = 0.0603
results/PTC_MR_Chen_GW_usl_tsne_fit_14.pdf
-- 25/344 [7.3%], loss=0.0484, dgw=0.0484, reg=0.0000, time=50.94s.
-- 50/344 [14.5%], loss=0.0532, dgw=0.0532, reg=0.0000, time=41.88s.
-- 75/344 [21.8%], loss=0.0593, dgw=0.0593, reg=0.0000, time=52.15s.
-- 100/344 [29.1%], loss=0.0655, dgw=0.0655, reg=0.0000, time=43.98s.
-- 125/344 [36.3%], loss=0.0512, dgw=0.0512, reg=0.0000, time=39.14s.
-- 150/344 [43.6%], loss=0.0552, dgw=0.0552, reg=0.0000, time=47.01s.
-- 175/344 [50.9%], loss=0.0571, dgw=0.0571, reg=0.0000, time=42.63s.
-- 200/344 [58.1%], loss=0.0515, dgw=0.0515, reg=0.0000, time=42.01s.
-- 225/344 [65.4%], loss=0.0652, dgw=0.0652, reg=0.0000, time=36.07s.
-- 250/344 [72.7%], loss=0.0548, dgw=0.0548, reg=0.0000, time=40.87s.
-- 275/344 [79.9%], loss=0.0507, dgw=0.0507, reg=0.0000, time=31.95s.
-- 300/344 [87.2%], loss=0.0650, dgw=0.0650, reg=0.0000, time=36.61s.
-- 325/344 [94.5%], loss=0.0509, dgw=0.0509, reg=0.0000, time=25.72s.
-- 344/344 [100.0%], loss=0.0732, dgw=0.0732, reg=0.0000, time=35.43s.
fit: Epoch 15/15, loss = 0.0569, best loss = 0.0569
results/PTC_MR_Chen_GW_usl_tsne_fit_15.pdf
Best Acc  : 0.5843023255813953
Rand Score: 0.5127974777951048
Done!
