-- 25/344 [7.3%], loss=0.1975, dgw=0.1975, reg=0.0000, time=55.97s.
-- 50/344 [14.5%], loss=0.1871, dgw=0.1871, reg=0.0000, time=51.69s.
-- 75/344 [21.8%], loss=0.2073, dgw=0.2073, reg=0.0000, time=44.74s.
-- 100/344 [29.1%], loss=0.1893, dgw=0.1893, reg=0.0000, time=53.75s.
-- 125/344 [36.3%], loss=0.2010, dgw=0.2010, reg=0.0000, time=50.84s.
-- 150/344 [43.6%], loss=0.1908, dgw=0.1908, reg=0.0000, time=65.76s.
-- 175/344 [50.9%], loss=0.1996, dgw=0.1996, reg=0.0000, time=54.68s.
-- 200/344 [58.1%], loss=0.1728, dgw=0.1728, reg=0.0000, time=63.50s.
-- 225/344 [65.4%], loss=0.1833, dgw=0.1833, reg=0.0000, time=84.17s.
-- 250/344 [72.7%], loss=0.1846, dgw=0.1846, reg=0.0000, time=61.77s.
-- 275/344 [79.9%], loss=0.1834, dgw=0.1834, reg=0.0000, time=61.38s.
-- 300/344 [87.2%], loss=0.1936, dgw=0.1936, reg=0.0000, time=44.59s.
-- 325/344 [94.5%], loss=0.1872, dgw=0.1872, reg=0.0000, time=45.89s.
-- 344/344 [100.0%], loss=0.1683, dgw=0.1683, reg=0.0000, time=36.94s.
fit: Epoch 1/15, loss = 0.1894, best loss = 0.1894
results/PTC_MR_Chen_GW_usl_tsne_fit_1.pdf
-- 25/344 [7.3%], loss=0.1737, dgw=0.1737, reg=0.0000, time=52.00s.
-- 50/344 [14.5%], loss=0.1804, dgw=0.1804, reg=0.0000, time=57.93s.
-- 75/344 [21.8%], loss=0.1706, dgw=0.1706, reg=0.0000, time=73.03s.
-- 100/344 [29.1%], loss=0.1653, dgw=0.1653, reg=0.0000, time=59.89s.
-- 125/344 [36.3%], loss=0.1612, dgw=0.1612, reg=0.0000, time=63.47s.
-- 150/344 [43.6%], loss=0.1720, dgw=0.1720, reg=0.0000, time=52.77s.
-- 175/344 [50.9%], loss=0.1628, dgw=0.1628, reg=0.0000, time=62.67s.
-- 200/344 [58.1%], loss=0.1567, dgw=0.1567, reg=0.0000, time=65.71s.
-- 225/344 [65.4%], loss=0.1609, dgw=0.1609, reg=0.0000, time=64.81s.
-- 250/344 [72.7%], loss=0.1726, dgw=0.1726, reg=0.0000, time=56.26s.
-- 275/344 [79.9%], loss=0.1695, dgw=0.1695, reg=0.0000, time=62.27s.
-- 300/344 [87.2%], loss=0.1650, dgw=0.1650, reg=0.0000, time=69.27s.
-- 325/344 [94.5%], loss=0.1619, dgw=0.1619, reg=0.0000, time=61.99s.
-- 344/344 [100.0%], loss=0.1640, dgw=0.1640, reg=0.0000, time=57.62s.
fit: Epoch 2/15, loss = 0.1670, best loss = 0.1670
results/PTC_MR_Chen_GW_usl_tsne_fit_2.pdf
-- 25/344 [7.3%], loss=0.1598, dgw=0.1598, reg=0.0000, time=38.25s.
-- 50/344 [14.5%], loss=0.1661, dgw=0.1661, reg=0.0000, time=63.23s.
-- 75/344 [21.8%], loss=0.1541, dgw=0.1541, reg=0.0000, time=35.15s.
-- 100/344 [29.1%], loss=0.1545, dgw=0.1545, reg=0.0000, time=41.83s.
-- 125/344 [36.3%], loss=0.1493, dgw=0.1493, reg=0.0000, time=54.27s.
-- 150/344 [43.6%], loss=0.1608, dgw=0.1608, reg=0.0000, time=52.36s.
-- 175/344 [50.9%], loss=0.1484, dgw=0.1484, reg=0.0000, time=47.45s.
-- 200/344 [58.1%], loss=0.1446, dgw=0.1446, reg=0.0000, time=43.51s.
-- 225/344 [65.4%], loss=0.1259, dgw=0.1259, reg=0.0000, time=51.67s.
-- 250/344 [72.7%], loss=0.1418, dgw=0.1418, reg=0.0000, time=66.90s.
-- 275/344 [79.9%], loss=0.1393, dgw=0.1393, reg=0.0000, time=66.52s.
-- 300/344 [87.2%], loss=0.1463, dgw=0.1463, reg=0.0000, time=69.81s.
-- 325/344 [94.5%], loss=0.1426, dgw=0.1426, reg=0.0000, time=76.35s.
-- 344/344 [100.0%], loss=0.1389, dgw=0.1389, reg=0.0000, time=49.66s.
fit: Epoch 3/15, loss = 0.1482, best loss = 0.1482
results/PTC_MR_Chen_GW_usl_tsne_fit_3.pdf
-- 25/344 [7.3%], loss=0.1378, dgw=0.1378, reg=0.0000, time=64.08s.
-- 50/344 [14.5%], loss=0.1334, dgw=0.1334, reg=0.0000, time=76.16s.
-- 75/344 [21.8%], loss=0.1328, dgw=0.1328, reg=0.0000, time=76.50s.
-- 100/344 [29.1%], loss=0.1330, dgw=0.1330, reg=0.0000, time=66.91s.
-- 125/344 [36.3%], loss=0.1315, dgw=0.1315, reg=0.0000, time=63.34s.
-- 150/344 [43.6%], loss=0.1346, dgw=0.1346, reg=0.0000, time=49.34s.
-- 175/344 [50.9%], loss=0.1308, dgw=0.1308, reg=0.0000, time=82.46s.
-- 200/344 [58.1%], loss=0.1303, dgw=0.1303, reg=0.0000, time=73.74s.
-- 225/344 [65.4%], loss=0.1438, dgw=0.1438, reg=0.0000, time=75.45s.
-- 250/344 [72.7%], loss=0.1261, dgw=0.1261, reg=0.0000, time=50.75s.
-- 275/344 [79.9%], loss=0.1347, dgw=0.1347, reg=0.0000, time=55.21s.
-- 300/344 [87.2%], loss=0.1300, dgw=0.1300, reg=0.0000, time=68.19s.
-- 325/344 [94.5%], loss=0.1241, dgw=0.1241, reg=0.0000, time=56.34s.
-- 344/344 [100.0%], loss=0.1225, dgw=0.1225, reg=0.0000, time=61.49s.
fit: Epoch 4/15, loss = 0.1320, best loss = 0.1320
results/PTC_MR_Chen_GW_usl_tsne_fit_4.pdf
-- 25/344 [7.3%], loss=0.1214, dgw=0.1214, reg=0.0000, time=66.39s.
-- 50/344 [14.5%], loss=0.1166, dgw=0.1166, reg=0.0000, time=52.60s.
-- 75/344 [21.8%], loss=0.1253, dgw=0.1253, reg=0.0000, time=52.55s.
-- 100/344 [29.1%], loss=0.1297, dgw=0.1297, reg=0.0000, time=60.20s.
-- 125/344 [36.3%], loss=0.1136, dgw=0.1136, reg=0.0000, time=69.52s.
-- 150/344 [43.6%], loss=0.1155, dgw=0.1155, reg=0.0000, time=65.58s.
-- 175/344 [50.9%], loss=0.1240, dgw=0.1240, reg=0.0000, time=70.22s.
-- 200/344 [58.1%], loss=0.1160, dgw=0.1160, reg=0.0000, time=64.29s.
-- 225/344 [65.4%], loss=0.1152, dgw=0.1152, reg=0.0000, time=89.39s.
-- 250/344 [72.7%], loss=0.1158, dgw=0.1158, reg=0.0000, time=53.76s.
-- 275/344 [79.9%], loss=0.1206, dgw=0.1206, reg=0.0000, time=62.86s.
-- 300/344 [87.2%], loss=0.1101, dgw=0.1101, reg=0.0000, time=53.38s.
-- 325/344 [94.5%], loss=0.1179, dgw=0.1179, reg=0.0000, time=45.96s.
-- 344/344 [100.0%], loss=0.1104, dgw=0.1104, reg=0.0000, time=48.19s.
fit: Epoch 5/15, loss = 0.1181, best loss = 0.1181
results/PTC_MR_Chen_GW_usl_tsne_fit_5.pdf
-- 25/344 [7.3%], loss=0.1107, dgw=0.1107, reg=0.0000, time=70.83s.
-- 50/344 [14.5%], loss=0.1136, dgw=0.1136, reg=0.0000, time=71.26s.
-- 75/344 [21.8%], loss=0.1089, dgw=0.1089, reg=0.0000, time=52.62s.
-- 100/344 [29.1%], loss=0.1122, dgw=0.1122, reg=0.0000, time=83.16s.
-- 125/344 [36.3%], loss=0.0995, dgw=0.0995, reg=0.0000, time=63.69s.
-- 150/344 [43.6%], loss=0.1225, dgw=0.1225, reg=0.0000, time=46.35s.
-- 175/344 [50.9%], loss=0.1025, dgw=0.1025, reg=0.0000, time=58.07s.
-- 200/344 [58.1%], loss=0.1020, dgw=0.1020, reg=0.0000, time=63.42s.
-- 225/344 [65.4%], loss=0.1095, dgw=0.1095, reg=0.0000, time=31.93s.
-- 250/344 [72.7%], loss=0.1015, dgw=0.1015, reg=0.0000, time=52.17s.
-- 275/344 [79.9%], loss=0.1048, dgw=0.1048, reg=0.0000, time=60.55s.
-- 300/344 [87.2%], loss=0.1005, dgw=0.1005, reg=0.0000, time=75.30s.
-- 325/344 [94.5%], loss=0.0971, dgw=0.0971, reg=0.0000, time=48.94s.
-- 344/344 [100.0%], loss=0.1110, dgw=0.1110, reg=0.0000, time=50.80s.
fit: Epoch 6/15, loss = 0.1068, best loss = 0.1068
results/PTC_MR_Chen_GW_usl_tsne_fit_6.pdf
-- 25/344 [7.3%], loss=0.1064, dgw=0.1064, reg=0.0000, time=67.07s.
-- 50/344 [14.5%], loss=0.1037, dgw=0.1037, reg=0.0000, time=64.77s.
-- 75/344 [21.8%], loss=0.0986, dgw=0.0986, reg=0.0000, time=81.07s.
-- 100/344 [29.1%], loss=0.0943, dgw=0.0943, reg=0.0000, time=75.91s.
-- 125/344 [36.3%], loss=0.0988, dgw=0.0988, reg=0.0000, time=61.95s.
-- 150/344 [43.6%], loss=0.1019, dgw=0.1019, reg=0.0000, time=48.86s.
-- 175/344 [50.9%], loss=0.0986, dgw=0.0986, reg=0.0000, time=64.51s.
-- 200/344 [58.1%], loss=0.0964, dgw=0.0964, reg=0.0000, time=57.15s.
-- 225/344 [65.4%], loss=0.0881, dgw=0.0881, reg=0.0000, time=66.44s.
-- 250/344 [72.7%], loss=0.0978, dgw=0.0978, reg=0.0000, time=49.94s.
-- 275/344 [79.9%], loss=0.0949, dgw=0.0949, reg=0.0000, time=50.79s.
-- 300/344 [87.2%], loss=0.0924, dgw=0.0924, reg=0.0000, time=65.74s.
-- 325/344 [94.5%], loss=0.1007, dgw=0.1007, reg=0.0000, time=46.65s.
-- 344/344 [100.0%], loss=0.0878, dgw=0.0878, reg=0.0000, time=33.91s.
fit: Epoch 7/15, loss = 0.0973, best loss = 0.0973
results/PTC_MR_Chen_GW_usl_tsne_fit_7.pdf
-- 25/344 [7.3%], loss=0.0921, dgw=0.0921, reg=0.0000, time=49.33s.
-- 50/344 [14.5%], loss=0.0902, dgw=0.0902, reg=0.0000, time=63.34s.
-- 75/344 [21.8%], loss=0.0957, dgw=0.0957, reg=0.0000, time=44.37s.
-- 100/344 [29.1%], loss=0.0871, dgw=0.0871, reg=0.0000, time=37.04s.
-- 125/344 [36.3%], loss=0.0888, dgw=0.0888, reg=0.0000, time=36.49s.
-- 150/344 [43.6%], loss=0.0832, dgw=0.0832, reg=0.0000, time=61.97s.
-- 175/344 [50.9%], loss=0.0936, dgw=0.0936, reg=0.0000, time=74.17s.
-- 200/344 [58.1%], loss=0.0884, dgw=0.0884, reg=0.0000, time=64.19s.
-- 225/344 [65.4%], loss=0.0918, dgw=0.0918, reg=0.0000, time=57.00s.
-- 250/344 [72.7%], loss=0.0922, dgw=0.0922, reg=0.0000, time=62.35s.
-- 275/344 [79.9%], loss=0.0835, dgw=0.0835, reg=0.0000, time=58.74s.
-- 300/344 [87.2%], loss=0.0908, dgw=0.0908, reg=0.0000, time=63.37s.
-- 325/344 [94.5%], loss=0.0921, dgw=0.0921, reg=0.0000, time=56.94s.
-- 344/344 [100.0%], loss=0.0777, dgw=0.0777, reg=0.0000, time=35.34s.
fit: Epoch 8/15, loss = 0.0893, best loss = 0.0893
results/PTC_MR_Chen_GW_usl_tsne_fit_8.pdf
-- 25/344 [7.3%], loss=0.0859, dgw=0.0859, reg=0.0000, time=36.94s.
-- 50/344 [14.5%], loss=0.0836, dgw=0.0836, reg=0.0000, time=33.95s.
-- 75/344 [21.8%], loss=0.0767, dgw=0.0767, reg=0.0000, time=67.96s.
-- 100/344 [29.1%], loss=0.0858, dgw=0.0858, reg=0.0000, time=46.67s.
-- 125/344 [36.3%], loss=0.0907, dgw=0.0907, reg=0.0000, time=53.65s.
-- 150/344 [43.6%], loss=0.0820, dgw=0.0820, reg=0.0000, time=58.21s.
-- 175/344 [50.9%], loss=0.0849, dgw=0.0849, reg=0.0000, time=59.03s.
-- 200/344 [58.1%], loss=0.0717, dgw=0.0717, reg=0.0000, time=56.20s.
-- 225/344 [65.4%], loss=0.0857, dgw=0.0857, reg=0.0000, time=57.43s.
-- 250/344 [72.7%], loss=0.0897, dgw=0.0897, reg=0.0000, time=49.61s.
-- 275/344 [79.9%], loss=0.0782, dgw=0.0782, reg=0.0000, time=64.12s.
-- 300/344 [87.2%], loss=0.0815, dgw=0.0815, reg=0.0000, time=48.01s.
-- 325/344 [94.5%], loss=0.0828, dgw=0.0828, reg=0.0000, time=62.41s.
-- 344/344 [100.0%], loss=0.0722, dgw=0.0722, reg=0.0000, time=31.65s.
fit: Epoch 9/15, loss = 0.0824, best loss = 0.0824
results/PTC_MR_Chen_GW_usl_tsne_fit_9.pdf
-- 25/344 [7.3%], loss=0.0837, dgw=0.0837, reg=0.0000, time=41.19s.
-- 50/344 [14.5%], loss=0.0835, dgw=0.0835, reg=0.0000, time=57.76s.
-- 75/344 [21.8%], loss=0.0933, dgw=0.0933, reg=0.0000, time=66.70s.
-- 100/344 [29.1%], loss=0.0739, dgw=0.0739, reg=0.0000, time=36.35s.
-- 125/344 [36.3%], loss=0.0678, dgw=0.0678, reg=0.0000, time=43.40s.
-- 150/344 [43.6%], loss=0.0720, dgw=0.0720, reg=0.0000, time=60.07s.
-- 175/344 [50.9%], loss=0.0794, dgw=0.0794, reg=0.0000, time=72.74s.
-- 200/344 [58.1%], loss=0.0773, dgw=0.0773, reg=0.0000, time=47.98s.
-- 225/344 [65.4%], loss=0.0712, dgw=0.0712, reg=0.0000, time=50.22s.
-- 250/344 [72.7%], loss=0.0706, dgw=0.0706, reg=0.0000, time=54.80s.
-- 275/344 [79.9%], loss=0.0704, dgw=0.0704, reg=0.0000, time=60.49s.
-- 300/344 [87.2%], loss=0.0663, dgw=0.0663, reg=0.0000, time=60.67s.
-- 325/344 [94.5%], loss=0.0891, dgw=0.0891, reg=0.0000, time=40.42s.
-- 344/344 [100.0%], loss=0.0693, dgw=0.0693, reg=0.0000, time=35.66s.
fit: Epoch 10/15, loss = 0.0764, best loss = 0.0764
results/PTC_MR_Chen_GW_usl_tsne_fit_10.pdf
-- 25/344 [7.3%], loss=0.0724, dgw=0.0724, reg=0.0000, time=61.94s.
-- 50/344 [14.5%], loss=0.0764, dgw=0.0764, reg=0.0000, time=46.88s.
-- 75/344 [21.8%], loss=0.0765, dgw=0.0765, reg=0.0000, time=48.67s.
-- 100/344 [29.1%], loss=0.0754, dgw=0.0754, reg=0.0000, time=48.83s.
-- 125/344 [36.3%], loss=0.0665, dgw=0.0665, reg=0.0000, time=62.33s.
-- 150/344 [43.6%], loss=0.0703, dgw=0.0703, reg=0.0000, time=38.09s.
-- 175/344 [50.9%], loss=0.0661, dgw=0.0661, reg=0.0000, time=44.25s.
-- 200/344 [58.1%], loss=0.0739, dgw=0.0739, reg=0.0000, time=26.01s.
-- 225/344 [65.4%], loss=0.0657, dgw=0.0657, reg=0.0000, time=59.95s.
-- 250/344 [72.7%], loss=0.0631, dgw=0.0631, reg=0.0000, time=60.84s.
-- 275/344 [79.9%], loss=0.0672, dgw=0.0672, reg=0.0000, time=40.03s.
-- 300/344 [87.2%], loss=0.0753, dgw=0.0753, reg=0.0000, time=41.89s.
-- 325/344 [94.5%], loss=0.0783, dgw=0.0783, reg=0.0000, time=44.59s.
-- 344/344 [100.0%], loss=0.0693, dgw=0.0693, reg=0.0000, time=37.34s.
fit: Epoch 11/15, loss = 0.0712, best loss = 0.0712
results/PTC_MR_Chen_GW_usl_tsne_fit_11.pdf
-- 25/344 [7.3%], loss=0.0698, dgw=0.0698, reg=0.0000, time=61.51s.
-- 50/344 [14.5%], loss=0.0738, dgw=0.0738, reg=0.0000, time=56.28s.
-- 75/344 [21.8%], loss=0.0569, dgw=0.0569, reg=0.0000, time=43.87s.
-- 100/344 [29.1%], loss=0.0586, dgw=0.0586, reg=0.0000, time=53.10s.
-- 125/344 [36.3%], loss=0.0636, dgw=0.0636, reg=0.0000, time=44.34s.
-- 150/344 [43.6%], loss=0.0597, dgw=0.0597, reg=0.0000, time=64.76s.
-- 175/344 [50.9%], loss=0.0756, dgw=0.0756, reg=0.0000, time=47.98s.
-- 200/344 [58.1%], loss=0.0692, dgw=0.0692, reg=0.0000, time=32.52s.
-- 225/344 [65.4%], loss=0.0637, dgw=0.0637, reg=0.0000, time=43.53s.
-- 250/344 [72.7%], loss=0.0624, dgw=0.0624, reg=0.0000, time=38.23s.
-- 275/344 [79.9%], loss=0.0711, dgw=0.0711, reg=0.0000, time=43.76s.
-- 300/344 [87.2%], loss=0.0666, dgw=0.0666, reg=0.0000, time=46.91s.
-- 325/344 [94.5%], loss=0.0727, dgw=0.0727, reg=0.0000, time=44.25s.
-- 344/344 [100.0%], loss=0.0678, dgw=0.0678, reg=0.0000, time=22.81s.
fit: Epoch 12/15, loss = 0.0665, best loss = 0.0665
results/PTC_MR_Chen_GW_usl_tsne_fit_12.pdf
-- 25/344 [7.3%], loss=0.0610, dgw=0.0610, reg=0.0000, time=65.06s.
-- 50/344 [14.5%], loss=0.0594, dgw=0.0594, reg=0.0000, time=52.97s.
-- 75/344 [21.8%], loss=0.0672, dgw=0.0672, reg=0.0000, time=41.47s.
-- 100/344 [29.1%], loss=0.0683, dgw=0.0683, reg=0.0000, time=56.69s.
-- 125/344 [36.3%], loss=0.0624, dgw=0.0624, reg=0.0000, time=45.77s.
-- 150/344 [43.6%], loss=0.0633, dgw=0.0633, reg=0.0000, time=49.44s.
-- 175/344 [50.9%], loss=0.0694, dgw=0.0694, reg=0.0000, time=53.81s.
-- 200/344 [58.1%], loss=0.0639, dgw=0.0639, reg=0.0000, time=55.23s.
-- 225/344 [65.4%], loss=0.0521, dgw=0.0521, reg=0.0000, time=45.30s.
-- 250/344 [72.7%], loss=0.0600, dgw=0.0600, reg=0.0000, time=48.81s.
-- 275/344 [79.9%], loss=0.0629, dgw=0.0629, reg=0.0000, time=32.63s.
-- 300/344 [87.2%], loss=0.0533, dgw=0.0533, reg=0.0000, time=35.50s.
-- 325/344 [94.5%], loss=0.0635, dgw=0.0635, reg=0.0000, time=42.73s.
-- 344/344 [100.0%], loss=0.0668, dgw=0.0668, reg=0.0000, time=32.44s.
fit: Epoch 13/15, loss = 0.0623, best loss = 0.0623
results/PTC_MR_Chen_GW_usl_tsne_fit_13.pdf
-- 25/344 [7.3%], loss=0.0526, dgw=0.0526, reg=0.0000, time=34.43s.
-- 50/344 [14.5%], loss=0.0600, dgw=0.0600, reg=0.0000, time=57.90s.
-- 75/344 [21.8%], loss=0.0547, dgw=0.0547, reg=0.0000, time=54.04s.
-- 100/344 [29.1%], loss=0.0660, dgw=0.0660, reg=0.0000, time=44.75s.
-- 125/344 [36.3%], loss=0.0525, dgw=0.0525, reg=0.0000, time=37.20s.
-- 150/344 [43.6%], loss=0.0651, dgw=0.0651, reg=0.0000, time=36.00s.
-- 175/344 [50.9%], loss=0.0631, dgw=0.0631, reg=0.0000, time=49.22s.
-- 200/344 [58.1%], loss=0.0537, dgw=0.0537, reg=0.0000, time=49.66s.
-- 225/344 [65.4%], loss=0.0500, dgw=0.0500, reg=0.0000, time=45.73s.
-- 250/344 [72.7%], loss=0.0643, dgw=0.0643, reg=0.0000, time=34.36s.
-- 275/344 [79.9%], loss=0.0642, dgw=0.0642, reg=0.0000, time=50.80s.
-- 300/344 [87.2%], loss=0.0685, dgw=0.0685, reg=0.0000, time=53.80s.
-- 325/344 [94.5%], loss=0.0530, dgw=0.0530, reg=0.0000, time=47.30s.
-- 344/344 [100.0%], loss=0.0503, dgw=0.0503, reg=0.0000, time=42.43s.
fit: Epoch 14/15, loss = 0.0586, best loss = 0.0586
results/PTC_MR_Chen_GW_usl_tsne_fit_14.pdf
-- 25/344 [7.3%], loss=0.0645, dgw=0.0645, reg=0.0000, time=38.20s.
-- 50/344 [14.5%], loss=0.0557, dgw=0.0557, reg=0.0000, time=35.47s.
-- 75/344 [21.8%], loss=0.0591, dgw=0.0591, reg=0.0000, time=49.82s.
-- 100/344 [29.1%], loss=0.0659, dgw=0.0659, reg=0.0000, time=37.05s.
-- 125/344 [36.3%], loss=0.0472, dgw=0.0472, reg=0.0000, time=29.59s.
-- 150/344 [43.6%], loss=0.0549, dgw=0.0549, reg=0.0000, time=42.63s.
-- 175/344 [50.9%], loss=0.0517, dgw=0.0517, reg=0.0000, time=40.32s.
-- 200/344 [58.1%], loss=0.0577, dgw=0.0577, reg=0.0000, time=38.31s.
-- 225/344 [65.4%], loss=0.0541, dgw=0.0541, reg=0.0000, time=47.07s.
-- 250/344 [72.7%], loss=0.0539, dgw=0.0539, reg=0.0000, time=35.83s.
-- 275/344 [79.9%], loss=0.0467, dgw=0.0467, reg=0.0000, time=40.55s.
-- 300/344 [87.2%], loss=0.0658, dgw=0.0658, reg=0.0000, time=47.82s.
-- 325/344 [94.5%], loss=0.0471, dgw=0.0471, reg=0.0000, time=41.57s.
-- 344/344 [100.0%], loss=0.0451, dgw=0.0451, reg=0.0000, time=26.86s.
fit: Epoch 15/15, loss = 0.0551, best loss = 0.0551
results/PTC_MR_Chen_GW_usl_tsne_fit_15.pdf
Best Acc  : 0.5377906976744187
Rand Score: 0.5014068750423758
Done!
