MORE THAN 2 CLASSES!
-- 25/221 [11.3%], loss=0.2259, dgw=0.2259, reg=0.0000, time=23.37s.
-- 50/221 [22.6%], loss=0.2208, dgw=0.2208, reg=0.0000, time=24.08s.
-- 75/221 [33.9%], loss=0.2225, dgw=0.2225, reg=0.0000, time=19.47s.
-- 100/221 [45.2%], loss=0.2222, dgw=0.2222, reg=0.0000, time=20.64s.
-- 125/221 [56.6%], loss=0.2129, dgw=0.2129, reg=0.0000, time=22.16s.
-- 150/221 [67.9%], loss=0.2150, dgw=0.2150, reg=0.0000, time=14.23s.
-- 175/221 [79.2%], loss=0.2107, dgw=0.2107, reg=0.0000, time=29.38s.
-- 200/221 [90.5%], loss=0.2109, dgw=0.2109, reg=0.0000, time=54.57s.
-- 221/221 [100.0%], loss=0.2131, dgw=0.2131, reg=0.0000, time=47.94s.
fit: Epoch 1/15, loss = 0.2172, best loss = 0.2172
results/MSRC_9_Jin_Spectral_usl_tsne_fit_1.pdf
-- 25/221 [11.3%], loss=0.2062, dgw=0.2062, reg=0.0000, time=47.24s.
-- 50/221 [22.6%], loss=0.2066, dgw=0.2066, reg=0.0000, time=44.89s.
-- 75/221 [33.9%], loss=0.2022, dgw=0.2022, reg=0.0000, time=58.75s.
-- 100/221 [45.2%], loss=0.2050, dgw=0.2050, reg=0.0000, time=63.34s.
-- 125/221 [56.6%], loss=0.2012, dgw=0.2012, reg=0.0000, time=50.38s.
-- 150/221 [67.9%], loss=0.1986, dgw=0.1986, reg=0.0000, time=59.75s.
-- 175/221 [79.2%], loss=0.1940, dgw=0.1940, reg=0.0000, time=48.11s.
-- 200/221 [90.5%], loss=0.1938, dgw=0.1938, reg=0.0000, time=40.06s.
-- 221/221 [100.0%], loss=0.1926, dgw=0.1926, reg=0.0000, time=42.51s.
fit: Epoch 2/15, loss = 0.2002, best loss = 0.2002
results/MSRC_9_Jin_Spectral_usl_tsne_fit_2.pdf
-- 25/221 [11.3%], loss=0.1914, dgw=0.1914, reg=0.0000, time=46.57s.
-- 50/221 [22.6%], loss=0.1908, dgw=0.1908, reg=0.0000, time=36.70s.
-- 75/221 [33.9%], loss=0.1878, dgw=0.1878, reg=0.0000, time=67.88s.
-- 100/221 [45.2%], loss=0.1837, dgw=0.1837, reg=0.0000, time=68.13s.
-- 125/221 [56.6%], loss=0.1855, dgw=0.1855, reg=0.0000, time=53.47s.
-- 150/221 [67.9%], loss=0.1846, dgw=0.1846, reg=0.0000, time=51.96s.
-- 175/221 [79.2%], loss=0.1792, dgw=0.1792, reg=0.0000, time=51.78s.
-- 200/221 [90.5%], loss=0.1759, dgw=0.1759, reg=0.0000, time=61.46s.
-- 221/221 [100.0%], loss=0.1790, dgw=0.1790, reg=0.0000, time=51.90s.
fit: Epoch 3/15, loss = 0.1843, best loss = 0.1843
results/MSRC_9_Jin_Spectral_usl_tsne_fit_3.pdf
-- 25/221 [11.3%], loss=0.1749, dgw=0.1749, reg=0.0000, time=50.80s.
-- 50/221 [22.6%], loss=0.1760, dgw=0.1760, reg=0.0000, time=52.07s.
-- 75/221 [33.9%], loss=0.1733, dgw=0.1733, reg=0.0000, time=71.96s.
-- 100/221 [45.2%], loss=0.1700, dgw=0.1700, reg=0.0000, time=67.44s.
-- 125/221 [56.6%], loss=0.1683, dgw=0.1683, reg=0.0000, time=41.56s.
-- 150/221 [67.9%], loss=0.1675, dgw=0.1675, reg=0.0000, time=55.49s.
-- 175/221 [79.2%], loss=0.1669, dgw=0.1669, reg=0.0000, time=51.01s.
-- 200/221 [90.5%], loss=0.1652, dgw=0.1652, reg=0.0000, time=64.60s.
-- 221/221 [100.0%], loss=0.1644, dgw=0.1644, reg=0.0000, time=59.31s.
fit: Epoch 4/15, loss = 0.1697, best loss = 0.1697
results/MSRC_9_Jin_Spectral_usl_tsne_fit_4.pdf
-- 25/221 [11.3%], loss=0.1624, dgw=0.1624, reg=0.0000, time=75.22s.
-- 50/221 [22.6%], loss=0.1630, dgw=0.1630, reg=0.0000, time=62.71s.
-- 75/221 [33.9%], loss=0.1662, dgw=0.1662, reg=0.0000, time=56.15s.
-- 100/221 [45.2%], loss=0.1656, dgw=0.1656, reg=0.0000, time=64.63s.
-- 125/221 [56.6%], loss=0.2391, dgw=0.2391, reg=0.0000, time=58.52s.
-- 150/221 [67.9%], loss=0.2883, dgw=0.2883, reg=0.0000, time=52.05s.
-- 175/221 [79.2%], loss=0.3024, dgw=0.3024, reg=0.0000, time=48.92s.
-- 200/221 [90.5%], loss=0.2121, dgw=0.2121, reg=0.0000, time=67.45s.
-- 221/221 [100.0%], loss=0.1559, dgw=0.1559, reg=0.0000, time=60.17s.
fit: Epoch 5/15, loss = 0.2070, best loss = 0.1697
results/MSRC_9_Jin_Spectral_usl_tsne_fit_5.pdf
-- 25/221 [11.3%], loss=0.1506, dgw=0.1506, reg=0.0000, time=52.00s.
-- 50/221 [22.6%], loss=0.1468, dgw=0.1468, reg=0.0000, time=46.97s.
-- 75/221 [33.9%], loss=0.1472, dgw=0.1472, reg=0.0000, time=44.31s.
-- 100/221 [45.2%], loss=0.1452, dgw=0.1452, reg=0.0000, time=58.74s.
-- 125/221 [56.6%], loss=0.1446, dgw=0.1446, reg=0.0000, time=40.84s.
-- 150/221 [67.9%], loss=0.1414, dgw=0.1414, reg=0.0000, time=41.72s.
-- 175/221 [79.2%], loss=0.1427, dgw=0.1427, reg=0.0000, time=47.95s.
-- 200/221 [90.5%], loss=0.1397, dgw=0.1397, reg=0.0000, time=61.30s.
-- 221/221 [100.0%], loss=0.1415, dgw=0.1415, reg=0.0000, time=48.37s.
fit: Epoch 6/15, loss = 0.1445, best loss = 0.1445
results/MSRC_9_Jin_Spectral_usl_tsne_fit_6.pdf
-- 25/221 [11.3%], loss=0.1399, dgw=0.1399, reg=0.0000, time=47.85s.
-- 50/221 [22.6%], loss=0.1364, dgw=0.1364, reg=0.0000, time=36.31s.
-- 75/221 [33.9%], loss=0.1350, dgw=0.1350, reg=0.0000, time=46.92s.
-- 100/221 [45.2%], loss=0.1335, dgw=0.1335, reg=0.0000, time=51.46s.
-- 125/221 [56.6%], loss=0.1335, dgw=0.1335, reg=0.0000, time=47.95s.
-- 150/221 [67.9%], loss=0.1337, dgw=0.1337, reg=0.0000, time=42.65s.
-- 175/221 [79.2%], loss=0.1312, dgw=0.1312, reg=0.0000, time=49.75s.
-- 200/221 [90.5%], loss=0.1277, dgw=0.1277, reg=0.0000, time=42.84s.
-- 221/221 [100.0%], loss=0.1319, dgw=0.1319, reg=0.0000, time=56.30s.
fit: Epoch 7/15, loss = 0.1337, best loss = 0.1337
results/MSRC_9_Jin_Spectral_usl_tsne_fit_7.pdf
-- 25/221 [11.3%], loss=0.1292, dgw=0.1292, reg=0.0000, time=59.71s.
-- 50/221 [22.6%], loss=0.1275, dgw=0.1275, reg=0.0000, time=57.85s.
-- 75/221 [33.9%], loss=0.1264, dgw=0.1264, reg=0.0000, time=62.39s.
-- 100/221 [45.2%], loss=0.1230, dgw=0.1230, reg=0.0000, time=55.37s.
-- 125/221 [56.6%], loss=0.1276, dgw=0.1276, reg=0.0000, time=50.05s.
-- 150/221 [67.9%], loss=0.1212, dgw=0.1212, reg=0.0000, time=39.42s.
-- 175/221 [79.2%], loss=0.1288, dgw=0.1288, reg=0.0000, time=45.32s.
-- 200/221 [90.5%], loss=0.1196, dgw=0.1196, reg=0.0000, time=47.66s.
-- 221/221 [100.0%], loss=0.1198, dgw=0.1198, reg=0.0000, time=54.93s.
fit: Epoch 8/15, loss = 0.1249, best loss = 0.1249
results/MSRC_9_Jin_Spectral_usl_tsne_fit_8.pdf
-- 25/221 [11.3%], loss=0.1182, dgw=0.1182, reg=0.0000, time=63.52s.
-- 50/221 [22.6%], loss=0.1198, dgw=0.1198, reg=0.0000, time=55.11s.
-- 75/221 [33.9%], loss=0.1160, dgw=0.1160, reg=0.0000, time=71.59s.
-- 100/221 [45.2%], loss=0.1141, dgw=0.1141, reg=0.0000, time=54.94s.
-- 125/221 [56.6%], loss=0.1161, dgw=0.1161, reg=0.0000, time=51.69s.
-- 150/221 [67.9%], loss=0.1138, dgw=0.1138, reg=0.0000, time=49.04s.
-- 175/221 [79.2%], loss=0.1146, dgw=0.1146, reg=0.0000, time=47.67s.
-- 200/221 [90.5%], loss=0.1136, dgw=0.1136, reg=0.0000, time=57.78s.
-- 221/221 [100.0%], loss=0.1116, dgw=0.1116, reg=0.0000, time=45.97s.
fit: Epoch 9/15, loss = 0.1154, best loss = 0.1154
results/MSRC_9_Jin_Spectral_usl_tsne_fit_9.pdf
-- 25/221 [11.3%], loss=0.1103, dgw=0.1103, reg=0.0000, time=48.67s.
-- 50/221 [22.6%], loss=0.1111, dgw=0.1111, reg=0.0000, time=55.27s.
-- 75/221 [33.9%], loss=0.1095, dgw=0.1095, reg=0.0000, time=58.90s.
-- 100/221 [45.2%], loss=0.1080, dgw=0.1080, reg=0.0000, time=43.62s.
-- 125/221 [56.6%], loss=0.1079, dgw=0.1079, reg=0.0000, time=43.44s.
-- 150/221 [67.9%], loss=0.1056, dgw=0.1056, reg=0.0000, time=42.49s.
-- 175/221 [79.2%], loss=0.1071, dgw=0.1071, reg=0.0000, time=60.19s.
-- 200/221 [90.5%], loss=0.1060, dgw=0.1060, reg=0.0000, time=61.04s.
-- 221/221 [100.0%], loss=0.1024, dgw=0.1024, reg=0.0000, time=55.33s.
fit: Epoch 10/15, loss = 0.1076, best loss = 0.1076
results/MSRC_9_Jin_Spectral_usl_tsne_fit_10.pdf
-- 25/221 [11.3%], loss=0.1024, dgw=0.1024, reg=0.0000, time=47.14s.
-- 50/221 [22.6%], loss=0.1020, dgw=0.1020, reg=0.0000, time=44.81s.
-- 75/221 [33.9%], loss=0.1002, dgw=0.1002, reg=0.0000, time=34.46s.
-- 100/221 [45.2%], loss=0.1053, dgw=0.1053, reg=0.0000, time=64.21s.
-- 125/221 [56.6%], loss=0.1002, dgw=0.1002, reg=0.0000, time=62.02s.
-- 150/221 [67.9%], loss=0.1006, dgw=0.1006, reg=0.0000, time=61.39s.
-- 175/221 [79.2%], loss=0.0997, dgw=0.0997, reg=0.0000, time=42.62s.
-- 200/221 [90.5%], loss=0.0987, dgw=0.0987, reg=0.0000, time=56.58s.
-- 221/221 [100.0%], loss=0.0995, dgw=0.0995, reg=0.0000, time=43.66s.
fit: Epoch 11/15, loss = 0.1010, best loss = 0.1010
results/MSRC_9_Jin_Spectral_usl_tsne_fit_11.pdf
-- 25/221 [11.3%], loss=0.0977, dgw=0.0977, reg=0.0000, time=38.12s.
-- 50/221 [22.6%], loss=0.0984, dgw=0.0984, reg=0.0000, time=43.35s.
-- 75/221 [33.9%], loss=0.0969, dgw=0.0969, reg=0.0000, time=43.19s.
-- 100/221 [45.2%], loss=0.0944, dgw=0.0944, reg=0.0000, time=54.36s.
-- 125/221 [56.6%], loss=0.0931, dgw=0.0931, reg=0.0000, time=62.41s.
-- 150/221 [67.9%], loss=0.0953, dgw=0.0953, reg=0.0000, time=55.71s.
-- 175/221 [79.2%], loss=0.0947, dgw=0.0947, reg=0.0000, time=51.79s.
-- 200/221 [90.5%], loss=0.0921, dgw=0.0921, reg=0.0000, time=49.90s.
-- 221/221 [100.0%], loss=0.0925, dgw=0.0925, reg=0.0000, time=47.46s.
fit: Epoch 12/15, loss = 0.0951, best loss = 0.0951
results/MSRC_9_Jin_Spectral_usl_tsne_fit_12.pdf
-- 25/221 [11.3%], loss=0.0905, dgw=0.0905, reg=0.0000, time=65.78s.
-- 50/221 [22.6%], loss=0.0896, dgw=0.0896, reg=0.0000, time=62.14s.
-- 75/221 [33.9%], loss=0.0897, dgw=0.0897, reg=0.0000, time=57.12s.
-- 100/221 [45.2%], loss=0.0905, dgw=0.0905, reg=0.0000, time=45.54s.
-- 125/221 [56.6%], loss=0.0915, dgw=0.0915, reg=0.0000, time=40.19s.
-- 150/221 [67.9%], loss=0.0885, dgw=0.0885, reg=0.0000, time=39.17s.
-- 175/221 [79.2%], loss=0.0910, dgw=0.0910, reg=0.0000, time=57.02s.
-- 200/221 [90.5%], loss=0.0897, dgw=0.0897, reg=0.0000, time=56.70s.
-- 221/221 [100.0%], loss=0.0862, dgw=0.0862, reg=0.0000, time=35.28s.
fit: Epoch 13/15, loss = 0.0897, best loss = 0.0897
results/MSRC_9_Jin_Spectral_usl_tsne_fit_13.pdf
-- 25/221 [11.3%], loss=0.0885, dgw=0.0885, reg=0.0000, time=66.49s.
-- 50/221 [22.6%], loss=0.0837, dgw=0.0837, reg=0.0000, time=48.93s.
-- 75/221 [33.9%], loss=0.0844, dgw=0.0844, reg=0.0000, time=57.20s.
-- 100/221 [45.2%], loss=0.0819, dgw=0.0819, reg=0.0000, time=30.21s.
-- 125/221 [56.6%], loss=0.0842, dgw=0.0842, reg=0.0000, time=41.82s.
-- 150/221 [67.9%], loss=0.0849, dgw=0.0849, reg=0.0000, time=42.40s.
-- 175/221 [79.2%], loss=0.0842, dgw=0.0842, reg=0.0000, time=33.19s.
-- 200/221 [90.5%], loss=0.0813, dgw=0.0813, reg=0.0000, time=48.39s.
-- 221/221 [100.0%], loss=0.0844, dgw=0.0844, reg=0.0000, time=20.87s.
fit: Epoch 14/15, loss = 0.0842, best loss = 0.0842
results/MSRC_9_Jin_Spectral_usl_tsne_fit_14.pdf
-- 25/221 [11.3%], loss=0.0806, dgw=0.0806, reg=0.0000, time=51.34s.
-- 50/221 [22.6%], loss=0.0787, dgw=0.0787, reg=0.0000, time=50.41s.
-- 75/221 [33.9%], loss=0.0795, dgw=0.0795, reg=0.0000, time=31.16s.
-- 100/221 [45.2%], loss=0.0796, dgw=0.0796, reg=0.0000, time=47.00s.
-- 125/221 [56.6%], loss=0.0804, dgw=0.0804, reg=0.0000, time=47.18s.
-- 150/221 [67.9%], loss=0.0778, dgw=0.0778, reg=0.0000, time=47.14s.
-- 175/221 [79.2%], loss=0.0783, dgw=0.0783, reg=0.0000, time=53.32s.
-- 200/221 [90.5%], loss=0.0809, dgw=0.0809, reg=0.0000, time=42.75s.
-- 221/221 [100.0%], loss=0.0789, dgw=0.0789, reg=0.0000, time=27.34s.
fit: Epoch 15/15, loss = 0.0794, best loss = 0.0794
results/MSRC_9_Jin_Spectral_usl_tsne_fit_15.pdf
Rand Score: 0.7774167009461127
Done!
