MORE THAN 2 CLASSES!
-- 25/221 [11.3%], loss=0.2306, dgw=0.2306, reg=0.0000, time=47.97s.
-- 50/221 [22.6%], loss=0.2189, dgw=0.2189, reg=0.0000, time=53.04s.
-- 75/221 [33.9%], loss=0.2218, dgw=0.2218, reg=0.0000, time=52.27s.
-- 100/221 [45.2%], loss=0.2171, dgw=0.2171, reg=0.0000, time=43.74s.
-- 125/221 [56.6%], loss=0.2125, dgw=0.2125, reg=0.0000, time=34.11s.
-- 150/221 [67.9%], loss=0.2130, dgw=0.2130, reg=0.0000, time=52.68s.
-- 175/221 [79.2%], loss=0.2106, dgw=0.2106, reg=0.0000, time=69.52s.
-- 200/221 [90.5%], loss=0.2117, dgw=0.2117, reg=0.0000, time=61.76s.
-- 221/221 [100.0%], loss=0.2078, dgw=0.2078, reg=0.0000, time=57.25s.
fit: Epoch 1/15, loss = 0.2161, best loss = 0.2161
results/MSRC_9_Jin_Spectral_usl_tsne_fit_1.pdf
-- 25/221 [11.3%], loss=0.2056, dgw=0.2056, reg=0.0000, time=34.62s.
-- 50/221 [22.6%], loss=0.2058, dgw=0.2058, reg=0.0000, time=58.97s.
-- 75/221 [33.9%], loss=0.2047, dgw=0.2047, reg=0.0000, time=67.36s.
-- 100/221 [45.2%], loss=0.2016, dgw=0.2016, reg=0.0000, time=60.32s.
-- 125/221 [56.6%], loss=0.1996, dgw=0.1996, reg=0.0000, time=45.67s.
-- 150/221 [67.9%], loss=0.1967, dgw=0.1967, reg=0.0000, time=66.67s.
-- 175/221 [79.2%], loss=0.1974, dgw=0.1974, reg=0.0000, time=55.40s.
-- 200/221 [90.5%], loss=0.1905, dgw=0.1905, reg=0.0000, time=47.35s.
-- 221/221 [100.0%], loss=0.1879, dgw=0.1879, reg=0.0000, time=37.19s.
fit: Epoch 2/15, loss = 0.1991, best loss = 0.1991
results/MSRC_9_Jin_Spectral_usl_tsne_fit_2.pdf
-- 25/221 [11.3%], loss=0.1905, dgw=0.1905, reg=0.0000, time=62.95s.
-- 50/221 [22.6%], loss=0.1918, dgw=0.1918, reg=0.0000, time=56.84s.
-- 75/221 [33.9%], loss=0.1855, dgw=0.1855, reg=0.0000, time=65.65s.
-- 100/221 [45.2%], loss=0.1869, dgw=0.1869, reg=0.0000, time=68.64s.
-- 125/221 [56.6%], loss=0.1820, dgw=0.1820, reg=0.0000, time=64.62s.
-- 150/221 [67.9%], loss=0.1828, dgw=0.1828, reg=0.0000, time=69.01s.
-- 175/221 [79.2%], loss=0.1769, dgw=0.1769, reg=0.0000, time=26.12s.
-- 200/221 [90.5%], loss=0.1772, dgw=0.1772, reg=0.0000, time=53.85s.
-- 221/221 [100.0%], loss=0.1737, dgw=0.1737, reg=0.0000, time=42.71s.
fit: Epoch 3/15, loss = 0.1832, best loss = 0.1832
results/MSRC_9_Jin_Spectral_usl_tsne_fit_3.pdf
-- 25/221 [11.3%], loss=0.1738, dgw=0.1738, reg=0.0000, time=69.85s.
-- 50/221 [22.6%], loss=0.1731, dgw=0.1731, reg=0.0000, time=72.24s.
-- 75/221 [33.9%], loss=0.1748, dgw=0.1748, reg=0.0000, time=75.07s.
-- 100/221 [45.2%], loss=0.1699, dgw=0.1699, reg=0.0000, time=61.38s.
-- 125/221 [56.6%], loss=0.1701, dgw=0.1701, reg=0.0000, time=41.47s.
-- 150/221 [67.9%], loss=0.1614, dgw=0.1614, reg=0.0000, time=48.00s.
-- 175/221 [79.2%], loss=0.1647, dgw=0.1647, reg=0.0000, time=58.21s.
-- 200/221 [90.5%], loss=0.1652, dgw=0.1652, reg=0.0000, time=58.16s.
-- 221/221 [100.0%], loss=0.1635, dgw=0.1635, reg=0.0000, time=49.95s.
fit: Epoch 4/15, loss = 0.1686, best loss = 0.1686
results/MSRC_9_Jin_Spectral_usl_tsne_fit_4.pdf
-- 25/221 [11.3%], loss=0.1589, dgw=0.1589, reg=0.0000, time=69.38s.
-- 50/221 [22.6%], loss=0.1589, dgw=0.1589, reg=0.0000, time=56.21s.
-- 75/221 [33.9%], loss=0.1599, dgw=0.1599, reg=0.0000, time=43.99s.
-- 100/221 [45.2%], loss=0.1565, dgw=0.1565, reg=0.0000, time=45.78s.
-- 125/221 [56.6%], loss=0.1569, dgw=0.1569, reg=0.0000, time=42.42s.
-- 150/221 [67.9%], loss=0.1533, dgw=0.1533, reg=0.0000, time=56.99s.
-- 175/221 [79.2%], loss=0.1530, dgw=0.1530, reg=0.0000, time=57.39s.
-- 200/221 [90.5%], loss=0.1499, dgw=0.1499, reg=0.0000, time=54.82s.
-- 221/221 [100.0%], loss=0.1492, dgw=0.1492, reg=0.0000, time=49.44s.
fit: Epoch 5/15, loss = 0.1553, best loss = 0.1553
results/MSRC_9_Jin_Spectral_usl_tsne_fit_5.pdf
-- 25/221 [11.3%], loss=0.1498, dgw=0.1498, reg=0.0000, time=56.20s.
-- 50/221 [22.6%], loss=0.1494, dgw=0.1494, reg=0.0000, time=54.09s.
-- 75/221 [33.9%], loss=0.1449, dgw=0.1449, reg=0.0000, time=52.50s.
-- 100/221 [45.2%], loss=0.1456, dgw=0.1456, reg=0.0000, time=56.28s.
-- 125/221 [56.6%], loss=0.1429, dgw=0.1429, reg=0.0000, time=50.89s.
-- 150/221 [67.9%], loss=0.1387, dgw=0.1387, reg=0.0000, time=54.17s.
-- 175/221 [79.2%], loss=0.1397, dgw=0.1397, reg=0.0000, time=57.92s.
-- 200/221 [90.5%], loss=0.1406, dgw=0.1406, reg=0.0000, time=56.90s.
-- 221/221 [100.0%], loss=0.1460, dgw=0.1460, reg=0.0000, time=45.33s.
fit: Epoch 6/15, loss = 0.1441, best loss = 0.1441
results/MSRC_9_Jin_Spectral_usl_tsne_fit_6.pdf
-- 25/221 [11.3%], loss=0.1636, dgw=0.1636, reg=0.0000, time=58.84s.
-- 50/221 [22.6%], loss=0.3427, dgw=0.3427, reg=0.0000, time=60.98s.
-- 75/221 [33.9%], loss=0.4437, dgw=0.4437, reg=0.0000, time=63.98s.
-- 100/221 [45.2%], loss=0.7073, dgw=0.7073, reg=0.0000, time=64.36s.
-- 125/221 [56.6%], loss=0.8997, dgw=0.8997, reg=0.0000, time=60.03s.
-- 150/221 [67.9%], loss=0.9455, dgw=0.9455, reg=0.0000, time=56.75s.
-- 175/221 [79.2%], loss=0.9726, dgw=0.9726, reg=0.0000, time=45.66s.
-- 200/221 [90.5%], loss=0.9799, dgw=0.9799, reg=0.0000, time=41.99s.
-- 221/221 [100.0%], loss=1.0048, dgw=1.0048, reg=0.0000, time=53.41s.
fit: Epoch 7/15, loss = 0.7125, best loss = 0.1441
results/MSRC_9_Jin_Spectral_usl_tsne_fit_7.pdf
-- 25/221 [11.3%], loss=1.0211, dgw=1.0211, reg=0.0000, time=64.68s.
-- 50/221 [22.6%], loss=1.0129, dgw=1.0129, reg=0.0000, time=58.52s.
-- 75/221 [33.9%], loss=1.0113, dgw=1.0113, reg=0.0000, time=62.10s.
-- 100/221 [45.2%], loss=1.0278, dgw=1.0278, reg=0.0000, time=67.56s.
-- 125/221 [56.6%], loss=1.0326, dgw=1.0326, reg=0.0000, time=62.64s.
-- 150/221 [67.9%], loss=1.0467, dgw=1.0467, reg=0.0000, time=58.87s.
-- 175/221 [79.2%], loss=1.0267, dgw=1.0267, reg=0.0000, time=58.58s.
-- 200/221 [90.5%], loss=1.0401, dgw=1.0401, reg=0.0000, time=68.60s.
-- 221/221 [100.0%], loss=1.0156, dgw=1.0156, reg=0.0000, time=65.05s.
fit: Epoch 8/15, loss = 1.0263, best loss = 0.1441
results/MSRC_9_Jin_Spectral_usl_tsne_fit_8.pdf
-- 25/221 [11.3%], loss=1.0066, dgw=1.0066, reg=0.0000, time=62.17s.
-- 50/221 [22.6%], loss=1.0322, dgw=1.0322, reg=0.0000, time=48.16s.
-- 75/221 [33.9%], loss=1.0157, dgw=1.0157, reg=0.0000, time=51.08s.
-- 100/221 [45.2%], loss=1.0211, dgw=1.0211, reg=0.0000, time=39.32s.
-- 125/221 [56.6%], loss=1.0133, dgw=1.0133, reg=0.0000, time=47.89s.
-- 150/221 [67.9%], loss=1.0034, dgw=1.0034, reg=0.0000, time=58.57s.
-- 175/221 [79.2%], loss=1.0384, dgw=1.0384, reg=0.0000, time=59.96s.
-- 200/221 [90.5%], loss=1.0093, dgw=1.0093, reg=0.0000, time=64.53s.
-- 221/221 [100.0%], loss=0.9913, dgw=0.9913, reg=0.0000, time=44.41s.
fit: Epoch 9/15, loss = 1.0150, best loss = 0.1441
results/MSRC_9_Jin_Spectral_usl_tsne_fit_9.pdf
-- 25/221 [11.3%], loss=1.0095, dgw=1.0095, reg=0.0000, time=35.28s.
-- 50/221 [22.6%], loss=0.9382, dgw=0.9382, reg=0.0000, time=66.21s.
-- 75/221 [33.9%], loss=0.9725, dgw=0.9725, reg=0.0000, time=64.50s.
-- 100/221 [45.2%], loss=0.9556, dgw=0.9556, reg=0.0000, time=55.34s.
-- 125/221 [56.6%], loss=0.9519, dgw=0.9519, reg=0.0000, time=55.08s.
-- 150/221 [67.9%], loss=0.9362, dgw=0.9362, reg=0.0000, time=56.44s.
-- 175/221 [79.2%], loss=0.9363, dgw=0.9363, reg=0.0000, time=47.93s.
-- 200/221 [90.5%], loss=0.9593, dgw=0.9593, reg=0.0000, time=57.41s.
-- 221/221 [100.0%], loss=0.9511, dgw=0.9511, reg=0.0000, time=44.16s.
fit: Epoch 10/15, loss = 0.9568, best loss = 0.1441
results/MSRC_9_Jin_Spectral_usl_tsne_fit_10.pdf
-- 25/221 [11.3%], loss=0.9679, dgw=0.9679, reg=0.0000, time=61.12s.
-- 50/221 [22.6%], loss=0.9317, dgw=0.9317, reg=0.0000, time=51.04s.
-- 75/221 [33.9%], loss=0.9495, dgw=0.9495, reg=0.0000, time=52.53s.
-- 100/221 [45.2%], loss=0.9081, dgw=0.9081, reg=0.0000, time=46.21s.
-- 125/221 [56.6%], loss=0.9316, dgw=0.9316, reg=0.0000, time=45.93s.
-- 150/221 [67.9%], loss=0.9286, dgw=0.9286, reg=0.0000, time=60.77s.
-- 175/221 [79.2%], loss=0.9463, dgw=0.9463, reg=0.0000, time=58.72s.
-- 200/221 [90.5%], loss=0.8933, dgw=0.8933, reg=0.0000, time=62.29s.
-- 221/221 [100.0%], loss=0.9459, dgw=0.9459, reg=0.0000, time=53.58s.
fit: Epoch 11/15, loss = 0.9334, best loss = 0.1441
results/MSRC_9_Jin_Spectral_usl_tsne_fit_11.pdf
-- 25/221 [11.3%], loss=0.9224, dgw=0.9224, reg=0.0000, time=52.05s.
-- 50/221 [22.6%], loss=0.9145, dgw=0.9145, reg=0.0000, time=37.88s.
-- 75/221 [33.9%], loss=0.8801, dgw=0.8801, reg=0.0000, time=44.42s.
-- 100/221 [45.2%], loss=0.9390, dgw=0.9390, reg=0.0000, time=45.51s.
-- 125/221 [56.6%], loss=0.9138, dgw=0.9138, reg=0.0000, time=56.15s.
-- 150/221 [67.9%], loss=0.9019, dgw=0.9019, reg=0.0000, time=42.83s.
-- 175/221 [79.2%], loss=0.9151, dgw=0.9151, reg=0.0000, time=43.40s.
-- 200/221 [90.5%], loss=0.8965, dgw=0.8965, reg=0.0000, time=41.33s.
-- 221/221 [100.0%], loss=0.8613, dgw=0.8613, reg=0.0000, time=39.43s.
fit: Epoch 12/15, loss = 0.9057, best loss = 0.1441
results/MSRC_9_Jin_Spectral_usl_tsne_fit_12.pdf
-- 25/221 [11.3%], loss=0.8760, dgw=0.8760, reg=0.0000, time=41.92s.
-- 50/221 [22.6%], loss=0.8454, dgw=0.8454, reg=0.0000, time=56.63s.
-- 75/221 [33.9%], loss=0.8730, dgw=0.8730, reg=0.0000, time=51.56s.
-- 100/221 [45.2%], loss=0.8373, dgw=0.8373, reg=0.0000, time=56.02s.
-- 125/221 [56.6%], loss=0.8439, dgw=0.8439, reg=0.0000, time=60.33s.
-- 150/221 [67.9%], loss=0.8400, dgw=0.8400, reg=0.0000, time=58.19s.
-- 175/221 [79.2%], loss=0.8517, dgw=0.8517, reg=0.0000, time=39.90s.
-- 200/221 [90.5%], loss=0.8259, dgw=0.8259, reg=0.0000, time=52.22s.
-- 221/221 [100.0%], loss=0.7944, dgw=0.7944, reg=0.0000, time=38.50s.
fit: Epoch 13/15, loss = 0.8439, best loss = 0.1441
results/MSRC_9_Jin_Spectral_usl_tsne_fit_13.pdf
-- 25/221 [11.3%], loss=0.8272, dgw=0.8272, reg=0.0000, time=34.01s.
-- 50/221 [22.6%], loss=0.8112, dgw=0.8112, reg=0.0000, time=38.19s.
-- 75/221 [33.9%], loss=0.8059, dgw=0.8059, reg=0.0000, time=38.32s.
-- 100/221 [45.2%], loss=0.7973, dgw=0.7973, reg=0.0000, time=56.86s.
-- 125/221 [56.6%], loss=0.8004, dgw=0.8004, reg=0.0000, time=54.25s.
-- 150/221 [67.9%], loss=0.7914, dgw=0.7914, reg=0.0000, time=45.34s.
-- 175/221 [79.2%], loss=0.8007, dgw=0.8007, reg=0.0000, time=38.25s.
-- 200/221 [90.5%], loss=0.7919, dgw=0.7919, reg=0.0000, time=55.03s.
-- 221/221 [100.0%], loss=0.7918, dgw=0.7918, reg=0.0000, time=39.56s.
fit: Epoch 14/15, loss = 0.8022, best loss = 0.1441
results/MSRC_9_Jin_Spectral_usl_tsne_fit_14.pdf
-- 25/221 [11.3%], loss=0.8068, dgw=0.8068, reg=0.0000, time=58.90s.
-- 50/221 [22.6%], loss=0.8041, dgw=0.8041, reg=0.0000, time=49.47s.
-- 75/221 [33.9%], loss=0.7907, dgw=0.7907, reg=0.0000, time=51.81s.
-- 100/221 [45.2%], loss=0.7846, dgw=0.7846, reg=0.0000, time=42.85s.
-- 125/221 [56.6%], loss=0.7894, dgw=0.7894, reg=0.0000, time=39.58s.
-- 150/221 [67.9%], loss=0.7777, dgw=0.7777, reg=0.0000, time=29.05s.
-- 175/221 [79.2%], loss=0.7930, dgw=0.7930, reg=0.0000, time=40.44s.
-- 200/221 [90.5%], loss=0.7972, dgw=0.7972, reg=0.0000, time=37.40s.
-- 221/221 [100.0%], loss=0.7744, dgw=0.7744, reg=0.0000, time=36.64s.
fit: Epoch 15/15, loss = 0.7912, best loss = 0.1441
results/MSRC_9_Jin_Spectral_usl_tsne_fit_15.pdf
Rand Score: 0.7828877005347593
Done!
