MORE THAN 2 CLASSES!
-- 25/221 [11.3%], loss=0.2276, dgw=0.2276, reg=0.0000, time=39.82s.
-- 50/221 [22.6%], loss=0.2203, dgw=0.2203, reg=0.0000, time=43.13s.
-- 75/221 [33.9%], loss=0.2194, dgw=0.2194, reg=0.0000, time=60.38s.
-- 100/221 [45.2%], loss=0.2195, dgw=0.2195, reg=0.0000, time=55.61s.
-- 125/221 [56.6%], loss=0.2201, dgw=0.2201, reg=0.0000, time=60.58s.
-- 150/221 [67.9%], loss=0.2156, dgw=0.2156, reg=0.0000, time=52.62s.
-- 175/221 [79.2%], loss=0.2121, dgw=0.2121, reg=0.0000, time=75.05s.
-- 200/221 [90.5%], loss=0.2107, dgw=0.2107, reg=0.0000, time=64.72s.
-- 221/221 [100.0%], loss=0.2129, dgw=0.2129, reg=0.0000, time=65.80s.
fit: Epoch 1/15, loss = 0.2177, best loss = 0.2177
results/MSRC_9_Jin_Spectral_usl_tsne_fit_1.pdf
-- 25/221 [11.3%], loss=0.2090, dgw=0.2090, reg=0.0000, time=52.71s.
-- 50/221 [22.6%], loss=0.2035, dgw=0.2035, reg=0.0000, time=65.33s.
-- 75/221 [33.9%], loss=0.2037, dgw=0.2037, reg=0.0000, time=60.28s.
-- 100/221 [45.2%], loss=0.2030, dgw=0.2030, reg=0.0000, time=37.13s.
-- 125/221 [56.6%], loss=0.2022, dgw=0.2022, reg=0.0000, time=69.17s.
-- 150/221 [67.9%], loss=0.1989, dgw=0.1989, reg=0.0000, time=58.07s.
-- 175/221 [79.2%], loss=0.1954, dgw=0.1954, reg=0.0000, time=60.14s.
-- 200/221 [90.5%], loss=0.1931, dgw=0.1931, reg=0.0000, time=42.26s.
-- 221/221 [100.0%], loss=0.1961, dgw=0.1961, reg=0.0000, time=85.96s.
fit: Epoch 2/15, loss = 0.2006, best loss = 0.2006
results/MSRC_9_Jin_Spectral_usl_tsne_fit_2.pdf
-- 25/221 [11.3%], loss=0.1929, dgw=0.1929, reg=0.0000, time=59.09s.
-- 50/221 [22.6%], loss=0.1915, dgw=0.1915, reg=0.0000, time=70.86s.
-- 75/221 [33.9%], loss=0.1889, dgw=0.1889, reg=0.0000, time=64.69s.
-- 100/221 [45.2%], loss=0.1844, dgw=0.1844, reg=0.0000, time=36.50s.
-- 125/221 [56.6%], loss=0.1876, dgw=0.1876, reg=0.0000, time=64.20s.
-- 150/221 [67.9%], loss=0.1808, dgw=0.1808, reg=0.0000, time=64.66s.
-- 175/221 [79.2%], loss=0.1801, dgw=0.1801, reg=0.0000, time=81.27s.
-- 200/221 [90.5%], loss=0.1793, dgw=0.1793, reg=0.0000, time=74.52s.
-- 221/221 [100.0%], loss=0.1757, dgw=0.1757, reg=0.0000, time=36.72s.
fit: Epoch 3/15, loss = 0.1847, best loss = 0.1847
results/MSRC_9_Jin_Spectral_usl_tsne_fit_3.pdf
-- 25/221 [11.3%], loss=0.1772, dgw=0.1772, reg=0.0000, time=39.50s.
-- 50/221 [22.6%], loss=0.1762, dgw=0.1762, reg=0.0000, time=47.97s.
-- 75/221 [33.9%], loss=0.1744, dgw=0.1744, reg=0.0000, time=60.55s.
-- 100/221 [45.2%], loss=0.1718, dgw=0.1718, reg=0.0000, time=68.63s.
-- 125/221 [56.6%], loss=0.1687, dgw=0.1687, reg=0.0000, time=71.17s.
-- 150/221 [67.9%], loss=0.1685, dgw=0.1685, reg=0.0000, time=56.50s.
-- 175/221 [79.2%], loss=0.1655, dgw=0.1655, reg=0.0000, time=54.50s.
-- 200/221 [90.5%], loss=0.1645, dgw=0.1645, reg=0.0000, time=66.13s.
-- 221/221 [100.0%], loss=0.1631, dgw=0.1631, reg=0.0000, time=46.03s.
fit: Epoch 4/15, loss = 0.1701, best loss = 0.1701
results/MSRC_9_Jin_Spectral_usl_tsne_fit_4.pdf
-- 25/221 [11.3%], loss=0.1602, dgw=0.1602, reg=0.0000, time=80.80s.
-- 50/221 [22.6%], loss=0.1633, dgw=0.1633, reg=0.0000, time=79.81s.
-- 75/221 [33.9%], loss=0.1604, dgw=0.1604, reg=0.0000, time=91.69s.
-- 100/221 [45.2%], loss=0.1586, dgw=0.1586, reg=0.0000, time=83.50s.
-- 125/221 [56.6%], loss=0.1556, dgw=0.1556, reg=0.0000, time=92.35s.
-- 150/221 [67.9%], loss=0.1553, dgw=0.1553, reg=0.0000, time=55.38s.
-- 175/221 [79.2%], loss=0.1541, dgw=0.1541, reg=0.0000, time=71.74s.
-- 200/221 [90.5%], loss=0.1517, dgw=0.1517, reg=0.0000, time=47.78s.
-- 221/221 [100.0%], loss=0.1513, dgw=0.1513, reg=0.0000, time=63.98s.
fit: Epoch 5/15, loss = 0.1568, best loss = 0.1568
results/MSRC_9_Jin_Spectral_usl_tsne_fit_5.pdf
-- 25/221 [11.3%], loss=0.1493, dgw=0.1493, reg=0.0000, time=79.75s.
-- 50/221 [22.6%], loss=0.1466, dgw=0.1466, reg=0.0000, time=77.74s.
-- 75/221 [33.9%], loss=0.1490, dgw=0.1490, reg=0.0000, time=66.13s.
-- 100/221 [45.2%], loss=0.1474, dgw=0.1474, reg=0.0000, time=68.25s.
-- 125/221 [56.6%], loss=0.1446, dgw=0.1446, reg=0.0000, time=73.36s.
-- 150/221 [67.9%], loss=0.1425, dgw=0.1425, reg=0.0000, time=60.19s.
-- 175/221 [79.2%], loss=0.1432, dgw=0.1432, reg=0.0000, time=72.88s.
-- 200/221 [90.5%], loss=0.1393, dgw=0.1393, reg=0.0000, time=86.17s.
-- 221/221 [100.0%], loss=0.1404, dgw=0.1404, reg=0.0000, time=54.36s.
fit: Epoch 6/15, loss = 0.1448, best loss = 0.1448
results/MSRC_9_Jin_Spectral_usl_tsne_fit_6.pdf
-- 25/221 [11.3%], loss=0.1366, dgw=0.1366, reg=0.0000, time=47.52s.
-- 50/221 [22.6%], loss=0.1387, dgw=0.1387, reg=0.0000, time=68.97s.
-- 75/221 [33.9%], loss=0.1343, dgw=0.1343, reg=0.0000, time=66.25s.
-- 100/221 [45.2%], loss=0.1348, dgw=0.1348, reg=0.0000, time=56.00s.
-- 125/221 [56.6%], loss=0.1329, dgw=0.1329, reg=0.0000, time=79.71s.
-- 150/221 [67.9%], loss=0.1350, dgw=0.1350, reg=0.0000, time=66.17s.
-- 175/221 [79.2%], loss=0.1338, dgw=0.1338, reg=0.0000, time=78.68s.
-- 200/221 [90.5%], loss=0.1303, dgw=0.1303, reg=0.0000, time=58.59s.
-- 221/221 [100.0%], loss=0.1289, dgw=0.1289, reg=0.0000, time=66.85s.
fit: Epoch 7/15, loss = 0.1340, best loss = 0.1340
results/MSRC_9_Jin_Spectral_usl_tsne_fit_7.pdf
-- 25/221 [11.3%], loss=0.1305, dgw=0.1305, reg=0.0000, time=25.24s.
-- 50/221 [22.6%], loss=0.1281, dgw=0.1281, reg=0.0000, time=60.15s.
-- 75/221 [33.9%], loss=0.1260, dgw=0.1260, reg=0.0000, time=51.52s.
-- 100/221 [45.2%], loss=0.1225, dgw=0.1225, reg=0.0000, time=57.78s.
-- 125/221 [56.6%], loss=0.1248, dgw=0.1248, reg=0.0000, time=64.46s.
-- 150/221 [67.9%], loss=0.1221, dgw=0.1221, reg=0.0000, time=93.58s.
-- 175/221 [79.2%], loss=0.1212, dgw=0.1212, reg=0.0000, time=55.76s.
-- 200/221 [90.5%], loss=0.1236, dgw=0.1236, reg=0.0000, time=65.59s.
-- 221/221 [100.0%], loss=0.1197, dgw=0.1197, reg=0.0000, time=54.65s.
fit: Epoch 8/15, loss = 0.1244, best loss = 0.1244
results/MSRC_9_Jin_Spectral_usl_tsne_fit_8.pdf
-- 25/221 [11.3%], loss=0.1190, dgw=0.1190, reg=0.0000, time=68.07s.
-- 50/221 [22.6%], loss=0.1199, dgw=0.1199, reg=0.0000, time=55.08s.
-- 75/221 [33.9%], loss=0.1192, dgw=0.1192, reg=0.0000, time=80.74s.
-- 100/221 [45.2%], loss=0.1151, dgw=0.1151, reg=0.0000, time=86.20s.
-- 125/221 [56.6%], loss=0.1145, dgw=0.1145, reg=0.0000, time=84.34s.
-- 150/221 [67.9%], loss=0.1141, dgw=0.1141, reg=0.0000, time=63.29s.
-- 175/221 [79.2%], loss=0.1125, dgw=0.1125, reg=0.0000, time=69.94s.
-- 200/221 [90.5%], loss=0.1144, dgw=0.1144, reg=0.0000, time=80.78s.
-- 221/221 [100.0%], loss=0.1153, dgw=0.1153, reg=0.0000, time=74.38s.
fit: Epoch 9/15, loss = 0.1160, best loss = 0.1160
results/MSRC_9_Jin_Spectral_usl_tsne_fit_9.pdf
-- 25/221 [11.3%], loss=0.1125, dgw=0.1125, reg=0.0000, time=43.67s.
-- 50/221 [22.6%], loss=0.1146, dgw=0.1146, reg=0.0000, time=66.91s.
-- 75/221 [33.9%], loss=0.1118, dgw=0.1118, reg=0.0000, time=46.49s.
-- 100/221 [45.2%], loss=0.1071, dgw=0.1071, reg=0.0000, time=47.16s.
-- 125/221 [56.6%], loss=0.1073, dgw=0.1073, reg=0.0000, time=55.00s.
-- 150/221 [67.9%], loss=0.1070, dgw=0.1070, reg=0.0000, time=56.11s.
-- 175/221 [79.2%], loss=0.1082, dgw=0.1082, reg=0.0000, time=39.86s.
-- 200/221 [90.5%], loss=0.1048, dgw=0.1048, reg=0.0000, time=55.84s.
-- 221/221 [100.0%], loss=0.1051, dgw=0.1051, reg=0.0000, time=47.34s.
fit: Epoch 10/15, loss = 0.1088, best loss = 0.1088
results/MSRC_9_Jin_Spectral_usl_tsne_fit_10.pdf
-- 25/221 [11.3%], loss=0.1031, dgw=0.1031, reg=0.0000, time=81.83s.
-- 50/221 [22.6%], loss=0.1036, dgw=0.1036, reg=0.0000, time=67.32s.
-- 75/221 [33.9%], loss=0.1031, dgw=0.1031, reg=0.0000, time=61.57s.
-- 100/221 [45.2%], loss=0.1013, dgw=0.1013, reg=0.0000, time=65.84s.
-- 125/221 [56.6%], loss=0.1020, dgw=0.1020, reg=0.0000, time=38.39s.
-- 150/221 [67.9%], loss=0.1020, dgw=0.1020, reg=0.0000, time=63.13s.
-- 175/221 [79.2%], loss=0.0995, dgw=0.0995, reg=0.0000, time=53.69s.
-- 200/221 [90.5%], loss=0.0999, dgw=0.0999, reg=0.0000, time=70.23s.
-- 221/221 [100.0%], loss=0.0951, dgw=0.0951, reg=0.0000, time=40.59s.
fit: Epoch 11/15, loss = 0.1012, best loss = 0.1012
results/MSRC_9_Jin_Spectral_usl_tsne_fit_11.pdf
-- 25/221 [11.3%], loss=0.0995, dgw=0.0995, reg=0.0000, time=62.58s.
-- 50/221 [22.6%], loss=0.0979, dgw=0.0979, reg=0.0000, time=66.35s.
-- 75/221 [33.9%], loss=0.0964, dgw=0.0964, reg=0.0000, time=64.97s.
-- 100/221 [45.2%], loss=0.0961, dgw=0.0961, reg=0.0000, time=41.78s.
-- 125/221 [56.6%], loss=0.0965, dgw=0.0965, reg=0.0000, time=77.58s.
-- 150/221 [67.9%], loss=0.0977, dgw=0.0977, reg=0.0000, time=78.45s.
-- 175/221 [79.2%], loss=0.0960, dgw=0.0960, reg=0.0000, time=66.54s.
-- 200/221 [90.5%], loss=0.0898, dgw=0.0898, reg=0.0000, time=52.31s.
-- 221/221 [100.0%], loss=0.0953, dgw=0.0953, reg=0.0000, time=48.06s.
fit: Epoch 12/15, loss = 0.0961, best loss = 0.0961
results/MSRC_9_Jin_Spectral_usl_tsne_fit_12.pdf
-- 25/221 [11.3%], loss=0.0894, dgw=0.0894, reg=0.0000, time=75.50s.
-- 50/221 [22.6%], loss=0.0913, dgw=0.0913, reg=0.0000, time=78.76s.
-- 75/221 [33.9%], loss=0.0967, dgw=0.0967, reg=0.0000, time=76.38s.
-- 100/221 [45.2%], loss=0.0885, dgw=0.0885, reg=0.0000, time=69.91s.
-- 125/221 [56.6%], loss=0.0910, dgw=0.0910, reg=0.0000, time=46.58s.
-- 150/221 [67.9%], loss=0.0972, dgw=0.0972, reg=0.0000, time=60.55s.
-- 175/221 [79.2%], loss=0.0900, dgw=0.0900, reg=0.0000, time=70.15s.
-- 200/221 [90.5%], loss=0.0946, dgw=0.0946, reg=0.0000, time=62.02s.
-- 221/221 [100.0%], loss=0.0970, dgw=0.0970, reg=0.0000, time=53.75s.
fit: Epoch 13/15, loss = 0.0928, best loss = 0.0928
results/MSRC_9_Jin_Spectral_usl_tsne_fit_13.pdf
-- 25/221 [11.3%], loss=0.0877, dgw=0.0877, reg=0.0000, time=57.19s.
-- 50/221 [22.6%], loss=0.0887, dgw=0.0887, reg=0.0000, time=65.52s.
-- 75/221 [33.9%], loss=0.0929, dgw=0.0929, reg=0.0000, time=48.31s.
-- 100/221 [45.2%], loss=0.0887, dgw=0.0887, reg=0.0000, time=46.33s.
-- 125/221 [56.6%], loss=0.0883, dgw=0.0883, reg=0.0000, time=57.21s.
-- 150/221 [67.9%], loss=0.0847, dgw=0.0847, reg=0.0000, time=59.72s.
-- 175/221 [79.2%], loss=0.0827, dgw=0.0827, reg=0.0000, time=59.80s.
-- 200/221 [90.5%], loss=0.0916, dgw=0.0916, reg=0.0000, time=51.18s.
-- 221/221 [100.0%], loss=0.0835, dgw=0.0835, reg=0.0000, time=43.21s.
fit: Epoch 14/15, loss = 0.0877, best loss = 0.0877
results/MSRC_9_Jin_Spectral_usl_tsne_fit_14.pdf
-- 25/221 [11.3%], loss=0.0844, dgw=0.0844, reg=0.0000, time=42.92s.
-- 50/221 [22.6%], loss=0.0892, dgw=0.0892, reg=0.0000, time=51.35s.
-- 75/221 [33.9%], loss=0.0818, dgw=0.0818, reg=0.0000, time=46.20s.
-- 100/221 [45.2%], loss=0.0868, dgw=0.0868, reg=0.0000, time=61.78s.
-- 125/221 [56.6%], loss=0.0810, dgw=0.0810, reg=0.0000, time=37.31s.
-- 150/221 [67.9%], loss=0.0849, dgw=0.0849, reg=0.0000, time=46.82s.
-- 175/221 [79.2%], loss=0.0829, dgw=0.0829, reg=0.0000, time=52.75s.
-- 200/221 [90.5%], loss=0.0775, dgw=0.0775, reg=0.0000, time=65.26s.
-- 221/221 [100.0%], loss=0.0778, dgw=0.0778, reg=0.0000, time=45.44s.
fit: Epoch 15/15, loss = 0.0830, best loss = 0.0830
results/MSRC_9_Jin_Spectral_usl_tsne_fit_15.pdf
Rand Score: 0.7753187988482106
Done!
