MORE THAN 2 CLASSES!
-- 25/221 [11.3%], loss=0.2220, dgw=0.2220, reg=0.0000, time=62.15s.
-- 50/221 [22.6%], loss=0.2219, dgw=0.2219, reg=0.0000, time=60.80s.
-- 75/221 [33.9%], loss=0.2187, dgw=0.2187, reg=0.0000, time=63.12s.
-- 100/221 [45.2%], loss=0.2193, dgw=0.2193, reg=0.0000, time=68.42s.
-- 125/221 [56.6%], loss=0.2163, dgw=0.2163, reg=0.0000, time=65.82s.
-- 150/221 [67.9%], loss=0.2152, dgw=0.2152, reg=0.0000, time=57.67s.
-- 175/221 [79.2%], loss=0.2096, dgw=0.2096, reg=0.0000, time=49.68s.
-- 200/221 [90.5%], loss=0.2101, dgw=0.2101, reg=0.0000, time=83.29s.
-- 221/221 [100.0%], loss=0.2112, dgw=0.2112, reg=0.0000, time=56.72s.
fit: Epoch 1/15, loss = 0.2161, best loss = 0.2161
results/MSRC_9_Jin_Spectral_usl_tsne_fit_1.pdf
-- 25/221 [11.3%], loss=0.2056, dgw=0.2056, reg=0.0000, time=54.03s.
-- 50/221 [22.6%], loss=0.2067, dgw=0.2067, reg=0.0000, time=50.81s.
-- 75/221 [33.9%], loss=0.2020, dgw=0.2020, reg=0.0000, time=51.01s.
-- 100/221 [45.2%], loss=0.2008, dgw=0.2008, reg=0.0000, time=67.96s.
-- 125/221 [56.6%], loss=0.2006, dgw=0.2006, reg=0.0000, time=66.44s.
-- 150/221 [67.9%], loss=0.1965, dgw=0.1965, reg=0.0000, time=73.54s.
-- 175/221 [79.2%], loss=0.1954, dgw=0.1954, reg=0.0000, time=62.54s.
-- 200/221 [90.5%], loss=0.1944, dgw=0.1944, reg=0.0000, time=78.98s.
-- 221/221 [100.0%], loss=0.1900, dgw=0.1900, reg=0.0000, time=59.98s.
fit: Epoch 2/15, loss = 0.1993, best loss = 0.1993
results/MSRC_9_Jin_Spectral_usl_tsne_fit_2.pdf
-- 25/221 [11.3%], loss=0.1921, dgw=0.1921, reg=0.0000, time=57.88s.
-- 50/221 [22.6%], loss=0.1884, dgw=0.1884, reg=0.0000, time=67.50s.
-- 75/221 [33.9%], loss=0.1849, dgw=0.1849, reg=0.0000, time=75.74s.
-- 100/221 [45.2%], loss=0.1827, dgw=0.1827, reg=0.0000, time=70.45s.
-- 125/221 [56.6%], loss=0.1822, dgw=0.1822, reg=0.0000, time=60.49s.
-- 150/221 [67.9%], loss=0.1838, dgw=0.1838, reg=0.0000, time=73.64s.
-- 175/221 [79.2%], loss=0.1807, dgw=0.1807, reg=0.0000, time=73.81s.
-- 200/221 [90.5%], loss=0.1807, dgw=0.1807, reg=0.0000, time=60.06s.
-- 221/221 [100.0%], loss=0.1744, dgw=0.1744, reg=0.0000, time=51.74s.
fit: Epoch 3/15, loss = 0.1835, best loss = 0.1835
results/MSRC_9_Jin_Spectral_usl_tsne_fit_3.pdf
-- 25/221 [11.3%], loss=0.1746, dgw=0.1746, reg=0.0000, time=65.83s.
-- 50/221 [22.6%], loss=0.1737, dgw=0.1737, reg=0.0000, time=81.03s.
-- 75/221 [33.9%], loss=0.1720, dgw=0.1720, reg=0.0000, time=62.08s.
-- 100/221 [45.2%], loss=0.1708, dgw=0.1708, reg=0.0000, time=77.93s.
-- 125/221 [56.6%], loss=0.1700, dgw=0.1700, reg=0.0000, time=72.38s.
-- 150/221 [67.9%], loss=0.1688, dgw=0.1688, reg=0.0000, time=74.88s.
-- 175/221 [79.2%], loss=0.1643, dgw=0.1643, reg=0.0000, time=75.65s.
-- 200/221 [90.5%], loss=0.1648, dgw=0.1648, reg=0.0000, time=64.42s.
-- 221/221 [100.0%], loss=0.1607, dgw=0.1607, reg=0.0000, time=85.08s.
fit: Epoch 4/15, loss = 0.1690, best loss = 0.1690
results/MSRC_9_Jin_Spectral_usl_tsne_fit_4.pdf
-- 25/221 [11.3%], loss=0.1607, dgw=0.1607, reg=0.0000, time=92.51s.
-- 50/221 [22.6%], loss=0.1616, dgw=0.1616, reg=0.0000, time=63.59s.
-- 75/221 [33.9%], loss=0.1576, dgw=0.1576, reg=0.0000, time=80.06s.
-- 100/221 [45.2%], loss=0.1563, dgw=0.1563, reg=0.0000, time=69.10s.
-- 125/221 [56.6%], loss=0.1547, dgw=0.1547, reg=0.0000, time=72.77s.
-- 150/221 [67.9%], loss=0.1524, dgw=0.1524, reg=0.0000, time=79.67s.
-- 175/221 [79.2%], loss=0.1556, dgw=0.1556, reg=0.0000, time=96.03s.
-- 200/221 [90.5%], loss=0.1516, dgw=0.1516, reg=0.0000, time=85.13s.
-- 221/221 [100.0%], loss=0.1511, dgw=0.1511, reg=0.0000, time=64.68s.
fit: Epoch 5/15, loss = 0.1558, best loss = 0.1558
results/MSRC_9_Jin_Spectral_usl_tsne_fit_5.pdf
-- 25/221 [11.3%], loss=0.1486, dgw=0.1486, reg=0.0000, time=71.47s.
-- 50/221 [22.6%], loss=0.1492, dgw=0.1492, reg=0.0000, time=71.58s.
-- 75/221 [33.9%], loss=0.1462, dgw=0.1462, reg=0.0000, time=83.73s.
-- 100/221 [45.2%], loss=0.1442, dgw=0.1442, reg=0.0000, time=86.42s.
-- 125/221 [56.6%], loss=0.1452, dgw=0.1452, reg=0.0000, time=72.77s.
-- 150/221 [67.9%], loss=0.1428, dgw=0.1428, reg=0.0000, time=70.06s.
-- 175/221 [79.2%], loss=0.1422, dgw=0.1422, reg=0.0000, time=78.67s.
-- 200/221 [90.5%], loss=0.1374, dgw=0.1374, reg=0.0000, time=83.25s.
-- 221/221 [100.0%], loss=0.1388, dgw=0.1388, reg=0.0000, time=62.90s.
fit: Epoch 6/15, loss = 0.1439, best loss = 0.1439
results/MSRC_9_Jin_Spectral_usl_tsne_fit_6.pdf
-- 25/221 [11.3%], loss=0.1392, dgw=0.1392, reg=0.0000, time=72.14s.
-- 50/221 [22.6%], loss=0.1366, dgw=0.1366, reg=0.0000, time=73.27s.
-- 75/221 [33.9%], loss=0.1344, dgw=0.1344, reg=0.0000, time=47.81s.
-- 100/221 [45.2%], loss=0.1348, dgw=0.1348, reg=0.0000, time=83.36s.
-- 125/221 [56.6%], loss=0.1330, dgw=0.1330, reg=0.0000, time=58.63s.
-- 150/221 [67.9%], loss=0.1333, dgw=0.1333, reg=0.0000, time=86.24s.
-- 175/221 [79.2%], loss=0.1301, dgw=0.1301, reg=0.0000, time=68.86s.
-- 200/221 [90.5%], loss=0.1282, dgw=0.1282, reg=0.0000, time=71.90s.
-- 221/221 [100.0%], loss=0.1285, dgw=0.1285, reg=0.0000, time=33.59s.
fit: Epoch 7/15, loss = 0.1332, best loss = 0.1332
results/MSRC_9_Jin_Spectral_usl_tsne_fit_7.pdf
-- 25/221 [11.3%], loss=0.1286, dgw=0.1286, reg=0.0000, time=35.62s.
-- 50/221 [22.6%], loss=0.1261, dgw=0.1261, reg=0.0000, time=63.30s.
-- 75/221 [33.9%], loss=0.1245, dgw=0.1245, reg=0.0000, time=56.81s.
-- 100/221 [45.2%], loss=0.1260, dgw=0.1260, reg=0.0000, time=66.39s.
-- 125/221 [56.6%], loss=0.1209, dgw=0.1209, reg=0.0000, time=66.21s.
-- 150/221 [67.9%], loss=0.1242, dgw=0.1242, reg=0.0000, time=75.51s.
-- 175/221 [79.2%], loss=0.1202, dgw=0.1202, reg=0.0000, time=67.82s.
-- 200/221 [90.5%], loss=0.1216, dgw=0.1216, reg=0.0000, time=79.04s.
-- 221/221 [100.0%], loss=0.1314, dgw=0.1314, reg=0.0000, time=43.63s.
fit: Epoch 8/15, loss = 0.1247, best loss = 0.1247
results/MSRC_9_Jin_Spectral_usl_tsne_fit_8.pdf
-- 25/221 [11.3%], loss=0.1189, dgw=0.1189, reg=0.0000, time=40.40s.
-- 50/221 [22.6%], loss=0.1183, dgw=0.1183, reg=0.0000, time=83.48s.
-- 75/221 [33.9%], loss=0.1179, dgw=0.1179, reg=0.0000, time=51.44s.
-- 100/221 [45.2%], loss=0.1128, dgw=0.1128, reg=0.0000, time=58.38s.
-- 125/221 [56.6%], loss=0.1132, dgw=0.1132, reg=0.0000, time=71.15s.
-- 150/221 [67.9%], loss=0.1148, dgw=0.1148, reg=0.0000, time=70.44s.
-- 175/221 [79.2%], loss=0.1146, dgw=0.1146, reg=0.0000, time=47.96s.
-- 200/221 [90.5%], loss=0.1135, dgw=0.1135, reg=0.0000, time=62.03s.
-- 221/221 [100.0%], loss=0.1105, dgw=0.1105, reg=0.0000, time=45.55s.
fit: Epoch 9/15, loss = 0.1150, best loss = 0.1150
results/MSRC_9_Jin_Spectral_usl_tsne_fit_9.pdf
-- 25/221 [11.3%], loss=0.1124, dgw=0.1124, reg=0.0000, time=38.96s.
-- 50/221 [22.6%], loss=0.1079, dgw=0.1079, reg=0.0000, time=54.94s.
-- 75/221 [33.9%], loss=0.1076, dgw=0.1076, reg=0.0000, time=57.54s.
-- 100/221 [45.2%], loss=0.1069, dgw=0.1069, reg=0.0000, time=59.84s.
-- 125/221 [56.6%], loss=0.1064, dgw=0.1064, reg=0.0000, time=70.62s.
-- 150/221 [67.9%], loss=0.1068, dgw=0.1068, reg=0.0000, time=66.60s.
-- 175/221 [79.2%], loss=0.1073, dgw=0.1073, reg=0.0000, time=59.79s.
-- 200/221 [90.5%], loss=0.1046, dgw=0.1046, reg=0.0000, time=68.32s.
-- 221/221 [100.0%], loss=0.1055, dgw=0.1055, reg=0.0000, time=67.60s.
fit: Epoch 10/15, loss = 0.1073, best loss = 0.1073
results/MSRC_9_Jin_Spectral_usl_tsne_fit_10.pdf
-- 25/221 [11.3%], loss=0.1010, dgw=0.1010, reg=0.0000, time=49.80s.
-- 50/221 [22.6%], loss=0.1032, dgw=0.1032, reg=0.0000, time=56.62s.
-- 75/221 [33.9%], loss=0.1006, dgw=0.1006, reg=0.0000, time=67.47s.
-- 100/221 [45.2%], loss=0.1014, dgw=0.1014, reg=0.0000, time=50.98s.
-- 125/221 [56.6%], loss=0.1030, dgw=0.1030, reg=0.0000, time=66.30s.
-- 150/221 [67.9%], loss=0.0998, dgw=0.0998, reg=0.0000, time=38.98s.
-- 175/221 [79.2%], loss=0.0964, dgw=0.0964, reg=0.0000, time=72.23s.
-- 200/221 [90.5%], loss=0.1000, dgw=0.1000, reg=0.0000, time=49.20s.
-- 221/221 [100.0%], loss=0.0971, dgw=0.0971, reg=0.0000, time=54.50s.
fit: Epoch 11/15, loss = 0.1004, best loss = 0.1004
results/MSRC_9_Jin_Spectral_usl_tsne_fit_11.pdf
-- 25/221 [11.3%], loss=0.0964, dgw=0.0964, reg=0.0000, time=62.59s.
-- 50/221 [22.6%], loss=0.0958, dgw=0.0958, reg=0.0000, time=59.68s.
-- 75/221 [33.9%], loss=0.0959, dgw=0.0959, reg=0.0000, time=50.64s.
-- 100/221 [45.2%], loss=0.0958, dgw=0.0958, reg=0.0000, time=54.23s.
-- 125/221 [56.6%], loss=0.0930, dgw=0.0930, reg=0.0000, time=63.35s.
-- 150/221 [67.9%], loss=0.0924, dgw=0.0924, reg=0.0000, time=59.00s.
-- 175/221 [79.2%], loss=0.0960, dgw=0.0960, reg=0.0000, time=47.63s.
-- 200/221 [90.5%], loss=0.0980, dgw=0.0980, reg=0.0000, time=68.10s.
-- 221/221 [100.0%], loss=0.0914, dgw=0.0914, reg=0.0000, time=37.92s.
fit: Epoch 12/15, loss = 0.0950, best loss = 0.0950
results/MSRC_9_Jin_Spectral_usl_tsne_fit_12.pdf
-- 25/221 [11.3%], loss=0.0896, dgw=0.0896, reg=0.0000, time=49.20s.
-- 50/221 [22.6%], loss=0.1408, dgw=0.1408, reg=0.0000, time=34.21s.
-- 75/221 [33.9%], loss=0.0976, dgw=0.0976, reg=0.0000, time=61.46s.
-- 100/221 [45.2%], loss=0.0897, dgw=0.0897, reg=0.0000, time=58.11s.
-- 125/221 [56.6%], loss=0.0871, dgw=0.0871, reg=0.0000, time=57.22s.
-- 150/221 [67.9%], loss=0.0905, dgw=0.0905, reg=0.0000, time=67.96s.
-- 175/221 [79.2%], loss=0.0877, dgw=0.0877, reg=0.0000, time=39.01s.
-- 200/221 [90.5%], loss=0.0869, dgw=0.0869, reg=0.0000, time=49.89s.
-- 221/221 [100.0%], loss=0.0868, dgw=0.0868, reg=0.0000, time=46.74s.
fit: Epoch 13/15, loss = 0.0953, best loss = 0.0950
results/MSRC_9_Jin_Spectral_usl_tsne_fit_13.pdf
-- 25/221 [11.3%], loss=0.0819, dgw=0.0819, reg=0.0000, time=43.81s.
-- 50/221 [22.6%], loss=0.0861, dgw=0.0861, reg=0.0000, time=60.78s.
-- 75/221 [33.9%], loss=0.0885, dgw=0.0885, reg=0.0000, time=41.74s.
-- 100/221 [45.2%], loss=0.0838, dgw=0.0838, reg=0.0000, time=45.76s.
-- 125/221 [56.6%], loss=0.0832, dgw=0.0832, reg=0.0000, time=60.27s.
-- 150/221 [67.9%], loss=0.0820, dgw=0.0820, reg=0.0000, time=78.73s.
-- 175/221 [79.2%], loss=0.0842, dgw=0.0842, reg=0.0000, time=56.40s.
-- 200/221 [90.5%], loss=0.0824, dgw=0.0824, reg=0.0000, time=42.40s.
-- 221/221 [100.0%], loss=0.0815, dgw=0.0815, reg=0.0000, time=35.27s.
fit: Epoch 14/15, loss = 0.0838, best loss = 0.0838
results/MSRC_9_Jin_Spectral_usl_tsne_fit_14.pdf
-- 25/221 [11.3%], loss=0.0804, dgw=0.0804, reg=0.0000, time=57.30s.
-- 50/221 [22.6%], loss=0.0818, dgw=0.0818, reg=0.0000, time=55.74s.
-- 75/221 [33.9%], loss=0.0806, dgw=0.0806, reg=0.0000, time=63.42s.
-- 100/221 [45.2%], loss=0.0829, dgw=0.0829, reg=0.0000, time=64.07s.
-- 125/221 [56.6%], loss=0.0850, dgw=0.0850, reg=0.0000, time=61.05s.
-- 150/221 [67.9%], loss=0.0772, dgw=0.0772, reg=0.0000, time=44.09s.
-- 175/221 [79.2%], loss=0.0815, dgw=0.0815, reg=0.0000, time=44.58s.
-- 200/221 [90.5%], loss=0.0761, dgw=0.0761, reg=0.0000, time=64.19s.
-- 221/221 [100.0%], loss=0.0783, dgw=0.0783, reg=0.0000, time=59.67s.
fit: Epoch 15/15, loss = 0.0805, best loss = 0.0805
results/MSRC_9_Jin_Spectral_usl_tsne_fit_15.pdf
Rand Score: 0.7795146030440148
Done!
