-- 25/373 [6.7%], loss=0.2468, dgw=0.2468, reg=0.0000, time=14.42s.
-- 50/373 [13.4%], loss=0.2461, dgw=0.2461, reg=0.0000, time=10.91s.
-- 75/373 [20.1%], loss=0.2439, dgw=0.2439, reg=0.0000, time=13.76s.
-- 100/373 [26.8%], loss=0.2392, dgw=0.2392, reg=0.0000, time=14.62s.
-- 125/373 [33.5%], loss=0.2419, dgw=0.2419, reg=0.0000, time=17.82s.
-- 150/373 [40.2%], loss=0.2365, dgw=0.2365, reg=0.0000, time=20.00s.
-- 175/373 [46.9%], loss=0.2351, dgw=0.2351, reg=0.0000, time=23.56s.
-- 200/373 [53.6%], loss=0.2340, dgw=0.2340, reg=0.0000, time=26.88s.
-- 225/373 [60.3%], loss=0.2333, dgw=0.2333, reg=0.0000, time=27.44s.
-- 250/373 [67.0%], loss=0.2308, dgw=0.2308, reg=0.0000, time=36.84s.
-- 275/373 [73.7%], loss=0.2275, dgw=0.2275, reg=0.0000, time=43.63s.
-- 300/373 [80.4%], loss=0.2259, dgw=0.2259, reg=0.0000, time=40.69s.
-- 325/373 [87.1%], loss=0.2211, dgw=0.2211, reg=0.0000, time=46.48s.
-- 350/373 [93.8%], loss=0.2210, dgw=0.2210, reg=0.0000, time=48.81s.
-- 373/373 [100.0%], loss=0.2208, dgw=0.2208, reg=0.0000, time=41.43s.
fit: Epoch 1/15, loss = 0.2337, best loss = 0.2337
results/tumblr_ct1_Our_Spectral_usl_tsne_fit_1.pdf
-- 25/373 [6.7%], loss=0.2173, dgw=0.2173, reg=0.0000, time=49.31s.
-- 50/373 [13.4%], loss=0.2151, dgw=0.2151, reg=0.0000, time=54.63s.
-- 75/373 [20.1%], loss=0.2111, dgw=0.2111, reg=0.0000, time=45.02s.
-- 100/373 [26.8%], loss=0.2148, dgw=0.2148, reg=0.0000, time=54.37s.
-- 125/373 [33.5%], loss=0.2107, dgw=0.2107, reg=0.0000, time=45.07s.
-- 150/373 [40.2%], loss=0.2093, dgw=0.2093, reg=0.0000, time=42.08s.
-- 175/373 [46.9%], loss=0.2076, dgw=0.2076, reg=0.0000, time=62.15s.
-- 200/373 [53.6%], loss=0.2064, dgw=0.2064, reg=0.0000, time=58.41s.
-- 225/373 [60.3%], loss=0.2037, dgw=0.2037, reg=0.0000, time=50.82s.
-- 250/373 [67.0%], loss=0.2021, dgw=0.2021, reg=0.0000, time=31.42s.
-- 275/373 [73.7%], loss=0.2000, dgw=0.2000, reg=0.0000, time=57.28s.
-- 300/373 [80.4%], loss=0.1983, dgw=0.1983, reg=0.0000, time=52.10s.
-- 325/373 [87.1%], loss=0.1973, dgw=0.1973, reg=0.0000, time=49.91s.
-- 350/373 [93.8%], loss=0.1942, dgw=0.1942, reg=0.0000, time=42.25s.
-- 373/373 [100.0%], loss=0.1928, dgw=0.1928, reg=0.0000, time=46.59s.
fit: Epoch 2/15, loss = 0.2054, best loss = 0.2054
results/tumblr_ct1_Our_Spectral_usl_tsne_fit_2.pdf
-- 25/373 [6.7%], loss=0.1884, dgw=0.1884, reg=0.0000, time=45.91s.
-- 50/373 [13.4%], loss=0.1923, dgw=0.1923, reg=0.0000, time=47.21s.
-- 75/373 [20.1%], loss=0.1868, dgw=0.1868, reg=0.0000, time=42.74s.
-- 100/373 [26.8%], loss=0.1868, dgw=0.1868, reg=0.0000, time=49.53s.
-- 125/373 [33.5%], loss=0.1873, dgw=0.1873, reg=0.0000, time=63.16s.
-- 150/373 [40.2%], loss=0.1827, dgw=0.1827, reg=0.0000, time=67.40s.
-- 175/373 [46.9%], loss=0.1822, dgw=0.1822, reg=0.0000, time=49.15s.
-- 200/373 [53.6%], loss=0.1815, dgw=0.1815, reg=0.0000, time=57.51s.
-- 225/373 [60.3%], loss=0.1784, dgw=0.1784, reg=0.0000, time=49.97s.
-- 250/373 [67.0%], loss=0.1782, dgw=0.1782, reg=0.0000, time=55.79s.
-- 275/373 [73.7%], loss=0.1759, dgw=0.1759, reg=0.0000, time=43.37s.
-- 300/373 [80.4%], loss=0.1750, dgw=0.1750, reg=0.0000, time=48.11s.
-- 325/373 [87.1%], loss=0.1719, dgw=0.1719, reg=0.0000, time=58.66s.
-- 350/373 [93.8%], loss=0.1717, dgw=0.1717, reg=0.0000, time=66.65s.
-- 373/373 [100.0%], loss=0.1684, dgw=0.1684, reg=0.0000, time=43.37s.
fit: Epoch 3/15, loss = 0.1806, best loss = 0.1806
results/tumblr_ct1_Our_Spectral_usl_tsne_fit_3.pdf
-- 25/373 [6.7%], loss=0.1679, dgw=0.1679, reg=0.0000, time=53.58s.
-- 50/373 [13.4%], loss=0.1665, dgw=0.1665, reg=0.0000, time=47.72s.
-- 75/373 [20.1%], loss=0.1652, dgw=0.1652, reg=0.0000, time=48.97s.
-- 100/373 [26.8%], loss=0.1643, dgw=0.1643, reg=0.0000, time=35.32s.
-- 125/373 [33.5%], loss=0.1626, dgw=0.1626, reg=0.0000, time=59.29s.
-- 150/373 [40.2%], loss=0.1623, dgw=0.1623, reg=0.0000, time=40.91s.
-- 175/373 [46.9%], loss=0.1606, dgw=0.1606, reg=0.0000, time=48.54s.
-- 200/373 [53.6%], loss=0.1580, dgw=0.1580, reg=0.0000, time=55.81s.
-- 225/373 [60.3%], loss=0.1578, dgw=0.1578, reg=0.0000, time=43.46s.
-- 250/373 [67.0%], loss=0.1564, dgw=0.1564, reg=0.0000, time=46.86s.
-- 275/373 [73.7%], loss=0.1537, dgw=0.1537, reg=0.0000, time=40.23s.
-- 300/373 [80.4%], loss=0.1555, dgw=0.1555, reg=0.0000, time=38.29s.
-- 325/373 [87.1%], loss=0.1521, dgw=0.1521, reg=0.0000, time=35.10s.
-- 350/373 [93.8%], loss=0.1521, dgw=0.1521, reg=0.0000, time=49.43s.
-- 373/373 [100.0%], loss=0.1504, dgw=0.1504, reg=0.0000, time=32.12s.
fit: Epoch 4/15, loss = 0.1591, best loss = 0.1591
results/tumblr_ct1_Our_Spectral_usl_tsne_fit_4.pdf
-- 25/373 [6.7%], loss=0.1477, dgw=0.1477, reg=0.0000, time=39.79s.
-- 50/373 [13.4%], loss=0.1462, dgw=0.1462, reg=0.0000, time=41.25s.
-- 75/373 [20.1%], loss=0.1463, dgw=0.1463, reg=0.0000, time=39.29s.
-- 100/373 [26.8%], loss=0.1456, dgw=0.1456, reg=0.0000, time=52.49s.
-- 125/373 [33.5%], loss=0.1426, dgw=0.1426, reg=0.0000, time=45.10s.
-- 150/373 [40.2%], loss=0.1436, dgw=0.1436, reg=0.0000, time=43.71s.
-- 175/373 [46.9%], loss=0.1428, dgw=0.1428, reg=0.0000, time=35.69s.
-- 200/373 [53.6%], loss=0.1412, dgw=0.1412, reg=0.0000, time=38.38s.
-- 225/373 [60.3%], loss=0.1411, dgw=0.1411, reg=0.0000, time=37.39s.
-- 250/373 [67.0%], loss=0.1381, dgw=0.1381, reg=0.0000, time=43.30s.
-- 275/373 [73.7%], loss=0.1365, dgw=0.1365, reg=0.0000, time=45.40s.
-- 300/373 [80.4%], loss=0.1356, dgw=0.1356, reg=0.0000, time=45.05s.
-- 325/373 [87.1%], loss=0.1363, dgw=0.1363, reg=0.0000, time=43.29s.
-- 350/373 [93.8%], loss=0.1340, dgw=0.1340, reg=0.0000, time=43.18s.
-- 373/373 [100.0%], loss=0.1333, dgw=0.1333, reg=0.0000, time=28.34s.
fit: Epoch 5/15, loss = 0.1408, best loss = 0.1408
results/tumblr_ct1_Our_Spectral_usl_tsne_fit_5.pdf
-- 25/373 [6.7%], loss=0.1338, dgw=0.1338, reg=0.0000, time=55.54s.
-- 50/373 [13.4%], loss=0.1318, dgw=0.1318, reg=0.0000, time=51.45s.
-- 75/373 [20.1%], loss=0.1300, dgw=0.1300, reg=0.0000, time=43.24s.
-- 100/373 [26.8%], loss=0.1285, dgw=0.1285, reg=0.0000, time=48.08s.
-- 125/373 [33.5%], loss=0.1274, dgw=0.1274, reg=0.0000, time=64.12s.
-- 150/373 [40.2%], loss=0.1273, dgw=0.1273, reg=0.0000, time=40.00s.
-- 175/373 [46.9%], loss=0.1273, dgw=0.1273, reg=0.0000, time=52.69s.
-- 200/373 [53.6%], loss=0.1253, dgw=0.1253, reg=0.0000, time=44.27s.
-- 225/373 [60.3%], loss=0.1242, dgw=0.1242, reg=0.0000, time=35.18s.
-- 250/373 [67.0%], loss=0.1210, dgw=0.1210, reg=0.0000, time=41.68s.
-- 275/373 [73.7%], loss=0.1226, dgw=0.1226, reg=0.0000, time=52.92s.
-- 300/373 [80.4%], loss=0.1204, dgw=0.1204, reg=0.0000, time=64.88s.
-- 325/373 [87.1%], loss=0.1238, dgw=0.1238, reg=0.0000, time=55.69s.
-- 350/373 [93.8%], loss=0.1212, dgw=0.1212, reg=0.0000, time=50.92s.
-- 373/373 [100.0%], loss=0.1215, dgw=0.1215, reg=0.0000, time=54.45s.
fit: Epoch 6/15, loss = 0.1258, best loss = 0.1258
results/tumblr_ct1_Our_Spectral_usl_tsne_fit_6.pdf
-- 25/373 [6.7%], loss=0.1201, dgw=0.1201, reg=0.0000, time=51.51s.
-- 50/373 [13.4%], loss=0.1201, dgw=0.1201, reg=0.0000, time=49.03s.
-- 75/373 [20.1%], loss=0.1186, dgw=0.1186, reg=0.0000, time=60.68s.
-- 100/373 [26.8%], loss=0.1199, dgw=0.1199, reg=0.0000, time=42.05s.
-- 125/373 [33.5%], loss=0.1208, dgw=0.1208, reg=0.0000, time=48.19s.
-- 150/373 [40.2%], loss=0.1140, dgw=0.1140, reg=0.0000, time=47.40s.
-- 175/373 [46.9%], loss=0.1177, dgw=0.1177, reg=0.0000, time=62.72s.
-- 200/373 [53.6%], loss=0.1223, dgw=0.1223, reg=0.0000, time=38.88s.
-- 225/373 [60.3%], loss=0.1234, dgw=0.1234, reg=0.0000, time=51.99s.
-- 250/373 [67.0%], loss=0.1114, dgw=0.1114, reg=0.0000, time=40.29s.
-- 275/373 [73.7%], loss=0.1122, dgw=0.1122, reg=0.0000, time=61.16s.
-- 300/373 [80.4%], loss=0.1107, dgw=0.1107, reg=0.0000, time=49.94s.
-- 325/373 [87.1%], loss=0.1085, dgw=0.1085, reg=0.0000, time=39.47s.
-- 350/373 [93.8%], loss=0.1088, dgw=0.1088, reg=0.0000, time=43.33s.
-- 373/373 [100.0%], loss=0.1114, dgw=0.1114, reg=0.0000, time=45.47s.
fit: Epoch 7/15, loss = 0.1160, best loss = 0.1160
results/tumblr_ct1_Our_Spectral_usl_tsne_fit_7.pdf
-- 25/373 [6.7%], loss=0.1081, dgw=0.1081, reg=0.0000, time=53.68s.
-- 50/373 [13.4%], loss=0.1072, dgw=0.1072, reg=0.0000, time=51.28s.
-- 75/373 [20.1%], loss=0.1063, dgw=0.1063, reg=0.0000, time=40.24s.
-- 100/373 [26.8%], loss=0.1054, dgw=0.1054, reg=0.0000, time=44.94s.
-- 125/373 [33.5%], loss=0.1053, dgw=0.1053, reg=0.0000, time=47.20s.
-- 150/373 [40.2%], loss=0.1043, dgw=0.1043, reg=0.0000, time=46.46s.
-- 175/373 [46.9%], loss=0.1006, dgw=0.1006, reg=0.0000, time=38.54s.
-- 200/373 [53.6%], loss=0.1030, dgw=0.1030, reg=0.0000, time=35.59s.
-- 225/373 [60.3%], loss=0.1036, dgw=0.1036, reg=0.0000, time=42.60s.
-- 250/373 [67.0%], loss=0.1008, dgw=0.1008, reg=0.0000, time=51.08s.
-- 275/373 [73.7%], loss=0.0983, dgw=0.0983, reg=0.0000, time=53.97s.
-- 300/373 [80.4%], loss=0.0995, dgw=0.0995, reg=0.0000, time=52.39s.
-- 325/373 [87.1%], loss=0.1009, dgw=0.1009, reg=0.0000, time=49.66s.
-- 350/373 [93.8%], loss=0.0965, dgw=0.0965, reg=0.0000, time=58.74s.
-- 373/373 [100.0%], loss=0.0973, dgw=0.0973, reg=0.0000, time=43.96s.
fit: Epoch 8/15, loss = 0.1025, best loss = 0.1025
results/tumblr_ct1_Our_Spectral_usl_tsne_fit_8.pdf
-- 25/373 [6.7%], loss=0.0946, dgw=0.0946, reg=0.0000, time=48.60s.
-- 50/373 [13.4%], loss=0.0955, dgw=0.0955, reg=0.0000, time=38.36s.
-- 75/373 [20.1%], loss=0.0962, dgw=0.0962, reg=0.0000, time=46.89s.
-- 100/373 [26.8%], loss=0.0965, dgw=0.0965, reg=0.0000, time=52.29s.
-- 125/373 [33.5%], loss=0.0956, dgw=0.0956, reg=0.0000, time=47.92s.
-- 150/373 [40.2%], loss=0.0932, dgw=0.0932, reg=0.0000, time=53.56s.
-- 175/373 [46.9%], loss=0.0941, dgw=0.0941, reg=0.0000, time=37.74s.
-- 200/373 [53.6%], loss=0.0907, dgw=0.0907, reg=0.0000, time=41.13s.
-- 225/373 [60.3%], loss=0.0917, dgw=0.0917, reg=0.0000, time=57.22s.
-- 250/373 [67.0%], loss=0.0910, dgw=0.0910, reg=0.0000, time=50.90s.
-- 275/373 [73.7%], loss=0.0925, dgw=0.0925, reg=0.0000, time=71.52s.
-- 300/373 [80.4%], loss=0.0892, dgw=0.0892, reg=0.0000, time=54.97s.
-- 325/373 [87.1%], loss=0.0914, dgw=0.0914, reg=0.0000, time=45.62s.
-- 350/373 [93.8%], loss=0.0889, dgw=0.0889, reg=0.0000, time=42.36s.
-- 373/373 [100.0%], loss=0.0902, dgw=0.0902, reg=0.0000, time=49.50s.
fit: Epoch 9/15, loss = 0.0928, best loss = 0.0928
results/tumblr_ct1_Our_Spectral_usl_tsne_fit_9.pdf
-- 25/373 [6.7%], loss=0.0866, dgw=0.0866, reg=0.0000, time=42.44s.
-- 50/373 [13.4%], loss=0.0865, dgw=0.0865, reg=0.0000, time=56.67s.
-- 75/373 [20.1%], loss=0.0876, dgw=0.0876, reg=0.0000, time=59.97s.
-- 100/373 [26.8%], loss=0.0874, dgw=0.0874, reg=0.0000, time=51.70s.
-- 125/373 [33.5%], loss=0.0839, dgw=0.0839, reg=0.0000, time=40.21s.
-- 150/373 [40.2%], loss=0.0843, dgw=0.0843, reg=0.0000, time=43.02s.
-- 175/373 [46.9%], loss=0.0917, dgw=0.0917, reg=0.0000, time=51.02s.
-- 200/373 [53.6%], loss=0.0850, dgw=0.0850, reg=0.0000, time=43.25s.
-- 225/373 [60.3%], loss=0.0844, dgw=0.0844, reg=0.0000, time=38.21s.
-- 250/373 [67.0%], loss=0.0909, dgw=0.0909, reg=0.0000, time=31.89s.
-- 275/373 [73.7%], loss=0.0898, dgw=0.0898, reg=0.0000, time=42.44s.
-- 300/373 [80.4%], loss=0.0835, dgw=0.0835, reg=0.0000, time=34.87s.
-- 325/373 [87.1%], loss=0.0952, dgw=0.0952, reg=0.0000, time=44.35s.
-- 350/373 [93.8%], loss=0.0848, dgw=0.0848, reg=0.0000, time=43.76s.
-- 373/373 [100.0%], loss=0.0807, dgw=0.0807, reg=0.0000, time=34.05s.
fit: Epoch 10/15, loss = 0.0868, best loss = 0.0868
results/tumblr_ct1_Our_Spectral_usl_tsne_fit_10.pdf
-- 25/373 [6.7%], loss=0.0858, dgw=0.0858, reg=0.0000, time=45.17s.
-- 50/373 [13.4%], loss=0.0999, dgw=0.0999, reg=0.0000, time=42.52s.
-- 75/373 [20.1%], loss=0.1026, dgw=0.1026, reg=0.0000, time=36.03s.
-- 100/373 [26.8%], loss=0.1148, dgw=0.1148, reg=0.0000, time=40.87s.
-- 125/373 [33.5%], loss=0.1199, dgw=0.1199, reg=0.0000, time=49.13s.
-- 150/373 [40.2%], loss=0.1103, dgw=0.1103, reg=0.0000, time=49.00s.
-- 175/373 [46.9%], loss=0.1014, dgw=0.1014, reg=0.0000, time=40.15s.
-- 200/373 [53.6%], loss=0.0990, dgw=0.0990, reg=0.0000, time=42.43s.
-- 225/373 [60.3%], loss=0.0976, dgw=0.0976, reg=0.0000, time=41.91s.
-- 250/373 [67.0%], loss=0.1039, dgw=0.1039, reg=0.0000, time=48.19s.
-- 275/373 [73.7%], loss=0.1008, dgw=0.1008, reg=0.0000, time=43.72s.
-- 300/373 [80.4%], loss=0.1400, dgw=0.1400, reg=0.0000, time=34.71s.
-- 325/373 [87.1%], loss=0.1441, dgw=0.1441, reg=0.0000, time=26.23s.
-- 350/373 [93.8%], loss=0.1783, dgw=0.1783, reg=0.0000, time=42.50s.
-- 373/373 [100.0%], loss=0.1910, dgw=0.1910, reg=0.0000, time=44.01s.
fit: Epoch 11/15, loss = 0.1189, best loss = 0.0868
results/tumblr_ct1_Our_Spectral_usl_tsne_fit_11.pdf
-- 25/373 [6.7%], loss=0.2218, dgw=0.2218, reg=0.0000, time=47.56s.
-- 50/373 [13.4%], loss=0.2395, dgw=0.2395, reg=0.0000, time=30.52s.
-- 75/373 [20.1%], loss=0.2527, dgw=0.2527, reg=0.0000, time=31.72s.
-- 100/373 [26.8%], loss=0.2917, dgw=0.2917, reg=0.0000, time=42.76s.
-- 125/373 [33.5%], loss=0.2855, dgw=0.2855, reg=0.0000, time=46.31s.
-- 150/373 [40.2%], loss=0.3166, dgw=0.3166, reg=0.0000, time=35.71s.
-- 175/373 [46.9%], loss=0.2849, dgw=0.2849, reg=0.0000, time=33.24s.
-- 200/373 [53.6%], loss=0.3189, dgw=0.3189, reg=0.0000, time=30.83s.
-- 225/373 [60.3%], loss=0.3277, dgw=0.3277, reg=0.0000, time=42.39s.
-- 250/373 [67.0%], loss=0.3407, dgw=0.3407, reg=0.0000, time=39.94s.
-- 275/373 [73.7%], loss=0.3355, dgw=0.3355, reg=0.0000, time=36.15s.
-- 300/373 [80.4%], loss=0.3186, dgw=0.3186, reg=0.0000, time=32.75s.
-- 325/373 [87.1%], loss=0.3407, dgw=0.3407, reg=0.0000, time=41.46s.
-- 350/373 [93.8%], loss=0.3499, dgw=0.3499, reg=0.0000, time=45.07s.
-- 373/373 [100.0%], loss=0.3673, dgw=0.3673, reg=0.0000, time=34.98s.
fit: Epoch 12/15, loss = 0.3058, best loss = 0.0868
results/tumblr_ct1_Our_Spectral_usl_tsne_fit_12.pdf
-- 25/373 [6.7%], loss=0.3695, dgw=0.3695, reg=0.0000, time=27.85s.
-- 50/373 [13.4%], loss=0.3642, dgw=0.3642, reg=0.0000, time=33.36s.
-- 75/373 [20.1%], loss=0.3597, dgw=0.3597, reg=0.0000, time=39.62s.
-- 100/373 [26.8%], loss=0.3977, dgw=0.3977, reg=0.0000, time=37.52s.
-- 125/373 [33.5%], loss=0.3956, dgw=0.3956, reg=0.0000, time=42.55s.
-- 150/373 [40.2%], loss=0.3914, dgw=0.3914, reg=0.0000, time=33.80s.
-- 175/373 [46.9%], loss=0.3943, dgw=0.3943, reg=0.0000, time=33.59s.
-- 200/373 [53.6%], loss=0.4081, dgw=0.4081, reg=0.0000, time=33.07s.
-- 225/373 [60.3%], loss=0.4038, dgw=0.4038, reg=0.0000, time=25.31s.
-- 250/373 [67.0%], loss=0.3999, dgw=0.3999, reg=0.0000, time=37.17s.
-- 275/373 [73.7%], loss=0.4000, dgw=0.4000, reg=0.0000, time=36.56s.
-- 300/373 [80.4%], loss=0.3854, dgw=0.3854, reg=0.0000, time=33.22s.
-- 325/373 [87.1%], loss=0.3844, dgw=0.3844, reg=0.0000, time=43.68s.
-- 350/373 [93.8%], loss=0.4046, dgw=0.4046, reg=0.0000, time=26.26s.
-- 373/373 [100.0%], loss=0.4220, dgw=0.4220, reg=0.0000, time=30.66s.
fit: Epoch 13/15, loss = 0.3919, best loss = 0.0868
results/tumblr_ct1_Our_Spectral_usl_tsne_fit_13.pdf
-- 25/373 [6.7%], loss=0.3912, dgw=0.3912, reg=0.0000, time=25.82s.
-- 50/373 [13.4%], loss=0.3961, dgw=0.3961, reg=0.0000, time=32.20s.
-- 75/373 [20.1%], loss=0.3756, dgw=0.3756, reg=0.0000, time=41.23s.
-- 100/373 [26.8%], loss=0.3811, dgw=0.3811, reg=0.0000, time=39.38s.
-- 125/373 [33.5%], loss=0.3690, dgw=0.3690, reg=0.0000, time=38.14s.
-- 150/373 [40.2%], loss=0.3764, dgw=0.3764, reg=0.0000, time=48.02s.
-- 175/373 [46.9%], loss=0.3844, dgw=0.3844, reg=0.0000, time=39.64s.
-- 200/373 [53.6%], loss=0.3414, dgw=0.3414, reg=0.0000, time=39.57s.
-- 225/373 [60.3%], loss=0.3627, dgw=0.3627, reg=0.0000, time=40.79s.
-- 250/373 [67.0%], loss=0.3631, dgw=0.3631, reg=0.0000, time=36.52s.
-- 275/373 [73.7%], loss=0.3369, dgw=0.3369, reg=0.0000, time=38.97s.
-- 300/373 [80.4%], loss=0.3572, dgw=0.3572, reg=0.0000, time=40.28s.
-- 325/373 [87.1%], loss=0.3472, dgw=0.3472, reg=0.0000, time=45.62s.
-- 350/373 [93.8%], loss=0.3673, dgw=0.3673, reg=0.0000, time=37.67s.
-- 373/373 [100.0%], loss=0.3448, dgw=0.3448, reg=0.0000, time=29.30s.
fit: Epoch 14/15, loss = 0.3664, best loss = 0.0868
results/tumblr_ct1_Our_Spectral_usl_tsne_fit_14.pdf
-- 25/373 [6.7%], loss=0.3659, dgw=0.3659, reg=0.0000, time=27.94s.
-- 50/373 [13.4%], loss=0.3507, dgw=0.3507, reg=0.0000, time=38.51s.
-- 75/373 [20.1%], loss=0.3651, dgw=0.3651, reg=0.0000, time=33.89s.
-- 100/373 [26.8%], loss=0.3497, dgw=0.3497, reg=0.0000, time=37.86s.
-- 125/373 [33.5%], loss=0.3449, dgw=0.3449, reg=0.0000, time=37.83s.
-- 150/373 [40.2%], loss=0.3401, dgw=0.3401, reg=0.0000, time=38.23s.
-- 175/373 [46.9%], loss=0.3324, dgw=0.3324, reg=0.0000, time=42.91s.
-- 200/373 [53.6%], loss=0.3103, dgw=0.3103, reg=0.0000, time=31.09s.
-- 225/373 [60.3%], loss=0.3370, dgw=0.3370, reg=0.0000, time=38.83s.
-- 250/373 [67.0%], loss=0.3509, dgw=0.3509, reg=0.0000, time=35.97s.
-- 275/373 [73.7%], loss=0.3421, dgw=0.3421, reg=0.0000, time=41.55s.
-- 300/373 [80.4%], loss=0.3671, dgw=0.3671, reg=0.0000, time=40.88s.
-- 325/373 [87.1%], loss=0.3247, dgw=0.3247, reg=0.0000, time=40.79s.
-- 350/373 [93.8%], loss=0.3359, dgw=0.3359, reg=0.0000, time=30.67s.
-- 373/373 [100.0%], loss=0.3307, dgw=0.3307, reg=0.0000, time=25.09s.
fit: Epoch 15/15, loss = 0.3432, best loss = 0.0868
results/tumblr_ct1_Our_Spectral_usl_tsne_fit_15.pdf
Best Acc  : 0.5120643431635389
Rand Score: 0.49894779324858024
Done!
