-- 25/373 [6.7%], loss=0.2444, dgw=0.2444, reg=0.0000, time=53.71s.
-- 50/373 [13.4%], loss=0.2449, dgw=0.2449, reg=0.0000, time=50.61s.
-- 75/373 [20.1%], loss=0.2416, dgw=0.2416, reg=0.0000, time=44.97s.
-- 100/373 [26.8%], loss=0.2407, dgw=0.2407, reg=0.0000, time=50.22s.
-- 125/373 [33.5%], loss=0.2370, dgw=0.2370, reg=0.0000, time=54.81s.
-- 150/373 [40.2%], loss=0.2384, dgw=0.2384, reg=0.0000, time=60.15s.
-- 175/373 [46.9%], loss=0.2331, dgw=0.2331, reg=0.0000, time=55.60s.
-- 200/373 [53.6%], loss=0.2282, dgw=0.2282, reg=0.0000, time=60.49s.
-- 225/373 [60.3%], loss=0.2285, dgw=0.2285, reg=0.0000, time=64.41s.
-- 250/373 [67.0%], loss=0.2286, dgw=0.2286, reg=0.0000, time=58.15s.
-- 275/373 [73.7%], loss=0.2261, dgw=0.2261, reg=0.0000, time=40.12s.
-- 300/373 [80.4%], loss=0.2205, dgw=0.2205, reg=0.0000, time=55.47s.
-- 325/373 [87.1%], loss=0.2210, dgw=0.2210, reg=0.0000, time=64.00s.
-- 350/373 [93.8%], loss=0.2210, dgw=0.2210, reg=0.0000, time=33.68s.
-- 373/373 [100.0%], loss=0.2217, dgw=0.2217, reg=0.0000, time=55.78s.
fit: Epoch 1/15, loss = 0.2318, best loss = 0.2318
results/tumblr_ct1_Our_Spectral_usl_tsne_fit_1.pdf
-- 25/373 [6.7%], loss=0.2171, dgw=0.2171, reg=0.0000, time=63.82s.
-- 50/373 [13.4%], loss=0.2128, dgw=0.2128, reg=0.0000, time=46.99s.
-- 75/373 [20.1%], loss=0.2138, dgw=0.2138, reg=0.0000, time=59.27s.
-- 100/373 [26.8%], loss=0.2096, dgw=0.2096, reg=0.0000, time=65.36s.
-- 125/373 [33.5%], loss=0.2095, dgw=0.2095, reg=0.0000, time=62.74s.
-- 150/373 [40.2%], loss=0.2053, dgw=0.2053, reg=0.0000, time=54.47s.
-- 175/373 [46.9%], loss=0.2050, dgw=0.2050, reg=0.0000, time=58.63s.
-- 200/373 [53.6%], loss=0.2008, dgw=0.2008, reg=0.0000, time=57.01s.
-- 225/373 [60.3%], loss=0.2037, dgw=0.2037, reg=0.0000, time=69.21s.
-- 250/373 [67.0%], loss=0.2008, dgw=0.2008, reg=0.0000, time=62.11s.
-- 275/373 [73.7%], loss=0.1962, dgw=0.1962, reg=0.0000, time=65.74s.
-- 300/373 [80.4%], loss=0.1990, dgw=0.1990, reg=0.0000, time=53.08s.
-- 325/373 [87.1%], loss=0.1933, dgw=0.1933, reg=0.0000, time=47.43s.
-- 350/373 [93.8%], loss=0.1932, dgw=0.1932, reg=0.0000, time=53.99s.
-- 373/373 [100.0%], loss=0.1921, dgw=0.1921, reg=0.0000, time=59.85s.
fit: Epoch 2/15, loss = 0.2035, best loss = 0.2035
results/tumblr_ct1_Our_Spectral_usl_tsne_fit_2.pdf
-- 25/373 [6.7%], loss=0.1900, dgw=0.1900, reg=0.0000, time=72.71s.
-- 50/373 [13.4%], loss=0.1883, dgw=0.1883, reg=0.0000, time=40.78s.
-- 75/373 [20.1%], loss=0.1882, dgw=0.1882, reg=0.0000, time=63.92s.
-- 100/373 [26.8%], loss=0.1838, dgw=0.1838, reg=0.0000, time=58.00s.
-- 125/373 [33.5%], loss=0.1841, dgw=0.1841, reg=0.0000, time=56.26s.
-- 150/373 [40.2%], loss=0.1812, dgw=0.1812, reg=0.0000, time=61.91s.
-- 175/373 [46.9%], loss=0.1813, dgw=0.1813, reg=0.0000, time=59.98s.
-- 200/373 [53.6%], loss=0.1785, dgw=0.1785, reg=0.0000, time=74.90s.
-- 225/373 [60.3%], loss=0.1749, dgw=0.1749, reg=0.0000, time=63.54s.
-- 250/373 [67.0%], loss=0.1766, dgw=0.1766, reg=0.0000, time=57.57s.
-- 275/373 [73.7%], loss=0.1734, dgw=0.1734, reg=0.0000, time=46.66s.
-- 300/373 [80.4%], loss=0.1709, dgw=0.1709, reg=0.0000, time=53.78s.
-- 325/373 [87.1%], loss=0.1723, dgw=0.1723, reg=0.0000, time=41.43s.
-- 350/373 [93.8%], loss=0.1678, dgw=0.1678, reg=0.0000, time=62.45s.
-- 373/373 [100.0%], loss=0.1664, dgw=0.1664, reg=0.0000, time=59.02s.
fit: Epoch 3/15, loss = 0.1786, best loss = 0.1786
results/tumblr_ct1_Our_Spectral_usl_tsne_fit_3.pdf
-- 25/373 [6.7%], loss=0.1660, dgw=0.1660, reg=0.0000, time=71.29s.
-- 50/373 [13.4%], loss=0.1658, dgw=0.1658, reg=0.0000, time=48.54s.
-- 75/373 [20.1%], loss=0.1641, dgw=0.1641, reg=0.0000, time=56.43s.
-- 100/373 [26.8%], loss=0.1615, dgw=0.1615, reg=0.0000, time=50.60s.
-- 125/373 [33.5%], loss=0.1606, dgw=0.1606, reg=0.0000, time=53.09s.
-- 150/373 [40.2%], loss=0.1608, dgw=0.1608, reg=0.0000, time=49.82s.
-- 175/373 [46.9%], loss=0.1577, dgw=0.1577, reg=0.0000, time=63.49s.
-- 200/373 [53.6%], loss=0.1582, dgw=0.1582, reg=0.0000, time=54.58s.
-- 225/373 [60.3%], loss=0.1539, dgw=0.1539, reg=0.0000, time=57.51s.
-- 250/373 [67.0%], loss=0.1541, dgw=0.1541, reg=0.0000, time=34.55s.
-- 275/373 [73.7%], loss=0.1535, dgw=0.1535, reg=0.0000, time=61.88s.
-- 300/373 [80.4%], loss=0.1512, dgw=0.1512, reg=0.0000, time=64.07s.
-- 325/373 [87.1%], loss=0.1494, dgw=0.1494, reg=0.0000, time=50.14s.
-- 350/373 [93.8%], loss=0.1501, dgw=0.1501, reg=0.0000, time=65.05s.
-- 373/373 [100.0%], loss=0.1481, dgw=0.1481, reg=0.0000, time=52.25s.
fit: Epoch 4/15, loss = 0.1570, best loss = 0.1570
results/tumblr_ct1_Our_Spectral_usl_tsne_fit_4.pdf
-- 25/373 [6.7%], loss=0.1510, dgw=0.1510, reg=0.0000, time=52.20s.
-- 50/373 [13.4%], loss=0.1452, dgw=0.1452, reg=0.0000, time=41.47s.
-- 75/373 [20.1%], loss=0.1444, dgw=0.1444, reg=0.0000, time=56.15s.
-- 100/373 [26.8%], loss=0.1431, dgw=0.1431, reg=0.0000, time=53.46s.
-- 125/373 [33.5%], loss=0.1397, dgw=0.1397, reg=0.0000, time=33.93s.
-- 150/373 [40.2%], loss=0.1427, dgw=0.1427, reg=0.0000, time=75.96s.
-- 175/373 [46.9%], loss=0.1397, dgw=0.1397, reg=0.0000, time=61.20s.
-- 200/373 [53.6%], loss=0.1414, dgw=0.1414, reg=0.0000, time=57.78s.
-- 225/373 [60.3%], loss=0.1368, dgw=0.1368, reg=0.0000, time=67.83s.
-- 250/373 [67.0%], loss=0.1372, dgw=0.1372, reg=0.0000, time=59.80s.
-- 275/373 [73.7%], loss=0.1345, dgw=0.1345, reg=0.0000, time=52.16s.
-- 300/373 [80.4%], loss=0.1333, dgw=0.1333, reg=0.0000, time=62.13s.
-- 325/373 [87.1%], loss=0.1328, dgw=0.1328, reg=0.0000, time=49.67s.
-- 350/373 [93.8%], loss=0.1301, dgw=0.1301, reg=0.0000, time=52.75s.
-- 373/373 [100.0%], loss=0.1323, dgw=0.1323, reg=0.0000, time=65.66s.
fit: Epoch 5/15, loss = 0.1390, best loss = 0.1390
results/tumblr_ct1_Our_Spectral_usl_tsne_fit_5.pdf
-- 25/373 [6.7%], loss=0.1295, dgw=0.1295, reg=0.0000, time=64.78s.
-- 50/373 [13.4%], loss=0.1328, dgw=0.1328, reg=0.0000, time=52.09s.
-- 75/373 [20.1%], loss=0.1268, dgw=0.1268, reg=0.0000, time=50.93s.
-- 100/373 [26.8%], loss=0.1264, dgw=0.1264, reg=0.0000, time=51.39s.
-- 125/373 [33.5%], loss=0.1302, dgw=0.1302, reg=0.0000, time=42.49s.
-- 150/373 [40.2%], loss=0.1289, dgw=0.1289, reg=0.0000, time=62.19s.
-- 175/373 [46.9%], loss=0.1348, dgw=0.1348, reg=0.0000, time=58.37s.
-- 200/373 [53.6%], loss=0.1309, dgw=0.1309, reg=0.0000, time=50.64s.
-- 225/373 [60.3%], loss=0.1237, dgw=0.1237, reg=0.0000, time=70.14s.
-- 250/373 [67.0%], loss=0.1432, dgw=0.1432, reg=0.0000, time=61.99s.
-- 275/373 [73.7%], loss=0.1234, dgw=0.1234, reg=0.0000, time=57.96s.
-- 300/373 [80.4%], loss=0.1409, dgw=0.1409, reg=0.0000, time=51.90s.
-- 325/373 [87.1%], loss=0.1336, dgw=0.1336, reg=0.0000, time=52.01s.
-- 350/373 [93.8%], loss=0.1227, dgw=0.1227, reg=0.0000, time=63.06s.
-- 373/373 [100.0%], loss=0.1488, dgw=0.1488, reg=0.0000, time=58.73s.
fit: Epoch 6/15, loss = 0.1317, best loss = 0.1317
results/tumblr_ct1_Our_Spectral_usl_tsne_fit_6.pdf
-- 25/373 [6.7%], loss=0.1270, dgw=0.1270, reg=0.0000, time=40.24s.
-- 50/373 [13.4%], loss=0.1655, dgw=0.1655, reg=0.0000, time=51.87s.
-- 75/373 [20.1%], loss=0.1849, dgw=0.1849, reg=0.0000, time=48.61s.
-- 100/373 [26.8%], loss=0.1656, dgw=0.1656, reg=0.0000, time=58.42s.
-- 125/373 [33.5%], loss=0.2163, dgw=0.2163, reg=0.0000, time=60.51s.
-- 150/373 [40.2%], loss=0.2330, dgw=0.2330, reg=0.0000, time=61.36s.
-- 175/373 [46.9%], loss=0.2742, dgw=0.2742, reg=0.0000, time=49.15s.
-- 200/373 [53.6%], loss=0.3394, dgw=0.3394, reg=0.0000, time=57.36s.
-- 225/373 [60.3%], loss=0.3335, dgw=0.3335, reg=0.0000, time=28.28s.
-- 250/373 [67.0%], loss=0.3886, dgw=0.3886, reg=0.0000, time=35.29s.
-- 275/373 [73.7%], loss=0.3799, dgw=0.3799, reg=0.0000, time=50.68s.
-- 300/373 [80.4%], loss=0.3931, dgw=0.3931, reg=0.0000, time=60.48s.
-- 325/373 [87.1%], loss=0.4153, dgw=0.4153, reg=0.0000, time=54.37s.
-- 350/373 [93.8%], loss=0.4117, dgw=0.4117, reg=0.0000, time=65.16s.
-- 373/373 [100.0%], loss=0.4293, dgw=0.4293, reg=0.0000, time=65.02s.
fit: Epoch 7/15, loss = 0.2965, best loss = 0.1317
results/tumblr_ct1_Our_Spectral_usl_tsne_fit_7.pdf
-- 25/373 [6.7%], loss=0.4171, dgw=0.4171, reg=0.0000, time=42.35s.
-- 50/373 [13.4%], loss=0.4273, dgw=0.4273, reg=0.0000, time=50.17s.
-- 75/373 [20.1%], loss=0.4223, dgw=0.4223, reg=0.0000, time=59.39s.
-- 100/373 [26.8%], loss=0.4254, dgw=0.4254, reg=0.0000, time=64.21s.
-- 125/373 [33.5%], loss=0.4141, dgw=0.4141, reg=0.0000, time=46.84s.
-- 150/373 [40.2%], loss=0.4143, dgw=0.4143, reg=0.0000, time=63.56s.
-- 175/373 [46.9%], loss=0.4311, dgw=0.4311, reg=0.0000, time=57.59s.
-- 200/373 [53.6%], loss=0.4302, dgw=0.4302, reg=0.0000, time=45.17s.
-- 225/373 [60.3%], loss=0.4127, dgw=0.4127, reg=0.0000, time=65.12s.
-- 250/373 [67.0%], loss=0.3970, dgw=0.3970, reg=0.0000, time=47.94s.
-- 275/373 [73.7%], loss=0.4077, dgw=0.4077, reg=0.0000, time=61.99s.
-- 300/373 [80.4%], loss=0.4046, dgw=0.4046, reg=0.0000, time=61.67s.
-- 325/373 [87.1%], loss=0.3788, dgw=0.3788, reg=0.0000, time=61.62s.
-- 350/373 [93.8%], loss=0.3870, dgw=0.3870, reg=0.0000, time=46.58s.
-- 373/373 [100.0%], loss=0.3787, dgw=0.3787, reg=0.0000, time=45.84s.
fit: Epoch 8/15, loss = 0.4101, best loss = 0.1317
results/tumblr_ct1_Our_Spectral_usl_tsne_fit_8.pdf
-- 25/373 [6.7%], loss=0.3968, dgw=0.3968, reg=0.0000, time=37.42s.
-- 50/373 [13.4%], loss=0.3764, dgw=0.3764, reg=0.0000, time=43.30s.
-- 75/373 [20.1%], loss=0.3657, dgw=0.3657, reg=0.0000, time=46.63s.
-- 100/373 [26.8%], loss=0.4166, dgw=0.4166, reg=0.0000, time=34.74s.
-- 125/373 [33.5%], loss=0.4111, dgw=0.4111, reg=0.0000, time=45.34s.
-- 150/373 [40.2%], loss=0.4056, dgw=0.4056, reg=0.0000, time=55.60s.
-- 175/373 [46.9%], loss=0.4075, dgw=0.4075, reg=0.0000, time=50.84s.
-- 200/373 [53.6%], loss=0.4223, dgw=0.4223, reg=0.0000, time=39.68s.
-- 225/373 [60.3%], loss=0.4085, dgw=0.4085, reg=0.0000, time=50.52s.
-- 250/373 [67.0%], loss=0.4153, dgw=0.4153, reg=0.0000, time=48.73s.
-- 275/373 [73.7%], loss=0.4444, dgw=0.4444, reg=0.0000, time=38.74s.
-- 300/373 [80.4%], loss=0.4268, dgw=0.4268, reg=0.0000, time=46.57s.
-- 325/373 [87.1%], loss=0.4436, dgw=0.4436, reg=0.0000, time=47.40s.
-- 350/373 [93.8%], loss=0.4404, dgw=0.4404, reg=0.0000, time=59.18s.
-- 373/373 [100.0%], loss=0.4115, dgw=0.4115, reg=0.0000, time=46.15s.
fit: Epoch 9/15, loss = 0.4129, best loss = 0.1317
results/tumblr_ct1_Our_Spectral_usl_tsne_fit_9.pdf
-- 25/373 [6.7%], loss=0.4563, dgw=0.4563, reg=0.0000, time=45.11s.
-- 50/373 [13.4%], loss=0.4374, dgw=0.4374, reg=0.0000, time=36.14s.
-- 75/373 [20.1%], loss=0.4443, dgw=0.4443, reg=0.0000, time=36.57s.
-- 100/373 [26.8%], loss=0.4981, dgw=0.4981, reg=0.0000, time=43.78s.
-- 125/373 [33.5%], loss=0.4695, dgw=0.4695, reg=0.0000, time=34.36s.
-- 150/373 [40.2%], loss=0.4611, dgw=0.4611, reg=0.0000, time=31.27s.
-- 175/373 [46.9%], loss=0.4385, dgw=0.4385, reg=0.0000, time=33.81s.
-- 200/373 [53.6%], loss=0.4495, dgw=0.4495, reg=0.0000, time=39.89s.
-- 225/373 [60.3%], loss=0.4529, dgw=0.4529, reg=0.0000, time=27.31s.
-- 250/373 [67.0%], loss=0.4893, dgw=0.4893, reg=0.0000, time=42.81s.
-- 275/373 [73.7%], loss=0.4554, dgw=0.4554, reg=0.0000, time=31.77s.
-- 300/373 [80.4%], loss=0.5119, dgw=0.5119, reg=0.0000, time=31.53s.
-- 325/373 [87.1%], loss=0.5160, dgw=0.5160, reg=0.0000, time=42.88s.
-- 350/373 [93.8%], loss=0.5245, dgw=0.5245, reg=0.0000, time=45.63s.
-- 373/373 [100.0%], loss=0.5364, dgw=0.5364, reg=0.0000, time=33.30s.
fit: Epoch 10/15, loss = 0.4758, best loss = 0.1317
results/tumblr_ct1_Our_Spectral_usl_tsne_fit_10.pdf
-- 25/373 [6.7%], loss=0.5265, dgw=0.5265, reg=0.0000, time=26.73s.
-- 50/373 [13.4%], loss=0.5405, dgw=0.5405, reg=0.0000, time=30.68s.
-- 75/373 [20.1%], loss=0.5588, dgw=0.5588, reg=0.0000, time=47.47s.
-- 100/373 [26.8%], loss=0.5182, dgw=0.5182, reg=0.0000, time=34.44s.
-- 125/373 [33.5%], loss=0.5294, dgw=0.5294, reg=0.0000, time=35.92s.
-- 150/373 [40.2%], loss=0.5442, dgw=0.5442, reg=0.0000, time=40.84s.
-- 175/373 [46.9%], loss=0.5712, dgw=0.5712, reg=0.0000, time=36.46s.
-- 200/373 [53.6%], loss=0.5515, dgw=0.5515, reg=0.0000, time=29.97s.
-- 225/373 [60.3%], loss=0.5268, dgw=0.5268, reg=0.0000, time=33.58s.
-- 250/373 [67.0%], loss=0.5906, dgw=0.5906, reg=0.0000, time=32.10s.
-- 275/373 [73.7%], loss=0.5531, dgw=0.5531, reg=0.0000, time=39.40s.
-- 300/373 [80.4%], loss=0.5627, dgw=0.5627, reg=0.0000, time=31.30s.
-- 325/373 [87.1%], loss=0.5677, dgw=0.5677, reg=0.0000, time=37.67s.
-- 350/373 [93.8%], loss=0.5937, dgw=0.5937, reg=0.0000, time=30.27s.
-- 373/373 [100.0%], loss=0.6054, dgw=0.6054, reg=0.0000, time=34.55s.
fit: Epoch 11/15, loss = 0.5558, best loss = 0.1317
results/tumblr_ct1_Our_Spectral_usl_tsne_fit_11.pdf
-- 25/373 [6.7%], loss=0.5732, dgw=0.5732, reg=0.0000, time=25.75s.
-- 50/373 [13.4%], loss=0.5677, dgw=0.5677, reg=0.0000, time=33.15s.
-- 75/373 [20.1%], loss=0.5782, dgw=0.5782, reg=0.0000, time=41.17s.
-- 100/373 [26.8%], loss=0.5542, dgw=0.5542, reg=0.0000, time=41.19s.
-- 125/373 [33.5%], loss=0.5286, dgw=0.5286, reg=0.0000, time=50.07s.
-- 150/373 [40.2%], loss=0.5637, dgw=0.5637, reg=0.0000, time=42.63s.
-- 175/373 [46.9%], loss=0.5621, dgw=0.5621, reg=0.0000, time=39.87s.
-- 200/373 [53.6%], loss=0.5624, dgw=0.5624, reg=0.0000, time=41.59s.
-- 225/373 [60.3%], loss=0.5921, dgw=0.5921, reg=0.0000, time=35.40s.
-- 250/373 [67.0%], loss=0.5797, dgw=0.5797, reg=0.0000, time=37.33s.
-- 275/373 [73.7%], loss=0.5558, dgw=0.5558, reg=0.0000, time=36.74s.
-- 300/373 [80.4%], loss=0.6085, dgw=0.6085, reg=0.0000, time=38.12s.
-- 325/373 [87.1%], loss=0.5858, dgw=0.5858, reg=0.0000, time=46.14s.
-- 350/373 [93.8%], loss=0.6102, dgw=0.6102, reg=0.0000, time=32.24s.
-- 373/373 [100.0%], loss=0.6112, dgw=0.6112, reg=0.0000, time=30.95s.
fit: Epoch 12/15, loss = 0.5754, best loss = 0.1317
results/tumblr_ct1_Our_Spectral_usl_tsne_fit_12.pdf
-- 25/373 [6.7%], loss=0.5751, dgw=0.5751, reg=0.0000, time=32.19s.
-- 50/373 [13.4%], loss=0.6316, dgw=0.6316, reg=0.0000, time=35.56s.
-- 75/373 [20.1%], loss=0.6403, dgw=0.6403, reg=0.0000, time=40.85s.
-- 100/373 [26.8%], loss=0.6387, dgw=0.6387, reg=0.0000, time=40.23s.
-- 125/373 [33.5%], loss=0.6499, dgw=0.6499, reg=0.0000, time=37.97s.
-- 150/373 [40.2%], loss=0.6516, dgw=0.6516, reg=0.0000, time=35.96s.
-- 175/373 [46.9%], loss=0.6705, dgw=0.6705, reg=0.0000, time=42.27s.
-- 200/373 [53.6%], loss=0.6369, dgw=0.6369, reg=0.0000, time=34.94s.
-- 225/373 [60.3%], loss=0.6904, dgw=0.6904, reg=0.0000, time=31.23s.
-- 250/373 [67.0%], loss=0.6633, dgw=0.6633, reg=0.0000, time=39.65s.
-- 275/373 [73.7%], loss=0.6857, dgw=0.6857, reg=0.0000, time=30.28s.
-- 300/373 [80.4%], loss=0.7293, dgw=0.7293, reg=0.0000, time=38.08s.
-- 325/373 [87.1%], loss=0.7040, dgw=0.7040, reg=0.0000, time=36.90s.
-- 350/373 [93.8%], loss=0.6721, dgw=0.6721, reg=0.0000, time=34.44s.
-- 373/373 [100.0%], loss=0.7288, dgw=0.7288, reg=0.0000, time=23.70s.
fit: Epoch 13/15, loss = 0.6642, best loss = 0.1317
results/tumblr_ct1_Our_Spectral_usl_tsne_fit_13.pdf
-- 25/373 [6.7%], loss=0.7166, dgw=0.7166, reg=0.0000, time=39.83s.
-- 50/373 [13.4%], loss=0.7182, dgw=0.7182, reg=0.0000, time=29.60s.
-- 75/373 [20.1%], loss=0.6842, dgw=0.6842, reg=0.0000, time=34.51s.
-- 100/373 [26.8%], loss=0.7446, dgw=0.7446, reg=0.0000, time=43.05s.
-- 125/373 [33.5%], loss=0.7045, dgw=0.7045, reg=0.0000, time=29.63s.
-- 150/373 [40.2%], loss=0.7087, dgw=0.7087, reg=0.0000, time=27.86s.
-- 175/373 [46.9%], loss=0.7024, dgw=0.7024, reg=0.0000, time=30.41s.
-- 200/373 [53.6%], loss=0.7189, dgw=0.7189, reg=0.0000, time=33.77s.
-- 225/373 [60.3%], loss=0.7370, dgw=0.7370, reg=0.0000, time=28.18s.
-- 250/373 [67.0%], loss=0.7069, dgw=0.7069, reg=0.0000, time=37.28s.
-- 275/373 [73.7%], loss=0.6694, dgw=0.6694, reg=0.0000, time=30.65s.
-- 300/373 [80.4%], loss=0.7301, dgw=0.7301, reg=0.0000, time=31.95s.
-- 325/373 [87.1%], loss=0.7250, dgw=0.7250, reg=0.0000, time=32.11s.
-- 350/373 [93.8%], loss=0.7136, dgw=0.7136, reg=0.0000, time=26.07s.
-- 373/373 [100.0%], loss=0.6983, dgw=0.6983, reg=0.0000, time=24.46s.
fit: Epoch 14/15, loss = 0.7120, best loss = 0.1317
results/tumblr_ct1_Our_Spectral_usl_tsne_fit_14.pdf
-- 25/373 [6.7%], loss=0.7169, dgw=0.7169, reg=0.0000, time=34.75s.
-- 50/373 [13.4%], loss=0.6940, dgw=0.6940, reg=0.0000, time=37.22s.
-- 75/373 [20.1%], loss=0.7134, dgw=0.7134, reg=0.0000, time=34.40s.
-- 100/373 [26.8%], loss=0.7394, dgw=0.7394, reg=0.0000, time=26.94s.
-- 125/373 [33.5%], loss=0.6557, dgw=0.6557, reg=0.0000, time=28.94s.
-- 150/373 [40.2%], loss=0.6968, dgw=0.6968, reg=0.0000, time=27.17s.
-- 175/373 [46.9%], loss=0.6811, dgw=0.6811, reg=0.0000, time=32.82s.
-- 200/373 [53.6%], loss=0.6977, dgw=0.6977, reg=0.0000, time=41.09s.
-- 225/373 [60.3%], loss=0.7090, dgw=0.7090, reg=0.0000, time=36.50s.
-- 250/373 [67.0%], loss=0.6796, dgw=0.6796, reg=0.0000, time=39.04s.
-- 275/373 [73.7%], loss=0.7201, dgw=0.7201, reg=0.0000, time=36.46s.
-- 300/373 [80.4%], loss=0.6965, dgw=0.6965, reg=0.0000, time=32.38s.
-- 325/373 [87.1%], loss=0.6971, dgw=0.6971, reg=0.0000, time=26.76s.
-- 350/373 [93.8%], loss=0.7240, dgw=0.7240, reg=0.0000, time=25.23s.
-- 373/373 [100.0%], loss=0.6887, dgw=0.6887, reg=0.0000, time=30.09s.
fit: Epoch 15/15, loss = 0.7007, best loss = 0.1317
results/tumblr_ct1_Our_Spectral_usl_tsne_fit_15.pdf
Best Acc  : 0.5013404825737265
Rand Score: 0.49865951742627346
Done!
