-- 25/373 [6.7%], loss=0.2473, dgw=0.2473, reg=0.0000, time=39.58s.
-- 50/373 [13.4%], loss=0.2442, dgw=0.2442, reg=0.0000, time=46.31s.
-- 75/373 [20.1%], loss=0.2390, dgw=0.2390, reg=0.0000, time=50.05s.
-- 100/373 [26.8%], loss=0.2392, dgw=0.2392, reg=0.0000, time=48.21s.
-- 125/373 [33.5%], loss=0.2396, dgw=0.2396, reg=0.0000, time=50.07s.
-- 150/373 [40.2%], loss=0.2333, dgw=0.2333, reg=0.0000, time=51.97s.
-- 175/373 [46.9%], loss=0.2354, dgw=0.2354, reg=0.0000, time=53.83s.
-- 200/373 [53.6%], loss=0.2310, dgw=0.2310, reg=0.0000, time=67.99s.
-- 225/373 [60.3%], loss=0.2287, dgw=0.2287, reg=0.0000, time=45.32s.
-- 250/373 [67.0%], loss=0.2260, dgw=0.2260, reg=0.0000, time=61.91s.
-- 275/373 [73.7%], loss=0.2240, dgw=0.2240, reg=0.0000, time=67.84s.
-- 300/373 [80.4%], loss=0.2240, dgw=0.2240, reg=0.0000, time=61.28s.
-- 325/373 [87.1%], loss=0.2233, dgw=0.2233, reg=0.0000, time=55.14s.
-- 350/373 [93.8%], loss=0.2187, dgw=0.2187, reg=0.0000, time=82.39s.
-- 373/373 [100.0%], loss=0.2159, dgw=0.2159, reg=0.0000, time=50.92s.
fit: Epoch 1/15, loss = 0.2314, best loss = 0.2314
results/tumblr_ct1_Our_Spectral_usl_tsne_fit_1.pdf
-- 25/373 [6.7%], loss=0.2168, dgw=0.2168, reg=0.0000, time=65.39s.
-- 50/373 [13.4%], loss=0.2121, dgw=0.2121, reg=0.0000, time=62.00s.
-- 75/373 [20.1%], loss=0.2115, dgw=0.2115, reg=0.0000, time=57.73s.
-- 100/373 [26.8%], loss=0.2094, dgw=0.2094, reg=0.0000, time=65.82s.
-- 125/373 [33.5%], loss=0.2076, dgw=0.2076, reg=0.0000, time=67.76s.
-- 150/373 [40.2%], loss=0.2072, dgw=0.2072, reg=0.0000, time=58.16s.
-- 175/373 [46.9%], loss=0.2034, dgw=0.2034, reg=0.0000, time=51.73s.
-- 200/373 [53.6%], loss=0.2041, dgw=0.2041, reg=0.0000, time=55.56s.
-- 225/373 [60.3%], loss=0.1990, dgw=0.1990, reg=0.0000, time=50.08s.
-- 250/373 [67.0%], loss=0.2006, dgw=0.2006, reg=0.0000, time=47.52s.
-- 275/373 [73.7%], loss=0.1977, dgw=0.1977, reg=0.0000, time=57.78s.
-- 300/373 [80.4%], loss=0.1953, dgw=0.1953, reg=0.0000, time=41.23s.
-- 325/373 [87.1%], loss=0.1942, dgw=0.1942, reg=0.0000, time=52.24s.
-- 350/373 [93.8%], loss=0.1918, dgw=0.1918, reg=0.0000, time=38.89s.
-- 373/373 [100.0%], loss=0.1908, dgw=0.1908, reg=0.0000, time=43.02s.
fit: Epoch 2/15, loss = 0.2028, best loss = 0.2028
results/tumblr_ct1_Our_Spectral_usl_tsne_fit_2.pdf
-- 25/373 [6.7%], loss=0.1893, dgw=0.1893, reg=0.0000, time=55.48s.
-- 50/373 [13.4%], loss=0.1898, dgw=0.1898, reg=0.0000, time=58.14s.
-- 75/373 [20.1%], loss=0.1850, dgw=0.1850, reg=0.0000, time=43.86s.
-- 100/373 [26.8%], loss=0.1834, dgw=0.1834, reg=0.0000, time=52.22s.
-- 125/373 [33.5%], loss=0.1819, dgw=0.1819, reg=0.0000, time=49.39s.
-- 150/373 [40.2%], loss=0.1808, dgw=0.1808, reg=0.0000, time=60.37s.
-- 175/373 [46.9%], loss=0.1790, dgw=0.1790, reg=0.0000, time=66.01s.
-- 200/373 [53.6%], loss=0.1787, dgw=0.1787, reg=0.0000, time=54.24s.
-- 225/373 [60.3%], loss=0.1755, dgw=0.1755, reg=0.0000, time=65.99s.
-- 250/373 [67.0%], loss=0.1762, dgw=0.1762, reg=0.0000, time=66.27s.
-- 275/373 [73.7%], loss=0.1727, dgw=0.1727, reg=0.0000, time=71.43s.
-- 300/373 [80.4%], loss=0.1708, dgw=0.1708, reg=0.0000, time=50.52s.
-- 325/373 [87.1%], loss=0.1710, dgw=0.1710, reg=0.0000, time=47.92s.
-- 350/373 [93.8%], loss=0.1656, dgw=0.1656, reg=0.0000, time=37.01s.
-- 373/373 [100.0%], loss=0.1658, dgw=0.1658, reg=0.0000, time=55.46s.
fit: Epoch 3/15, loss = 0.1778, best loss = 0.1778
results/tumblr_ct1_Our_Spectral_usl_tsne_fit_3.pdf
-- 25/373 [6.7%], loss=0.1647, dgw=0.1647, reg=0.0000, time=50.21s.
-- 50/373 [13.4%], loss=0.1626, dgw=0.1626, reg=0.0000, time=52.21s.
-- 75/373 [20.1%], loss=0.1632, dgw=0.1632, reg=0.0000, time=47.21s.
-- 100/373 [26.8%], loss=0.1618, dgw=0.1618, reg=0.0000, time=49.58s.
-- 125/373 [33.5%], loss=0.1625, dgw=0.1625, reg=0.0000, time=40.00s.
-- 150/373 [40.2%], loss=0.1593, dgw=0.1593, reg=0.0000, time=50.80s.
-- 175/373 [46.9%], loss=0.1568, dgw=0.1568, reg=0.0000, time=47.20s.
-- 200/373 [53.6%], loss=0.1561, dgw=0.1561, reg=0.0000, time=54.26s.
-- 225/373 [60.3%], loss=0.1552, dgw=0.1552, reg=0.0000, time=70.35s.
-- 250/373 [67.0%], loss=0.1526, dgw=0.1526, reg=0.0000, time=60.55s.
-- 275/373 [73.7%], loss=0.1526, dgw=0.1526, reg=0.0000, time=53.00s.
-- 300/373 [80.4%], loss=0.1497, dgw=0.1497, reg=0.0000, time=65.46s.
-- 325/373 [87.1%], loss=0.1473, dgw=0.1473, reg=0.0000, time=50.97s.
-- 350/373 [93.8%], loss=0.1491, dgw=0.1491, reg=0.0000, time=48.43s.
-- 373/373 [100.0%], loss=0.1461, dgw=0.1461, reg=0.0000, time=58.51s.
fit: Epoch 4/15, loss = 0.1560, best loss = 0.1560
results/tumblr_ct1_Our_Spectral_usl_tsne_fit_4.pdf
-- 25/373 [6.7%], loss=0.1453, dgw=0.1453, reg=0.0000, time=35.88s.
-- 50/373 [13.4%], loss=0.1427, dgw=0.1427, reg=0.0000, time=69.01s.
-- 75/373 [20.1%], loss=0.1428, dgw=0.1428, reg=0.0000, time=67.86s.
-- 100/373 [26.8%], loss=0.1438, dgw=0.1438, reg=0.0000, time=58.68s.
-- 125/373 [33.5%], loss=0.1414, dgw=0.1414, reg=0.0000, time=58.37s.
-- 150/373 [40.2%], loss=0.1389, dgw=0.1389, reg=0.0000, time=69.50s.
-- 175/373 [46.9%], loss=0.1384, dgw=0.1384, reg=0.0000, time=72.41s.
-- 200/373 [53.6%], loss=0.1363, dgw=0.1363, reg=0.0000, time=62.05s.
-- 225/373 [60.3%], loss=0.1372, dgw=0.1372, reg=0.0000, time=36.18s.
-- 250/373 [67.0%], loss=0.1354, dgw=0.1354, reg=0.0000, time=61.58s.
-- 275/373 [73.7%], loss=0.1348, dgw=0.1348, reg=0.0000, time=75.06s.
-- 300/373 [80.4%], loss=0.1321, dgw=0.1321, reg=0.0000, time=49.32s.
-- 325/373 [87.1%], loss=0.1339, dgw=0.1339, reg=0.0000, time=63.32s.
-- 350/373 [93.8%], loss=0.1304, dgw=0.1304, reg=0.0000, time=48.74s.
-- 373/373 [100.0%], loss=0.1310, dgw=0.1310, reg=0.0000, time=51.02s.
fit: Epoch 5/15, loss = 0.1377, best loss = 0.1377
results/tumblr_ct1_Our_Spectral_usl_tsne_fit_5.pdf
-- 25/373 [6.7%], loss=0.1303, dgw=0.1303, reg=0.0000, time=59.34s.
-- 50/373 [13.4%], loss=0.1280, dgw=0.1280, reg=0.0000, time=68.09s.
-- 75/373 [20.1%], loss=0.1267, dgw=0.1267, reg=0.0000, time=82.34s.
-- 100/373 [26.8%], loss=0.1261, dgw=0.1261, reg=0.0000, time=73.64s.
-- 125/373 [33.5%], loss=0.1247, dgw=0.1247, reg=0.0000, time=70.61s.
-- 150/373 [40.2%], loss=0.1256, dgw=0.1256, reg=0.0000, time=56.77s.
-- 175/373 [46.9%], loss=0.1215, dgw=0.1215, reg=0.0000, time=56.88s.
-- 200/373 [53.6%], loss=0.1300, dgw=0.1300, reg=0.0000, time=62.18s.
-- 225/373 [60.3%], loss=0.1213, dgw=0.1213, reg=0.0000, time=32.24s.
-- 250/373 [67.0%], loss=0.1214, dgw=0.1214, reg=0.0000, time=60.24s.
-- 275/373 [73.7%], loss=0.1174, dgw=0.1174, reg=0.0000, time=62.62s.
-- 300/373 [80.4%], loss=0.1243, dgw=0.1243, reg=0.0000, time=72.30s.
-- 325/373 [87.1%], loss=0.1190, dgw=0.1190, reg=0.0000, time=47.95s.
-- 350/373 [93.8%], loss=0.1218, dgw=0.1218, reg=0.0000, time=59.85s.
-- 373/373 [100.0%], loss=0.1207, dgw=0.1207, reg=0.0000, time=47.00s.
fit: Epoch 6/15, loss = 0.1239, best loss = 0.1239
results/tumblr_ct1_Our_Spectral_usl_tsne_fit_6.pdf
-- 25/373 [6.7%], loss=0.1132, dgw=0.1132, reg=0.0000, time=64.56s.
-- 50/373 [13.4%], loss=0.1165, dgw=0.1165, reg=0.0000, time=67.21s.
-- 75/373 [20.1%], loss=0.1204, dgw=0.1204, reg=0.0000, time=56.41s.
-- 100/373 [26.8%], loss=0.1162, dgw=0.1162, reg=0.0000, time=53.67s.
-- 125/373 [33.5%], loss=0.1144, dgw=0.1144, reg=0.0000, time=61.88s.
-- 150/373 [40.2%], loss=0.1115, dgw=0.1115, reg=0.0000, time=60.41s.
-- 175/373 [46.9%], loss=0.1122, dgw=0.1122, reg=0.0000, time=52.26s.
-- 200/373 [53.6%], loss=0.1121, dgw=0.1121, reg=0.0000, time=54.10s.
-- 225/373 [60.3%], loss=0.1091, dgw=0.1091, reg=0.0000, time=68.49s.
-- 250/373 [67.0%], loss=0.1101, dgw=0.1101, reg=0.0000, time=50.73s.
-- 275/373 [73.7%], loss=0.1096, dgw=0.1096, reg=0.0000, time=62.25s.
-- 300/373 [80.4%], loss=0.1085, dgw=0.1085, reg=0.0000, time=66.75s.
-- 325/373 [87.1%], loss=0.1038, dgw=0.1038, reg=0.0000, time=67.76s.
-- 350/373 [93.8%], loss=0.1056, dgw=0.1056, reg=0.0000, time=45.25s.
-- 373/373 [100.0%], loss=0.1045, dgw=0.1045, reg=0.0000, time=50.91s.
fit: Epoch 7/15, loss = 0.1112, best loss = 0.1112
results/tumblr_ct1_Our_Spectral_usl_tsne_fit_7.pdf
-- 25/373 [6.7%], loss=0.1049, dgw=0.1049, reg=0.0000, time=71.23s.
-- 50/373 [13.4%], loss=0.1045, dgw=0.1045, reg=0.0000, time=62.07s.
-- 75/373 [20.1%], loss=0.1022, dgw=0.1022, reg=0.0000, time=48.45s.
-- 100/373 [26.8%], loss=0.0999, dgw=0.0999, reg=0.0000, time=56.76s.
-- 125/373 [33.5%], loss=0.0996, dgw=0.0996, reg=0.0000, time=74.04s.
-- 150/373 [40.2%], loss=0.1014, dgw=0.1014, reg=0.0000, time=79.79s.
-- 175/373 [46.9%], loss=0.0978, dgw=0.0978, reg=0.0000, time=77.87s.
-- 200/373 [53.6%], loss=0.1024, dgw=0.1024, reg=0.0000, time=55.46s.
-- 225/373 [60.3%], loss=0.0987, dgw=0.0987, reg=0.0000, time=41.46s.
-- 250/373 [67.0%], loss=0.0996, dgw=0.0996, reg=0.0000, time=48.37s.
-- 275/373 [73.7%], loss=0.0976, dgw=0.0976, reg=0.0000, time=69.58s.
-- 300/373 [80.4%], loss=0.1046, dgw=0.1046, reg=0.0000, time=50.98s.
-- 325/373 [87.1%], loss=0.0990, dgw=0.0990, reg=0.0000, time=42.70s.
-- 350/373 [93.8%], loss=0.0943, dgw=0.0943, reg=0.0000, time=49.29s.
-- 373/373 [100.0%], loss=0.1055, dgw=0.1055, reg=0.0000, time=55.31s.
fit: Epoch 8/15, loss = 0.1008, best loss = 0.1008
results/tumblr_ct1_Our_Spectral_usl_tsne_fit_8.pdf
-- 25/373 [6.7%], loss=0.0984, dgw=0.0984, reg=0.0000, time=44.55s.
-- 50/373 [13.4%], loss=0.0934, dgw=0.0934, reg=0.0000, time=58.61s.
-- 75/373 [20.1%], loss=0.0997, dgw=0.0997, reg=0.0000, time=44.92s.
-- 100/373 [26.8%], loss=0.0948, dgw=0.0948, reg=0.0000, time=55.24s.
-- 125/373 [33.5%], loss=0.0972, dgw=0.0972, reg=0.0000, time=50.57s.
-- 150/373 [40.2%], loss=0.0983, dgw=0.0983, reg=0.0000, time=38.64s.
-- 175/373 [46.9%], loss=0.0961, dgw=0.0961, reg=0.0000, time=43.32s.
-- 200/373 [53.6%], loss=0.1000, dgw=0.1000, reg=0.0000, time=65.22s.
-- 225/373 [60.3%], loss=0.0899, dgw=0.0899, reg=0.0000, time=43.30s.
-- 250/373 [67.0%], loss=0.1067, dgw=0.1067, reg=0.0000, time=69.22s.
-- 275/373 [73.7%], loss=0.0990, dgw=0.0990, reg=0.0000, time=41.81s.
-- 300/373 [80.4%], loss=0.0935, dgw=0.0935, reg=0.0000, time=31.76s.
-- 325/373 [87.1%], loss=0.0934, dgw=0.0934, reg=0.0000, time=48.92s.
-- 350/373 [93.8%], loss=0.0950, dgw=0.0950, reg=0.0000, time=51.91s.
-- 373/373 [100.0%], loss=0.0977, dgw=0.0977, reg=0.0000, time=54.77s.
fit: Epoch 9/15, loss = 0.0969, best loss = 0.0969
results/tumblr_ct1_Our_Spectral_usl_tsne_fit_9.pdf
-- 25/373 [6.7%], loss=0.0969, dgw=0.0969, reg=0.0000, time=55.38s.
-- 50/373 [13.4%], loss=0.0951, dgw=0.0951, reg=0.0000, time=44.46s.
-- 75/373 [20.1%], loss=0.0877, dgw=0.0877, reg=0.0000, time=38.46s.
-- 100/373 [26.8%], loss=0.0833, dgw=0.0833, reg=0.0000, time=57.80s.
-- 125/373 [33.5%], loss=0.0916, dgw=0.0916, reg=0.0000, time=43.11s.
-- 150/373 [40.2%], loss=0.0915, dgw=0.0915, reg=0.0000, time=34.81s.
-- 175/373 [46.9%], loss=0.0929, dgw=0.0929, reg=0.0000, time=43.58s.
-- 200/373 [53.6%], loss=0.0859, dgw=0.0859, reg=0.0000, time=47.04s.
-- 225/373 [60.3%], loss=0.0878, dgw=0.0878, reg=0.0000, time=51.88s.
-- 250/373 [67.0%], loss=0.0921, dgw=0.0921, reg=0.0000, time=46.29s.
-- 275/373 [73.7%], loss=0.0956, dgw=0.0956, reg=0.0000, time=28.28s.
-- 300/373 [80.4%], loss=0.0800, dgw=0.0800, reg=0.0000, time=44.49s.
-- 325/373 [87.1%], loss=0.0870, dgw=0.0870, reg=0.0000, time=41.64s.
-- 350/373 [93.8%], loss=0.0853, dgw=0.0853, reg=0.0000, time=42.91s.
-- 373/373 [100.0%], loss=0.0830, dgw=0.0830, reg=0.0000, time=43.35s.
fit: Epoch 10/15, loss = 0.0891, best loss = 0.0891
results/tumblr_ct1_Our_Spectral_usl_tsne_fit_10.pdf
-- 25/373 [6.7%], loss=0.0807, dgw=0.0807, reg=0.0000, time=49.33s.
-- 50/373 [13.4%], loss=0.0883, dgw=0.0883, reg=0.0000, time=40.44s.
-- 75/373 [20.1%], loss=0.0820, dgw=0.0820, reg=0.0000, time=56.95s.
-- 100/373 [26.8%], loss=0.0838, dgw=0.0838, reg=0.0000, time=54.88s.
-- 125/373 [33.5%], loss=0.0896, dgw=0.0896, reg=0.0000, time=35.95s.
-- 150/373 [40.2%], loss=0.0811, dgw=0.0811, reg=0.0000, time=46.41s.
-- 175/373 [46.9%], loss=0.0871, dgw=0.0871, reg=0.0000, time=44.02s.
-- 200/373 [53.6%], loss=0.0818, dgw=0.0818, reg=0.0000, time=40.06s.
-- 225/373 [60.3%], loss=0.0762, dgw=0.0762, reg=0.0000, time=52.04s.
-- 250/373 [67.0%], loss=0.0828, dgw=0.0828, reg=0.0000, time=42.18s.
-- 275/373 [73.7%], loss=0.0855, dgw=0.0855, reg=0.0000, time=34.91s.
-- 300/373 [80.4%], loss=0.0794, dgw=0.0794, reg=0.0000, time=41.73s.
-- 325/373 [87.1%], loss=0.0760, dgw=0.0760, reg=0.0000, time=44.05s.
-- 350/373 [93.8%], loss=0.0886, dgw=0.0886, reg=0.0000, time=53.36s.
-- 373/373 [100.0%], loss=0.0932, dgw=0.0932, reg=0.0000, time=45.82s.
fit: Epoch 11/15, loss = 0.0837, best loss = 0.0837
results/tumblr_ct1_Our_Spectral_usl_tsne_fit_11.pdf
-- 25/373 [6.7%], loss=0.0810, dgw=0.0810, reg=0.0000, time=44.22s.
-- 50/373 [13.4%], loss=0.0758, dgw=0.0758, reg=0.0000, time=39.67s.
-- 75/373 [20.1%], loss=0.0861, dgw=0.0861, reg=0.0000, time=48.86s.
-- 100/373 [26.8%], loss=0.0825, dgw=0.0825, reg=0.0000, time=44.75s.
-- 125/373 [33.5%], loss=0.0882, dgw=0.0882, reg=0.0000, time=43.89s.
-- 150/373 [40.2%], loss=0.0801, dgw=0.0801, reg=0.0000, time=50.00s.
-- 175/373 [46.9%], loss=0.0839, dgw=0.0839, reg=0.0000, time=40.26s.
-- 200/373 [53.6%], loss=0.0876, dgw=0.0876, reg=0.0000, time=45.92s.
-- 225/373 [60.3%], loss=0.0781, dgw=0.0781, reg=0.0000, time=46.75s.
-- 250/373 [67.0%], loss=0.0833, dgw=0.0833, reg=0.0000, time=43.24s.
-- 275/373 [73.7%], loss=0.0787, dgw=0.0787, reg=0.0000, time=36.81s.
-- 300/373 [80.4%], loss=0.0769, dgw=0.0769, reg=0.0000, time=42.15s.
-- 325/373 [87.1%], loss=0.0771, dgw=0.0771, reg=0.0000, time=55.85s.
-- 350/373 [93.8%], loss=0.0862, dgw=0.0862, reg=0.0000, time=61.73s.
-- 373/373 [100.0%], loss=0.0771, dgw=0.0771, reg=0.0000, time=52.42s.
fit: Epoch 12/15, loss = 0.0815, best loss = 0.0815
results/tumblr_ct1_Our_Spectral_usl_tsne_fit_12.pdf
-- 25/373 [6.7%], loss=0.0887, dgw=0.0887, reg=0.0000, time=41.67s.
-- 50/373 [13.4%], loss=0.0779, dgw=0.0779, reg=0.0000, time=41.74s.
-- 75/373 [20.1%], loss=0.0919, dgw=0.0919, reg=0.0000, time=25.36s.
-- 100/373 [26.8%], loss=0.0786, dgw=0.0786, reg=0.0000, time=36.22s.
-- 125/373 [33.5%], loss=0.0690, dgw=0.0690, reg=0.0000, time=46.36s.
-- 150/373 [40.2%], loss=0.0747, dgw=0.0747, reg=0.0000, time=38.19s.
-- 175/373 [46.9%], loss=0.0872, dgw=0.0872, reg=0.0000, time=48.47s.
-- 200/373 [53.6%], loss=0.0763, dgw=0.0763, reg=0.0000, time=41.89s.
-- 225/373 [60.3%], loss=0.0705, dgw=0.0705, reg=0.0000, time=41.16s.
-- 250/373 [67.0%], loss=0.0752, dgw=0.0752, reg=0.0000, time=36.65s.
-- 275/373 [73.7%], loss=0.0786, dgw=0.0786, reg=0.0000, time=48.99s.
-- 300/373 [80.4%], loss=0.0752, dgw=0.0752, reg=0.0000, time=48.15s.
-- 325/373 [87.1%], loss=0.0679, dgw=0.0679, reg=0.0000, time=47.78s.
-- 350/373 [93.8%], loss=0.0754, dgw=0.0754, reg=0.0000, time=50.93s.
-- 373/373 [100.0%], loss=0.0724, dgw=0.0724, reg=0.0000, time=38.83s.
fit: Epoch 13/15, loss = 0.0773, best loss = 0.0773
results/tumblr_ct1_Our_Spectral_usl_tsne_fit_13.pdf
-- 25/373 [6.7%], loss=0.0692, dgw=0.0692, reg=0.0000, time=29.24s.
-- 50/373 [13.4%], loss=0.0702, dgw=0.0702, reg=0.0000, time=46.56s.
-- 75/373 [20.1%], loss=0.0698, dgw=0.0698, reg=0.0000, time=40.78s.
-- 100/373 [26.8%], loss=0.0735, dgw=0.0735, reg=0.0000, time=42.85s.
-- 125/373 [33.5%], loss=0.0757, dgw=0.0757, reg=0.0000, time=48.19s.
-- 150/373 [40.2%], loss=0.0719, dgw=0.0719, reg=0.0000, time=43.76s.
-- 175/373 [46.9%], loss=0.0754, dgw=0.0754, reg=0.0000, time=40.80s.
-- 200/373 [53.6%], loss=0.0687, dgw=0.0687, reg=0.0000, time=64.19s.
-- 225/373 [60.3%], loss=0.0748, dgw=0.0748, reg=0.0000, time=38.97s.
-- 250/373 [67.0%], loss=0.0651, dgw=0.0651, reg=0.0000, time=46.05s.
-- 275/373 [73.7%], loss=0.0707, dgw=0.0707, reg=0.0000, time=45.91s.
-- 300/373 [80.4%], loss=0.0763, dgw=0.0763, reg=0.0000, time=39.62s.
-- 325/373 [87.1%], loss=0.0665, dgw=0.0665, reg=0.0000, time=38.29s.
-- 350/373 [93.8%], loss=0.0717, dgw=0.0717, reg=0.0000, time=34.79s.
-- 373/373 [100.0%], loss=0.0708, dgw=0.0708, reg=0.0000, time=37.11s.
fit: Epoch 14/15, loss = 0.0714, best loss = 0.0714
results/tumblr_ct1_Our_Spectral_usl_tsne_fit_14.pdf
-- 25/373 [6.7%], loss=0.0689, dgw=0.0689, reg=0.0000, time=41.23s.
-- 50/373 [13.4%], loss=0.0601, dgw=0.0601, reg=0.0000, time=41.21s.
-- 75/373 [20.1%], loss=0.0733, dgw=0.0733, reg=0.0000, time=43.67s.
-- 100/373 [26.8%], loss=0.0702, dgw=0.0702, reg=0.0000, time=37.66s.
-- 125/373 [33.5%], loss=0.0639, dgw=0.0639, reg=0.0000, time=35.48s.
-- 150/373 [40.2%], loss=0.0620, dgw=0.0620, reg=0.0000, time=37.66s.
-- 175/373 [46.9%], loss=0.0635, dgw=0.0635, reg=0.0000, time=33.80s.
-- 200/373 [53.6%], loss=0.0655, dgw=0.0655, reg=0.0000, time=40.39s.
-- 225/373 [60.3%], loss=0.0659, dgw=0.0659, reg=0.0000, time=35.22s.
-- 250/373 [67.0%], loss=0.0635, dgw=0.0635, reg=0.0000, time=29.28s.
-- 275/373 [73.7%], loss=0.0697, dgw=0.0697, reg=0.0000, time=37.58s.
-- 300/373 [80.4%], loss=0.0693, dgw=0.0693, reg=0.0000, time=24.68s.
-- 325/373 [87.1%], loss=0.0582, dgw=0.0582, reg=0.0000, time=35.71s.
-- 350/373 [93.8%], loss=0.0608, dgw=0.0608, reg=0.0000, time=40.47s.
-- 373/373 [100.0%], loss=0.0646, dgw=0.0646, reg=0.0000, time=30.73s.
fit: Epoch 15/15, loss = 0.0653, best loss = 0.0653
results/tumblr_ct1_Our_Spectral_usl_tsne_fit_15.pdf
Best Acc  : 0.5093833780160858
Rand Score: 0.49883248291965754
Done!
