-- 25/373 [6.7%], loss=0.2491, dgw=0.2491, reg=0.0000, time=54.16s.
-- 50/373 [13.4%], loss=0.2440, dgw=0.2440, reg=0.0000, time=63.87s.
-- 75/373 [20.1%], loss=0.2411, dgw=0.2411, reg=0.0000, time=53.19s.
-- 100/373 [26.8%], loss=0.2391, dgw=0.2391, reg=0.0000, time=50.41s.
-- 125/373 [33.5%], loss=0.2369, dgw=0.2369, reg=0.0000, time=66.84s.
-- 150/373 [40.2%], loss=0.2337, dgw=0.2337, reg=0.0000, time=70.26s.
-- 175/373 [46.9%], loss=0.2333, dgw=0.2333, reg=0.0000, time=73.57s.
-- 200/373 [53.6%], loss=0.2303, dgw=0.2303, reg=0.0000, time=82.25s.
-- 225/373 [60.3%], loss=0.2311, dgw=0.2311, reg=0.0000, time=67.34s.
-- 250/373 [67.0%], loss=0.2300, dgw=0.2300, reg=0.0000, time=72.36s.
-- 275/373 [73.7%], loss=0.2254, dgw=0.2254, reg=0.0000, time=47.08s.
-- 300/373 [80.4%], loss=0.2238, dgw=0.2238, reg=0.0000, time=51.47s.
-- 325/373 [87.1%], loss=0.2206, dgw=0.2206, reg=0.0000, time=52.41s.
-- 350/373 [93.8%], loss=0.2178, dgw=0.2178, reg=0.0000, time=75.95s.
-- 373/373 [100.0%], loss=0.2175, dgw=0.2175, reg=0.0000, time=69.43s.
fit: Epoch 1/15, loss = 0.2317, best loss = 0.2317
results/tumblr_ct1_Our_Spectral_usl_tsne_fit_1.pdf
-- 25/373 [6.7%], loss=0.2178, dgw=0.2178, reg=0.0000, time=67.52s.
-- 50/373 [13.4%], loss=0.2152, dgw=0.2152, reg=0.0000, time=68.90s.
-- 75/373 [20.1%], loss=0.2100, dgw=0.2100, reg=0.0000, time=61.58s.
-- 100/373 [26.8%], loss=0.2115, dgw=0.2115, reg=0.0000, time=65.81s.
-- 125/373 [33.5%], loss=0.2091, dgw=0.2091, reg=0.0000, time=58.00s.
-- 150/373 [40.2%], loss=0.2069, dgw=0.2069, reg=0.0000, time=70.40s.
-- 175/373 [46.9%], loss=0.2041, dgw=0.2041, reg=0.0000, time=68.83s.
-- 200/373 [53.6%], loss=0.2004, dgw=0.2004, reg=0.0000, time=70.74s.
-- 225/373 [60.3%], loss=0.2000, dgw=0.2000, reg=0.0000, time=61.57s.
-- 250/373 [67.0%], loss=0.2004, dgw=0.2004, reg=0.0000, time=60.45s.
-- 275/373 [73.7%], loss=0.1989, dgw=0.1989, reg=0.0000, time=66.54s.
-- 300/373 [80.4%], loss=0.1957, dgw=0.1957, reg=0.0000, time=76.26s.
-- 325/373 [87.1%], loss=0.1941, dgw=0.1941, reg=0.0000, time=53.82s.
-- 350/373 [93.8%], loss=0.1900, dgw=0.1900, reg=0.0000, time=61.17s.
-- 373/373 [100.0%], loss=0.1940, dgw=0.1940, reg=0.0000, time=73.60s.
fit: Epoch 2/15, loss = 0.2032, best loss = 0.2032
results/tumblr_ct1_Our_Spectral_usl_tsne_fit_2.pdf
-- 25/373 [6.7%], loss=0.1900, dgw=0.1900, reg=0.0000, time=48.49s.
-- 50/373 [13.4%], loss=0.1878, dgw=0.1878, reg=0.0000, time=68.14s.
-- 75/373 [20.1%], loss=0.1851, dgw=0.1851, reg=0.0000, time=66.64s.
-- 100/373 [26.8%], loss=0.1843, dgw=0.1843, reg=0.0000, time=71.19s.
-- 125/373 [33.5%], loss=0.1819, dgw=0.1819, reg=0.0000, time=68.25s.
-- 150/373 [40.2%], loss=0.1818, dgw=0.1818, reg=0.0000, time=85.63s.
-- 175/373 [46.9%], loss=0.1787, dgw=0.1787, reg=0.0000, time=69.36s.
-- 200/373 [53.6%], loss=0.1764, dgw=0.1764, reg=0.0000, time=78.19s.
-- 225/373 [60.3%], loss=0.1742, dgw=0.1742, reg=0.0000, time=83.10s.
-- 250/373 [67.0%], loss=0.1747, dgw=0.1747, reg=0.0000, time=67.67s.
-- 275/373 [73.7%], loss=0.1733, dgw=0.1733, reg=0.0000, time=63.97s.
-- 300/373 [80.4%], loss=0.1734, dgw=0.1734, reg=0.0000, time=70.01s.
-- 325/373 [87.1%], loss=0.1715, dgw=0.1715, reg=0.0000, time=76.33s.
-- 350/373 [93.8%], loss=0.1696, dgw=0.1696, reg=0.0000, time=90.25s.
-- 373/373 [100.0%], loss=0.1686, dgw=0.1686, reg=0.0000, time=87.90s.
fit: Epoch 3/15, loss = 0.1781, best loss = 0.1781
results/tumblr_ct1_Our_Spectral_usl_tsne_fit_3.pdf
-- 25/373 [6.7%], loss=0.1670, dgw=0.1670, reg=0.0000, time=67.27s.
-- 50/373 [13.4%], loss=0.1651, dgw=0.1651, reg=0.0000, time=71.20s.
-- 75/373 [20.1%], loss=0.1631, dgw=0.1631, reg=0.0000, time=59.26s.
-- 100/373 [26.8%], loss=0.1604, dgw=0.1604, reg=0.0000, time=72.95s.
-- 125/373 [33.5%], loss=0.1600, dgw=0.1600, reg=0.0000, time=79.43s.
-- 150/373 [40.2%], loss=0.1604, dgw=0.1604, reg=0.0000, time=83.13s.
-- 175/373 [46.9%], loss=0.1576, dgw=0.1576, reg=0.0000, time=71.67s.
-- 200/373 [53.6%], loss=0.1562, dgw=0.1562, reg=0.0000, time=65.68s.
-- 225/373 [60.3%], loss=0.1548, dgw=0.1548, reg=0.0000, time=74.58s.
-- 250/373 [67.0%], loss=0.1518, dgw=0.1518, reg=0.0000, time=86.73s.
-- 275/373 [73.7%], loss=0.1534, dgw=0.1534, reg=0.0000, time=79.82s.
-- 300/373 [80.4%], loss=0.1508, dgw=0.1508, reg=0.0000, time=87.56s.
-- 325/373 [87.1%], loss=0.1587, dgw=0.1587, reg=0.0000, time=68.22s.
-- 350/373 [93.8%], loss=0.1483, dgw=0.1483, reg=0.0000, time=74.16s.
-- 373/373 [100.0%], loss=0.1528, dgw=0.1528, reg=0.0000, time=65.30s.
fit: Epoch 4/15, loss = 0.1574, best loss = 0.1574
results/tumblr_ct1_Our_Spectral_usl_tsne_fit_4.pdf
-- 25/373 [6.7%], loss=0.1466, dgw=0.1466, reg=0.0000, time=62.53s.
-- 50/373 [13.4%], loss=0.1457, dgw=0.1457, reg=0.0000, time=78.74s.
-- 75/373 [20.1%], loss=0.1591, dgw=0.1591, reg=0.0000, time=79.36s.
-- 100/373 [26.8%], loss=0.1557, dgw=0.1557, reg=0.0000, time=63.22s.
-- 125/373 [33.5%], loss=0.1568, dgw=0.1568, reg=0.0000, time=67.25s.
-- 150/373 [40.2%], loss=0.1571, dgw=0.1571, reg=0.0000, time=65.67s.
-- 175/373 [46.9%], loss=0.1865, dgw=0.1865, reg=0.0000, time=66.16s.
-- 200/373 [53.6%], loss=0.1862, dgw=0.1862, reg=0.0000, time=74.73s.
-- 225/373 [60.3%], loss=0.1969, dgw=0.1969, reg=0.0000, time=66.91s.
-- 250/373 [67.0%], loss=0.2610, dgw=0.2610, reg=0.0000, time=67.57s.
-- 275/373 [73.7%], loss=0.2836, dgw=0.2836, reg=0.0000, time=73.14s.
-- 300/373 [80.4%], loss=0.3067, dgw=0.3067, reg=0.0000, time=82.45s.
-- 325/373 [87.1%], loss=0.3213, dgw=0.3213, reg=0.0000, time=88.65s.
-- 350/373 [93.8%], loss=0.3606, dgw=0.3606, reg=0.0000, time=90.22s.
-- 373/373 [100.0%], loss=0.3716, dgw=0.3716, reg=0.0000, time=64.08s.
fit: Epoch 5/15, loss = 0.2256, best loss = 0.1574
results/tumblr_ct1_Our_Spectral_usl_tsne_fit_5.pdf
-- 25/373 [6.7%], loss=0.3696, dgw=0.3696, reg=0.0000, time=43.94s.
-- 50/373 [13.4%], loss=0.4100, dgw=0.4100, reg=0.0000, time=65.82s.
-- 75/373 [20.1%], loss=0.4012, dgw=0.4012, reg=0.0000, time=74.11s.
-- 100/373 [26.8%], loss=0.4338, dgw=0.4338, reg=0.0000, time=70.01s.
-- 125/373 [33.5%], loss=0.4546, dgw=0.4546, reg=0.0000, time=65.88s.
-- 150/373 [40.2%], loss=0.4786, dgw=0.4786, reg=0.0000, time=62.69s.
-- 175/373 [46.9%], loss=0.4932, dgw=0.4932, reg=0.0000, time=57.77s.
-- 200/373 [53.6%], loss=0.4874, dgw=0.4874, reg=0.0000, time=52.38s.
-- 225/373 [60.3%], loss=0.5358, dgw=0.5358, reg=0.0000, time=62.46s.
-- 250/373 [67.0%], loss=0.5702, dgw=0.5702, reg=0.0000, time=64.14s.
-- 275/373 [73.7%], loss=0.5366, dgw=0.5366, reg=0.0000, time=70.51s.
-- 300/373 [80.4%], loss=0.5572, dgw=0.5572, reg=0.0000, time=79.05s.
-- 325/373 [87.1%], loss=0.5787, dgw=0.5787, reg=0.0000, time=76.35s.
-- 350/373 [93.8%], loss=0.5933, dgw=0.5933, reg=0.0000, time=77.42s.
-- 373/373 [100.0%], loss=0.5678, dgw=0.5678, reg=0.0000, time=55.70s.
fit: Epoch 6/15, loss = 0.4975, best loss = 0.1574
results/tumblr_ct1_Our_Spectral_usl_tsne_fit_6.pdf
-- 25/373 [6.7%], loss=0.6305, dgw=0.6305, reg=0.0000, time=69.14s.
-- 50/373 [13.4%], loss=0.6129, dgw=0.6129, reg=0.0000, time=46.26s.
-- 75/373 [20.1%], loss=0.6676, dgw=0.6676, reg=0.0000, time=53.67s.
-- 100/373 [26.8%], loss=0.6834, dgw=0.6834, reg=0.0000, time=46.89s.
-- 125/373 [33.5%], loss=0.6787, dgw=0.6787, reg=0.0000, time=56.53s.
-- 150/373 [40.2%], loss=0.6682, dgw=0.6682, reg=0.0000, time=77.78s.
-- 175/373 [46.9%], loss=0.6839, dgw=0.6839, reg=0.0000, time=73.17s.
-- 200/373 [53.6%], loss=0.6880, dgw=0.6880, reg=0.0000, time=56.75s.
-- 225/373 [60.3%], loss=0.6993, dgw=0.6993, reg=0.0000, time=69.95s.
-- 250/373 [67.0%], loss=0.6874, dgw=0.6874, reg=0.0000, time=61.12s.
-- 275/373 [73.7%], loss=0.6994, dgw=0.6994, reg=0.0000, time=69.68s.
-- 300/373 [80.4%], loss=0.6930, dgw=0.6930, reg=0.0000, time=70.58s.
-- 325/373 [87.1%], loss=0.6624, dgw=0.6624, reg=0.0000, time=79.81s.
-- 350/373 [93.8%], loss=0.6932, dgw=0.6932, reg=0.0000, time=62.87s.
-- 373/373 [100.0%], loss=0.6401, dgw=0.6401, reg=0.0000, time=66.56s.
fit: Epoch 7/15, loss = 0.6727, best loss = 0.1574
results/tumblr_ct1_Our_Spectral_usl_tsne_fit_7.pdf
-- 25/373 [6.7%], loss=0.6194, dgw=0.6194, reg=0.0000, time=60.87s.
-- 50/373 [13.4%], loss=0.6087, dgw=0.6087, reg=0.0000, time=65.73s.
-- 75/373 [20.1%], loss=0.5835, dgw=0.5835, reg=0.0000, time=44.47s.
-- 100/373 [26.8%], loss=0.5973, dgw=0.5973, reg=0.0000, time=55.93s.
-- 125/373 [33.5%], loss=0.5892, dgw=0.5892, reg=0.0000, time=61.74s.
-- 150/373 [40.2%], loss=0.5888, dgw=0.5888, reg=0.0000, time=50.54s.
-- 175/373 [46.9%], loss=0.5733, dgw=0.5733, reg=0.0000, time=49.21s.
-- 200/373 [53.6%], loss=0.5830, dgw=0.5830, reg=0.0000, time=70.91s.
-- 225/373 [60.3%], loss=0.5862, dgw=0.5862, reg=0.0000, time=61.81s.
-- 250/373 [67.0%], loss=0.5733, dgw=0.5733, reg=0.0000, time=45.00s.
-- 275/373 [73.7%], loss=0.5809, dgw=0.5809, reg=0.0000, time=61.02s.
-- 300/373 [80.4%], loss=0.5943, dgw=0.5943, reg=0.0000, time=84.65s.
-- 325/373 [87.1%], loss=0.6278, dgw=0.6278, reg=0.0000, time=57.55s.
-- 350/373 [93.8%], loss=0.6093, dgw=0.6093, reg=0.0000, time=43.56s.
-- 373/373 [100.0%], loss=0.6110, dgw=0.6110, reg=0.0000, time=53.74s.
fit: Epoch 8/15, loss = 0.5950, best loss = 0.1574
results/tumblr_ct1_Our_Spectral_usl_tsne_fit_8.pdf
-- 25/373 [6.7%], loss=0.5995, dgw=0.5995, reg=0.0000, time=54.89s.
-- 50/373 [13.4%], loss=0.6291, dgw=0.6291, reg=0.0000, time=56.57s.
-- 75/373 [20.1%], loss=0.6342, dgw=0.6342, reg=0.0000, time=57.28s.
-- 100/373 [26.8%], loss=0.6037, dgw=0.6037, reg=0.0000, time=69.16s.
-- 125/373 [33.5%], loss=0.5933, dgw=0.5933, reg=0.0000, time=53.45s.
-- 150/373 [40.2%], loss=0.6251, dgw=0.6251, reg=0.0000, time=48.39s.
-- 175/373 [46.9%], loss=0.6122, dgw=0.6122, reg=0.0000, time=63.97s.
-- 200/373 [53.6%], loss=0.6165, dgw=0.6165, reg=0.0000, time=45.93s.
-- 225/373 [60.3%], loss=0.6025, dgw=0.6025, reg=0.0000, time=42.27s.
-- 250/373 [67.0%], loss=0.6030, dgw=0.6030, reg=0.0000, time=50.65s.
-- 275/373 [73.7%], loss=0.6080, dgw=0.6080, reg=0.0000, time=57.65s.
-- 300/373 [80.4%], loss=0.5737, dgw=0.5737, reg=0.0000, time=67.24s.
-- 325/373 [87.1%], loss=0.5787, dgw=0.5787, reg=0.0000, time=59.96s.
-- 350/373 [93.8%], loss=0.6078, dgw=0.6078, reg=0.0000, time=62.00s.
-- 373/373 [100.0%], loss=0.6142, dgw=0.6142, reg=0.0000, time=42.41s.
fit: Epoch 9/15, loss = 0.6067, best loss = 0.1574
results/tumblr_ct1_Our_Spectral_usl_tsne_fit_9.pdf
-- 25/373 [6.7%], loss=0.5921, dgw=0.5921, reg=0.0000, time=63.52s.
-- 50/373 [13.4%], loss=0.6065, dgw=0.6065, reg=0.0000, time=66.95s.
-- 75/373 [20.1%], loss=0.6088, dgw=0.6088, reg=0.0000, time=40.14s.
-- 100/373 [26.8%], loss=0.5704, dgw=0.5704, reg=0.0000, time=45.97s.
-- 125/373 [33.5%], loss=0.5861, dgw=0.5861, reg=0.0000, time=37.51s.
-- 150/373 [40.2%], loss=0.6379, dgw=0.6379, reg=0.0000, time=59.39s.
-- 175/373 [46.9%], loss=0.6225, dgw=0.6225, reg=0.0000, time=45.11s.
-- 200/373 [53.6%], loss=0.6154, dgw=0.6154, reg=0.0000, time=52.86s.
-- 225/373 [60.3%], loss=0.6301, dgw=0.6301, reg=0.0000, time=65.17s.
-- 250/373 [67.0%], loss=0.6164, dgw=0.6164, reg=0.0000, time=49.88s.
-- 275/373 [73.7%], loss=0.6143, dgw=0.6143, reg=0.0000, time=54.23s.
-- 300/373 [80.4%], loss=0.5875, dgw=0.5875, reg=0.0000, time=55.14s.
-- 325/373 [87.1%], loss=0.5672, dgw=0.5672, reg=0.0000, time=45.40s.
-- 350/373 [93.8%], loss=0.5858, dgw=0.5858, reg=0.0000, time=68.97s.
-- 373/373 [100.0%], loss=0.5907, dgw=0.5907, reg=0.0000, time=52.51s.
fit: Epoch 10/15, loss = 0.6022, best loss = 0.1574
results/tumblr_ct1_Our_Spectral_usl_tsne_fit_10.pdf
-- 25/373 [6.7%], loss=0.5796, dgw=0.5796, reg=0.0000, time=57.92s.
-- 50/373 [13.4%], loss=0.5753, dgw=0.5753, reg=0.0000, time=71.77s.
-- 75/373 [20.1%], loss=0.5685, dgw=0.5685, reg=0.0000, time=56.73s.
-- 100/373 [26.8%], loss=0.5461, dgw=0.5461, reg=0.0000, time=57.82s.
-- 125/373 [33.5%], loss=0.5681, dgw=0.5681, reg=0.0000, time=50.11s.
-- 150/373 [40.2%], loss=0.5373, dgw=0.5373, reg=0.0000, time=45.21s.
-- 175/373 [46.9%], loss=0.5535, dgw=0.5535, reg=0.0000, time=44.26s.
-- 200/373 [53.6%], loss=0.5454, dgw=0.5454, reg=0.0000, time=65.34s.
-- 225/373 [60.3%], loss=0.5323, dgw=0.5323, reg=0.0000, time=53.95s.
-- 250/373 [67.0%], loss=0.5673, dgw=0.5673, reg=0.0000, time=55.83s.
-- 275/373 [73.7%], loss=0.5631, dgw=0.5631, reg=0.0000, time=56.87s.
-- 300/373 [80.4%], loss=0.5445, dgw=0.5445, reg=0.0000, time=46.84s.
-- 325/373 [87.1%], loss=0.5535, dgw=0.5535, reg=0.0000, time=46.91s.
-- 350/373 [93.8%], loss=0.5696, dgw=0.5696, reg=0.0000, time=40.43s.
-- 373/373 [100.0%], loss=0.5606, dgw=0.5606, reg=0.0000, time=41.26s.
fit: Epoch 11/15, loss = 0.5576, best loss = 0.1574
results/tumblr_ct1_Our_Spectral_usl_tsne_fit_11.pdf
-- 25/373 [6.7%], loss=0.5174, dgw=0.5174, reg=0.0000, time=44.53s.
-- 50/373 [13.4%], loss=0.5183, dgw=0.5183, reg=0.0000, time=51.46s.
-- 75/373 [20.1%], loss=0.5583, dgw=0.5583, reg=0.0000, time=44.15s.
-- 100/373 [26.8%], loss=0.5574, dgw=0.5574, reg=0.0000, time=44.89s.
-- 125/373 [33.5%], loss=0.5588, dgw=0.5588, reg=0.0000, time=53.71s.
-- 150/373 [40.2%], loss=0.5800, dgw=0.5800, reg=0.0000, time=51.27s.
-- 175/373 [46.9%], loss=0.5614, dgw=0.5614, reg=0.0000, time=46.38s.
-- 200/373 [53.6%], loss=0.5512, dgw=0.5512, reg=0.0000, time=47.42s.
-- 225/373 [60.3%], loss=0.5928, dgw=0.5928, reg=0.0000, time=52.45s.
-- 250/373 [67.0%], loss=0.5950, dgw=0.5950, reg=0.0000, time=38.75s.
-- 275/373 [73.7%], loss=0.5876, dgw=0.5876, reg=0.0000, time=55.96s.
-- 300/373 [80.4%], loss=0.5818, dgw=0.5818, reg=0.0000, time=58.99s.
-- 325/373 [87.1%], loss=0.5473, dgw=0.5473, reg=0.0000, time=43.30s.
-- 350/373 [93.8%], loss=0.5906, dgw=0.5906, reg=0.0000, time=50.44s.
-- 373/373 [100.0%], loss=0.6273, dgw=0.6273, reg=0.0000, time=43.32s.
fit: Epoch 12/15, loss = 0.5680, best loss = 0.1574
results/tumblr_ct1_Our_Spectral_usl_tsne_fit_12.pdf
-- 25/373 [6.7%], loss=0.5892, dgw=0.5892, reg=0.0000, time=35.43s.
-- 50/373 [13.4%], loss=0.6095, dgw=0.6095, reg=0.0000, time=47.19s.
-- 75/373 [20.1%], loss=0.5902, dgw=0.5902, reg=0.0000, time=50.22s.
-- 100/373 [26.8%], loss=0.6033, dgw=0.6033, reg=0.0000, time=42.51s.
-- 125/373 [33.5%], loss=0.5817, dgw=0.5817, reg=0.0000, time=55.21s.
-- 150/373 [40.2%], loss=0.5980, dgw=0.5980, reg=0.0000, time=41.40s.
-- 175/373 [46.9%], loss=0.5847, dgw=0.5847, reg=0.0000, time=35.05s.
-- 200/373 [53.6%], loss=0.5896, dgw=0.5896, reg=0.0000, time=42.53s.
-- 225/373 [60.3%], loss=0.5976, dgw=0.5976, reg=0.0000, time=49.43s.
-- 250/373 [67.0%], loss=0.5901, dgw=0.5901, reg=0.0000, time=49.98s.
-- 275/373 [73.7%], loss=0.6061, dgw=0.6061, reg=0.0000, time=46.75s.
-- 300/373 [80.4%], loss=0.6098, dgw=0.6098, reg=0.0000, time=36.56s.
-- 325/373 [87.1%], loss=0.6194, dgw=0.6194, reg=0.0000, time=43.06s.
-- 350/373 [93.8%], loss=0.5916, dgw=0.5916, reg=0.0000, time=55.92s.
-- 373/373 [100.0%], loss=0.6346, dgw=0.6346, reg=0.0000, time=39.89s.
fit: Epoch 13/15, loss = 0.5995, best loss = 0.1574
results/tumblr_ct1_Our_Spectral_usl_tsne_fit_13.pdf
-- 25/373 [6.7%], loss=0.6361, dgw=0.6361, reg=0.0000, time=52.10s.
-- 50/373 [13.4%], loss=0.6412, dgw=0.6412, reg=0.0000, time=47.12s.
-- 75/373 [20.1%], loss=0.6335, dgw=0.6335, reg=0.0000, time=30.49s.
-- 100/373 [26.8%], loss=0.6278, dgw=0.6278, reg=0.0000, time=34.42s.
-- 125/373 [33.5%], loss=0.6465, dgw=0.6465, reg=0.0000, time=42.16s.
-- 150/373 [40.2%], loss=0.6177, dgw=0.6177, reg=0.0000, time=33.64s.
-- 175/373 [46.9%], loss=0.6278, dgw=0.6278, reg=0.0000, time=40.06s.
-- 200/373 [53.6%], loss=0.6337, dgw=0.6337, reg=0.0000, time=42.93s.
-- 225/373 [60.3%], loss=0.6117, dgw=0.6117, reg=0.0000, time=41.65s.
-- 250/373 [67.0%], loss=0.6298, dgw=0.6298, reg=0.0000, time=43.91s.
-- 275/373 [73.7%], loss=0.6302, dgw=0.6302, reg=0.0000, time=34.36s.
-- 300/373 [80.4%], loss=0.6362, dgw=0.6362, reg=0.0000, time=53.59s.
-- 325/373 [87.1%], loss=0.5963, dgw=0.5963, reg=0.0000, time=50.67s.
-- 350/373 [93.8%], loss=0.6139, dgw=0.6139, reg=0.0000, time=48.24s.
-- 373/373 [100.0%], loss=0.6111, dgw=0.6111, reg=0.0000, time=32.66s.
fit: Epoch 14/15, loss = 0.6263, best loss = 0.1574
results/tumblr_ct1_Our_Spectral_usl_tsne_fit_14.pdf
-- 25/373 [6.7%], loss=0.6293, dgw=0.6293, reg=0.0000, time=41.57s.
-- 50/373 [13.4%], loss=0.6592, dgw=0.6592, reg=0.0000, time=42.39s.
-- 75/373 [20.1%], loss=0.6278, dgw=0.6278, reg=0.0000, time=39.86s.
-- 100/373 [26.8%], loss=0.6472, dgw=0.6472, reg=0.0000, time=41.20s.
-- 125/373 [33.5%], loss=0.6526, dgw=0.6526, reg=0.0000, time=36.59s.
-- 150/373 [40.2%], loss=0.6582, dgw=0.6582, reg=0.0000, time=51.06s.
-- 175/373 [46.9%], loss=0.6545, dgw=0.6545, reg=0.0000, time=56.43s.
-- 200/373 [53.6%], loss=0.6743, dgw=0.6743, reg=0.0000, time=42.28s.
-- 225/373 [60.3%], loss=0.6496, dgw=0.6496, reg=0.0000, time=56.22s.
-- 250/373 [67.0%], loss=0.7001, dgw=0.7001, reg=0.0000, time=52.52s.
-- 275/373 [73.7%], loss=0.6641, dgw=0.6641, reg=0.0000, time=42.52s.
-- 300/373 [80.4%], loss=0.6790, dgw=0.6790, reg=0.0000, time=56.27s.
-- 325/373 [87.1%], loss=0.7030, dgw=0.7030, reg=0.0000, time=51.14s.
-- 350/373 [93.8%], loss=0.6772, dgw=0.6772, reg=0.0000, time=33.32s.
-- 373/373 [100.0%], loss=0.6984, dgw=0.6984, reg=0.0000, time=38.09s.
fit: Epoch 15/15, loss = 0.6648, best loss = 0.1574
results/tumblr_ct1_Our_Spectral_usl_tsne_fit_15.pdf
Best Acc  : 0.5335120643431636
Rand Score: 0.5009080688402664
Done!
