-- 25/373 [6.7%], loss=0.2502, dgw=0.2502, reg=0.0000, time=24.83s.
-- 50/373 [13.4%], loss=0.2467, dgw=0.2467, reg=0.0000, time=22.69s.
-- 75/373 [20.1%], loss=0.2440, dgw=0.2440, reg=0.0000, time=20.79s.
-- 100/373 [26.8%], loss=0.2430, dgw=0.2430, reg=0.0000, time=22.70s.
-- 125/373 [33.5%], loss=0.2410, dgw=0.2410, reg=0.0000, time=24.34s.
-- 150/373 [40.2%], loss=0.2369, dgw=0.2369, reg=0.0000, time=28.63s.
-- 175/373 [46.9%], loss=0.2351, dgw=0.2351, reg=0.0000, time=49.83s.
-- 200/373 [53.6%], loss=0.2315, dgw=0.2315, reg=0.0000, time=54.28s.
-- 225/373 [60.3%], loss=0.2313, dgw=0.2313, reg=0.0000, time=51.05s.
-- 250/373 [67.0%], loss=0.2308, dgw=0.2308, reg=0.0000, time=45.01s.
-- 275/373 [73.7%], loss=0.2262, dgw=0.2262, reg=0.0000, time=39.68s.
-- 300/373 [80.4%], loss=0.2242, dgw=0.2242, reg=0.0000, time=55.26s.
-- 325/373 [87.1%], loss=0.2230, dgw=0.2230, reg=0.0000, time=66.11s.
-- 350/373 [93.8%], loss=0.2217, dgw=0.2217, reg=0.0000, time=63.94s.
-- 373/373 [100.0%], loss=0.2175, dgw=0.2175, reg=0.0000, time=60.68s.
fit: Epoch 1/15, loss = 0.2336, best loss = 0.2336
results/tumblr_ct1_Chen_GW_usl_tsne_fit_1.pdf
-- 25/373 [6.7%], loss=0.2167, dgw=0.2167, reg=0.0000, time=45.63s.
-- 50/373 [13.4%], loss=0.2139, dgw=0.2139, reg=0.0000, time=49.65s.
-- 75/373 [20.1%], loss=0.2117, dgw=0.2117, reg=0.0000, time=60.21s.
-- 100/373 [26.8%], loss=0.2094, dgw=0.2094, reg=0.0000, time=65.20s.
-- 125/373 [33.5%], loss=0.2088, dgw=0.2088, reg=0.0000, time=41.28s.
-- 150/373 [40.2%], loss=0.2051, dgw=0.2051, reg=0.0000, time=78.92s.
-- 175/373 [46.9%], loss=0.2052, dgw=0.2052, reg=0.0000, time=63.26s.
-- 200/373 [53.6%], loss=0.2019, dgw=0.2019, reg=0.0000, time=54.69s.
-- 225/373 [60.3%], loss=0.2005, dgw=0.2005, reg=0.0000, time=48.13s.
-- 250/373 [67.0%], loss=0.1993, dgw=0.1993, reg=0.0000, time=73.81s.
-- 275/373 [73.7%], loss=0.1974, dgw=0.1974, reg=0.0000, time=68.79s.
-- 300/373 [80.4%], loss=0.1936, dgw=0.1936, reg=0.0000, time=61.60s.
-- 325/373 [87.1%], loss=0.1939, dgw=0.1939, reg=0.0000, time=54.81s.
-- 350/373 [93.8%], loss=0.1916, dgw=0.1916, reg=0.0000, time=65.37s.
-- 373/373 [100.0%], loss=0.1895, dgw=0.1895, reg=0.0000, time=69.42s.
fit: Epoch 2/15, loss = 0.2026, best loss = 0.2026
results/tumblr_ct1_Chen_GW_usl_tsne_fit_2.pdf
-- 25/373 [6.7%], loss=0.1884, dgw=0.1884, reg=0.0000, time=56.75s.
-- 50/373 [13.4%], loss=0.1850, dgw=0.1850, reg=0.0000, time=51.70s.
-- 75/373 [20.1%], loss=0.1826, dgw=0.1826, reg=0.0000, time=49.48s.
-- 100/373 [26.8%], loss=0.1822, dgw=0.1822, reg=0.0000, time=54.27s.
-- 125/373 [33.5%], loss=0.1814, dgw=0.1814, reg=0.0000, time=73.41s.
-- 150/373 [40.2%], loss=0.1791, dgw=0.1791, reg=0.0000, time=70.34s.
-- 175/373 [46.9%], loss=0.1763, dgw=0.1763, reg=0.0000, time=73.62s.
-- 200/373 [53.6%], loss=0.1752, dgw=0.1752, reg=0.0000, time=63.99s.
-- 225/373 [60.3%], loss=0.1738, dgw=0.1738, reg=0.0000, time=44.76s.
-- 250/373 [67.0%], loss=0.1715, dgw=0.1715, reg=0.0000, time=47.69s.
-- 275/373 [73.7%], loss=0.1716, dgw=0.1716, reg=0.0000, time=57.12s.
-- 300/373 [80.4%], loss=0.1690, dgw=0.1690, reg=0.0000, time=53.80s.
-- 325/373 [87.1%], loss=0.1668, dgw=0.1668, reg=0.0000, time=66.22s.
-- 350/373 [93.8%], loss=0.1646, dgw=0.1646, reg=0.0000, time=62.98s.
-- 373/373 [100.0%], loss=0.1624, dgw=0.1624, reg=0.0000, time=38.08s.
fit: Epoch 3/15, loss = 0.1754, best loss = 0.1754
results/tumblr_ct1_Chen_GW_usl_tsne_fit_3.pdf
-- 25/373 [6.7%], loss=0.1618, dgw=0.1618, reg=0.0000, time=54.41s.
-- 50/373 [13.4%], loss=0.1592, dgw=0.1592, reg=0.0000, time=30.66s.
-- 75/373 [20.1%], loss=0.1600, dgw=0.1600, reg=0.0000, time=45.95s.
-- 100/373 [26.8%], loss=0.1972, dgw=0.1972, reg=0.0000, time=56.44s.
-- 125/373 [33.5%], loss=0.1571, dgw=0.1571, reg=0.0000, time=55.93s.
-- 150/373 [40.2%], loss=0.1545, dgw=0.1545, reg=0.0000, time=49.25s.
-- 175/373 [46.9%], loss=0.1531, dgw=0.1531, reg=0.0000, time=62.77s.
-- 200/373 [53.6%], loss=0.1512, dgw=0.1512, reg=0.0000, time=55.33s.
-- 225/373 [60.3%], loss=0.1510, dgw=0.1510, reg=0.0000, time=42.30s.
-- 250/373 [67.0%], loss=0.1502, dgw=0.1502, reg=0.0000, time=51.26s.
-- 275/373 [73.7%], loss=0.1735, dgw=0.1735, reg=0.0000, time=57.51s.
-- 300/373 [80.4%], loss=0.2020, dgw=0.2020, reg=0.0000, time=44.52s.
-- 325/373 [87.1%], loss=0.1448, dgw=0.1448, reg=0.0000, time=56.89s.
-- 350/373 [93.8%], loss=0.1444, dgw=0.1444, reg=0.0000, time=49.28s.
-- 373/373 [100.0%], loss=0.1420, dgw=0.1420, reg=0.0000, time=50.66s.
fit: Epoch 4/15, loss = 0.1602, best loss = 0.1602
results/tumblr_ct1_Chen_GW_usl_tsne_fit_4.pdf
-- 25/373 [6.7%], loss=0.1413, dgw=0.1413, reg=0.0000, time=62.50s.
-- 50/373 [13.4%], loss=0.1405, dgw=0.1405, reg=0.0000, time=64.09s.
-- 75/373 [20.1%], loss=0.1384, dgw=0.1384, reg=0.0000, time=66.34s.
-- 100/373 [26.8%], loss=0.1367, dgw=0.1367, reg=0.0000, time=59.07s.
-- 125/373 [33.5%], loss=0.1357, dgw=0.1357, reg=0.0000, time=41.44s.
-- 150/373 [40.2%], loss=0.1744, dgw=0.1744, reg=0.0000, time=56.27s.
-- 175/373 [46.9%], loss=0.1342, dgw=0.1342, reg=0.0000, time=59.84s.
-- 200/373 [53.6%], loss=0.1329, dgw=0.1329, reg=0.0000, time=56.09s.
-- 225/373 [60.3%], loss=0.1302, dgw=0.1302, reg=0.0000, time=39.89s.
-- 250/373 [67.0%], loss=0.1305, dgw=0.1305, reg=0.0000, time=35.91s.
-- 275/373 [73.7%], loss=0.1282, dgw=0.1282, reg=0.0000, time=46.38s.
-- 300/373 [80.4%], loss=0.1283, dgw=0.1283, reg=0.0000, time=61.76s.
-- 325/373 [87.1%], loss=0.1274, dgw=0.1274, reg=0.0000, time=78.81s.
-- 350/373 [93.8%], loss=0.1249, dgw=0.1249, reg=0.0000, time=66.05s.
-- 373/373 [100.0%], loss=0.1615, dgw=0.1615, reg=0.0000, time=59.99s.
fit: Epoch 5/15, loss = 0.1375, best loss = 0.1375
results/tumblr_ct1_Chen_GW_usl_tsne_fit_5.pdf
-- 25/373 [6.7%], loss=0.1875, dgw=0.1875, reg=0.0000, time=59.53s.
-- 50/373 [13.4%], loss=0.1229, dgw=0.1229, reg=0.0000, time=54.93s.
-- 75/373 [20.1%], loss=0.1523, dgw=0.1523, reg=0.0000, time=60.19s.
-- 100/373 [26.8%], loss=0.1198, dgw=0.1198, reg=0.0000, time=54.47s.
-- 125/373 [33.5%], loss=0.1174, dgw=0.1174, reg=0.0000, time=63.71s.
-- 150/373 [40.2%], loss=0.1190, dgw=0.1190, reg=0.0000, time=70.98s.
-- 175/373 [46.9%], loss=0.1181, dgw=0.1181, reg=0.0000, time=64.41s.
-- 200/373 [53.6%], loss=0.1174, dgw=0.1174, reg=0.0000, time=60.23s.
-- 225/373 [60.3%], loss=0.1154, dgw=0.1154, reg=0.0000, time=41.90s.
-- 250/373 [67.0%], loss=0.1133, dgw=0.1133, reg=0.0000, time=29.24s.
-- 275/373 [73.7%], loss=0.1118, dgw=0.1118, reg=0.0000, time=46.11s.
-- 300/373 [80.4%], loss=0.1121, dgw=0.1121, reg=0.0000, time=52.72s.
-- 325/373 [87.1%], loss=0.1110, dgw=0.1110, reg=0.0000, time=64.72s.
-- 350/373 [93.8%], loss=0.1109, dgw=0.1109, reg=0.0000, time=40.57s.
-- 373/373 [100.0%], loss=0.1091, dgw=0.1091, reg=0.0000, time=51.85s.
fit: Epoch 6/15, loss = 0.1226, best loss = 0.1226
results/tumblr_ct1_Chen_GW_usl_tsne_fit_6.pdf
-- 25/373 [6.7%], loss=0.1081, dgw=0.1081, reg=0.0000, time=51.44s.
-- 50/373 [13.4%], loss=0.1082, dgw=0.1082, reg=0.0000, time=53.44s.
-- 75/373 [20.1%], loss=0.1071, dgw=0.1071, reg=0.0000, time=47.97s.
-- 100/373 [26.8%], loss=0.1060, dgw=0.1060, reg=0.0000, time=70.46s.
-- 125/373 [33.5%], loss=0.1075, dgw=0.1075, reg=0.0000, time=51.86s.
-- 150/373 [40.2%], loss=0.1058, dgw=0.1058, reg=0.0000, time=67.70s.
-- 175/373 [46.9%], loss=0.1040, dgw=0.1040, reg=0.0000, time=57.01s.
-- 200/373 [53.6%], loss=0.1026, dgw=0.1026, reg=0.0000, time=57.94s.
-- 225/373 [60.3%], loss=0.1017, dgw=0.1017, reg=0.0000, time=54.48s.
-- 250/373 [67.0%], loss=0.1014, dgw=0.1014, reg=0.0000, time=45.19s.
-- 275/373 [73.7%], loss=0.1008, dgw=0.1008, reg=0.0000, time=50.11s.
-- 300/373 [80.4%], loss=0.0987, dgw=0.0987, reg=0.0000, time=56.77s.
-- 325/373 [87.1%], loss=0.0981, dgw=0.0981, reg=0.0000, time=59.74s.
-- 350/373 [93.8%], loss=0.0963, dgw=0.0963, reg=0.0000, time=50.25s.
-- 373/373 [100.0%], loss=0.0973, dgw=0.0973, reg=0.0000, time=50.96s.
fit: Epoch 7/15, loss = 0.1029, best loss = 0.1029
results/tumblr_ct1_Chen_GW_usl_tsne_fit_7.pdf
-- 25/373 [6.7%], loss=0.0960, dgw=0.0960, reg=0.0000, time=45.60s.
-- 50/373 [13.4%], loss=0.0968, dgw=0.0968, reg=0.0000, time=62.97s.
-- 75/373 [20.1%], loss=0.0941, dgw=0.0941, reg=0.0000, time=66.26s.
-- 100/373 [26.8%], loss=0.0954, dgw=0.0954, reg=0.0000, time=70.52s.
-- 125/373 [33.5%], loss=0.0935, dgw=0.0935, reg=0.0000, time=67.83s.
-- 150/373 [40.2%], loss=0.0921, dgw=0.0921, reg=0.0000, time=65.03s.
-- 175/373 [46.9%], loss=0.0934, dgw=0.0934, reg=0.0000, time=45.63s.
-- 200/373 [53.6%], loss=0.0928, dgw=0.0928, reg=0.0000, time=49.44s.
-- 225/373 [60.3%], loss=0.0901, dgw=0.0901, reg=0.0000, time=47.40s.
-- 250/373 [67.0%], loss=0.0917, dgw=0.0917, reg=0.0000, time=65.41s.
-- 275/373 [73.7%], loss=0.0889, dgw=0.0889, reg=0.0000, time=34.60s.
-- 300/373 [80.4%], loss=0.0875, dgw=0.0875, reg=0.0000, time=43.14s.
-- 325/373 [87.1%], loss=0.0892, dgw=0.0892, reg=0.0000, time=63.22s.
-- 350/373 [93.8%], loss=0.0888, dgw=0.0888, reg=0.0000, time=48.38s.
-- 373/373 [100.0%], loss=0.0878, dgw=0.0878, reg=0.0000, time=53.02s.
fit: Epoch 8/15, loss = 0.0919, best loss = 0.0919
results/tumblr_ct1_Chen_GW_usl_tsne_fit_8.pdf
-- 25/373 [6.7%], loss=0.0870, dgw=0.0870, reg=0.0000, time=49.73s.
-- 50/373 [13.4%], loss=0.0852, dgw=0.0852, reg=0.0000, time=57.79s.
-- 75/373 [20.1%], loss=0.0844, dgw=0.0844, reg=0.0000, time=61.21s.
-- 100/373 [26.8%], loss=0.0850, dgw=0.0850, reg=0.0000, time=55.62s.
-- 125/373 [33.5%], loss=0.0851, dgw=0.0851, reg=0.0000, time=46.98s.
-- 150/373 [40.2%], loss=0.0850, dgw=0.0850, reg=0.0000, time=62.06s.
-- 175/373 [46.9%], loss=0.0845, dgw=0.0845, reg=0.0000, time=39.72s.
-- 200/373 [53.6%], loss=0.0818, dgw=0.0818, reg=0.0000, time=49.29s.
-- 225/373 [60.3%], loss=0.0816, dgw=0.0816, reg=0.0000, time=46.24s.
-- 250/373 [67.0%], loss=0.0812, dgw=0.0812, reg=0.0000, time=40.59s.
-- 275/373 [73.7%], loss=0.0813, dgw=0.0813, reg=0.0000, time=50.27s.
-- 300/373 [80.4%], loss=0.0792, dgw=0.0792, reg=0.0000, time=56.84s.
-- 325/373 [87.1%], loss=0.0808, dgw=0.0808, reg=0.0000, time=49.15s.
-- 350/373 [93.8%], loss=0.0808, dgw=0.0808, reg=0.0000, time=41.63s.
-- 373/373 [100.0%], loss=0.0783, dgw=0.0783, reg=0.0000, time=45.43s.
fit: Epoch 9/15, loss = 0.0828, best loss = 0.0828
results/tumblr_ct1_Chen_GW_usl_tsne_fit_9.pdf
-- 25/373 [6.7%], loss=0.0799, dgw=0.0799, reg=0.0000, time=36.65s.
-- 50/373 [13.4%], loss=0.0797, dgw=0.0797, reg=0.0000, time=41.18s.
-- 75/373 [20.1%], loss=0.0776, dgw=0.0776, reg=0.0000, time=58.76s.
-- 100/373 [26.8%], loss=0.0755, dgw=0.0755, reg=0.0000, time=49.10s.
-- 125/373 [33.5%], loss=0.0762, dgw=0.0762, reg=0.0000, time=57.96s.
-- 150/373 [40.2%], loss=0.0744, dgw=0.0744, reg=0.0000, time=54.62s.
-- 175/373 [46.9%], loss=0.0751, dgw=0.0751, reg=0.0000, time=45.99s.
-- 200/373 [53.6%], loss=0.0764, dgw=0.0764, reg=0.0000, time=41.45s.
-- 225/373 [60.3%], loss=0.0736, dgw=0.0736, reg=0.0000, time=49.39s.
-- 250/373 [67.0%], loss=0.0741, dgw=0.0741, reg=0.0000, time=49.69s.
-- 275/373 [73.7%], loss=0.0745, dgw=0.0745, reg=0.0000, time=48.41s.
-- 300/373 [80.4%], loss=0.0740, dgw=0.0740, reg=0.0000, time=49.41s.
-- 325/373 [87.1%], loss=0.0724, dgw=0.0724, reg=0.0000, time=36.64s.
-- 350/373 [93.8%], loss=0.0721, dgw=0.0721, reg=0.0000, time=32.79s.
-- 373/373 [100.0%], loss=0.0729, dgw=0.0729, reg=0.0000, time=48.15s.
fit: Epoch 10/15, loss = 0.0752, best loss = 0.0752
results/tumblr_ct1_Chen_GW_usl_tsne_fit_10.pdf
-- 25/373 [6.7%], loss=0.0709, dgw=0.0709, reg=0.0000, time=38.34s.
-- 50/373 [13.4%], loss=0.0722, dgw=0.0722, reg=0.0000, time=44.79s.
-- 75/373 [20.1%], loss=0.0699, dgw=0.0699, reg=0.0000, time=49.79s.
-- 100/373 [26.8%], loss=0.0709, dgw=0.0709, reg=0.0000, time=41.38s.
-- 125/373 [33.5%], loss=0.0687, dgw=0.0687, reg=0.0000, time=38.18s.
-- 150/373 [40.2%], loss=0.0695, dgw=0.0695, reg=0.0000, time=42.69s.
-- 175/373 [46.9%], loss=0.0701, dgw=0.0701, reg=0.0000, time=32.53s.
-- 200/373 [53.6%], loss=0.0686, dgw=0.0686, reg=0.0000, time=41.79s.
-- 225/373 [60.3%], loss=0.0679, dgw=0.0679, reg=0.0000, time=48.62s.
-- 250/373 [67.0%], loss=0.0683, dgw=0.0683, reg=0.0000, time=38.13s.
-- 275/373 [73.7%], loss=0.0671, dgw=0.0671, reg=0.0000, time=42.90s.
-- 300/373 [80.4%], loss=0.0658, dgw=0.0658, reg=0.0000, time=34.19s.
-- 325/373 [87.1%], loss=0.0684, dgw=0.0684, reg=0.0000, time=40.78s.
-- 350/373 [93.8%], loss=0.0683, dgw=0.0683, reg=0.0000, time=41.38s.
-- 373/373 [100.0%], loss=0.0677, dgw=0.0677, reg=0.0000, time=39.32s.
fit: Epoch 11/15, loss = 0.0690, best loss = 0.0690
results/tumblr_ct1_Chen_GW_usl_tsne_fit_11.pdf
-- 25/373 [6.7%], loss=0.0642, dgw=0.0642, reg=0.0000, time=42.62s.
-- 50/373 [13.4%], loss=0.0666, dgw=0.0666, reg=0.0000, time=31.35s.
-- 75/373 [20.1%], loss=0.0668, dgw=0.0668, reg=0.0000, time=31.09s.
-- 100/373 [26.8%], loss=0.0627, dgw=0.0627, reg=0.0000, time=46.96s.
-- 125/373 [33.5%], loss=0.0656, dgw=0.0656, reg=0.0000, time=46.13s.
-- 150/373 [40.2%], loss=0.0646, dgw=0.0646, reg=0.0000, time=47.73s.
-- 175/373 [46.9%], loss=0.0624, dgw=0.0624, reg=0.0000, time=41.60s.
-- 200/373 [53.6%], loss=0.0645, dgw=0.0645, reg=0.0000, time=48.14s.
-- 225/373 [60.3%], loss=0.0641, dgw=0.0641, reg=0.0000, time=42.79s.
-- 250/373 [67.0%], loss=0.0633, dgw=0.0633, reg=0.0000, time=36.30s.
-- 275/373 [73.7%], loss=0.0633, dgw=0.0633, reg=0.0000, time=43.71s.
-- 300/373 [80.4%], loss=0.0632, dgw=0.0632, reg=0.0000, time=36.78s.
-- 325/373 [87.1%], loss=0.0617, dgw=0.0617, reg=0.0000, time=43.99s.
-- 350/373 [93.8%], loss=0.0606, dgw=0.0606, reg=0.0000, time=40.40s.
-- 373/373 [100.0%], loss=0.0626, dgw=0.0626, reg=0.0000, time=37.37s.
fit: Epoch 12/15, loss = 0.0638, best loss = 0.0638
results/tumblr_ct1_Chen_GW_usl_tsne_fit_12.pdf
-- 25/373 [6.7%], loss=0.0620, dgw=0.0620, reg=0.0000, time=44.68s.
-- 50/373 [13.4%], loss=0.0618, dgw=0.0618, reg=0.0000, time=50.77s.
-- 75/373 [20.1%], loss=0.0590, dgw=0.0590, reg=0.0000, time=52.39s.
-- 100/373 [26.8%], loss=0.0614, dgw=0.0614, reg=0.0000, time=44.98s.
-- 125/373 [33.5%], loss=0.0582, dgw=0.0582, reg=0.0000, time=46.13s.
-- 150/373 [40.2%], loss=0.0592, dgw=0.0592, reg=0.0000, time=32.24s.
-- 175/373 [46.9%], loss=0.0589, dgw=0.0589, reg=0.0000, time=36.38s.
-- 200/373 [53.6%], loss=0.0609, dgw=0.0609, reg=0.0000, time=37.15s.
-- 225/373 [60.3%], loss=0.0621, dgw=0.0621, reg=0.0000, time=46.92s.
-- 250/373 [67.0%], loss=0.0572, dgw=0.0572, reg=0.0000, time=42.40s.
-- 275/373 [73.7%], loss=0.0592, dgw=0.0592, reg=0.0000, time=30.48s.
-- 300/373 [80.4%], loss=0.0582, dgw=0.0582, reg=0.0000, time=41.45s.
-- 325/373 [87.1%], loss=0.0570, dgw=0.0570, reg=0.0000, time=31.24s.
-- 350/373 [93.8%], loss=0.0585, dgw=0.0585, reg=0.0000, time=33.45s.
-- 373/373 [100.0%], loss=0.0570, dgw=0.0570, reg=0.0000, time=34.02s.
fit: Epoch 13/15, loss = 0.0594, best loss = 0.0594
results/tumblr_ct1_Chen_GW_usl_tsne_fit_13.pdf
-- 25/373 [6.7%], loss=0.0582, dgw=0.0582, reg=0.0000, time=35.51s.
-- 50/373 [13.4%], loss=0.0562, dgw=0.0562, reg=0.0000, time=36.39s.
-- 75/373 [20.1%], loss=0.0562, dgw=0.0562, reg=0.0000, time=47.44s.
-- 100/373 [26.8%], loss=0.0570, dgw=0.0570, reg=0.0000, time=32.46s.
-- 125/373 [33.5%], loss=0.0569, dgw=0.0569, reg=0.0000, time=30.22s.
-- 150/373 [40.2%], loss=0.0553, dgw=0.0553, reg=0.0000, time=35.51s.
-- 175/373 [46.9%], loss=0.0568, dgw=0.0568, reg=0.0000, time=28.76s.
-- 200/373 [53.6%], loss=0.0541, dgw=0.0541, reg=0.0000, time=32.05s.
-- 225/373 [60.3%], loss=0.0542, dgw=0.0542, reg=0.0000, time=36.21s.
-- 250/373 [67.0%], loss=0.0567, dgw=0.0567, reg=0.0000, time=38.71s.
-- 275/373 [73.7%], loss=0.0558, dgw=0.0558, reg=0.0000, time=26.96s.
-- 300/373 [80.4%], loss=0.0565, dgw=0.0565, reg=0.0000, time=35.30s.
-- 325/373 [87.1%], loss=0.0535, dgw=0.0535, reg=0.0000, time=30.90s.
-- 350/373 [93.8%], loss=0.0543, dgw=0.0543, reg=0.0000, time=25.43s.
-- 373/373 [100.0%], loss=0.0538, dgw=0.0538, reg=0.0000, time=32.00s.
fit: Epoch 14/15, loss = 0.0557, best loss = 0.0557
results/tumblr_ct1_Chen_GW_usl_tsne_fit_14.pdf
-- 25/373 [6.7%], loss=0.0547, dgw=0.0547, reg=0.0000, time=36.19s.
-- 50/373 [13.4%], loss=0.0554, dgw=0.0554, reg=0.0000, time=32.24s.
-- 75/373 [20.1%], loss=0.0520, dgw=0.0520, reg=0.0000, time=35.26s.
-- 100/373 [26.8%], loss=0.0523, dgw=0.0523, reg=0.0000, time=33.33s.
-- 125/373 [33.5%], loss=0.0521, dgw=0.0521, reg=0.0000, time=28.10s.
-- 150/373 [40.2%], loss=0.0535, dgw=0.0535, reg=0.0000, time=37.64s.
-- 175/373 [46.9%], loss=0.0514, dgw=0.0514, reg=0.0000, time=26.94s.
-- 200/373 [53.6%], loss=0.0534, dgw=0.0534, reg=0.0000, time=39.84s.
-- 225/373 [60.3%], loss=0.0518, dgw=0.0518, reg=0.0000, time=36.89s.
-- 250/373 [67.0%], loss=0.0527, dgw=0.0527, reg=0.0000, time=32.22s.
-- 275/373 [73.7%], loss=0.0540, dgw=0.0540, reg=0.0000, time=39.90s.
-- 300/373 [80.4%], loss=0.0542, dgw=0.0542, reg=0.0000, time=26.64s.
-- 325/373 [87.1%], loss=0.0501, dgw=0.0501, reg=0.0000, time=31.17s.
-- 350/373 [93.8%], loss=0.0514, dgw=0.0514, reg=0.0000, time=29.84s.
-- 373/373 [100.0%], loss=0.0501, dgw=0.0501, reg=0.0000, time=30.92s.
fit: Epoch 15/15, loss = 0.0526, best loss = 0.0526
results/tumblr_ct1_Chen_GW_usl_tsne_fit_15.pdf
Best Acc  : 0.5308310991957105
Rand Score: 0.5005621378534982
Done!
