-- 25/373 [6.7%], loss=0.2490, dgw=0.2490, reg=0.0000, time=35.76s.
-- 50/373 [13.4%], loss=0.2480, dgw=0.2480, reg=0.0000, time=46.24s.
-- 75/373 [20.1%], loss=0.2455, dgw=0.2455, reg=0.0000, time=47.25s.
-- 100/373 [26.8%], loss=0.2429, dgw=0.2429, reg=0.0000, time=46.95s.
-- 125/373 [33.5%], loss=0.2408, dgw=0.2408, reg=0.0000, time=51.91s.
-- 150/373 [40.2%], loss=0.2383, dgw=0.2383, reg=0.0000, time=44.58s.
-- 175/373 [46.9%], loss=0.2354, dgw=0.2354, reg=0.0000, time=42.90s.
-- 200/373 [53.6%], loss=0.2349, dgw=0.2349, reg=0.0000, time=53.85s.
-- 225/373 [60.3%], loss=0.2320, dgw=0.2320, reg=0.0000, time=49.57s.
-- 250/373 [67.0%], loss=0.2308, dgw=0.2308, reg=0.0000, time=48.00s.
-- 275/373 [73.7%], loss=0.2287, dgw=0.2287, reg=0.0000, time=49.32s.
-- 300/373 [80.4%], loss=0.2246, dgw=0.2246, reg=0.0000, time=49.00s.
-- 325/373 [87.1%], loss=0.2234, dgw=0.2234, reg=0.0000, time=24.68s.
-- 350/373 [93.8%], loss=0.2221, dgw=0.2221, reg=0.0000, time=48.47s.
-- 373/373 [100.0%], loss=0.2192, dgw=0.2192, reg=0.0000, time=55.18s.
fit: Epoch 1/15, loss = 0.2345, best loss = 0.2345
results/tumblr_ct1_Chen_GW_usl_tsne_fit_1.pdf
-- 25/373 [6.7%], loss=0.2165, dgw=0.2165, reg=0.0000, time=32.91s.
-- 50/373 [13.4%], loss=0.2163, dgw=0.2163, reg=0.0000, time=37.77s.
-- 75/373 [20.1%], loss=0.2141, dgw=0.2141, reg=0.0000, time=58.98s.
-- 100/373 [26.8%], loss=0.2108, dgw=0.2108, reg=0.0000, time=43.58s.
-- 125/373 [33.5%], loss=0.2091, dgw=0.2091, reg=0.0000, time=35.36s.
-- 150/373 [40.2%], loss=0.2076, dgw=0.2076, reg=0.0000, time=45.87s.
-- 175/373 [46.9%], loss=0.2048, dgw=0.2048, reg=0.0000, time=52.86s.
-- 200/373 [53.6%], loss=0.2031, dgw=0.2031, reg=0.0000, time=64.62s.
-- 225/373 [60.3%], loss=0.2006, dgw=0.2006, reg=0.0000, time=51.22s.
-- 250/373 [67.0%], loss=0.2003, dgw=0.2003, reg=0.0000, time=45.75s.
-- 275/373 [73.7%], loss=0.1977, dgw=0.1977, reg=0.0000, time=46.38s.
-- 300/373 [80.4%], loss=0.1948, dgw=0.1948, reg=0.0000, time=52.73s.
-- 325/373 [87.1%], loss=0.1925, dgw=0.1925, reg=0.0000, time=66.01s.
-- 350/373 [93.8%], loss=0.1929, dgw=0.1929, reg=0.0000, time=61.60s.
-- 373/373 [100.0%], loss=0.1894, dgw=0.1894, reg=0.0000, time=42.19s.
fit: Epoch 2/15, loss = 0.2034, best loss = 0.2034
results/tumblr_ct1_Chen_GW_usl_tsne_fit_2.pdf
-- 25/373 [6.7%], loss=0.1885, dgw=0.1885, reg=0.0000, time=30.85s.
-- 50/373 [13.4%], loss=0.1872, dgw=0.1872, reg=0.0000, time=48.20s.
-- 75/373 [20.1%], loss=0.1836, dgw=0.1836, reg=0.0000, time=32.29s.
-- 100/373 [26.8%], loss=0.1816, dgw=0.1816, reg=0.0000, time=47.97s.
-- 125/373 [33.5%], loss=0.1795, dgw=0.1795, reg=0.0000, time=57.78s.
-- 150/373 [40.2%], loss=0.1800, dgw=0.1800, reg=0.0000, time=57.54s.
-- 175/373 [46.9%], loss=0.1785, dgw=0.1785, reg=0.0000, time=55.46s.
-- 200/373 [53.6%], loss=0.1758, dgw=0.1758, reg=0.0000, time=54.06s.
-- 225/373 [60.3%], loss=0.1746, dgw=0.1746, reg=0.0000, time=47.76s.
-- 250/373 [67.0%], loss=0.1728, dgw=0.1728, reg=0.0000, time=51.65s.
-- 275/373 [73.7%], loss=0.1702, dgw=0.1702, reg=0.0000, time=44.02s.
-- 300/373 [80.4%], loss=0.1700, dgw=0.1700, reg=0.0000, time=49.30s.
-- 325/373 [87.1%], loss=0.1682, dgw=0.1682, reg=0.0000, time=38.54s.
-- 350/373 [93.8%], loss=0.1657, dgw=0.1657, reg=0.0000, time=48.52s.
-- 373/373 [100.0%], loss=0.1647, dgw=0.1647, reg=0.0000, time=46.07s.
fit: Epoch 3/15, loss = 0.1761, best loss = 0.1761
results/tumblr_ct1_Chen_GW_usl_tsne_fit_3.pdf
-- 25/373 [6.7%], loss=0.1621, dgw=0.1621, reg=0.0000, time=43.51s.
-- 50/373 [13.4%], loss=0.1613, dgw=0.1613, reg=0.0000, time=35.27s.
-- 75/373 [20.1%], loss=0.1593, dgw=0.1593, reg=0.0000, time=23.56s.
-- 100/373 [26.8%], loss=0.1573, dgw=0.1573, reg=0.0000, time=30.46s.
-- 125/373 [33.5%], loss=0.1564, dgw=0.1564, reg=0.0000, time=41.04s.
-- 150/373 [40.2%], loss=0.1567, dgw=0.1567, reg=0.0000, time=45.73s.
-- 175/373 [46.9%], loss=0.1545, dgw=0.1545, reg=0.0000, time=42.68s.
-- 200/373 [53.6%], loss=0.1526, dgw=0.1526, reg=0.0000, time=40.53s.
-- 225/373 [60.3%], loss=0.1510, dgw=0.1510, reg=0.0000, time=60.24s.
-- 250/373 [67.0%], loss=0.1499, dgw=0.1499, reg=0.0000, time=47.83s.
-- 275/373 [73.7%], loss=0.1492, dgw=0.1492, reg=0.0000, time=38.93s.
-- 300/373 [80.4%], loss=0.1473, dgw=0.1473, reg=0.0000, time=38.70s.
-- 325/373 [87.1%], loss=0.1453, dgw=0.1453, reg=0.0000, time=43.97s.
-- 350/373 [93.8%], loss=0.1447, dgw=0.1447, reg=0.0000, time=46.11s.
-- 373/373 [100.0%], loss=0.1425, dgw=0.1425, reg=0.0000, time=40.25s.
fit: Epoch 4/15, loss = 0.1527, best loss = 0.1527
results/tumblr_ct1_Chen_GW_usl_tsne_fit_4.pdf
-- 25/373 [6.7%], loss=0.1422, dgw=0.1422, reg=0.0000, time=31.97s.
-- 50/373 [13.4%], loss=0.1401, dgw=0.1401, reg=0.0000, time=41.53s.
-- 75/373 [20.1%], loss=0.1385, dgw=0.1385, reg=0.0000, time=48.70s.
-- 100/373 [26.8%], loss=0.1379, dgw=0.1379, reg=0.0000, time=50.76s.
-- 125/373 [33.5%], loss=0.1367, dgw=0.1367, reg=0.0000, time=31.92s.
-- 150/373 [40.2%], loss=0.1346, dgw=0.1346, reg=0.0000, time=38.03s.
-- 175/373 [46.9%], loss=0.1339, dgw=0.1339, reg=0.0000, time=43.05s.
-- 200/373 [53.6%], loss=0.1336, dgw=0.1336, reg=0.0000, time=58.90s.
-- 225/373 [60.3%], loss=0.1320, dgw=0.1320, reg=0.0000, time=47.18s.
-- 250/373 [67.0%], loss=0.1302, dgw=0.1302, reg=0.0000, time=44.33s.
-- 275/373 [73.7%], loss=0.1282, dgw=0.1282, reg=0.0000, time=46.56s.
-- 300/373 [80.4%], loss=0.1291, dgw=0.1291, reg=0.0000, time=52.77s.
-- 325/373 [87.1%], loss=0.1278, dgw=0.1278, reg=0.0000, time=41.36s.
-- 350/373 [93.8%], loss=0.1260, dgw=0.1260, reg=0.0000, time=52.75s.
-- 373/373 [100.0%], loss=0.1249, dgw=0.1249, reg=0.0000, time=48.04s.
fit: Epoch 5/15, loss = 0.1331, best loss = 0.1331
results/tumblr_ct1_Chen_GW_usl_tsne_fit_5.pdf
-- 25/373 [6.7%], loss=0.1238, dgw=0.1238, reg=0.0000, time=42.37s.
-- 50/373 [13.4%], loss=0.1215, dgw=0.1215, reg=0.0000, time=55.59s.
-- 75/373 [20.1%], loss=0.1215, dgw=0.1215, reg=0.0000, time=41.11s.
-- 100/373 [26.8%], loss=0.1196, dgw=0.1196, reg=0.0000, time=49.74s.
-- 125/373 [33.5%], loss=0.1205, dgw=0.1205, reg=0.0000, time=55.83s.
-- 150/373 [40.2%], loss=0.1189, dgw=0.1189, reg=0.0000, time=59.26s.
-- 175/373 [46.9%], loss=0.1178, dgw=0.1178, reg=0.0000, time=57.30s.
-- 200/373 [53.6%], loss=0.1176, dgw=0.1176, reg=0.0000, time=53.66s.
-- 225/373 [60.3%], loss=0.1149, dgw=0.1149, reg=0.0000, time=49.22s.
-- 250/373 [67.0%], loss=0.1148, dgw=0.1148, reg=0.0000, time=52.04s.
-- 275/373 [73.7%], loss=0.1151, dgw=0.1151, reg=0.0000, time=50.89s.
-- 300/373 [80.4%], loss=0.1134, dgw=0.1134, reg=0.0000, time=54.46s.
-- 325/373 [87.1%], loss=0.1107, dgw=0.1107, reg=0.0000, time=43.88s.
-- 350/373 [93.8%], loss=0.1107, dgw=0.1107, reg=0.0000, time=38.38s.
-- 373/373 [100.0%], loss=0.1106, dgw=0.1106, reg=0.0000, time=51.70s.
fit: Epoch 6/15, loss = 0.1168, best loss = 0.1168
results/tumblr_ct1_Chen_GW_usl_tsne_fit_6.pdf
-- 25/373 [6.7%], loss=0.1096, dgw=0.1096, reg=0.0000, time=52.95s.
-- 50/373 [13.4%], loss=0.1083, dgw=0.1083, reg=0.0000, time=50.06s.
-- 75/373 [20.1%], loss=0.1084, dgw=0.1084, reg=0.0000, time=31.07s.
-- 100/373 [26.8%], loss=0.1067, dgw=0.1067, reg=0.0000, time=30.98s.
-- 125/373 [33.5%], loss=0.1064, dgw=0.1064, reg=0.0000, time=39.78s.
-- 150/373 [40.2%], loss=0.1039, dgw=0.1039, reg=0.0000, time=52.06s.
-- 175/373 [46.9%], loss=0.1041, dgw=0.1041, reg=0.0000, time=59.36s.
-- 200/373 [53.6%], loss=0.1036, dgw=0.1036, reg=0.0000, time=54.90s.
-- 225/373 [60.3%], loss=0.1017, dgw=0.1017, reg=0.0000, time=56.10s.
-- 250/373 [67.0%], loss=0.1015, dgw=0.1015, reg=0.0000, time=43.94s.
-- 275/373 [73.7%], loss=0.0987, dgw=0.0987, reg=0.0000, time=43.67s.
-- 300/373 [80.4%], loss=0.0988, dgw=0.0988, reg=0.0000, time=34.75s.
-- 325/373 [87.1%], loss=0.0989, dgw=0.0989, reg=0.0000, time=53.25s.
-- 350/373 [93.8%], loss=0.0998, dgw=0.0998, reg=0.0000, time=45.09s.
-- 373/373 [100.0%], loss=0.0987, dgw=0.0987, reg=0.0000, time=36.81s.
fit: Epoch 7/15, loss = 0.1033, best loss = 0.1033
results/tumblr_ct1_Chen_GW_usl_tsne_fit_7.pdf
-- 25/373 [6.7%], loss=0.0965, dgw=0.0965, reg=0.0000, time=45.45s.
-- 50/373 [13.4%], loss=0.0972, dgw=0.0972, reg=0.0000, time=54.38s.
-- 75/373 [20.1%], loss=0.0965, dgw=0.0965, reg=0.0000, time=52.80s.
-- 100/373 [26.8%], loss=0.0951, dgw=0.0951, reg=0.0000, time=43.36s.
-- 125/373 [33.5%], loss=0.0943, dgw=0.0943, reg=0.0000, time=56.75s.
-- 150/373 [40.2%], loss=0.0925, dgw=0.0925, reg=0.0000, time=62.87s.
-- 175/373 [46.9%], loss=0.0918, dgw=0.0918, reg=0.0000, time=59.77s.
-- 200/373 [53.6%], loss=0.0920, dgw=0.0920, reg=0.0000, time=28.53s.
-- 225/373 [60.3%], loss=0.0915, dgw=0.0915, reg=0.0000, time=53.08s.
-- 250/373 [67.0%], loss=0.0920, dgw=0.0920, reg=0.0000, time=49.38s.
-- 275/373 [73.7%], loss=0.0894, dgw=0.0894, reg=0.0000, time=38.48s.
-- 300/373 [80.4%], loss=0.0895, dgw=0.0895, reg=0.0000, time=44.59s.
-- 325/373 [87.1%], loss=0.0881, dgw=0.0881, reg=0.0000, time=45.60s.
-- 350/373 [93.8%], loss=0.0877, dgw=0.0877, reg=0.0000, time=25.06s.
-- 373/373 [100.0%], loss=0.0882, dgw=0.0882, reg=0.0000, time=28.60s.
fit: Epoch 8/15, loss = 0.0922, best loss = 0.0922
results/tumblr_ct1_Chen_GW_usl_tsne_fit_8.pdf
-- 25/373 [6.7%], loss=0.0867, dgw=0.0867, reg=0.0000, time=43.42s.
-- 50/373 [13.4%], loss=0.0851, dgw=0.0851, reg=0.0000, time=47.92s.
-- 75/373 [20.1%], loss=0.0859, dgw=0.0859, reg=0.0000, time=61.67s.
-- 100/373 [26.8%], loss=0.0857, dgw=0.0857, reg=0.0000, time=48.95s.
-- 125/373 [33.5%], loss=0.0836, dgw=0.0836, reg=0.0000, time=30.99s.
-- 150/373 [40.2%], loss=0.0836, dgw=0.0836, reg=0.0000, time=49.94s.
-- 175/373 [46.9%], loss=0.0848, dgw=0.0848, reg=0.0000, time=45.65s.
-- 200/373 [53.6%], loss=0.0834, dgw=0.0834, reg=0.0000, time=39.23s.
-- 225/373 [60.3%], loss=0.0820, dgw=0.0820, reg=0.0000, time=46.13s.
-- 250/373 [67.0%], loss=0.0826, dgw=0.0826, reg=0.0000, time=40.30s.
-- 275/373 [73.7%], loss=0.0821, dgw=0.0821, reg=0.0000, time=48.83s.
-- 300/373 [80.4%], loss=0.0805, dgw=0.0805, reg=0.0000, time=51.92s.
-- 325/373 [87.1%], loss=0.0784, dgw=0.0784, reg=0.0000, time=39.92s.
-- 350/373 [93.8%], loss=0.0805, dgw=0.0805, reg=0.0000, time=49.90s.
-- 373/373 [100.0%], loss=0.0802, dgw=0.0802, reg=0.0000, time=39.98s.
fit: Epoch 9/15, loss = 0.0830, best loss = 0.0830
results/tumblr_ct1_Chen_GW_usl_tsne_fit_9.pdf
-- 25/373 [6.7%], loss=0.0776, dgw=0.0776, reg=0.0000, time=24.54s.
-- 50/373 [13.4%], loss=0.0769, dgw=0.0769, reg=0.0000, time=43.31s.
-- 75/373 [20.1%], loss=0.0765, dgw=0.0765, reg=0.0000, time=54.51s.
-- 100/373 [26.8%], loss=0.0782, dgw=0.0782, reg=0.0000, time=46.31s.
-- 125/373 [33.5%], loss=0.0770, dgw=0.0770, reg=0.0000, time=37.10s.
-- 150/373 [40.2%], loss=0.0776, dgw=0.0776, reg=0.0000, time=53.00s.
-- 175/373 [46.9%], loss=0.0777, dgw=0.0777, reg=0.0000, time=39.87s.
-- 200/373 [53.6%], loss=0.0765, dgw=0.0765, reg=0.0000, time=36.41s.
-- 225/373 [60.3%], loss=0.0728, dgw=0.0728, reg=0.0000, time=48.92s.
-- 250/373 [67.0%], loss=0.0738, dgw=0.0738, reg=0.0000, time=41.21s.
-- 275/373 [73.7%], loss=0.0742, dgw=0.0742, reg=0.0000, time=33.45s.
-- 300/373 [80.4%], loss=0.0745, dgw=0.0745, reg=0.0000, time=36.17s.
-- 325/373 [87.1%], loss=0.0734, dgw=0.0734, reg=0.0000, time=51.71s.
-- 350/373 [93.8%], loss=0.0721, dgw=0.0721, reg=0.0000, time=37.71s.
-- 373/373 [100.0%], loss=0.0724, dgw=0.0724, reg=0.0000, time=35.64s.
fit: Epoch 10/15, loss = 0.0754, best loss = 0.0754
results/tumblr_ct1_Chen_GW_usl_tsne_fit_10.pdf
-- 25/373 [6.7%], loss=0.0725, dgw=0.0725, reg=0.0000, time=35.76s.
-- 50/373 [13.4%], loss=0.0712, dgw=0.0712, reg=0.0000, time=45.05s.
-- 75/373 [20.1%], loss=0.0717, dgw=0.0717, reg=0.0000, time=31.55s.
-- 100/373 [26.8%], loss=0.0693, dgw=0.0693, reg=0.0000, time=33.38s.
-- 125/373 [33.5%], loss=0.0703, dgw=0.0703, reg=0.0000, time=50.33s.
-- 150/373 [40.2%], loss=0.0686, dgw=0.0686, reg=0.0000, time=44.36s.
-- 175/373 [46.9%], loss=0.0688, dgw=0.0688, reg=0.0000, time=44.04s.
-- 200/373 [53.6%], loss=0.0693, dgw=0.0693, reg=0.0000, time=49.41s.
-- 225/373 [60.3%], loss=0.0682, dgw=0.0682, reg=0.0000, time=37.72s.
-- 250/373 [67.0%], loss=0.0691, dgw=0.0691, reg=0.0000, time=35.68s.
-- 275/373 [73.7%], loss=0.0677, dgw=0.0677, reg=0.0000, time=41.55s.
-- 300/373 [80.4%], loss=0.0675, dgw=0.0675, reg=0.0000, time=46.21s.
-- 325/373 [87.1%], loss=0.0681, dgw=0.0681, reg=0.0000, time=30.14s.
-- 350/373 [93.8%], loss=0.0670, dgw=0.0670, reg=0.0000, time=29.63s.
-- 373/373 [100.0%], loss=0.0676, dgw=0.0676, reg=0.0000, time=33.80s.
fit: Epoch 11/15, loss = 0.0691, best loss = 0.0691
results/tumblr_ct1_Chen_GW_usl_tsne_fit_11.pdf
-- 25/373 [6.7%], loss=0.0637, dgw=0.0637, reg=0.0000, time=40.81s.
-- 50/373 [13.4%], loss=0.0675, dgw=0.0675, reg=0.0000, time=29.64s.
-- 75/373 [20.1%], loss=0.0650, dgw=0.0650, reg=0.0000, time=38.85s.
-- 100/373 [26.8%], loss=0.0647, dgw=0.0647, reg=0.0000, time=48.10s.
-- 125/373 [33.5%], loss=0.0655, dgw=0.0655, reg=0.0000, time=37.72s.
-- 150/373 [40.2%], loss=0.0664, dgw=0.0664, reg=0.0000, time=41.24s.
-- 175/373 [46.9%], loss=0.0650, dgw=0.0650, reg=0.0000, time=37.81s.
-- 200/373 [53.6%], loss=0.0630, dgw=0.0630, reg=0.0000, time=21.71s.
-- 225/373 [60.3%], loss=0.0637, dgw=0.0637, reg=0.0000, time=39.32s.
-- 250/373 [67.0%], loss=0.0648, dgw=0.0648, reg=0.0000, time=46.01s.
-- 275/373 [73.7%], loss=0.0626, dgw=0.0626, reg=0.0000, time=48.19s.
-- 300/373 [80.4%], loss=0.0613, dgw=0.0613, reg=0.0000, time=41.19s.
-- 325/373 [87.1%], loss=0.0630, dgw=0.0630, reg=0.0000, time=42.22s.
-- 350/373 [93.8%], loss=0.0610, dgw=0.0610, reg=0.0000, time=35.41s.
-- 373/373 [100.0%], loss=0.0607, dgw=0.0607, reg=0.0000, time=19.53s.
fit: Epoch 12/15, loss = 0.0639, best loss = 0.0639
results/tumblr_ct1_Chen_GW_usl_tsne_fit_12.pdf
-- 25/373 [6.7%], loss=0.0622, dgw=0.0622, reg=0.0000, time=33.59s.
-- 50/373 [13.4%], loss=0.0613, dgw=0.0613, reg=0.0000, time=42.28s.
-- 75/373 [20.1%], loss=0.0611, dgw=0.0611, reg=0.0000, time=29.98s.
-- 100/373 [26.8%], loss=0.0606, dgw=0.0606, reg=0.0000, time=32.40s.
-- 125/373 [33.5%], loss=0.0607, dgw=0.0607, reg=0.0000, time=32.90s.
-- 150/373 [40.2%], loss=0.0584, dgw=0.0584, reg=0.0000, time=23.22s.
-- 175/373 [46.9%], loss=0.0608, dgw=0.0608, reg=0.0000, time=39.39s.
-- 200/373 [53.6%], loss=0.0588, dgw=0.0588, reg=0.0000, time=38.52s.
-- 225/373 [60.3%], loss=0.0600, dgw=0.0600, reg=0.0000, time=29.59s.
-- 250/373 [67.0%], loss=0.0581, dgw=0.0581, reg=0.0000, time=37.26s.
-- 275/373 [73.7%], loss=0.0579, dgw=0.0579, reg=0.0000, time=42.61s.
-- 300/373 [80.4%], loss=0.0569, dgw=0.0569, reg=0.0000, time=46.57s.
-- 325/373 [87.1%], loss=0.0588, dgw=0.0588, reg=0.0000, time=45.61s.
-- 350/373 [93.8%], loss=0.0575, dgw=0.0575, reg=0.0000, time=37.84s.
-- 373/373 [100.0%], loss=0.0592, dgw=0.0592, reg=0.0000, time=33.68s.
fit: Epoch 13/15, loss = 0.0595, best loss = 0.0595
results/tumblr_ct1_Chen_GW_usl_tsne_fit_13.pdf
-- 25/373 [6.7%], loss=0.0579, dgw=0.0579, reg=0.0000, time=32.19s.
-- 50/373 [13.4%], loss=0.0585, dgw=0.0585, reg=0.0000, time=42.23s.
-- 75/373 [20.1%], loss=0.0568, dgw=0.0568, reg=0.0000, time=30.67s.
-- 100/373 [26.8%], loss=0.0585, dgw=0.0585, reg=0.0000, time=40.87s.
-- 125/373 [33.5%], loss=0.0551, dgw=0.0551, reg=0.0000, time=43.87s.
-- 150/373 [40.2%], loss=0.0541, dgw=0.0541, reg=0.0000, time=36.11s.
-- 175/373 [46.9%], loss=0.0575, dgw=0.0575, reg=0.0000, time=33.54s.
-- 200/373 [53.6%], loss=0.0547, dgw=0.0547, reg=0.0000, time=38.13s.
-- 225/373 [60.3%], loss=0.0561, dgw=0.0561, reg=0.0000, time=31.10s.
-- 250/373 [67.0%], loss=0.0538, dgw=0.0538, reg=0.0000, time=32.38s.
-- 275/373 [73.7%], loss=0.0567, dgw=0.0567, reg=0.0000, time=36.12s.
-- 300/373 [80.4%], loss=0.0548, dgw=0.0548, reg=0.0000, time=41.23s.
-- 325/373 [87.1%], loss=0.0541, dgw=0.0541, reg=0.0000, time=45.24s.
-- 350/373 [93.8%], loss=0.0550, dgw=0.0550, reg=0.0000, time=36.59s.
-- 373/373 [100.0%], loss=0.0536, dgw=0.0536, reg=0.0000, time=33.09s.
fit: Epoch 14/15, loss = 0.0558, best loss = 0.0558
results/tumblr_ct1_Chen_GW_usl_tsne_fit_14.pdf
-- 25/373 [6.7%], loss=0.0554, dgw=0.0554, reg=0.0000, time=24.86s.
-- 50/373 [13.4%], loss=0.0553, dgw=0.0553, reg=0.0000, time=37.06s.
-- 75/373 [20.1%], loss=0.0520, dgw=0.0520, reg=0.0000, time=42.65s.
-- 100/373 [26.8%], loss=0.0557, dgw=0.0557, reg=0.0000, time=43.17s.
-- 125/373 [33.5%], loss=0.0824, dgw=0.0824, reg=0.0000, time=44.85s.
-- 150/373 [40.2%], loss=0.0535, dgw=0.0535, reg=0.0000, time=40.28s.
-- 175/373 [46.9%], loss=0.0535, dgw=0.0535, reg=0.0000, time=27.04s.
-- 200/373 [53.6%], loss=0.0530, dgw=0.0530, reg=0.0000, time=28.93s.
-- 225/373 [60.3%], loss=0.0522, dgw=0.0522, reg=0.0000, time=37.11s.
-- 250/373 [67.0%], loss=0.0495, dgw=0.0495, reg=0.0000, time=47.50s.
-- 275/373 [73.7%], loss=0.0517, dgw=0.0517, reg=0.0000, time=33.73s.
-- 300/373 [80.4%], loss=0.0526, dgw=0.0526, reg=0.0000, time=25.70s.
-- 325/373 [87.1%], loss=0.0498, dgw=0.0498, reg=0.0000, time=38.92s.
-- 350/373 [93.8%], loss=0.0498, dgw=0.0498, reg=0.0000, time=42.02s.
-- 373/373 [100.0%], loss=0.0522, dgw=0.0522, reg=0.0000, time=25.41s.
fit: Epoch 15/15, loss = 0.0546, best loss = 0.0546
results/tumblr_ct1_Chen_GW_usl_tsne_fit_15.pdf
Best Acc  : 0.5040214477211796
Rand Score: 0.4986883450085041
Done!
