-- 25/373 [6.7%], loss=0.2491, dgw=0.2491, reg=0.0000, time=30.89s.
-- 50/373 [13.4%], loss=0.2473, dgw=0.2473, reg=0.0000, time=33.72s.
-- 75/373 [20.1%], loss=0.2432, dgw=0.2432, reg=0.0000, time=53.61s.
-- 100/373 [26.8%], loss=0.2430, dgw=0.2430, reg=0.0000, time=58.33s.
-- 125/373 [33.5%], loss=0.2396, dgw=0.2396, reg=0.0000, time=58.75s.
-- 150/373 [40.2%], loss=0.2382, dgw=0.2382, reg=0.0000, time=61.97s.
-- 175/373 [46.9%], loss=0.2351, dgw=0.2351, reg=0.0000, time=68.90s.
-- 200/373 [53.6%], loss=0.2333, dgw=0.2333, reg=0.0000, time=74.14s.
-- 225/373 [60.3%], loss=0.2311, dgw=0.2311, reg=0.0000, time=75.47s.
-- 250/373 [67.0%], loss=0.2306, dgw=0.2306, reg=0.0000, time=88.35s.
-- 275/373 [73.7%], loss=0.2273, dgw=0.2273, reg=0.0000, time=55.96s.
-- 300/373 [80.4%], loss=0.2246, dgw=0.2246, reg=0.0000, time=75.89s.
-- 325/373 [87.1%], loss=0.2223, dgw=0.2223, reg=0.0000, time=63.78s.
-- 350/373 [93.8%], loss=0.2214, dgw=0.2214, reg=0.0000, time=57.21s.
-- 373/373 [100.0%], loss=0.2185, dgw=0.2185, reg=0.0000, time=65.86s.
fit: Epoch 1/15, loss = 0.2337, best loss = 0.2337
results/tumblr_ct1_Chen_GW_usl_tsne_fit_1.pdf
-- 25/373 [6.7%], loss=0.2165, dgw=0.2165, reg=0.0000, time=79.78s.
-- 50/373 [13.4%], loss=0.2141, dgw=0.2141, reg=0.0000, time=68.32s.
-- 75/373 [20.1%], loss=0.2128, dgw=0.2128, reg=0.0000, time=60.54s.
-- 100/373 [26.8%], loss=0.2097, dgw=0.2097, reg=0.0000, time=65.85s.
-- 125/373 [33.5%], loss=0.2082, dgw=0.2082, reg=0.0000, time=63.32s.
-- 150/373 [40.2%], loss=0.2062, dgw=0.2062, reg=0.0000, time=60.59s.
-- 175/373 [46.9%], loss=0.2052, dgw=0.2052, reg=0.0000, time=77.13s.
-- 200/373 [53.6%], loss=0.2024, dgw=0.2024, reg=0.0000, time=56.05s.
-- 225/373 [60.3%], loss=0.2014, dgw=0.2014, reg=0.0000, time=85.69s.
-- 250/373 [67.0%], loss=0.1984, dgw=0.1984, reg=0.0000, time=78.87s.
-- 275/373 [73.7%], loss=0.1971, dgw=0.1971, reg=0.0000, time=67.24s.
-- 300/373 [80.4%], loss=0.1941, dgw=0.1941, reg=0.0000, time=64.06s.
-- 325/373 [87.1%], loss=0.1930, dgw=0.1930, reg=0.0000, time=66.55s.
-- 350/373 [93.8%], loss=0.1911, dgw=0.1911, reg=0.0000, time=78.47s.
-- 373/373 [100.0%], loss=0.1898, dgw=0.1898, reg=0.0000, time=63.52s.
fit: Epoch 2/15, loss = 0.2027, best loss = 0.2027
results/tumblr_ct1_Chen_GW_usl_tsne_fit_2.pdf
-- 25/373 [6.7%], loss=0.1877, dgw=0.1877, reg=0.0000, time=79.09s.
-- 50/373 [13.4%], loss=0.1843, dgw=0.1843, reg=0.0000, time=48.05s.
-- 75/373 [20.1%], loss=0.1835, dgw=0.1835, reg=0.0000, time=67.32s.
-- 100/373 [26.8%], loss=0.1820, dgw=0.1820, reg=0.0000, time=75.30s.
-- 125/373 [33.5%], loss=0.1804, dgw=0.1804, reg=0.0000, time=72.64s.
-- 150/373 [40.2%], loss=0.1790, dgw=0.1790, reg=0.0000, time=87.05s.
-- 175/373 [46.9%], loss=0.1762, dgw=0.1762, reg=0.0000, time=88.26s.
-- 200/373 [53.6%], loss=0.1748, dgw=0.1748, reg=0.0000, time=79.34s.
-- 225/373 [60.3%], loss=0.1743, dgw=0.1743, reg=0.0000, time=84.19s.
-- 250/373 [67.0%], loss=0.1725, dgw=0.1725, reg=0.0000, time=64.48s.
-- 275/373 [73.7%], loss=0.1723, dgw=0.1723, reg=0.0000, time=67.14s.
-- 300/373 [80.4%], loss=0.1684, dgw=0.1684, reg=0.0000, time=62.69s.
-- 325/373 [87.1%], loss=0.1665, dgw=0.1665, reg=0.0000, time=82.23s.
-- 350/373 [93.8%], loss=0.1657, dgw=0.1657, reg=0.0000, time=86.65s.
-- 373/373 [100.0%], loss=0.1636, dgw=0.1636, reg=0.0000, time=90.34s.
fit: Epoch 3/15, loss = 0.1755, best loss = 0.1755
results/tumblr_ct1_Chen_GW_usl_tsne_fit_3.pdf
-- 25/373 [6.7%], loss=0.1605, dgw=0.1605, reg=0.0000, time=57.13s.
-- 50/373 [13.4%], loss=0.1615, dgw=0.1615, reg=0.0000, time=65.93s.
-- 75/373 [20.1%], loss=0.1598, dgw=0.1598, reg=0.0000, time=71.03s.
-- 100/373 [26.8%], loss=0.1575, dgw=0.1575, reg=0.0000, time=71.18s.
-- 125/373 [33.5%], loss=0.1565, dgw=0.1565, reg=0.0000, time=68.58s.
-- 150/373 [40.2%], loss=0.1552, dgw=0.1552, reg=0.0000, time=88.29s.
-- 175/373 [46.9%], loss=0.1525, dgw=0.1525, reg=0.0000, time=63.64s.
-- 200/373 [53.6%], loss=0.1530, dgw=0.1530, reg=0.0000, time=82.93s.
-- 225/373 [60.3%], loss=0.1501, dgw=0.1501, reg=0.0000, time=56.62s.
-- 250/373 [67.0%], loss=0.1490, dgw=0.1490, reg=0.0000, time=65.56s.
-- 275/373 [73.7%], loss=0.1483, dgw=0.1483, reg=0.0000, time=70.67s.
-- 300/373 [80.4%], loss=0.1458, dgw=0.1458, reg=0.0000, time=68.23s.
-- 325/373 [87.1%], loss=0.1447, dgw=0.1447, reg=0.0000, time=59.49s.
-- 350/373 [93.8%], loss=0.1440, dgw=0.1440, reg=0.0000, time=94.75s.
-- 373/373 [100.0%], loss=0.1432, dgw=0.1432, reg=0.0000, time=55.80s.
fit: Epoch 4/15, loss = 0.1522, best loss = 0.1522
results/tumblr_ct1_Chen_GW_usl_tsne_fit_4.pdf
-- 25/373 [6.7%], loss=0.1407, dgw=0.1407, reg=0.0000, time=52.43s.
-- 50/373 [13.4%], loss=0.1413, dgw=0.1413, reg=0.0000, time=87.51s.
-- 75/373 [20.1%], loss=0.1389, dgw=0.1389, reg=0.0000, time=52.43s.
-- 100/373 [26.8%], loss=0.1379, dgw=0.1379, reg=0.0000, time=84.79s.
-- 125/373 [33.5%], loss=0.1345, dgw=0.1345, reg=0.0000, time=61.18s.
-- 150/373 [40.2%], loss=0.1349, dgw=0.1349, reg=0.0000, time=70.59s.
-- 175/373 [46.9%], loss=0.1330, dgw=0.1330, reg=0.0000, time=69.18s.
-- 200/373 [53.6%], loss=0.1322, dgw=0.1322, reg=0.0000, time=65.29s.
-- 225/373 [60.3%], loss=0.1309, dgw=0.1309, reg=0.0000, time=42.92s.
-- 250/373 [67.0%], loss=0.1299, dgw=0.1299, reg=0.0000, time=59.84s.
-- 275/373 [73.7%], loss=0.1296, dgw=0.1296, reg=0.0000, time=79.79s.
-- 300/373 [80.4%], loss=0.1282, dgw=0.1282, reg=0.0000, time=70.99s.
-- 325/373 [87.1%], loss=0.1263, dgw=0.1263, reg=0.0000, time=74.53s.
-- 350/373 [93.8%], loss=0.1252, dgw=0.1252, reg=0.0000, time=84.60s.
-- 373/373 [100.0%], loss=0.1249, dgw=0.1249, reg=0.0000, time=78.72s.
fit: Epoch 5/15, loss = 0.1326, best loss = 0.1326
results/tumblr_ct1_Chen_GW_usl_tsne_fit_5.pdf
-- 25/373 [6.7%], loss=0.1230, dgw=0.1230, reg=0.0000, time=38.93s.
-- 50/373 [13.4%], loss=0.1225, dgw=0.1225, reg=0.0000, time=66.79s.
-- 75/373 [20.1%], loss=0.1214, dgw=0.1214, reg=0.0000, time=95.41s.
-- 100/373 [26.8%], loss=0.1207, dgw=0.1207, reg=0.0000, time=81.56s.
-- 125/373 [33.5%], loss=0.1191, dgw=0.1191, reg=0.0000, time=70.24s.
-- 150/373 [40.2%], loss=0.1185, dgw=0.1185, reg=0.0000, time=76.47s.
-- 175/373 [46.9%], loss=0.1168, dgw=0.1168, reg=0.0000, time=46.82s.
-- 200/373 [53.6%], loss=0.1160, dgw=0.1160, reg=0.0000, time=78.00s.
-- 225/373 [60.3%], loss=0.1154, dgw=0.1154, reg=0.0000, time=56.20s.
-- 250/373 [67.0%], loss=0.1133, dgw=0.1133, reg=0.0000, time=49.02s.
-- 275/373 [73.7%], loss=0.1135, dgw=0.1135, reg=0.0000, time=67.40s.
-- 300/373 [80.4%], loss=0.1122, dgw=0.1122, reg=0.0000, time=57.88s.
-- 325/373 [87.1%], loss=0.1126, dgw=0.1126, reg=0.0000, time=42.14s.
-- 350/373 [93.8%], loss=0.1109, dgw=0.1109, reg=0.0000, time=57.80s.
-- 373/373 [100.0%], loss=0.1094, dgw=0.1094, reg=0.0000, time=61.11s.
fit: Epoch 6/15, loss = 0.1164, best loss = 0.1164
results/tumblr_ct1_Chen_GW_usl_tsne_fit_6.pdf
-- 25/373 [6.7%], loss=0.1072, dgw=0.1072, reg=0.0000, time=45.90s.
-- 50/373 [13.4%], loss=0.1088, dgw=0.1088, reg=0.0000, time=59.31s.
-- 75/373 [20.1%], loss=0.1066, dgw=0.1066, reg=0.0000, time=79.84s.
-- 100/373 [26.8%], loss=0.1061, dgw=0.1061, reg=0.0000, time=46.05s.
-- 125/373 [33.5%], loss=0.1054, dgw=0.1054, reg=0.0000, time=53.18s.
-- 150/373 [40.2%], loss=0.1051, dgw=0.1051, reg=0.0000, time=50.03s.
-- 175/373 [46.9%], loss=0.1044, dgw=0.1044, reg=0.0000, time=63.06s.
-- 200/373 [53.6%], loss=0.1046, dgw=0.1046, reg=0.0000, time=68.67s.
-- 225/373 [60.3%], loss=0.1018, dgw=0.1018, reg=0.0000, time=56.00s.
-- 250/373 [67.0%], loss=0.1012, dgw=0.1012, reg=0.0000, time=72.14s.
-- 275/373 [73.7%], loss=0.0995, dgw=0.0995, reg=0.0000, time=76.21s.
-- 300/373 [80.4%], loss=0.0990, dgw=0.0990, reg=0.0000, time=52.55s.
-- 325/373 [87.1%], loss=0.0986, dgw=0.0986, reg=0.0000, time=54.90s.
-- 350/373 [93.8%], loss=0.0983, dgw=0.0983, reg=0.0000, time=62.33s.
-- 373/373 [100.0%], loss=0.0984, dgw=0.0984, reg=0.0000, time=42.23s.
fit: Epoch 7/15, loss = 0.1030, best loss = 0.1030
results/tumblr_ct1_Chen_GW_usl_tsne_fit_7.pdf
-- 25/373 [6.7%], loss=0.0959, dgw=0.0959, reg=0.0000, time=51.45s.
-- 50/373 [13.4%], loss=0.0962, dgw=0.0962, reg=0.0000, time=50.08s.
-- 75/373 [20.1%], loss=0.0954, dgw=0.0954, reg=0.0000, time=68.16s.
-- 100/373 [26.8%], loss=0.0941, dgw=0.0941, reg=0.0000, time=50.60s.
-- 125/373 [33.5%], loss=0.0941, dgw=0.0941, reg=0.0000, time=68.23s.
-- 150/373 [40.2%], loss=0.0929, dgw=0.0929, reg=0.0000, time=55.84s.
-- 175/373 [46.9%], loss=0.0915, dgw=0.0915, reg=0.0000, time=55.27s.
-- 200/373 [53.6%], loss=0.0926, dgw=0.0926, reg=0.0000, time=60.26s.
-- 225/373 [60.3%], loss=0.0911, dgw=0.0911, reg=0.0000, time=56.72s.
-- 250/373 [67.0%], loss=0.0907, dgw=0.0907, reg=0.0000, time=50.42s.
-- 275/373 [73.7%], loss=0.0906, dgw=0.0906, reg=0.0000, time=58.98s.
-- 300/373 [80.4%], loss=0.0897, dgw=0.0897, reg=0.0000, time=55.06s.
-- 325/373 [87.1%], loss=0.0888, dgw=0.0888, reg=0.0000, time=43.34s.
-- 350/373 [93.8%], loss=0.0885, dgw=0.0885, reg=0.0000, time=40.36s.
-- 373/373 [100.0%], loss=0.0877, dgw=0.0877, reg=0.0000, time=60.58s.
fit: Epoch 8/15, loss = 0.0920, best loss = 0.0920
results/tumblr_ct1_Chen_GW_usl_tsne_fit_8.pdf
-- 25/373 [6.7%], loss=0.0869, dgw=0.0869, reg=0.0000, time=42.93s.
-- 50/373 [13.4%], loss=0.0868, dgw=0.0868, reg=0.0000, time=48.55s.
-- 75/373 [20.1%], loss=0.0870, dgw=0.0870, reg=0.0000, time=50.77s.
-- 100/373 [26.8%], loss=0.0852, dgw=0.0852, reg=0.0000, time=50.83s.
-- 125/373 [33.5%], loss=0.0855, dgw=0.0855, reg=0.0000, time=52.83s.
-- 150/373 [40.2%], loss=0.0844, dgw=0.0844, reg=0.0000, time=53.04s.
-- 175/373 [46.9%], loss=0.0835, dgw=0.0835, reg=0.0000, time=32.60s.
-- 200/373 [53.6%], loss=0.0820, dgw=0.0820, reg=0.0000, time=64.97s.
-- 225/373 [60.3%], loss=0.0833, dgw=0.0833, reg=0.0000, time=60.81s.
-- 250/373 [67.0%], loss=0.0815, dgw=0.0815, reg=0.0000, time=51.56s.
-- 275/373 [73.7%], loss=0.0795, dgw=0.0795, reg=0.0000, time=63.44s.
-- 300/373 [80.4%], loss=0.0817, dgw=0.0817, reg=0.0000, time=57.37s.
-- 325/373 [87.1%], loss=0.0800, dgw=0.0800, reg=0.0000, time=53.73s.
-- 350/373 [93.8%], loss=0.0780, dgw=0.0780, reg=0.0000, time=54.25s.
-- 373/373 [100.0%], loss=0.0787, dgw=0.0787, reg=0.0000, time=37.94s.
fit: Epoch 9/15, loss = 0.0829, best loss = 0.0829
results/tumblr_ct1_Chen_GW_usl_tsne_fit_9.pdf
-- 25/373 [6.7%], loss=0.0780, dgw=0.0780, reg=0.0000, time=51.93s.
-- 50/373 [13.4%], loss=0.0782, dgw=0.0782, reg=0.0000, time=62.81s.
-- 75/373 [20.1%], loss=0.0788, dgw=0.0788, reg=0.0000, time=53.03s.
-- 100/373 [26.8%], loss=0.0766, dgw=0.0766, reg=0.0000, time=45.54s.
-- 125/373 [33.5%], loss=0.0785, dgw=0.0785, reg=0.0000, time=50.78s.
-- 150/373 [40.2%], loss=0.0762, dgw=0.0762, reg=0.0000, time=64.59s.
-- 175/373 [46.9%], loss=0.0752, dgw=0.0752, reg=0.0000, time=60.20s.
-- 200/373 [53.6%], loss=0.0752, dgw=0.0752, reg=0.0000, time=52.24s.
-- 225/373 [60.3%], loss=0.0766, dgw=0.0766, reg=0.0000, time=54.27s.
-- 250/373 [67.0%], loss=0.0744, dgw=0.0744, reg=0.0000, time=52.31s.
-- 275/373 [73.7%], loss=0.0728, dgw=0.0728, reg=0.0000, time=59.24s.
-- 300/373 [80.4%], loss=0.0722, dgw=0.0722, reg=0.0000, time=45.76s.
-- 325/373 [87.1%], loss=0.0724, dgw=0.0724, reg=0.0000, time=44.69s.
-- 350/373 [93.8%], loss=0.0739, dgw=0.0739, reg=0.0000, time=42.92s.
-- 373/373 [100.0%], loss=0.0727, dgw=0.0727, reg=0.0000, time=39.30s.
fit: Epoch 10/15, loss = 0.0755, best loss = 0.0755
results/tumblr_ct1_Chen_GW_usl_tsne_fit_10.pdf
-- 25/373 [6.7%], loss=0.0717, dgw=0.0717, reg=0.0000, time=54.67s.
-- 50/373 [13.4%], loss=0.0705, dgw=0.0705, reg=0.0000, time=47.32s.
-- 75/373 [20.1%], loss=0.0711, dgw=0.0711, reg=0.0000, time=61.23s.
-- 100/373 [26.8%], loss=0.0730, dgw=0.0730, reg=0.0000, time=65.86s.
-- 125/373 [33.5%], loss=0.0719, dgw=0.0719, reg=0.0000, time=59.53s.
-- 150/373 [40.2%], loss=0.0690, dgw=0.0690, reg=0.0000, time=56.60s.
-- 175/373 [46.9%], loss=0.0691, dgw=0.0691, reg=0.0000, time=56.86s.
-- 200/373 [53.6%], loss=0.0702, dgw=0.0702, reg=0.0000, time=48.83s.
-- 225/373 [60.3%], loss=0.0686, dgw=0.0686, reg=0.0000, time=58.85s.
-- 250/373 [67.0%], loss=0.0682, dgw=0.0682, reg=0.0000, time=77.56s.
-- 275/373 [73.7%], loss=0.0688, dgw=0.0688, reg=0.0000, time=49.21s.
-- 300/373 [80.4%], loss=0.0674, dgw=0.0674, reg=0.0000, time=44.86s.
-- 325/373 [87.1%], loss=0.0655, dgw=0.0655, reg=0.0000, time=46.66s.
-- 350/373 [93.8%], loss=0.0686, dgw=0.0686, reg=0.0000, time=44.94s.
-- 373/373 [100.0%], loss=0.0653, dgw=0.0653, reg=0.0000, time=44.66s.
fit: Epoch 11/15, loss = 0.0693, best loss = 0.0693
results/tumblr_ct1_Chen_GW_usl_tsne_fit_11.pdf
-- 25/373 [6.7%], loss=0.0662, dgw=0.0662, reg=0.0000, time=47.22s.
-- 50/373 [13.4%], loss=0.0651, dgw=0.0651, reg=0.0000, time=47.74s.
-- 75/373 [20.1%], loss=0.0677, dgw=0.0677, reg=0.0000, time=43.73s.
-- 100/373 [26.8%], loss=0.0650, dgw=0.0650, reg=0.0000, time=46.42s.
-- 125/373 [33.5%], loss=0.0632, dgw=0.0632, reg=0.0000, time=42.78s.
-- 150/373 [40.2%], loss=0.0655, dgw=0.0655, reg=0.0000, time=53.21s.
-- 175/373 [46.9%], loss=0.0638, dgw=0.0638, reg=0.0000, time=64.71s.
-- 200/373 [53.6%], loss=0.0653, dgw=0.0653, reg=0.0000, time=47.81s.
-- 225/373 [60.3%], loss=0.0637, dgw=0.0637, reg=0.0000, time=47.78s.
-- 250/373 [67.0%], loss=0.0657, dgw=0.0657, reg=0.0000, time=54.50s.
-- 275/373 [73.7%], loss=0.0624, dgw=0.0624, reg=0.0000, time=45.70s.
-- 300/373 [80.4%], loss=0.0628, dgw=0.0628, reg=0.0000, time=60.39s.
-- 325/373 [87.1%], loss=0.0623, dgw=0.0623, reg=0.0000, time=41.78s.
-- 350/373 [93.8%], loss=0.0618, dgw=0.0618, reg=0.0000, time=62.03s.
-- 373/373 [100.0%], loss=0.0613, dgw=0.0613, reg=0.0000, time=40.72s.
fit: Epoch 12/15, loss = 0.0641, best loss = 0.0641
results/tumblr_ct1_Chen_GW_usl_tsne_fit_12.pdf
-- 25/373 [6.7%], loss=0.0646, dgw=0.0646, reg=0.0000, time=46.31s.
-- 50/373 [13.4%], loss=0.0623, dgw=0.0623, reg=0.0000, time=38.30s.
-- 75/373 [20.1%], loss=0.0582, dgw=0.0582, reg=0.0000, time=39.38s.
-- 100/373 [26.8%], loss=0.0605, dgw=0.0605, reg=0.0000, time=40.98s.
-- 125/373 [33.5%], loss=0.0573, dgw=0.0573, reg=0.0000, time=39.44s.
-- 150/373 [40.2%], loss=0.0595, dgw=0.0595, reg=0.0000, time=51.31s.
-- 175/373 [46.9%], loss=0.0613, dgw=0.0613, reg=0.0000, time=34.28s.
-- 200/373 [53.6%], loss=0.0595, dgw=0.0595, reg=0.0000, time=34.06s.
-- 225/373 [60.3%], loss=0.0601, dgw=0.0601, reg=0.0000, time=52.56s.
-- 250/373 [67.0%], loss=0.0589, dgw=0.0589, reg=0.0000, time=40.58s.
-- 275/373 [73.7%], loss=0.0575, dgw=0.0575, reg=0.0000, time=38.56s.
-- 300/373 [80.4%], loss=0.0603, dgw=0.0603, reg=0.0000, time=44.17s.
-- 325/373 [87.1%], loss=0.0589, dgw=0.0589, reg=0.0000, time=42.24s.
-- 350/373 [93.8%], loss=0.0599, dgw=0.0599, reg=0.0000, time=47.88s.
-- 373/373 [100.0%], loss=0.0584, dgw=0.0584, reg=0.0000, time=42.21s.
fit: Epoch 13/15, loss = 0.0598, best loss = 0.0598
results/tumblr_ct1_Chen_GW_usl_tsne_fit_13.pdf
-- 25/373 [6.7%], loss=0.0592, dgw=0.0592, reg=0.0000, time=47.51s.
-- 50/373 [13.4%], loss=0.0577, dgw=0.0577, reg=0.0000, time=36.80s.
-- 75/373 [20.1%], loss=0.0576, dgw=0.0576, reg=0.0000, time=43.63s.
-- 100/373 [26.8%], loss=0.0568, dgw=0.0568, reg=0.0000, time=41.98s.
-- 125/373 [33.5%], loss=0.0570, dgw=0.0570, reg=0.0000, time=59.81s.
-- 150/373 [40.2%], loss=0.0557, dgw=0.0557, reg=0.0000, time=56.74s.
-- 175/373 [46.9%], loss=0.0573, dgw=0.0573, reg=0.0000, time=43.50s.
-- 200/373 [53.6%], loss=0.0555, dgw=0.0555, reg=0.0000, time=47.94s.
-- 225/373 [60.3%], loss=0.0563, dgw=0.0563, reg=0.0000, time=20.97s.
-- 250/373 [67.0%], loss=0.0534, dgw=0.0534, reg=0.0000, time=35.39s.
-- 275/373 [73.7%], loss=0.0568, dgw=0.0568, reg=0.0000, time=35.77s.
-- 300/373 [80.4%], loss=0.0532, dgw=0.0532, reg=0.0000, time=50.89s.
-- 325/373 [87.1%], loss=0.0569, dgw=0.0569, reg=0.0000, time=30.59s.
-- 350/373 [93.8%], loss=0.0536, dgw=0.0536, reg=0.0000, time=44.16s.
-- 373/373 [100.0%], loss=0.0558, dgw=0.0558, reg=0.0000, time=39.62s.
fit: Epoch 14/15, loss = 0.0562, best loss = 0.0562
results/tumblr_ct1_Chen_GW_usl_tsne_fit_14.pdf
-- 25/373 [6.7%], loss=0.0565, dgw=0.0565, reg=0.0000, time=33.62s.
-- 50/373 [13.4%], loss=0.0562, dgw=0.0562, reg=0.0000, time=38.15s.
-- 75/373 [20.1%], loss=0.0548, dgw=0.0548, reg=0.0000, time=38.40s.
-- 100/373 [26.8%], loss=0.0543, dgw=0.0543, reg=0.0000, time=44.64s.
-- 125/373 [33.5%], loss=0.0568, dgw=0.0568, reg=0.0000, time=44.62s.
-- 150/373 [40.2%], loss=0.0508, dgw=0.0508, reg=0.0000, time=42.94s.
-- 175/373 [46.9%], loss=0.0526, dgw=0.0526, reg=0.0000, time=51.32s.
-- 200/373 [53.6%], loss=0.0504, dgw=0.0504, reg=0.0000, time=50.14s.
-- 225/373 [60.3%], loss=0.0536, dgw=0.0536, reg=0.0000, time=34.72s.
-- 250/373 [67.0%], loss=0.0522, dgw=0.0522, reg=0.0000, time=37.28s.
-- 275/373 [73.7%], loss=0.0541, dgw=0.0541, reg=0.0000, time=42.82s.
-- 300/373 [80.4%], loss=0.0501, dgw=0.0501, reg=0.0000, time=46.88s.
-- 325/373 [87.1%], loss=0.0511, dgw=0.0511, reg=0.0000, time=50.01s.
-- 350/373 [93.8%], loss=0.0536, dgw=0.0536, reg=0.0000, time=50.19s.
-- 373/373 [100.0%], loss=0.0496, dgw=0.0496, reg=0.0000, time=43.41s.
fit: Epoch 15/15, loss = 0.0531, best loss = 0.0531
results/tumblr_ct1_Chen_GW_usl_tsne_fit_15.pdf
Best Acc  : 0.5067024128686327
Rand Score: 0.4987460001729655
Done!
