-- 25/373 [6.7%], loss=0.2510, dgw=0.2510, reg=0.0000, time=53.02s.
-- 50/373 [13.4%], loss=0.2473, dgw=0.2473, reg=0.0000, time=44.42s.
-- 75/373 [20.1%], loss=0.2459, dgw=0.2459, reg=0.0000, time=64.00s.
-- 100/373 [26.8%], loss=0.2425, dgw=0.2425, reg=0.0000, time=68.30s.
-- 125/373 [33.5%], loss=0.2403, dgw=0.2403, reg=0.0000, time=56.65s.
-- 150/373 [40.2%], loss=0.2393, dgw=0.2393, reg=0.0000, time=87.37s.
-- 175/373 [46.9%], loss=0.2355, dgw=0.2355, reg=0.0000, time=75.69s.
-- 200/373 [53.6%], loss=0.2325, dgw=0.2325, reg=0.0000, time=96.22s.
-- 225/373 [60.3%], loss=0.2313, dgw=0.2313, reg=0.0000, time=73.49s.
-- 250/373 [67.0%], loss=0.2275, dgw=0.2275, reg=0.0000, time=71.83s.
-- 275/373 [73.7%], loss=0.2267, dgw=0.2267, reg=0.0000, time=55.07s.
-- 300/373 [80.4%], loss=0.2246, dgw=0.2246, reg=0.0000, time=63.15s.
-- 325/373 [87.1%], loss=0.2231, dgw=0.2231, reg=0.0000, time=81.71s.
-- 350/373 [93.8%], loss=0.2211, dgw=0.2211, reg=0.0000, time=52.39s.
-- 373/373 [100.0%], loss=0.2189, dgw=0.2189, reg=0.0000, time=67.65s.
fit: Epoch 1/15, loss = 0.2339, best loss = 0.2339
results/tumblr_ct1_Chen_GW_usl_tsne_fit_1.pdf
-- 25/373 [6.7%], loss=0.2174, dgw=0.2174, reg=0.0000, time=59.23s.
-- 50/373 [13.4%], loss=0.2154, dgw=0.2154, reg=0.0000, time=66.25s.
-- 75/373 [20.1%], loss=0.2114, dgw=0.2114, reg=0.0000, time=55.53s.
-- 100/373 [26.8%], loss=0.2107, dgw=0.2107, reg=0.0000, time=60.83s.
-- 125/373 [33.5%], loss=0.2082, dgw=0.2082, reg=0.0000, time=55.11s.
-- 150/373 [40.2%], loss=0.2066, dgw=0.2066, reg=0.0000, time=67.95s.
-- 175/373 [46.9%], loss=0.2038, dgw=0.2038, reg=0.0000, time=87.50s.
-- 200/373 [53.6%], loss=0.2036, dgw=0.2036, reg=0.0000, time=50.68s.
-- 225/373 [60.3%], loss=0.2007, dgw=0.2007, reg=0.0000, time=60.63s.
-- 250/373 [67.0%], loss=0.1991, dgw=0.1991, reg=0.0000, time=65.90s.
-- 275/373 [73.7%], loss=0.1965, dgw=0.1965, reg=0.0000, time=67.79s.
-- 300/373 [80.4%], loss=0.1964, dgw=0.1964, reg=0.0000, time=68.61s.
-- 325/373 [87.1%], loss=0.1917, dgw=0.1917, reg=0.0000, time=50.00s.
-- 350/373 [93.8%], loss=0.1912, dgw=0.1912, reg=0.0000, time=56.83s.
-- 373/373 [100.0%], loss=0.1894, dgw=0.1894, reg=0.0000, time=53.28s.
fit: Epoch 2/15, loss = 0.2029, best loss = 0.2029
results/tumblr_ct1_Chen_GW_usl_tsne_fit_2.pdf
-- 25/373 [6.7%], loss=0.1877, dgw=0.1877, reg=0.0000, time=42.80s.
-- 50/373 [13.4%], loss=0.1862, dgw=0.1862, reg=0.0000, time=59.84s.
-- 75/373 [20.1%], loss=0.1839, dgw=0.1839, reg=0.0000, time=59.35s.
-- 100/373 [26.8%], loss=0.1832, dgw=0.1832, reg=0.0000, time=61.31s.
-- 125/373 [33.5%], loss=0.1816, dgw=0.1816, reg=0.0000, time=72.01s.
-- 150/373 [40.2%], loss=0.1772, dgw=0.1772, reg=0.0000, time=76.79s.
-- 175/373 [46.9%], loss=0.1782, dgw=0.1782, reg=0.0000, time=75.94s.
-- 200/373 [53.6%], loss=0.1758, dgw=0.1758, reg=0.0000, time=74.53s.
-- 225/373 [60.3%], loss=0.1723, dgw=0.1723, reg=0.0000, time=70.83s.
-- 250/373 [67.0%], loss=0.1720, dgw=0.1720, reg=0.0000, time=81.42s.
-- 275/373 [73.7%], loss=0.1702, dgw=0.1702, reg=0.0000, time=90.00s.
-- 300/373 [80.4%], loss=0.1688, dgw=0.1688, reg=0.0000, time=54.35s.
-- 325/373 [87.1%], loss=0.1664, dgw=0.1664, reg=0.0000, time=82.09s.
-- 350/373 [93.8%], loss=0.1656, dgw=0.1656, reg=0.0000, time=87.08s.
-- 373/373 [100.0%], loss=0.1641, dgw=0.1641, reg=0.0000, time=63.42s.
fit: Epoch 3/15, loss = 0.1756, best loss = 0.1756
results/tumblr_ct1_Chen_GW_usl_tsne_fit_3.pdf
-- 25/373 [6.7%], loss=0.1622, dgw=0.1622, reg=0.0000, time=67.25s.
-- 50/373 [13.4%], loss=0.1614, dgw=0.1614, reg=0.0000, time=39.78s.
-- 75/373 [20.1%], loss=0.1592, dgw=0.1592, reg=0.0000, time=57.41s.
-- 100/373 [26.8%], loss=0.1585, dgw=0.1585, reg=0.0000, time=71.67s.
-- 125/373 [33.5%], loss=0.1555, dgw=0.1555, reg=0.0000, time=69.28s.
-- 150/373 [40.2%], loss=0.1551, dgw=0.1551, reg=0.0000, time=74.20s.
-- 175/373 [46.9%], loss=0.1536, dgw=0.1536, reg=0.0000, time=86.82s.
-- 200/373 [53.6%], loss=0.1528, dgw=0.1528, reg=0.0000, time=77.95s.
-- 225/373 [60.3%], loss=0.1495, dgw=0.1495, reg=0.0000, time=75.04s.
-- 250/373 [67.0%], loss=0.1496, dgw=0.1496, reg=0.0000, time=63.58s.
-- 275/373 [73.7%], loss=0.1481, dgw=0.1481, reg=0.0000, time=54.53s.
-- 300/373 [80.4%], loss=0.1844, dgw=0.1844, reg=0.0000, time=71.95s.
-- 325/373 [87.1%], loss=0.1826, dgw=0.1826, reg=0.0000, time=57.08s.
-- 350/373 [93.8%], loss=0.1881, dgw=0.1881, reg=0.0000, time=78.02s.
-- 373/373 [100.0%], loss=0.3422, dgw=0.3422, reg=0.0000, time=51.17s.
fit: Epoch 4/15, loss = 0.1726, best loss = 0.1726
results/tumblr_ct1_Chen_GW_usl_tsne_fit_4.pdf
-- 25/373 [6.7%], loss=0.4335, dgw=0.4335, reg=0.0000, time=66.37s.
-- 50/373 [13.4%], loss=0.6623, dgw=0.6623, reg=0.0000, time=59.47s.
-- 75/373 [20.1%], loss=0.5540, dgw=0.5540, reg=0.0000, time=75.97s.
-- 100/373 [26.8%], loss=0.1752, dgw=0.1752, reg=0.0000, time=76.91s.
-- 125/373 [33.5%], loss=0.1654, dgw=0.1654, reg=0.0000, time=82.86s.
-- 150/373 [40.2%], loss=0.1347, dgw=0.1347, reg=0.0000, time=62.41s.
-- 175/373 [46.9%], loss=0.1329, dgw=0.1329, reg=0.0000, time=61.10s.
-- 200/373 [53.6%], loss=0.1322, dgw=0.1322, reg=0.0000, time=77.73s.
-- 225/373 [60.3%], loss=0.1310, dgw=0.1310, reg=0.0000, time=57.62s.
-- 250/373 [67.0%], loss=0.1290, dgw=0.1290, reg=0.0000, time=57.88s.
-- 275/373 [73.7%], loss=0.1288, dgw=0.1288, reg=0.0000, time=68.28s.
-- 300/373 [80.4%], loss=0.1292, dgw=0.1292, reg=0.0000, time=39.86s.
-- 325/373 [87.1%], loss=0.1284, dgw=0.1284, reg=0.0000, time=48.21s.
-- 350/373 [93.8%], loss=0.1257, dgw=0.1257, reg=0.0000, time=63.30s.
-- 373/373 [100.0%], loss=0.1251, dgw=0.1251, reg=0.0000, time=71.24s.
fit: Epoch 5/15, loss = 0.2197, best loss = 0.1726
results/tumblr_ct1_Chen_GW_usl_tsne_fit_5.pdf
-- 25/373 [6.7%], loss=0.1244, dgw=0.1244, reg=0.0000, time=80.65s.
-- 50/373 [13.4%], loss=0.1222, dgw=0.1222, reg=0.0000, time=71.13s.
-- 75/373 [20.1%], loss=0.1214, dgw=0.1214, reg=0.0000, time=46.38s.
-- 100/373 [26.8%], loss=0.1201, dgw=0.1201, reg=0.0000, time=76.86s.
-- 125/373 [33.5%], loss=0.1201, dgw=0.1201, reg=0.0000, time=66.81s.
-- 150/373 [40.2%], loss=0.1171, dgw=0.1171, reg=0.0000, time=62.10s.
-- 175/373 [46.9%], loss=0.1174, dgw=0.1174, reg=0.0000, time=63.68s.
-- 200/373 [53.6%], loss=0.1151, dgw=0.1151, reg=0.0000, time=71.44s.
-- 225/373 [60.3%], loss=0.1159, dgw=0.1159, reg=0.0000, time=72.14s.
-- 250/373 [67.0%], loss=0.1142, dgw=0.1142, reg=0.0000, time=59.47s.
-- 275/373 [73.7%], loss=0.1143, dgw=0.1143, reg=0.0000, time=66.89s.
-- 300/373 [80.4%], loss=0.1118, dgw=0.1118, reg=0.0000, time=62.21s.
-- 325/373 [87.1%], loss=0.1116, dgw=0.1116, reg=0.0000, time=81.22s.
-- 350/373 [93.8%], loss=0.1099, dgw=0.1099, reg=0.0000, time=68.19s.
-- 373/373 [100.0%], loss=0.1104, dgw=0.1104, reg=0.0000, time=50.43s.
fit: Epoch 6/15, loss = 0.1164, best loss = 0.1164
results/tumblr_ct1_Chen_GW_usl_tsne_fit_6.pdf
-- 25/373 [6.7%], loss=0.1090, dgw=0.1090, reg=0.0000, time=83.00s.
-- 50/373 [13.4%], loss=0.1072, dgw=0.1072, reg=0.0000, time=51.41s.
-- 75/373 [20.1%], loss=0.1067, dgw=0.1067, reg=0.0000, time=58.35s.
-- 100/373 [26.8%], loss=0.1072, dgw=0.1072, reg=0.0000, time=71.96s.
-- 125/373 [33.5%], loss=0.1056, dgw=0.1056, reg=0.0000, time=50.70s.
-- 150/373 [40.2%], loss=0.1048, dgw=0.1048, reg=0.0000, time=56.15s.
-- 175/373 [46.9%], loss=0.1038, dgw=0.1038, reg=0.0000, time=62.21s.
-- 200/373 [53.6%], loss=0.1021, dgw=0.1021, reg=0.0000, time=59.44s.
-- 225/373 [60.3%], loss=0.1007, dgw=0.1007, reg=0.0000, time=65.29s.
-- 250/373 [67.0%], loss=0.1024, dgw=0.1024, reg=0.0000, time=62.60s.
-- 275/373 [73.7%], loss=0.1003, dgw=0.1003, reg=0.0000, time=64.30s.
-- 300/373 [80.4%], loss=0.0982, dgw=0.0982, reg=0.0000, time=41.68s.
-- 325/373 [87.1%], loss=0.0991, dgw=0.0991, reg=0.0000, time=62.33s.
-- 350/373 [93.8%], loss=0.0989, dgw=0.0989, reg=0.0000, time=53.91s.
-- 373/373 [100.0%], loss=0.0982, dgw=0.0982, reg=0.0000, time=66.18s.
fit: Epoch 7/15, loss = 0.1030, best loss = 0.1030
results/tumblr_ct1_Chen_GW_usl_tsne_fit_7.pdf
-- 25/373 [6.7%], loss=0.0973, dgw=0.0973, reg=0.0000, time=39.90s.
-- 50/373 [13.4%], loss=0.0956, dgw=0.0956, reg=0.0000, time=62.62s.
-- 75/373 [20.1%], loss=0.0935, dgw=0.0935, reg=0.0000, time=35.39s.
-- 100/373 [26.8%], loss=0.0950, dgw=0.0950, reg=0.0000, time=68.92s.
-- 125/373 [33.5%], loss=0.0940, dgw=0.0940, reg=0.0000, time=69.79s.
-- 150/373 [40.2%], loss=0.0917, dgw=0.0917, reg=0.0000, time=50.94s.
-- 175/373 [46.9%], loss=0.0933, dgw=0.0933, reg=0.0000, time=51.39s.
-- 200/373 [53.6%], loss=0.0929, dgw=0.0929, reg=0.0000, time=73.41s.
-- 225/373 [60.3%], loss=0.0915, dgw=0.0915, reg=0.0000, time=64.78s.
-- 250/373 [67.0%], loss=0.0903, dgw=0.0903, reg=0.0000, time=47.66s.
-- 275/373 [73.7%], loss=0.0902, dgw=0.0902, reg=0.0000, time=53.31s.
-- 300/373 [80.4%], loss=0.0886, dgw=0.0886, reg=0.0000, time=57.56s.
-- 325/373 [87.1%], loss=0.0873, dgw=0.0873, reg=0.0000, time=61.98s.
-- 350/373 [93.8%], loss=0.0888, dgw=0.0888, reg=0.0000, time=61.52s.
-- 373/373 [100.0%], loss=0.0883, dgw=0.0883, reg=0.0000, time=57.02s.
fit: Epoch 8/15, loss = 0.0919, best loss = 0.0919
results/tumblr_ct1_Chen_GW_usl_tsne_fit_8.pdf
-- 25/373 [6.7%], loss=0.0868, dgw=0.0868, reg=0.0000, time=55.22s.
-- 50/373 [13.4%], loss=0.0863, dgw=0.0863, reg=0.0000, time=47.51s.
-- 75/373 [20.1%], loss=0.0846, dgw=0.0846, reg=0.0000, time=51.64s.
-- 100/373 [26.8%], loss=0.0867, dgw=0.0867, reg=0.0000, time=48.82s.
-- 125/373 [33.5%], loss=0.0847, dgw=0.0847, reg=0.0000, time=48.40s.
-- 150/373 [40.2%], loss=0.0823, dgw=0.0823, reg=0.0000, time=64.88s.
-- 175/373 [46.9%], loss=0.0815, dgw=0.0815, reg=0.0000, time=48.88s.
-- 200/373 [53.6%], loss=0.0815, dgw=0.0815, reg=0.0000, time=49.78s.
-- 225/373 [60.3%], loss=0.0832, dgw=0.0832, reg=0.0000, time=60.73s.
-- 250/373 [67.0%], loss=0.0836, dgw=0.0836, reg=0.0000, time=58.90s.
-- 275/373 [73.7%], loss=0.0808, dgw=0.0808, reg=0.0000, time=40.76s.
-- 300/373 [80.4%], loss=0.0790, dgw=0.0790, reg=0.0000, time=51.81s.
-- 325/373 [87.1%], loss=0.0819, dgw=0.0819, reg=0.0000, time=36.70s.
-- 350/373 [93.8%], loss=0.0793, dgw=0.0793, reg=0.0000, time=39.03s.
-- 373/373 [100.0%], loss=0.0793, dgw=0.0793, reg=0.0000, time=49.41s.
fit: Epoch 9/15, loss = 0.0828, best loss = 0.0828
results/tumblr_ct1_Chen_GW_usl_tsne_fit_9.pdf
-- 25/373 [6.7%], loss=0.0759, dgw=0.0759, reg=0.0000, time=53.96s.
-- 50/373 [13.4%], loss=0.0778, dgw=0.0778, reg=0.0000, time=65.44s.
-- 75/373 [20.1%], loss=0.0781, dgw=0.0781, reg=0.0000, time=63.93s.
-- 100/373 [26.8%], loss=0.0790, dgw=0.0790, reg=0.0000, time=46.00s.
-- 125/373 [33.5%], loss=0.0752, dgw=0.0752, reg=0.0000, time=50.64s.
-- 150/373 [40.2%], loss=0.0768, dgw=0.0768, reg=0.0000, time=66.33s.
-- 175/373 [46.9%], loss=0.0747, dgw=0.0747, reg=0.0000, time=69.93s.
-- 200/373 [53.6%], loss=0.0738, dgw=0.0738, reg=0.0000, time=64.87s.
-- 225/373 [60.3%], loss=0.0743, dgw=0.0743, reg=0.0000, time=62.23s.
-- 250/373 [67.0%], loss=0.0758, dgw=0.0758, reg=0.0000, time=59.94s.
-- 275/373 [73.7%], loss=0.0750, dgw=0.0750, reg=0.0000, time=59.15s.
-- 300/373 [80.4%], loss=0.0736, dgw=0.0736, reg=0.0000, time=49.13s.
-- 325/373 [87.1%], loss=0.0738, dgw=0.0738, reg=0.0000, time=51.13s.
-- 350/373 [93.8%], loss=0.0723, dgw=0.0723, reg=0.0000, time=57.74s.
-- 373/373 [100.0%], loss=0.0720, dgw=0.0720, reg=0.0000, time=39.97s.
fit: Epoch 10/15, loss = 0.0752, best loss = 0.0752
results/tumblr_ct1_Chen_GW_usl_tsne_fit_10.pdf
-- 25/373 [6.7%], loss=0.0729, dgw=0.0729, reg=0.0000, time=40.47s.
-- 50/373 [13.4%], loss=0.0736, dgw=0.0736, reg=0.0000, time=65.88s.
-- 75/373 [20.1%], loss=0.0711, dgw=0.0711, reg=0.0000, time=62.22s.
-- 100/373 [26.8%], loss=0.0691, dgw=0.0691, reg=0.0000, time=58.61s.
-- 125/373 [33.5%], loss=0.0701, dgw=0.0701, reg=0.0000, time=63.96s.
-- 150/373 [40.2%], loss=0.0681, dgw=0.0681, reg=0.0000, time=41.73s.
-- 175/373 [46.9%], loss=0.0678, dgw=0.0678, reg=0.0000, time=48.13s.
-- 200/373 [53.6%], loss=0.0688, dgw=0.0688, reg=0.0000, time=54.49s.
-- 225/373 [60.3%], loss=0.0684, dgw=0.0684, reg=0.0000, time=57.22s.
-- 250/373 [67.0%], loss=0.0669, dgw=0.0669, reg=0.0000, time=50.87s.
-- 275/373 [73.7%], loss=0.0681, dgw=0.0681, reg=0.0000, time=48.89s.
-- 300/373 [80.4%], loss=0.0685, dgw=0.0685, reg=0.0000, time=41.47s.
-- 325/373 [87.1%], loss=0.0669, dgw=0.0669, reg=0.0000, time=52.14s.
-- 350/373 [93.8%], loss=0.0694, dgw=0.0694, reg=0.0000, time=74.12s.
-- 373/373 [100.0%], loss=0.0642, dgw=0.0642, reg=0.0000, time=46.72s.
fit: Epoch 11/15, loss = 0.0690, best loss = 0.0690
results/tumblr_ct1_Chen_GW_usl_tsne_fit_11.pdf
-- 25/373 [6.7%], loss=0.0677, dgw=0.0677, reg=0.0000, time=45.59s.
-- 50/373 [13.4%], loss=0.0664, dgw=0.0664, reg=0.0000, time=63.21s.
-- 75/373 [20.1%], loss=0.0648, dgw=0.0648, reg=0.0000, time=53.79s.
-- 100/373 [26.8%], loss=0.0639, dgw=0.0639, reg=0.0000, time=49.65s.
-- 125/373 [33.5%], loss=0.0648, dgw=0.0648, reg=0.0000, time=53.77s.
-- 150/373 [40.2%], loss=0.0652, dgw=0.0652, reg=0.0000, time=55.85s.
-- 175/373 [46.9%], loss=0.0622, dgw=0.0622, reg=0.0000, time=40.13s.
-- 200/373 [53.6%], loss=0.0639, dgw=0.0639, reg=0.0000, time=47.54s.
-- 225/373 [60.3%], loss=0.0634, dgw=0.0634, reg=0.0000, time=47.56s.
-- 250/373 [67.0%], loss=0.0620, dgw=0.0620, reg=0.0000, time=47.64s.
-- 275/373 [73.7%], loss=0.0641, dgw=0.0641, reg=0.0000, time=55.92s.
-- 300/373 [80.4%], loss=0.0627, dgw=0.0627, reg=0.0000, time=27.35s.
-- 325/373 [87.1%], loss=0.0605, dgw=0.0605, reg=0.0000, time=50.56s.
-- 350/373 [93.8%], loss=0.0635, dgw=0.0635, reg=0.0000, time=50.48s.
-- 373/373 [100.0%], loss=0.0608, dgw=0.0608, reg=0.0000, time=40.88s.
fit: Epoch 12/15, loss = 0.0637, best loss = 0.0637
results/tumblr_ct1_Chen_GW_usl_tsne_fit_12.pdf
-- 25/373 [6.7%], loss=0.0605, dgw=0.0605, reg=0.0000, time=35.65s.
-- 50/373 [13.4%], loss=0.0610, dgw=0.0610, reg=0.0000, time=41.22s.
-- 75/373 [20.1%], loss=0.0607, dgw=0.0607, reg=0.0000, time=41.78s.
-- 100/373 [26.8%], loss=0.0590, dgw=0.0590, reg=0.0000, time=48.31s.
-- 125/373 [33.5%], loss=0.0614, dgw=0.0614, reg=0.0000, time=46.79s.
-- 150/373 [40.2%], loss=0.0600, dgw=0.0600, reg=0.0000, time=42.64s.
-- 175/373 [46.9%], loss=0.0594, dgw=0.0594, reg=0.0000, time=39.44s.
-- 200/373 [53.6%], loss=0.0590, dgw=0.0590, reg=0.0000, time=49.31s.
-- 225/373 [60.3%], loss=0.0591, dgw=0.0591, reg=0.0000, time=50.64s.
-- 250/373 [67.0%], loss=0.0577, dgw=0.0577, reg=0.0000, time=49.51s.
-- 275/373 [73.7%], loss=0.0583, dgw=0.0583, reg=0.0000, time=37.65s.
-- 300/373 [80.4%], loss=0.0595, dgw=0.0595, reg=0.0000, time=43.75s.
-- 325/373 [87.1%], loss=0.0574, dgw=0.0574, reg=0.0000, time=42.93s.
-- 350/373 [93.8%], loss=0.0573, dgw=0.0573, reg=0.0000, time=37.42s.
-- 373/373 [100.0%], loss=0.0605, dgw=0.0605, reg=0.0000, time=54.04s.
fit: Epoch 13/15, loss = 0.0594, best loss = 0.0594
results/tumblr_ct1_Chen_GW_usl_tsne_fit_13.pdf
-- 25/373 [6.7%], loss=0.0563, dgw=0.0563, reg=0.0000, time=26.00s.
-- 50/373 [13.4%], loss=0.0567, dgw=0.0567, reg=0.0000, time=37.67s.
-- 75/373 [20.1%], loss=0.0568, dgw=0.0568, reg=0.0000, time=46.53s.
-- 100/373 [26.8%], loss=0.0557, dgw=0.0557, reg=0.0000, time=53.52s.
-- 125/373 [33.5%], loss=0.0562, dgw=0.0562, reg=0.0000, time=63.70s.
-- 150/373 [40.2%], loss=0.0577, dgw=0.0577, reg=0.0000, time=56.46s.
-- 175/373 [46.9%], loss=0.0541, dgw=0.0541, reg=0.0000, time=46.74s.
-- 200/373 [53.6%], loss=0.0552, dgw=0.0552, reg=0.0000, time=34.28s.
-- 225/373 [60.3%], loss=0.0540, dgw=0.0540, reg=0.0000, time=31.41s.
-- 250/373 [67.0%], loss=0.0583, dgw=0.0583, reg=0.0000, time=48.51s.
-- 275/373 [73.7%], loss=0.0570, dgw=0.0570, reg=0.0000, time=54.42s.
-- 300/373 [80.4%], loss=0.0538, dgw=0.0538, reg=0.0000, time=40.33s.
-- 325/373 [87.1%], loss=0.0551, dgw=0.0551, reg=0.0000, time=42.11s.
-- 350/373 [93.8%], loss=0.0542, dgw=0.0542, reg=0.0000, time=40.02s.
-- 373/373 [100.0%], loss=0.0547, dgw=0.0547, reg=0.0000, time=37.71s.
fit: Epoch 14/15, loss = 0.0557, best loss = 0.0557
results/tumblr_ct1_Chen_GW_usl_tsne_fit_14.pdf
-- 25/373 [6.7%], loss=0.0556, dgw=0.0556, reg=0.0000, time=46.44s.
-- 50/373 [13.4%], loss=0.0540, dgw=0.0540, reg=0.0000, time=32.67s.
-- 75/373 [20.1%], loss=0.0534, dgw=0.0534, reg=0.0000, time=40.96s.
-- 100/373 [26.8%], loss=0.0535, dgw=0.0535, reg=0.0000, time=43.49s.
-- 125/373 [33.5%], loss=0.0537, dgw=0.0537, reg=0.0000, time=32.72s.
-- 150/373 [40.2%], loss=0.0528, dgw=0.0528, reg=0.0000, time=38.78s.
-- 175/373 [46.9%], loss=0.0527, dgw=0.0527, reg=0.0000, time=37.88s.
-- 200/373 [53.6%], loss=0.0536, dgw=0.0536, reg=0.0000, time=26.86s.
-- 225/373 [60.3%], loss=0.0530, dgw=0.0530, reg=0.0000, time=43.04s.
-- 250/373 [67.0%], loss=0.0511, dgw=0.0511, reg=0.0000, time=39.75s.
-- 275/373 [73.7%], loss=0.0543, dgw=0.0543, reg=0.0000, time=51.19s.
-- 300/373 [80.4%], loss=0.0491, dgw=0.0491, reg=0.0000, time=48.52s.
-- 325/373 [87.1%], loss=0.0503, dgw=0.0503, reg=0.0000, time=46.04s.
-- 350/373 [93.8%], loss=0.0516, dgw=0.0516, reg=0.0000, time=38.67s.
-- 373/373 [100.0%], loss=0.0509, dgw=0.0509, reg=0.0000, time=49.36s.
fit: Epoch 15/15, loss = 0.0526, best loss = 0.0526
results/tumblr_ct1_Chen_GW_usl_tsne_fit_15.pdf
Best Acc  : 0.5227882037533512
Rand Score: 0.4996973103865779
Done!
