MORE THAN 2 CLASSES!
-- 25/221 [11.3%], loss=0.2223, dgw=0.2223, reg=0.0000, time=12.29s.
-- 50/221 [22.6%], loss=0.2248, dgw=0.2248, reg=0.0000, time=16.26s.
-- 75/221 [33.9%], loss=0.2232, dgw=0.2232, reg=0.0000, time=17.98s.
-- 100/221 [45.2%], loss=0.2221, dgw=0.2221, reg=0.0000, time=20.82s.
-- 125/221 [56.6%], loss=0.2171, dgw=0.2171, reg=0.0000, time=17.18s.
-- 150/221 [67.9%], loss=0.2113, dgw=0.2113, reg=0.0000, time=20.97s.
-- 175/221 [79.2%], loss=0.2143, dgw=0.2143, reg=0.0000, time=28.99s.
-- 200/221 [90.5%], loss=0.2104, dgw=0.2104, reg=0.0000, time=32.05s.
-- 221/221 [100.0%], loss=0.2082, dgw=0.2082, reg=0.0000, time=27.11s.
fit: Epoch 1/15, loss = 0.2172, best loss = 0.2172
results/MSRC_9_Our_Iter_usl_tsne_fit_1.pdf
-- 25/221 [11.3%], loss=0.2088, dgw=0.2088, reg=0.0000, time=34.45s.
-- 50/221 [22.6%], loss=0.2011, dgw=0.2011, reg=0.0000, time=38.11s.
-- 75/221 [33.9%], loss=0.2054, dgw=0.2054, reg=0.0000, time=39.70s.
-- 100/221 [45.2%], loss=0.2007, dgw=0.2007, reg=0.0000, time=39.37s.
-- 125/221 [56.6%], loss=0.2001, dgw=0.2001, reg=0.0000, time=45.51s.
-- 150/221 [67.9%], loss=0.1980, dgw=0.1980, reg=0.0000, time=64.97s.
-- 175/221 [79.2%], loss=0.1932, dgw=0.1932, reg=0.0000, time=34.90s.
-- 200/221 [90.5%], loss=0.1899, dgw=0.1899, reg=0.0000, time=47.53s.
-- 221/221 [100.0%], loss=0.1911, dgw=0.1911, reg=0.0000, time=34.25s.
fit: Epoch 2/15, loss = 0.1988, best loss = 0.1988
results/MSRC_9_Our_Iter_usl_tsne_fit_2.pdf
-- 25/221 [11.3%], loss=0.1912, dgw=0.1912, reg=0.0000, time=25.79s.
-- 50/221 [22.6%], loss=0.1854, dgw=0.1854, reg=0.0000, time=34.34s.
-- 75/221 [33.9%], loss=0.1859, dgw=0.1859, reg=0.0000, time=43.94s.
-- 100/221 [45.2%], loss=0.1833, dgw=0.1833, reg=0.0000, time=39.26s.
-- 125/221 [56.6%], loss=0.1861, dgw=0.1861, reg=0.0000, time=65.77s.
-- 150/221 [67.9%], loss=0.1806, dgw=0.1806, reg=0.0000, time=34.59s.
-- 175/221 [79.2%], loss=0.1780, dgw=0.1780, reg=0.0000, time=28.00s.
-- 200/221 [90.5%], loss=0.1793, dgw=0.1793, reg=0.0000, time=39.90s.
-- 221/221 [100.0%], loss=0.1728, dgw=0.1728, reg=0.0000, time=50.07s.
fit: Epoch 3/15, loss = 0.1827, best loss = 0.1827
results/MSRC_9_Our_Iter_usl_tsne_fit_3.pdf
-- 25/221 [11.3%], loss=0.1765, dgw=0.1765, reg=0.0000, time=48.41s.
-- 50/221 [22.6%], loss=0.1741, dgw=0.1741, reg=0.0000, time=40.83s.
-- 75/221 [33.9%], loss=0.1710, dgw=0.1710, reg=0.0000, time=54.79s.
-- 100/221 [45.2%], loss=0.1754, dgw=0.1754, reg=0.0000, time=53.81s.
-- 125/221 [56.6%], loss=0.1684, dgw=0.1684, reg=0.0000, time=42.94s.
-- 150/221 [67.9%], loss=0.1719, dgw=0.1719, reg=0.0000, time=46.30s.
-- 175/221 [79.2%], loss=0.1678, dgw=0.1678, reg=0.0000, time=48.03s.
-- 200/221 [90.5%], loss=0.1666, dgw=0.1666, reg=0.0000, time=52.46s.
-- 221/221 [100.0%], loss=0.1716, dgw=0.1716, reg=0.0000, time=29.96s.
fit: Epoch 4/15, loss = 0.1715, best loss = 0.1715
results/MSRC_9_Our_Iter_usl_tsne_fit_4.pdf
-- 25/221 [11.3%], loss=0.1605, dgw=0.1605, reg=0.0000, time=43.92s.
-- 50/221 [22.6%], loss=0.1887, dgw=0.1887, reg=0.0000, time=49.94s.
-- 75/221 [33.9%], loss=0.2222, dgw=0.2222, reg=0.0000, time=48.95s.
-- 100/221 [45.2%], loss=0.1954, dgw=0.1954, reg=0.0000, time=45.38s.
-- 125/221 [56.6%], loss=0.1960, dgw=0.1960, reg=0.0000, time=47.08s.
-- 150/221 [67.9%], loss=0.1962, dgw=0.1962, reg=0.0000, time=50.40s.
-- 175/221 [79.2%], loss=0.1831, dgw=0.1831, reg=0.0000, time=55.79s.
-- 200/221 [90.5%], loss=0.1901, dgw=0.1901, reg=0.0000, time=66.01s.
-- 221/221 [100.0%], loss=0.1915, dgw=0.1915, reg=0.0000, time=58.24s.
fit: Epoch 5/15, loss = 0.1915, best loss = 0.1715
results/MSRC_9_Our_Iter_usl_tsne_fit_5.pdf
-- 25/221 [11.3%], loss=0.1900, dgw=0.1900, reg=0.0000, time=53.61s.
-- 50/221 [22.6%], loss=0.2169, dgw=0.2169, reg=0.0000, time=53.03s.
-- 75/221 [33.9%], loss=0.2171, dgw=0.2171, reg=0.0000, time=51.06s.
-- 100/221 [45.2%], loss=0.2244, dgw=0.2244, reg=0.0000, time=53.32s.
-- 125/221 [56.6%], loss=0.2465, dgw=0.2465, reg=0.0000, time=55.77s.
-- 150/221 [67.9%], loss=0.2529, dgw=0.2529, reg=0.0000, time=39.30s.
-- 175/221 [79.2%], loss=0.2597, dgw=0.2597, reg=0.0000, time=55.87s.
-- 200/221 [90.5%], loss=0.2555, dgw=0.2555, reg=0.0000, time=51.92s.
-- 221/221 [100.0%], loss=0.2762, dgw=0.2762, reg=0.0000, time=35.54s.
fit: Epoch 6/15, loss = 0.2370, best loss = 0.1715
results/MSRC_9_Our_Iter_usl_tsne_fit_6.pdf
-- 25/221 [11.3%], loss=0.2802, dgw=0.2802, reg=0.0000, time=27.11s.
-- 50/221 [22.6%], loss=0.2921, dgw=0.2921, reg=0.0000, time=40.19s.
-- 75/221 [33.9%], loss=0.2909, dgw=0.2909, reg=0.0000, time=38.84s.
-- 100/221 [45.2%], loss=0.3111, dgw=0.3111, reg=0.0000, time=44.29s.
-- 125/221 [56.6%], loss=0.3093, dgw=0.3093, reg=0.0000, time=46.93s.
-- 150/221 [67.9%], loss=0.3288, dgw=0.3288, reg=0.0000, time=44.35s.
-- 175/221 [79.2%], loss=0.3196, dgw=0.3196, reg=0.0000, time=54.09s.
-- 200/221 [90.5%], loss=0.3350, dgw=0.3350, reg=0.0000, time=31.60s.
-- 221/221 [100.0%], loss=0.3422, dgw=0.3422, reg=0.0000, time=45.63s.
fit: Epoch 7/15, loss = 0.3116, best loss = 0.1715
results/MSRC_9_Our_Iter_usl_tsne_fit_7.pdf
-- 25/221 [11.3%], loss=0.3309, dgw=0.3309, reg=0.0000, time=54.22s.
-- 50/221 [22.6%], loss=0.2785, dgw=0.2785, reg=0.0000, time=47.39s.
-- 75/221 [33.9%], loss=0.2756, dgw=0.2756, reg=0.0000, time=56.88s.
-- 100/221 [45.2%], loss=0.2887, dgw=0.2887, reg=0.0000, time=31.97s.
-- 125/221 [56.6%], loss=0.2693, dgw=0.2693, reg=0.0000, time=37.76s.
-- 150/221 [67.9%], loss=0.2993, dgw=0.2993, reg=0.0000, time=44.97s.
-- 175/221 [79.2%], loss=0.2636, dgw=0.2636, reg=0.0000, time=49.90s.
-- 200/221 [90.5%], loss=0.2867, dgw=0.2867, reg=0.0000, time=36.87s.
-- 221/221 [100.0%], loss=0.2603, dgw=0.2603, reg=0.0000, time=42.34s.
fit: Epoch 8/15, loss = 0.2841, best loss = 0.1715
results/MSRC_9_Our_Iter_usl_tsne_fit_8.pdf
-- 25/221 [11.3%], loss=0.2808, dgw=0.2808, reg=0.0000, time=38.14s.
-- 50/221 [22.6%], loss=0.2491, dgw=0.2491, reg=0.0000, time=43.11s.
-- 75/221 [33.9%], loss=0.2541, dgw=0.2541, reg=0.0000, time=48.47s.
-- 100/221 [45.2%], loss=0.2496, dgw=0.2496, reg=0.0000, time=44.97s.
-- 125/221 [56.6%], loss=0.2264, dgw=0.2264, reg=0.0000, time=57.52s.
-- 150/221 [67.9%], loss=0.2518, dgw=0.2518, reg=0.0000, time=47.57s.
-- 175/221 [79.2%], loss=0.2351, dgw=0.2351, reg=0.0000, time=56.91s.
-- 200/221 [90.5%], loss=0.2458, dgw=0.2458, reg=0.0000, time=48.28s.
-- 221/221 [100.0%], loss=0.2076, dgw=0.2076, reg=0.0000, time=33.01s.
fit: Epoch 9/15, loss = 0.2452, best loss = 0.1715
results/MSRC_9_Our_Iter_usl_tsne_fit_9.pdf
-- 25/221 [11.3%], loss=0.2278, dgw=0.2278, reg=0.0000, time=59.34s.
-- 50/221 [22.6%], loss=0.2104, dgw=0.2104, reg=0.0000, time=58.38s.
-- 75/221 [33.9%], loss=0.2164, dgw=0.2164, reg=0.0000, time=48.75s.
-- 100/221 [45.2%], loss=0.2248, dgw=0.2248, reg=0.0000, time=47.99s.
-- 125/221 [56.6%], loss=0.2221, dgw=0.2221, reg=0.0000, time=56.84s.
-- 150/221 [67.9%], loss=0.2163, dgw=0.2163, reg=0.0000, time=58.65s.
-- 175/221 [79.2%], loss=0.2586, dgw=0.2586, reg=0.0000, time=48.92s.
-- 200/221 [90.5%], loss=0.2503, dgw=0.2503, reg=0.0000, time=55.02s.
-- 221/221 [100.0%], loss=0.2404, dgw=0.2404, reg=0.0000, time=27.98s.
fit: Epoch 10/15, loss = 0.2295, best loss = 0.1715
results/MSRC_9_Our_Iter_usl_tsne_fit_10.pdf
-- 25/221 [11.3%], loss=0.2579, dgw=0.2579, reg=0.0000, time=50.83s.
-- 50/221 [22.6%], loss=0.2444, dgw=0.2444, reg=0.0000, time=58.07s.
-- 75/221 [33.9%], loss=0.2588, dgw=0.2588, reg=0.0000, time=54.01s.
-- 100/221 [45.2%], loss=0.2490, dgw=0.2490, reg=0.0000, time=51.46s.
-- 125/221 [56.6%], loss=0.2573, dgw=0.2573, reg=0.0000, time=48.60s.
-- 150/221 [67.9%], loss=0.2494, dgw=0.2494, reg=0.0000, time=57.14s.
-- 175/221 [79.2%], loss=0.2654, dgw=0.2654, reg=0.0000, time=49.58s.
-- 200/221 [90.5%], loss=0.2661, dgw=0.2661, reg=0.0000, time=33.32s.
-- 221/221 [100.0%], loss=0.2588, dgw=0.2588, reg=0.0000, time=32.20s.
fit: Epoch 11/15, loss = 0.2563, best loss = 0.1715
results/MSRC_9_Our_Iter_usl_tsne_fit_11.pdf
-- 25/221 [11.3%], loss=0.2657, dgw=0.2657, reg=0.0000, time=44.26s.
-- 50/221 [22.6%], loss=0.2856, dgw=0.2856, reg=0.0000, time=41.72s.
-- 75/221 [33.9%], loss=0.3121, dgw=0.3121, reg=0.0000, time=44.95s.
-- 100/221 [45.2%], loss=0.3130, dgw=0.3130, reg=0.0000, time=41.39s.
-- 125/221 [56.6%], loss=0.2999, dgw=0.2999, reg=0.0000, time=56.89s.
-- 150/221 [67.9%], loss=0.3095, dgw=0.3095, reg=0.0000, time=43.84s.
-- 175/221 [79.2%], loss=0.3392, dgw=0.3392, reg=0.0000, time=50.75s.
-- 200/221 [90.5%], loss=0.3239, dgw=0.3239, reg=0.0000, time=42.29s.
-- 221/221 [100.0%], loss=0.3638, dgw=0.3638, reg=0.0000, time=38.51s.
fit: Epoch 12/15, loss = 0.3116, best loss = 0.1715
results/MSRC_9_Our_Iter_usl_tsne_fit_12.pdf
-- 25/221 [11.3%], loss=0.3346, dgw=0.3346, reg=0.0000, time=32.64s.
-- 50/221 [22.6%], loss=0.3435, dgw=0.3435, reg=0.0000, time=47.92s.
-- 75/221 [33.9%], loss=0.3837, dgw=0.3837, reg=0.0000, time=41.63s.
-- 100/221 [45.2%], loss=0.3552, dgw=0.3552, reg=0.0000, time=48.96s.
-- 125/221 [56.6%], loss=0.3574, dgw=0.3574, reg=0.0000, time=39.03s.
-- 150/221 [67.9%], loss=0.3800, dgw=0.3800, reg=0.0000, time=37.32s.
-- 175/221 [79.2%], loss=0.3424, dgw=0.3424, reg=0.0000, time=36.76s.
-- 200/221 [90.5%], loss=0.3822, dgw=0.3822, reg=0.0000, time=30.92s.
-- 221/221 [100.0%], loss=0.3705, dgw=0.3705, reg=0.0000, time=50.06s.
fit: Epoch 13/15, loss = 0.3609, best loss = 0.1715
results/MSRC_9_Our_Iter_usl_tsne_fit_13.pdf
-- 25/221 [11.3%], loss=0.3831, dgw=0.3831, reg=0.0000, time=44.76s.
-- 50/221 [22.6%], loss=0.4007, dgw=0.4007, reg=0.0000, time=50.22s.
-- 75/221 [33.9%], loss=0.3760, dgw=0.3760, reg=0.0000, time=50.40s.
-- 100/221 [45.2%], loss=0.4074, dgw=0.4074, reg=0.0000, time=40.25s.
-- 125/221 [56.6%], loss=0.4215, dgw=0.4215, reg=0.0000, time=38.87s.
-- 150/221 [67.9%], loss=0.4344, dgw=0.4344, reg=0.0000, time=48.54s.
-- 175/221 [79.2%], loss=0.4201, dgw=0.4201, reg=0.0000, time=42.58s.
-- 200/221 [90.5%], loss=0.4208, dgw=0.4208, reg=0.0000, time=60.92s.
-- 221/221 [100.0%], loss=0.4481, dgw=0.4481, reg=0.0000, time=61.17s.
fit: Epoch 14/15, loss = 0.4118, best loss = 0.1715
results/MSRC_9_Our_Iter_usl_tsne_fit_14.pdf
-- 25/221 [11.3%], loss=0.4283, dgw=0.4283, reg=0.0000, time=50.17s.
-- 50/221 [22.6%], loss=0.4362, dgw=0.4362, reg=0.0000, time=49.10s.
-- 75/221 [33.9%], loss=0.4574, dgw=0.4574, reg=0.0000, time=45.67s.
-- 100/221 [45.2%], loss=0.4667, dgw=0.4667, reg=0.0000, time=41.71s.
-- 125/221 [56.6%], loss=0.4402, dgw=0.4402, reg=0.0000, time=34.11s.
-- 150/221 [67.9%], loss=0.4463, dgw=0.4463, reg=0.0000, time=37.51s.
-- 175/221 [79.2%], loss=0.4540, dgw=0.4540, reg=0.0000, time=42.45s.
-- 200/221 [90.5%], loss=0.4400, dgw=0.4400, reg=0.0000, time=46.64s.
-- 221/221 [100.0%], loss=0.4889, dgw=0.4889, reg=0.0000, time=39.99s.
fit: Epoch 15/15, loss = 0.4502, best loss = 0.1715
results/MSRC_9_Our_Iter_usl_tsne_fit_15.pdf
Rand Score: 0.781447963800905
Done!
