MORE THAN 2 CLASSES!
-- 25/221 [11.3%], loss=0.2284, dgw=0.2284, reg=0.0000, time=53.79s.
-- 50/221 [22.6%], loss=0.2234, dgw=0.2234, reg=0.0000, time=53.37s.
-- 75/221 [33.9%], loss=0.2198, dgw=0.2198, reg=0.0000, time=52.56s.
-- 100/221 [45.2%], loss=0.2224, dgw=0.2224, reg=0.0000, time=47.35s.
-- 125/221 [56.6%], loss=0.2182, dgw=0.2182, reg=0.0000, time=55.40s.
-- 150/221 [67.9%], loss=0.2150, dgw=0.2150, reg=0.0000, time=58.11s.
-- 175/221 [79.2%], loss=0.2123, dgw=0.2123, reg=0.0000, time=55.86s.
-- 200/221 [90.5%], loss=0.2110, dgw=0.2110, reg=0.0000, time=62.54s.
-- 221/221 [100.0%], loss=0.2095, dgw=0.2095, reg=0.0000, time=56.22s.
fit: Epoch 1/15, loss = 0.2179, best loss = 0.2179
results/MSRC_9_Our_Iter_usl_tsne_fit_1.pdf
-- 25/221 [11.3%], loss=0.2065, dgw=0.2065, reg=0.0000, time=36.38s.
-- 50/221 [22.6%], loss=0.2042, dgw=0.2042, reg=0.0000, time=59.14s.
-- 75/221 [33.9%], loss=0.2046, dgw=0.2046, reg=0.0000, time=72.39s.
-- 100/221 [45.2%], loss=0.2028, dgw=0.2028, reg=0.0000, time=58.09s.
-- 125/221 [56.6%], loss=0.1985, dgw=0.1985, reg=0.0000, time=74.92s.
-- 150/221 [67.9%], loss=0.1983, dgw=0.1983, reg=0.0000, time=81.03s.
-- 175/221 [79.2%], loss=0.1949, dgw=0.1949, reg=0.0000, time=52.83s.
-- 200/221 [90.5%], loss=0.1914, dgw=0.1914, reg=0.0000, time=51.78s.
-- 221/221 [100.0%], loss=0.1947, dgw=0.1947, reg=0.0000, time=66.25s.
fit: Epoch 2/15, loss = 0.1997, best loss = 0.1997
results/MSRC_9_Our_Iter_usl_tsne_fit_2.pdf
-- 25/221 [11.3%], loss=0.1873, dgw=0.1873, reg=0.0000, time=53.94s.
-- 50/221 [22.6%], loss=0.1873, dgw=0.1873, reg=0.0000, time=64.01s.
-- 75/221 [33.9%], loss=0.1875, dgw=0.1875, reg=0.0000, time=49.81s.
-- 100/221 [45.2%], loss=0.1873, dgw=0.1873, reg=0.0000, time=71.46s.
-- 125/221 [56.6%], loss=0.1828, dgw=0.1828, reg=0.0000, time=68.36s.
-- 150/221 [67.9%], loss=0.1790, dgw=0.1790, reg=0.0000, time=58.44s.
-- 175/221 [79.2%], loss=0.1803, dgw=0.1803, reg=0.0000, time=45.00s.
-- 200/221 [90.5%], loss=0.1796, dgw=0.1796, reg=0.0000, time=54.48s.
-- 221/221 [100.0%], loss=0.1777, dgw=0.1777, reg=0.0000, time=57.69s.
fit: Epoch 3/15, loss = 0.1833, best loss = 0.1833
results/MSRC_9_Our_Iter_usl_tsne_fit_3.pdf
-- 25/221 [11.3%], loss=0.1767, dgw=0.1767, reg=0.0000, time=73.82s.
-- 50/221 [22.6%], loss=0.1762, dgw=0.1762, reg=0.0000, time=71.93s.
-- 75/221 [33.9%], loss=0.1738, dgw=0.1738, reg=0.0000, time=63.94s.
-- 100/221 [45.2%], loss=0.1718, dgw=0.1718, reg=0.0000, time=50.40s.
-- 125/221 [56.6%], loss=0.1693, dgw=0.1693, reg=0.0000, time=46.71s.
-- 150/221 [67.9%], loss=0.1782, dgw=0.1782, reg=0.0000, time=55.73s.
-- 175/221 [79.2%], loss=0.1789, dgw=0.1789, reg=0.0000, time=51.89s.
-- 200/221 [90.5%], loss=0.1887, dgw=0.1887, reg=0.0000, time=58.84s.
-- 221/221 [100.0%], loss=0.2088, dgw=0.2088, reg=0.0000, time=45.05s.
fit: Epoch 4/15, loss = 0.1797, best loss = 0.1797
results/MSRC_9_Our_Iter_usl_tsne_fit_4.pdf
-- 25/221 [11.3%], loss=0.1981, dgw=0.1981, reg=0.0000, time=67.05s.
-- 50/221 [22.6%], loss=0.2226, dgw=0.2226, reg=0.0000, time=37.05s.
-- 75/221 [33.9%], loss=0.2449, dgw=0.2449, reg=0.0000, time=43.53s.
-- 100/221 [45.2%], loss=0.2594, dgw=0.2594, reg=0.0000, time=35.84s.
-- 125/221 [56.6%], loss=0.2453, dgw=0.2453, reg=0.0000, time=44.28s.
-- 150/221 [67.9%], loss=0.2581, dgw=0.2581, reg=0.0000, time=42.20s.
-- 175/221 [79.2%], loss=0.2503, dgw=0.2503, reg=0.0000, time=64.43s.
-- 200/221 [90.5%], loss=0.2576, dgw=0.2576, reg=0.0000, time=42.64s.
-- 221/221 [100.0%], loss=0.2616, dgw=0.2616, reg=0.0000, time=45.33s.
fit: Epoch 5/15, loss = 0.2439, best loss = 0.1797
results/MSRC_9_Our_Iter_usl_tsne_fit_5.pdf
-- 25/221 [11.3%], loss=0.2587, dgw=0.2587, reg=0.0000, time=63.28s.
-- 50/221 [22.6%], loss=0.2815, dgw=0.2815, reg=0.0000, time=53.17s.
-- 75/221 [33.9%], loss=0.2601, dgw=0.2601, reg=0.0000, time=50.87s.
-- 100/221 [45.2%], loss=0.2963, dgw=0.2963, reg=0.0000, time=51.93s.
-- 125/221 [56.6%], loss=0.2853, dgw=0.2853, reg=0.0000, time=48.18s.
-- 150/221 [67.9%], loss=0.2943, dgw=0.2943, reg=0.0000, time=47.96s.
-- 175/221 [79.2%], loss=0.3048, dgw=0.3048, reg=0.0000, time=44.88s.
-- 200/221 [90.5%], loss=0.3070, dgw=0.3070, reg=0.0000, time=59.04s.
-- 221/221 [100.0%], loss=0.2694, dgw=0.2694, reg=0.0000, time=37.86s.
fit: Epoch 6/15, loss = 0.2844, best loss = 0.1797
results/MSRC_9_Our_Iter_usl_tsne_fit_6.pdf
-- 25/221 [11.3%], loss=0.2968, dgw=0.2968, reg=0.0000, time=47.84s.
-- 50/221 [22.6%], loss=0.2933, dgw=0.2933, reg=0.0000, time=37.22s.
-- 75/221 [33.9%], loss=0.2827, dgw=0.2827, reg=0.0000, time=56.82s.
-- 100/221 [45.2%], loss=0.2794, dgw=0.2794, reg=0.0000, time=64.78s.
-- 125/221 [56.6%], loss=0.2723, dgw=0.2723, reg=0.0000, time=58.68s.
-- 150/221 [67.9%], loss=0.2758, dgw=0.2758, reg=0.0000, time=61.08s.
-- 175/221 [79.2%], loss=0.3009, dgw=0.3009, reg=0.0000, time=44.50s.
-- 200/221 [90.5%], loss=0.3046, dgw=0.3046, reg=0.0000, time=46.73s.
-- 221/221 [100.0%], loss=0.2892, dgw=0.2892, reg=0.0000, time=38.54s.
fit: Epoch 7/15, loss = 0.2883, best loss = 0.1797
results/MSRC_9_Our_Iter_usl_tsne_fit_7.pdf
-- 25/221 [11.3%], loss=0.3125, dgw=0.3125, reg=0.0000, time=64.46s.
-- 50/221 [22.6%], loss=0.3274, dgw=0.3274, reg=0.0000, time=63.15s.
-- 75/221 [33.9%], loss=0.3239, dgw=0.3239, reg=0.0000, time=55.83s.
-- 100/221 [45.2%], loss=0.3165, dgw=0.3165, reg=0.0000, time=64.96s.
-- 125/221 [56.6%], loss=0.3438, dgw=0.3438, reg=0.0000, time=57.24s.
-- 150/221 [67.9%], loss=0.3894, dgw=0.3894, reg=0.0000, time=46.87s.
-- 175/221 [79.2%], loss=0.3747, dgw=0.3747, reg=0.0000, time=55.89s.
-- 200/221 [90.5%], loss=0.4112, dgw=0.4112, reg=0.0000, time=58.12s.
-- 221/221 [100.0%], loss=0.4128, dgw=0.4128, reg=0.0000, time=46.47s.
fit: Epoch 8/15, loss = 0.3559, best loss = 0.1797
results/MSRC_9_Our_Iter_usl_tsne_fit_8.pdf
-- 25/221 [11.3%], loss=0.4248, dgw=0.4248, reg=0.0000, time=68.96s.
-- 50/221 [22.6%], loss=0.4457, dgw=0.4457, reg=0.0000, time=55.94s.
-- 75/221 [33.9%], loss=0.4394, dgw=0.4394, reg=0.0000, time=55.96s.
-- 100/221 [45.2%], loss=0.4718, dgw=0.4718, reg=0.0000, time=43.19s.
-- 125/221 [56.6%], loss=0.4490, dgw=0.4490, reg=0.0000, time=40.75s.
-- 150/221 [67.9%], loss=0.4637, dgw=0.4637, reg=0.0000, time=41.38s.
-- 175/221 [79.2%], loss=0.4967, dgw=0.4967, reg=0.0000, time=57.63s.
-- 200/221 [90.5%], loss=0.4932, dgw=0.4932, reg=0.0000, time=54.54s.
-- 221/221 [100.0%], loss=0.5394, dgw=0.5394, reg=0.0000, time=52.78s.
fit: Epoch 9/15, loss = 0.4680, best loss = 0.1797
results/MSRC_9_Our_Iter_usl_tsne_fit_9.pdf
-- 25/221 [11.3%], loss=0.5026, dgw=0.5026, reg=0.0000, time=44.12s.
-- 50/221 [22.6%], loss=0.4761, dgw=0.4761, reg=0.0000, time=52.80s.
-- 75/221 [33.9%], loss=0.4681, dgw=0.4681, reg=0.0000, time=40.25s.
-- 100/221 [45.2%], loss=0.4808, dgw=0.4808, reg=0.0000, time=64.39s.
-- 125/221 [56.6%], loss=0.4763, dgw=0.4763, reg=0.0000, time=61.80s.
-- 150/221 [67.9%], loss=0.4689, dgw=0.4689, reg=0.0000, time=55.26s.
-- 175/221 [79.2%], loss=0.4611, dgw=0.4611, reg=0.0000, time=55.92s.
-- 200/221 [90.5%], loss=0.4656, dgw=0.4656, reg=0.0000, time=50.58s.
-- 221/221 [100.0%], loss=0.4308, dgw=0.4308, reg=0.0000, time=38.31s.
fit: Epoch 10/15, loss = 0.4708, best loss = 0.1797
results/MSRC_9_Our_Iter_usl_tsne_fit_10.pdf
-- 25/221 [11.3%], loss=0.4387, dgw=0.4387, reg=0.0000, time=33.80s.
-- 50/221 [22.6%], loss=0.4454, dgw=0.4454, reg=0.0000, time=58.76s.
-- 75/221 [33.9%], loss=0.4214, dgw=0.4214, reg=0.0000, time=55.87s.
-- 100/221 [45.2%], loss=0.4352, dgw=0.4352, reg=0.0000, time=56.47s.
-- 125/221 [56.6%], loss=0.4393, dgw=0.4393, reg=0.0000, time=62.63s.
-- 150/221 [67.9%], loss=0.4477, dgw=0.4477, reg=0.0000, time=46.21s.
-- 175/221 [79.2%], loss=0.4540, dgw=0.4540, reg=0.0000, time=45.44s.
-- 200/221 [90.5%], loss=0.4401, dgw=0.4401, reg=0.0000, time=49.96s.
-- 221/221 [100.0%], loss=0.4427, dgw=0.4427, reg=0.0000, time=48.29s.
fit: Epoch 11/15, loss = 0.4405, best loss = 0.1797
results/MSRC_9_Our_Iter_usl_tsne_fit_11.pdf
-- 25/221 [11.3%], loss=0.4466, dgw=0.4466, reg=0.0000, time=63.93s.
-- 50/221 [22.6%], loss=0.4558, dgw=0.4558, reg=0.0000, time=70.65s.
-- 75/221 [33.9%], loss=0.4326, dgw=0.4326, reg=0.0000, time=61.62s.
-- 100/221 [45.2%], loss=0.4370, dgw=0.4370, reg=0.0000, time=40.40s.
-- 125/221 [56.6%], loss=0.4450, dgw=0.4450, reg=0.0000, time=55.74s.
-- 150/221 [67.9%], loss=0.4560, dgw=0.4560, reg=0.0000, time=37.09s.
-- 175/221 [79.2%], loss=0.4323, dgw=0.4323, reg=0.0000, time=52.59s.
-- 200/221 [90.5%], loss=0.4749, dgw=0.4749, reg=0.0000, time=49.07s.
-- 221/221 [100.0%], loss=0.4555, dgw=0.4555, reg=0.0000, time=28.08s.
fit: Epoch 12/15, loss = 0.4483, best loss = 0.1797
results/MSRC_9_Our_Iter_usl_tsne_fit_12.pdf
-- 25/221 [11.3%], loss=0.4493, dgw=0.4493, reg=0.0000, time=43.38s.
-- 50/221 [22.6%], loss=0.4574, dgw=0.4574, reg=0.0000, time=42.99s.
-- 75/221 [33.9%], loss=0.4563, dgw=0.4563, reg=0.0000, time=56.57s.
-- 100/221 [45.2%], loss=0.4459, dgw=0.4459, reg=0.0000, time=51.87s.
-- 125/221 [56.6%], loss=0.4607, dgw=0.4607, reg=0.0000, time=63.33s.
-- 150/221 [67.9%], loss=0.4509, dgw=0.4509, reg=0.0000, time=64.90s.
-- 175/221 [79.2%], loss=0.4554, dgw=0.4554, reg=0.0000, time=42.40s.
-- 200/221 [90.5%], loss=0.4662, dgw=0.4662, reg=0.0000, time=41.41s.
-- 221/221 [100.0%], loss=0.4578, dgw=0.4578, reg=0.0000, time=38.44s.
fit: Epoch 13/15, loss = 0.4555, best loss = 0.1797
results/MSRC_9_Our_Iter_usl_tsne_fit_13.pdf
-- 25/221 [11.3%], loss=0.4397, dgw=0.4397, reg=0.0000, time=44.84s.
-- 50/221 [22.6%], loss=0.4473, dgw=0.4473, reg=0.0000, time=47.17s.
-- 75/221 [33.9%], loss=0.4775, dgw=0.4775, reg=0.0000, time=43.14s.
-- 100/221 [45.2%], loss=0.4446, dgw=0.4446, reg=0.0000, time=37.62s.
-- 125/221 [56.6%], loss=0.4201, dgw=0.4201, reg=0.0000, time=33.38s.
-- 150/221 [67.9%], loss=0.4351, dgw=0.4351, reg=0.0000, time=55.82s.
-- 175/221 [79.2%], loss=0.4791, dgw=0.4791, reg=0.0000, time=51.59s.
-- 200/221 [90.5%], loss=0.4422, dgw=0.4422, reg=0.0000, time=50.70s.
-- 221/221 [100.0%], loss=0.4422, dgw=0.4422, reg=0.0000, time=46.37s.
fit: Epoch 14/15, loss = 0.4476, best loss = 0.1797
results/MSRC_9_Our_Iter_usl_tsne_fit_14.pdf
-- 25/221 [11.3%], loss=0.4173, dgw=0.4173, reg=0.0000, time=39.68s.
-- 50/221 [22.6%], loss=0.4545, dgw=0.4545, reg=0.0000, time=48.95s.
-- 75/221 [33.9%], loss=0.4539, dgw=0.4539, reg=0.0000, time=62.67s.
-- 100/221 [45.2%], loss=0.4008, dgw=0.4008, reg=0.0000, time=40.10s.
-- 125/221 [56.6%], loss=0.4035, dgw=0.4035, reg=0.0000, time=57.23s.
-- 150/221 [67.9%], loss=0.4148, dgw=0.4148, reg=0.0000, time=44.96s.
-- 175/221 [79.2%], loss=0.4044, dgw=0.4044, reg=0.0000, time=34.30s.
-- 200/221 [90.5%], loss=0.3873, dgw=0.3873, reg=0.0000, time=45.18s.
-- 221/221 [100.0%], loss=0.3892, dgw=0.3892, reg=0.0000, time=36.84s.
fit: Epoch 15/15, loss = 0.4144, best loss = 0.1797
results/MSRC_9_Our_Iter_usl_tsne_fit_15.pdf
Rand Score: 0.7829699712052653
Done!
