MORE THAN 2 CLASSES!
-- 25/221 [11.3%], loss=0.2253, dgw=0.2253, reg=0.0000, time=39.94s.
-- 50/221 [22.6%], loss=0.2205, dgw=0.2205, reg=0.0000, time=47.60s.
-- 75/221 [33.9%], loss=0.2219, dgw=0.2219, reg=0.0000, time=55.62s.
-- 100/221 [45.2%], loss=0.2204, dgw=0.2204, reg=0.0000, time=52.36s.
-- 125/221 [56.6%], loss=0.2177, dgw=0.2177, reg=0.0000, time=56.88s.
-- 150/221 [67.9%], loss=0.2168, dgw=0.2168, reg=0.0000, time=54.93s.
-- 175/221 [79.2%], loss=0.2131, dgw=0.2131, reg=0.0000, time=54.11s.
-- 200/221 [90.5%], loss=0.2115, dgw=0.2115, reg=0.0000, time=59.09s.
-- 221/221 [100.0%], loss=0.2100, dgw=0.2100, reg=0.0000, time=57.65s.
fit: Epoch 1/15, loss = 0.2176, best loss = 0.2176
results/MSRC_9_Our_Iter_usl_tsne_fit_1.pdf
-- 25/221 [11.3%], loss=0.2079, dgw=0.2079, reg=0.0000, time=65.64s.
-- 50/221 [22.6%], loss=0.2045, dgw=0.2045, reg=0.0000, time=57.19s.
-- 75/221 [33.9%], loss=0.2070, dgw=0.2070, reg=0.0000, time=60.47s.
-- 100/221 [45.2%], loss=0.1996, dgw=0.1996, reg=0.0000, time=74.97s.
-- 125/221 [56.6%], loss=0.1997, dgw=0.1997, reg=0.0000, time=57.08s.
-- 150/221 [67.9%], loss=0.1972, dgw=0.1972, reg=0.0000, time=62.32s.
-- 175/221 [79.2%], loss=0.1959, dgw=0.1959, reg=0.0000, time=56.94s.
-- 200/221 [90.5%], loss=0.1928, dgw=0.1928, reg=0.0000, time=44.82s.
-- 221/221 [100.0%], loss=0.1934, dgw=0.1934, reg=0.0000, time=45.86s.
fit: Epoch 2/15, loss = 0.1999, best loss = 0.1999
results/MSRC_9_Our_Iter_usl_tsne_fit_2.pdf
-- 25/221 [11.3%], loss=0.1895, dgw=0.1895, reg=0.0000, time=39.83s.
-- 50/221 [22.6%], loss=0.1884, dgw=0.1884, reg=0.0000, time=47.86s.
-- 75/221 [33.9%], loss=0.1874, dgw=0.1874, reg=0.0000, time=55.76s.
-- 100/221 [45.2%], loss=0.1854, dgw=0.1854, reg=0.0000, time=57.59s.
-- 125/221 [56.6%], loss=0.1826, dgw=0.1826, reg=0.0000, time=67.95s.
-- 150/221 [67.9%], loss=0.1855, dgw=0.1855, reg=0.0000, time=52.49s.
-- 175/221 [79.2%], loss=0.1808, dgw=0.1808, reg=0.0000, time=48.38s.
-- 200/221 [90.5%], loss=0.1787, dgw=0.1787, reg=0.0000, time=63.92s.
-- 221/221 [100.0%], loss=0.1770, dgw=0.1770, reg=0.0000, time=35.74s.
fit: Epoch 3/15, loss = 0.1840, best loss = 0.1840
results/MSRC_9_Our_Iter_usl_tsne_fit_3.pdf
-- 25/221 [11.3%], loss=0.1782, dgw=0.1782, reg=0.0000, time=48.34s.
-- 50/221 [22.6%], loss=0.1749, dgw=0.1749, reg=0.0000, time=49.06s.
-- 75/221 [33.9%], loss=0.1703, dgw=0.1703, reg=0.0000, time=44.11s.
-- 100/221 [45.2%], loss=0.1719, dgw=0.1719, reg=0.0000, time=58.80s.
-- 125/221 [56.6%], loss=0.1709, dgw=0.1709, reg=0.0000, time=65.54s.
-- 150/221 [67.9%], loss=0.1701, dgw=0.1701, reg=0.0000, time=30.50s.
-- 175/221 [79.2%], loss=0.1645, dgw=0.1645, reg=0.0000, time=33.11s.
-- 200/221 [90.5%], loss=0.1632, dgw=0.1632, reg=0.0000, time=47.42s.
-- 221/221 [100.0%], loss=0.1623, dgw=0.1623, reg=0.0000, time=26.58s.
fit: Epoch 4/15, loss = 0.1697, best loss = 0.1697
results/MSRC_9_Our_Iter_usl_tsne_fit_4.pdf
-- 25/221 [11.3%], loss=0.1626, dgw=0.1626, reg=0.0000, time=43.55s.
-- 50/221 [22.6%], loss=0.1615, dgw=0.1615, reg=0.0000, time=57.47s.
-- 75/221 [33.9%], loss=0.1591, dgw=0.1591, reg=0.0000, time=66.15s.
-- 100/221 [45.2%], loss=0.1580, dgw=0.1580, reg=0.0000, time=66.68s.
-- 125/221 [56.6%], loss=0.1564, dgw=0.1564, reg=0.0000, time=64.68s.
-- 150/221 [67.9%], loss=0.1542, dgw=0.1542, reg=0.0000, time=51.96s.
-- 175/221 [79.2%], loss=0.1531, dgw=0.1531, reg=0.0000, time=48.56s.
-- 200/221 [90.5%], loss=0.1529, dgw=0.1529, reg=0.0000, time=48.77s.
-- 221/221 [100.0%], loss=0.1506, dgw=0.1506, reg=0.0000, time=36.98s.
fit: Epoch 5/15, loss = 0.1566, best loss = 0.1566
results/MSRC_9_Our_Iter_usl_tsne_fit_5.pdf
-- 25/221 [11.3%], loss=0.1507, dgw=0.1507, reg=0.0000, time=51.35s.
-- 50/221 [22.6%], loss=0.1463, dgw=0.1463, reg=0.0000, time=52.37s.
-- 75/221 [33.9%], loss=0.1481, dgw=0.1481, reg=0.0000, time=47.37s.
-- 100/221 [45.2%], loss=0.1460, dgw=0.1460, reg=0.0000, time=40.96s.
-- 125/221 [56.6%], loss=0.1439, dgw=0.1439, reg=0.0000, time=40.01s.
-- 150/221 [67.9%], loss=0.1435, dgw=0.1435, reg=0.0000, time=41.54s.
-- 175/221 [79.2%], loss=0.1412, dgw=0.1412, reg=0.0000, time=58.80s.
-- 200/221 [90.5%], loss=0.1413, dgw=0.1413, reg=0.0000, time=66.00s.
-- 221/221 [100.0%], loss=0.1414, dgw=0.1414, reg=0.0000, time=57.03s.
fit: Epoch 6/15, loss = 0.1448, best loss = 0.1448
results/MSRC_9_Our_Iter_usl_tsne_fit_6.pdf
-- 25/221 [11.3%], loss=0.1392, dgw=0.1392, reg=0.0000, time=53.08s.
-- 50/221 [22.6%], loss=0.1377, dgw=0.1377, reg=0.0000, time=51.05s.
-- 75/221 [33.9%], loss=0.1412, dgw=0.1412, reg=0.0000, time=53.16s.
-- 100/221 [45.2%], loss=0.1338, dgw=0.1338, reg=0.0000, time=57.48s.
-- 125/221 [56.6%], loss=0.1355, dgw=0.1355, reg=0.0000, time=59.61s.
-- 150/221 [67.9%], loss=0.1349, dgw=0.1349, reg=0.0000, time=68.89s.
-- 175/221 [79.2%], loss=0.1349, dgw=0.1349, reg=0.0000, time=70.59s.
-- 200/221 [90.5%], loss=0.1348, dgw=0.1348, reg=0.0000, time=67.02s.
-- 221/221 [100.0%], loss=0.1311, dgw=0.1311, reg=0.0000, time=60.63s.
fit: Epoch 7/15, loss = 0.1360, best loss = 0.1360
results/MSRC_9_Our_Iter_usl_tsne_fit_7.pdf
-- 25/221 [11.3%], loss=0.1266, dgw=0.1266, reg=0.0000, time=48.68s.
-- 50/221 [22.6%], loss=0.1320, dgw=0.1320, reg=0.0000, time=34.82s.
-- 75/221 [33.9%], loss=0.1457, dgw=0.1457, reg=0.0000, time=41.68s.
-- 100/221 [45.2%], loss=0.1467, dgw=0.1467, reg=0.0000, time=53.12s.
-- 125/221 [56.6%], loss=0.1376, dgw=0.1376, reg=0.0000, time=39.27s.
-- 150/221 [67.9%], loss=0.1419, dgw=0.1419, reg=0.0000, time=63.54s.
-- 175/221 [79.2%], loss=0.1306, dgw=0.1306, reg=0.0000, time=48.06s.
-- 200/221 [90.5%], loss=0.1293, dgw=0.1293, reg=0.0000, time=47.32s.
-- 221/221 [100.0%], loss=0.1407, dgw=0.1407, reg=0.0000, time=60.26s.
fit: Epoch 8/15, loss = 0.1367, best loss = 0.1360
results/MSRC_9_Our_Iter_usl_tsne_fit_8.pdf
-- 25/221 [11.3%], loss=0.1506, dgw=0.1506, reg=0.0000, time=46.85s.
-- 50/221 [22.6%], loss=0.1277, dgw=0.1277, reg=0.0000, time=55.37s.
-- 75/221 [33.9%], loss=0.1502, dgw=0.1502, reg=0.0000, time=53.46s.
-- 100/221 [45.2%], loss=0.1410, dgw=0.1410, reg=0.0000, time=51.86s.
-- 125/221 [56.6%], loss=0.1403, dgw=0.1403, reg=0.0000, time=73.28s.
-- 150/221 [67.9%], loss=0.1365, dgw=0.1365, reg=0.0000, time=66.85s.
-- 175/221 [79.2%], loss=0.1280, dgw=0.1280, reg=0.0000, time=70.65s.
-- 200/221 [90.5%], loss=0.1142, dgw=0.1142, reg=0.0000, time=69.74s.
-- 221/221 [100.0%], loss=0.1190, dgw=0.1190, reg=0.0000, time=45.67s.
fit: Epoch 9/15, loss = 0.1344, best loss = 0.1344
results/MSRC_9_Our_Iter_usl_tsne_fit_9.pdf
-- 25/221 [11.3%], loss=0.1236, dgw=0.1236, reg=0.0000, time=60.26s.
-- 50/221 [22.6%], loss=0.1198, dgw=0.1198, reg=0.0000, time=51.53s.
-- 75/221 [33.9%], loss=0.1197, dgw=0.1197, reg=0.0000, time=52.55s.
-- 100/221 [45.2%], loss=0.1145, dgw=0.1145, reg=0.0000, time=40.79s.
-- 125/221 [56.6%], loss=0.1135, dgw=0.1135, reg=0.0000, time=59.94s.
-- 150/221 [67.9%], loss=0.1076, dgw=0.1076, reg=0.0000, time=48.51s.
-- 175/221 [79.2%], loss=0.1064, dgw=0.1064, reg=0.0000, time=72.01s.
-- 200/221 [90.5%], loss=0.1063, dgw=0.1063, reg=0.0000, time=55.65s.
-- 221/221 [100.0%], loss=0.1053, dgw=0.1053, reg=0.0000, time=32.43s.
fit: Epoch 10/15, loss = 0.1131, best loss = 0.1131
results/MSRC_9_Our_Iter_usl_tsne_fit_10.pdf
-- 25/221 [11.3%], loss=0.1092, dgw=0.1092, reg=0.0000, time=41.40s.
-- 50/221 [22.6%], loss=0.1028, dgw=0.1028, reg=0.0000, time=46.05s.
-- 75/221 [33.9%], loss=0.1097, dgw=0.1097, reg=0.0000, time=52.12s.
-- 100/221 [45.2%], loss=0.1055, dgw=0.1055, reg=0.0000, time=52.95s.
-- 125/221 [56.6%], loss=0.1023, dgw=0.1023, reg=0.0000, time=76.38s.
-- 150/221 [67.9%], loss=0.1109, dgw=0.1109, reg=0.0000, time=51.49s.
-- 175/221 [79.2%], loss=0.1102, dgw=0.1102, reg=0.0000, time=57.98s.
-- 200/221 [90.5%], loss=0.0967, dgw=0.0967, reg=0.0000, time=53.35s.
-- 221/221 [100.0%], loss=0.1056, dgw=0.1056, reg=0.0000, time=54.84s.
fit: Epoch 11/15, loss = 0.1059, best loss = 0.1059
results/MSRC_9_Our_Iter_usl_tsne_fit_11.pdf
-- 25/221 [11.3%], loss=0.0963, dgw=0.0963, reg=0.0000, time=46.30s.
-- 50/221 [22.6%], loss=0.0978, dgw=0.0978, reg=0.0000, time=57.06s.
-- 75/221 [33.9%], loss=0.1103, dgw=0.1103, reg=0.0000, time=51.79s.
-- 100/221 [45.2%], loss=0.1247, dgw=0.1247, reg=0.0000, time=70.31s.
-- 125/221 [56.6%], loss=0.1191, dgw=0.1191, reg=0.0000, time=67.60s.
-- 150/221 [67.9%], loss=0.1184, dgw=0.1184, reg=0.0000, time=63.03s.
-- 175/221 [79.2%], loss=0.1205, dgw=0.1205, reg=0.0000, time=73.85s.
-- 200/221 [90.5%], loss=0.1222, dgw=0.1222, reg=0.0000, time=71.75s.
-- 221/221 [100.0%], loss=0.1312, dgw=0.1312, reg=0.0000, time=34.05s.
fit: Epoch 12/15, loss = 0.1153, best loss = 0.1059
results/MSRC_9_Our_Iter_usl_tsne_fit_12.pdf
-- 25/221 [11.3%], loss=0.1681, dgw=0.1681, reg=0.0000, time=56.95s.
-- 50/221 [22.6%], loss=0.1539, dgw=0.1539, reg=0.0000, time=56.19s.
-- 75/221 [33.9%], loss=0.1654, dgw=0.1654, reg=0.0000, time=62.31s.
-- 100/221 [45.2%], loss=0.1683, dgw=0.1683, reg=0.0000, time=58.98s.
-- 125/221 [56.6%], loss=0.1737, dgw=0.1737, reg=0.0000, time=67.88s.
-- 150/221 [67.9%], loss=0.1536, dgw=0.1536, reg=0.0000, time=56.22s.
-- 175/221 [79.2%], loss=0.1605, dgw=0.1605, reg=0.0000, time=48.59s.
-- 200/221 [90.5%], loss=0.1665, dgw=0.1665, reg=0.0000, time=50.35s.
-- 221/221 [100.0%], loss=0.1847, dgw=0.1847, reg=0.0000, time=37.42s.
fit: Epoch 13/15, loss = 0.1658, best loss = 0.1059
results/MSRC_9_Our_Iter_usl_tsne_fit_13.pdf
-- 25/221 [11.3%], loss=0.1972, dgw=0.1972, reg=0.0000, time=50.51s.
-- 50/221 [22.6%], loss=0.1757, dgw=0.1757, reg=0.0000, time=57.04s.
-- 75/221 [33.9%], loss=0.1955, dgw=0.1955, reg=0.0000, time=51.21s.
-- 100/221 [45.2%], loss=0.2225, dgw=0.2225, reg=0.0000, time=33.51s.
-- 125/221 [56.6%], loss=0.2387, dgw=0.2387, reg=0.0000, time=53.57s.
-- 150/221 [67.9%], loss=0.2029, dgw=0.2029, reg=0.0000, time=59.98s.
-- 175/221 [79.2%], loss=0.2575, dgw=0.2575, reg=0.0000, time=43.21s.
-- 200/221 [90.5%], loss=0.2748, dgw=0.2748, reg=0.0000, time=63.69s.
-- 221/221 [100.0%], loss=0.2933, dgw=0.2933, reg=0.0000, time=39.42s.
fit: Epoch 14/15, loss = 0.2275, best loss = 0.1059
results/MSRC_9_Our_Iter_usl_tsne_fit_14.pdf
-- 25/221 [11.3%], loss=0.3191, dgw=0.3191, reg=0.0000, time=43.80s.
-- 50/221 [22.6%], loss=0.3507, dgw=0.3507, reg=0.0000, time=68.17s.
-- 75/221 [33.9%], loss=0.3561, dgw=0.3561, reg=0.0000, time=40.45s.
-- 100/221 [45.2%], loss=0.3714, dgw=0.3714, reg=0.0000, time=53.11s.
-- 125/221 [56.6%], loss=0.4497, dgw=0.4497, reg=0.0000, time=49.24s.
-- 150/221 [67.9%], loss=0.4523, dgw=0.4523, reg=0.0000, time=56.55s.
-- 175/221 [79.2%], loss=0.4375, dgw=0.4375, reg=0.0000, time=60.39s.
-- 200/221 [90.5%], loss=0.4783, dgw=0.4783, reg=0.0000, time=50.22s.
-- 221/221 [100.0%], loss=0.4813, dgw=0.4813, reg=0.0000, time=41.26s.
fit: Epoch 15/15, loss = 0.4094, best loss = 0.1059
results/MSRC_9_Our_Iter_usl_tsne_fit_15.pdf
Rand Score: 0.7772521596051007
Done!
