MORE THAN 2 CLASSES!
-- 25/221 [11.3%], loss=0.2273, dgw=0.2273, reg=0.0000, time=51.53s.
-- 50/221 [22.6%], loss=0.2261, dgw=0.2261, reg=0.0000, time=54.44s.
-- 75/221 [33.9%], loss=0.2236, dgw=0.2236, reg=0.0000, time=54.75s.
-- 100/221 [45.2%], loss=0.2200, dgw=0.2200, reg=0.0000, time=62.50s.
-- 125/221 [56.6%], loss=0.2190, dgw=0.2190, reg=0.0000, time=69.22s.
-- 150/221 [67.9%], loss=0.2173, dgw=0.2173, reg=0.0000, time=89.46s.
-- 175/221 [79.2%], loss=0.2129, dgw=0.2129, reg=0.0000, time=82.39s.
-- 200/221 [90.5%], loss=0.2126, dgw=0.2126, reg=0.0000, time=64.39s.
-- 221/221 [100.0%], loss=0.2072, dgw=0.2072, reg=0.0000, time=57.61s.
fit: Epoch 1/15, loss = 0.2187, best loss = 0.2187
results/MSRC_9_Our_Iter_usl_tsne_fit_1.pdf
-- 25/221 [11.3%], loss=0.2090, dgw=0.2090, reg=0.0000, time=59.13s.
-- 50/221 [22.6%], loss=0.2055, dgw=0.2055, reg=0.0000, time=40.84s.
-- 75/221 [33.9%], loss=0.2027, dgw=0.2027, reg=0.0000, time=40.65s.
-- 100/221 [45.2%], loss=0.2031, dgw=0.2031, reg=0.0000, time=73.90s.
-- 125/221 [56.6%], loss=0.2032, dgw=0.2032, reg=0.0000, time=66.13s.
-- 150/221 [67.9%], loss=0.1984, dgw=0.1984, reg=0.0000, time=60.37s.
-- 175/221 [79.2%], loss=0.1913, dgw=0.1913, reg=0.0000, time=72.84s.
-- 200/221 [90.5%], loss=0.1968, dgw=0.1968, reg=0.0000, time=49.36s.
-- 221/221 [100.0%], loss=0.1972, dgw=0.1972, reg=0.0000, time=50.26s.
fit: Epoch 2/15, loss = 0.2009, best loss = 0.2009
results/MSRC_9_Our_Iter_usl_tsne_fit_2.pdf
-- 25/221 [11.3%], loss=0.1900, dgw=0.1900, reg=0.0000, time=61.46s.
-- 50/221 [22.6%], loss=0.1890, dgw=0.1890, reg=0.0000, time=65.63s.
-- 75/221 [33.9%], loss=0.1904, dgw=0.1904, reg=0.0000, time=48.85s.
-- 100/221 [45.2%], loss=0.1884, dgw=0.1884, reg=0.0000, time=75.00s.
-- 125/221 [56.6%], loss=0.1868, dgw=0.1868, reg=0.0000, time=59.99s.
-- 150/221 [67.9%], loss=0.1824, dgw=0.1824, reg=0.0000, time=70.28s.
-- 175/221 [79.2%], loss=0.1800, dgw=0.1800, reg=0.0000, time=74.66s.
-- 200/221 [90.5%], loss=0.1774, dgw=0.1774, reg=0.0000, time=68.68s.
-- 221/221 [100.0%], loss=0.1793, dgw=0.1793, reg=0.0000, time=53.57s.
fit: Epoch 3/15, loss = 0.1850, best loss = 0.1850
results/MSRC_9_Our_Iter_usl_tsne_fit_3.pdf
-- 25/221 [11.3%], loss=0.1783, dgw=0.1783, reg=0.0000, time=44.61s.
-- 50/221 [22.6%], loss=0.1731, dgw=0.1731, reg=0.0000, time=82.57s.
-- 75/221 [33.9%], loss=0.1743, dgw=0.1743, reg=0.0000, time=58.02s.
-- 100/221 [45.2%], loss=0.1741, dgw=0.1741, reg=0.0000, time=72.23s.
-- 125/221 [56.6%], loss=0.1707, dgw=0.1707, reg=0.0000, time=74.37s.
-- 150/221 [67.9%], loss=0.1681, dgw=0.1681, reg=0.0000, time=73.08s.
-- 175/221 [79.2%], loss=0.1651, dgw=0.1651, reg=0.0000, time=71.74s.
-- 200/221 [90.5%], loss=0.1636, dgw=0.1636, reg=0.0000, time=78.75s.
-- 221/221 [100.0%], loss=0.1675, dgw=0.1675, reg=0.0000, time=83.56s.
fit: Epoch 4/15, loss = 0.1706, best loss = 0.1706
results/MSRC_9_Our_Iter_usl_tsne_fit_4.pdf
-- 25/221 [11.3%], loss=0.1638, dgw=0.1638, reg=0.0000, time=61.68s.
-- 50/221 [22.6%], loss=0.1620, dgw=0.1620, reg=0.0000, time=71.14s.
-- 75/221 [33.9%], loss=0.1617, dgw=0.1617, reg=0.0000, time=85.05s.
-- 100/221 [45.2%], loss=0.1588, dgw=0.1588, reg=0.0000, time=62.29s.
-- 125/221 [56.6%], loss=0.1568, dgw=0.1568, reg=0.0000, time=70.32s.
-- 150/221 [67.9%], loss=0.1573, dgw=0.1573, reg=0.0000, time=78.84s.
-- 175/221 [79.2%], loss=0.1523, dgw=0.1523, reg=0.0000, time=79.56s.
-- 200/221 [90.5%], loss=0.1527, dgw=0.1527, reg=0.0000, time=82.49s.
-- 221/221 [100.0%], loss=0.1505, dgw=0.1505, reg=0.0000, time=81.60s.
fit: Epoch 5/15, loss = 0.1575, best loss = 0.1575
results/MSRC_9_Our_Iter_usl_tsne_fit_5.pdf
-- 25/221 [11.3%], loss=0.1477, dgw=0.1477, reg=0.0000, time=57.19s.
-- 50/221 [22.6%], loss=0.1508, dgw=0.1508, reg=0.0000, time=71.59s.
-- 75/221 [33.9%], loss=0.1486, dgw=0.1486, reg=0.0000, time=73.68s.
-- 100/221 [45.2%], loss=0.1470, dgw=0.1470, reg=0.0000, time=77.84s.
-- 125/221 [56.6%], loss=0.1446, dgw=0.1446, reg=0.0000, time=83.91s.
-- 150/221 [67.9%], loss=0.1447, dgw=0.1447, reg=0.0000, time=72.88s.
-- 175/221 [79.2%], loss=0.1447, dgw=0.1447, reg=0.0000, time=64.23s.
-- 200/221 [90.5%], loss=0.1423, dgw=0.1423, reg=0.0000, time=58.98s.
-- 221/221 [100.0%], loss=0.1441, dgw=0.1441, reg=0.0000, time=47.82s.
fit: Epoch 6/15, loss = 0.1461, best loss = 0.1461
results/MSRC_9_Our_Iter_usl_tsne_fit_6.pdf
-- 25/221 [11.3%], loss=0.1395, dgw=0.1395, reg=0.0000, time=53.87s.
-- 50/221 [22.6%], loss=0.1355, dgw=0.1355, reg=0.0000, time=67.79s.
-- 75/221 [33.9%], loss=0.1355, dgw=0.1355, reg=0.0000, time=73.99s.
-- 100/221 [45.2%], loss=0.1400, dgw=0.1400, reg=0.0000, time=82.41s.
-- 125/221 [56.6%], loss=0.1347, dgw=0.1347, reg=0.0000, time=62.19s.
-- 150/221 [67.9%], loss=0.1391, dgw=0.1391, reg=0.0000, time=62.29s.
-- 175/221 [79.2%], loss=0.1337, dgw=0.1337, reg=0.0000, time=63.76s.
-- 200/221 [90.5%], loss=0.1389, dgw=0.1389, reg=0.0000, time=71.61s.
-- 221/221 [100.0%], loss=0.1293, dgw=0.1293, reg=0.0000, time=62.51s.
fit: Epoch 7/15, loss = 0.1364, best loss = 0.1364
results/MSRC_9_Our_Iter_usl_tsne_fit_7.pdf
-- 25/221 [11.3%], loss=0.1299, dgw=0.1299, reg=0.0000, time=47.78s.
-- 50/221 [22.6%], loss=0.1312, dgw=0.1312, reg=0.0000, time=35.43s.
-- 75/221 [33.9%], loss=0.1378, dgw=0.1378, reg=0.0000, time=74.47s.
-- 100/221 [45.2%], loss=0.1267, dgw=0.1267, reg=0.0000, time=69.79s.
-- 125/221 [56.6%], loss=0.1244, dgw=0.1244, reg=0.0000, time=65.41s.
-- 150/221 [67.9%], loss=0.1317, dgw=0.1317, reg=0.0000, time=58.31s.
-- 175/221 [79.2%], loss=0.1290, dgw=0.1290, reg=0.0000, time=62.41s.
-- 200/221 [90.5%], loss=0.1242, dgw=0.1242, reg=0.0000, time=72.75s.
-- 221/221 [100.0%], loss=0.1280, dgw=0.1280, reg=0.0000, time=68.91s.
fit: Epoch 8/15, loss = 0.1292, best loss = 0.1292
results/MSRC_9_Our_Iter_usl_tsne_fit_8.pdf
-- 25/221 [11.3%], loss=0.1269, dgw=0.1269, reg=0.0000, time=50.53s.
-- 50/221 [22.6%], loss=0.1275, dgw=0.1275, reg=0.0000, time=83.66s.
-- 75/221 [33.9%], loss=0.1313, dgw=0.1313, reg=0.0000, time=72.02s.
-- 100/221 [45.2%], loss=0.1199, dgw=0.1199, reg=0.0000, time=67.46s.
-- 125/221 [56.6%], loss=0.1197, dgw=0.1197, reg=0.0000, time=82.53s.
-- 150/221 [67.9%], loss=0.1230, dgw=0.1230, reg=0.0000, time=57.31s.
-- 175/221 [79.2%], loss=0.1275, dgw=0.1275, reg=0.0000, time=80.33s.
-- 200/221 [90.5%], loss=0.1256, dgw=0.1256, reg=0.0000, time=67.49s.
-- 221/221 [100.0%], loss=0.1310, dgw=0.1310, reg=0.0000, time=56.04s.
fit: Epoch 9/15, loss = 0.1257, best loss = 0.1257
results/MSRC_9_Our_Iter_usl_tsne_fit_9.pdf
-- 25/221 [11.3%], loss=0.1186, dgw=0.1186, reg=0.0000, time=42.88s.
-- 50/221 [22.6%], loss=0.1254, dgw=0.1254, reg=0.0000, time=67.11s.
-- 75/221 [33.9%], loss=0.1330, dgw=0.1330, reg=0.0000, time=68.15s.
-- 100/221 [45.2%], loss=0.1286, dgw=0.1286, reg=0.0000, time=59.84s.
-- 125/221 [56.6%], loss=0.1298, dgw=0.1298, reg=0.0000, time=61.20s.
-- 150/221 [67.9%], loss=0.1227, dgw=0.1227, reg=0.0000, time=63.93s.
-- 175/221 [79.2%], loss=0.1426, dgw=0.1426, reg=0.0000, time=81.47s.
-- 200/221 [90.5%], loss=0.1394, dgw=0.1394, reg=0.0000, time=72.76s.
-- 221/221 [100.0%], loss=0.1485, dgw=0.1485, reg=0.0000, time=41.55s.
fit: Epoch 10/15, loss = 0.1318, best loss = 0.1257
results/MSRC_9_Our_Iter_usl_tsne_fit_10.pdf
-- 25/221 [11.3%], loss=0.1725, dgw=0.1725, reg=0.0000, time=72.10s.
-- 50/221 [22.6%], loss=0.1715, dgw=0.1715, reg=0.0000, time=54.98s.
-- 75/221 [33.9%], loss=0.1661, dgw=0.1661, reg=0.0000, time=86.35s.
-- 100/221 [45.2%], loss=0.2212, dgw=0.2212, reg=0.0000, time=57.15s.
-- 125/221 [56.6%], loss=0.2008, dgw=0.2008, reg=0.0000, time=54.42s.
-- 150/221 [67.9%], loss=0.2163, dgw=0.2163, reg=0.0000, time=66.44s.
-- 175/221 [79.2%], loss=0.1906, dgw=0.1906, reg=0.0000, time=65.06s.
-- 200/221 [90.5%], loss=0.2481, dgw=0.2481, reg=0.0000, time=65.08s.
-- 221/221 [100.0%], loss=0.2238, dgw=0.2238, reg=0.0000, time=53.60s.
fit: Epoch 11/15, loss = 0.2008, best loss = 0.1257
results/MSRC_9_Our_Iter_usl_tsne_fit_11.pdf
-- 25/221 [11.3%], loss=0.2470, dgw=0.2470, reg=0.0000, time=72.25s.
-- 50/221 [22.6%], loss=0.2540, dgw=0.2540, reg=0.0000, time=45.47s.
-- 75/221 [33.9%], loss=0.2735, dgw=0.2735, reg=0.0000, time=47.54s.
-- 100/221 [45.2%], loss=0.2841, dgw=0.2841, reg=0.0000, time=54.58s.
-- 125/221 [56.6%], loss=0.3326, dgw=0.3326, reg=0.0000, time=64.61s.
-- 150/221 [67.9%], loss=0.3455, dgw=0.3455, reg=0.0000, time=59.33s.
-- 175/221 [79.2%], loss=0.3688, dgw=0.3688, reg=0.0000, time=48.63s.
-- 200/221 [90.5%], loss=0.3496, dgw=0.3496, reg=0.0000, time=66.10s.
-- 221/221 [100.0%], loss=0.3836, dgw=0.3836, reg=0.0000, time=25.14s.
fit: Epoch 12/15, loss = 0.3142, best loss = 0.1257
results/MSRC_9_Our_Iter_usl_tsne_fit_12.pdf
-- 25/221 [11.3%], loss=0.3543, dgw=0.3543, reg=0.0000, time=38.46s.
-- 50/221 [22.6%], loss=0.3657, dgw=0.3657, reg=0.0000, time=72.80s.
-- 75/221 [33.9%], loss=0.3566, dgw=0.3566, reg=0.0000, time=61.31s.
-- 100/221 [45.2%], loss=0.3768, dgw=0.3768, reg=0.0000, time=63.24s.
-- 125/221 [56.6%], loss=0.4066, dgw=0.4066, reg=0.0000, time=46.42s.
-- 150/221 [67.9%], loss=0.4395, dgw=0.4395, reg=0.0000, time=57.31s.
-- 175/221 [79.2%], loss=0.4101, dgw=0.4101, reg=0.0000, time=52.82s.
-- 200/221 [90.5%], loss=0.4381, dgw=0.4381, reg=0.0000, time=64.60s.
-- 221/221 [100.0%], loss=0.4135, dgw=0.4135, reg=0.0000, time=54.14s.
fit: Epoch 13/15, loss = 0.3954, best loss = 0.1257
results/MSRC_9_Our_Iter_usl_tsne_fit_13.pdf
-- 25/221 [11.3%], loss=0.4074, dgw=0.4074, reg=0.0000, time=46.87s.
-- 50/221 [22.6%], loss=0.3777, dgw=0.3777, reg=0.0000, time=51.15s.
-- 75/221 [33.9%], loss=0.3750, dgw=0.3750, reg=0.0000, time=52.75s.
-- 100/221 [45.2%], loss=0.3966, dgw=0.3966, reg=0.0000, time=55.52s.
-- 125/221 [56.6%], loss=0.3839, dgw=0.3839, reg=0.0000, time=48.99s.
-- 150/221 [67.9%], loss=0.3731, dgw=0.3731, reg=0.0000, time=59.04s.
-- 175/221 [79.2%], loss=0.3739, dgw=0.3739, reg=0.0000, time=56.76s.
-- 200/221 [90.5%], loss=0.3866, dgw=0.3866, reg=0.0000, time=61.20s.
-- 221/221 [100.0%], loss=0.3843, dgw=0.3843, reg=0.0000, time=41.74s.
fit: Epoch 14/15, loss = 0.3843, best loss = 0.1257
results/MSRC_9_Our_Iter_usl_tsne_fit_14.pdf
-- 25/221 [11.3%], loss=0.3594, dgw=0.3594, reg=0.0000, time=41.29s.
-- 50/221 [22.6%], loss=0.3595, dgw=0.3595, reg=0.0000, time=41.76s.
-- 75/221 [33.9%], loss=0.3541, dgw=0.3541, reg=0.0000, time=49.45s.
-- 100/221 [45.2%], loss=0.3791, dgw=0.3791, reg=0.0000, time=73.52s.
-- 125/221 [56.6%], loss=0.3804, dgw=0.3804, reg=0.0000, time=67.46s.
-- 150/221 [67.9%], loss=0.4033, dgw=0.4033, reg=0.0000, time=49.93s.
-- 175/221 [79.2%], loss=0.3627, dgw=0.3627, reg=0.0000, time=70.45s.
-- 200/221 [90.5%], loss=0.3817, dgw=0.3817, reg=0.0000, time=56.68s.
-- 221/221 [100.0%], loss=0.3412, dgw=0.3412, reg=0.0000, time=42.08s.
fit: Epoch 15/15, loss = 0.3696, best loss = 0.1257
results/MSRC_9_Our_Iter_usl_tsne_fit_15.pdf
Rand Score: 0.7741258741258741
Done!
