MORE THAN 2 CLASSES!
-- 25/592 [4.2%], loss=0.2219, dgw=0.2219, reg=0.0000, time=24.45s.
-- 50/592 [8.4%], loss=0.2314, dgw=0.2314, reg=0.0000, time=23.28s.
-- 75/592 [12.7%], loss=0.2165, dgw=0.2165, reg=0.0000, time=21.92s.
-- 100/592 [16.9%], loss=0.2314, dgw=0.2314, reg=0.0000, time=25.94s.
-- 125/592 [21.1%], loss=0.2242, dgw=0.2242, reg=0.0000, time=24.62s.
-- 150/592 [25.3%], loss=0.2151, dgw=0.2151, reg=0.0000, time=34.61s.
-- 175/592 [29.6%], loss=0.2209, dgw=0.2209, reg=0.0000, time=38.08s.
-- 200/592 [33.8%], loss=0.2183, dgw=0.2183, reg=0.0000, time=44.04s.
-- 225/592 [38.0%], loss=0.2150, dgw=0.2150, reg=0.0000, time=55.51s.
-- 250/592 [42.2%], loss=0.2117, dgw=0.2117, reg=0.0000, time=47.83s.
-- 275/592 [46.5%], loss=0.2096, dgw=0.2096, reg=0.0000, time=38.48s.
-- 300/592 [50.7%], loss=0.2044, dgw=0.2044, reg=0.0000, time=45.14s.
-- 325/592 [54.9%], loss=0.1949, dgw=0.1949, reg=0.0000, time=56.66s.
-- 350/592 [59.1%], loss=0.2156, dgw=0.2156, reg=0.0000, time=57.00s.
-- 375/592 [63.3%], loss=0.2048, dgw=0.2048, reg=0.0000, time=57.95s.
-- 400/592 [67.6%], loss=0.2064, dgw=0.2064, reg=0.0000, time=65.07s.
-- 425/592 [71.8%], loss=0.2022, dgw=0.2022, reg=0.0000, time=57.68s.
-- 450/592 [76.0%], loss=0.2016, dgw=0.2016, reg=0.0000, time=33.03s.
-- 475/592 [80.2%], loss=0.1998, dgw=0.1998, reg=0.0000, time=33.86s.
-- 500/592 [84.5%], loss=0.1934, dgw=0.1934, reg=0.0000, time=38.92s.
-- 525/592 [88.7%], loss=0.1900, dgw=0.1900, reg=0.0000, time=69.47s.
-- 550/592 [92.9%], loss=0.1874, dgw=0.1874, reg=0.0000, time=42.84s.
-- 575/592 [97.1%], loss=0.1987, dgw=0.1987, reg=0.0000, time=41.42s.
-- 592/592 [100.0%], loss=0.1874, dgw=0.1874, reg=0.0000, time=51.43s.
fit: Epoch 1/15, loss = 0.2087, best loss = 0.2087
results/ENZYMES_Jin_Spectral_usl_tsne_fit_1.pdf
-- 25/592 [4.2%], loss=0.1923, dgw=0.1923, reg=0.0000, time=54.76s.
-- 50/592 [8.4%], loss=0.1842, dgw=0.1842, reg=0.0000, time=43.58s.
-- 75/592 [12.7%], loss=0.1919, dgw=0.1919, reg=0.0000, time=56.42s.
-- 100/592 [16.9%], loss=0.1822, dgw=0.1822, reg=0.0000, time=67.63s.
-- 125/592 [21.1%], loss=0.1819, dgw=0.1819, reg=0.0000, time=54.26s.
-- 150/592 [25.3%], loss=0.1850, dgw=0.1850, reg=0.0000, time=55.35s.
-- 175/592 [29.6%], loss=0.1814, dgw=0.1814, reg=0.0000, time=47.94s.
-- 200/592 [33.8%], loss=0.1754, dgw=0.1754, reg=0.0000, time=67.81s.
-- 225/592 [38.0%], loss=0.1667, dgw=0.1667, reg=0.0000, time=59.95s.
-- 250/592 [42.2%], loss=0.1718, dgw=0.1718, reg=0.0000, time=54.85s.
-- 275/592 [46.5%], loss=0.1754, dgw=0.1754, reg=0.0000, time=46.76s.
-- 300/592 [50.7%], loss=0.1725, dgw=0.1725, reg=0.0000, time=55.33s.
-- 325/592 [54.9%], loss=0.1685, dgw=0.1685, reg=0.0000, time=60.63s.
-- 350/592 [59.1%], loss=0.1639, dgw=0.1639, reg=0.0000, time=73.54s.
-- 375/592 [63.3%], loss=0.1728, dgw=0.1728, reg=0.0000, time=63.35s.
-- 400/592 [67.6%], loss=0.1716, dgw=0.1716, reg=0.0000, time=58.91s.
-- 425/592 [71.8%], loss=0.1606, dgw=0.1606, reg=0.0000, time=57.77s.
-- 450/592 [76.0%], loss=0.1710, dgw=0.1710, reg=0.0000, time=70.48s.
-- 475/592 [80.2%], loss=0.1600, dgw=0.1600, reg=0.0000, time=62.90s.
-- 500/592 [84.5%], loss=0.1626, dgw=0.1626, reg=0.0000, time=57.99s.
-- 525/592 [88.7%], loss=0.1607, dgw=0.1607, reg=0.0000, time=50.47s.
-- 550/592 [92.9%], loss=0.1588, dgw=0.1588, reg=0.0000, time=50.06s.
-- 575/592 [97.1%], loss=0.1546, dgw=0.1546, reg=0.0000, time=50.98s.
-- 592/592 [100.0%], loss=0.1548, dgw=0.1548, reg=0.0000, time=50.47s.
fit: Epoch 2/15, loss = 0.1719, best loss = 0.1719
results/ENZYMES_Jin_Spectral_usl_tsne_fit_2.pdf
-- 25/592 [4.2%], loss=0.1579, dgw=0.1579, reg=0.0000, time=60.34s.
-- 50/592 [8.4%], loss=0.1520, dgw=0.1520, reg=0.0000, time=34.15s.
-- 75/592 [12.7%], loss=0.1526, dgw=0.1526, reg=0.0000, time=40.00s.
-- 100/592 [16.9%], loss=0.1572, dgw=0.1572, reg=0.0000, time=46.71s.
-- 125/592 [21.1%], loss=0.1472, dgw=0.1472, reg=0.0000, time=38.48s.
-- 150/592 [25.3%], loss=0.1530, dgw=0.1530, reg=0.0000, time=50.21s.
-- 175/592 [29.6%], loss=0.1474, dgw=0.1474, reg=0.0000, time=68.26s.
-- 200/592 [33.8%], loss=0.1543, dgw=0.1543, reg=0.0000, time=61.43s.
-- 225/592 [38.0%], loss=0.1469, dgw=0.1469, reg=0.0000, time=67.78s.
-- 250/592 [42.2%], loss=0.1458, dgw=0.1458, reg=0.0000, time=62.83s.
-- 275/592 [46.5%], loss=0.1412, dgw=0.1412, reg=0.0000, time=51.02s.
-- 300/592 [50.7%], loss=0.1418, dgw=0.1418, reg=0.0000, time=52.11s.
-- 325/592 [54.9%], loss=0.1378, dgw=0.1378, reg=0.0000, time=37.57s.
-- 350/592 [59.1%], loss=0.1433, dgw=0.1433, reg=0.0000, time=46.18s.
-- 375/592 [63.3%], loss=0.1416, dgw=0.1416, reg=0.0000, time=49.85s.
-- 400/592 [67.6%], loss=0.1356, dgw=0.1356, reg=0.0000, time=42.52s.
-- 425/592 [71.8%], loss=0.1380, dgw=0.1380, reg=0.0000, time=48.71s.
-- 450/592 [76.0%], loss=0.1359, dgw=0.1359, reg=0.0000, time=45.32s.
-- 475/592 [80.2%], loss=0.1329, dgw=0.1329, reg=0.0000, time=44.52s.
-- 500/592 [84.5%], loss=0.1337, dgw=0.1337, reg=0.0000, time=61.13s.
-- 525/592 [88.7%], loss=0.1355, dgw=0.1355, reg=0.0000, time=54.73s.
-- 550/592 [92.9%], loss=0.1365, dgw=0.1365, reg=0.0000, time=53.09s.
-- 575/592 [97.1%], loss=0.1370, dgw=0.1370, reg=0.0000, time=54.39s.
-- 592/592 [100.0%], loss=0.1332, dgw=0.1332, reg=0.0000, time=33.85s.
fit: Epoch 3/15, loss = 0.1434, best loss = 0.1434
results/ENZYMES_Jin_Spectral_usl_tsne_fit_3.pdf
-- 25/592 [4.2%], loss=0.1291, dgw=0.1291, reg=0.0000, time=50.16s.
-- 50/592 [8.4%], loss=0.1262, dgw=0.1262, reg=0.0000, time=53.36s.
-- 75/592 [12.7%], loss=0.1330, dgw=0.1330, reg=0.0000, time=44.84s.
-- 100/592 [16.9%], loss=0.1292, dgw=0.1292, reg=0.0000, time=46.53s.
-- 125/592 [21.1%], loss=0.1311, dgw=0.1311, reg=0.0000, time=59.91s.
-- 150/592 [25.3%], loss=0.1270, dgw=0.1270, reg=0.0000, time=61.54s.
-- 175/592 [29.6%], loss=0.1258, dgw=0.1258, reg=0.0000, time=58.86s.
-- 200/592 [33.8%], loss=0.1214, dgw=0.1214, reg=0.0000, time=51.73s.
-- 225/592 [38.0%], loss=0.1302, dgw=0.1302, reg=0.0000, time=56.49s.
-- 250/592 [42.2%], loss=0.1176, dgw=0.1176, reg=0.0000, time=63.95s.
-- 275/592 [46.5%], loss=0.1240, dgw=0.1240, reg=0.0000, time=64.87s.
-- 300/592 [50.7%], loss=0.1220, dgw=0.1220, reg=0.0000, time=61.58s.
-- 325/592 [54.9%], loss=0.1207, dgw=0.1207, reg=0.0000, time=52.53s.
-- 350/592 [59.1%], loss=0.1174, dgw=0.1174, reg=0.0000, time=49.80s.
-- 375/592 [63.3%], loss=0.1222, dgw=0.1222, reg=0.0000, time=57.64s.
-- 400/592 [67.6%], loss=0.1224, dgw=0.1224, reg=0.0000, time=66.54s.
-- 425/592 [71.8%], loss=0.1178, dgw=0.1178, reg=0.0000, time=60.29s.
-- 450/592 [76.0%], loss=0.1153, dgw=0.1153, reg=0.0000, time=51.73s.
-- 475/592 [80.2%], loss=0.1183, dgw=0.1183, reg=0.0000, time=56.26s.
-- 500/592 [84.5%], loss=0.1146, dgw=0.1146, reg=0.0000, time=39.23s.
-- 525/592 [88.7%], loss=0.1137, dgw=0.1137, reg=0.0000, time=38.65s.
-- 550/592 [92.9%], loss=0.1145, dgw=0.1145, reg=0.0000, time=25.70s.
-- 575/592 [97.1%], loss=0.1213, dgw=0.1213, reg=0.0000, time=38.54s.
-- 592/592 [100.0%], loss=0.1195, dgw=0.1195, reg=0.0000, time=32.50s.
fit: Epoch 4/15, loss = 0.1223, best loss = 0.1223
results/ENZYMES_Jin_Spectral_usl_tsne_fit_4.pdf
-- 25/592 [4.2%], loss=0.1078, dgw=0.1078, reg=0.0000, time=53.28s.
-- 50/592 [8.4%], loss=0.1096, dgw=0.1096, reg=0.0000, time=59.48s.
-- 75/592 [12.7%], loss=0.1100, dgw=0.1100, reg=0.0000, time=55.99s.
-- 100/592 [16.9%], loss=0.1073, dgw=0.1073, reg=0.0000, time=35.87s.
-- 125/592 [21.1%], loss=0.1064, dgw=0.1064, reg=0.0000, time=37.37s.
-- 150/592 [25.3%], loss=0.1074, dgw=0.1074, reg=0.0000, time=58.79s.
-- 175/592 [29.6%], loss=0.1070, dgw=0.1070, reg=0.0000, time=60.55s.
-- 200/592 [33.8%], loss=0.1093, dgw=0.1093, reg=0.0000, time=62.29s.
-- 225/592 [38.0%], loss=0.1061, dgw=0.1061, reg=0.0000, time=43.14s.
-- 250/592 [42.2%], loss=0.1045, dgw=0.1045, reg=0.0000, time=46.57s.
-- 275/592 [46.5%], loss=0.1026, dgw=0.1026, reg=0.0000, time=35.82s.
-- 300/592 [50.7%], loss=0.1095, dgw=0.1095, reg=0.0000, time=60.75s.
-- 325/592 [54.9%], loss=0.1199, dgw=0.1199, reg=0.0000, time=51.07s.
-- 350/592 [59.1%], loss=0.1059, dgw=0.1059, reg=0.0000, time=54.59s.
-- 375/592 [63.3%], loss=0.1027, dgw=0.1027, reg=0.0000, time=39.54s.
-- 400/592 [67.6%], loss=0.1055, dgw=0.1055, reg=0.0000, time=50.66s.
-- 425/592 [71.8%], loss=0.1017, dgw=0.1017, reg=0.0000, time=57.64s.
-- 450/592 [76.0%], loss=0.1007, dgw=0.1007, reg=0.0000, time=59.80s.
-- 475/592 [80.2%], loss=0.1053, dgw=0.1053, reg=0.0000, time=44.58s.
-- 500/592 [84.5%], loss=0.1100, dgw=0.1100, reg=0.0000, time=40.97s.
-- 525/592 [88.7%], loss=0.1092, dgw=0.1092, reg=0.0000, time=61.38s.
-- 550/592 [92.9%], loss=0.1163, dgw=0.1163, reg=0.0000, time=62.70s.
-- 575/592 [97.1%], loss=0.0969, dgw=0.0969, reg=0.0000, time=56.89s.
-- 592/592 [100.0%], loss=0.1053, dgw=0.1053, reg=0.0000, time=42.75s.
fit: Epoch 5/15, loss = 0.1070, best loss = 0.1070
results/ENZYMES_Jin_Spectral_usl_tsne_fit_5.pdf
-- 25/592 [4.2%], loss=0.1019, dgw=0.1019, reg=0.0000, time=61.74s.
-- 50/592 [8.4%], loss=0.0984, dgw=0.0984, reg=0.0000, time=51.60s.
-- 75/592 [12.7%], loss=0.0932, dgw=0.0932, reg=0.0000, time=31.92s.
-- 100/592 [16.9%], loss=0.0998, dgw=0.0998, reg=0.0000, time=45.24s.
-- 125/592 [21.1%], loss=0.0921, dgw=0.0921, reg=0.0000, time=51.16s.
-- 150/592 [25.3%], loss=0.0963, dgw=0.0963, reg=0.0000, time=54.28s.
-- 175/592 [29.6%], loss=0.1120, dgw=0.1120, reg=0.0000, time=36.47s.
-- 200/592 [33.8%], loss=0.0929, dgw=0.0929, reg=0.0000, time=43.12s.
-- 225/592 [38.0%], loss=0.0976, dgw=0.0976, reg=0.0000, time=27.01s.
-- 250/592 [42.2%], loss=0.0944, dgw=0.0944, reg=0.0000, time=40.59s.
-- 275/592 [46.5%], loss=0.0904, dgw=0.0904, reg=0.0000, time=52.01s.
-- 300/592 [50.7%], loss=0.0914, dgw=0.0914, reg=0.0000, time=51.51s.
-- 325/592 [54.9%], loss=0.0941, dgw=0.0941, reg=0.0000, time=60.99s.
-- 350/592 [59.1%], loss=0.0896, dgw=0.0896, reg=0.0000, time=51.16s.
-- 375/592 [63.3%], loss=0.0981, dgw=0.0981, reg=0.0000, time=53.46s.
-- 400/592 [67.6%], loss=0.1000, dgw=0.1000, reg=0.0000, time=58.16s.
-- 425/592 [71.8%], loss=0.0921, dgw=0.0921, reg=0.0000, time=43.98s.
-- 450/592 [76.0%], loss=0.0921, dgw=0.0921, reg=0.0000, time=44.01s.
-- 475/592 [80.2%], loss=0.0871, dgw=0.0871, reg=0.0000, time=48.02s.
-- 500/592 [84.5%], loss=0.0885, dgw=0.0885, reg=0.0000, time=56.64s.
-- 525/592 [88.7%], loss=0.0873, dgw=0.0873, reg=0.0000, time=45.75s.
-- 550/592 [92.9%], loss=0.0958, dgw=0.0958, reg=0.0000, time=39.87s.
-- 575/592 [97.1%], loss=0.1013, dgw=0.1013, reg=0.0000, time=46.52s.
-- 592/592 [100.0%], loss=0.0891, dgw=0.0891, reg=0.0000, time=24.36s.
fit: Epoch 6/15, loss = 0.0949, best loss = 0.0949
results/ENZYMES_Jin_Spectral_usl_tsne_fit_6.pdf
-- 25/592 [4.2%], loss=0.0872, dgw=0.0872, reg=0.0000, time=49.91s.
-- 50/592 [8.4%], loss=0.0838, dgw=0.0838, reg=0.0000, time=38.70s.
-- 75/592 [12.7%], loss=0.0806, dgw=0.0806, reg=0.0000, time=32.32s.
-- 100/592 [16.9%], loss=0.0837, dgw=0.0837, reg=0.0000, time=48.21s.
-- 125/592 [21.1%], loss=0.0841, dgw=0.0841, reg=0.0000, time=56.81s.
-- 150/592 [25.3%], loss=0.0872, dgw=0.0872, reg=0.0000, time=36.62s.
-- 175/592 [29.6%], loss=0.0947, dgw=0.0947, reg=0.0000, time=33.16s.
-- 200/592 [33.8%], loss=0.0957, dgw=0.0957, reg=0.0000, time=36.69s.
-- 225/592 [38.0%], loss=0.0834, dgw=0.0834, reg=0.0000, time=34.36s.
-- 250/592 [42.2%], loss=0.0880, dgw=0.0880, reg=0.0000, time=43.96s.
-- 275/592 [46.5%], loss=0.0869, dgw=0.0869, reg=0.0000, time=45.36s.
-- 300/592 [50.7%], loss=0.0879, dgw=0.0879, reg=0.0000, time=44.35s.
-- 325/592 [54.9%], loss=0.0845, dgw=0.0845, reg=0.0000, time=42.31s.
-- 350/592 [59.1%], loss=0.0814, dgw=0.0814, reg=0.0000, time=36.99s.
-- 375/592 [63.3%], loss=0.0958, dgw=0.0958, reg=0.0000, time=26.28s.
-- 400/592 [67.6%], loss=0.0809, dgw=0.0809, reg=0.0000, time=39.34s.
-- 425/592 [71.8%], loss=0.0832, dgw=0.0832, reg=0.0000, time=40.97s.
-- 450/592 [76.0%], loss=0.0833, dgw=0.0833, reg=0.0000, time=34.42s.
-- 475/592 [80.2%], loss=0.0878, dgw=0.0878, reg=0.0000, time=39.18s.
-- 500/592 [84.5%], loss=0.0905, dgw=0.0905, reg=0.0000, time=39.39s.
-- 525/592 [88.7%], loss=0.0951, dgw=0.0951, reg=0.0000, time=46.70s.
-- 550/592 [92.9%], loss=0.0769, dgw=0.0769, reg=0.0000, time=40.11s.
-- 575/592 [97.1%], loss=0.0874, dgw=0.0874, reg=0.0000, time=38.14s.
-- 592/592 [100.0%], loss=0.0776, dgw=0.0776, reg=0.0000, time=26.89s.
fit: Epoch 7/15, loss = 0.0863, best loss = 0.0863
results/ENZYMES_Jin_Spectral_usl_tsne_fit_7.pdf
-- 25/592 [4.2%], loss=0.0798, dgw=0.0798, reg=0.0000, time=38.57s.
-- 50/592 [8.4%], loss=0.0828, dgw=0.0828, reg=0.0000, time=49.07s.
-- 75/592 [12.7%], loss=0.0762, dgw=0.0762, reg=0.0000, time=35.92s.
-- 100/592 [16.9%], loss=0.0895, dgw=0.0895, reg=0.0000, time=41.94s.
-- 125/592 [21.1%], loss=0.0778, dgw=0.0778, reg=0.0000, time=40.95s.
-- 150/592 [25.3%], loss=0.0866, dgw=0.0866, reg=0.0000, time=44.39s.
-- 175/592 [29.6%], loss=0.0735, dgw=0.0735, reg=0.0000, time=30.88s.
-- 200/592 [33.8%], loss=0.0758, dgw=0.0758, reg=0.0000, time=40.94s.
-- 225/592 [38.0%], loss=0.0786, dgw=0.0786, reg=0.0000, time=49.88s.
-- 250/592 [42.2%], loss=0.0740, dgw=0.0740, reg=0.0000, time=38.17s.
-- 275/592 [46.5%], loss=0.0800, dgw=0.0800, reg=0.0000, time=41.49s.
-- 300/592 [50.7%], loss=0.0753, dgw=0.0753, reg=0.0000, time=36.67s.
-- 325/592 [54.9%], loss=0.0834, dgw=0.0834, reg=0.0000, time=44.04s.
-- 350/592 [59.1%], loss=0.0779, dgw=0.0779, reg=0.0000, time=44.68s.
-- 375/592 [63.3%], loss=0.0938, dgw=0.0938, reg=0.0000, time=36.87s.
-- 400/592 [67.6%], loss=0.0845, dgw=0.0845, reg=0.0000, time=38.43s.
-- 425/592 [71.8%], loss=0.0714, dgw=0.0714, reg=0.0000, time=27.72s.
-- 450/592 [76.0%], loss=0.0765, dgw=0.0765, reg=0.0000, time=40.56s.
-- 475/592 [80.2%], loss=0.0749, dgw=0.0749, reg=0.0000, time=37.65s.
-- 500/592 [84.5%], loss=0.0953, dgw=0.0953, reg=0.0000, time=37.27s.
-- 525/592 [88.7%], loss=0.0757, dgw=0.0757, reg=0.0000, time=40.83s.
-- 550/592 [92.9%], loss=0.0829, dgw=0.0829, reg=0.0000, time=42.58s.
-- 575/592 [97.1%], loss=0.0677, dgw=0.0677, reg=0.0000, time=49.62s.
-- 592/592 [100.0%], loss=0.0684, dgw=0.0684, reg=0.0000, time=34.22s.
fit: Epoch 8/15, loss = 0.0794, best loss = 0.0794
results/ENZYMES_Jin_Spectral_usl_tsne_fit_8.pdf
-- 25/592 [4.2%], loss=0.0760, dgw=0.0760, reg=0.0000, time=33.60s.
-- 50/592 [8.4%], loss=0.0788, dgw=0.0788, reg=0.0000, time=33.61s.
-- 75/592 [12.7%], loss=0.0700, dgw=0.0700, reg=0.0000, time=37.40s.
-- 100/592 [16.9%], loss=0.0675, dgw=0.0675, reg=0.0000, time=37.62s.
-- 125/592 [21.1%], loss=0.0707, dgw=0.0707, reg=0.0000, time=38.88s.
-- 150/592 [25.3%], loss=0.0777, dgw=0.0777, reg=0.0000, time=32.00s.
-- 175/592 [29.6%], loss=0.0681, dgw=0.0681, reg=0.0000, time=31.03s.
-- 200/592 [33.8%], loss=0.0780, dgw=0.0780, reg=0.0000, time=39.17s.
-- 225/592 [38.0%], loss=0.0677, dgw=0.0677, reg=0.0000, time=51.22s.
-- 250/592 [42.2%], loss=0.0798, dgw=0.0798, reg=0.0000, time=45.66s.
-- 275/592 [46.5%], loss=0.0717, dgw=0.0717, reg=0.0000, time=54.42s.
-- 300/592 [50.7%], loss=0.0671, dgw=0.0671, reg=0.0000, time=49.42s.
-- 325/592 [54.9%], loss=0.0708, dgw=0.0708, reg=0.0000, time=44.90s.
-- 350/592 [59.1%], loss=0.0706, dgw=0.0706, reg=0.0000, time=40.94s.
-- 375/592 [63.3%], loss=0.0633, dgw=0.0633, reg=0.0000, time=28.07s.
-- 400/592 [67.6%], loss=0.0712, dgw=0.0712, reg=0.0000, time=31.77s.
-- 425/592 [71.8%], loss=0.0770, dgw=0.0770, reg=0.0000, time=35.56s.
-- 450/592 [76.0%], loss=0.0738, dgw=0.0738, reg=0.0000, time=36.20s.
-- 475/592 [80.2%], loss=0.0742, dgw=0.0742, reg=0.0000, time=41.45s.
-- 500/592 [84.5%], loss=0.0728, dgw=0.0728, reg=0.0000, time=32.90s.
-- 525/592 [88.7%], loss=0.0651, dgw=0.0651, reg=0.0000, time=38.99s.
-- 550/592 [92.9%], loss=0.0753, dgw=0.0753, reg=0.0000, time=28.06s.
-- 575/592 [97.1%], loss=0.0647, dgw=0.0647, reg=0.0000, time=37.65s.
-- 592/592 [100.0%], loss=0.0638, dgw=0.0638, reg=0.0000, time=21.89s.
fit: Epoch 9/15, loss = 0.0716, best loss = 0.0716
results/ENZYMES_Jin_Spectral_usl_tsne_fit_9.pdf
-- 25/592 [4.2%], loss=0.0665, dgw=0.0665, reg=0.0000, time=38.76s.
-- 50/592 [8.4%], loss=0.0642, dgw=0.0642, reg=0.0000, time=32.99s.
-- 75/592 [12.7%], loss=0.0837, dgw=0.0837, reg=0.0000, time=38.51s.
-- 100/592 [16.9%], loss=0.0588, dgw=0.0588, reg=0.0000, time=39.14s.
-- 125/592 [21.1%], loss=0.0673, dgw=0.0673, reg=0.0000, time=11.10s.
-- 150/592 [25.3%], loss=0.0680, dgw=0.0680, reg=0.0000, time=25.38s.
-- 175/592 [29.6%], loss=0.0641, dgw=0.0641, reg=0.0000, time=31.36s.
-- 200/592 [33.8%], loss=0.0628, dgw=0.0628, reg=0.0000, time=23.39s.
-- 225/592 [38.0%], loss=0.0613, dgw=0.0613, reg=0.0000, time=38.95s.
-- 250/592 [42.2%], loss=0.0625, dgw=0.0625, reg=0.0000, time=39.99s.
-- 275/592 [46.5%], loss=0.0698, dgw=0.0698, reg=0.0000, time=38.96s.
-- 300/592 [50.7%], loss=0.0589, dgw=0.0589, reg=0.0000, time=33.79s.
-- 325/592 [54.9%], loss=0.0650, dgw=0.0650, reg=0.0000, time=35.44s.
-- 350/592 [59.1%], loss=0.0663, dgw=0.0663, reg=0.0000, time=34.25s.
-- 375/592 [63.3%], loss=0.0728, dgw=0.0728, reg=0.0000, time=21.16s.
-- 400/592 [67.6%], loss=0.0595, dgw=0.0595, reg=0.0000, time=31.05s.
-- 425/592 [71.8%], loss=0.0903, dgw=0.0903, reg=0.0000, time=36.04s.
-- 450/592 [76.0%], loss=0.0679, dgw=0.0679, reg=0.0000, time=33.89s.
-- 475/592 [80.2%], loss=0.0582, dgw=0.0582, reg=0.0000, time=28.99s.
-- 500/592 [84.5%], loss=0.0674, dgw=0.0674, reg=0.0000, time=33.99s.
-- 525/592 [88.7%], loss=0.0665, dgw=0.0665, reg=0.0000, time=34.05s.
-- 550/592 [92.9%], loss=0.0621, dgw=0.0621, reg=0.0000, time=26.15s.
-- 575/592 [97.1%], loss=0.0642, dgw=0.0642, reg=0.0000, time=35.17s.
-- 592/592 [100.0%], loss=0.0969, dgw=0.0969, reg=0.0000, time=21.74s.
fit: Epoch 10/15, loss = 0.0673, best loss = 0.0673
results/ENZYMES_Jin_Spectral_usl_tsne_fit_10.pdf
-- 25/592 [4.2%], loss=0.0590, dgw=0.0590, reg=0.0000, time=29.07s.
-- 50/592 [8.4%], loss=0.0687, dgw=0.0687, reg=0.0000, time=22.26s.
-- 75/592 [12.7%], loss=0.0882, dgw=0.0882, reg=0.0000, time=29.78s.
-- 100/592 [16.9%], loss=0.0687, dgw=0.0687, reg=0.0000, time=34.65s.
-- 125/592 [21.1%], loss=0.0717, dgw=0.0717, reg=0.0000, time=22.37s.
-- 150/592 [25.3%], loss=0.0611, dgw=0.0611, reg=0.0000, time=33.65s.
-- 175/592 [29.6%], loss=0.0774, dgw=0.0774, reg=0.0000, time=34.44s.
-- 200/592 [33.8%], loss=0.0799, dgw=0.0799, reg=0.0000, time=44.33s.
-- 225/592 [38.0%], loss=0.0668, dgw=0.0668, reg=0.0000, time=34.45s.
-- 250/592 [42.2%], loss=0.0854, dgw=0.0854, reg=0.0000, time=32.59s.
-- 275/592 [46.5%], loss=0.0702, dgw=0.0702, reg=0.0000, time=30.57s.
-- 300/592 [50.7%], loss=0.0817, dgw=0.0817, reg=0.0000, time=35.45s.
-- 325/592 [54.9%], loss=0.0803, dgw=0.0803, reg=0.0000, time=25.65s.
-- 350/592 [59.1%], loss=0.0637, dgw=0.0637, reg=0.0000, time=25.23s.
-- 375/592 [63.3%], loss=0.0773, dgw=0.0773, reg=0.0000, time=24.18s.
-- 400/592 [67.6%], loss=0.0936, dgw=0.0936, reg=0.0000, time=16.65s.
-- 425/592 [71.8%], loss=0.0755, dgw=0.0755, reg=0.0000, time=21.34s.
-- 450/592 [76.0%], loss=0.0737, dgw=0.0737, reg=0.0000, time=27.23s.
-- 475/592 [80.2%], loss=0.0756, dgw=0.0756, reg=0.0000, time=28.69s.
-- 500/592 [84.5%], loss=0.0616, dgw=0.0616, reg=0.0000, time=28.49s.
-- 525/592 [88.7%], loss=0.0732, dgw=0.0732, reg=0.0000, time=26.30s.
-- 550/592 [92.9%], loss=0.0667, dgw=0.0667, reg=0.0000, time=26.05s.
-- 575/592 [97.1%], loss=0.0619, dgw=0.0619, reg=0.0000, time=29.52s.
-- 592/592 [100.0%], loss=0.0842, dgw=0.0842, reg=0.0000, time=17.45s.
fit: Epoch 11/15, loss = 0.0734, best loss = 0.0673
results/ENZYMES_Jin_Spectral_usl_tsne_fit_11.pdf
-- 25/592 [4.2%], loss=0.0723, dgw=0.0723, reg=0.0000, time=33.01s.
-- 50/592 [8.4%], loss=0.0644, dgw=0.0644, reg=0.0000, time=28.82s.
-- 75/592 [12.7%], loss=0.0654, dgw=0.0654, reg=0.0000, time=30.34s.
-- 100/592 [16.9%], loss=0.0664, dgw=0.0664, reg=0.0000, time=29.08s.
-- 125/592 [21.1%], loss=0.0610, dgw=0.0610, reg=0.0000, time=31.20s.
-- 150/592 [25.3%], loss=0.0704, dgw=0.0704, reg=0.0000, time=26.64s.
-- 175/592 [29.6%], loss=0.0546, dgw=0.0546, reg=0.0000, time=36.33s.
-- 200/592 [33.8%], loss=0.0844, dgw=0.0844, reg=0.0000, time=22.47s.
-- 225/592 [38.0%], loss=0.0839, dgw=0.0839, reg=0.0000, time=28.33s.
-- 250/592 [42.2%], loss=0.0625, dgw=0.0625, reg=0.0000, time=28.55s.
-- 275/592 [46.5%], loss=0.0560, dgw=0.0560, reg=0.0000, time=35.53s.
-- 300/592 [50.7%], loss=0.0661, dgw=0.0661, reg=0.0000, time=37.12s.
-- 325/592 [54.9%], loss=0.0869, dgw=0.0869, reg=0.0000, time=31.72s.
-- 350/592 [59.1%], loss=0.0568, dgw=0.0568, reg=0.0000, time=23.68s.
-- 375/592 [63.3%], loss=0.0610, dgw=0.0610, reg=0.0000, time=25.12s.
-- 400/592 [67.6%], loss=0.0583, dgw=0.0583, reg=0.0000, time=22.44s.
-- 425/592 [71.8%], loss=0.0723, dgw=0.0723, reg=0.0000, time=28.87s.
-- 450/592 [76.0%], loss=0.0586, dgw=0.0586, reg=0.0000, time=31.18s.
-- 475/592 [80.2%], loss=0.0820, dgw=0.0820, reg=0.0000, time=31.00s.
-- 500/592 [84.5%], loss=0.0692, dgw=0.0692, reg=0.0000, time=28.96s.
-- 525/592 [88.7%], loss=0.0664, dgw=0.0664, reg=0.0000, time=33.59s.
-- 550/592 [92.9%], loss=0.0652, dgw=0.0652, reg=0.0000, time=29.08s.
-- 575/592 [97.1%], loss=0.0635, dgw=0.0635, reg=0.0000, time=33.90s.
-- 592/592 [100.0%], loss=0.0749, dgw=0.0749, reg=0.0000, time=16.70s.
fit: Epoch 12/15, loss = 0.0675, best loss = 0.0673
results/ENZYMES_Jin_Spectral_usl_tsne_fit_12.pdf
-- 25/592 [4.2%], loss=0.0683, dgw=0.0683, reg=0.0000, time=23.56s.
-- 50/592 [8.4%], loss=0.0739, dgw=0.0739, reg=0.0000, time=24.93s.
-- 75/592 [12.7%], loss=0.0760, dgw=0.0760, reg=0.0000, time=24.77s.
-- 100/592 [16.9%], loss=0.0865, dgw=0.0865, reg=0.0000, time=28.38s.
-- 125/592 [21.1%], loss=0.0617, dgw=0.0617, reg=0.0000, time=35.57s.
-- 150/592 [25.3%], loss=0.0939, dgw=0.0939, reg=0.0000, time=30.90s.
-- 175/592 [29.6%], loss=0.0753, dgw=0.0753, reg=0.0000, time=35.97s.
-- 200/592 [33.8%], loss=0.0662, dgw=0.0662, reg=0.0000, time=28.51s.
-- 225/592 [38.0%], loss=0.0782, dgw=0.0782, reg=0.0000, time=25.34s.
-- 250/592 [42.2%], loss=0.0880, dgw=0.0880, reg=0.0000, time=36.87s.
-- 275/592 [46.5%], loss=0.0995, dgw=0.0995, reg=0.0000, time=26.89s.
-- 300/592 [50.7%], loss=0.0837, dgw=0.0837, reg=0.0000, time=30.59s.
-- 325/592 [54.9%], loss=0.0947, dgw=0.0947, reg=0.0000, time=29.76s.
-- 350/592 [59.1%], loss=0.1059, dgw=0.1059, reg=0.0000, time=30.43s.
-- 375/592 [63.3%], loss=0.0893, dgw=0.0893, reg=0.0000, time=26.77s.
-- 400/592 [67.6%], loss=0.0955, dgw=0.0955, reg=0.0000, time=27.09s.
-- 425/592 [71.8%], loss=0.0882, dgw=0.0882, reg=0.0000, time=33.38s.
-- 450/592 [76.0%], loss=0.0835, dgw=0.0835, reg=0.0000, time=22.40s.
-- 475/592 [80.2%], loss=0.1085, dgw=0.1085, reg=0.0000, time=23.33s.
-- 500/592 [84.5%], loss=0.1096, dgw=0.1096, reg=0.0000, time=24.86s.
-- 525/592 [88.7%], loss=0.1094, dgw=0.1094, reg=0.0000, time=27.68s.
-- 550/592 [92.9%], loss=0.0787, dgw=0.0787, reg=0.0000, time=31.07s.
-- 575/592 [97.1%], loss=0.0857, dgw=0.0857, reg=0.0000, time=31.74s.
-- 592/592 [100.0%], loss=0.0820, dgw=0.0820, reg=0.0000, time=25.52s.
fit: Epoch 13/15, loss = 0.0868, best loss = 0.0673
results/ENZYMES_Jin_Spectral_usl_tsne_fit_13.pdf
-- 25/592 [4.2%], loss=0.0809, dgw=0.0809, reg=0.0000, time=34.11s.
-- 50/592 [8.4%], loss=0.0936, dgw=0.0936, reg=0.0000, time=35.20s.
-- 75/592 [12.7%], loss=0.0705, dgw=0.0705, reg=0.0000, time=15.46s.
-- 100/592 [16.9%], loss=0.0635, dgw=0.0635, reg=0.0000, time=32.75s.
-- 125/592 [21.1%], loss=0.0795, dgw=0.0795, reg=0.0000, time=33.65s.
-- 150/592 [25.3%], loss=0.0774, dgw=0.0774, reg=0.0000, time=28.47s.
-- 175/592 [29.6%], loss=0.0720, dgw=0.0720, reg=0.0000, time=30.62s.
-- 200/592 [33.8%], loss=0.0886, dgw=0.0886, reg=0.0000, time=32.11s.
-- 225/592 [38.0%], loss=0.0860, dgw=0.0860, reg=0.0000, time=26.00s.
-- 250/592 [42.2%], loss=0.0757, dgw=0.0757, reg=0.0000, time=30.07s.
-- 275/592 [46.5%], loss=0.0806, dgw=0.0806, reg=0.0000, time=38.94s.
-- 300/592 [50.7%], loss=0.0771, dgw=0.0771, reg=0.0000, time=28.20s.
-- 325/592 [54.9%], loss=0.0727, dgw=0.0727, reg=0.0000, time=25.97s.
-- 350/592 [59.1%], loss=0.0675, dgw=0.0675, reg=0.0000, time=30.83s.
-- 375/592 [63.3%], loss=0.0778, dgw=0.0778, reg=0.0000, time=30.39s.
-- 400/592 [67.6%], loss=0.0936, dgw=0.0936, reg=0.0000, time=36.07s.
-- 425/592 [71.8%], loss=0.0719, dgw=0.0719, reg=0.0000, time=22.34s.
-- 450/592 [76.0%], loss=0.0739, dgw=0.0739, reg=0.0000, time=24.96s.
-- 475/592 [80.2%], loss=0.0598, dgw=0.0598, reg=0.0000, time=29.45s.
-- 500/592 [84.5%], loss=0.0925, dgw=0.0925, reg=0.0000, time=25.57s.
-- 525/592 [88.7%], loss=0.0794, dgw=0.0794, reg=0.0000, time=29.98s.
-- 550/592 [92.9%], loss=0.0878, dgw=0.0878, reg=0.0000, time=30.53s.
-- 575/592 [97.1%], loss=0.0910, dgw=0.0910, reg=0.0000, time=24.59s.
-- 592/592 [100.0%], loss=0.1122, dgw=0.1122, reg=0.0000, time=19.45s.
fit: Epoch 14/15, loss = 0.0798, best loss = 0.0673
results/ENZYMES_Jin_Spectral_usl_tsne_fit_14.pdf
-- 25/592 [4.2%], loss=0.1083, dgw=0.1083, reg=0.0000, time=39.51s.
-- 50/592 [8.4%], loss=0.1026, dgw=0.1026, reg=0.0000, time=12.62s.
-- 75/592 [12.7%], loss=0.0964, dgw=0.0964, reg=0.0000, time=30.09s.
-- 100/592 [16.9%], loss=0.1101, dgw=0.1101, reg=0.0000, time=33.85s.
-- 125/592 [21.1%], loss=0.1127, dgw=0.1127, reg=0.0000, time=33.05s.
-- 150/592 [25.3%], loss=0.1189, dgw=0.1189, reg=0.0000, time=22.69s.
-- 175/592 [29.6%], loss=0.1541, dgw=0.1541, reg=0.0000, time=20.55s.
-- 200/592 [33.8%], loss=0.1358, dgw=0.1358, reg=0.0000, time=22.14s.
-- 225/592 [38.0%], loss=0.1173, dgw=0.1173, reg=0.0000, time=18.18s.
-- 250/592 [42.2%], loss=0.1064, dgw=0.1064, reg=0.0000, time=20.85s.
-- 275/592 [46.5%], loss=0.1320, dgw=0.1320, reg=0.0000, time=31.43s.
-- 300/592 [50.7%], loss=0.1232, dgw=0.1232, reg=0.0000, time=26.34s.
-- 325/592 [54.9%], loss=0.1183, dgw=0.1183, reg=0.0000, time=24.33s.
-- 350/592 [59.1%], loss=0.1346, dgw=0.1346, reg=0.0000, time=29.37s.
-- 375/592 [63.3%], loss=0.1418, dgw=0.1418, reg=0.0000, time=26.39s.
-- 400/592 [67.6%], loss=0.1444, dgw=0.1444, reg=0.0000, time=19.31s.
-- 425/592 [71.8%], loss=0.1248, dgw=0.1248, reg=0.0000, time=25.92s.
-- 450/592 [76.0%], loss=0.1082, dgw=0.1082, reg=0.0000, time=30.07s.
-- 475/592 [80.2%], loss=0.1255, dgw=0.1255, reg=0.0000, time=27.28s.
-- 500/592 [84.5%], loss=0.1485, dgw=0.1485, reg=0.0000, time=28.77s.
-- 525/592 [88.7%], loss=0.1252, dgw=0.1252, reg=0.0000, time=25.24s.
-- 550/592 [92.9%], loss=0.1301, dgw=0.1301, reg=0.0000, time=25.94s.
-- 575/592 [97.1%], loss=0.1377, dgw=0.1377, reg=0.0000, time=28.91s.
-- 592/592 [100.0%], loss=0.1205, dgw=0.1205, reg=0.0000, time=18.79s.
fit: Epoch 15/15, loss = 0.1241, best loss = 0.0673
results/ENZYMES_Jin_Spectral_usl_tsne_fit_15.pdf
Rand Score: 0.7225785430100151
Done!
