MORE THAN 2 CLASSES!
-- 25/592 [4.2%], loss=0.2236, dgw=0.2236, reg=0.0000, time=47.68s.
-- 50/592 [8.4%], loss=0.2328, dgw=0.2328, reg=0.0000, time=53.12s.
-- 75/592 [12.7%], loss=0.2162, dgw=0.2162, reg=0.0000, time=38.96s.
-- 100/592 [16.9%], loss=0.2203, dgw=0.2203, reg=0.0000, time=37.54s.
-- 125/592 [21.1%], loss=0.2285, dgw=0.2285, reg=0.0000, time=43.78s.
-- 150/592 [25.3%], loss=0.2143, dgw=0.2143, reg=0.0000, time=46.75s.
-- 175/592 [29.6%], loss=0.2126, dgw=0.2126, reg=0.0000, time=58.75s.
-- 200/592 [33.8%], loss=0.2273, dgw=0.2273, reg=0.0000, time=61.73s.
-- 225/592 [38.0%], loss=0.2193, dgw=0.2193, reg=0.0000, time=67.04s.
-- 250/592 [42.2%], loss=0.2132, dgw=0.2132, reg=0.0000, time=72.59s.
-- 275/592 [46.5%], loss=0.2135, dgw=0.2135, reg=0.0000, time=37.67s.
-- 300/592 [50.7%], loss=0.2087, dgw=0.2087, reg=0.0000, time=33.91s.
-- 325/592 [54.9%], loss=0.2046, dgw=0.2046, reg=0.0000, time=61.76s.
-- 350/592 [59.1%], loss=0.2058, dgw=0.2058, reg=0.0000, time=71.06s.
-- 375/592 [63.3%], loss=0.2041, dgw=0.2041, reg=0.0000, time=43.94s.
-- 400/592 [67.6%], loss=0.1970, dgw=0.1970, reg=0.0000, time=62.79s.
-- 425/592 [71.8%], loss=0.2044, dgw=0.2044, reg=0.0000, time=71.96s.
-- 450/592 [76.0%], loss=0.1956, dgw=0.1956, reg=0.0000, time=54.07s.
-- 475/592 [80.2%], loss=0.1974, dgw=0.1974, reg=0.0000, time=44.67s.
-- 500/592 [84.5%], loss=0.1971, dgw=0.1971, reg=0.0000, time=57.22s.
-- 525/592 [88.7%], loss=0.1986, dgw=0.1986, reg=0.0000, time=64.76s.
-- 550/592 [92.9%], loss=0.1984, dgw=0.1984, reg=0.0000, time=63.95s.
-- 575/592 [97.1%], loss=0.1880, dgw=0.1880, reg=0.0000, time=66.92s.
-- 592/592 [100.0%], loss=0.1979, dgw=0.1979, reg=0.0000, time=38.68s.
fit: Epoch 1/15, loss = 0.2093, best loss = 0.2093
results/ENZYMES_Jin_Spectral_usl_tsne_fit_1.pdf
-- 25/592 [4.2%], loss=0.1918, dgw=0.1918, reg=0.0000, time=66.88s.
-- 50/592 [8.4%], loss=0.1841, dgw=0.1841, reg=0.0000, time=61.27s.
-- 75/592 [12.7%], loss=0.1832, dgw=0.1832, reg=0.0000, time=46.71s.
-- 100/592 [16.9%], loss=0.1894, dgw=0.1894, reg=0.0000, time=52.30s.
-- 125/592 [21.1%], loss=0.1787, dgw=0.1787, reg=0.0000, time=51.72s.
-- 150/592 [25.3%], loss=0.1769, dgw=0.1769, reg=0.0000, time=67.97s.
-- 175/592 [29.6%], loss=0.1784, dgw=0.1784, reg=0.0000, time=76.20s.
-- 200/592 [33.8%], loss=0.1771, dgw=0.1771, reg=0.0000, time=73.22s.
-- 225/592 [38.0%], loss=0.1800, dgw=0.1800, reg=0.0000, time=77.07s.
-- 250/592 [42.2%], loss=0.1809, dgw=0.1809, reg=0.0000, time=57.12s.
-- 275/592 [46.5%], loss=0.1761, dgw=0.1761, reg=0.0000, time=52.23s.
-- 300/592 [50.7%], loss=0.1716, dgw=0.1716, reg=0.0000, time=48.06s.
-- 325/592 [54.9%], loss=0.1669, dgw=0.1669, reg=0.0000, time=56.55s.
-- 350/592 [59.1%], loss=0.1716, dgw=0.1716, reg=0.0000, time=62.72s.
-- 375/592 [63.3%], loss=0.1690, dgw=0.1690, reg=0.0000, time=56.04s.
-- 400/592 [67.6%], loss=0.1693, dgw=0.1693, reg=0.0000, time=41.42s.
-- 425/592 [71.8%], loss=0.1662, dgw=0.1662, reg=0.0000, time=72.85s.
-- 450/592 [76.0%], loss=0.1628, dgw=0.1628, reg=0.0000, time=53.92s.
-- 475/592 [80.2%], loss=0.1645, dgw=0.1645, reg=0.0000, time=51.91s.
-- 500/592 [84.5%], loss=0.1619, dgw=0.1619, reg=0.0000, time=29.36s.
-- 525/592 [88.7%], loss=0.1605, dgw=0.1605, reg=0.0000, time=43.93s.
-- 550/592 [92.9%], loss=0.1638, dgw=0.1638, reg=0.0000, time=60.46s.
-- 575/592 [97.1%], loss=0.1572, dgw=0.1572, reg=0.0000, time=72.30s.
-- 592/592 [100.0%], loss=0.1498, dgw=0.1498, reg=0.0000, time=38.31s.
fit: Epoch 2/15, loss = 0.1725, best loss = 0.1725
results/ENZYMES_Jin_Spectral_usl_tsne_fit_2.pdf
-- 25/592 [4.2%], loss=0.1555, dgw=0.1555, reg=0.0000, time=40.06s.
-- 50/592 [8.4%], loss=0.1585, dgw=0.1585, reg=0.0000, time=39.38s.
-- 75/592 [12.7%], loss=0.1530, dgw=0.1530, reg=0.0000, time=36.74s.
-- 100/592 [16.9%], loss=0.1604, dgw=0.1604, reg=0.0000, time=32.34s.
-- 125/592 [21.1%], loss=0.1521, dgw=0.1521, reg=0.0000, time=54.12s.
-- 150/592 [25.3%], loss=0.1512, dgw=0.1512, reg=0.0000, time=64.53s.
-- 175/592 [29.6%], loss=0.1466, dgw=0.1466, reg=0.0000, time=45.18s.
-- 200/592 [33.8%], loss=0.1498, dgw=0.1498, reg=0.0000, time=53.10s.
-- 225/592 [38.0%], loss=0.1488, dgw=0.1488, reg=0.0000, time=53.58s.
-- 250/592 [42.2%], loss=0.1414, dgw=0.1414, reg=0.0000, time=43.27s.
-- 275/592 [46.5%], loss=0.1435, dgw=0.1435, reg=0.0000, time=48.00s.
-- 300/592 [50.7%], loss=0.1422, dgw=0.1422, reg=0.0000, time=59.78s.
-- 325/592 [54.9%], loss=0.1503, dgw=0.1503, reg=0.0000, time=61.93s.
-- 350/592 [59.1%], loss=0.1394, dgw=0.1394, reg=0.0000, time=54.11s.
-- 375/592 [63.3%], loss=0.1409, dgw=0.1409, reg=0.0000, time=45.40s.
-- 400/592 [67.6%], loss=0.1390, dgw=0.1390, reg=0.0000, time=61.57s.
-- 425/592 [71.8%], loss=0.1390, dgw=0.1390, reg=0.0000, time=48.82s.
-- 450/592 [76.0%], loss=0.1367, dgw=0.1367, reg=0.0000, time=60.75s.
-- 475/592 [80.2%], loss=0.1295, dgw=0.1295, reg=0.0000, time=46.62s.
-- 500/592 [84.5%], loss=0.1386, dgw=0.1386, reg=0.0000, time=47.19s.
-- 525/592 [88.7%], loss=0.1338, dgw=0.1338, reg=0.0000, time=49.92s.
-- 550/592 [92.9%], loss=0.1341, dgw=0.1341, reg=0.0000, time=65.18s.
-- 575/592 [97.1%], loss=0.1350, dgw=0.1350, reg=0.0000, time=74.40s.
-- 592/592 [100.0%], loss=0.1311, dgw=0.1311, reg=0.0000, time=39.06s.
fit: Epoch 3/15, loss = 0.1439, best loss = 0.1439
results/ENZYMES_Jin_Spectral_usl_tsne_fit_3.pdf
-- 25/592 [4.2%], loss=0.1318, dgw=0.1318, reg=0.0000, time=53.43s.
-- 50/592 [8.4%], loss=0.1283, dgw=0.1283, reg=0.0000, time=55.06s.
-- 75/592 [12.7%], loss=0.1231, dgw=0.1231, reg=0.0000, time=43.37s.
-- 100/592 [16.9%], loss=0.1292, dgw=0.1292, reg=0.0000, time=53.87s.
-- 125/592 [21.1%], loss=0.1305, dgw=0.1305, reg=0.0000, time=60.09s.
-- 150/592 [25.3%], loss=0.1275, dgw=0.1275, reg=0.0000, time=52.65s.
-- 175/592 [29.6%], loss=0.1234, dgw=0.1234, reg=0.0000, time=81.49s.
-- 200/592 [33.8%], loss=0.1237, dgw=0.1237, reg=0.0000, time=54.79s.
-- 225/592 [38.0%], loss=0.1237, dgw=0.1237, reg=0.0000, time=58.86s.
-- 250/592 [42.2%], loss=0.1214, dgw=0.1214, reg=0.0000, time=61.28s.
-- 275/592 [46.5%], loss=0.1250, dgw=0.1250, reg=0.0000, time=54.12s.
-- 300/592 [50.7%], loss=0.1271, dgw=0.1271, reg=0.0000, time=45.86s.
-- 325/592 [54.9%], loss=0.1246, dgw=0.1246, reg=0.0000, time=38.86s.
-- 350/592 [59.1%], loss=0.1296, dgw=0.1296, reg=0.0000, time=48.86s.
-- 375/592 [63.3%], loss=0.1142, dgw=0.1142, reg=0.0000, time=75.41s.
-- 400/592 [67.6%], loss=0.1158, dgw=0.1158, reg=0.0000, time=58.42s.
-- 425/592 [71.8%], loss=0.1214, dgw=0.1214, reg=0.0000, time=61.30s.
-- 450/592 [76.0%], loss=0.1177, dgw=0.1177, reg=0.0000, time=56.57s.
-- 475/592 [80.2%], loss=0.1224, dgw=0.1224, reg=0.0000, time=54.22s.
-- 500/592 [84.5%], loss=0.1153, dgw=0.1153, reg=0.0000, time=36.85s.
-- 525/592 [88.7%], loss=0.1329, dgw=0.1329, reg=0.0000, time=64.34s.
-- 550/592 [92.9%], loss=0.1288, dgw=0.1288, reg=0.0000, time=56.39s.
-- 575/592 [97.1%], loss=0.1389, dgw=0.1389, reg=0.0000, time=61.03s.
-- 592/592 [100.0%], loss=0.1265, dgw=0.1265, reg=0.0000, time=27.05s.
fit: Epoch 4/15, loss = 0.1251, best loss = 0.1251
results/ENZYMES_Jin_Spectral_usl_tsne_fit_4.pdf
-- 25/592 [4.2%], loss=0.1868, dgw=0.1868, reg=0.0000, time=43.48s.
-- 50/592 [8.4%], loss=0.1907, dgw=0.1907, reg=0.0000, time=57.15s.
-- 75/592 [12.7%], loss=0.2771, dgw=0.2771, reg=0.0000, time=41.68s.
-- 100/592 [16.9%], loss=0.2381, dgw=0.2381, reg=0.0000, time=52.11s.
-- 125/592 [21.1%], loss=0.1973, dgw=0.1973, reg=0.0000, time=29.13s.
-- 150/592 [25.3%], loss=0.1720, dgw=0.1720, reg=0.0000, time=43.35s.
-- 175/592 [29.6%], loss=0.1924, dgw=0.1924, reg=0.0000, time=54.40s.
-- 200/592 [33.8%], loss=0.1953, dgw=0.1953, reg=0.0000, time=58.99s.
-- 225/592 [38.0%], loss=0.1952, dgw=0.1952, reg=0.0000, time=44.78s.
-- 250/592 [42.2%], loss=0.1809, dgw=0.1809, reg=0.0000, time=50.14s.
-- 275/592 [46.5%], loss=0.1551, dgw=0.1551, reg=0.0000, time=42.98s.
-- 300/592 [50.7%], loss=0.1656, dgw=0.1656, reg=0.0000, time=63.19s.
-- 325/592 [54.9%], loss=0.1775, dgw=0.1775, reg=0.0000, time=65.81s.
-- 350/592 [59.1%], loss=0.1605, dgw=0.1605, reg=0.0000, time=69.77s.
-- 375/592 [63.3%], loss=0.1937, dgw=0.1937, reg=0.0000, time=64.24s.
-- 400/592 [67.6%], loss=0.2143, dgw=0.2143, reg=0.0000, time=57.07s.
-- 425/592 [71.8%], loss=0.2419, dgw=0.2419, reg=0.0000, time=32.18s.
-- 450/592 [76.0%], loss=0.3199, dgw=0.3199, reg=0.0000, time=46.21s.
-- 475/592 [80.2%], loss=0.3344, dgw=0.3344, reg=0.0000, time=46.75s.
-- 500/592 [84.5%], loss=0.3363, dgw=0.3363, reg=0.0000, time=53.75s.
-- 525/592 [88.7%], loss=0.2537, dgw=0.2537, reg=0.0000, time=35.79s.
-- 550/592 [92.9%], loss=0.2283, dgw=0.2283, reg=0.0000, time=48.32s.
-- 575/592 [97.1%], loss=0.1592, dgw=0.1592, reg=0.0000, time=42.94s.
-- 592/592 [100.0%], loss=0.1810, dgw=0.1810, reg=0.0000, time=39.19s.
fit: Epoch 5/15, loss = 0.2149, best loss = 0.1251
results/ENZYMES_Jin_Spectral_usl_tsne_fit_5.pdf
-- 25/592 [4.2%], loss=0.1468, dgw=0.1468, reg=0.0000, time=43.15s.
-- 50/592 [8.4%], loss=0.1225, dgw=0.1225, reg=0.0000, time=60.33s.
-- 75/592 [12.7%], loss=0.1129, dgw=0.1129, reg=0.0000, time=44.96s.
-- 100/592 [16.9%], loss=0.1027, dgw=0.1027, reg=0.0000, time=61.36s.
-- 125/592 [21.1%], loss=0.1026, dgw=0.1026, reg=0.0000, time=58.75s.
-- 150/592 [25.3%], loss=0.1152, dgw=0.1152, reg=0.0000, time=49.67s.
-- 175/592 [29.6%], loss=0.0970, dgw=0.0970, reg=0.0000, time=37.76s.
-- 200/592 [33.8%], loss=0.1209, dgw=0.1209, reg=0.0000, time=21.92s.
-- 225/592 [38.0%], loss=0.1045, dgw=0.1045, reg=0.0000, time=51.47s.
-- 250/592 [42.2%], loss=0.0998, dgw=0.0998, reg=0.0000, time=45.82s.
-- 275/592 [46.5%], loss=0.0930, dgw=0.0930, reg=0.0000, time=41.98s.
-- 300/592 [50.7%], loss=0.0923, dgw=0.0923, reg=0.0000, time=48.02s.
-- 325/592 [54.9%], loss=0.0928, dgw=0.0928, reg=0.0000, time=52.87s.
-- 350/592 [59.1%], loss=0.0900, dgw=0.0900, reg=0.0000, time=46.77s.
-- 375/592 [63.3%], loss=0.0887, dgw=0.0887, reg=0.0000, time=60.45s.
-- 400/592 [67.6%], loss=0.0878, dgw=0.0878, reg=0.0000, time=52.69s.
-- 425/592 [71.8%], loss=0.0916, dgw=0.0916, reg=0.0000, time=53.22s.
-- 450/592 [76.0%], loss=0.0847, dgw=0.0847, reg=0.0000, time=40.88s.
-- 475/592 [80.2%], loss=0.0913, dgw=0.0913, reg=0.0000, time=46.90s.
-- 500/592 [84.5%], loss=0.0889, dgw=0.0889, reg=0.0000, time=49.10s.
-- 525/592 [88.7%], loss=0.0889, dgw=0.0889, reg=0.0000, time=44.14s.
-- 550/592 [92.9%], loss=0.0900, dgw=0.0900, reg=0.0000, time=54.73s.
-- 575/592 [97.1%], loss=0.0892, dgw=0.0892, reg=0.0000, time=38.91s.
-- 592/592 [100.0%], loss=0.0921, dgw=0.0921, reg=0.0000, time=31.35s.
fit: Epoch 6/15, loss = 0.0995, best loss = 0.0995
results/ENZYMES_Jin_Spectral_usl_tsne_fit_6.pdf
-- 25/592 [4.2%], loss=0.0885, dgw=0.0885, reg=0.0000, time=41.33s.
-- 50/592 [8.4%], loss=0.0816, dgw=0.0816, reg=0.0000, time=33.90s.
-- 75/592 [12.7%], loss=0.0861, dgw=0.0861, reg=0.0000, time=36.25s.
-- 100/592 [16.9%], loss=0.0926, dgw=0.0926, reg=0.0000, time=46.59s.
-- 125/592 [21.1%], loss=0.0834, dgw=0.0834, reg=0.0000, time=31.14s.
-- 150/592 [25.3%], loss=0.0841, dgw=0.0841, reg=0.0000, time=32.64s.
-- 175/592 [29.6%], loss=0.0802, dgw=0.0802, reg=0.0000, time=45.23s.
-- 200/592 [33.8%], loss=0.0817, dgw=0.0817, reg=0.0000, time=37.77s.
-- 225/592 [38.0%], loss=0.0827, dgw=0.0827, reg=0.0000, time=30.76s.
-- 250/592 [42.2%], loss=0.0930, dgw=0.0930, reg=0.0000, time=37.31s.
-- 275/592 [46.5%], loss=0.0900, dgw=0.0900, reg=0.0000, time=41.20s.
-- 300/592 [50.7%], loss=0.0997, dgw=0.0997, reg=0.0000, time=50.71s.
-- 325/592 [54.9%], loss=0.0914, dgw=0.0914, reg=0.0000, time=32.64s.
-- 350/592 [59.1%], loss=0.0847, dgw=0.0847, reg=0.0000, time=37.56s.
-- 375/592 [63.3%], loss=0.1053, dgw=0.1053, reg=0.0000, time=43.30s.
-- 400/592 [67.6%], loss=0.0826, dgw=0.0826, reg=0.0000, time=44.14s.
-- 425/592 [71.8%], loss=0.0841, dgw=0.0841, reg=0.0000, time=40.35s.
-- 450/592 [76.0%], loss=0.0773, dgw=0.0773, reg=0.0000, time=34.43s.
-- 475/592 [80.2%], loss=0.0845, dgw=0.0845, reg=0.0000, time=39.49s.
-- 500/592 [84.5%], loss=0.0825, dgw=0.0825, reg=0.0000, time=28.27s.
-- 525/592 [88.7%], loss=0.0879, dgw=0.0879, reg=0.0000, time=34.18s.
-- 550/592 [92.9%], loss=0.0750, dgw=0.0750, reg=0.0000, time=41.39s.
-- 575/592 [97.1%], loss=0.0854, dgw=0.0854, reg=0.0000, time=46.64s.
-- 592/592 [100.0%], loss=0.0816, dgw=0.0816, reg=0.0000, time=23.89s.
fit: Epoch 7/15, loss = 0.0861, best loss = 0.0861
results/ENZYMES_Jin_Spectral_usl_tsne_fit_7.pdf
-- 25/592 [4.2%], loss=0.0742, dgw=0.0742, reg=0.0000, time=41.32s.
-- 50/592 [8.4%], loss=0.0733, dgw=0.0733, reg=0.0000, time=43.29s.
-- 75/592 [12.7%], loss=0.0779, dgw=0.0779, reg=0.0000, time=29.55s.
-- 100/592 [16.9%], loss=0.0814, dgw=0.0814, reg=0.0000, time=35.02s.
-- 125/592 [21.1%], loss=0.0778, dgw=0.0778, reg=0.0000, time=45.18s.
-- 150/592 [25.3%], loss=0.0841, dgw=0.0841, reg=0.0000, time=40.89s.
-- 175/592 [29.6%], loss=0.0787, dgw=0.0787, reg=0.0000, time=40.80s.
-- 200/592 [33.8%], loss=0.0747, dgw=0.0747, reg=0.0000, time=36.59s.
-- 225/592 [38.0%], loss=0.0734, dgw=0.0734, reg=0.0000, time=42.43s.
-- 250/592 [42.2%], loss=0.0868, dgw=0.0868, reg=0.0000, time=35.83s.
-- 275/592 [46.5%], loss=0.0813, dgw=0.0813, reg=0.0000, time=50.78s.
-- 300/592 [50.7%], loss=0.0716, dgw=0.0716, reg=0.0000, time=49.35s.
-- 325/592 [54.9%], loss=0.0775, dgw=0.0775, reg=0.0000, time=42.69s.
-- 350/592 [59.1%], loss=0.0814, dgw=0.0814, reg=0.0000, time=38.55s.
-- 375/592 [63.3%], loss=0.0903, dgw=0.0903, reg=0.0000, time=33.21s.
-- 400/592 [67.6%], loss=0.0724, dgw=0.0724, reg=0.0000, time=42.68s.
-- 425/592 [71.8%], loss=0.0807, dgw=0.0807, reg=0.0000, time=33.52s.
-- 450/592 [76.0%], loss=0.0838, dgw=0.0838, reg=0.0000, time=41.59s.
-- 475/592 [80.2%], loss=0.0731, dgw=0.0731, reg=0.0000, time=42.41s.
-- 500/592 [84.5%], loss=0.0827, dgw=0.0827, reg=0.0000, time=28.43s.
-- 525/592 [88.7%], loss=0.0749, dgw=0.0749, reg=0.0000, time=48.83s.
-- 550/592 [92.9%], loss=0.0764, dgw=0.0764, reg=0.0000, time=55.10s.
-- 575/592 [97.1%], loss=0.0763, dgw=0.0763, reg=0.0000, time=38.68s.
-- 592/592 [100.0%], loss=0.0690, dgw=0.0690, reg=0.0000, time=21.51s.
fit: Epoch 8/15, loss = 0.0782, best loss = 0.0782
results/ENZYMES_Jin_Spectral_usl_tsne_fit_8.pdf
-- 25/592 [4.2%], loss=0.0826, dgw=0.0826, reg=0.0000, time=43.09s.
-- 50/592 [8.4%], loss=0.0733, dgw=0.0733, reg=0.0000, time=42.66s.
-- 75/592 [12.7%], loss=0.0639, dgw=0.0639, reg=0.0000, time=35.55s.
-- 100/592 [16.9%], loss=0.0788, dgw=0.0788, reg=0.0000, time=32.53s.
-- 125/592 [21.1%], loss=0.0752, dgw=0.0752, reg=0.0000, time=34.09s.
-- 150/592 [25.3%], loss=0.0746, dgw=0.0746, reg=0.0000, time=40.04s.
-- 175/592 [29.6%], loss=0.0750, dgw=0.0750, reg=0.0000, time=50.60s.
-- 200/592 [33.8%], loss=0.0779, dgw=0.0779, reg=0.0000, time=37.97s.
-- 225/592 [38.0%], loss=0.0690, dgw=0.0690, reg=0.0000, time=38.31s.
-- 250/592 [42.2%], loss=0.0714, dgw=0.0714, reg=0.0000, time=37.27s.
-- 275/592 [46.5%], loss=0.0712, dgw=0.0712, reg=0.0000, time=33.01s.
-- 300/592 [50.7%], loss=0.0705, dgw=0.0705, reg=0.0000, time=44.17s.
-- 325/592 [54.9%], loss=0.0744, dgw=0.0744, reg=0.0000, time=48.38s.
-- 350/592 [59.1%], loss=0.0781, dgw=0.0781, reg=0.0000, time=34.14s.
-- 375/592 [63.3%], loss=0.0745, dgw=0.0745, reg=0.0000, time=39.73s.
-- 400/592 [67.6%], loss=0.0848, dgw=0.0848, reg=0.0000, time=48.00s.
-- 425/592 [71.8%], loss=0.0632, dgw=0.0632, reg=0.0000, time=24.88s.
-- 450/592 [76.0%], loss=0.0795, dgw=0.0795, reg=0.0000, time=25.93s.
-- 475/592 [80.2%], loss=0.0649, dgw=0.0649, reg=0.0000, time=29.12s.
-- 500/592 [84.5%], loss=0.0707, dgw=0.0707, reg=0.0000, time=23.44s.
-- 525/592 [88.7%], loss=0.0714, dgw=0.0714, reg=0.0000, time=28.70s.
-- 550/592 [92.9%], loss=0.0679, dgw=0.0679, reg=0.0000, time=39.99s.
-- 575/592 [97.1%], loss=0.0622, dgw=0.0622, reg=0.0000, time=34.23s.
-- 592/592 [100.0%], loss=0.0642, dgw=0.0642, reg=0.0000, time=26.84s.
fit: Epoch 9/15, loss = 0.0726, best loss = 0.0726
results/ENZYMES_Jin_Spectral_usl_tsne_fit_9.pdf
-- 25/592 [4.2%], loss=0.0724, dgw=0.0724, reg=0.0000, time=29.64s.
-- 50/592 [8.4%], loss=0.0626, dgw=0.0626, reg=0.0000, time=33.76s.
-- 75/592 [12.7%], loss=0.0711, dgw=0.0711, reg=0.0000, time=35.95s.
-- 100/592 [16.9%], loss=0.0643, dgw=0.0643, reg=0.0000, time=38.87s.
-- 125/592 [21.1%], loss=0.0600, dgw=0.0600, reg=0.0000, time=26.59s.
-- 150/592 [25.3%], loss=0.0671, dgw=0.0671, reg=0.0000, time=29.92s.
-- 175/592 [29.6%], loss=0.0641, dgw=0.0641, reg=0.0000, time=34.62s.
-- 200/592 [33.8%], loss=0.0771, dgw=0.0771, reg=0.0000, time=26.09s.
-- 225/592 [38.0%], loss=0.0678, dgw=0.0678, reg=0.0000, time=27.77s.
-- 250/592 [42.2%], loss=0.0770, dgw=0.0770, reg=0.0000, time=36.32s.
-- 275/592 [46.5%], loss=0.0602, dgw=0.0602, reg=0.0000, time=36.36s.
-- 300/592 [50.7%], loss=0.0842, dgw=0.0842, reg=0.0000, time=36.16s.
-- 325/592 [54.9%], loss=0.0656, dgw=0.0656, reg=0.0000, time=33.51s.
-- 350/592 [59.1%], loss=0.0613, dgw=0.0613, reg=0.0000, time=23.79s.
-- 375/592 [63.3%], loss=0.0604, dgw=0.0604, reg=0.0000, time=35.51s.
-- 400/592 [67.6%], loss=0.0632, dgw=0.0632, reg=0.0000, time=29.30s.
-- 425/592 [71.8%], loss=0.0570, dgw=0.0570, reg=0.0000, time=21.74s.
-- 450/592 [76.0%], loss=0.0697, dgw=0.0697, reg=0.0000, time=30.98s.
-- 475/592 [80.2%], loss=0.0577, dgw=0.0577, reg=0.0000, time=30.44s.
-- 500/592 [84.5%], loss=0.0657, dgw=0.0657, reg=0.0000, time=45.95s.
-- 525/592 [88.7%], loss=0.0736, dgw=0.0736, reg=0.0000, time=34.99s.
-- 550/592 [92.9%], loss=0.0594, dgw=0.0594, reg=0.0000, time=30.13s.
-- 575/592 [97.1%], loss=0.0789, dgw=0.0789, reg=0.0000, time=34.28s.
-- 592/592 [100.0%], loss=0.0574, dgw=0.0574, reg=0.0000, time=15.67s.
fit: Epoch 10/15, loss = 0.0667, best loss = 0.0667
results/ENZYMES_Jin_Spectral_usl_tsne_fit_10.pdf
-- 25/592 [4.2%], loss=0.0603, dgw=0.0603, reg=0.0000, time=28.33s.
-- 50/592 [8.4%], loss=0.0698, dgw=0.0698, reg=0.0000, time=31.77s.
-- 75/592 [12.7%], loss=0.0826, dgw=0.0826, reg=0.0000, time=21.51s.
-- 100/592 [16.9%], loss=0.0563, dgw=0.0563, reg=0.0000, time=26.78s.
-- 125/592 [21.1%], loss=0.0590, dgw=0.0590, reg=0.0000, time=27.60s.
-- 150/592 [25.3%], loss=0.0635, dgw=0.0635, reg=0.0000, time=30.05s.
-- 175/592 [29.6%], loss=0.0623, dgw=0.0623, reg=0.0000, time=28.16s.
-- 200/592 [33.8%], loss=0.0732, dgw=0.0732, reg=0.0000, time=21.12s.
-- 225/592 [38.0%], loss=0.0607, dgw=0.0607, reg=0.0000, time=19.61s.
-- 250/592 [42.2%], loss=0.0562, dgw=0.0562, reg=0.0000, time=27.06s.
-- 275/592 [46.5%], loss=0.0689, dgw=0.0689, reg=0.0000, time=27.61s.
-- 300/592 [50.7%], loss=0.0611, dgw=0.0611, reg=0.0000, time=19.37s.
-- 325/592 [54.9%], loss=0.0649, dgw=0.0649, reg=0.0000, time=38.20s.
-- 350/592 [59.1%], loss=0.0626, dgw=0.0626, reg=0.0000, time=27.46s.
-- 375/592 [63.3%], loss=0.0620, dgw=0.0620, reg=0.0000, time=15.54s.
-- 400/592 [67.6%], loss=0.0550, dgw=0.0550, reg=0.0000, time=24.32s.
-- 425/592 [71.8%], loss=0.0566, dgw=0.0566, reg=0.0000, time=32.99s.
-- 450/592 [76.0%], loss=0.0511, dgw=0.0511, reg=0.0000, time=28.51s.
-- 475/592 [80.2%], loss=0.0611, dgw=0.0611, reg=0.0000, time=28.49s.
-- 500/592 [84.5%], loss=0.0523, dgw=0.0523, reg=0.0000, time=33.83s.
-- 525/592 [88.7%], loss=0.0779, dgw=0.0779, reg=0.0000, time=29.56s.
-- 550/592 [92.9%], loss=0.0578, dgw=0.0578, reg=0.0000, time=26.91s.
-- 575/592 [97.1%], loss=0.0785, dgw=0.0785, reg=0.0000, time=26.38s.
-- 592/592 [100.0%], loss=0.0711, dgw=0.0711, reg=0.0000, time=22.09s.
fit: Epoch 11/15, loss = 0.0634, best loss = 0.0634
results/ENZYMES_Jin_Spectral_usl_tsne_fit_11.pdf
-- 25/592 [4.2%], loss=0.0585, dgw=0.0585, reg=0.0000, time=29.33s.
-- 50/592 [8.4%], loss=0.0611, dgw=0.0611, reg=0.0000, time=18.77s.
-- 75/592 [12.7%], loss=0.0583, dgw=0.0583, reg=0.0000, time=33.06s.
-- 100/592 [16.9%], loss=0.0556, dgw=0.0556, reg=0.0000, time=26.19s.
-- 125/592 [21.1%], loss=0.0657, dgw=0.0657, reg=0.0000, time=19.76s.
-- 150/592 [25.3%], loss=0.0550, dgw=0.0550, reg=0.0000, time=33.11s.
-- 175/592 [29.6%], loss=0.0619, dgw=0.0619, reg=0.0000, time=22.94s.
-- 200/592 [33.8%], loss=0.0590, dgw=0.0590, reg=0.0000, time=29.65s.
-- 225/592 [38.0%], loss=0.0900, dgw=0.0900, reg=0.0000, time=29.06s.
-- 250/592 [42.2%], loss=0.0626, dgw=0.0626, reg=0.0000, time=27.18s.
-- 275/592 [46.5%], loss=0.0563, dgw=0.0563, reg=0.0000, time=29.96s.
-- 300/592 [50.7%], loss=0.0520, dgw=0.0520, reg=0.0000, time=29.33s.
-- 325/592 [54.9%], loss=0.0651, dgw=0.0651, reg=0.0000, time=44.00s.
-- 350/592 [59.1%], loss=0.0623, dgw=0.0623, reg=0.0000, time=29.20s.
-- 375/592 [63.3%], loss=0.0624, dgw=0.0624, reg=0.0000, time=28.08s.
-- 400/592 [67.6%], loss=0.1050, dgw=0.1050, reg=0.0000, time=31.62s.
-- 425/592 [71.8%], loss=0.0788, dgw=0.0788, reg=0.0000, time=35.61s.
-- 450/592 [76.0%], loss=0.0633, dgw=0.0633, reg=0.0000, time=33.35s.
-- 475/592 [80.2%], loss=0.0871, dgw=0.0871, reg=0.0000, time=30.78s.
-- 500/592 [84.5%], loss=0.0702, dgw=0.0702, reg=0.0000, time=34.23s.
-- 525/592 [88.7%], loss=0.0692, dgw=0.0692, reg=0.0000, time=29.23s.
-- 550/592 [92.9%], loss=0.0764, dgw=0.0764, reg=0.0000, time=19.57s.
-- 575/592 [97.1%], loss=0.0737, dgw=0.0737, reg=0.0000, time=25.83s.
-- 592/592 [100.0%], loss=0.0770, dgw=0.0770, reg=0.0000, time=19.44s.
fit: Epoch 12/15, loss = 0.0676, best loss = 0.0634
results/ENZYMES_Jin_Spectral_usl_tsne_fit_12.pdf
-- 25/592 [4.2%], loss=0.1064, dgw=0.1064, reg=0.0000, time=26.11s.
-- 50/592 [8.4%], loss=0.0938, dgw=0.0938, reg=0.0000, time=32.87s.
-- 75/592 [12.7%], loss=0.0778, dgw=0.0778, reg=0.0000, time=29.54s.
-- 100/592 [16.9%], loss=0.0935, dgw=0.0935, reg=0.0000, time=22.49s.
-- 125/592 [21.1%], loss=0.0758, dgw=0.0758, reg=0.0000, time=25.32s.
-- 150/592 [25.3%], loss=0.0997, dgw=0.0997, reg=0.0000, time=28.15s.
-- 175/592 [29.6%], loss=0.0821, dgw=0.0821, reg=0.0000, time=24.97s.
-- 200/592 [33.8%], loss=0.1001, dgw=0.1001, reg=0.0000, time=25.07s.
-- 225/592 [38.0%], loss=0.1133, dgw=0.1133, reg=0.0000, time=29.34s.
-- 250/592 [42.2%], loss=0.1045, dgw=0.1045, reg=0.0000, time=22.43s.
-- 275/592 [46.5%], loss=0.0742, dgw=0.0742, reg=0.0000, time=30.90s.
-- 300/592 [50.7%], loss=0.1018, dgw=0.1018, reg=0.0000, time=34.17s.
-- 325/592 [54.9%], loss=0.1046, dgw=0.1046, reg=0.0000, time=30.94s.
-- 350/592 [59.1%], loss=0.0916, dgw=0.0916, reg=0.0000, time=33.92s.
-- 375/592 [63.3%], loss=0.0910, dgw=0.0910, reg=0.0000, time=33.82s.
-- 400/592 [67.6%], loss=0.1033, dgw=0.1033, reg=0.0000, time=23.12s.
-- 425/592 [71.8%], loss=0.1150, dgw=0.1150, reg=0.0000, time=29.47s.
-- 450/592 [76.0%], loss=0.1083, dgw=0.1083, reg=0.0000, time=30.60s.
-- 475/592 [80.2%], loss=0.1229, dgw=0.1229, reg=0.0000, time=39.45s.
-- 500/592 [84.5%], loss=0.0937, dgw=0.0937, reg=0.0000, time=31.23s.
-- 525/592 [88.7%], loss=0.0943, dgw=0.0943, reg=0.0000, time=30.79s.
-- 550/592 [92.9%], loss=0.1121, dgw=0.1121, reg=0.0000, time=19.93s.
-- 575/592 [97.1%], loss=0.0860, dgw=0.0860, reg=0.0000, time=26.50s.
-- 592/592 [100.0%], loss=0.0995, dgw=0.0995, reg=0.0000, time=22.76s.
fit: Epoch 13/15, loss = 0.0977, best loss = 0.0634
results/ENZYMES_Jin_Spectral_usl_tsne_fit_13.pdf
-- 25/592 [4.2%], loss=0.0973, dgw=0.0973, reg=0.0000, time=24.44s.
-- 50/592 [8.4%], loss=0.1068, dgw=0.1068, reg=0.0000, time=26.74s.
-- 75/592 [12.7%], loss=0.1264, dgw=0.1264, reg=0.0000, time=29.11s.
-- 100/592 [16.9%], loss=0.1215, dgw=0.1215, reg=0.0000, time=27.22s.
-- 125/592 [21.1%], loss=0.0873, dgw=0.0873, reg=0.0000, time=32.40s.
-- 150/592 [25.3%], loss=0.1120, dgw=0.1120, reg=0.0000, time=27.03s.
-- 175/592 [29.6%], loss=0.1006, dgw=0.1006, reg=0.0000, time=30.43s.
-- 200/592 [33.8%], loss=0.0909, dgw=0.0909, reg=0.0000, time=28.11s.
-- 225/592 [38.0%], loss=0.0934, dgw=0.0934, reg=0.0000, time=26.25s.
-- 250/592 [42.2%], loss=0.0817, dgw=0.0817, reg=0.0000, time=25.14s.
-- 275/592 [46.5%], loss=0.1153, dgw=0.1153, reg=0.0000, time=27.45s.
-- 300/592 [50.7%], loss=0.1261, dgw=0.1261, reg=0.0000, time=25.66s.
-- 325/592 [54.9%], loss=0.0896, dgw=0.0896, reg=0.0000, time=34.15s.
-- 350/592 [59.1%], loss=0.1171, dgw=0.1171, reg=0.0000, time=33.16s.
-- 375/592 [63.3%], loss=0.0987, dgw=0.0987, reg=0.0000, time=30.58s.
-- 400/592 [67.6%], loss=0.0963, dgw=0.0963, reg=0.0000, time=31.61s.
-- 425/592 [71.8%], loss=0.1053, dgw=0.1053, reg=0.0000, time=24.73s.
-- 450/592 [76.0%], loss=0.0875, dgw=0.0875, reg=0.0000, time=28.61s.
-- 475/592 [80.2%], loss=0.1180, dgw=0.1180, reg=0.0000, time=34.37s.
-- 500/592 [84.5%], loss=0.1044, dgw=0.1044, reg=0.0000, time=29.40s.
-- 525/592 [88.7%], loss=0.1091, dgw=0.1091, reg=0.0000, time=22.51s.
-- 550/592 [92.9%], loss=0.1070, dgw=0.1070, reg=0.0000, time=19.90s.
-- 575/592 [97.1%], loss=0.1101, dgw=0.1101, reg=0.0000, time=24.31s.
-- 592/592 [100.0%], loss=0.1119, dgw=0.1119, reg=0.0000, time=18.41s.
fit: Epoch 14/15, loss = 0.1047, best loss = 0.0634
results/ENZYMES_Jin_Spectral_usl_tsne_fit_14.pdf
-- 25/592 [4.2%], loss=0.0902, dgw=0.0902, reg=0.0000, time=29.62s.
-- 50/592 [8.4%], loss=0.1061, dgw=0.1061, reg=0.0000, time=23.80s.
-- 75/592 [12.7%], loss=0.0947, dgw=0.0947, reg=0.0000, time=25.30s.
-- 100/592 [16.9%], loss=0.1063, dgw=0.1063, reg=0.0000, time=28.07s.
-- 125/592 [21.1%], loss=0.1071, dgw=0.1071, reg=0.0000, time=27.02s.
-- 150/592 [25.3%], loss=0.1188, dgw=0.1188, reg=0.0000, time=30.19s.
-- 175/592 [29.6%], loss=0.1313, dgw=0.1313, reg=0.0000, time=26.05s.
-- 200/592 [33.8%], loss=0.1090, dgw=0.1090, reg=0.0000, time=25.89s.
-- 225/592 [38.0%], loss=0.1045, dgw=0.1045, reg=0.0000, time=24.49s.
-- 250/592 [42.2%], loss=0.1041, dgw=0.1041, reg=0.0000, time=24.72s.
-- 275/592 [46.5%], loss=0.1059, dgw=0.1059, reg=0.0000, time=24.06s.
-- 300/592 [50.7%], loss=0.1047, dgw=0.1047, reg=0.0000, time=25.86s.
-- 325/592 [54.9%], loss=0.0945, dgw=0.0945, reg=0.0000, time=27.08s.
-- 350/592 [59.1%], loss=0.0941, dgw=0.0941, reg=0.0000, time=24.90s.
-- 375/592 [63.3%], loss=0.1082, dgw=0.1082, reg=0.0000, time=20.67s.
-- 400/592 [67.6%], loss=0.0884, dgw=0.0884, reg=0.0000, time=20.68s.
-- 425/592 [71.8%], loss=0.0951, dgw=0.0951, reg=0.0000, time=18.97s.
-- 450/592 [76.0%], loss=0.1013, dgw=0.1013, reg=0.0000, time=29.95s.
-- 475/592 [80.2%], loss=0.0998, dgw=0.0998, reg=0.0000, time=26.27s.
-- 500/592 [84.5%], loss=0.1089, dgw=0.1089, reg=0.0000, time=29.78s.
-- 525/592 [88.7%], loss=0.0954, dgw=0.0954, reg=0.0000, time=29.14s.
-- 550/592 [92.9%], loss=0.1152, dgw=0.1152, reg=0.0000, time=28.36s.
-- 575/592 [97.1%], loss=0.0846, dgw=0.0846, reg=0.0000, time=22.59s.
-- 592/592 [100.0%], loss=0.1058, dgw=0.1058, reg=0.0000, time=13.42s.
fit: Epoch 15/15, loss = 0.1030, best loss = 0.0634
results/ENZYMES_Jin_Spectral_usl_tsne_fit_15.pdf
Rand Score: 0.7245335436959802
Done!
