MORE THAN 2 CLASSES!
-- 25/592 [4.2%], loss=0.2257, dgw=0.2257, reg=0.0000, time=36.04s.
-- 50/592 [8.4%], loss=0.2219, dgw=0.2219, reg=0.0000, time=49.12s.
-- 75/592 [12.7%], loss=0.2304, dgw=0.2304, reg=0.0000, time=43.56s.
-- 100/592 [16.9%], loss=0.2137, dgw=0.2137, reg=0.0000, time=45.46s.
-- 125/592 [21.1%], loss=0.2206, dgw=0.2206, reg=0.0000, time=44.64s.
-- 150/592 [25.3%], loss=0.2253, dgw=0.2253, reg=0.0000, time=54.39s.
-- 175/592 [29.6%], loss=0.2212, dgw=0.2212, reg=0.0000, time=50.31s.
-- 200/592 [33.8%], loss=0.2066, dgw=0.2066, reg=0.0000, time=61.15s.
-- 225/592 [38.0%], loss=0.2108, dgw=0.2108, reg=0.0000, time=67.86s.
-- 250/592 [42.2%], loss=0.2157, dgw=0.2157, reg=0.0000, time=58.37s.
-- 275/592 [46.5%], loss=0.2034, dgw=0.2034, reg=0.0000, time=70.52s.
-- 300/592 [50.7%], loss=0.2054, dgw=0.2054, reg=0.0000, time=64.50s.
-- 325/592 [54.9%], loss=0.2017, dgw=0.2017, reg=0.0000, time=56.29s.
-- 350/592 [59.1%], loss=0.1897, dgw=0.1897, reg=0.0000, time=64.76s.
-- 375/592 [63.3%], loss=0.1945, dgw=0.1945, reg=0.0000, time=46.17s.
-- 400/592 [67.6%], loss=0.1951, dgw=0.1951, reg=0.0000, time=43.16s.
-- 425/592 [71.8%], loss=0.1934, dgw=0.1934, reg=0.0000, time=65.77s.
-- 450/592 [76.0%], loss=0.1981, dgw=0.1981, reg=0.0000, time=46.83s.
-- 475/592 [80.2%], loss=0.1954, dgw=0.1954, reg=0.0000, time=66.18s.
-- 500/592 [84.5%], loss=0.1925, dgw=0.1925, reg=0.0000, time=58.55s.
-- 525/592 [88.7%], loss=0.1915, dgw=0.1915, reg=0.0000, time=55.63s.
-- 550/592 [92.9%], loss=0.1901, dgw=0.1901, reg=0.0000, time=62.78s.
-- 575/592 [97.1%], loss=0.1863, dgw=0.1863, reg=0.0000, time=51.54s.
-- 592/592 [100.0%], loss=0.1797, dgw=0.1797, reg=0.0000, time=34.93s.
fit: Epoch 1/15, loss = 0.2049, best loss = 0.2049
results/ENZYMES_Jin_Spectral_usl_tsne_fit_1.pdf
-- 25/592 [4.2%], loss=0.1818, dgw=0.1818, reg=0.0000, time=37.57s.
-- 50/592 [8.4%], loss=0.1778, dgw=0.1778, reg=0.0000, time=35.47s.
-- 75/592 [12.7%], loss=0.1793, dgw=0.1793, reg=0.0000, time=49.81s.
-- 100/592 [16.9%], loss=0.1765, dgw=0.1765, reg=0.0000, time=58.09s.
-- 125/592 [21.1%], loss=0.1770, dgw=0.1770, reg=0.0000, time=30.92s.
-- 150/592 [25.3%], loss=0.1785, dgw=0.1785, reg=0.0000, time=55.31s.
-- 175/592 [29.6%], loss=0.1767, dgw=0.1767, reg=0.0000, time=59.59s.
-- 200/592 [33.8%], loss=0.1749, dgw=0.1749, reg=0.0000, time=46.29s.
-- 225/592 [38.0%], loss=0.1819, dgw=0.1819, reg=0.0000, time=69.45s.
-- 250/592 [42.2%], loss=0.1707, dgw=0.1707, reg=0.0000, time=54.28s.
-- 275/592 [46.5%], loss=0.1696, dgw=0.1696, reg=0.0000, time=58.71s.
-- 300/592 [50.7%], loss=0.1682, dgw=0.1682, reg=0.0000, time=44.01s.
-- 325/592 [54.9%], loss=0.1611, dgw=0.1611, reg=0.0000, time=41.19s.
-- 350/592 [59.1%], loss=0.1668, dgw=0.1668, reg=0.0000, time=54.40s.
-- 375/592 [63.3%], loss=0.1701, dgw=0.1701, reg=0.0000, time=47.41s.
-- 400/592 [67.6%], loss=0.1622, dgw=0.1622, reg=0.0000, time=36.91s.
-- 425/592 [71.8%], loss=0.1657, dgw=0.1657, reg=0.0000, time=43.78s.
-- 450/592 [76.0%], loss=0.1621, dgw=0.1621, reg=0.0000, time=72.76s.
-- 475/592 [80.2%], loss=0.1583, dgw=0.1583, reg=0.0000, time=62.43s.
-- 500/592 [84.5%], loss=0.1582, dgw=0.1582, reg=0.0000, time=61.33s.
-- 525/592 [88.7%], loss=0.1687, dgw=0.1687, reg=0.0000, time=65.67s.
-- 550/592 [92.9%], loss=0.1730, dgw=0.1730, reg=0.0000, time=53.94s.
-- 575/592 [97.1%], loss=0.1706, dgw=0.1706, reg=0.0000, time=57.33s.
-- 592/592 [100.0%], loss=0.1753, dgw=0.1753, reg=0.0000, time=37.29s.
fit: Epoch 2/15, loss = 0.1710, best loss = 0.1710
results/ENZYMES_Jin_Spectral_usl_tsne_fit_2.pdf
-- 25/592 [4.2%], loss=0.2021, dgw=0.2021, reg=0.0000, time=65.55s.
-- 50/592 [8.4%], loss=0.1618, dgw=0.1618, reg=0.0000, time=58.21s.
-- 75/592 [12.7%], loss=0.1808, dgw=0.1808, reg=0.0000, time=43.06s.
-- 100/592 [16.9%], loss=0.1603, dgw=0.1603, reg=0.0000, time=56.26s.
-- 125/592 [21.1%], loss=0.1469, dgw=0.1469, reg=0.0000, time=56.39s.
-- 150/592 [25.3%], loss=0.1449, dgw=0.1449, reg=0.0000, time=49.55s.
-- 175/592 [29.6%], loss=0.1608, dgw=0.1608, reg=0.0000, time=59.21s.
-- 200/592 [33.8%], loss=0.1497, dgw=0.1497, reg=0.0000, time=51.87s.
-- 225/592 [38.0%], loss=0.1447, dgw=0.1447, reg=0.0000, time=58.72s.
-- 250/592 [42.2%], loss=0.1450, dgw=0.1450, reg=0.0000, time=54.31s.
-- 275/592 [46.5%], loss=0.1396, dgw=0.1396, reg=0.0000, time=73.49s.
-- 300/592 [50.7%], loss=0.1430, dgw=0.1430, reg=0.0000, time=50.16s.
-- 325/592 [54.9%], loss=0.1392, dgw=0.1392, reg=0.0000, time=65.07s.
-- 350/592 [59.1%], loss=0.1489, dgw=0.1489, reg=0.0000, time=54.69s.
-- 375/592 [63.3%], loss=0.1333, dgw=0.1333, reg=0.0000, time=59.41s.
-- 400/592 [67.6%], loss=0.1388, dgw=0.1388, reg=0.0000, time=54.28s.
-- 425/592 [71.8%], loss=0.1372, dgw=0.1372, reg=0.0000, time=56.71s.
-- 450/592 [76.0%], loss=0.1400, dgw=0.1400, reg=0.0000, time=60.40s.
-- 475/592 [80.2%], loss=0.1381, dgw=0.1381, reg=0.0000, time=62.47s.
-- 500/592 [84.5%], loss=0.1351, dgw=0.1351, reg=0.0000, time=56.69s.
-- 525/592 [88.7%], loss=0.1334, dgw=0.1334, reg=0.0000, time=38.26s.
-- 550/592 [92.9%], loss=0.1252, dgw=0.1252, reg=0.0000, time=58.58s.
-- 575/592 [97.1%], loss=0.1292, dgw=0.1292, reg=0.0000, time=41.73s.
-- 592/592 [100.0%], loss=0.1348, dgw=0.1348, reg=0.0000, time=30.19s.
fit: Epoch 3/15, loss = 0.1465, best loss = 0.1465
results/ENZYMES_Jin_Spectral_usl_tsne_fit_3.pdf
-- 25/592 [4.2%], loss=0.1268, dgw=0.1268, reg=0.0000, time=47.93s.
-- 50/592 [8.4%], loss=0.1243, dgw=0.1243, reg=0.0000, time=63.36s.
-- 75/592 [12.7%], loss=0.1275, dgw=0.1275, reg=0.0000, time=75.62s.
-- 100/592 [16.9%], loss=0.1275, dgw=0.1275, reg=0.0000, time=66.56s.
-- 125/592 [21.1%], loss=0.1288, dgw=0.1288, reg=0.0000, time=67.94s.
-- 150/592 [25.3%], loss=0.1233, dgw=0.1233, reg=0.0000, time=50.75s.
-- 175/592 [29.6%], loss=0.1247, dgw=0.1247, reg=0.0000, time=46.79s.
-- 200/592 [33.8%], loss=0.1244, dgw=0.1244, reg=0.0000, time=33.28s.
-- 225/592 [38.0%], loss=0.1319, dgw=0.1319, reg=0.0000, time=63.95s.
-- 250/592 [42.2%], loss=0.1242, dgw=0.1242, reg=0.0000, time=62.41s.
-- 275/592 [46.5%], loss=0.1283, dgw=0.1283, reg=0.0000, time=71.84s.
-- 300/592 [50.7%], loss=0.1205, dgw=0.1205, reg=0.0000, time=60.52s.
-- 325/592 [54.9%], loss=0.1292, dgw=0.1292, reg=0.0000, time=55.37s.
-- 350/592 [59.1%], loss=0.1302, dgw=0.1302, reg=0.0000, time=69.31s.
-- 375/592 [63.3%], loss=0.1208, dgw=0.1208, reg=0.0000, time=56.98s.
-- 400/592 [67.6%], loss=0.1320, dgw=0.1320, reg=0.0000, time=53.36s.
-- 425/592 [71.8%], loss=0.1690, dgw=0.1690, reg=0.0000, time=53.41s.
-- 450/592 [76.0%], loss=0.1462, dgw=0.1462, reg=0.0000, time=53.86s.
-- 475/592 [80.2%], loss=0.1403, dgw=0.1403, reg=0.0000, time=53.70s.
-- 500/592 [84.5%], loss=0.2429, dgw=0.2429, reg=0.0000, time=66.86s.
-- 525/592 [88.7%], loss=0.2180, dgw=0.2180, reg=0.0000, time=49.89s.
-- 550/592 [92.9%], loss=0.3192, dgw=0.3192, reg=0.0000, time=64.97s.
-- 575/592 [97.1%], loss=0.2757, dgw=0.2757, reg=0.0000, time=51.60s.
-- 592/592 [100.0%], loss=0.2320, dgw=0.2320, reg=0.0000, time=35.27s.
fit: Epoch 4/15, loss = 0.1560, best loss = 0.1465
results/ENZYMES_Jin_Spectral_usl_tsne_fit_4.pdf
-- 25/592 [4.2%], loss=0.3159, dgw=0.3159, reg=0.0000, time=51.38s.
-- 50/592 [8.4%], loss=0.2694, dgw=0.2694, reg=0.0000, time=53.52s.
-- 75/592 [12.7%], loss=0.3913, dgw=0.3913, reg=0.0000, time=57.39s.
-- 100/592 [16.9%], loss=0.4046, dgw=0.4046, reg=0.0000, time=53.76s.
-- 125/592 [21.1%], loss=0.3504, dgw=0.3504, reg=0.0000, time=45.31s.
-- 150/592 [25.3%], loss=0.4146, dgw=0.4146, reg=0.0000, time=44.19s.
-- 175/592 [29.6%], loss=0.3321, dgw=0.3321, reg=0.0000, time=55.78s.
-- 200/592 [33.8%], loss=0.3985, dgw=0.3985, reg=0.0000, time=61.08s.
-- 225/592 [38.0%], loss=0.4227, dgw=0.4227, reg=0.0000, time=62.86s.
-- 250/592 [42.2%], loss=0.3828, dgw=0.3828, reg=0.0000, time=58.10s.
-- 275/592 [46.5%], loss=0.3395, dgw=0.3395, reg=0.0000, time=66.18s.
-- 300/592 [50.7%], loss=0.4271, dgw=0.4271, reg=0.0000, time=30.09s.
-- 325/592 [54.9%], loss=0.3780, dgw=0.3780, reg=0.0000, time=51.36s.
-- 350/592 [59.1%], loss=0.3586, dgw=0.3586, reg=0.0000, time=62.68s.
-- 375/592 [63.3%], loss=0.3572, dgw=0.3572, reg=0.0000, time=59.19s.
-- 400/592 [67.6%], loss=0.4601, dgw=0.4601, reg=0.0000, time=65.90s.
-- 425/592 [71.8%], loss=0.4186, dgw=0.4186, reg=0.0000, time=73.12s.
-- 450/592 [76.0%], loss=0.4039, dgw=0.4039, reg=0.0000, time=58.15s.
-- 475/592 [80.2%], loss=0.4966, dgw=0.4966, reg=0.0000, time=60.98s.
-- 500/592 [84.5%], loss=0.3998, dgw=0.3998, reg=0.0000, time=48.61s.
-- 525/592 [88.7%], loss=0.4504, dgw=0.4504, reg=0.0000, time=49.77s.
-- 550/592 [92.9%], loss=0.4354, dgw=0.4354, reg=0.0000, time=55.39s.
-- 575/592 [97.1%], loss=0.4895, dgw=0.4895, reg=0.0000, time=56.26s.
-- 592/592 [100.0%], loss=0.4531, dgw=0.4531, reg=0.0000, time=31.74s.
fit: Epoch 5/15, loss = 0.3972, best loss = 0.1465
results/ENZYMES_Jin_Spectral_usl_tsne_fit_5.pdf
-- 25/592 [4.2%], loss=0.5106, dgw=0.5106, reg=0.0000, time=38.77s.
-- 50/592 [8.4%], loss=0.5411, dgw=0.5411, reg=0.0000, time=45.17s.
-- 75/592 [12.7%], loss=0.5491, dgw=0.5491, reg=0.0000, time=39.02s.
-- 100/592 [16.9%], loss=0.5005, dgw=0.5005, reg=0.0000, time=59.25s.
-- 125/592 [21.1%], loss=0.5730, dgw=0.5730, reg=0.0000, time=52.64s.
-- 150/592 [25.3%], loss=0.5949, dgw=0.5949, reg=0.0000, time=38.35s.
-- 175/592 [29.6%], loss=0.5880, dgw=0.5880, reg=0.0000, time=35.05s.
-- 200/592 [33.8%], loss=0.6862, dgw=0.6862, reg=0.0000, time=44.93s.
-- 225/592 [38.0%], loss=0.7249, dgw=0.7249, reg=0.0000, time=49.58s.
-- 250/592 [42.2%], loss=0.6814, dgw=0.6814, reg=0.0000, time=48.35s.
-- 275/592 [46.5%], loss=0.7191, dgw=0.7191, reg=0.0000, time=55.47s.
-- 300/592 [50.7%], loss=0.8021, dgw=0.8021, reg=0.0000, time=47.46s.
-- 325/592 [54.9%], loss=0.7599, dgw=0.7599, reg=0.0000, time=56.06s.
-- 350/592 [59.1%], loss=0.8564, dgw=0.8564, reg=0.0000, time=48.94s.
-- 375/592 [63.3%], loss=0.8551, dgw=0.8551, reg=0.0000, time=56.87s.
-- 400/592 [67.6%], loss=0.9141, dgw=0.9141, reg=0.0000, time=46.11s.
-- 425/592 [71.8%], loss=0.8210, dgw=0.8210, reg=0.0000, time=62.14s.
-- 450/592 [76.0%], loss=0.8319, dgw=0.8319, reg=0.0000, time=51.64s.
-- 475/592 [80.2%], loss=0.8308, dgw=0.8308, reg=0.0000, time=59.40s.
-- 500/592 [84.5%], loss=0.7846, dgw=0.7846, reg=0.0000, time=51.49s.
-- 525/592 [88.7%], loss=0.8189, dgw=0.8189, reg=0.0000, time=53.27s.
-- 550/592 [92.9%], loss=0.7979, dgw=0.7979, reg=0.0000, time=46.28s.
-- 575/592 [97.1%], loss=0.7398, dgw=0.7398, reg=0.0000, time=51.92s.
-- 592/592 [100.0%], loss=0.7369, dgw=0.7369, reg=0.0000, time=30.13s.
fit: Epoch 6/15, loss = 0.7172, best loss = 0.1465
results/ENZYMES_Jin_Spectral_usl_tsne_fit_6.pdf
-- 25/592 [4.2%], loss=0.7224, dgw=0.7224, reg=0.0000, time=41.14s.
-- 50/592 [8.4%], loss=0.6198, dgw=0.6198, reg=0.0000, time=48.05s.
-- 75/592 [12.7%], loss=0.6395, dgw=0.6395, reg=0.0000, time=40.49s.
-- 100/592 [16.9%], loss=0.6953, dgw=0.6953, reg=0.0000, time=39.88s.
-- 125/592 [21.1%], loss=0.6182, dgw=0.6182, reg=0.0000, time=43.54s.
-- 150/592 [25.3%], loss=0.6715, dgw=0.6715, reg=0.0000, time=56.04s.
-- 175/592 [29.6%], loss=0.6792, dgw=0.6792, reg=0.0000, time=57.25s.
-- 200/592 [33.8%], loss=0.6321, dgw=0.6321, reg=0.0000, time=38.67s.
-- 225/592 [38.0%], loss=0.5909, dgw=0.5909, reg=0.0000, time=46.91s.
-- 250/592 [42.2%], loss=0.6478, dgw=0.6478, reg=0.0000, time=48.34s.
-- 275/592 [46.5%], loss=0.6344, dgw=0.6344, reg=0.0000, time=45.53s.
-- 300/592 [50.7%], loss=0.6355, dgw=0.6355, reg=0.0000, time=51.29s.
-- 325/592 [54.9%], loss=0.7011, dgw=0.7011, reg=0.0000, time=56.29s.
-- 350/592 [59.1%], loss=0.6106, dgw=0.6106, reg=0.0000, time=54.75s.
-- 375/592 [63.3%], loss=0.5710, dgw=0.5710, reg=0.0000, time=50.55s.
-- 400/592 [67.6%], loss=0.6374, dgw=0.6374, reg=0.0000, time=43.57s.
-- 425/592 [71.8%], loss=0.6074, dgw=0.6074, reg=0.0000, time=38.50s.
-- 450/592 [76.0%], loss=0.6343, dgw=0.6343, reg=0.0000, time=49.15s.
-- 475/592 [80.2%], loss=0.6195, dgw=0.6195, reg=0.0000, time=38.08s.
-- 500/592 [84.5%], loss=0.6027, dgw=0.6027, reg=0.0000, time=42.21s.
-- 525/592 [88.7%], loss=0.5838, dgw=0.5838, reg=0.0000, time=50.00s.
-- 550/592 [92.9%], loss=0.6543, dgw=0.6543, reg=0.0000, time=43.03s.
-- 575/592 [97.1%], loss=0.5480, dgw=0.5480, reg=0.0000, time=37.51s.
-- 592/592 [100.0%], loss=0.6297, dgw=0.6297, reg=0.0000, time=32.44s.
fit: Epoch 7/15, loss = 0.6328, best loss = 0.1465
results/ENZYMES_Jin_Spectral_usl_tsne_fit_7.pdf
-- 25/592 [4.2%], loss=0.6213, dgw=0.6213, reg=0.0000, time=46.44s.
-- 50/592 [8.4%], loss=0.5823, dgw=0.5823, reg=0.0000, time=54.19s.
-- 75/592 [12.7%], loss=0.5501, dgw=0.5501, reg=0.0000, time=41.57s.
-- 100/592 [16.9%], loss=0.6212, dgw=0.6212, reg=0.0000, time=39.75s.
-- 125/592 [21.1%], loss=0.5632, dgw=0.5632, reg=0.0000, time=41.50s.
-- 150/592 [25.3%], loss=0.5309, dgw=0.5309, reg=0.0000, time=42.35s.
-- 175/592 [29.6%], loss=0.5299, dgw=0.5299, reg=0.0000, time=40.72s.
-- 200/592 [33.8%], loss=0.4780, dgw=0.4780, reg=0.0000, time=55.95s.
-- 225/592 [38.0%], loss=0.5162, dgw=0.5162, reg=0.0000, time=58.72s.
-- 250/592 [42.2%], loss=0.4840, dgw=0.4840, reg=0.0000, time=40.34s.
-- 275/592 [46.5%], loss=0.4324, dgw=0.4324, reg=0.0000, time=40.81s.
-- 300/592 [50.7%], loss=0.4319, dgw=0.4319, reg=0.0000, time=37.86s.
-- 325/592 [54.9%], loss=0.3608, dgw=0.3608, reg=0.0000, time=46.33s.
-- 350/592 [59.1%], loss=0.3953, dgw=0.3953, reg=0.0000, time=53.21s.
-- 375/592 [63.3%], loss=0.3655, dgw=0.3655, reg=0.0000, time=49.07s.
-- 400/592 [67.6%], loss=0.3683, dgw=0.3683, reg=0.0000, time=42.52s.
-- 425/592 [71.8%], loss=0.3742, dgw=0.3742, reg=0.0000, time=42.50s.
-- 450/592 [76.0%], loss=0.3514, dgw=0.3514, reg=0.0000, time=45.36s.
-- 475/592 [80.2%], loss=0.3680, dgw=0.3680, reg=0.0000, time=49.90s.
-- 500/592 [84.5%], loss=0.3654, dgw=0.3654, reg=0.0000, time=53.91s.
-- 525/592 [88.7%], loss=0.3508, dgw=0.3508, reg=0.0000, time=49.24s.
-- 550/592 [92.9%], loss=0.4174, dgw=0.4174, reg=0.0000, time=58.00s.
-- 575/592 [97.1%], loss=0.3467, dgw=0.3467, reg=0.0000, time=60.47s.
-- 592/592 [100.0%], loss=0.3411, dgw=0.3411, reg=0.0000, time=34.26s.
fit: Epoch 8/15, loss = 0.4492, best loss = 0.1465
results/ENZYMES_Jin_Spectral_usl_tsne_fit_8.pdf
-- 25/592 [4.2%], loss=0.3660, dgw=0.3660, reg=0.0000, time=43.57s.
-- 50/592 [8.4%], loss=0.3478, dgw=0.3478, reg=0.0000, time=40.95s.
-- 75/592 [12.7%], loss=0.3795, dgw=0.3795, reg=0.0000, time=45.43s.
-- 100/592 [16.9%], loss=0.3410, dgw=0.3410, reg=0.0000, time=31.70s.
-- 125/592 [21.1%], loss=0.3658, dgw=0.3658, reg=0.0000, time=45.83s.
-- 150/592 [25.3%], loss=0.3208, dgw=0.3208, reg=0.0000, time=48.50s.
-- 175/592 [29.6%], loss=0.3019, dgw=0.3019, reg=0.0000, time=30.06s.
-- 200/592 [33.8%], loss=0.3412, dgw=0.3412, reg=0.0000, time=37.85s.
-- 225/592 [38.0%], loss=0.3585, dgw=0.3585, reg=0.0000, time=40.11s.
-- 250/592 [42.2%], loss=0.3262, dgw=0.3262, reg=0.0000, time=50.39s.
-- 275/592 [46.5%], loss=0.3728, dgw=0.3728, reg=0.0000, time=48.31s.
-- 300/592 [50.7%], loss=0.3150, dgw=0.3150, reg=0.0000, time=53.41s.
-- 325/592 [54.9%], loss=0.3344, dgw=0.3344, reg=0.0000, time=45.69s.
-- 350/592 [59.1%], loss=0.3339, dgw=0.3339, reg=0.0000, time=40.11s.
-- 375/592 [63.3%], loss=0.3492, dgw=0.3492, reg=0.0000, time=44.12s.
-- 400/592 [67.6%], loss=0.3158, dgw=0.3158, reg=0.0000, time=27.52s.
-- 425/592 [71.8%], loss=0.3546, dgw=0.3546, reg=0.0000, time=38.21s.
-- 450/592 [76.0%], loss=0.2888, dgw=0.2888, reg=0.0000, time=32.02s.
-- 475/592 [80.2%], loss=0.3439, dgw=0.3439, reg=0.0000, time=34.95s.
-- 500/592 [84.5%], loss=0.3288, dgw=0.3288, reg=0.0000, time=43.35s.
-- 525/592 [88.7%], loss=0.3094, dgw=0.3094, reg=0.0000, time=50.73s.
-- 550/592 [92.9%], loss=0.2923, dgw=0.2923, reg=0.0000, time=52.35s.
-- 575/592 [97.1%], loss=0.3499, dgw=0.3499, reg=0.0000, time=40.19s.
-- 592/592 [100.0%], loss=0.3436, dgw=0.3436, reg=0.0000, time=26.36s.
fit: Epoch 9/15, loss = 0.3366, best loss = 0.1465
results/ENZYMES_Jin_Spectral_usl_tsne_fit_9.pdf
-- 25/592 [4.2%], loss=0.3116, dgw=0.3116, reg=0.0000, time=33.74s.
-- 50/592 [8.4%], loss=0.3236, dgw=0.3236, reg=0.0000, time=48.31s.
-- 75/592 [12.7%], loss=0.3120, dgw=0.3120, reg=0.0000, time=29.75s.
-- 100/592 [16.9%], loss=0.3470, dgw=0.3470, reg=0.0000, time=42.96s.
-- 125/592 [21.1%], loss=0.2776, dgw=0.2776, reg=0.0000, time=39.02s.
-- 150/592 [25.3%], loss=0.3595, dgw=0.3595, reg=0.0000, time=45.36s.
-- 175/592 [29.6%], loss=0.3262, dgw=0.3262, reg=0.0000, time=42.19s.
-- 200/592 [33.8%], loss=0.3297, dgw=0.3297, reg=0.0000, time=43.42s.
-- 225/592 [38.0%], loss=0.3392, dgw=0.3392, reg=0.0000, time=49.73s.
-- 250/592 [42.2%], loss=0.3033, dgw=0.3033, reg=0.0000, time=54.23s.
-- 275/592 [46.5%], loss=0.2758, dgw=0.2758, reg=0.0000, time=38.08s.
-- 300/592 [50.7%], loss=0.2963, dgw=0.2963, reg=0.0000, time=37.80s.
-- 325/592 [54.9%], loss=0.3021, dgw=0.3021, reg=0.0000, time=39.38s.
-- 350/592 [59.1%], loss=0.2710, dgw=0.2710, reg=0.0000, time=23.89s.
-- 375/592 [63.3%], loss=0.3177, dgw=0.3177, reg=0.0000, time=34.93s.
-- 400/592 [67.6%], loss=0.2937, dgw=0.2937, reg=0.0000, time=32.43s.
-- 425/592 [71.8%], loss=0.2954, dgw=0.2954, reg=0.0000, time=35.16s.
-- 450/592 [76.0%], loss=0.3063, dgw=0.3063, reg=0.0000, time=33.57s.
-- 475/592 [80.2%], loss=0.2550, dgw=0.2550, reg=0.0000, time=30.43s.
-- 500/592 [84.5%], loss=0.3060, dgw=0.3060, reg=0.0000, time=40.55s.
-- 525/592 [88.7%], loss=0.2855, dgw=0.2855, reg=0.0000, time=33.14s.
-- 550/592 [92.9%], loss=0.3014, dgw=0.3014, reg=0.0000, time=33.80s.
-- 575/592 [97.1%], loss=0.2992, dgw=0.2992, reg=0.0000, time=41.75s.
-- 592/592 [100.0%], loss=0.2828, dgw=0.2828, reg=0.0000, time=26.38s.
fit: Epoch 10/15, loss = 0.3052, best loss = 0.1465
results/ENZYMES_Jin_Spectral_usl_tsne_fit_10.pdf
-- 25/592 [4.2%], loss=0.2789, dgw=0.2789, reg=0.0000, time=28.01s.
-- 50/592 [8.4%], loss=0.2861, dgw=0.2861, reg=0.0000, time=37.82s.
-- 75/592 [12.7%], loss=0.3033, dgw=0.3033, reg=0.0000, time=21.19s.
-- 100/592 [16.9%], loss=0.3004, dgw=0.3004, reg=0.0000, time=42.17s.
-- 125/592 [21.1%], loss=0.2916, dgw=0.2916, reg=0.0000, time=36.66s.
-- 150/592 [25.3%], loss=0.2876, dgw=0.2876, reg=0.0000, time=37.07s.
-- 175/592 [29.6%], loss=0.2624, dgw=0.2624, reg=0.0000, time=30.27s.
-- 200/592 [33.8%], loss=0.2964, dgw=0.2964, reg=0.0000, time=34.26s.
-- 225/592 [38.0%], loss=0.2723, dgw=0.2723, reg=0.0000, time=40.31s.
-- 250/592 [42.2%], loss=0.2407, dgw=0.2407, reg=0.0000, time=48.07s.
-- 275/592 [46.5%], loss=0.2665, dgw=0.2665, reg=0.0000, time=45.57s.
-- 300/592 [50.7%], loss=0.3219, dgw=0.3219, reg=0.0000, time=41.62s.
-- 325/592 [54.9%], loss=0.2570, dgw=0.2570, reg=0.0000, time=37.63s.
-- 350/592 [59.1%], loss=0.2630, dgw=0.2630, reg=0.0000, time=33.88s.
-- 375/592 [63.3%], loss=0.2953, dgw=0.2953, reg=0.0000, time=42.76s.
-- 400/592 [67.6%], loss=0.2723, dgw=0.2723, reg=0.0000, time=36.94s.
-- 425/592 [71.8%], loss=0.2548, dgw=0.2548, reg=0.0000, time=39.28s.
-- 450/592 [76.0%], loss=0.2595, dgw=0.2595, reg=0.0000, time=46.29s.
-- 475/592 [80.2%], loss=0.2716, dgw=0.2716, reg=0.0000, time=37.19s.
-- 500/592 [84.5%], loss=0.2880, dgw=0.2880, reg=0.0000, time=45.95s.
-- 525/592 [88.7%], loss=0.2518, dgw=0.2518, reg=0.0000, time=30.16s.
-- 550/592 [92.9%], loss=0.2748, dgw=0.2748, reg=0.0000, time=24.57s.
-- 575/592 [97.1%], loss=0.2812, dgw=0.2812, reg=0.0000, time=43.33s.
-- 592/592 [100.0%], loss=0.2485, dgw=0.2485, reg=0.0000, time=35.10s.
fit: Epoch 11/15, loss = 0.2765, best loss = 0.1465
results/ENZYMES_Jin_Spectral_usl_tsne_fit_11.pdf
-- 25/592 [4.2%], loss=0.2675, dgw=0.2675, reg=0.0000, time=29.44s.
-- 50/592 [8.4%], loss=0.2954, dgw=0.2954, reg=0.0000, time=37.01s.
-- 75/592 [12.7%], loss=0.2659, dgw=0.2659, reg=0.0000, time=25.86s.
-- 100/592 [16.9%], loss=0.2735, dgw=0.2735, reg=0.0000, time=31.38s.
-- 125/592 [21.1%], loss=0.2734, dgw=0.2734, reg=0.0000, time=44.51s.
-- 150/592 [25.3%], loss=0.2443, dgw=0.2443, reg=0.0000, time=34.23s.
-- 175/592 [29.6%], loss=0.2832, dgw=0.2832, reg=0.0000, time=37.65s.
-- 200/592 [33.8%], loss=0.2799, dgw=0.2799, reg=0.0000, time=37.25s.
-- 225/592 [38.0%], loss=0.2850, dgw=0.2850, reg=0.0000, time=32.49s.
-- 250/592 [42.2%], loss=0.2852, dgw=0.2852, reg=0.0000, time=25.98s.
-- 275/592 [46.5%], loss=0.2715, dgw=0.2715, reg=0.0000, time=34.25s.
-- 300/592 [50.7%], loss=0.2606, dgw=0.2606, reg=0.0000, time=43.26s.
-- 325/592 [54.9%], loss=0.2725, dgw=0.2725, reg=0.0000, time=35.73s.
-- 350/592 [59.1%], loss=0.2358, dgw=0.2358, reg=0.0000, time=34.51s.
-- 375/592 [63.3%], loss=0.3093, dgw=0.3093, reg=0.0000, time=30.59s.
-- 400/592 [67.6%], loss=0.2783, dgw=0.2783, reg=0.0000, time=35.85s.
-- 425/592 [71.8%], loss=0.2630, dgw=0.2630, reg=0.0000, time=32.96s.
-- 450/592 [76.0%], loss=0.2732, dgw=0.2732, reg=0.0000, time=41.37s.
-- 475/592 [80.2%], loss=0.2657, dgw=0.2657, reg=0.0000, time=45.84s.
-- 500/592 [84.5%], loss=0.2381, dgw=0.2381, reg=0.0000, time=48.19s.
-- 525/592 [88.7%], loss=0.2875, dgw=0.2875, reg=0.0000, time=44.29s.
-- 550/592 [92.9%], loss=0.2829, dgw=0.2829, reg=0.0000, time=34.65s.
-- 575/592 [97.1%], loss=0.2692, dgw=0.2692, reg=0.0000, time=35.70s.
-- 592/592 [100.0%], loss=0.3268, dgw=0.3268, reg=0.0000, time=18.74s.
fit: Epoch 12/15, loss = 0.2738, best loss = 0.1465
results/ENZYMES_Jin_Spectral_usl_tsne_fit_12.pdf
-- 25/592 [4.2%], loss=0.2605, dgw=0.2605, reg=0.0000, time=35.39s.
-- 50/592 [8.4%], loss=0.2793, dgw=0.2793, reg=0.0000, time=35.00s.
-- 75/592 [12.7%], loss=0.2719, dgw=0.2719, reg=0.0000, time=22.07s.
-- 100/592 [16.9%], loss=0.2666, dgw=0.2666, reg=0.0000, time=22.12s.
-- 125/592 [21.1%], loss=0.2535, dgw=0.2535, reg=0.0000, time=31.36s.
-- 150/592 [25.3%], loss=0.2635, dgw=0.2635, reg=0.0000, time=30.23s.
-- 175/592 [29.6%], loss=0.2826, dgw=0.2826, reg=0.0000, time=29.29s.
-- 200/592 [33.8%], loss=0.2879, dgw=0.2879, reg=0.0000, time=34.30s.
-- 225/592 [38.0%], loss=0.2903, dgw=0.2903, reg=0.0000, time=40.96s.
-- 250/592 [42.2%], loss=0.2505, dgw=0.2505, reg=0.0000, time=24.82s.
-- 275/592 [46.5%], loss=0.2781, dgw=0.2781, reg=0.0000, time=36.97s.
-- 300/592 [50.7%], loss=0.2784, dgw=0.2784, reg=0.0000, time=43.84s.
-- 325/592 [54.9%], loss=0.2861, dgw=0.2861, reg=0.0000, time=41.12s.
-- 350/592 [59.1%], loss=0.2734, dgw=0.2734, reg=0.0000, time=38.81s.
-- 375/592 [63.3%], loss=0.3025, dgw=0.3025, reg=0.0000, time=38.78s.
-- 400/592 [67.6%], loss=0.2523, dgw=0.2523, reg=0.0000, time=36.92s.
-- 425/592 [71.8%], loss=0.2636, dgw=0.2636, reg=0.0000, time=31.98s.
-- 450/592 [76.0%], loss=0.2879, dgw=0.2879, reg=0.0000, time=24.74s.
-- 475/592 [80.2%], loss=0.2426, dgw=0.2426, reg=0.0000, time=36.75s.
-- 500/592 [84.5%], loss=0.2828, dgw=0.2828, reg=0.0000, time=41.25s.
-- 525/592 [88.7%], loss=0.3097, dgw=0.3097, reg=0.0000, time=35.83s.
-- 550/592 [92.9%], loss=0.2783, dgw=0.2783, reg=0.0000, time=35.59s.
-- 575/592 [97.1%], loss=0.2633, dgw=0.2633, reg=0.0000, time=22.97s.
-- 592/592 [100.0%], loss=0.2582, dgw=0.2582, reg=0.0000, time=32.25s.
fit: Epoch 13/15, loss = 0.2737, best loss = 0.1465
results/ENZYMES_Jin_Spectral_usl_tsne_fit_13.pdf
-- 25/592 [4.2%], loss=0.2576, dgw=0.2576, reg=0.0000, time=42.56s.
-- 50/592 [8.4%], loss=0.2763, dgw=0.2763, reg=0.0000, time=35.24s.
-- 75/592 [12.7%], loss=0.2443, dgw=0.2443, reg=0.0000, time=31.41s.
-- 100/592 [16.9%], loss=0.2776, dgw=0.2776, reg=0.0000, time=37.49s.
-- 125/592 [21.1%], loss=0.2382, dgw=0.2382, reg=0.0000, time=31.94s.
-- 150/592 [25.3%], loss=0.2719, dgw=0.2719, reg=0.0000, time=25.17s.
-- 175/592 [29.6%], loss=0.2605, dgw=0.2605, reg=0.0000, time=39.30s.
-- 200/592 [33.8%], loss=0.2698, dgw=0.2698, reg=0.0000, time=37.88s.
-- 225/592 [38.0%], loss=0.2597, dgw=0.2597, reg=0.0000, time=38.19s.
-- 250/592 [42.2%], loss=0.2711, dgw=0.2711, reg=0.0000, time=35.02s.
-- 275/592 [46.5%], loss=0.2303, dgw=0.2303, reg=0.0000, time=29.30s.
-- 300/592 [50.7%], loss=0.3033, dgw=0.3033, reg=0.0000, time=26.94s.
-- 325/592 [54.9%], loss=0.2302, dgw=0.2302, reg=0.0000, time=35.21s.
-- 350/592 [59.1%], loss=0.2657, dgw=0.2657, reg=0.0000, time=35.03s.
-- 375/592 [63.3%], loss=0.2456, dgw=0.2456, reg=0.0000, time=32.74s.
-- 400/592 [67.6%], loss=0.2215, dgw=0.2215, reg=0.0000, time=45.79s.
-- 425/592 [71.8%], loss=0.2324, dgw=0.2324, reg=0.0000, time=34.08s.
-- 450/592 [76.0%], loss=0.2326, dgw=0.2326, reg=0.0000, time=34.97s.
-- 475/592 [80.2%], loss=0.2626, dgw=0.2626, reg=0.0000, time=39.57s.
-- 500/592 [84.5%], loss=0.2701, dgw=0.2701, reg=0.0000, time=45.34s.
-- 525/592 [88.7%], loss=0.2479, dgw=0.2479, reg=0.0000, time=36.91s.
-- 550/592 [92.9%], loss=0.2267, dgw=0.2267, reg=0.0000, time=34.17s.
-- 575/592 [97.1%], loss=0.2347, dgw=0.2347, reg=0.0000, time=44.27s.
-- 592/592 [100.0%], loss=0.2149, dgw=0.2149, reg=0.0000, time=22.15s.
fit: Epoch 14/15, loss = 0.2524, best loss = 0.1465
results/ENZYMES_Jin_Spectral_usl_tsne_fit_14.pdf
-- 25/592 [4.2%], loss=0.2378, dgw=0.2378, reg=0.0000, time=32.83s.
-- 50/592 [8.4%], loss=0.2556, dgw=0.2556, reg=0.0000, time=37.93s.
-- 75/592 [12.7%], loss=0.2598, dgw=0.2598, reg=0.0000, time=40.71s.
-- 100/592 [16.9%], loss=0.2552, dgw=0.2552, reg=0.0000, time=27.12s.
-- 125/592 [21.1%], loss=0.2172, dgw=0.2172, reg=0.0000, time=35.33s.
-- 150/592 [25.3%], loss=0.2274, dgw=0.2274, reg=0.0000, time=39.66s.
-- 175/592 [29.6%], loss=0.2508, dgw=0.2508, reg=0.0000, time=33.17s.
-- 200/592 [33.8%], loss=0.2024, dgw=0.2024, reg=0.0000, time=33.84s.
-- 225/592 [38.0%], loss=0.2214, dgw=0.2214, reg=0.0000, time=37.45s.
-- 250/592 [42.2%], loss=0.2356, dgw=0.2356, reg=0.0000, time=40.74s.
-- 275/592 [46.5%], loss=0.2237, dgw=0.2237, reg=0.0000, time=32.94s.
-- 300/592 [50.7%], loss=0.2517, dgw=0.2517, reg=0.0000, time=43.50s.
-- 325/592 [54.9%], loss=0.2527, dgw=0.2527, reg=0.0000, time=39.51s.
-- 350/592 [59.1%], loss=0.2418, dgw=0.2418, reg=0.0000, time=30.48s.
-- 375/592 [63.3%], loss=0.2839, dgw=0.2839, reg=0.0000, time=31.83s.
-- 400/592 [67.6%], loss=0.2554, dgw=0.2554, reg=0.0000, time=34.85s.
-- 425/592 [71.8%], loss=0.2439, dgw=0.2439, reg=0.0000, time=37.55s.
-- 450/592 [76.0%], loss=0.2758, dgw=0.2758, reg=0.0000, time=30.47s.
-- 475/592 [80.2%], loss=0.2669, dgw=0.2669, reg=0.0000, time=24.71s.
-- 500/592 [84.5%], loss=0.2321, dgw=0.2321, reg=0.0000, time=31.21s.
-- 525/592 [88.7%], loss=0.2553, dgw=0.2553, reg=0.0000, time=43.20s.
-- 550/592 [92.9%], loss=0.2175, dgw=0.2175, reg=0.0000, time=36.80s.
-- 575/592 [97.1%], loss=0.2664, dgw=0.2664, reg=0.0000, time=38.95s.
-- 592/592 [100.0%], loss=0.2564, dgw=0.2564, reg=0.0000, time=18.77s.
fit: Epoch 15/15, loss = 0.2451, best loss = 0.1465
results/ENZYMES_Jin_Spectral_usl_tsne_fit_15.pdf
Rand Score: 0.723573192481822
Done!
