MORE THAN 2 CLASSES!
-- 25/592 [4.2%], loss=0.2316, dgw=0.2316, reg=0.0000, time=54.90s.
-- 50/592 [8.4%], loss=0.2288, dgw=0.2288, reg=0.0000, time=43.81s.
-- 75/592 [12.7%], loss=0.2319, dgw=0.2319, reg=0.0000, time=56.87s.
-- 100/592 [16.9%], loss=0.2154, dgw=0.2154, reg=0.0000, time=57.38s.
-- 125/592 [21.1%], loss=0.2218, dgw=0.2218, reg=0.0000, time=64.67s.
-- 150/592 [25.3%], loss=0.2140, dgw=0.2140, reg=0.0000, time=65.61s.
-- 175/592 [29.6%], loss=0.2151, dgw=0.2151, reg=0.0000, time=54.37s.
-- 200/592 [33.8%], loss=0.2168, dgw=0.2168, reg=0.0000, time=33.55s.
-- 225/592 [38.0%], loss=0.2122, dgw=0.2122, reg=0.0000, time=60.68s.
-- 250/592 [42.2%], loss=0.2048, dgw=0.2048, reg=0.0000, time=68.76s.
-- 275/592 [46.5%], loss=0.2078, dgw=0.2078, reg=0.0000, time=54.11s.
-- 300/592 [50.7%], loss=0.2068, dgw=0.2068, reg=0.0000, time=55.71s.
-- 325/592 [54.9%], loss=0.2002, dgw=0.2002, reg=0.0000, time=48.22s.
-- 350/592 [59.1%], loss=0.2011, dgw=0.2011, reg=0.0000, time=64.36s.
-- 375/592 [63.3%], loss=0.2043, dgw=0.2043, reg=0.0000, time=53.67s.
-- 400/592 [67.6%], loss=0.2030, dgw=0.2030, reg=0.0000, time=38.32s.
-- 425/592 [71.8%], loss=0.1946, dgw=0.1946, reg=0.0000, time=56.73s.
-- 450/592 [76.0%], loss=0.1942, dgw=0.1942, reg=0.0000, time=51.52s.
-- 475/592 [80.2%], loss=0.1964, dgw=0.1964, reg=0.0000, time=66.87s.
-- 500/592 [84.5%], loss=0.1915, dgw=0.1915, reg=0.0000, time=52.10s.
-- 525/592 [88.7%], loss=0.1894, dgw=0.1894, reg=0.0000, time=54.90s.
-- 550/592 [92.9%], loss=0.1895, dgw=0.1895, reg=0.0000, time=49.81s.
-- 575/592 [97.1%], loss=0.1938, dgw=0.1938, reg=0.0000, time=51.28s.
-- 592/592 [100.0%], loss=0.1827, dgw=0.1827, reg=0.0000, time=48.07s.
fit: Epoch 1/15, loss = 0.2065, best loss = 0.2065
results/ENZYMES_Jin_Spectral_usl_tsne_fit_1.pdf
-- 25/592 [4.2%], loss=0.1834, dgw=0.1834, reg=0.0000, time=55.28s.
-- 50/592 [8.4%], loss=0.1821, dgw=0.1821, reg=0.0000, time=61.03s.
-- 75/592 [12.7%], loss=0.1780, dgw=0.1780, reg=0.0000, time=57.25s.
-- 100/592 [16.9%], loss=0.1810, dgw=0.1810, reg=0.0000, time=41.28s.
-- 125/592 [21.1%], loss=0.1752, dgw=0.1752, reg=0.0000, time=53.95s.
-- 150/592 [25.3%], loss=0.1857, dgw=0.1857, reg=0.0000, time=54.97s.
-- 175/592 [29.6%], loss=0.1780, dgw=0.1780, reg=0.0000, time=59.07s.
-- 200/592 [33.8%], loss=0.1773, dgw=0.1773, reg=0.0000, time=43.23s.
-- 225/592 [38.0%], loss=0.1725, dgw=0.1725, reg=0.0000, time=43.43s.
-- 250/592 [42.2%], loss=0.1682, dgw=0.1682, reg=0.0000, time=34.58s.
-- 275/592 [46.5%], loss=0.1735, dgw=0.1735, reg=0.0000, time=53.04s.
-- 300/592 [50.7%], loss=0.1723, dgw=0.1723, reg=0.0000, time=35.69s.
-- 325/592 [54.9%], loss=0.1647, dgw=0.1647, reg=0.0000, time=63.03s.
-- 350/592 [59.1%], loss=0.1685, dgw=0.1685, reg=0.0000, time=44.67s.
-- 375/592 [63.3%], loss=0.1675, dgw=0.1675, reg=0.0000, time=47.80s.
-- 400/592 [67.6%], loss=0.1663, dgw=0.1663, reg=0.0000, time=74.32s.
-- 425/592 [71.8%], loss=0.1590, dgw=0.1590, reg=0.0000, time=56.22s.
-- 450/592 [76.0%], loss=0.1622, dgw=0.1622, reg=0.0000, time=59.25s.
-- 475/592 [80.2%], loss=0.1611, dgw=0.1611, reg=0.0000, time=55.01s.
-- 500/592 [84.5%], loss=0.1603, dgw=0.1603, reg=0.0000, time=62.74s.
-- 525/592 [88.7%], loss=0.1548, dgw=0.1548, reg=0.0000, time=51.85s.
-- 550/592 [92.9%], loss=0.1523, dgw=0.1523, reg=0.0000, time=69.38s.
-- 575/592 [97.1%], loss=0.1603, dgw=0.1603, reg=0.0000, time=61.60s.
-- 592/592 [100.0%], loss=0.1564, dgw=0.1564, reg=0.0000, time=44.97s.
fit: Epoch 2/15, loss = 0.1694, best loss = 0.1694
results/ENZYMES_Jin_Spectral_usl_tsne_fit_2.pdf
-- 25/592 [4.2%], loss=0.1477, dgw=0.1477, reg=0.0000, time=57.58s.
-- 50/592 [8.4%], loss=0.1507, dgw=0.1507, reg=0.0000, time=36.02s.
-- 75/592 [12.7%], loss=0.1478, dgw=0.1478, reg=0.0000, time=27.52s.
-- 100/592 [16.9%], loss=0.1514, dgw=0.1514, reg=0.0000, time=52.56s.
-- 125/592 [21.1%], loss=0.1539, dgw=0.1539, reg=0.0000, time=45.56s.
-- 150/592 [25.3%], loss=0.1519, dgw=0.1519, reg=0.0000, time=41.33s.
-- 175/592 [29.6%], loss=0.1436, dgw=0.1436, reg=0.0000, time=54.17s.
-- 200/592 [33.8%], loss=0.1432, dgw=0.1432, reg=0.0000, time=56.12s.
-- 225/592 [38.0%], loss=0.1483, dgw=0.1483, reg=0.0000, time=50.70s.
-- 250/592 [42.2%], loss=0.1447, dgw=0.1447, reg=0.0000, time=41.44s.
-- 275/592 [46.5%], loss=0.1422, dgw=0.1422, reg=0.0000, time=33.70s.
-- 300/592 [50.7%], loss=0.1488, dgw=0.1488, reg=0.0000, time=53.23s.
-- 325/592 [54.9%], loss=0.1454, dgw=0.1454, reg=0.0000, time=43.27s.
-- 350/592 [59.1%], loss=0.1411, dgw=0.1411, reg=0.0000, time=71.22s.
-- 375/592 [63.3%], loss=0.1336, dgw=0.1336, reg=0.0000, time=56.51s.
-- 400/592 [67.6%], loss=0.1353, dgw=0.1353, reg=0.0000, time=66.46s.
-- 425/592 [71.8%], loss=0.1310, dgw=0.1310, reg=0.0000, time=41.81s.
-- 450/592 [76.0%], loss=0.1332, dgw=0.1332, reg=0.0000, time=49.91s.
-- 475/592 [80.2%], loss=0.1363, dgw=0.1363, reg=0.0000, time=67.83s.
-- 500/592 [84.5%], loss=0.1314, dgw=0.1314, reg=0.0000, time=61.95s.
-- 525/592 [88.7%], loss=0.1320, dgw=0.1320, reg=0.0000, time=72.58s.
-- 550/592 [92.9%], loss=0.1282, dgw=0.1282, reg=0.0000, time=72.72s.
-- 575/592 [97.1%], loss=0.1234, dgw=0.1234, reg=0.0000, time=42.31s.
-- 592/592 [100.0%], loss=0.1230, dgw=0.1230, reg=0.0000, time=42.79s.
fit: Epoch 3/15, loss = 0.1406, best loss = 0.1406
results/ENZYMES_Jin_Spectral_usl_tsne_fit_3.pdf
-- 25/592 [4.2%], loss=0.1227, dgw=0.1227, reg=0.0000, time=38.02s.
-- 50/592 [8.4%], loss=0.1255, dgw=0.1255, reg=0.0000, time=72.48s.
-- 75/592 [12.7%], loss=0.1241, dgw=0.1241, reg=0.0000, time=53.33s.
-- 100/592 [16.9%], loss=0.1288, dgw=0.1288, reg=0.0000, time=65.42s.
-- 125/592 [21.1%], loss=0.1233, dgw=0.1233, reg=0.0000, time=55.86s.
-- 150/592 [25.3%], loss=0.1190, dgw=0.1190, reg=0.0000, time=38.77s.
-- 175/592 [29.6%], loss=0.1249, dgw=0.1249, reg=0.0000, time=50.30s.
-- 200/592 [33.8%], loss=0.1271, dgw=0.1271, reg=0.0000, time=72.48s.
-- 225/592 [38.0%], loss=0.1188, dgw=0.1188, reg=0.0000, time=44.83s.
-- 250/592 [42.2%], loss=0.1288, dgw=0.1288, reg=0.0000, time=71.59s.
-- 275/592 [46.5%], loss=0.1186, dgw=0.1186, reg=0.0000, time=69.47s.
-- 300/592 [50.7%], loss=0.1191, dgw=0.1191, reg=0.0000, time=45.76s.
-- 325/592 [54.9%], loss=0.1169, dgw=0.1169, reg=0.0000, time=47.54s.
-- 350/592 [59.1%], loss=0.1150, dgw=0.1150, reg=0.0000, time=45.70s.
-- 375/592 [63.3%], loss=0.1221, dgw=0.1221, reg=0.0000, time=62.37s.
-- 400/592 [67.6%], loss=0.1201, dgw=0.1201, reg=0.0000, time=43.33s.
-- 425/592 [71.8%], loss=0.1133, dgw=0.1133, reg=0.0000, time=46.45s.
-- 450/592 [76.0%], loss=0.1143, dgw=0.1143, reg=0.0000, time=63.76s.
-- 475/592 [80.2%], loss=0.1156, dgw=0.1156, reg=0.0000, time=61.03s.
-- 500/592 [84.5%], loss=0.1096, dgw=0.1096, reg=0.0000, time=60.76s.
-- 525/592 [88.7%], loss=0.1110, dgw=0.1110, reg=0.0000, time=50.23s.
-- 550/592 [92.9%], loss=0.1186, dgw=0.1186, reg=0.0000, time=59.65s.
-- 575/592 [97.1%], loss=0.1052, dgw=0.1052, reg=0.0000, time=60.93s.
-- 592/592 [100.0%], loss=0.1108, dgw=0.1108, reg=0.0000, time=47.85s.
fit: Epoch 4/15, loss = 0.1190, best loss = 0.1190
results/ENZYMES_Jin_Spectral_usl_tsne_fit_4.pdf
-- 25/592 [4.2%], loss=0.1067, dgw=0.1067, reg=0.0000, time=71.11s.
-- 50/592 [8.4%], loss=0.1073, dgw=0.1073, reg=0.0000, time=41.44s.
-- 75/592 [12.7%], loss=0.1074, dgw=0.1074, reg=0.0000, time=52.68s.
-- 100/592 [16.9%], loss=0.1082, dgw=0.1082, reg=0.0000, time=67.05s.
-- 125/592 [21.1%], loss=0.1074, dgw=0.1074, reg=0.0000, time=44.24s.
-- 150/592 [25.3%], loss=0.1030, dgw=0.1030, reg=0.0000, time=34.01s.
-- 175/592 [29.6%], loss=0.1211, dgw=0.1211, reg=0.0000, time=63.97s.
-- 200/592 [33.8%], loss=0.1014, dgw=0.1014, reg=0.0000, time=54.59s.
-- 225/592 [38.0%], loss=0.1000, dgw=0.1000, reg=0.0000, time=66.80s.
-- 250/592 [42.2%], loss=0.1011, dgw=0.1011, reg=0.0000, time=53.77s.
-- 275/592 [46.5%], loss=0.1110, dgw=0.1110, reg=0.0000, time=56.74s.
-- 300/592 [50.7%], loss=0.1072, dgw=0.1072, reg=0.0000, time=53.06s.
-- 325/592 [54.9%], loss=0.1031, dgw=0.1031, reg=0.0000, time=47.97s.
-- 350/592 [59.1%], loss=0.1027, dgw=0.1027, reg=0.0000, time=73.42s.
-- 375/592 [63.3%], loss=0.1056, dgw=0.1056, reg=0.0000, time=45.82s.
-- 400/592 [67.6%], loss=0.0957, dgw=0.0957, reg=0.0000, time=44.42s.
-- 425/592 [71.8%], loss=0.0972, dgw=0.0972, reg=0.0000, time=47.24s.
-- 450/592 [76.0%], loss=0.1003, dgw=0.1003, reg=0.0000, time=53.46s.
-- 475/592 [80.2%], loss=0.1021, dgw=0.1021, reg=0.0000, time=61.13s.
-- 500/592 [84.5%], loss=0.1028, dgw=0.1028, reg=0.0000, time=62.80s.
-- 525/592 [88.7%], loss=0.0971, dgw=0.0971, reg=0.0000, time=52.32s.
-- 550/592 [92.9%], loss=0.0978, dgw=0.0978, reg=0.0000, time=59.65s.
-- 575/592 [97.1%], loss=0.0932, dgw=0.0932, reg=0.0000, time=69.44s.
-- 592/592 [100.0%], loss=0.0940, dgw=0.0940, reg=0.0000, time=37.94s.
fit: Epoch 5/15, loss = 0.1032, best loss = 0.1032
results/ENZYMES_Jin_Spectral_usl_tsne_fit_5.pdf
-- 25/592 [4.2%], loss=0.1054, dgw=0.1054, reg=0.0000, time=59.48s.
-- 50/592 [8.4%], loss=0.0908, dgw=0.0908, reg=0.0000, time=37.05s.
-- 75/592 [12.7%], loss=0.0927, dgw=0.0927, reg=0.0000, time=45.22s.
-- 100/592 [16.9%], loss=0.0999, dgw=0.0999, reg=0.0000, time=52.61s.
-- 125/592 [21.1%], loss=0.0982, dgw=0.0982, reg=0.0000, time=55.30s.
-- 150/592 [25.3%], loss=0.0972, dgw=0.0972, reg=0.0000, time=34.83s.
-- 175/592 [29.6%], loss=0.0955, dgw=0.0955, reg=0.0000, time=45.45s.
-- 200/592 [33.8%], loss=0.0912, dgw=0.0912, reg=0.0000, time=53.63s.
-- 225/592 [38.0%], loss=0.1009, dgw=0.1009, reg=0.0000, time=48.30s.
-- 250/592 [42.2%], loss=0.0923, dgw=0.0923, reg=0.0000, time=64.33s.
-- 275/592 [46.5%], loss=0.0989, dgw=0.0989, reg=0.0000, time=46.05s.
-- 300/592 [50.7%], loss=0.0890, dgw=0.0890, reg=0.0000, time=54.00s.
-- 325/592 [54.9%], loss=0.0833, dgw=0.0833, reg=0.0000, time=39.25s.
-- 350/592 [59.1%], loss=0.0922, dgw=0.0922, reg=0.0000, time=32.08s.
-- 375/592 [63.3%], loss=0.0928, dgw=0.0928, reg=0.0000, time=48.86s.
-- 400/592 [67.6%], loss=0.0883, dgw=0.0883, reg=0.0000, time=30.26s.
-- 425/592 [71.8%], loss=0.0892, dgw=0.0892, reg=0.0000, time=56.87s.
-- 450/592 [76.0%], loss=0.0946, dgw=0.0946, reg=0.0000, time=58.59s.
-- 475/592 [80.2%], loss=0.0965, dgw=0.0965, reg=0.0000, time=57.37s.
-- 500/592 [84.5%], loss=0.1090, dgw=0.1090, reg=0.0000, time=68.83s.
-- 525/592 [88.7%], loss=0.0945, dgw=0.0945, reg=0.0000, time=51.42s.
-- 550/592 [92.9%], loss=0.1081, dgw=0.1081, reg=0.0000, time=44.19s.
-- 575/592 [97.1%], loss=0.0818, dgw=0.0818, reg=0.0000, time=65.28s.
-- 592/592 [100.0%], loss=0.1026, dgw=0.1026, reg=0.0000, time=37.12s.
fit: Epoch 6/15, loss = 0.0951, best loss = 0.0951
results/ENZYMES_Jin_Spectral_usl_tsne_fit_6.pdf
-- 25/592 [4.2%], loss=0.0924, dgw=0.0924, reg=0.0000, time=57.74s.
-- 50/592 [8.4%], loss=0.1086, dgw=0.1086, reg=0.0000, time=42.96s.
-- 75/592 [12.7%], loss=0.1038, dgw=0.1038, reg=0.0000, time=48.26s.
-- 100/592 [16.9%], loss=0.1035, dgw=0.1035, reg=0.0000, time=34.99s.
-- 125/592 [21.1%], loss=0.1210, dgw=0.1210, reg=0.0000, time=31.17s.
-- 150/592 [25.3%], loss=0.1300, dgw=0.1300, reg=0.0000, time=48.06s.
-- 175/592 [29.6%], loss=0.1478, dgw=0.1478, reg=0.0000, time=52.52s.
-- 200/592 [33.8%], loss=0.1541, dgw=0.1541, reg=0.0000, time=50.84s.
-- 225/592 [38.0%], loss=0.1537, dgw=0.1537, reg=0.0000, time=43.53s.
-- 250/592 [42.2%], loss=0.1620, dgw=0.1620, reg=0.0000, time=54.99s.
-- 275/592 [46.5%], loss=0.1605, dgw=0.1605, reg=0.0000, time=39.37s.
-- 300/592 [50.7%], loss=0.1606, dgw=0.1606, reg=0.0000, time=45.61s.
-- 325/592 [54.9%], loss=0.1512, dgw=0.1512, reg=0.0000, time=29.66s.
-- 350/592 [59.1%], loss=0.1789, dgw=0.1789, reg=0.0000, time=48.20s.
-- 375/592 [63.3%], loss=0.1922, dgw=0.1922, reg=0.0000, time=26.09s.
-- 400/592 [67.6%], loss=0.1806, dgw=0.1806, reg=0.0000, time=37.46s.
-- 425/592 [71.8%], loss=0.1847, dgw=0.1847, reg=0.0000, time=40.35s.
-- 450/592 [76.0%], loss=0.1856, dgw=0.1856, reg=0.0000, time=51.53s.
-- 475/592 [80.2%], loss=0.1827, dgw=0.1827, reg=0.0000, time=52.95s.
-- 500/592 [84.5%], loss=0.1900, dgw=0.1900, reg=0.0000, time=49.43s.
-- 525/592 [88.7%], loss=0.1950, dgw=0.1950, reg=0.0000, time=51.18s.
-- 550/592 [92.9%], loss=0.1935, dgw=0.1935, reg=0.0000, time=50.99s.
-- 575/592 [97.1%], loss=0.2045, dgw=0.2045, reg=0.0000, time=44.24s.
-- 592/592 [100.0%], loss=0.2162, dgw=0.2162, reg=0.0000, time=37.59s.
fit: Epoch 7/15, loss = 0.1598, best loss = 0.0951
results/ENZYMES_Jin_Spectral_usl_tsne_fit_7.pdf
-- 25/592 [4.2%], loss=0.2037, dgw=0.2037, reg=0.0000, time=36.42s.
-- 50/592 [8.4%], loss=0.2013, dgw=0.2013, reg=0.0000, time=52.72s.
-- 75/592 [12.7%], loss=0.2105, dgw=0.2105, reg=0.0000, time=33.13s.
-- 100/592 [16.9%], loss=0.2264, dgw=0.2264, reg=0.0000, time=31.02s.
-- 125/592 [21.1%], loss=0.2379, dgw=0.2379, reg=0.0000, time=35.10s.
-- 150/592 [25.3%], loss=0.2346, dgw=0.2346, reg=0.0000, time=42.60s.
-- 175/592 [29.6%], loss=0.2373, dgw=0.2373, reg=0.0000, time=46.77s.
-- 200/592 [33.8%], loss=0.2812, dgw=0.2812, reg=0.0000, time=45.51s.
-- 225/592 [38.0%], loss=0.2817, dgw=0.2817, reg=0.0000, time=46.84s.
-- 250/592 [42.2%], loss=0.3409, dgw=0.3409, reg=0.0000, time=51.31s.
-- 275/592 [46.5%], loss=0.3193, dgw=0.3193, reg=0.0000, time=42.21s.
-- 300/592 [50.7%], loss=0.3896, dgw=0.3896, reg=0.0000, time=47.95s.
-- 325/592 [54.9%], loss=0.3673, dgw=0.3673, reg=0.0000, time=46.83s.
-- 350/592 [59.1%], loss=0.4007, dgw=0.4007, reg=0.0000, time=59.30s.
-- 375/592 [63.3%], loss=0.4596, dgw=0.4596, reg=0.0000, time=46.97s.
-- 400/592 [67.6%], loss=0.3732, dgw=0.3732, reg=0.0000, time=40.77s.
-- 425/592 [71.8%], loss=0.4132, dgw=0.4132, reg=0.0000, time=33.51s.
-- 450/592 [76.0%], loss=0.4484, dgw=0.4484, reg=0.0000, time=35.16s.
-- 475/592 [80.2%], loss=0.4155, dgw=0.4155, reg=0.0000, time=43.74s.
-- 500/592 [84.5%], loss=0.4196, dgw=0.4196, reg=0.0000, time=45.09s.
-- 525/592 [88.7%], loss=0.4374, dgw=0.4374, reg=0.0000, time=45.25s.
-- 550/592 [92.9%], loss=0.4208, dgw=0.4208, reg=0.0000, time=37.81s.
-- 575/592 [97.1%], loss=0.4480, dgw=0.4480, reg=0.0000, time=58.92s.
-- 592/592 [100.0%], loss=0.4894, dgw=0.4894, reg=0.0000, time=42.88s.
fit: Epoch 8/15, loss = 0.3421, best loss = 0.0951
results/ENZYMES_Jin_Spectral_usl_tsne_fit_8.pdf
-- 25/592 [4.2%], loss=0.4649, dgw=0.4649, reg=0.0000, time=42.30s.
-- 50/592 [8.4%], loss=0.5047, dgw=0.5047, reg=0.0000, time=53.08s.
-- 75/592 [12.7%], loss=0.5240, dgw=0.5240, reg=0.0000, time=52.24s.
-- 100/592 [16.9%], loss=0.4997, dgw=0.4997, reg=0.0000, time=40.45s.
-- 125/592 [21.1%], loss=0.4505, dgw=0.4505, reg=0.0000, time=49.91s.
-- 150/592 [25.3%], loss=0.5123, dgw=0.5123, reg=0.0000, time=42.56s.
-- 175/592 [29.6%], loss=0.4745, dgw=0.4745, reg=0.0000, time=35.67s.
-- 200/592 [33.8%], loss=0.5076, dgw=0.5076, reg=0.0000, time=43.97s.
-- 225/592 [38.0%], loss=0.4773, dgw=0.4773, reg=0.0000, time=42.04s.
-- 250/592 [42.2%], loss=0.4868, dgw=0.4868, reg=0.0000, time=46.33s.
-- 275/592 [46.5%], loss=0.5161, dgw=0.5161, reg=0.0000, time=53.15s.
-- 300/592 [50.7%], loss=0.5060, dgw=0.5060, reg=0.0000, time=43.98s.
-- 325/592 [54.9%], loss=0.5088, dgw=0.5088, reg=0.0000, time=39.14s.
-- 350/592 [59.1%], loss=0.5739, dgw=0.5739, reg=0.0000, time=44.92s.
-- 375/592 [63.3%], loss=0.4740, dgw=0.4740, reg=0.0000, time=38.25s.
-- 400/592 [67.6%], loss=0.5148, dgw=0.5148, reg=0.0000, time=37.58s.
-- 425/592 [71.8%], loss=0.5380, dgw=0.5380, reg=0.0000, time=39.97s.
-- 450/592 [76.0%], loss=0.4660, dgw=0.4660, reg=0.0000, time=40.03s.
-- 475/592 [80.2%], loss=0.4932, dgw=0.4932, reg=0.0000, time=31.89s.
-- 500/592 [84.5%], loss=0.5332, dgw=0.5332, reg=0.0000, time=39.54s.
-- 525/592 [88.7%], loss=0.5389, dgw=0.5389, reg=0.0000, time=44.17s.
-- 550/592 [92.9%], loss=0.6191, dgw=0.6191, reg=0.0000, time=47.57s.
-- 575/592 [97.1%], loss=0.6448, dgw=0.6448, reg=0.0000, time=44.96s.
-- 592/592 [100.0%], loss=0.6154, dgw=0.6154, reg=0.0000, time=12.45s.
fit: Epoch 9/15, loss = 0.5172, best loss = 0.0951
results/ENZYMES_Jin_Spectral_usl_tsne_fit_9.pdf
-- 25/592 [4.2%], loss=0.6235, dgw=0.6235, reg=0.0000, time=46.21s.
-- 50/592 [8.4%], loss=0.7102, dgw=0.7102, reg=0.0000, time=31.75s.
-- 75/592 [12.7%], loss=0.7309, dgw=0.7309, reg=0.0000, time=27.15s.
-- 100/592 [16.9%], loss=0.7770, dgw=0.7770, reg=0.0000, time=42.25s.
-- 125/592 [21.1%], loss=0.7981, dgw=0.7981, reg=0.0000, time=49.17s.
-- 150/592 [25.3%], loss=0.7738, dgw=0.7738, reg=0.0000, time=40.53s.
-- 175/592 [29.6%], loss=0.7868, dgw=0.7868, reg=0.0000, time=37.94s.
-- 200/592 [33.8%], loss=0.8587, dgw=0.8587, reg=0.0000, time=39.79s.
-- 225/592 [38.0%], loss=0.7986, dgw=0.7986, reg=0.0000, time=44.64s.
-- 250/592 [42.2%], loss=0.8580, dgw=0.8580, reg=0.0000, time=54.63s.
-- 275/592 [46.5%], loss=0.8670, dgw=0.8670, reg=0.0000, time=54.66s.
-- 300/592 [50.7%], loss=0.8796, dgw=0.8796, reg=0.0000, time=42.47s.
-- 325/592 [54.9%], loss=0.8040, dgw=0.8040, reg=0.0000, time=34.93s.
-- 350/592 [59.1%], loss=0.8973, dgw=0.8973, reg=0.0000, time=34.07s.
-- 375/592 [63.3%], loss=0.8746, dgw=0.8746, reg=0.0000, time=36.17s.
-- 400/592 [67.6%], loss=0.8766, dgw=0.8766, reg=0.0000, time=35.19s.
-- 425/592 [71.8%], loss=0.8518, dgw=0.8518, reg=0.0000, time=44.04s.
-- 450/592 [76.0%], loss=0.8810, dgw=0.8810, reg=0.0000, time=30.37s.
-- 475/592 [80.2%], loss=0.7872, dgw=0.7872, reg=0.0000, time=36.10s.
-- 500/592 [84.5%], loss=0.7562, dgw=0.7562, reg=0.0000, time=34.54s.
-- 525/592 [88.7%], loss=0.8231, dgw=0.8231, reg=0.0000, time=39.63s.
-- 550/592 [92.9%], loss=0.7869, dgw=0.7869, reg=0.0000, time=42.71s.
-- 575/592 [97.1%], loss=0.7799, dgw=0.7799, reg=0.0000, time=32.18s.
-- 592/592 [100.0%], loss=0.7674, dgw=0.7674, reg=0.0000, time=22.95s.
fit: Epoch 10/15, loss = 0.8067, best loss = 0.0951
results/ENZYMES_Jin_Spectral_usl_tsne_fit_10.pdf
-- 25/592 [4.2%], loss=0.8150, dgw=0.8150, reg=0.0000, time=35.07s.
-- 50/592 [8.4%], loss=0.8084, dgw=0.8084, reg=0.0000, time=24.55s.
-- 75/592 [12.7%], loss=0.7646, dgw=0.7646, reg=0.0000, time=29.35s.
-- 100/592 [16.9%], loss=0.7587, dgw=0.7587, reg=0.0000, time=37.30s.
-- 125/592 [21.1%], loss=0.8185, dgw=0.8185, reg=0.0000, time=43.48s.
-- 150/592 [25.3%], loss=0.7740, dgw=0.7740, reg=0.0000, time=33.68s.
-- 175/592 [29.6%], loss=0.7465, dgw=0.7465, reg=0.0000, time=29.31s.
-- 200/592 [33.8%], loss=0.7087, dgw=0.7087, reg=0.0000, time=26.83s.
-- 225/592 [38.0%], loss=0.7657, dgw=0.7657, reg=0.0000, time=40.66s.
-- 250/592 [42.2%], loss=0.8062, dgw=0.8062, reg=0.0000, time=32.93s.
-- 275/592 [46.5%], loss=0.7369, dgw=0.7369, reg=0.0000, time=40.85s.
-- 300/592 [50.7%], loss=0.6980, dgw=0.6980, reg=0.0000, time=52.74s.
-- 325/592 [54.9%], loss=0.7725, dgw=0.7725, reg=0.0000, time=29.03s.
-- 350/592 [59.1%], loss=0.7927, dgw=0.7927, reg=0.0000, time=44.38s.
-- 375/592 [63.3%], loss=0.7304, dgw=0.7304, reg=0.0000, time=32.68s.
-- 400/592 [67.6%], loss=0.7093, dgw=0.7093, reg=0.0000, time=27.48s.
-- 425/592 [71.8%], loss=0.7040, dgw=0.7040, reg=0.0000, time=37.02s.
-- 450/592 [76.0%], loss=0.7822, dgw=0.7822, reg=0.0000, time=33.15s.
-- 475/592 [80.2%], loss=0.6975, dgw=0.6975, reg=0.0000, time=34.62s.
-- 500/592 [84.5%], loss=0.7559, dgw=0.7559, reg=0.0000, time=43.78s.
-- 525/592 [88.7%], loss=0.8136, dgw=0.8136, reg=0.0000, time=41.32s.
-- 550/592 [92.9%], loss=0.7266, dgw=0.7266, reg=0.0000, time=39.88s.
-- 575/592 [97.1%], loss=0.7412, dgw=0.7412, reg=0.0000, time=39.97s.
-- 592/592 [100.0%], loss=0.7306, dgw=0.7306, reg=0.0000, time=24.28s.
fit: Epoch 11/15, loss = 0.7569, best loss = 0.0951
results/ENZYMES_Jin_Spectral_usl_tsne_fit_11.pdf
-- 25/592 [4.2%], loss=0.7689, dgw=0.7689, reg=0.0000, time=38.49s.
-- 50/592 [8.4%], loss=0.7775, dgw=0.7775, reg=0.0000, time=37.03s.
-- 75/592 [12.7%], loss=0.7455, dgw=0.7455, reg=0.0000, time=39.22s.
-- 100/592 [16.9%], loss=0.7129, dgw=0.7129, reg=0.0000, time=41.58s.
-- 125/592 [21.1%], loss=0.7288, dgw=0.7288, reg=0.0000, time=37.43s.
-- 150/592 [25.3%], loss=0.6831, dgw=0.6831, reg=0.0000, time=42.75s.
-- 175/592 [29.6%], loss=0.7428, dgw=0.7428, reg=0.0000, time=44.67s.
-- 200/592 [33.8%], loss=0.7838, dgw=0.7838, reg=0.0000, time=38.10s.
-- 225/592 [38.0%], loss=0.7768, dgw=0.7768, reg=0.0000, time=40.59s.
-- 250/592 [42.2%], loss=0.7196, dgw=0.7196, reg=0.0000, time=37.77s.
-- 275/592 [46.5%], loss=0.7291, dgw=0.7291, reg=0.0000, time=25.55s.
-- 300/592 [50.7%], loss=0.7700, dgw=0.7700, reg=0.0000, time=38.85s.
-- 325/592 [54.9%], loss=0.7787, dgw=0.7787, reg=0.0000, time=44.31s.
-- 350/592 [59.1%], loss=0.7623, dgw=0.7623, reg=0.0000, time=44.43s.
-- 375/592 [63.3%], loss=0.6939, dgw=0.6939, reg=0.0000, time=33.53s.
-- 400/592 [67.6%], loss=0.7861, dgw=0.7861, reg=0.0000, time=32.91s.
-- 425/592 [71.8%], loss=0.7548, dgw=0.7548, reg=0.0000, time=33.94s.
-- 450/592 [76.0%], loss=0.8061, dgw=0.8061, reg=0.0000, time=30.03s.
-- 475/592 [80.2%], loss=0.7754, dgw=0.7754, reg=0.0000, time=38.85s.
-- 500/592 [84.5%], loss=0.6946, dgw=0.6946, reg=0.0000, time=42.44s.
-- 525/592 [88.7%], loss=0.7704, dgw=0.7704, reg=0.0000, time=43.56s.
-- 550/592 [92.9%], loss=0.7365, dgw=0.7365, reg=0.0000, time=33.72s.
-- 575/592 [97.1%], loss=0.7718, dgw=0.7718, reg=0.0000, time=39.17s.
-- 592/592 [100.0%], loss=0.6121, dgw=0.6121, reg=0.0000, time=20.86s.
fit: Epoch 12/15, loss = 0.7469, best loss = 0.0951
results/ENZYMES_Jin_Spectral_usl_tsne_fit_12.pdf
-- 25/592 [4.2%], loss=0.6770, dgw=0.6770, reg=0.0000, time=38.17s.
-- 50/592 [8.4%], loss=0.6450, dgw=0.6450, reg=0.0000, time=38.70s.
-- 75/592 [12.7%], loss=0.6050, dgw=0.6050, reg=0.0000, time=25.81s.
-- 100/592 [16.9%], loss=0.6143, dgw=0.6143, reg=0.0000, time=31.14s.
-- 125/592 [21.1%], loss=0.5550, dgw=0.5550, reg=0.0000, time=39.01s.
-- 150/592 [25.3%], loss=0.5496, dgw=0.5496, reg=0.0000, time=35.17s.
-- 175/592 [29.6%], loss=0.5772, dgw=0.5772, reg=0.0000, time=31.16s.
-- 200/592 [33.8%], loss=0.5616, dgw=0.5616, reg=0.0000, time=29.87s.
-- 225/592 [38.0%], loss=0.6122, dgw=0.6122, reg=0.0000, time=38.34s.
-- 250/592 [42.2%], loss=0.5436, dgw=0.5436, reg=0.0000, time=34.65s.
-- 275/592 [46.5%], loss=0.5206, dgw=0.5206, reg=0.0000, time=36.08s.
-- 300/592 [50.7%], loss=0.5784, dgw=0.5784, reg=0.0000, time=40.69s.
-- 325/592 [54.9%], loss=0.6036, dgw=0.6036, reg=0.0000, time=29.55s.
-- 350/592 [59.1%], loss=0.5825, dgw=0.5825, reg=0.0000, time=46.56s.
-- 375/592 [63.3%], loss=0.6184, dgw=0.6184, reg=0.0000, time=41.86s.
-- 400/592 [67.6%], loss=0.6192, dgw=0.6192, reg=0.0000, time=26.97s.
-- 425/592 [71.8%], loss=0.5914, dgw=0.5914, reg=0.0000, time=35.97s.
-- 450/592 [76.0%], loss=0.5656, dgw=0.5656, reg=0.0000, time=32.13s.
-- 475/592 [80.2%], loss=0.6595, dgw=0.6595, reg=0.0000, time=38.08s.
-- 500/592 [84.5%], loss=0.6162, dgw=0.6162, reg=0.0000, time=44.79s.
-- 525/592 [88.7%], loss=0.6267, dgw=0.6267, reg=0.0000, time=39.94s.
-- 550/592 [92.9%], loss=0.5719, dgw=0.5719, reg=0.0000, time=37.23s.
-- 575/592 [97.1%], loss=0.6218, dgw=0.6218, reg=0.0000, time=46.36s.
-- 592/592 [100.0%], loss=0.6109, dgw=0.6109, reg=0.0000, time=32.24s.
fit: Epoch 13/15, loss = 0.5968, best loss = 0.0951
results/ENZYMES_Jin_Spectral_usl_tsne_fit_13.pdf
-- 25/592 [4.2%], loss=0.6852, dgw=0.6852, reg=0.0000, time=20.30s.
-- 50/592 [8.4%], loss=0.6456, dgw=0.6456, reg=0.0000, time=30.06s.
-- 75/592 [12.7%], loss=0.6679, dgw=0.6679, reg=0.0000, time=35.72s.
-- 100/592 [16.9%], loss=0.6624, dgw=0.6624, reg=0.0000, time=37.85s.
-- 125/592 [21.1%], loss=0.6787, dgw=0.6787, reg=0.0000, time=29.56s.
-- 150/592 [25.3%], loss=0.7256, dgw=0.7256, reg=0.0000, time=28.63s.
-- 175/592 [29.6%], loss=0.6946, dgw=0.6946, reg=0.0000, time=32.18s.
-- 200/592 [33.8%], loss=0.7093, dgw=0.7093, reg=0.0000, time=28.69s.
-- 225/592 [38.0%], loss=0.6934, dgw=0.6934, reg=0.0000, time=35.98s.
-- 250/592 [42.2%], loss=0.7654, dgw=0.7654, reg=0.0000, time=32.68s.
-- 275/592 [46.5%], loss=0.7162, dgw=0.7162, reg=0.0000, time=33.47s.
-- 300/592 [50.7%], loss=0.7935, dgw=0.7935, reg=0.0000, time=28.48s.
-- 325/592 [54.9%], loss=0.7173, dgw=0.7173, reg=0.0000, time=31.35s.
-- 350/592 [59.1%], loss=0.7366, dgw=0.7366, reg=0.0000, time=30.28s.
-- 375/592 [63.3%], loss=0.7394, dgw=0.7394, reg=0.0000, time=33.66s.
-- 400/592 [67.6%], loss=0.7325, dgw=0.7325, reg=0.0000, time=42.38s.
-- 425/592 [71.8%], loss=0.7723, dgw=0.7723, reg=0.0000, time=31.28s.
-- 450/592 [76.0%], loss=0.7796, dgw=0.7796, reg=0.0000, time=37.73s.
-- 475/592 [80.2%], loss=0.8008, dgw=0.8008, reg=0.0000, time=39.29s.
-- 500/592 [84.5%], loss=0.8315, dgw=0.8315, reg=0.0000, time=37.81s.
-- 525/592 [88.7%], loss=0.8582, dgw=0.8582, reg=0.0000, time=28.20s.
-- 550/592 [92.9%], loss=0.8391, dgw=0.8391, reg=0.0000, time=39.75s.
-- 575/592 [97.1%], loss=0.8577, dgw=0.8577, reg=0.0000, time=20.86s.
-- 592/592 [100.0%], loss=0.9019, dgw=0.9019, reg=0.0000, time=25.31s.
fit: Epoch 14/15, loss = 0.7481, best loss = 0.0951
results/ENZYMES_Jin_Spectral_usl_tsne_fit_14.pdf
-- 25/592 [4.2%], loss=0.8642, dgw=0.8642, reg=0.0000, time=28.53s.
-- 50/592 [8.4%], loss=0.8949, dgw=0.8949, reg=0.0000, time=34.66s.
-- 75/592 [12.7%], loss=0.8603, dgw=0.8603, reg=0.0000, time=32.51s.
-- 100/592 [16.9%], loss=0.9135, dgw=0.9135, reg=0.0000, time=43.34s.
-- 125/592 [21.1%], loss=0.9543, dgw=0.9543, reg=0.0000, time=37.63s.
-- 150/592 [25.3%], loss=0.8947, dgw=0.8947, reg=0.0000, time=35.85s.
-- 175/592 [29.6%], loss=0.9009, dgw=0.9009, reg=0.0000, time=38.28s.
-- 200/592 [33.8%], loss=0.9345, dgw=0.9345, reg=0.0000, time=38.06s.
-- 225/592 [38.0%], loss=0.9258, dgw=0.9258, reg=0.0000, time=31.16s.
-- 250/592 [42.2%], loss=0.9482, dgw=0.9482, reg=0.0000, time=39.69s.
-- 275/592 [46.5%], loss=0.9305, dgw=0.9305, reg=0.0000, time=39.48s.
-- 300/592 [50.7%], loss=0.9405, dgw=0.9405, reg=0.0000, time=34.02s.
-- 325/592 [54.9%], loss=0.9165, dgw=0.9165, reg=0.0000, time=33.93s.
-- 350/592 [59.1%], loss=0.9298, dgw=0.9298, reg=0.0000, time=33.74s.
-- 375/592 [63.3%], loss=0.9013, dgw=0.9013, reg=0.0000, time=32.01s.
-- 400/592 [67.6%], loss=0.9335, dgw=0.9335, reg=0.0000, time=19.56s.
-- 425/592 [71.8%], loss=0.9135, dgw=0.9135, reg=0.0000, time=34.17s.
-- 450/592 [76.0%], loss=0.9220, dgw=0.9220, reg=0.0000, time=31.40s.
-- 475/592 [80.2%], loss=0.9536, dgw=0.9536, reg=0.0000, time=37.09s.
-- 500/592 [84.5%], loss=0.9499, dgw=0.9499, reg=0.0000, time=26.43s.
-- 525/592 [88.7%], loss=0.9653, dgw=0.9653, reg=0.0000, time=27.51s.
-- 550/592 [92.9%], loss=0.9447, dgw=0.9447, reg=0.0000, time=32.11s.
-- 575/592 [97.1%], loss=0.9357, dgw=0.9357, reg=0.0000, time=32.58s.
-- 592/592 [100.0%], loss=0.9568, dgw=0.9568, reg=0.0000, time=33.19s.
fit: Epoch 15/15, loss = 0.9239, best loss = 0.0951
results/ENZYMES_Jin_Spectral_usl_tsne_fit_15.pdf
Rand Score: 0.723664654502218
Done!
