-- 25/344 [7.3%], loss=0.2581, dgw=0.2581, reg=0.0000, time=24.75s.
-- 50/344 [14.5%], loss=0.2602, dgw=0.2602, reg=0.0000, time=23.57s.
-- 75/344 [21.8%], loss=0.2521, dgw=0.2521, reg=0.0000, time=16.89s.
-- 100/344 [29.1%], loss=0.2505, dgw=0.2505, reg=0.0000, time=19.27s.
-- 125/344 [36.3%], loss=0.2562, dgw=0.2562, reg=0.0000, time=17.73s.
-- 150/344 [43.6%], loss=0.2490, dgw=0.2490, reg=0.0000, time=23.72s.
-- 175/344 [50.9%], loss=0.2511, dgw=0.2511, reg=0.0000, time=25.13s.
-- 200/344 [58.1%], loss=0.2451, dgw=0.2451, reg=0.0000, time=38.83s.
-- 225/344 [65.4%], loss=0.2462, dgw=0.2462, reg=0.0000, time=48.37s.
-- 250/344 [72.7%], loss=0.2451, dgw=0.2451, reg=0.0000, time=50.53s.
-- 275/344 [79.9%], loss=0.2422, dgw=0.2422, reg=0.0000, time=47.97s.
-- 300/344 [87.2%], loss=0.2390, dgw=0.2390, reg=0.0000, time=42.11s.
-- 325/344 [94.5%], loss=0.2388, dgw=0.2388, reg=0.0000, time=38.19s.
-- 344/344 [100.0%], loss=0.2381, dgw=0.2381, reg=0.0000, time=43.64s.
fit: Epoch 1/15, loss = 0.2482, best loss = 0.2482
results/PTC_MR_Original_usl_tsne_fit_1.pdf
-- 25/344 [7.3%], loss=0.2362, dgw=0.2362, reg=0.0000, time=43.65s.
-- 50/344 [14.5%], loss=0.2327, dgw=0.2327, reg=0.0000, time=51.24s.
-- 75/344 [21.8%], loss=0.2307, dgw=0.2307, reg=0.0000, time=70.77s.
-- 100/344 [29.1%], loss=0.2277, dgw=0.2277, reg=0.0000, time=44.95s.
-- 125/344 [36.3%], loss=0.2268, dgw=0.2268, reg=0.0000, time=35.37s.
-- 150/344 [43.6%], loss=0.2302, dgw=0.2302, reg=0.0000, time=63.97s.
-- 175/344 [50.9%], loss=0.2245, dgw=0.2245, reg=0.0000, time=71.62s.
-- 200/344 [58.1%], loss=0.2196, dgw=0.2196, reg=0.0000, time=44.21s.
-- 225/344 [65.4%], loss=0.2241, dgw=0.2241, reg=0.0000, time=61.74s.
-- 250/344 [72.7%], loss=0.2210, dgw=0.2210, reg=0.0000, time=54.26s.
-- 275/344 [79.9%], loss=0.2171, dgw=0.2171, reg=0.0000, time=58.73s.
-- 300/344 [87.2%], loss=0.2188, dgw=0.2188, reg=0.0000, time=43.66s.
-- 325/344 [94.5%], loss=0.2185, dgw=0.2185, reg=0.0000, time=50.52s.
-- 344/344 [100.0%], loss=0.2164, dgw=0.2164, reg=0.0000, time=42.82s.
fit: Epoch 2/15, loss = 0.2247, best loss = 0.2247
results/PTC_MR_Original_usl_tsne_fit_2.pdf
-- 25/344 [7.3%], loss=0.2123, dgw=0.2123, reg=0.0000, time=61.62s.
-- 50/344 [14.5%], loss=0.2167, dgw=0.2167, reg=0.0000, time=44.17s.
-- 75/344 [21.8%], loss=0.2119, dgw=0.2119, reg=0.0000, time=60.19s.
-- 100/344 [29.1%], loss=0.2071, dgw=0.2071, reg=0.0000, time=52.24s.
-- 125/344 [36.3%], loss=0.2114, dgw=0.2114, reg=0.0000, time=68.42s.
-- 150/344 [43.6%], loss=0.2030, dgw=0.2030, reg=0.0000, time=66.47s.
-- 175/344 [50.9%], loss=0.2060, dgw=0.2060, reg=0.0000, time=48.25s.
-- 200/344 [58.1%], loss=0.2038, dgw=0.2038, reg=0.0000, time=41.07s.
-- 225/344 [65.4%], loss=0.1991, dgw=0.1991, reg=0.0000, time=62.84s.
-- 250/344 [72.7%], loss=0.1982, dgw=0.1982, reg=0.0000, time=69.43s.
-- 275/344 [79.9%], loss=0.1975, dgw=0.1975, reg=0.0000, time=62.04s.
-- 300/344 [87.2%], loss=0.1968, dgw=0.1968, reg=0.0000, time=75.43s.
-- 325/344 [94.5%], loss=0.2004, dgw=0.2004, reg=0.0000, time=73.17s.
-- 344/344 [100.0%], loss=0.1922, dgw=0.1922, reg=0.0000, time=42.66s.
fit: Epoch 3/15, loss = 0.2042, best loss = 0.2042
results/PTC_MR_Original_usl_tsne_fit_3.pdf
-- 25/344 [7.3%], loss=0.1947, dgw=0.1947, reg=0.0000, time=58.30s.
-- 50/344 [14.5%], loss=0.1886, dgw=0.1886, reg=0.0000, time=61.24s.
-- 75/344 [21.8%], loss=0.1867, dgw=0.1867, reg=0.0000, time=57.83s.
-- 100/344 [29.1%], loss=0.1934, dgw=0.1934, reg=0.0000, time=74.35s.
-- 125/344 [36.3%], loss=0.1924, dgw=0.1924, reg=0.0000, time=61.65s.
-- 150/344 [43.6%], loss=0.1864, dgw=0.1864, reg=0.0000, time=53.82s.
-- 175/344 [50.9%], loss=0.1848, dgw=0.1848, reg=0.0000, time=24.10s.
-- 200/344 [58.1%], loss=0.1907, dgw=0.1907, reg=0.0000, time=44.90s.
-- 225/344 [65.4%], loss=0.1788, dgw=0.1788, reg=0.0000, time=34.58s.
-- 250/344 [72.7%], loss=0.1807, dgw=0.1807, reg=0.0000, time=53.11s.
-- 275/344 [79.9%], loss=0.1822, dgw=0.1822, reg=0.0000, time=49.76s.
-- 300/344 [87.2%], loss=0.1795, dgw=0.1795, reg=0.0000, time=58.46s.
-- 325/344 [94.5%], loss=0.1858, dgw=0.1858, reg=0.0000, time=62.74s.
-- 344/344 [100.0%], loss=0.1885, dgw=0.1885, reg=0.0000, time=44.44s.
fit: Epoch 4/15, loss = 0.1866, best loss = 0.1866
results/PTC_MR_Original_usl_tsne_fit_4.pdf
-- 25/344 [7.3%], loss=0.1775, dgw=0.1775, reg=0.0000, time=43.56s.
-- 50/344 [14.5%], loss=0.1811, dgw=0.1811, reg=0.0000, time=47.14s.
-- 75/344 [21.8%], loss=0.1819, dgw=0.1819, reg=0.0000, time=61.84s.
-- 100/344 [29.1%], loss=0.1766, dgw=0.1766, reg=0.0000, time=56.02s.
-- 125/344 [36.3%], loss=0.1719, dgw=0.1719, reg=0.0000, time=52.15s.
-- 150/344 [43.6%], loss=0.1669, dgw=0.1669, reg=0.0000, time=53.09s.
-- 175/344 [50.9%], loss=0.1677, dgw=0.1677, reg=0.0000, time=52.30s.
-- 200/344 [58.1%], loss=0.1714, dgw=0.1714, reg=0.0000, time=28.68s.
-- 225/344 [65.4%], loss=0.1661, dgw=0.1661, reg=0.0000, time=63.99s.
-- 250/344 [72.7%], loss=0.1731, dgw=0.1731, reg=0.0000, time=64.33s.
-- 275/344 [79.9%], loss=0.1611, dgw=0.1611, reg=0.0000, time=51.84s.
-- 300/344 [87.2%], loss=0.1724, dgw=0.1724, reg=0.0000, time=48.52s.
-- 325/344 [94.5%], loss=0.1679, dgw=0.1679, reg=0.0000, time=62.47s.
-- 344/344 [100.0%], loss=0.1578, dgw=0.1578, reg=0.0000, time=46.08s.
fit: Epoch 5/15, loss = 0.1712, best loss = 0.1712
results/PTC_MR_Original_usl_tsne_fit_5.pdf
-- 25/344 [7.3%], loss=0.1592, dgw=0.1592, reg=0.0000, time=45.76s.
-- 50/344 [14.5%], loss=0.1594, dgw=0.1594, reg=0.0000, time=33.38s.
-- 75/344 [21.8%], loss=0.1569, dgw=0.1569, reg=0.0000, time=42.42s.
-- 100/344 [29.1%], loss=0.1551, dgw=0.1551, reg=0.0000, time=55.87s.
-- 125/344 [36.3%], loss=0.1614, dgw=0.1614, reg=0.0000, time=60.53s.
-- 150/344 [43.6%], loss=0.1627, dgw=0.1627, reg=0.0000, time=49.51s.
-- 175/344 [50.9%], loss=0.1646, dgw=0.1646, reg=0.0000, time=30.78s.
-- 200/344 [58.1%], loss=0.1604, dgw=0.1604, reg=0.0000, time=54.94s.
-- 225/344 [65.4%], loss=0.1640, dgw=0.1640, reg=0.0000, time=58.56s.
-- 250/344 [72.7%], loss=0.1589, dgw=0.1589, reg=0.0000, time=53.23s.
-- 275/344 [79.9%], loss=0.1500, dgw=0.1500, reg=0.0000, time=54.20s.
-- 300/344 [87.2%], loss=0.1528, dgw=0.1528, reg=0.0000, time=49.44s.
-- 325/344 [94.5%], loss=0.1497, dgw=0.1497, reg=0.0000, time=39.74s.
-- 344/344 [100.0%], loss=0.1602, dgw=0.1602, reg=0.0000, time=36.01s.
fit: Epoch 6/15, loss = 0.1582, best loss = 0.1582
results/PTC_MR_Original_usl_tsne_fit_6.pdf
-- 25/344 [7.3%], loss=0.1466, dgw=0.1466, reg=0.0000, time=67.27s.
-- 50/344 [14.5%], loss=0.1452, dgw=0.1452, reg=0.0000, time=73.02s.
-- 75/344 [21.8%], loss=0.1457, dgw=0.1457, reg=0.0000, time=52.77s.
-- 100/344 [29.1%], loss=0.1436, dgw=0.1436, reg=0.0000, time=66.31s.
-- 125/344 [36.3%], loss=0.1414, dgw=0.1414, reg=0.0000, time=49.30s.
-- 150/344 [43.6%], loss=0.1531, dgw=0.1531, reg=0.0000, time=41.79s.
-- 175/344 [50.9%], loss=0.1426, dgw=0.1426, reg=0.0000, time=33.72s.
-- 200/344 [58.1%], loss=0.1472, dgw=0.1472, reg=0.0000, time=59.04s.
-- 225/344 [65.4%], loss=0.1517, dgw=0.1517, reg=0.0000, time=61.76s.
-- 250/344 [72.7%], loss=0.1470, dgw=0.1470, reg=0.0000, time=47.23s.
-- 275/344 [79.9%], loss=0.1430, dgw=0.1430, reg=0.0000, time=54.51s.
-- 300/344 [87.2%], loss=0.1597, dgw=0.1597, reg=0.0000, time=61.16s.
-- 325/344 [94.5%], loss=0.1503, dgw=0.1503, reg=0.0000, time=55.15s.
-- 344/344 [100.0%], loss=0.1397, dgw=0.1397, reg=0.0000, time=37.10s.
fit: Epoch 7/15, loss = 0.1470, best loss = 0.1470
results/PTC_MR_Original_usl_tsne_fit_7.pdf
-- 25/344 [7.3%], loss=0.1417, dgw=0.1417, reg=0.0000, time=55.01s.
-- 50/344 [14.5%], loss=0.1448, dgw=0.1448, reg=0.0000, time=55.11s.
-- 75/344 [21.8%], loss=0.1389, dgw=0.1389, reg=0.0000, time=56.82s.
-- 100/344 [29.1%], loss=0.1359, dgw=0.1359, reg=0.0000, time=62.91s.
-- 125/344 [36.3%], loss=0.1479, dgw=0.1479, reg=0.0000, time=60.32s.
-- 150/344 [43.6%], loss=0.1447, dgw=0.1447, reg=0.0000, time=57.81s.
-- 175/344 [50.9%], loss=0.1493, dgw=0.1493, reg=0.0000, time=53.35s.
-- 200/344 [58.1%], loss=0.1568, dgw=0.1568, reg=0.0000, time=61.36s.
-- 225/344 [65.4%], loss=0.1446, dgw=0.1446, reg=0.0000, time=62.95s.
-- 250/344 [72.7%], loss=0.1320, dgw=0.1320, reg=0.0000, time=47.69s.
-- 275/344 [79.9%], loss=0.1385, dgw=0.1385, reg=0.0000, time=44.56s.
-- 300/344 [87.2%], loss=0.1393, dgw=0.1393, reg=0.0000, time=48.92s.
-- 325/344 [94.5%], loss=0.1371, dgw=0.1371, reg=0.0000, time=46.96s.
-- 344/344 [100.0%], loss=0.1328, dgw=0.1328, reg=0.0000, time=45.84s.
fit: Epoch 8/15, loss = 0.1419, best loss = 0.1419
results/PTC_MR_Original_usl_tsne_fit_8.pdf
-- 25/344 [7.3%], loss=0.1350, dgw=0.1350, reg=0.0000, time=35.05s.
-- 50/344 [14.5%], loss=0.1353, dgw=0.1353, reg=0.0000, time=65.31s.
-- 75/344 [21.8%], loss=0.1304, dgw=0.1304, reg=0.0000, time=60.35s.
-- 100/344 [29.1%], loss=0.1238, dgw=0.1238, reg=0.0000, time=42.71s.
-- 125/344 [36.3%], loss=0.1326, dgw=0.1326, reg=0.0000, time=41.53s.
-- 150/344 [43.6%], loss=0.1351, dgw=0.1351, reg=0.0000, time=47.08s.
-- 175/344 [50.9%], loss=0.1220, dgw=0.1220, reg=0.0000, time=51.21s.
-- 200/344 [58.1%], loss=0.1258, dgw=0.1258, reg=0.0000, time=57.24s.
-- 225/344 [65.4%], loss=0.1346, dgw=0.1346, reg=0.0000, time=36.06s.
-- 250/344 [72.7%], loss=0.1339, dgw=0.1339, reg=0.0000, time=28.23s.
-- 275/344 [79.9%], loss=0.1325, dgw=0.1325, reg=0.0000, time=59.12s.
-- 300/344 [87.2%], loss=0.1237, dgw=0.1237, reg=0.0000, time=43.49s.
-- 325/344 [94.5%], loss=0.1203, dgw=0.1203, reg=0.0000, time=54.77s.
-- 344/344 [100.0%], loss=0.1242, dgw=0.1242, reg=0.0000, time=25.98s.
fit: Epoch 9/15, loss = 0.1293, best loss = 0.1293
results/PTC_MR_Original_usl_tsne_fit_9.pdf
-- 25/344 [7.3%], loss=0.1285, dgw=0.1285, reg=0.0000, time=41.34s.
-- 50/344 [14.5%], loss=0.1355, dgw=0.1355, reg=0.0000, time=59.14s.
-- 75/344 [21.8%], loss=0.1305, dgw=0.1305, reg=0.0000, time=56.95s.
-- 100/344 [29.1%], loss=0.1197, dgw=0.1197, reg=0.0000, time=45.06s.
-- 125/344 [36.3%], loss=0.1217, dgw=0.1217, reg=0.0000, time=41.16s.
-- 150/344 [43.6%], loss=0.1280, dgw=0.1280, reg=0.0000, time=41.05s.
-- 175/344 [50.9%], loss=0.1170, dgw=0.1170, reg=0.0000, time=38.93s.
-- 200/344 [58.1%], loss=0.1204, dgw=0.1204, reg=0.0000, time=40.90s.
-- 225/344 [65.4%], loss=0.1270, dgw=0.1270, reg=0.0000, time=46.70s.
-- 250/344 [72.7%], loss=0.1112, dgw=0.1112, reg=0.0000, time=39.04s.
-- 275/344 [79.9%], loss=0.1206, dgw=0.1206, reg=0.0000, time=39.41s.
-- 300/344 [87.2%], loss=0.1176, dgw=0.1176, reg=0.0000, time=32.32s.
-- 325/344 [94.5%], loss=0.1171, dgw=0.1171, reg=0.0000, time=38.01s.
-- 344/344 [100.0%], loss=0.1200, dgw=0.1200, reg=0.0000, time=44.78s.
fit: Epoch 10/15, loss = 0.1225, best loss = 0.1225
results/PTC_MR_Original_usl_tsne_fit_10.pdf
-- 25/344 [7.3%], loss=0.1184, dgw=0.1184, reg=0.0000, time=50.59s.
-- 50/344 [14.5%], loss=0.1167, dgw=0.1167, reg=0.0000, time=57.52s.
-- 75/344 [21.8%], loss=0.1252, dgw=0.1252, reg=0.0000, time=32.01s.
-- 100/344 [29.1%], loss=0.1118, dgw=0.1118, reg=0.0000, time=38.73s.
-- 125/344 [36.3%], loss=0.1110, dgw=0.1110, reg=0.0000, time=33.25s.
-- 150/344 [43.6%], loss=0.1178, dgw=0.1178, reg=0.0000, time=54.44s.
-- 175/344 [50.9%], loss=0.1272, dgw=0.1272, reg=0.0000, time=51.81s.
-- 200/344 [58.1%], loss=0.1245, dgw=0.1245, reg=0.0000, time=39.92s.
-- 225/344 [65.4%], loss=0.1328, dgw=0.1328, reg=0.0000, time=58.56s.
-- 250/344 [72.7%], loss=0.1126, dgw=0.1126, reg=0.0000, time=36.83s.
-- 275/344 [79.9%], loss=0.1239, dgw=0.1239, reg=0.0000, time=41.28s.
-- 300/344 [87.2%], loss=0.1118, dgw=0.1118, reg=0.0000, time=42.97s.
-- 325/344 [94.5%], loss=0.1126, dgw=0.1126, reg=0.0000, time=48.20s.
-- 344/344 [100.0%], loss=0.1174, dgw=0.1174, reg=0.0000, time=36.85s.
fit: Epoch 11/15, loss = 0.1189, best loss = 0.1189
results/PTC_MR_Original_usl_tsne_fit_11.pdf
-- 25/344 [7.3%], loss=0.1191, dgw=0.1191, reg=0.0000, time=35.94s.
-- 50/344 [14.5%], loss=0.1211, dgw=0.1211, reg=0.0000, time=27.92s.
-- 75/344 [21.8%], loss=0.1118, dgw=0.1118, reg=0.0000, time=37.63s.
-- 100/344 [29.1%], loss=0.1125, dgw=0.1125, reg=0.0000, time=23.49s.
-- 125/344 [36.3%], loss=0.1133, dgw=0.1133, reg=0.0000, time=51.48s.
-- 150/344 [43.6%], loss=0.1181, dgw=0.1181, reg=0.0000, time=51.48s.
-- 175/344 [50.9%], loss=0.1056, dgw=0.1056, reg=0.0000, time=33.80s.
-- 200/344 [58.1%], loss=0.1028, dgw=0.1028, reg=0.0000, time=50.24s.
-- 225/344 [65.4%], loss=0.0955, dgw=0.0955, reg=0.0000, time=47.03s.
-- 250/344 [72.7%], loss=0.1093, dgw=0.1093, reg=0.0000, time=38.51s.
-- 275/344 [79.9%], loss=0.1167, dgw=0.1167, reg=0.0000, time=42.52s.
-- 300/344 [87.2%], loss=0.1111, dgw=0.1111, reg=0.0000, time=38.85s.
-- 325/344 [94.5%], loss=0.1110, dgw=0.1110, reg=0.0000, time=28.65s.
-- 344/344 [100.0%], loss=0.1049, dgw=0.1049, reg=0.0000, time=36.15s.
fit: Epoch 12/15, loss = 0.1110, best loss = 0.1110
results/PTC_MR_Original_usl_tsne_fit_12.pdf
-- 25/344 [7.3%], loss=0.1015, dgw=0.1015, reg=0.0000, time=35.57s.
-- 50/344 [14.5%], loss=0.1153, dgw=0.1153, reg=0.0000, time=44.22s.
-- 75/344 [21.8%], loss=0.1050, dgw=0.1050, reg=0.0000, time=42.99s.
-- 100/344 [29.1%], loss=0.1084, dgw=0.1084, reg=0.0000, time=37.26s.
-- 125/344 [36.3%], loss=0.1034, dgw=0.1034, reg=0.0000, time=32.09s.
-- 150/344 [43.6%], loss=0.1129, dgw=0.1129, reg=0.0000, time=38.51s.
-- 175/344 [50.9%], loss=0.1026, dgw=0.1026, reg=0.0000, time=24.46s.
-- 200/344 [58.1%], loss=0.1033, dgw=0.1033, reg=0.0000, time=38.62s.
-- 225/344 [65.4%], loss=0.0981, dgw=0.0981, reg=0.0000, time=42.26s.
-- 250/344 [72.7%], loss=0.1082, dgw=0.1082, reg=0.0000, time=46.77s.
-- 275/344 [79.9%], loss=0.1023, dgw=0.1023, reg=0.0000, time=42.43s.
-- 300/344 [87.2%], loss=0.1112, dgw=0.1112, reg=0.0000, time=36.55s.
-- 325/344 [94.5%], loss=0.1106, dgw=0.1106, reg=0.0000, time=38.65s.
-- 344/344 [100.0%], loss=0.1091, dgw=0.1091, reg=0.0000, time=44.11s.
fit: Epoch 13/15, loss = 0.1065, best loss = 0.1065
results/PTC_MR_Original_usl_tsne_fit_13.pdf
-- 25/344 [7.3%], loss=0.1044, dgw=0.1044, reg=0.0000, time=42.36s.
-- 50/344 [14.5%], loss=0.0993, dgw=0.0993, reg=0.0000, time=44.82s.
-- 75/344 [21.8%], loss=0.0978, dgw=0.0978, reg=0.0000, time=38.11s.
-- 100/344 [29.1%], loss=0.1052, dgw=0.1052, reg=0.0000, time=36.89s.
-- 125/344 [36.3%], loss=0.1189, dgw=0.1189, reg=0.0000, time=40.58s.
-- 150/344 [43.6%], loss=0.1108, dgw=0.1108, reg=0.0000, time=45.21s.
-- 175/344 [50.9%], loss=0.1005, dgw=0.1005, reg=0.0000, time=37.14s.
-- 200/344 [58.1%], loss=0.1060, dgw=0.1060, reg=0.0000, time=32.02s.
-- 225/344 [65.4%], loss=0.1037, dgw=0.1037, reg=0.0000, time=51.36s.
-- 250/344 [72.7%], loss=0.1015, dgw=0.1015, reg=0.0000, time=48.53s.
-- 275/344 [79.9%], loss=0.0971, dgw=0.0971, reg=0.0000, time=39.84s.
-- 300/344 [87.2%], loss=0.0937, dgw=0.0937, reg=0.0000, time=48.86s.
-- 325/344 [94.5%], loss=0.1054, dgw=0.1054, reg=0.0000, time=43.61s.
-- 344/344 [100.0%], loss=0.0843, dgw=0.0843, reg=0.0000, time=35.54s.
fit: Epoch 14/15, loss = 0.1024, best loss = 0.1024
results/PTC_MR_Original_usl_tsne_fit_14.pdf
-- 25/344 [7.3%], loss=0.1046, dgw=0.1046, reg=0.0000, time=24.44s.
-- 50/344 [14.5%], loss=0.0927, dgw=0.0927, reg=0.0000, time=30.54s.
-- 75/344 [21.8%], loss=0.0919, dgw=0.0919, reg=0.0000, time=39.40s.
-- 100/344 [29.1%], loss=0.1074, dgw=0.1074, reg=0.0000, time=39.07s.
-- 125/344 [36.3%], loss=0.1019, dgw=0.1019, reg=0.0000, time=40.30s.
-- 150/344 [43.6%], loss=0.1039, dgw=0.1039, reg=0.0000, time=31.59s.
-- 175/344 [50.9%], loss=0.0962, dgw=0.0962, reg=0.0000, time=36.80s.
-- 200/344 [58.1%], loss=0.1115, dgw=0.1115, reg=0.0000, time=30.01s.
-- 225/344 [65.4%], loss=0.1089, dgw=0.1089, reg=0.0000, time=29.02s.
-- 250/344 [72.7%], loss=0.1051, dgw=0.1051, reg=0.0000, time=41.73s.
-- 275/344 [79.9%], loss=0.0833, dgw=0.0833, reg=0.0000, time=39.11s.
-- 300/344 [87.2%], loss=0.0880, dgw=0.0880, reg=0.0000, time=36.36s.
-- 325/344 [94.5%], loss=0.0962, dgw=0.0962, reg=0.0000, time=38.24s.
-- 344/344 [100.0%], loss=0.0905, dgw=0.0905, reg=0.0000, time=24.35s.
fit: Epoch 15/15, loss = 0.0989, best loss = 0.0989
results/PTC_MR_Original_usl_tsne_fit_15.pdf
Best Acc  : 0.5232558139534884
Rand Score: 0.49962709336226185
Done!
