-- 25/344 [7.3%], loss=0.2634, dgw=0.2634, reg=0.0000, time=37.24s.
-- 50/344 [14.5%], loss=0.2582, dgw=0.2582, reg=0.0000, time=36.53s.
-- 75/344 [21.8%], loss=0.2547, dgw=0.2547, reg=0.0000, time=39.75s.
-- 100/344 [29.1%], loss=0.2604, dgw=0.2604, reg=0.0000, time=48.94s.
-- 125/344 [36.3%], loss=0.2559, dgw=0.2559, reg=0.0000, time=42.62s.
-- 150/344 [43.6%], loss=0.2540, dgw=0.2540, reg=0.0000, time=38.78s.
-- 175/344 [50.9%], loss=0.2555, dgw=0.2555, reg=0.0000, time=39.23s.
-- 200/344 [58.1%], loss=0.2509, dgw=0.2509, reg=0.0000, time=64.31s.
-- 225/344 [65.4%], loss=0.2480, dgw=0.2480, reg=0.0000, time=46.44s.
-- 250/344 [72.7%], loss=0.2458, dgw=0.2458, reg=0.0000, time=45.29s.
-- 275/344 [79.9%], loss=0.2467, dgw=0.2467, reg=0.0000, time=48.63s.
-- 300/344 [87.2%], loss=0.2385, dgw=0.2385, reg=0.0000, time=45.60s.
-- 325/344 [94.5%], loss=0.2437, dgw=0.2437, reg=0.0000, time=42.85s.
-- 344/344 [100.0%], loss=0.2361, dgw=0.2361, reg=0.0000, time=30.97s.
fit: Epoch 1/15, loss = 0.2511, best loss = 0.2511
results/PTC_MR_Original_usl_tsne_fit_1.pdf
-- 25/344 [7.3%], loss=0.2340, dgw=0.2340, reg=0.0000, time=63.06s.
-- 50/344 [14.5%], loss=0.2363, dgw=0.2363, reg=0.0000, time=36.16s.
-- 75/344 [21.8%], loss=0.2367, dgw=0.2367, reg=0.0000, time=53.50s.
-- 100/344 [29.1%], loss=0.2345, dgw=0.2345, reg=0.0000, time=50.49s.
-- 125/344 [36.3%], loss=0.2339, dgw=0.2339, reg=0.0000, time=43.98s.
-- 150/344 [43.6%], loss=0.2309, dgw=0.2309, reg=0.0000, time=46.01s.
-- 175/344 [50.9%], loss=0.2278, dgw=0.2278, reg=0.0000, time=40.35s.
-- 200/344 [58.1%], loss=0.2245, dgw=0.2245, reg=0.0000, time=47.71s.
-- 225/344 [65.4%], loss=0.2242, dgw=0.2242, reg=0.0000, time=51.41s.
-- 250/344 [72.7%], loss=0.2223, dgw=0.2223, reg=0.0000, time=45.88s.
-- 275/344 [79.9%], loss=0.2227, dgw=0.2227, reg=0.0000, time=43.99s.
-- 300/344 [87.2%], loss=0.2218, dgw=0.2218, reg=0.0000, time=49.19s.
-- 325/344 [94.5%], loss=0.2194, dgw=0.2194, reg=0.0000, time=49.01s.
-- 344/344 [100.0%], loss=0.2151, dgw=0.2151, reg=0.0000, time=44.87s.
fit: Epoch 2/15, loss = 0.2276, best loss = 0.2276
results/PTC_MR_Original_usl_tsne_fit_2.pdf
-- 25/344 [7.3%], loss=0.2166, dgw=0.2166, reg=0.0000, time=46.26s.
-- 50/344 [14.5%], loss=0.2175, dgw=0.2175, reg=0.0000, time=41.96s.
-- 75/344 [21.8%], loss=0.2127, dgw=0.2127, reg=0.0000, time=57.03s.
-- 100/344 [29.1%], loss=0.2112, dgw=0.2112, reg=0.0000, time=51.71s.
-- 125/344 [36.3%], loss=0.2112, dgw=0.2112, reg=0.0000, time=47.51s.
-- 150/344 [43.6%], loss=0.2046, dgw=0.2046, reg=0.0000, time=48.46s.
-- 175/344 [50.9%], loss=0.2053, dgw=0.2053, reg=0.0000, time=30.98s.
-- 200/344 [58.1%], loss=0.2056, dgw=0.2056, reg=0.0000, time=59.60s.
-- 225/344 [65.4%], loss=0.2053, dgw=0.2053, reg=0.0000, time=62.28s.
-- 250/344 [72.7%], loss=0.2025, dgw=0.2025, reg=0.0000, time=65.40s.
-- 275/344 [79.9%], loss=0.2045, dgw=0.2045, reg=0.0000, time=56.42s.
-- 300/344 [87.2%], loss=0.1996, dgw=0.1996, reg=0.0000, time=46.67s.
-- 325/344 [94.5%], loss=0.2027, dgw=0.2027, reg=0.0000, time=47.53s.
-- 344/344 [100.0%], loss=0.2025, dgw=0.2025, reg=0.0000, time=37.54s.
fit: Epoch 3/15, loss = 0.2073, best loss = 0.2073
results/PTC_MR_Original_usl_tsne_fit_3.pdf
-- 25/344 [7.3%], loss=0.1993, dgw=0.1993, reg=0.0000, time=40.20s.
-- 50/344 [14.5%], loss=0.1982, dgw=0.1982, reg=0.0000, time=44.09s.
-- 75/344 [21.8%], loss=0.1912, dgw=0.1912, reg=0.0000, time=51.26s.
-- 100/344 [29.1%], loss=0.1945, dgw=0.1945, reg=0.0000, time=55.57s.
-- 125/344 [36.3%], loss=0.1910, dgw=0.1910, reg=0.0000, time=39.70s.
-- 150/344 [43.6%], loss=0.1890, dgw=0.1890, reg=0.0000, time=42.47s.
-- 175/344 [50.9%], loss=0.1864, dgw=0.1864, reg=0.0000, time=41.09s.
-- 200/344 [58.1%], loss=0.1887, dgw=0.1887, reg=0.0000, time=39.02s.
-- 225/344 [65.4%], loss=0.1876, dgw=0.1876, reg=0.0000, time=33.61s.
-- 250/344 [72.7%], loss=0.1853, dgw=0.1853, reg=0.0000, time=39.51s.
-- 275/344 [79.9%], loss=0.1860, dgw=0.1860, reg=0.0000, time=38.34s.
-- 300/344 [87.2%], loss=0.1846, dgw=0.1846, reg=0.0000, time=45.59s.
-- 325/344 [94.5%], loss=0.1873, dgw=0.1873, reg=0.0000, time=47.61s.
-- 344/344 [100.0%], loss=0.1853, dgw=0.1853, reg=0.0000, time=37.25s.
fit: Epoch 4/15, loss = 0.1897, best loss = 0.1897
results/PTC_MR_Original_usl_tsne_fit_4.pdf
-- 25/344 [7.3%], loss=0.1825, dgw=0.1825, reg=0.0000, time=45.15s.
-- 50/344 [14.5%], loss=0.1800, dgw=0.1800, reg=0.0000, time=50.51s.
-- 75/344 [21.8%], loss=0.1786, dgw=0.1786, reg=0.0000, time=36.52s.
-- 100/344 [29.1%], loss=0.1752, dgw=0.1752, reg=0.0000, time=52.01s.
-- 125/344 [36.3%], loss=0.1792, dgw=0.1792, reg=0.0000, time=44.30s.
-- 150/344 [43.6%], loss=0.1771, dgw=0.1771, reg=0.0000, time=41.32s.
-- 175/344 [50.9%], loss=0.1707, dgw=0.1707, reg=0.0000, time=48.61s.
-- 200/344 [58.1%], loss=0.1754, dgw=0.1754, reg=0.0000, time=39.61s.
-- 225/344 [65.4%], loss=0.1721, dgw=0.1721, reg=0.0000, time=41.45s.
-- 250/344 [72.7%], loss=0.1781, dgw=0.1781, reg=0.0000, time=42.21s.
-- 275/344 [79.9%], loss=0.1719, dgw=0.1719, reg=0.0000, time=41.25s.
-- 300/344 [87.2%], loss=0.1663, dgw=0.1663, reg=0.0000, time=32.75s.
-- 325/344 [94.5%], loss=0.1678, dgw=0.1678, reg=0.0000, time=50.15s.
-- 344/344 [100.0%], loss=0.1632, dgw=0.1632, reg=0.0000, time=42.67s.
fit: Epoch 5/15, loss = 0.1743, best loss = 0.1743
results/PTC_MR_Original_usl_tsne_fit_5.pdf
-- 25/344 [7.3%], loss=0.1607, dgw=0.1607, reg=0.0000, time=43.22s.
-- 50/344 [14.5%], loss=0.1706, dgw=0.1706, reg=0.0000, time=50.01s.
-- 75/344 [21.8%], loss=0.1709, dgw=0.1709, reg=0.0000, time=56.82s.
-- 100/344 [29.1%], loss=0.1636, dgw=0.1636, reg=0.0000, time=53.14s.
-- 125/344 [36.3%], loss=0.1695, dgw=0.1695, reg=0.0000, time=46.76s.
-- 150/344 [43.6%], loss=0.1570, dgw=0.1570, reg=0.0000, time=35.60s.
-- 175/344 [50.9%], loss=0.1614, dgw=0.1614, reg=0.0000, time=51.34s.
-- 200/344 [58.1%], loss=0.1562, dgw=0.1562, reg=0.0000, time=35.69s.
-- 225/344 [65.4%], loss=0.1616, dgw=0.1616, reg=0.0000, time=47.04s.
-- 250/344 [72.7%], loss=0.1675, dgw=0.1675, reg=0.0000, time=50.03s.
-- 275/344 [79.9%], loss=0.1592, dgw=0.1592, reg=0.0000, time=60.13s.
-- 300/344 [87.2%], loss=0.1639, dgw=0.1639, reg=0.0000, time=55.29s.
-- 325/344 [94.5%], loss=0.1719, dgw=0.1719, reg=0.0000, time=53.35s.
-- 344/344 [100.0%], loss=0.1663, dgw=0.1663, reg=0.0000, time=45.69s.
fit: Epoch 6/15, loss = 0.1643, best loss = 0.1643
results/PTC_MR_Original_usl_tsne_fit_6.pdf
-- 25/344 [7.3%], loss=0.1852, dgw=0.1852, reg=0.0000, time=37.88s.
-- 50/344 [14.5%], loss=0.1826, dgw=0.1826, reg=0.0000, time=48.21s.
-- 75/344 [21.8%], loss=0.1996, dgw=0.1996, reg=0.0000, time=45.41s.
-- 100/344 [29.1%], loss=0.2123, dgw=0.2123, reg=0.0000, time=52.55s.
-- 125/344 [36.3%], loss=0.2322, dgw=0.2322, reg=0.0000, time=56.54s.
-- 150/344 [43.6%], loss=0.2103, dgw=0.2103, reg=0.0000, time=50.93s.
-- 175/344 [50.9%], loss=0.2378, dgw=0.2378, reg=0.0000, time=40.35s.
-- 200/344 [58.1%], loss=0.2301, dgw=0.2301, reg=0.0000, time=45.30s.
-- 225/344 [65.4%], loss=0.2580, dgw=0.2580, reg=0.0000, time=57.09s.
-- 250/344 [72.7%], loss=0.1941, dgw=0.1941, reg=0.0000, time=43.29s.
-- 275/344 [79.9%], loss=0.2225, dgw=0.2225, reg=0.0000, time=38.01s.
-- 300/344 [87.2%], loss=0.2101, dgw=0.2101, reg=0.0000, time=38.09s.
-- 325/344 [94.5%], loss=0.1862, dgw=0.1862, reg=0.0000, time=49.95s.
-- 344/344 [100.0%], loss=0.1698, dgw=0.1698, reg=0.0000, time=53.18s.
fit: Epoch 7/15, loss = 0.2100, best loss = 0.1643
results/PTC_MR_Original_usl_tsne_fit_7.pdf
-- 25/344 [7.3%], loss=0.1752, dgw=0.1752, reg=0.0000, time=46.84s.
-- 50/344 [14.5%], loss=0.1745, dgw=0.1745, reg=0.0000, time=41.00s.
-- 75/344 [21.8%], loss=0.1703, dgw=0.1703, reg=0.0000, time=53.64s.
-- 100/344 [29.1%], loss=0.1609, dgw=0.1609, reg=0.0000, time=42.13s.
-- 125/344 [36.3%], loss=0.1631, dgw=0.1631, reg=0.0000, time=59.53s.
-- 150/344 [43.6%], loss=0.1649, dgw=0.1649, reg=0.0000, time=36.89s.
-- 175/344 [50.9%], loss=0.1726, dgw=0.1726, reg=0.0000, time=48.12s.
-- 200/344 [58.1%], loss=0.1592, dgw=0.1592, reg=0.0000, time=47.48s.
-- 225/344 [65.4%], loss=0.1582, dgw=0.1582, reg=0.0000, time=36.06s.
-- 250/344 [72.7%], loss=0.1467, dgw=0.1467, reg=0.0000, time=48.58s.
-- 275/344 [79.9%], loss=0.1471, dgw=0.1471, reg=0.0000, time=46.71s.
-- 300/344 [87.2%], loss=0.1504, dgw=0.1504, reg=0.0000, time=44.10s.
-- 325/344 [94.5%], loss=0.1467, dgw=0.1467, reg=0.0000, time=47.78s.
-- 344/344 [100.0%], loss=0.1421, dgw=0.1421, reg=0.0000, time=33.94s.
fit: Epoch 8/15, loss = 0.1597, best loss = 0.1597
results/PTC_MR_Original_usl_tsne_fit_8.pdf
-- 25/344 [7.3%], loss=0.1359, dgw=0.1359, reg=0.0000, time=56.03s.
-- 50/344 [14.5%], loss=0.1397, dgw=0.1397, reg=0.0000, time=50.89s.
-- 75/344 [21.8%], loss=0.1442, dgw=0.1442, reg=0.0000, time=54.98s.
-- 100/344 [29.1%], loss=0.1228, dgw=0.1228, reg=0.0000, time=57.14s.
-- 125/344 [36.3%], loss=0.1502, dgw=0.1502, reg=0.0000, time=53.87s.
-- 150/344 [43.6%], loss=0.1242, dgw=0.1242, reg=0.0000, time=51.31s.
-- 175/344 [50.9%], loss=0.1359, dgw=0.1359, reg=0.0000, time=45.67s.
-- 200/344 [58.1%], loss=0.1433, dgw=0.1433, reg=0.0000, time=41.77s.
-- 225/344 [65.4%], loss=0.1279, dgw=0.1279, reg=0.0000, time=57.97s.
-- 250/344 [72.7%], loss=0.1353, dgw=0.1353, reg=0.0000, time=29.85s.
-- 275/344 [79.9%], loss=0.1390, dgw=0.1390, reg=0.0000, time=51.93s.
-- 300/344 [87.2%], loss=0.1291, dgw=0.1291, reg=0.0000, time=65.06s.
-- 325/344 [94.5%], loss=0.1223, dgw=0.1223, reg=0.0000, time=52.34s.
-- 344/344 [100.0%], loss=0.1423, dgw=0.1423, reg=0.0000, time=28.45s.
fit: Epoch 9/15, loss = 0.1350, best loss = 0.1350
results/PTC_MR_Original_usl_tsne_fit_9.pdf
-- 25/344 [7.3%], loss=0.1386, dgw=0.1386, reg=0.0000, time=28.86s.
-- 50/344 [14.5%], loss=0.1228, dgw=0.1228, reg=0.0000, time=48.31s.
-- 75/344 [21.8%], loss=0.1292, dgw=0.1292, reg=0.0000, time=35.24s.
-- 100/344 [29.1%], loss=0.1344, dgw=0.1344, reg=0.0000, time=27.50s.
-- 125/344 [36.3%], loss=0.1330, dgw=0.1330, reg=0.0000, time=27.86s.
-- 150/344 [43.6%], loss=0.1284, dgw=0.1284, reg=0.0000, time=41.48s.
-- 175/344 [50.9%], loss=0.1185, dgw=0.1185, reg=0.0000, time=36.38s.
-- 200/344 [58.1%], loss=0.1293, dgw=0.1293, reg=0.0000, time=50.63s.
-- 225/344 [65.4%], loss=0.1295, dgw=0.1295, reg=0.0000, time=40.01s.
-- 250/344 [72.7%], loss=0.1193, dgw=0.1193, reg=0.0000, time=48.41s.
-- 275/344 [79.9%], loss=0.1278, dgw=0.1278, reg=0.0000, time=42.63s.
-- 300/344 [87.2%], loss=0.1237, dgw=0.1237, reg=0.0000, time=41.00s.
-- 325/344 [94.5%], loss=0.1286, dgw=0.1286, reg=0.0000, time=46.81s.
-- 344/344 [100.0%], loss=0.1243, dgw=0.1243, reg=0.0000, time=38.27s.
fit: Epoch 10/15, loss = 0.1277, best loss = 0.1277
results/PTC_MR_Original_usl_tsne_fit_10.pdf
-- 25/344 [7.3%], loss=0.1288, dgw=0.1288, reg=0.0000, time=42.40s.
-- 50/344 [14.5%], loss=0.1270, dgw=0.1270, reg=0.0000, time=46.13s.
-- 75/344 [21.8%], loss=0.1168, dgw=0.1168, reg=0.0000, time=44.16s.
-- 100/344 [29.1%], loss=0.1164, dgw=0.1164, reg=0.0000, time=36.02s.
-- 125/344 [36.3%], loss=0.1215, dgw=0.1215, reg=0.0000, time=39.59s.
-- 150/344 [43.6%], loss=0.1136, dgw=0.1136, reg=0.0000, time=41.57s.
-- 175/344 [50.9%], loss=0.1202, dgw=0.1202, reg=0.0000, time=31.99s.
-- 200/344 [58.1%], loss=0.1230, dgw=0.1230, reg=0.0000, time=38.95s.
-- 225/344 [65.4%], loss=0.1152, dgw=0.1152, reg=0.0000, time=49.75s.
-- 250/344 [72.7%], loss=0.1213, dgw=0.1213, reg=0.0000, time=42.72s.
-- 275/344 [79.9%], loss=0.1230, dgw=0.1230, reg=0.0000, time=42.04s.
-- 300/344 [87.2%], loss=0.1381, dgw=0.1381, reg=0.0000, time=34.95s.
-- 325/344 [94.5%], loss=0.1257, dgw=0.1257, reg=0.0000, time=38.15s.
-- 344/344 [100.0%], loss=0.1161, dgw=0.1161, reg=0.0000, time=43.37s.
fit: Epoch 11/15, loss = 0.1220, best loss = 0.1220
results/PTC_MR_Original_usl_tsne_fit_11.pdf
-- 25/344 [7.3%], loss=0.1267, dgw=0.1267, reg=0.0000, time=28.72s.
-- 50/344 [14.5%], loss=0.1231, dgw=0.1231, reg=0.0000, time=36.39s.
-- 75/344 [21.8%], loss=0.1068, dgw=0.1068, reg=0.0000, time=48.19s.
-- 100/344 [29.1%], loss=0.1145, dgw=0.1145, reg=0.0000, time=31.80s.
-- 125/344 [36.3%], loss=0.1205, dgw=0.1205, reg=0.0000, time=40.42s.
-- 150/344 [43.6%], loss=0.1121, dgw=0.1121, reg=0.0000, time=42.68s.
-- 175/344 [50.9%], loss=0.1256, dgw=0.1256, reg=0.0000, time=49.51s.
-- 200/344 [58.1%], loss=0.1082, dgw=0.1082, reg=0.0000, time=37.09s.
-- 225/344 [65.4%], loss=0.1164, dgw=0.1164, reg=0.0000, time=41.99s.
-- 250/344 [72.7%], loss=0.1282, dgw=0.1282, reg=0.0000, time=49.60s.
-- 275/344 [79.9%], loss=0.1145, dgw=0.1145, reg=0.0000, time=42.33s.
-- 300/344 [87.2%], loss=0.1056, dgw=0.1056, reg=0.0000, time=32.10s.
-- 325/344 [94.5%], loss=0.1073, dgw=0.1073, reg=0.0000, time=32.22s.
-- 344/344 [100.0%], loss=0.1126, dgw=0.1126, reg=0.0000, time=31.47s.
fit: Epoch 12/15, loss = 0.1159, best loss = 0.1159
results/PTC_MR_Original_usl_tsne_fit_12.pdf
-- 25/344 [7.3%], loss=0.1087, dgw=0.1087, reg=0.0000, time=35.45s.
-- 50/344 [14.5%], loss=0.1285, dgw=0.1285, reg=0.0000, time=35.90s.
-- 75/344 [21.8%], loss=0.1072, dgw=0.1072, reg=0.0000, time=38.33s.
-- 100/344 [29.1%], loss=0.1068, dgw=0.1068, reg=0.0000, time=38.23s.
-- 125/344 [36.3%], loss=0.1151, dgw=0.1151, reg=0.0000, time=27.87s.
-- 150/344 [43.6%], loss=0.1247, dgw=0.1247, reg=0.0000, time=44.50s.
-- 175/344 [50.9%], loss=0.1196, dgw=0.1196, reg=0.0000, time=30.55s.
-- 200/344 [58.1%], loss=0.1099, dgw=0.1099, reg=0.0000, time=32.24s.
-- 225/344 [65.4%], loss=0.1064, dgw=0.1064, reg=0.0000, time=33.56s.
-- 250/344 [72.7%], loss=0.1009, dgw=0.1009, reg=0.0000, time=31.19s.
-- 275/344 [79.9%], loss=0.1101, dgw=0.1101, reg=0.0000, time=46.37s.
-- 300/344 [87.2%], loss=0.1196, dgw=0.1196, reg=0.0000, time=34.98s.
-- 325/344 [94.5%], loss=0.1026, dgw=0.1026, reg=0.0000, time=30.81s.
-- 344/344 [100.0%], loss=0.1036, dgw=0.1036, reg=0.0000, time=18.66s.
fit: Epoch 13/15, loss = 0.1118, best loss = 0.1118
results/PTC_MR_Original_usl_tsne_fit_13.pdf
-- 25/344 [7.3%], loss=0.1113, dgw=0.1113, reg=0.0000, time=30.55s.
-- 50/344 [14.5%], loss=0.0965, dgw=0.0965, reg=0.0000, time=23.49s.
-- 75/344 [21.8%], loss=0.1250, dgw=0.1250, reg=0.0000, time=32.12s.
-- 100/344 [29.1%], loss=0.1008, dgw=0.1008, reg=0.0000, time=44.48s.
-- 125/344 [36.3%], loss=0.1069, dgw=0.1069, reg=0.0000, time=24.41s.
-- 150/344 [43.6%], loss=0.1056, dgw=0.1056, reg=0.0000, time=29.93s.
-- 175/344 [50.9%], loss=0.1214, dgw=0.1214, reg=0.0000, time=34.57s.
-- 200/344 [58.1%], loss=0.1120, dgw=0.1120, reg=0.0000, time=49.44s.
-- 225/344 [65.4%], loss=0.0957, dgw=0.0957, reg=0.0000, time=33.41s.
-- 250/344 [72.7%], loss=0.1100, dgw=0.1100, reg=0.0000, time=21.13s.
-- 275/344 [79.9%], loss=0.1080, dgw=0.1080, reg=0.0000, time=28.21s.
-- 300/344 [87.2%], loss=0.1175, dgw=0.1175, reg=0.0000, time=32.47s.
-- 325/344 [94.5%], loss=0.1046, dgw=0.1046, reg=0.0000, time=37.65s.
-- 344/344 [100.0%], loss=0.0996, dgw=0.0996, reg=0.0000, time=32.85s.
fit: Epoch 14/15, loss = 0.1084, best loss = 0.1084
results/PTC_MR_Original_usl_tsne_fit_14.pdf
-- 25/344 [7.3%], loss=0.1148, dgw=0.1148, reg=0.0000, time=37.50s.
-- 50/344 [14.5%], loss=0.1132, dgw=0.1132, reg=0.0000, time=25.80s.
-- 75/344 [21.8%], loss=0.1239, dgw=0.1239, reg=0.0000, time=41.22s.
-- 100/344 [29.1%], loss=0.1047, dgw=0.1047, reg=0.0000, time=43.56s.
-- 125/344 [36.3%], loss=0.1127, dgw=0.1127, reg=0.0000, time=39.51s.
-- 150/344 [43.6%], loss=0.0967, dgw=0.0967, reg=0.0000, time=42.17s.
-- 175/344 [50.9%], loss=0.1050, dgw=0.1050, reg=0.0000, time=35.10s.
-- 200/344 [58.1%], loss=0.1080, dgw=0.1080, reg=0.0000, time=47.82s.
-- 225/344 [65.4%], loss=0.1176, dgw=0.1176, reg=0.0000, time=40.92s.
-- 250/344 [72.7%], loss=0.0997, dgw=0.0997, reg=0.0000, time=36.53s.
-- 275/344 [79.9%], loss=0.1152, dgw=0.1152, reg=0.0000, time=45.97s.
-- 300/344 [87.2%], loss=0.1096, dgw=0.1096, reg=0.0000, time=32.52s.
-- 325/344 [94.5%], loss=0.0986, dgw=0.0986, reg=0.0000, time=36.28s.
-- 344/344 [100.0%], loss=0.1012, dgw=0.1012, reg=0.0000, time=27.07s.
fit: Epoch 15/15, loss = 0.1088, best loss = 0.1084
results/PTC_MR_Original_usl_tsne_fit_15.pdf
Best Acc  : 0.5523255813953488
Rand Score: 0.5040341718082582
Done!
