-- 25/344 [7.3%], loss=0.2641, dgw=0.2641, reg=0.0000, time=29.11s.
-- 50/344 [14.5%], loss=0.2658, dgw=0.2658, reg=0.0000, time=39.56s.
-- 75/344 [21.8%], loss=0.2619, dgw=0.2619, reg=0.0000, time=45.57s.
-- 100/344 [29.1%], loss=0.2645, dgw=0.2645, reg=0.0000, time=49.44s.
-- 125/344 [36.3%], loss=0.2585, dgw=0.2585, reg=0.0000, time=53.85s.
-- 150/344 [43.6%], loss=0.2609, dgw=0.2609, reg=0.0000, time=55.44s.
-- 175/344 [50.9%], loss=0.2507, dgw=0.2507, reg=0.0000, time=43.75s.
-- 200/344 [58.1%], loss=0.2483, dgw=0.2483, reg=0.0000, time=67.89s.
-- 225/344 [65.4%], loss=0.2468, dgw=0.2468, reg=0.0000, time=55.95s.
-- 250/344 [72.7%], loss=0.2466, dgw=0.2466, reg=0.0000, time=42.42s.
-- 275/344 [79.9%], loss=0.2406, dgw=0.2406, reg=0.0000, time=57.51s.
-- 300/344 [87.2%], loss=0.2424, dgw=0.2424, reg=0.0000, time=63.44s.
-- 325/344 [94.5%], loss=0.2426, dgw=0.2426, reg=0.0000, time=56.42s.
-- 344/344 [100.0%], loss=0.2437, dgw=0.2437, reg=0.0000, time=41.63s.
fit: Epoch 1/15, loss = 0.2528, best loss = 0.2528
results/PTC_MR_Original_usl_tsne_fit_1.pdf
-- 25/344 [7.3%], loss=0.2395, dgw=0.2395, reg=0.0000, time=54.65s.
-- 50/344 [14.5%], loss=0.2387, dgw=0.2387, reg=0.0000, time=54.34s.
-- 75/344 [21.8%], loss=0.2319, dgw=0.2319, reg=0.0000, time=61.31s.
-- 100/344 [29.1%], loss=0.2325, dgw=0.2325, reg=0.0000, time=58.50s.
-- 125/344 [36.3%], loss=0.2307, dgw=0.2307, reg=0.0000, time=64.61s.
-- 150/344 [43.6%], loss=0.2328, dgw=0.2328, reg=0.0000, time=53.46s.
-- 175/344 [50.9%], loss=0.2320, dgw=0.2320, reg=0.0000, time=53.71s.
-- 200/344 [58.1%], loss=0.2258, dgw=0.2258, reg=0.0000, time=41.96s.
-- 225/344 [65.4%], loss=0.2226, dgw=0.2226, reg=0.0000, time=57.17s.
-- 250/344 [72.7%], loss=0.2226, dgw=0.2226, reg=0.0000, time=53.63s.
-- 275/344 [79.9%], loss=0.2211, dgw=0.2211, reg=0.0000, time=65.58s.
-- 300/344 [87.2%], loss=0.2211, dgw=0.2211, reg=0.0000, time=61.09s.
-- 325/344 [94.5%], loss=0.2225, dgw=0.2225, reg=0.0000, time=54.64s.
-- 344/344 [100.0%], loss=0.2176, dgw=0.2176, reg=0.0000, time=38.15s.
fit: Epoch 2/15, loss = 0.2281, best loss = 0.2281
results/PTC_MR_Original_usl_tsne_fit_2.pdf
-- 25/344 [7.3%], loss=0.2157, dgw=0.2157, reg=0.0000, time=42.16s.
-- 50/344 [14.5%], loss=0.2159, dgw=0.2159, reg=0.0000, time=42.53s.
-- 75/344 [21.8%], loss=0.2126, dgw=0.2126, reg=0.0000, time=34.75s.
-- 100/344 [29.1%], loss=0.2128, dgw=0.2128, reg=0.0000, time=47.87s.
-- 125/344 [36.3%], loss=0.2088, dgw=0.2088, reg=0.0000, time=47.41s.
-- 150/344 [43.6%], loss=0.2146, dgw=0.2146, reg=0.0000, time=64.96s.
-- 175/344 [50.9%], loss=0.2071, dgw=0.2071, reg=0.0000, time=49.13s.
-- 200/344 [58.1%], loss=0.2036, dgw=0.2036, reg=0.0000, time=53.01s.
-- 225/344 [65.4%], loss=0.2008, dgw=0.2008, reg=0.0000, time=36.80s.
-- 250/344 [72.7%], loss=0.2034, dgw=0.2034, reg=0.0000, time=42.75s.
-- 275/344 [79.9%], loss=0.2048, dgw=0.2048, reg=0.0000, time=44.96s.
-- 300/344 [87.2%], loss=0.1957, dgw=0.1957, reg=0.0000, time=40.26s.
-- 325/344 [94.5%], loss=0.1959, dgw=0.1959, reg=0.0000, time=31.01s.
-- 344/344 [100.0%], loss=0.1965, dgw=0.1965, reg=0.0000, time=28.32s.
fit: Epoch 3/15, loss = 0.2065, best loss = 0.2065
results/PTC_MR_Original_usl_tsne_fit_3.pdf
-- 25/344 [7.3%], loss=0.1923, dgw=0.1923, reg=0.0000, time=58.39s.
-- 50/344 [14.5%], loss=0.1947, dgw=0.1947, reg=0.0000, time=51.52s.
-- 75/344 [21.8%], loss=0.1937, dgw=0.1937, reg=0.0000, time=57.26s.
-- 100/344 [29.1%], loss=0.1914, dgw=0.1914, reg=0.0000, time=53.24s.
-- 125/344 [36.3%], loss=0.1905, dgw=0.1905, reg=0.0000, time=66.64s.
-- 150/344 [43.6%], loss=0.1911, dgw=0.1911, reg=0.0000, time=60.64s.
-- 175/344 [50.9%], loss=0.1844, dgw=0.1844, reg=0.0000, time=56.12s.
-- 200/344 [58.1%], loss=0.1855, dgw=0.1855, reg=0.0000, time=63.78s.
-- 225/344 [65.4%], loss=0.1868, dgw=0.1868, reg=0.0000, time=57.42s.
-- 250/344 [72.7%], loss=0.1876, dgw=0.1876, reg=0.0000, time=48.80s.
-- 275/344 [79.9%], loss=0.1833, dgw=0.1833, reg=0.0000, time=49.97s.
-- 300/344 [87.2%], loss=0.1796, dgw=0.1796, reg=0.0000, time=51.93s.
-- 325/344 [94.5%], loss=0.1839, dgw=0.1839, reg=0.0000, time=46.71s.
-- 344/344 [100.0%], loss=0.1752, dgw=0.1752, reg=0.0000, time=48.77s.
fit: Epoch 4/15, loss = 0.1874, best loss = 0.1874
results/PTC_MR_Original_usl_tsne_fit_4.pdf
-- 25/344 [7.3%], loss=0.1825, dgw=0.1825, reg=0.0000, time=54.84s.
-- 50/344 [14.5%], loss=0.1768, dgw=0.1768, reg=0.0000, time=43.04s.
-- 75/344 [21.8%], loss=0.1756, dgw=0.1756, reg=0.0000, time=56.79s.
-- 100/344 [29.1%], loss=0.1719, dgw=0.1719, reg=0.0000, time=40.40s.
-- 125/344 [36.3%], loss=0.1676, dgw=0.1676, reg=0.0000, time=58.34s.
-- 150/344 [43.6%], loss=0.1737, dgw=0.1737, reg=0.0000, time=50.42s.
-- 175/344 [50.9%], loss=0.1733, dgw=0.1733, reg=0.0000, time=49.82s.
-- 200/344 [58.1%], loss=0.1681, dgw=0.1681, reg=0.0000, time=47.94s.
-- 225/344 [65.4%], loss=0.1706, dgw=0.1706, reg=0.0000, time=58.88s.
-- 250/344 [72.7%], loss=0.1660, dgw=0.1660, reg=0.0000, time=46.53s.
-- 275/344 [79.9%], loss=0.1646, dgw=0.1646, reg=0.0000, time=60.80s.
-- 300/344 [87.2%], loss=0.1757, dgw=0.1757, reg=0.0000, time=55.00s.
-- 325/344 [94.5%], loss=0.1694, dgw=0.1694, reg=0.0000, time=73.26s.
-- 344/344 [100.0%], loss=0.1596, dgw=0.1596, reg=0.0000, time=42.29s.
fit: Epoch 5/15, loss = 0.1713, best loss = 0.1713
results/PTC_MR_Original_usl_tsne_fit_5.pdf
-- 25/344 [7.3%], loss=0.1616, dgw=0.1616, reg=0.0000, time=49.17s.
-- 50/344 [14.5%], loss=0.1702, dgw=0.1702, reg=0.0000, time=48.76s.
-- 75/344 [21.8%], loss=0.1631, dgw=0.1631, reg=0.0000, time=67.91s.
-- 100/344 [29.1%], loss=0.1567, dgw=0.1567, reg=0.0000, time=60.32s.
-- 125/344 [36.3%], loss=0.1618, dgw=0.1618, reg=0.0000, time=64.30s.
-- 150/344 [43.6%], loss=0.1596, dgw=0.1596, reg=0.0000, time=78.53s.
-- 175/344 [50.9%], loss=0.1545, dgw=0.1545, reg=0.0000, time=66.40s.
-- 200/344 [58.1%], loss=0.1620, dgw=0.1620, reg=0.0000, time=51.83s.
-- 225/344 [65.4%], loss=0.1602, dgw=0.1602, reg=0.0000, time=66.91s.
-- 250/344 [72.7%], loss=0.1504, dgw=0.1504, reg=0.0000, time=60.07s.
-- 275/344 [79.9%], loss=0.1572, dgw=0.1572, reg=0.0000, time=47.39s.
-- 300/344 [87.2%], loss=0.1511, dgw=0.1511, reg=0.0000, time=64.80s.
-- 325/344 [94.5%], loss=0.1494, dgw=0.1494, reg=0.0000, time=53.68s.
-- 344/344 [100.0%], loss=0.1465, dgw=0.1465, reg=0.0000, time=58.02s.
fit: Epoch 6/15, loss = 0.1576, best loss = 0.1576
results/PTC_MR_Original_usl_tsne_fit_6.pdf
-- 25/344 [7.3%], loss=0.1531, dgw=0.1531, reg=0.0000, time=43.89s.
-- 50/344 [14.5%], loss=0.1504, dgw=0.1504, reg=0.0000, time=67.20s.
-- 75/344 [21.8%], loss=0.1496, dgw=0.1496, reg=0.0000, time=59.47s.
-- 100/344 [29.1%], loss=0.1515, dgw=0.1515, reg=0.0000, time=68.48s.
-- 125/344 [36.3%], loss=0.1433, dgw=0.1433, reg=0.0000, time=68.07s.
-- 150/344 [43.6%], loss=0.1504, dgw=0.1504, reg=0.0000, time=57.71s.
-- 175/344 [50.9%], loss=0.1451, dgw=0.1451, reg=0.0000, time=49.41s.
-- 200/344 [58.1%], loss=0.1467, dgw=0.1467, reg=0.0000, time=69.84s.
-- 225/344 [65.4%], loss=0.1470, dgw=0.1470, reg=0.0000, time=60.88s.
-- 250/344 [72.7%], loss=0.1408, dgw=0.1408, reg=0.0000, time=72.06s.
-- 275/344 [79.9%], loss=0.1418, dgw=0.1418, reg=0.0000, time=75.51s.
-- 300/344 [87.2%], loss=0.1624, dgw=0.1624, reg=0.0000, time=33.44s.
-- 325/344 [94.5%], loss=0.1524, dgw=0.1524, reg=0.0000, time=65.72s.
-- 344/344 [100.0%], loss=0.1377, dgw=0.1377, reg=0.0000, time=49.64s.
fit: Epoch 7/15, loss = 0.1482, best loss = 0.1482
results/PTC_MR_Original_usl_tsne_fit_7.pdf
-- 25/344 [7.3%], loss=0.1468, dgw=0.1468, reg=0.0000, time=41.90s.
-- 50/344 [14.5%], loss=0.1547, dgw=0.1547, reg=0.0000, time=48.10s.
-- 75/344 [21.8%], loss=0.1469, dgw=0.1469, reg=0.0000, time=55.06s.
-- 100/344 [29.1%], loss=0.1696, dgw=0.1696, reg=0.0000, time=48.33s.
-- 125/344 [36.3%], loss=0.1880, dgw=0.1880, reg=0.0000, time=58.18s.
-- 150/344 [43.6%], loss=0.1775, dgw=0.1775, reg=0.0000, time=50.96s.
-- 175/344 [50.9%], loss=0.2094, dgw=0.2094, reg=0.0000, time=64.33s.
-- 200/344 [58.1%], loss=0.2102, dgw=0.2102, reg=0.0000, time=52.47s.
-- 225/344 [65.4%], loss=0.2318, dgw=0.2318, reg=0.0000, time=53.35s.
-- 250/344 [72.7%], loss=0.2375, dgw=0.2375, reg=0.0000, time=50.60s.
-- 275/344 [79.9%], loss=0.2982, dgw=0.2982, reg=0.0000, time=51.31s.
-- 300/344 [87.2%], loss=0.3145, dgw=0.3145, reg=0.0000, time=44.39s.
-- 325/344 [94.5%], loss=0.3298, dgw=0.3298, reg=0.0000, time=53.70s.
-- 344/344 [100.0%], loss=0.3468, dgw=0.3468, reg=0.0000, time=50.28s.
fit: Epoch 8/15, loss = 0.2237, best loss = 0.1482
results/PTC_MR_Original_usl_tsne_fit_8.pdf
-- 25/344 [7.3%], loss=0.3360, dgw=0.3360, reg=0.0000, time=63.32s.
-- 50/344 [14.5%], loss=0.3643, dgw=0.3643, reg=0.0000, time=54.92s.
-- 75/344 [21.8%], loss=0.4008, dgw=0.4008, reg=0.0000, time=58.54s.
-- 100/344 [29.1%], loss=0.4723, dgw=0.4723, reg=0.0000, time=67.61s.
-- 125/344 [36.3%], loss=0.4582, dgw=0.4582, reg=0.0000, time=63.79s.
-- 150/344 [43.6%], loss=0.5168, dgw=0.5168, reg=0.0000, time=64.63s.
-- 175/344 [50.9%], loss=0.5514, dgw=0.5514, reg=0.0000, time=42.49s.
-- 200/344 [58.1%], loss=0.5908, dgw=0.5908, reg=0.0000, time=37.89s.
-- 225/344 [65.4%], loss=0.6076, dgw=0.6076, reg=0.0000, time=61.72s.
-- 250/344 [72.7%], loss=0.6411, dgw=0.6411, reg=0.0000, time=52.85s.
-- 275/344 [79.9%], loss=0.5764, dgw=0.5764, reg=0.0000, time=50.50s.
-- 300/344 [87.2%], loss=0.5641, dgw=0.5641, reg=0.0000, time=50.25s.
-- 325/344 [94.5%], loss=0.6546, dgw=0.6546, reg=0.0000, time=54.88s.
-- 344/344 [100.0%], loss=0.6354, dgw=0.6354, reg=0.0000, time=38.59s.
fit: Epoch 9/15, loss = 0.5245, best loss = 0.1482
results/PTC_MR_Original_usl_tsne_fit_9.pdf
-- 25/344 [7.3%], loss=0.7199, dgw=0.7199, reg=0.0000, time=62.37s.
-- 50/344 [14.5%], loss=0.6983, dgw=0.6983, reg=0.0000, time=51.63s.
-- 75/344 [21.8%], loss=0.6901, dgw=0.6901, reg=0.0000, time=52.04s.
-- 100/344 [29.1%], loss=0.7368, dgw=0.7368, reg=0.0000, time=53.32s.
-- 125/344 [36.3%], loss=0.6854, dgw=0.6854, reg=0.0000, time=53.05s.
-- 150/344 [43.6%], loss=0.7776, dgw=0.7776, reg=0.0000, time=41.31s.
-- 175/344 [50.9%], loss=0.8150, dgw=0.8150, reg=0.0000, time=53.39s.
-- 200/344 [58.1%], loss=0.8085, dgw=0.8085, reg=0.0000, time=53.78s.
-- 225/344 [65.4%], loss=0.8029, dgw=0.8029, reg=0.0000, time=65.27s.
-- 250/344 [72.7%], loss=0.8553, dgw=0.8553, reg=0.0000, time=58.19s.
-- 275/344 [79.9%], loss=0.8905, dgw=0.8905, reg=0.0000, time=51.09s.
-- 300/344 [87.2%], loss=0.8648, dgw=0.8648, reg=0.0000, time=59.51s.
-- 325/344 [94.5%], loss=0.9028, dgw=0.9028, reg=0.0000, time=65.19s.
-- 344/344 [100.0%], loss=0.9321, dgw=0.9321, reg=0.0000, time=38.34s.
fit: Epoch 10/15, loss = 0.7963, best loss = 0.1482
results/PTC_MR_Original_usl_tsne_fit_10.pdf
-- 25/344 [7.3%], loss=0.9583, dgw=0.9583, reg=0.0000, time=38.00s.
-- 50/344 [14.5%], loss=0.9345, dgw=0.9345, reg=0.0000, time=37.60s.
-- 75/344 [21.8%], loss=0.9446, dgw=0.9446, reg=0.0000, time=42.62s.
-- 100/344 [29.1%], loss=0.9997, dgw=0.9997, reg=0.0000, time=44.37s.
-- 125/344 [36.3%], loss=0.9805, dgw=0.9805, reg=0.0000, time=51.52s.
-- 150/344 [43.6%], loss=0.9676, dgw=0.9676, reg=0.0000, time=34.91s.
-- 175/344 [50.9%], loss=1.0065, dgw=1.0065, reg=0.0000, time=37.69s.
-- 200/344 [58.1%], loss=0.9865, dgw=0.9865, reg=0.0000, time=38.73s.
-- 225/344 [65.4%], loss=0.9911, dgw=0.9911, reg=0.0000, time=53.33s.
-- 250/344 [72.7%], loss=0.9815, dgw=0.9815, reg=0.0000, time=48.15s.
-- 275/344 [79.9%], loss=1.0323, dgw=1.0323, reg=0.0000, time=26.38s.
-- 300/344 [87.2%], loss=1.0133, dgw=1.0133, reg=0.0000, time=52.73s.
-- 325/344 [94.5%], loss=1.0677, dgw=1.0677, reg=0.0000, time=38.68s.
-- 344/344 [100.0%], loss=1.0377, dgw=1.0377, reg=0.0000, time=29.56s.
fit: Epoch 11/15, loss = 0.9922, best loss = 0.1482
results/PTC_MR_Original_usl_tsne_fit_11.pdf
-- 25/344 [7.3%], loss=1.0439, dgw=1.0439, reg=0.0000, time=47.28s.
-- 50/344 [14.5%], loss=1.0566, dgw=1.0566, reg=0.0000, time=59.61s.
-- 75/344 [21.8%], loss=1.0605, dgw=1.0605, reg=0.0000, time=44.01s.
-- 100/344 [29.1%], loss=1.0481, dgw=1.0481, reg=0.0000, time=52.04s.
-- 125/344 [36.3%], loss=1.0517, dgw=1.0517, reg=0.0000, time=49.92s.
-- 150/344 [43.6%], loss=1.0694, dgw=1.0694, reg=0.0000, time=42.01s.
-- 175/344 [50.9%], loss=1.0724, dgw=1.0724, reg=0.0000, time=42.98s.
-- 200/344 [58.1%], loss=1.0709, dgw=1.0709, reg=0.0000, time=50.94s.
-- 225/344 [65.4%], loss=1.0976, dgw=1.0976, reg=0.0000, time=47.68s.
-- 250/344 [72.7%], loss=1.0668, dgw=1.0668, reg=0.0000, time=53.98s.
-- 275/344 [79.9%], loss=1.0839, dgw=1.0839, reg=0.0000, time=53.58s.
-- 300/344 [87.2%], loss=1.0623, dgw=1.0623, reg=0.0000, time=53.11s.
-- 325/344 [94.5%], loss=1.0721, dgw=1.0721, reg=0.0000, time=47.79s.
-- 344/344 [100.0%], loss=1.0688, dgw=1.0688, reg=0.0000, time=25.35s.
fit: Epoch 12/15, loss = 1.0660, best loss = 0.1482
results/PTC_MR_Original_usl_tsne_fit_12.pdf
-- 25/344 [7.3%], loss=1.0772, dgw=1.0772, reg=0.0000, time=51.08s.
-- 50/344 [14.5%], loss=1.1139, dgw=1.1139, reg=0.0000, time=48.23s.
-- 75/344 [21.8%], loss=1.0829, dgw=1.0829, reg=0.0000, time=49.06s.
-- 100/344 [29.1%], loss=1.0741, dgw=1.0741, reg=0.0000, time=47.92s.
-- 125/344 [36.3%], loss=1.0902, dgw=1.0902, reg=0.0000, time=45.22s.
-- 150/344 [43.6%], loss=1.0978, dgw=1.0978, reg=0.0000, time=48.18s.
-- 175/344 [50.9%], loss=1.0882, dgw=1.0882, reg=0.0000, time=32.94s.
-- 200/344 [58.1%], loss=1.0938, dgw=1.0938, reg=0.0000, time=31.31s.
-- 225/344 [65.4%], loss=1.0897, dgw=1.0897, reg=0.0000, time=56.32s.
-- 250/344 [72.7%], loss=1.0847, dgw=1.0847, reg=0.0000, time=38.55s.
-- 275/344 [79.9%], loss=1.0702, dgw=1.0702, reg=0.0000, time=43.70s.
-- 300/344 [87.2%], loss=1.0787, dgw=1.0787, reg=0.0000, time=45.96s.
-- 325/344 [94.5%], loss=1.0969, dgw=1.0969, reg=0.0000, time=42.98s.
-- 344/344 [100.0%], loss=1.0923, dgw=1.0923, reg=0.0000, time=33.31s.
fit: Epoch 13/15, loss = 1.0878, best loss = 0.1482
results/PTC_MR_Original_usl_tsne_fit_13.pdf
-- 25/344 [7.3%], loss=1.1103, dgw=1.1103, reg=0.0000, time=36.73s.
-- 50/344 [14.5%], loss=1.1027, dgw=1.1027, reg=0.0000, time=63.34s.
-- 75/344 [21.8%], loss=1.0936, dgw=1.0936, reg=0.0000, time=57.89s.
-- 100/344 [29.1%], loss=1.0975, dgw=1.0975, reg=0.0000, time=51.97s.
-- 125/344 [36.3%], loss=1.1000, dgw=1.1000, reg=0.0000, time=44.03s.
-- 150/344 [43.6%], loss=1.0920, dgw=1.0920, reg=0.0000, time=47.59s.
-- 175/344 [50.9%], loss=1.0910, dgw=1.0910, reg=0.0000, time=46.62s.
-- 200/344 [58.1%], loss=1.0750, dgw=1.0750, reg=0.0000, time=40.38s.
-- 225/344 [65.4%], loss=1.0929, dgw=1.0929, reg=0.0000, time=31.44s.
-- 250/344 [72.7%], loss=1.0751, dgw=1.0751, reg=0.0000, time=44.97s.
-- 275/344 [79.9%], loss=1.0886, dgw=1.0886, reg=0.0000, time=44.57s.
-- 300/344 [87.2%], loss=1.0880, dgw=1.0880, reg=0.0000, time=37.88s.
-- 325/344 [94.5%], loss=1.0899, dgw=1.0899, reg=0.0000, time=50.50s.
-- 344/344 [100.0%], loss=1.0966, dgw=1.0966, reg=0.0000, time=32.66s.
fit: Epoch 14/15, loss = 1.0923, best loss = 0.1482
results/PTC_MR_Original_usl_tsne_fit_14.pdf
-- 25/344 [7.3%], loss=1.0920, dgw=1.0920, reg=0.0000, time=47.12s.
-- 50/344 [14.5%], loss=1.0983, dgw=1.0983, reg=0.0000, time=46.45s.
-- 75/344 [21.8%], loss=1.0929, dgw=1.0929, reg=0.0000, time=38.86s.
-- 100/344 [29.1%], loss=1.0984, dgw=1.0984, reg=0.0000, time=44.32s.
-- 125/344 [36.3%], loss=1.0979, dgw=1.0979, reg=0.0000, time=33.25s.
-- 150/344 [43.6%], loss=1.0800, dgw=1.0800, reg=0.0000, time=27.47s.
-- 175/344 [50.9%], loss=1.0801, dgw=1.0801, reg=0.0000, time=37.99s.
-- 200/344 [58.1%], loss=1.0824, dgw=1.0824, reg=0.0000, time=41.18s.
-- 225/344 [65.4%], loss=1.0949, dgw=1.0949, reg=0.0000, time=54.02s.
-- 250/344 [72.7%], loss=1.0801, dgw=1.0801, reg=0.0000, time=38.82s.
-- 275/344 [79.9%], loss=1.0732, dgw=1.0732, reg=0.0000, time=43.30s.
-- 300/344 [87.2%], loss=1.1036, dgw=1.1036, reg=0.0000, time=44.23s.
-- 325/344 [94.5%], loss=1.1173, dgw=1.1173, reg=0.0000, time=52.16s.
-- 344/344 [100.0%], loss=1.0810, dgw=1.0810, reg=0.0000, time=16.51s.
fit: Epoch 15/15, loss = 1.0910, best loss = 0.1482
results/PTC_MR_Original_usl_tsne_fit_15.pdf
Best Acc  : 0.5087209302325582
Rand Score: 0.4986948267679165
Done!
