-- 25/344 [7.3%], loss=0.2684, dgw=0.2684, reg=0.0000, time=36.11s.
-- 50/344 [14.5%], loss=0.2642, dgw=0.2642, reg=0.0000, time=50.71s.
-- 75/344 [21.8%], loss=0.2620, dgw=0.2620, reg=0.0000, time=52.14s.
-- 100/344 [29.1%], loss=0.2587, dgw=0.2587, reg=0.0000, time=54.40s.
-- 125/344 [36.3%], loss=0.2580, dgw=0.2580, reg=0.0000, time=49.79s.
-- 150/344 [43.6%], loss=0.2579, dgw=0.2579, reg=0.0000, time=67.29s.
-- 175/344 [50.9%], loss=0.2569, dgw=0.2569, reg=0.0000, time=68.30s.
-- 200/344 [58.1%], loss=0.2577, dgw=0.2577, reg=0.0000, time=75.78s.
-- 225/344 [65.4%], loss=0.2511, dgw=0.2511, reg=0.0000, time=82.26s.
-- 250/344 [72.7%], loss=0.2525, dgw=0.2525, reg=0.0000, time=81.46s.
-- 275/344 [79.9%], loss=0.2447, dgw=0.2447, reg=0.0000, time=79.71s.
-- 300/344 [87.2%], loss=0.2458, dgw=0.2458, reg=0.0000, time=63.74s.
-- 325/344 [94.5%], loss=0.2402, dgw=0.2402, reg=0.0000, time=50.45s.
-- 344/344 [100.0%], loss=0.2406, dgw=0.2406, reg=0.0000, time=57.41s.
fit: Epoch 1/15, loss = 0.2544, best loss = 0.2544
results/PTC_MR_Original_usl_tsne_fit_1.pdf
-- 25/344 [7.3%], loss=0.2402, dgw=0.2402, reg=0.0000, time=59.37s.
-- 50/344 [14.5%], loss=0.2332, dgw=0.2332, reg=0.0000, time=72.09s.
-- 75/344 [21.8%], loss=0.2390, dgw=0.2390, reg=0.0000, time=69.08s.
-- 100/344 [29.1%], loss=0.2356, dgw=0.2356, reg=0.0000, time=52.48s.
-- 125/344 [36.3%], loss=0.2314, dgw=0.2314, reg=0.0000, time=72.91s.
-- 150/344 [43.6%], loss=0.2287, dgw=0.2287, reg=0.0000, time=60.47s.
-- 175/344 [50.9%], loss=0.2351, dgw=0.2351, reg=0.0000, time=51.74s.
-- 200/344 [58.1%], loss=0.2288, dgw=0.2288, reg=0.0000, time=76.19s.
-- 225/344 [65.4%], loss=0.2288, dgw=0.2288, reg=0.0000, time=71.92s.
-- 250/344 [72.7%], loss=0.2293, dgw=0.2293, reg=0.0000, time=49.17s.
-- 275/344 [79.9%], loss=0.2299, dgw=0.2299, reg=0.0000, time=72.42s.
-- 300/344 [87.2%], loss=0.2223, dgw=0.2223, reg=0.0000, time=40.66s.
-- 325/344 [94.5%], loss=0.2230, dgw=0.2230, reg=0.0000, time=72.61s.
-- 344/344 [100.0%], loss=0.2182, dgw=0.2182, reg=0.0000, time=40.06s.
fit: Epoch 2/15, loss = 0.2305, best loss = 0.2305
results/PTC_MR_Original_usl_tsne_fit_2.pdf
-- 25/344 [7.3%], loss=0.2203, dgw=0.2203, reg=0.0000, time=43.50s.
-- 50/344 [14.5%], loss=0.2165, dgw=0.2165, reg=0.0000, time=55.14s.
-- 75/344 [21.8%], loss=0.2136, dgw=0.2136, reg=0.0000, time=44.42s.
-- 100/344 [29.1%], loss=0.2157, dgw=0.2157, reg=0.0000, time=42.18s.
-- 125/344 [36.3%], loss=0.2121, dgw=0.2121, reg=0.0000, time=62.65s.
-- 150/344 [43.6%], loss=0.2096, dgw=0.2096, reg=0.0000, time=51.15s.
-- 175/344 [50.9%], loss=0.2077, dgw=0.2077, reg=0.0000, time=49.60s.
-- 200/344 [58.1%], loss=0.2043, dgw=0.2043, reg=0.0000, time=55.46s.
-- 225/344 [65.4%], loss=0.2066, dgw=0.2066, reg=0.0000, time=82.18s.
-- 250/344 [72.7%], loss=0.2073, dgw=0.2073, reg=0.0000, time=76.31s.
-- 275/344 [79.9%], loss=0.2068, dgw=0.2068, reg=0.0000, time=85.70s.
-- 300/344 [87.2%], loss=0.2052, dgw=0.2052, reg=0.0000, time=89.54s.
-- 325/344 [94.5%], loss=0.2009, dgw=0.2009, reg=0.0000, time=76.78s.
-- 344/344 [100.0%], loss=0.2085, dgw=0.2085, reg=0.0000, time=44.72s.
fit: Epoch 3/15, loss = 0.2097, best loss = 0.2097
results/PTC_MR_Original_usl_tsne_fit_3.pdf
-- 25/344 [7.3%], loss=0.1994, dgw=0.1994, reg=0.0000, time=56.67s.
-- 50/344 [14.5%], loss=0.1959, dgw=0.1959, reg=0.0000, time=50.96s.
-- 75/344 [21.8%], loss=0.1984, dgw=0.1984, reg=0.0000, time=54.66s.
-- 100/344 [29.1%], loss=0.1949, dgw=0.1949, reg=0.0000, time=87.71s.
-- 125/344 [36.3%], loss=0.1889, dgw=0.1889, reg=0.0000, time=81.72s.
-- 150/344 [43.6%], loss=0.1973, dgw=0.1973, reg=0.0000, time=88.41s.
-- 175/344 [50.9%], loss=0.1908, dgw=0.1908, reg=0.0000, time=85.92s.
-- 200/344 [58.1%], loss=0.1882, dgw=0.1882, reg=0.0000, time=63.46s.
-- 225/344 [65.4%], loss=0.1939, dgw=0.1939, reg=0.0000, time=71.57s.
-- 250/344 [72.7%], loss=0.1875, dgw=0.1875, reg=0.0000, time=60.39s.
-- 275/344 [79.9%], loss=0.1831, dgw=0.1831, reg=0.0000, time=60.47s.
-- 300/344 [87.2%], loss=0.1862, dgw=0.1862, reg=0.0000, time=68.61s.
-- 325/344 [94.5%], loss=0.1848, dgw=0.1848, reg=0.0000, time=76.02s.
-- 344/344 [100.0%], loss=0.1934, dgw=0.1934, reg=0.0000, time=59.66s.
fit: Epoch 4/15, loss = 0.1916, best loss = 0.1916
results/PTC_MR_Original_usl_tsne_fit_4.pdf
-- 25/344 [7.3%], loss=0.1858, dgw=0.1858, reg=0.0000, time=48.42s.
-- 50/344 [14.5%], loss=0.1770, dgw=0.1770, reg=0.0000, time=61.00s.
-- 75/344 [21.8%], loss=0.1857, dgw=0.1857, reg=0.0000, time=51.71s.
-- 100/344 [29.1%], loss=0.1758, dgw=0.1758, reg=0.0000, time=66.17s.
-- 125/344 [36.3%], loss=0.1796, dgw=0.1796, reg=0.0000, time=69.71s.
-- 150/344 [43.6%], loss=0.1780, dgw=0.1780, reg=0.0000, time=78.36s.
-- 175/344 [50.9%], loss=0.1744, dgw=0.1744, reg=0.0000, time=62.32s.
-- 200/344 [58.1%], loss=0.1715, dgw=0.1715, reg=0.0000, time=60.36s.
-- 225/344 [65.4%], loss=0.1720, dgw=0.1720, reg=0.0000, time=50.64s.
-- 250/344 [72.7%], loss=0.1724, dgw=0.1724, reg=0.0000, time=63.12s.
-- 275/344 [79.9%], loss=0.1667, dgw=0.1667, reg=0.0000, time=70.03s.
-- 300/344 [87.2%], loss=0.1771, dgw=0.1771, reg=0.0000, time=64.91s.
-- 325/344 [94.5%], loss=0.1690, dgw=0.1690, reg=0.0000, time=69.72s.
-- 344/344 [100.0%], loss=0.1794, dgw=0.1794, reg=0.0000, time=21.57s.
fit: Epoch 5/15, loss = 0.1760, best loss = 0.1760
results/PTC_MR_Original_usl_tsne_fit_5.pdf
-- 25/344 [7.3%], loss=0.1669, dgw=0.1669, reg=0.0000, time=77.21s.
-- 50/344 [14.5%], loss=0.1641, dgw=0.1641, reg=0.0000, time=59.01s.
-- 75/344 [21.8%], loss=0.1675, dgw=0.1675, reg=0.0000, time=44.84s.
-- 100/344 [29.1%], loss=0.1670, dgw=0.1670, reg=0.0000, time=62.79s.
-- 125/344 [36.3%], loss=0.1644, dgw=0.1644, reg=0.0000, time=72.65s.
-- 150/344 [43.6%], loss=0.1663, dgw=0.1663, reg=0.0000, time=54.79s.
-- 175/344 [50.9%], loss=0.1637, dgw=0.1637, reg=0.0000, time=40.67s.
-- 200/344 [58.1%], loss=0.1630, dgw=0.1630, reg=0.0000, time=75.26s.
-- 225/344 [65.4%], loss=0.1686, dgw=0.1686, reg=0.0000, time=73.17s.
-- 250/344 [72.7%], loss=0.1568, dgw=0.1568, reg=0.0000, time=68.32s.
-- 275/344 [79.9%], loss=0.1587, dgw=0.1587, reg=0.0000, time=85.87s.
-- 300/344 [87.2%], loss=0.1516, dgw=0.1516, reg=0.0000, time=66.66s.
-- 325/344 [94.5%], loss=0.1573, dgw=0.1573, reg=0.0000, time=73.45s.
-- 344/344 [100.0%], loss=0.1585, dgw=0.1585, reg=0.0000, time=50.10s.
fit: Epoch 6/15, loss = 0.1625, best loss = 0.1625
results/PTC_MR_Original_usl_tsne_fit_6.pdf
-- 25/344 [7.3%], loss=0.1520, dgw=0.1520, reg=0.0000, time=50.08s.
-- 50/344 [14.5%], loss=0.1522, dgw=0.1522, reg=0.0000, time=35.30s.
-- 75/344 [21.8%], loss=0.1588, dgw=0.1588, reg=0.0000, time=42.28s.
-- 100/344 [29.1%], loss=0.1507, dgw=0.1507, reg=0.0000, time=62.04s.
-- 125/344 [36.3%], loss=0.1523, dgw=0.1523, reg=0.0000, time=47.44s.
-- 150/344 [43.6%], loss=0.1542, dgw=0.1542, reg=0.0000, time=51.17s.
-- 175/344 [50.9%], loss=0.1528, dgw=0.1528, reg=0.0000, time=58.84s.
-- 200/344 [58.1%], loss=0.1559, dgw=0.1559, reg=0.0000, time=60.89s.
-- 225/344 [65.4%], loss=0.1478, dgw=0.1478, reg=0.0000, time=51.85s.
-- 250/344 [72.7%], loss=0.1501, dgw=0.1501, reg=0.0000, time=76.13s.
-- 275/344 [79.9%], loss=0.1501, dgw=0.1501, reg=0.0000, time=65.19s.
-- 300/344 [87.2%], loss=0.1433, dgw=0.1433, reg=0.0000, time=49.29s.
-- 325/344 [94.5%], loss=0.1528, dgw=0.1528, reg=0.0000, time=79.02s.
-- 344/344 [100.0%], loss=0.1414, dgw=0.1414, reg=0.0000, time=37.90s.
fit: Epoch 7/15, loss = 0.1512, best loss = 0.1512
results/PTC_MR_Original_usl_tsne_fit_7.pdf
-- 25/344 [7.3%], loss=0.1436, dgw=0.1436, reg=0.0000, time=67.34s.
-- 50/344 [14.5%], loss=0.1478, dgw=0.1478, reg=0.0000, time=40.24s.
-- 75/344 [21.8%], loss=0.1533, dgw=0.1533, reg=0.0000, time=56.87s.
-- 100/344 [29.1%], loss=0.1420, dgw=0.1420, reg=0.0000, time=53.37s.
-- 125/344 [36.3%], loss=0.1423, dgw=0.1423, reg=0.0000, time=69.05s.
-- 150/344 [43.6%], loss=0.1437, dgw=0.1437, reg=0.0000, time=70.45s.
-- 175/344 [50.9%], loss=0.1429, dgw=0.1429, reg=0.0000, time=54.24s.
-- 200/344 [58.1%], loss=0.1424, dgw=0.1424, reg=0.0000, time=48.94s.
-- 225/344 [65.4%], loss=0.1337, dgw=0.1337, reg=0.0000, time=63.90s.
-- 250/344 [72.7%], loss=0.1441, dgw=0.1441, reg=0.0000, time=52.97s.
-- 275/344 [79.9%], loss=0.1372, dgw=0.1372, reg=0.0000, time=50.99s.
-- 300/344 [87.2%], loss=0.1303, dgw=0.1303, reg=0.0000, time=68.47s.
-- 325/344 [94.5%], loss=0.1347, dgw=0.1347, reg=0.0000, time=72.85s.
-- 344/344 [100.0%], loss=0.1402, dgw=0.1402, reg=0.0000, time=51.72s.
fit: Epoch 8/15, loss = 0.1413, best loss = 0.1413
results/PTC_MR_Original_usl_tsne_fit_8.pdf
-- 25/344 [7.3%], loss=0.1402, dgw=0.1402, reg=0.0000, time=38.58s.
-- 50/344 [14.5%], loss=0.1336, dgw=0.1336, reg=0.0000, time=64.35s.
-- 75/344 [21.8%], loss=0.1343, dgw=0.1343, reg=0.0000, time=53.51s.
-- 100/344 [29.1%], loss=0.1256, dgw=0.1256, reg=0.0000, time=45.39s.
-- 125/344 [36.3%], loss=0.1293, dgw=0.1293, reg=0.0000, time=46.24s.
-- 150/344 [43.6%], loss=0.1405, dgw=0.1405, reg=0.0000, time=64.55s.
-- 175/344 [50.9%], loss=0.1437, dgw=0.1437, reg=0.0000, time=53.46s.
-- 200/344 [58.1%], loss=0.1245, dgw=0.1245, reg=0.0000, time=55.11s.
-- 225/344 [65.4%], loss=0.1323, dgw=0.1323, reg=0.0000, time=58.95s.
-- 250/344 [72.7%], loss=0.1290, dgw=0.1290, reg=0.0000, time=61.60s.
-- 275/344 [79.9%], loss=0.1349, dgw=0.1349, reg=0.0000, time=50.74s.
-- 300/344 [87.2%], loss=0.1294, dgw=0.1294, reg=0.0000, time=59.73s.
-- 325/344 [94.5%], loss=0.1335, dgw=0.1335, reg=0.0000, time=61.79s.
-- 344/344 [100.0%], loss=0.1285, dgw=0.1285, reg=0.0000, time=43.89s.
fit: Epoch 9/15, loss = 0.1329, best loss = 0.1329
results/PTC_MR_Original_usl_tsne_fit_9.pdf
-- 25/344 [7.3%], loss=0.1283, dgw=0.1283, reg=0.0000, time=69.65s.
-- 50/344 [14.5%], loss=0.1202, dgw=0.1202, reg=0.0000, time=63.62s.
-- 75/344 [21.8%], loss=0.1176, dgw=0.1176, reg=0.0000, time=57.53s.
-- 100/344 [29.1%], loss=0.1288, dgw=0.1288, reg=0.0000, time=54.45s.
-- 125/344 [36.3%], loss=0.1189, dgw=0.1189, reg=0.0000, time=56.56s.
-- 150/344 [43.6%], loss=0.1340, dgw=0.1340, reg=0.0000, time=62.56s.
-- 175/344 [50.9%], loss=0.1272, dgw=0.1272, reg=0.0000, time=55.22s.
-- 200/344 [58.1%], loss=0.1294, dgw=0.1294, reg=0.0000, time=58.38s.
-- 225/344 [65.4%], loss=0.1270, dgw=0.1270, reg=0.0000, time=65.63s.
-- 250/344 [72.7%], loss=0.1349, dgw=0.1349, reg=0.0000, time=60.65s.
-- 275/344 [79.9%], loss=0.1182, dgw=0.1182, reg=0.0000, time=60.03s.
-- 300/344 [87.2%], loss=0.1262, dgw=0.1262, reg=0.0000, time=47.19s.
-- 325/344 [94.5%], loss=0.1169, dgw=0.1169, reg=0.0000, time=39.95s.
-- 344/344 [100.0%], loss=0.1337, dgw=0.1337, reg=0.0000, time=33.47s.
fit: Epoch 10/15, loss = 0.1257, best loss = 0.1257
results/PTC_MR_Original_usl_tsne_fit_10.pdf
-- 25/344 [7.3%], loss=0.1265, dgw=0.1265, reg=0.0000, time=52.71s.
-- 50/344 [14.5%], loss=0.1143, dgw=0.1143, reg=0.0000, time=40.86s.
-- 75/344 [21.8%], loss=0.1144, dgw=0.1144, reg=0.0000, time=61.97s.
-- 100/344 [29.1%], loss=0.1144, dgw=0.1144, reg=0.0000, time=45.26s.
-- 125/344 [36.3%], loss=0.1136, dgw=0.1136, reg=0.0000, time=43.44s.
-- 150/344 [43.6%], loss=0.1265, dgw=0.1265, reg=0.0000, time=50.28s.
-- 175/344 [50.9%], loss=0.1294, dgw=0.1294, reg=0.0000, time=56.32s.
-- 200/344 [58.1%], loss=0.1340, dgw=0.1340, reg=0.0000, time=57.63s.
-- 225/344 [65.4%], loss=0.1208, dgw=0.1208, reg=0.0000, time=60.84s.
-- 250/344 [72.7%], loss=0.1252, dgw=0.1252, reg=0.0000, time=45.87s.
-- 275/344 [79.9%], loss=0.1112, dgw=0.1112, reg=0.0000, time=50.99s.
-- 300/344 [87.2%], loss=0.1239, dgw=0.1239, reg=0.0000, time=48.42s.
-- 325/344 [94.5%], loss=0.1142, dgw=0.1142, reg=0.0000, time=34.44s.
-- 344/344 [100.0%], loss=0.1073, dgw=0.1073, reg=0.0000, time=41.44s.
fit: Epoch 11/15, loss = 0.1199, best loss = 0.1199
results/PTC_MR_Original_usl_tsne_fit_11.pdf
-- 25/344 [7.3%], loss=0.1305, dgw=0.1305, reg=0.0000, time=52.31s.
-- 50/344 [14.5%], loss=0.1044, dgw=0.1044, reg=0.0000, time=50.10s.
-- 75/344 [21.8%], loss=0.1260, dgw=0.1260, reg=0.0000, time=58.56s.
-- 100/344 [29.1%], loss=0.1240, dgw=0.1240, reg=0.0000, time=44.35s.
-- 125/344 [36.3%], loss=0.1048, dgw=0.1048, reg=0.0000, time=58.07s.
-- 150/344 [43.6%], loss=0.1211, dgw=0.1211, reg=0.0000, time=59.02s.
-- 175/344 [50.9%], loss=0.1095, dgw=0.1095, reg=0.0000, time=58.30s.
-- 200/344 [58.1%], loss=0.1071, dgw=0.1071, reg=0.0000, time=54.45s.
-- 225/344 [65.4%], loss=0.1132, dgw=0.1132, reg=0.0000, time=51.53s.
-- 250/344 [72.7%], loss=0.1156, dgw=0.1156, reg=0.0000, time=45.89s.
-- 275/344 [79.9%], loss=0.1166, dgw=0.1166, reg=0.0000, time=54.87s.
-- 300/344 [87.2%], loss=0.1236, dgw=0.1236, reg=0.0000, time=50.79s.
-- 325/344 [94.5%], loss=0.1114, dgw=0.1114, reg=0.0000, time=52.50s.
-- 344/344 [100.0%], loss=0.1056, dgw=0.1056, reg=0.0000, time=40.70s.
fit: Epoch 12/15, loss = 0.1154, best loss = 0.1154
results/PTC_MR_Original_usl_tsne_fit_12.pdf
-- 25/344 [7.3%], loss=0.1204, dgw=0.1204, reg=0.0000, time=44.92s.
-- 50/344 [14.5%], loss=0.1093, dgw=0.1093, reg=0.0000, time=53.58s.
-- 75/344 [21.8%], loss=0.1150, dgw=0.1150, reg=0.0000, time=34.55s.
-- 100/344 [29.1%], loss=0.1157, dgw=0.1157, reg=0.0000, time=38.64s.
-- 125/344 [36.3%], loss=0.1087, dgw=0.1087, reg=0.0000, time=48.46s.
-- 150/344 [43.6%], loss=0.1165, dgw=0.1165, reg=0.0000, time=45.22s.
-- 175/344 [50.9%], loss=0.1062, dgw=0.1062, reg=0.0000, time=58.97s.
-- 200/344 [58.1%], loss=0.1229, dgw=0.1229, reg=0.0000, time=40.32s.
-- 225/344 [65.4%], loss=0.1064, dgw=0.1064, reg=0.0000, time=46.89s.
-- 250/344 [72.7%], loss=0.1227, dgw=0.1227, reg=0.0000, time=47.37s.
-- 275/344 [79.9%], loss=0.1036, dgw=0.1036, reg=0.0000, time=59.07s.
-- 300/344 [87.2%], loss=0.1035, dgw=0.1035, reg=0.0000, time=52.43s.
-- 325/344 [94.5%], loss=0.1017, dgw=0.1017, reg=0.0000, time=48.68s.
-- 344/344 [100.0%], loss=0.1047, dgw=0.1047, reg=0.0000, time=37.30s.
fit: Epoch 13/15, loss = 0.1113, best loss = 0.1113
results/PTC_MR_Original_usl_tsne_fit_13.pdf
-- 25/344 [7.3%], loss=0.1037, dgw=0.1037, reg=0.0000, time=38.61s.
-- 50/344 [14.5%], loss=0.1071, dgw=0.1071, reg=0.0000, time=35.12s.
-- 75/344 [21.8%], loss=0.1068, dgw=0.1068, reg=0.0000, time=48.91s.
-- 100/344 [29.1%], loss=0.1090, dgw=0.1090, reg=0.0000, time=48.55s.
-- 125/344 [36.3%], loss=0.1172, dgw=0.1172, reg=0.0000, time=43.09s.
-- 150/344 [43.6%], loss=0.1168, dgw=0.1168, reg=0.0000, time=43.69s.
-- 175/344 [50.9%], loss=0.1186, dgw=0.1186, reg=0.0000, time=38.23s.
-- 200/344 [58.1%], loss=0.1015, dgw=0.1015, reg=0.0000, time=46.87s.
-- 225/344 [65.4%], loss=0.1082, dgw=0.1082, reg=0.0000, time=40.81s.
-- 250/344 [72.7%], loss=0.1090, dgw=0.1090, reg=0.0000, time=43.69s.
-- 275/344 [79.9%], loss=0.1049, dgw=0.1049, reg=0.0000, time=40.29s.
-- 300/344 [87.2%], loss=0.0944, dgw=0.0944, reg=0.0000, time=40.03s.
-- 325/344 [94.5%], loss=0.1038, dgw=0.1038, reg=0.0000, time=48.12s.
-- 344/344 [100.0%], loss=0.0988, dgw=0.0988, reg=0.0000, time=30.90s.
fit: Epoch 14/15, loss = 0.1073, best loss = 0.1073
results/PTC_MR_Original_usl_tsne_fit_14.pdf
-- 25/344 [7.3%], loss=0.0975, dgw=0.0975, reg=0.0000, time=51.92s.
-- 50/344 [14.5%], loss=0.1030, dgw=0.1030, reg=0.0000, time=48.00s.
-- 75/344 [21.8%], loss=0.1206, dgw=0.1206, reg=0.0000, time=30.23s.
-- 100/344 [29.1%], loss=0.1136, dgw=0.1136, reg=0.0000, time=44.74s.
-- 125/344 [36.3%], loss=0.1277, dgw=0.1277, reg=0.0000, time=40.05s.
-- 150/344 [43.6%], loss=0.0932, dgw=0.0932, reg=0.0000, time=51.99s.
-- 175/344 [50.9%], loss=0.0967, dgw=0.0967, reg=0.0000, time=33.60s.
-- 200/344 [58.1%], loss=0.0999, dgw=0.0999, reg=0.0000, time=36.10s.
-- 225/344 [65.4%], loss=0.0927, dgw=0.0927, reg=0.0000, time=35.60s.
-- 250/344 [72.7%], loss=0.1098, dgw=0.1098, reg=0.0000, time=31.45s.
-- 275/344 [79.9%], loss=0.1015, dgw=0.1015, reg=0.0000, time=37.63s.
-- 300/344 [87.2%], loss=0.0985, dgw=0.0985, reg=0.0000, time=50.31s.
-- 325/344 [94.5%], loss=0.1083, dgw=0.1083, reg=0.0000, time=44.03s.
-- 344/344 [100.0%], loss=0.1010, dgw=0.1010, reg=0.0000, time=43.12s.
fit: Epoch 15/15, loss = 0.1046, best loss = 0.1046
results/PTC_MR_Original_usl_tsne_fit_15.pdf
Best Acc  : 0.5494186046511628
Rand Score: 0.5034409112482202
Done!
